Log file open, 07/19/18 13:30:36
LogWindows: Failed to load 'aqProf.dll' (GetLastError=126)
LogWindows: File 'aqProf.dll' does not exist
LogWindows: Failed to load 'VtuneApi.dll' (GetLastError=126)
LogWindows: File 'VtuneApi.dll' does not exist
LogWindows: Failed to load 'VtuneApi32e.dll' (GetLastError=126)
LogWindows: File 'VtuneApi32e.dll' does not exist
LogInit: Display: Running engine for game: CoopRogue
LogPlatformFile: Not using cached read wrapper
LogInit: Display: RandInit(196049205) SRandInit(196049206).
LogInit: Read version file with build ID '3944462'
LogInit: Overriding engine version to CL 4033788, compatible CL 3944462
LogInit: Registered custom module enumerator with build ID '3944462'
LogTaskGraph: Started task graph with 5 named threads and 14 total threads with 3 sets of task threads.
LogStats: Stats thread started at 0.276701
LogD3D11RHI: Aftermath initialized
LogICUInternationalization: Display: ICU TimeZone Detection - Raw Offset: +0:00, Platform Override: ''
LogModuleManager: Display: Found up-to-date module file ../../../Engine/Plugins/2D/Paper2D/Binaries/Win64/UE4Editor-Paper2D.dll (API version 3944462).
LogModuleManager: Display: Found up-to-date module file ../../../Engine/Plugins/2D/Paper2D/Binaries/Win64/UE4Editor-Paper2DEditor.dll (API version 3944462).
LogModuleManager: Display: Found up-to-date module file ../../../Engine/Plugins/2D/Paper2D/Binaries/Win64/UE4Editor-PaperSpriteSheetImporter.dll (API version 3944462).
LogModuleManager: Display: Found up-to-date module file ../../../Engine/Plugins/2D/Paper2D/Binaries/Win64/UE4Editor-PaperTiledImporter.dll (API version 3944462).
LogModuleManager: Display: Found up-to-date module file ../../../Engine/Plugins/2D/Paper2D/Binaries/Win64/UE4Editor-SmartSnapping.dll (API version 3944462).
LogModuleManager: Display: Found up-to-date module file ../../../Engine/Plugins/Blendables/LightPropagationVolume/Binaries/Win64/UE4Editor-LightPropagationVolumeRuntime.dll (API version 3944462).
LogModuleManager: Display: Found up-to-date module file ../../../Engine/Plugins/Blendables/LightPropagationVolume/Binaries/Win64/UE4Editor-LightPropagationVolumeEditor.dll (API version 3944462).
LogModuleManager: Display: Found up-to-date module file ../../../Engine/Plugins/Developer/CLionSourceCodeAccess/Binaries/Win64/UE4Editor-CLionSourceCodeAccess.dll (API version 3944462).
LogModuleManager: Display: Found up-to-date module file ../../../Engine/Plugins/Developer/GitSourceControl/Binaries/Win64/UE4Editor-GitSourceControl.dll (API version 3944462).
LogModuleManager: Display: Found up-to-date module file ../../../Engine/Plugins/Developer/PerforceSourceControl/Binaries/Win64/UE4Editor-PerforceSourceControl.dll (API version 3944462).
LogModuleManager: Display: Found up-to-date module file ../../../Engine/Plugins/Developer/SubversionSourceControl/Binaries/Win64/UE4Editor-SubversionSourceControl.dll (API version 3944462).
LogModuleManager: Display: Found up-to-date module file ../../../Engine/Plugins/Developer/UObjectPlugin/Binaries/Win64/UE4Editor-UObjectPlugin.dll (API version 3944462).
LogModuleManager: Display: Found up-to-date module file ../../../Engine/Plugins/Developer/VisualStudioCodeSourceCodeAccess/Binaries/Win64/UE4Editor-VisualStudioCodeSourceCodeAccess.dll (API version 3944462).
LogModuleManager: Display: Found up-to-date module file ../../../Engine/Plugins/Developer/VisualStudioSourceCodeAccess/Binaries/Win64/UE4Editor-VisualStudioSourceCodeAccess.dll (API version 3944462).
LogModuleManager: Display: Found up-to-date module file ../../../Engine/Plugins/Editor/AssetManagerEditor/Binaries/Win64/UE4Editor-AssetManagerEditor.dll (API version 3944462).
LogModuleManager: Display: Found up-to-date module file ../../../Engine/Plugins/Editor/CryptoKeys/Binaries/Win64/UE4Editor-CryptoKeys.dll (API version 3944462).
LogModuleManager: Display: Found up-to-date module file ../../../Engine/Plugins/Editor/CryptoKeys/Binaries/Win64/UE4Editor-CryptoKeysOpenSSL.dll (API version 3944462).
LogModuleManager: Display: Found up-to-date module file ../../../Engine/Plugins/Editor/DataValidation/Binaries/Win64/UE4Editor-DataValidation.dll (API version 3944462).
LogModuleManager: Display: Found up-to-date module file ../../../Engine/Plugins/Editor/FacialAnimation/Binaries/Win64/UE4Editor-FacialAnimation.dll (API version 3944462).
LogModuleManager: Display: Found up-to-date module file ../../../Engine/Plugins/Editor/FacialAnimation/Binaries/Win64/UE4Editor-FacialAnimationEditor.dll (API version 3944462).
LogModuleManager: Display: Found up-to-date module file ../../../Engine/Plugins/Editor/GameplayTagsEditor/Binaries/Win64/UE4Editor-GameplayTagsEditor.dll (API version 3944462).
LogModuleManager: Display: Found up-to-date module file ../../../Engine/Plugins/Editor/MobileLauncherProfileWizard/Binaries/Win64/UE4Editor-MobileLauncherProfileWizard.dll (API version 3944462).
LogModuleManager: Display: Found up-to-date module file ../../../Engine/Plugins/Editor/PluginBrowser/Binaries/Win64/UE4Editor-PluginBrowser.dll (API version 3944462).
LogModuleManager: Display: Found up-to-date module file ../../../Engine/Plugins/Editor/SpeedTreeImporter/Binaries/Win64/UE4Editor-SpeedTreeImporter.dll (API version 3944462).
LogModuleManager: Display: Found up-to-date module file ../../../Engine/Plugins/Enterprise/DatasmithContent/Binaries/Win64/UE4Editor-DatasmithContent.dll (API version 3944462).
LogModuleManager: Display: Found up-to-date module file ../../../Engine/Plugins/Experimental/AlembicImporter/Binaries/Win64/UE4Editor-AlembicImporter.dll (API version 3944462).
LogModuleManager: Display: Found up-to-date module file ../../../Engine/Plugins/Experimental/AlembicImporter/Binaries/Win64/UE4Editor-AlembicLibrary.dll (API version 3944462).
LogModuleManager: Display: Found up-to-date module file ../../../Engine/Plugins/Experimental/CharacterAI/Binaries/Win64/UE4Editor-CharacterAI.dll (API version 3944462).
LogModuleManager: Display: Found up-to-date module file ../../../Engine/Plugins/Experimental/HTML5Networking/Binaries/Win64/UE4Editor-HTML5Networking.dll (API version 3944462).
LogModuleManager: Display: Found up-to-date module file ../../../Engine/Plugins/Media/AndroidMedia/Binaries/Win64/UE4Editor-AndroidMediaEditor.dll (API version 3944462).
LogModuleManager: Display: Found up-to-date module file ../../../Engine/Plugins/Media/AndroidMedia/Binaries/Win64/UE4Editor-AndroidMediaFactory.dll (API version 3944462).
LogModuleManager: Display: Found up-to-date module file ../../../Engine/Plugins/Media/AvfMedia/Binaries/Win64/UE4Editor-AvfMediaEditor.dll (API version 3944462).
LogModuleManager: Display: Found up-to-date module file ../../../Engine/Plugins/Media/AvfMedia/Binaries/Win64/UE4Editor-AvfMediaFactory.dll (API version 3944462).
LogModuleManager: Display: Found up-to-date module file ../../../Engine/Plugins/Media/AvfMedia/Binaries/Win64/UE4Editor-AvfMediaFactory.dll (API version 3944462).
LogModuleManager: Display: Found up-to-date module file ../../../Engine/Plugins/Media/ImgMedia/Binaries/Win64/UE4Editor-ImgMedia.dll (API version 3944462).
LogModuleManager: Display: Found up-to-date module file ../../../Engine/Plugins/Media/ImgMedia/Binaries/Win64/UE4Editor-ImgMediaEditor.dll (API version 3944462).
LogModuleManager: Display: Found up-to-date module file ../../../Engine/Plugins/Media/ImgMedia/Binaries/Win64/UE4Editor-ImgMediaFactory.dll (API version 3944462).
LogModuleManager: Display: Found up-to-date module file ../../../Engine/Plugins/Media/ImgMedia/Binaries/Win64/UE4Editor-ImgMediaFactory.dll (API version 3944462).
LogModuleManager: Display: Found up-to-date module file ../../../Engine/Plugins/Media/ImgMedia/Binaries/Win64/UE4Editor-OpenExrWrapper.dll (API version 3944462).
LogModuleManager: Display: Found up-to-date module file ../../../Engine/Plugins/Media/LinearTimecode/Binaries/Win64/UE4Editor-LinearTimecode.dll (API version 3944462).
LogModuleManager: Display: Found up-to-date module file ../../../Engine/Plugins/Media/MediaCompositing/Binaries/Win64/UE4Editor-MediaCompositing.dll (API version 3944462).
LogModuleManager: Display: Found up-to-date module file ../../../Engine/Plugins/Media/MediaCompositing/Binaries/Win64/UE4Editor-MediaCompositingEditor.dll (API version 3944462).
LogModuleManager: Display: Found up-to-date module file ../../../Engine/Plugins/Media/MediaPlayerEditor/Binaries/Win64/UE4Editor-MediaPlayerEditor.dll (API version 3944462).
LogModuleManager: Display: Found up-to-date module file ../../../Engine/Plugins/Media/WmfMedia/Binaries/Win64/UE4Editor-WmfMedia.dll (API version 3944462).
LogModuleManager: Display: Found up-to-date module file ../../../Engine/Plugins/Media/WmfMedia/Binaries/Win64/UE4Editor-WmfMediaEditor.dll (API version 3944462).
LogModuleManager: Display: Found up-to-date module file ../../../Engine/Plugins/Media/WmfMedia/Binaries/Win64/UE4Editor-WmfMediaFactory.dll (API version 3944462).
LogModuleManager: Display: Found up-to-date module file ../../../Engine/Plugins/Media/WmfMedia/Binaries/Win64/UE4Editor-WmfMediaFactory.dll (API version 3944462).
LogModuleManager: Display: Found up-to-date module file ../../../Engine/Plugins/Messaging/TcpMessaging/Binaries/Win64/UE4Editor-TcpMessaging.dll (API version 3944462).
LogModuleManager: Display: Found up-to-date module file ../../../Engine/Plugins/Messaging/UdpMessaging/Binaries/Win64/UE4Editor-UdpMessaging.dll (API version 3944462).
LogModuleManager: Display: Found up-to-date module file ../../../Engine/Plugins/MovieScene/ActorSequence/Binaries/Win64/UE4Editor-ActorSequence.dll (API version 3944462).
LogModuleManager: Display: Found up-to-date module file ../../../Engine/Plugins/MovieScene/LevelSequenceEditor/Binaries/Win64/UE4Editor-LevelSequenceEditor.dll (API version 3944462).
LogModuleManager: Display: Found up-to-date module file ../../../Engine/Plugins/MovieScene/MatineeToLevelSequence/Binaries/Win64/UE4Editor-MatineeToLevelSequence.dll (API version 3944462).
LogModuleManager: Display: Found up-to-date module file ../../../Engine/Plugins/NetcodeUnitTest/NetcodeUnitTest/Binaries/Win64/UE4Editor-NetcodeUnitTest.dll (API version 3944462).
LogModuleManager: Display: Found up-to-date module file ../../../Engine/Plugins/NetcodeUnitTest/NUTUnrealEngine4/Binaries/Win64/UE4Editor-NUTUnrealEngine4.dll (API version 3944462).
LogModuleManager: Display: Found up-to-date module file ../../../Engine/Plugins/Online/OnlineSubsystem/Binaries/Win64/UE4Editor-OnlineSubsystem.dll (API version 3944462).
LogModuleManager: Display: Found up-to-date module file ../../../Engine/Plugins/Runtime/AndroidPermission/Binaries/Win64/UE4Editor-AndroidPermission.dll (API version 3944462).
LogModuleManager: Display: Found up-to-date module file ../../../Engine/Plugins/Online/OnlineSubsystemNull/Binaries/Win64/UE4Editor-OnlineSubsystemNull.dll (API version 3944462).
LogModuleManager: Display: Found up-to-date module file ../../../Engine/Plugins/Online/OnlineSubsystemUtils/Binaries/Win64/UE4Editor-OnlineSubsystemUtils.dll (API version 3944462).
LogModuleManager: Display: Found up-to-date module file ../../../Engine/Plugins/Online/OnlineSubsystemUtils/Binaries/Win64/UE4Editor-OnlineBlueprintSupport.dll (API version 3944462).
LogModuleManager: Display: Found up-to-date module file ../../../Engine/Plugins/Runtime/AndroidDeviceProfileSelector/Binaries/Win64/UE4Editor-AndroidDeviceProfileSelector.dll (API version 3944462).
LogModuleManager: Display: Found up-to-date module file ../../../Engine/Plugins/Runtime/AppleARKit/Binaries/Win64/UE4Editor-AppleARKit.dll (API version 3944462).
LogModuleManager: Display: Found up-to-date module file ../../../Engine/Plugins/Runtime/ProceduralMeshComponent/Binaries/Win64/UE4Editor-ProceduralMeshComponent.dll (API version 3944462).
LogModuleManager: Display: Found up-to-date module file ../../../Engine/Plugins/Runtime/ProceduralMeshComponent/Binaries/Win64/UE4Editor-ProceduralMeshComponentEditor.dll (API version 3944462).
LogModuleManager: Display: Found up-to-date module file ../../../Engine/Plugins/Animation/LiveLink/Binaries/Win64/UE4Editor-LiveLink.dll (API version 3944462).
LogModuleManager: Display: Found up-to-date module file ../../../Engine/Plugins/Animation/LiveLink/Binaries/Win64/UE4Editor-LiveLinkEditor.dll (API version 3944462).
LogModuleManager: Display: Found up-to-date module file ../../../Engine/Plugins/Runtime/ArchVisCharacter/Binaries/Win64/UE4Editor-ArchVisCharacter.dll (API version 3944462).
LogModuleManager: Display: Found up-to-date module file ../../../Engine/Plugins/Runtime/AudioCapture/Binaries/Win64/UE4Editor-AudioCapture.dll (API version 3944462).
LogModuleManager: Display: Found up-to-date module file ../../../Engine/Plugins/Runtime/AudioCapture/Binaries/Win64/UE4Editor-AudioCaptureEditor.dll (API version 3944462).
LogModuleManager: Display: Found up-to-date module file ../../../Engine/Plugins/Runtime/CableComponent/Binaries/Win64/UE4Editor-CableComponent.dll (API version 3944462).
LogModuleManager: Display: Found up-to-date module file ../../../Engine/Plugins/Runtime/CustomMeshComponent/Binaries/Win64/UE4Editor-CustomMeshComponent.dll (API version 3944462).
LogModuleManager: Display: Found up-to-date module file ../../../Engine/Plugins/Runtime/ExampleDeviceProfileSelector/Binaries/Win64/UE4Editor-ExampleDeviceProfileSelector.dll (API version 3944462).
LogModuleManager: Display: Found up-to-date module file ../../../Engine/Plugins/Runtime/ImmediatePhysics/Binaries/Win64/UE4Editor-ImmediatePhysics.dll (API version 3944462).
LogModuleManager: Display: Found up-to-date module file ../../../Engine/Plugins/Runtime/ImmediatePhysics/Binaries/Win64/UE4Editor-ImmediatePhysicsEditor.dll (API version 3944462).
LogModuleManager: Display: Found up-to-date module file ../../../Engine/Plugins/Runtime/LocationServicesBPLibrary/Binaries/Win64/UE4Editor-LocationServicesBPLibrary.dll (API version 3944462).
LogModuleManager: Display: Found up-to-date module file ../../../Engine/Plugins/Runtime/MobilePatchingUtils/Binaries/Win64/UE4Editor-MobilePatchingUtils.dll (API version 3944462).
LogModuleManager: Display: Found up-to-date module file ../../../Engine/Plugins/Runtime/Oculus/OculusVR/Binaries/Win64/UE4Editor-OculusHMD.dll (API version 3944462).
LogModuleManager: Display: Found up-to-date module file ../../../Engine/Plugins/Runtime/Oculus/OculusVR/Binaries/Win64/UE4Editor-OculusInput.dll (API version 3944462).
LogModuleManager: Display: Found up-to-date module file ../../../Engine/Plugins/Runtime/Oculus/OculusVR/Binaries/Win64/UE4Editor-OculusEditor.dll (API version 3944462).
LogModuleManager: Display: Found up-to-date module file ../../../Engine/Plugins/Runtime/PhysXVehicles/Binaries/Win64/UE4Editor-PhysXVehicles.dll (API version 3944462).
LogModuleManager: Display: Found up-to-date module file ../../../Engine/Plugins/Runtime/PhysXVehicles/Binaries/Win64/UE4Editor-PhysXVehiclesEditor.dll (API version 3944462).
LogModuleManager: Display: Found up-to-date module file ../../../Engine/Plugins/Runtime/RuntimePhysXCooking/Binaries/Win64/UE4Editor-RuntimePhysXCooking.dll (API version 3944462).
LogModuleManager: Display: Found up-to-date module file ../../../Engine/Plugins/Runtime/Steam/SteamVR/Binaries/Win64/UE4Editor-SteamVR.dll (API version 3944462).
LogModuleManager: Display: Found up-to-date module file ../../../Engine/Plugins/Runtime/Steam/SteamVR/Binaries/Win64/UE4Editor-SteamVRController.dll (API version 3944462).
LogModuleManager: Display: Found up-to-date module file ../../../Engine/Plugins/Runtime/WindowsMoviePlayer/Binaries/Win64/UE4Editor-WindowsMoviePlayer.dll (API version 3944462).
LogPluginManager: Mounting plugin Paper2D
LogPluginManager: Mounting plugin LiveLink
LogPluginManager: Mounting plugin LightPropagationVolume
LogPluginManager: Mounting plugin CLionSourceCodeAccess
LogPluginManager: Mounting plugin CodeLiteSourceCodeAccess
LogPluginManager: Mounting plugin GitSourceControl
LogPluginManager: Mounting plugin KDevelopSourceCodeAccess
LogPluginManager: Mounting plugin NullSourceCodeAccess
LogPluginManager: Mounting plugin PerforceSourceControl
LogPluginManager: Mounting plugin SubversionSourceControl
LogPluginManager: Mounting plugin UObjectPlugin
LogPluginManager: Mounting plugin VisualStudioCodeSourceCodeAccess
LogPluginManager: Mounting plugin VisualStudioSourceCodeAccess
LogPluginManager: Mounting plugin XCodeSourceCodeAccess
LogPluginManager: Mounting plugin AssetManagerEditor
LogPluginManager: Mounting plugin CryptoKeys
LogPluginManager: Mounting plugin DataValidation
LogPluginManager: Mounting plugin FacialAnimation
LogPluginManager: Mounting plugin GameplayTagsEditor
LogPluginManager: Mounting plugin MobileLauncherProfileWizard
LogPluginManager: Mounting plugin PluginBrowser
LogPluginManager: Mounting plugin SpeedTreeImporter
LogPluginManager: Mounting plugin DatasmithContent
LogPluginManager: Mounting plugin AlembicImporter
LogPluginManager: Mounting plugin CharacterAI
LogPluginManager: Mounting plugin HTML5Networking
LogPluginManager: Mounting plugin AndroidMedia
LogPluginManager: Mounting plugin AvfMedia
LogPluginManager: Mounting plugin ImgMedia
LogPluginManager: Mounting plugin LinearTimecode
LogPluginManager: Mounting plugin MediaCompositing
LogPluginManager: Mounting plugin MediaPlayerEditor
LogPluginManager: Mounting plugin WmfMedia
LogPluginManager: Mounting plugin TcpMessaging
LogPluginManager: Mounting plugin UdpMessaging
LogPluginManager: Mounting plugin ActorSequence
LogPluginManager: Mounting plugin LevelSequenceEditor
LogPluginManager: Mounting plugin MatineeToLevelSequence
LogPluginManager: Mounting plugin NetcodeUnitTest
LogPluginManager: Mounting plugin NUTUnrealEngine4
LogPluginManager: Mounting plugin OnlineSubsystemGooglePlay
LogPluginManager: Mounting plugin OnlineSubsystemIOS
LogPluginManager: Mounting plugin OnlineSubsystem
LogPluginManager: Mounting plugin OnlineSubsystemNull
LogPluginManager: Mounting plugin OnlineSubsystemUtils
LogPluginManager: Mounting plugin AndroidDeviceProfileSelector
LogPluginManager: Mounting plugin AndroidMoviePlayer
LogPluginManager: Mounting plugin AndroidPermission
LogPluginManager: Mounting plugin AppleARKit
LogPluginManager: Mounting plugin AppleMoviePlayer
LogPluginManager: Mounting plugin ArchVisCharacter
LogPluginManager: Mounting plugin AudioCapture
LogPluginManager: Mounting plugin CableComponent
LogPluginManager: Mounting plugin CustomMeshComponent
LogPluginManager: Mounting plugin ExampleDeviceProfileSelector
LogPluginManager: Mounting plugin GoogleCloudMessaging
LogPluginManager: Mounting plugin ImmediatePhysics
LogPluginManager: Mounting plugin IOSDeviceProfileSelector
LogPluginManager: Mounting plugin LinuxDeviceProfileSelector
LogPluginManager: Mounting plugin LocationServicesBPLibrary
LogPluginManager: Mounting plugin MobilePatchingUtils
LogPluginManager: Mounting plugin OculusVR
LogPluginManager: Plugin shader directory ../../../Engine/Plugins/Runtime/Oculus/OculusVR/Shaders found
LogPluginManager: Mapping shader source directory ../../../Engine/Plugins/Runtime/Oculus/OculusVR/Shaders to virtual directory /Plugin/OculusVR
LogPluginManager: Mounting plugin PhysXVehicles
LogPluginManager: Mounting plugin ProceduralMeshComponent
LogPluginManager: Mounting plugin RuntimePhysXCooking
LogPluginManager: Mounting plugin SteamVR
LogPluginManager: Mounting plugin WindowsMoviePlayer
LogStreaming: Display: Took  2.673s to configure plugins.
LogInit: Using libcurl 7.47.1
LogInit:  - built for x86_64-pc-win32
LogInit:  - supports SSL with OpenSSL/1.0.2g
LogInit:  - supports HTTP deflate (compression) using libz 1.2.8
LogInit:  - other features:
LogInit:      CURL_VERSION_SSL
LogInit:      CURL_VERSION_LIBZ
LogInit:      CURL_VERSION_IPV6
LogInit:      CURL_VERSION_ASYNCHDNS
LogInit:      CURL_VERSION_LARGEFILE
LogInit:      CURL_VERSION_IDN
LogInit:  CurlRequestOptions (configurable via config and command line):
LogInit:  - bVerifyPeer = false  - Libcurl will NOT verify peer certificate
LogInit:  - bUseHttpProxy = false  - Libcurl will NOT use HTTP proxy
LogInit:  - bDontReuseConnections = false  - Libcurl will reuse connections
LogInit:  - CertBundlePath = nullptr  - Libcurl will use whatever was configured at build time.
LogInit:  - MaxHostConnections = 16  - Libcurl will limit the number of connections to a host
LogInit:  - LocalHostAddr = Default
LogModuleManager: Warning: No filename provided for module OnlineSubsystemSteam
LogModuleManager: Warning: ModuleManager: Unable to load module 'OnlineSubsystemSteam' because the file 'F:/Juegos/UE_4.19/Engine/Binaries/Win64/' was not found.
LogInit: WinSock: version 1.1 (2.2), MaxSocks=32767, MaxUdp=65467
LogInit: WinSock: I am Q6600 (192.168.1.42:0)
LogInit: Build: ++UE4+Release-4.19-CL-4033788
LogInit: Engine Version: 4.19.2-4033788+++UE4+Release-4.19
LogInit: Compatible Engine Version: 4.19.0-3944462+++UE4+Release-4.19
LogInit: Net CL: 3944462
LogDevObjectVersion: Number of dev versions registered: 18
LogDevObjectVersion:   Dev-Blueprints (B0D832E4-1F89-4F0D-ACCF-7EB736FD4AA2): 10
LogDevObjectVersion:   Dev-Build (E1C64328-A22C-4D53-A36C-8E866417BD8C): 0
LogDevObjectVersion:   Dev-Core (375EC13C-06E4-48FB-B500-84F0262A717E): 2
LogDevObjectVersion:   Dev-Editor (E4B068ED-F494-42E9-A231-DA0B2E46BB41): 23
LogDevObjectVersion:   Dev-Framework (CFFC743F-43B0-4480-9391-14DF171D2073): 33
LogDevObjectVersion:   Dev-Mobile (B02B49B5-BB20-44E9-A304-32B752E40360): 2
LogDevObjectVersion:   Dev-Networking (A4E4105C-59A1-49B5-A7C5-40C4547EDFEE): 0
LogDevObjectVersion:   Dev-Online (39C831C9-5AE6-47DC-9A44-9C173E1C8E7C): 0
LogDevObjectVersion:   Dev-Physics (78F01B33-EBEA-4F98-B9B4-84EACCB95AA2): 0
LogDevObjectVersion:   Dev-Platform (6631380F-2D4D-43E0-8009-CF276956A95A): 0
LogDevObjectVersion:   Dev-Rendering (12F88B9F-8875-4AFC-A67C-D90C383ABD29): 25
LogDevObjectVersion:   Dev-Sequencer (7B5AE74C-D270-4C10-A958-57980B212A5A): 6
LogDevObjectVersion:   Dev-VR (D7296918-1DD6-4BDD-9DE2-64A83CC13884): 1
LogDevObjectVersion:   Dev-LoadTimes (C2A15278-BFE7-4AFE-6C17-90FF531DF755): 1
LogDevObjectVersion:   Private-Geometry (6EACA3D4-40EC-4CC1-B786-8BED09428FC5): 2
LogDevObjectVersion:   Dev-AnimPhys (29E575DD-E0A3-4627-9D10-D276232CDCEA): 16
LogDevObjectVersion:   Dev-ReflectionCapture (6B266CEC-1EC7-4B8F-A30B-E4D90942FC07): 1
LogDevObjectVersion:   Dev-Automation (0DF73D61-A23F-47EA-B727-89E90C41499A): 1
LogInit: Compiled (64-bit): Apr 27 2018 02:06:57
LogInit: Compiled with Visual C++: 19.00.24215.01
LogInit: Build Configuration: Development
LogInit: Branch Name: ++UE4+Release-4.19
LogInit: Command Line: 
LogInit: Base Directory: F:/Juegos/UE_4.19/Engine/Binaries/Win64/
LogInit: Installed Engine Build: 1
LogStreaming: Display: Took  0.001s to delete old logs.
LogInit: Presizing for max 8388607 objects, including 0 objects not considered by GC, pre-allocating 0 bytes for permanent pool.
LogInit: Object subsystem initialized
[2018.07.19-12.30.39:953][  0]LogInit: Selected Device Profile: [Windows]
[2018.07.19-12.30.39:953][  0]LogInit: Applying CVar settings loaded from the selected device profile: [Windows]
[2018.07.19-12.30.39:974][  0]LogInit: Computer: Q6600
[2018.07.19-12.30.39:974][  0]LogInit: User: bitt3rman
[2018.07.19-12.30.39:974][  0]LogInit: CPU Page size=4096, Cores=4
[2018.07.19-12.30.39:974][  0]LogInit: High frequency timer resolution =2.343833 MHz
[2018.07.19-12.30.39:974][  0]LogMemory: Memory total: Physical=8.0GB (8GB approx)
[2018.07.19-12.30.39:975][  0]LogMemory: Platform Memory Stats for Windows
[2018.07.19-12.30.39:975][  0]LogMemory: Process Physical Memory: 273.39 MB used, 273.39 MB peak
[2018.07.19-12.30.39:975][  0]LogMemory: Process Virtual Memory: 270.07 MB used, 270.07 MB peak
[2018.07.19-12.30.39:975][  0]LogMemory: Physical Memory: 4646.40 MB used,  3544.09 MB free, 8190.49 MB total
[2018.07.19-12.30.39:975][  0]LogMemory: Virtual Memory: 4775.13 MB used,  3544.09 MB free, 134217728.00 MB total
[2018.07.19-12.30.40:020][  0]LogInit: Using OS detected language (es-ES).
[2018.07.19-12.30.40:020][  0]LogInit: Using OS detected locale (es-ES).
[2018.07.19-12.30.40:029][  0]LogTextLocalizationManager: No specific localization for 'es-ES' exists, so the 'es' localization will be used.
[2018.07.19-12.30.40:782][  0]LogStreaming: Display: Took  0.762s to EndInitTextLocalization.
[2018.07.19-12.30.40:782][  0]LogInit: Setting process to per monitor DPI aware
[2018.07.19-12.30.40:834][  0]LogSlate: New Slate User Created.  User Index 0, Is Virtual User: 0
[2018.07.19-12.30.40:834][  0]LogSlate: Slate User Registered.  User Index 0, Is Virtual User: 0
[2018.07.19-12.30.41:330][  0]LogD3D11RHI: D3D11 adapters:
[2018.07.19-12.30.41:420][  0]LogD3D11RHI:    0. 'NVIDIA GeForce GT 730' (Feature Level 11_0)
[2018.07.19-12.30.41:420][  0]LogD3D11RHI:       2018/0/4095 MB DedicatedVideo/DedicatedSystem/SharedSystem, Outputs:1, VendorId:0x10de
[2018.07.19-12.30.41:426][  0]LogD3D11RHI:    1. 'Microsoft Basic Render Driver' (Feature Level 11_0)
[2018.07.19-12.30.41:426][  0]LogD3D11RHI:       0/0/4095 MB DedicatedVideo/DedicatedSystem/SharedSystem, Outputs:0, VendorId:0x1414
[2018.07.19-12.30.41:426][  0]LogD3D11RHI: Chosen D3D11 Adapter: 0
[2018.07.19-12.30.41:440][  0]LogD3D11RHI: Creating new Direct3DDevice
[2018.07.19-12.30.41:440][  0]LogD3D11RHI:     GPU DeviceId: 0x1287 (for the marketing name, search the web for "GPU Device Id")
[2018.07.19-12.30.41:440][  0]LogWindows: EnumDisplayDevices:
[2018.07.19-12.30.41:441][  0]LogWindows:    0. 'NVIDIA GeForce GT 730' (P:1 D:1)
[2018.07.19-12.30.41:441][  0]LogWindows:    1. 'NVIDIA GeForce GT 730' (P:0 D:0)
[2018.07.19-12.30.41:442][  0]LogWindows:    2. 'NVIDIA GeForce GT 730' (P:0 D:0)
[2018.07.19-12.30.41:442][  0]LogWindows: DebugString: GetVideoDriverDetailsInvalid PrimaryIsNotTheChoosenAdapter GetVideoDriverDetailsInvalid PrimaryIsNotTheChoosenAdapter GetVideoDriverDetailsInvalid PrimaryIsNotTheChoosenAdapter FoundDriverCount:0 
[2018.07.19-12.30.41:442][  0]LogD3D11RHI:     Adapter Name: NVIDIA GeForce GT 730
[2018.07.19-12.30.41:442][  0]LogD3D11RHI:   Driver Version: Unknown (internal:Unknown, unified:Unknown)
[2018.07.19-12.30.41:442][  0]LogD3D11RHI:      Driver Date: Unknown
[2018.07.19-12.30.41:442][  0]LogRHI: Texture pool is 1413 MB (70% of 2018 MB)
[2018.07.19-12.30.41:501][  0]LogD3D11RHI: [Aftermath] Aftermath enabled but failed to initialize
[2018.07.19-12.30.41:501][  0]LogD3D11RHI: [Aftermath] Aftermath enabled and primed
[2018.07.19-12.30.41:501][  0]LogD3D11RHI: Async texture creation enabled
[2018.07.19-12.30.41:519][  0]LogD3D11RHI: GPU Timing Frequency: 1000.000000 (Debug: 2 1)
[2018.07.19-12.30.41:523][  0]LogShaderCompilers: Guid format shader working directory is 16 characters bigger than the processId version (../../../../UE_Projects/CoopRogue/Intermediate/Shaders/WorkingDirectory/13464/).
[2018.07.19-12.30.41:524][  0]LogShaderCompilers: Cleaned the shader compiler working directory 'C:/Users/bitt3rman/AppData/Local/Temp/UnrealShaderWorkingDir/9E2E822546D327EB69C4E0AF41A6A3C1/'.
[2018.07.19-12.30.41:971][  0]LogTemp: Display: Loaded TP AllDesktopTargetPlatform
[2018.07.19-12.30.42:003][  0]LogTemp: Display: Loaded TP MacClientTargetPlatform
[2018.07.19-12.30.42:035][  0]LogTemp: Display: Loaded TP MacNoEditorTargetPlatform
[2018.07.19-12.30.42:067][  0]LogTemp: Display: Loaded TP MacServerTargetPlatform
[2018.07.19-12.30.42:100][  0]LogTemp: Display: Loaded TP MacTargetPlatform
[2018.07.19-12.30.42:132][  0]LogTemp: Display: Loaded TP WindowsClientTargetPlatform
[2018.07.19-12.30.42:164][  0]LogTemp: Display: Loaded TP WindowsNoEditorTargetPlatform
[2018.07.19-12.30.42:198][  0]LogTemp: Display: Loaded TP WindowsServerTargetPlatform
[2018.07.19-12.30.42:213][  0]LogTemp: Display: Loaded TP WindowsTargetPlatform
[2018.07.19-12.30.42:243][  0]LogTemp: Display: Loaded TP Android_ASTCTargetPlatform
[2018.07.19-12.30.42:272][  0]LogTemp: Display: Loaded TP Android_ATCTargetPlatform
[2018.07.19-12.30.42:301][  0]LogTemp: Display: Loaded TP Android_DXTTargetPlatform
[2018.07.19-12.30.42:331][  0]LogTemp: Display: Loaded TP Android_ETC1aTargetPlatform
[2018.07.19-12.30.42:360][  0]LogTemp: Display: Loaded TP Android_ETC1TargetPlatform
[2018.07.19-12.30.42:391][  0]LogTemp: Display: Loaded TP Android_ETC2TargetPlatform
[2018.07.19-12.30.42:453][  0]LogTemp: Display: Loaded TP Android_MultiTargetPlatform
[2018.07.19-12.30.42:453][  0]LogTemp: Display: Loaded TP Android_PVRTCTargetPlatform
[2018.07.19-12.30.42:484][  0]LogTemp: Display: Loaded TP AndroidTargetPlatform
[2018.07.19-12.30.42:486][  0]LogTemp: Display: Loaded TP HTML5TargetPlatform
[2018.07.19-12.30.42:544][  0]LogTemp: Display: Loaded TP IOSTargetPlatform
[2018.07.19-12.30.42:573][  0]LogTemp: Display: Loaded TP TVOSTargetPlatform
[2018.07.19-12.30.42:603][  0]LogTemp: Display: Loaded TP LinuxClientTargetPlatform
[2018.07.19-12.30.42:634][  0]LogTemp: Display: Loaded TP LinuxNoEditorTargetPlatform
[2018.07.19-12.30.42:665][  0]LogTemp: Display: Loaded TP LinuxServerTargetPlatform
[2018.07.19-12.30.42:697][  0]LogTemp: Display: Loaded TP LinuxTargetPlatform
[2018.07.19-12.30.42:698][  0]LogTargetPlatformManager: Display: Building Assets For Windows
[2018.07.19-12.30.42:969][  0]LogXGEController: Cannot use XGE Controller as Incredibuild is not installed on this machine.
[2018.07.19-12.30.42:969][  0]LogShaderCompilers: Cannot use XGE Shader Compiler as Incredibuild is not installed on this machine.
[2018.07.19-12.30.42:969][  0]LogShaderCompilers: Display: Using Local Shader Compiler.
[2018.07.19-12.30.44:760][  0]LogDerivedDataCache: Display: Max Cache Size: 512 MB
[2018.07.19-12.30.44:997][  0]LogDerivedDataCache: Loaded boot cache 0.24s 74MB C:/Users/bitt3rman/AppData/Local/UnrealEngine/4.19/DerivedDataCache/Boot.ddc.
[2018.07.19-12.30.44:997][  0]LogDerivedDataCache: Display: Loaded Boot cache: C:/Users/bitt3rman/AppData/Local/UnrealEngine/4.19/DerivedDataCache/Boot.ddc
[2018.07.19-12.30.44:997][  0]LogDerivedDataCache: FDerivedDataBackendGraph:  Pak pak cache file ../../../../UE_Projects/CoopRogue/DerivedDataCache/DDC.ddp not found, will not use a pak cache.
[2018.07.19-12.30.44:997][  0]LogDerivedDataCache: Unable to find inner node Pak for hierarchical cache Hierarchy.
[2018.07.19-12.30.44:997][  0]LogDerivedDataCache: FDerivedDataBackendGraph:  CompressedPak pak cache file ../../../../UE_Projects/CoopRogue/DerivedDataCache/Compressed.ddp not found, will not use a pak cache.
[2018.07.19-12.30.44:997][  0]LogDerivedDataCache: Unable to find inner node CompressedPak for hierarchical cache Hierarchy.
[2018.07.19-12.30.45:026][  0]LogDerivedDataCache: Display: Pak cache opened for reading ../../../Engine/DerivedDataCache/Compressed.ddp.
[2018.07.19-12.30.45:041][  0]LogDerivedDataCache: Using Local data cache path C:/Users/bitt3rman/AppData/Local/UnrealEngine/Common/DerivedDataCache: Writable
[2018.07.19-12.30.45:041][  0]LogDerivedDataCache: Shared data cache path not found in *engine.ini, will not use an Shared cache.
[2018.07.19-12.30.45:041][  0]LogDerivedDataCache: Unable to find inner node Shared for hierarchical cache Hierarchy.
[2018.07.19-12.30.45:069][  0]LogMaterial: Verifying Global Shaders for PCD3D_SM5
[2018.07.19-12.30.45:069][  0]LogSlate: Using Freetype 2.6.0
[2018.07.19-12.30.45:071][  0]LogSlate: SlateFontCache - WITH_FREETYPE: 1, WITH_HARFBUZZ: 1
[2018.07.19-12.30.45:071][  0]LogSlate: SlateFontCache - WITH_FREETYPE: 1, WITH_HARFBUZZ: 1
[2018.07.19-12.30.45:389][  0]LogAssetRegistry: FAssetRegistry took 0.0350 seconds to start up
[2018.07.19-12.30.46:154][  0]LogInit: Selected Device Profile: [Windows]
[2018.07.19-12.30.46:494][  0]LogSimplygon: Simplygon DLL not present - disabling.
[2018.07.19-12.30.46:500][  0]LogMeshReduction: Using SimplygonSwarm for distributed automatic mesh merging
[2018.07.19-12.30.46:500][  0]LogMeshReduction: Using QuadricMeshReduction for automatic static mesh reduction
[2018.07.19-12.30.46:500][  0]LogMeshReduction: No automatic skeletal mesh reduction module available
[2018.07.19-12.30.46:500][  0]LogMeshReduction: No automatic mesh merging module available
[2018.07.19-12.30.46:500][  0]LogMeshMerging: No automatic mesh merging module available
[2018.07.19-12.30.46:587][  0]LogNetVersion: CoopRogue , NetCL: 3944462, EngineNetVer: 2, GameNetVer: 0 (Checksum: 382633687)
[2018.07.19-12.30.47:659][  0]LogPackageLocalizationCache: Processed 9 localized package path(s) for 2 prioritized culture(s) in 0.159959 seconds
[2018.07.19-12.30.47:672][  0]LogUObjectArray: 36728 objects as part of root set at end of initial load.
[2018.07.19-12.30.47:672][  0]LogUObjectAllocator: 7314304 out of 0 bytes used by permanent object pool.
[2018.07.19-12.30.47:672][  0]LogUObjectArray: CloseDisregardForGC: 0/0 objects in disregard for GC pool
[2018.07.19-12.30.51:567][  0]LogTcpMessaging: Initializing TcpMessaging bridge
[2018.07.19-12.30.51:644][  0]LogUdpMessaging: Initializing bridge on interface 0.0.0.0:0 to multicast group 230.0.0.1:6666.
[2018.07.19-12.30.52:506][  0]SourceControl: El control de código fuente está desactivado
[2018.07.19-12.30.52:506][  0]SourceControl: El control de código fuente está desactivado
[2018.07.19-12.30.52:552][  0]SourceControl: El control de código fuente está desactivado
[2018.07.19-12.30.52:597][  0]SourceControl: El control de código fuente está desactivado
[2018.07.19-12.30.53:671][  0]LogAndroidPermission: UAndroidPermissionCallbackProxy::GetInstance
[2018.07.19-12.30.54:059][  0]LogOcInput: OculusInput pre-init called
[2018.07.19-12.30.54:298][  0]LogEngine: Initializing Engine...
[2018.07.19-12.30.54:301][  0]LogHMD: Failed to initialize OpenVR with code 110
[2018.07.19-12.30.54:304][  0]LogStats: UGameplayTagsManager::ConstructGameplayTagTree: Construct from data asset -  0.000 s
[2018.07.19-12.30.54:304][  0]LogStats: UGameplayTagsManager::ConstructGameplayTagTree: GameplayTagTreeChangedEvent.Broadcast -  0.000 s
[2018.07.19-12.30.54:837][  0]LogAIModule: Creating AISystem for world Untitled
[2018.07.19-12.30.54:920][  0]LogInit: XAudio2 using 'Speakers (High Definition Audio Device)' : 2 channels at 48 kHz using 16 bits per sample (channel mask 0x3)
[2018.07.19-12.30.54:951][  0]LogInit: FAudioDevice initialized.
[2018.07.19-12.30.55:539][  0]LogDerivedDataCache: Saved boot cache 0.59s 74MB C:/Users/bitt3rman/AppData/Local/UnrealEngine/4.19/DerivedDataCache/Boot.ddc.
[2018.07.19-12.30.55:602][  0]LogInit: Texture streaming: Enabled
[2018.07.19-12.30.55:635][  0]LogEngineSessionManager: EngineSessionManager initialized
[2018.07.19-12.30.55:665][  0]LogInit: Transaction tracking system initialized
[2018.07.19-12.30.55:712][  0]BlueprintLog: New page: Cargar el editor
[2018.07.19-12.30.55:858][  0]LocalizationService: Localization service is disabled
[2018.07.19-12.30.56:064][  0]LogConsoleResponse: Display: 
[2018.07.19-12.30.56:349][  0]LogCook: Display: Max memory allowance for cook 16384mb min free memory 0mb
[2018.07.19-12.30.56:349][  0]LogCook: Display: Mobile HDR setting 1
[2018.07.19-12.30.56:349][  0]LogGameplayTags: Display: UGameplayTagsManager::DoneAddingNativeTags. DelegateIsBound: 0
[2018.07.19-12.30.56:350][  0]LogStats: UGameplayTagsManager::ConstructGameplayTagTree: Construct from data asset -  0.000 s
[2018.07.19-12.30.56:350][  0]LogStats: UGameplayTagsManager::ConstructGameplayTagTree: GameplayTagTreeChangedEvent.Broadcast -  0.000 s
[2018.07.19-12.30.56:677][  0]LogFileCache: Scanning file cache for directory 'F:/Juegos/UE_Projects/CoopRogue/Content/' took 0.02s
[2018.07.19-12.30.57:262][  0]SourceControl: El control de código fuente está desactivado
[2018.07.19-12.30.57:262][  0]Cmd: MAP LOAD FILE="../../../../UE_Projects/CoopRogue/Content/Maps/MainMenu.umap" TEMPLATE=0 SHOWPROGRESS=1 FEATURELEVEL=3
[2018.07.19-12.30.57:263][  0]LightingResults: New page: Diseñar la iluminación
[2018.07.19-12.30.57:268][  0]MapCheck: New page: Revisión del mapa
[2018.07.19-12.30.57:268][  0]LightingResults: New page: Diseñar la iluminación
[2018.07.19-12.30.57:352][  0]LogUObjectGlobals: Created PersistentFrame Addr=0x000002289d55c180, Size=528, Default__GameInfoInstance_C Function /Game/Blueprints/AllLevels/GameInfoInstance.GameInfoInstance_C:ExecuteUbergraph_GameInfoInstance
[2018.07.19-12.30.57:374][  0]LogUObjectGlobals: Created PersistentFrame Addr=0x000002289dd5a020, Size=96, Default__HostMenu_C Function /Game/UI/MainMenu/HostMenu.HostMenu_C:ExecuteUbergraph_HostMenu
[2018.07.19-12.30.57:392][  0]LogUObjectGlobals: Created PersistentFrame Addr=0x000002289c5e1698, Size=40, Default__MainMenu_C Function /Game/UI/MainMenu/MainMenu.MainMenu_C:ExecuteUbergraph_MainMenu
[2018.07.19-12.30.57:406][  0]LogUObjectGlobals: Created PersistentFrame Addr=0x000002289c5a5280, Size=104, Default__OptionsMenu_C Function /Game/UI/MainMenu/OptionsMenu.OptionsMenu_C:ExecuteUbergraph_OptionsMenu
[2018.07.19-12.30.57:435][  0]LogUObjectGlobals: Created PersistentFrame Addr=0x000002289c4c6480, Size=608, Default__ServerMenu_C Function /Game/UI/MainMenu/ServerMenu.ServerMenu_C:ExecuteUbergraph_ServerMenu
[2018.07.19-12.30.57:531][  0]LogUObjectGlobals: Destroyed PersistentFrame Addr=0x000002289d55c180, Size=528
[2018.07.19-12.30.57:531][  0]LogUObjectGlobals: Created PersistentFrame Addr=0x000002289d196980, Size=528, Default__GameInfoInstance_C Function /Engine/Transient.REINST_GameInfoInstance_C_3:ExecuteUbergraph_GameInfoInstance
[2018.07.19-12.30.57:533][  0]LogUObjectGlobals: Destroyed PersistentFrame Addr=0x000002289dd5a020, Size=96
[2018.07.19-12.30.57:533][  0]LogUObjectGlobals: Created PersistentFrame Addr=0x000002289d1d71c0, Size=96, Default__HostMenu_C Function /Engine/Transient.REINST_HostMenu_C_0:ExecuteUbergraph_HostMenu
[2018.07.19-12.30.57:534][  0]LogUObjectGlobals: Destroyed PersistentFrame Addr=0x000002289c5e1698, Size=40
[2018.07.19-12.30.57:534][  0]LogUObjectGlobals: Created PersistentFrame Addr=0x000002289d23a980, Size=40, Default__MainMenu_C Function /Engine/Transient.REINST_MainMenu_C_2:ExecuteUbergraph_MainMenu
[2018.07.19-12.30.57:534][  0]LogUObjectGlobals: Destroyed PersistentFrame Addr=0x000002289c5a5280, Size=104
[2018.07.19-12.30.57:534][  0]LogUObjectGlobals: Created PersistentFrame Addr=0x000002289d181590, Size=104, Default__OptionsMenu_C Function /Engine/Transient.REINST_OptionsMenu_C_3:ExecuteUbergraph_OptionsMenu
[2018.07.19-12.30.57:535][  0]LogUObjectGlobals: Destroyed PersistentFrame Addr=0x000002289c4c6480, Size=608
[2018.07.19-12.30.57:535][  0]LogUObjectGlobals: Created PersistentFrame Addr=0x000002289d196480, Size=608, Default__ServerMenu_C Function /Engine/Transient.REINST_ServerMenu_C_4:ExecuteUbergraph_ServerMenu
[2018.07.19-12.30.57:594][  0]LogUObjectGlobals: Created PersistentFrame Addr=0x000002289ce0a200, Size=528, Default__GameInfoInstance_C Function /Game/Blueprints/AllLevels/GameInfoInstance.GameInfoInstance_C:ExecuteUbergraph_GameInfoInstance
[2018.07.19-12.30.57:600][  0]LogUObjectGlobals: Created PersistentFrame Addr=0x000002289cea5600, Size=96, Default__HostMenu_C Function /Game/UI/MainMenu/HostMenu.HostMenu_C:ExecuteUbergraph_HostMenu
[2018.07.19-12.30.57:603][  0]LogUObjectGlobals: Created PersistentFrame Addr=0x000002289d23b920, Size=40, Default__MainMenu_C Function /Game/UI/MainMenu/MainMenu.MainMenu_C:ExecuteUbergraph_MainMenu
[2018.07.19-12.30.57:609][  0]LogUObjectGlobals: Created PersistentFrame Addr=0x000002289cd3eb70, Size=104, Default__OptionsMenu_C Function /Game/UI/MainMenu/OptionsMenu.OptionsMenu_C:ExecuteUbergraph_OptionsMenu
[2018.07.19-12.30.57:617][  0]LogUObjectGlobals: Created PersistentFrame Addr=0x000002289cd43380, Size=608, Default__ServerMenu_C Function /Game/UI/MainMenu/ServerMenu.ServerMenu_C:ExecuteUbergraph_ServerMenu
[2018.07.19-12.30.57:648][  0]LogUObjectGlobals: Created PersistentFrame Addr=0x000002289cd03b60, Size=32, Default__MainMenu_C Function /Game/Maps/MainMenu.MainMenu_C:ExecuteUbergraph_MainMenu
[2018.07.19-12.30.57:650][  0]LogUObjectGlobals: Destroyed PersistentFrame Addr=0x000002289cd03b60, Size=32
[2018.07.19-12.30.57:650][  0]LogUObjectGlobals: Created PersistentFrame Addr=0x000002289cd03b60, Size=32, MainMenu_C_0 Function /Engine/Transient.REINST_MainMenu_C_12:ExecuteUbergraph_MainMenu
[2018.07.19-12.30.57:652][  0]LogUObjectGlobals: Created PersistentFrame Addr=0x000002289cd03300, Size=32, Default__MainMenu_C Function /Game/Maps/MainMenu.MainMenu_C:ExecuteUbergraph_MainMenu
[2018.07.19-12.30.57:959][  0]LogAIModule: Creating AISystem for world MainMenu
[2018.07.19-12.30.57:960][  0]LogEditorServer: Finished looking for orphan Actors (0.000 secs)
[2018.07.19-12.30.57:983][  0]LogUObjectGlobals: Destroyed PersistentFrame Addr=0x000002289d196980, Size=528
[2018.07.19-12.30.57:984][  0]LogUObjectGlobals: Destroyed PersistentFrame Addr=0x000002289d1d71c0, Size=96
[2018.07.19-12.30.57:984][  0]LogUObjectGlobals: Destroyed PersistentFrame Addr=0x000002289d23a980, Size=40
[2018.07.19-12.30.57:984][  0]LogUObjectGlobals: Destroyed PersistentFrame Addr=0x000002289d181590, Size=104
[2018.07.19-12.30.57:984][  0]LogUObjectGlobals: Destroyed PersistentFrame Addr=0x000002289d196480, Size=608
[2018.07.19-12.30.57:984][  0]LogUObjectGlobals: Destroyed PersistentFrame Addr=0x000002289cd03b60, Size=32
[2018.07.19-12.30.57:985][  0]Cmd: MAP CHECKDEP NOCLEARLOG
[2018.07.19-12.30.58:110][  0]MapCheck: Map check complete: 0 Error(s), 0 Warning(s), took 124,875ms to complete.
[2018.07.19-12.30.58:111][  0]LogFileHelpers: Loading map 'MainMenu' took 0.848
[2018.07.19-12.30.58:327][  0]LogCollectionManager: Loaded 0 collections in 0.003567 seconds
[2018.07.19-12.30.58:383][  0]LogFileCache: Scanning file cache for directory 'F:/Juegos/UE_Projects/CoopRogue/Saved/Collections/' took 0.01s
[2018.07.19-12.30.58:383][  0]LogFileCache: Scanning file cache for directory 'F:/Juegos/UE_Projects/CoopRogue/Content/Developers/bitt3rman/Collections/' took 0.01s
[2018.07.19-12.30.58:383][  0]LogFileCache: Scanning file cache for directory 'F:/Juegos/UE_Projects/CoopRogue/Content/Collections/' took 0.01s
[2018.07.19-12.30.58:383][  0]LogCollectionManager: Rebuilt the GUID cache for 0 collections in 0.000002 seconds
[2018.07.19-12.30.58:412][  0]LogContentBrowser: Native class hierarchy populated in 0.0277 seconds. Added 2452 classes and 558 folders.
[2018.07.19-12.30.58:426][  0]LogContentBrowser: Native class hierarchy updated for 'WidgetCarousel' in 0.0004 seconds. Added 0 classes and 0 folders.
[2018.07.19-12.30.58:572][  0]LogContentBrowser: Native class hierarchy updated for 'AddContentDialog' in 0.0004 seconds. Added 0 classes and 0 folders.
[2018.07.19-12.30.58:583][  0]LogContentBrowser: Native class hierarchy updated for 'SceneOutliner' in 0.0005 seconds. Added 1 classes and 2 folders.
[2018.07.19-12.30.58:720][  0]LogSlate: Took 0.000953 seconds to synchronously load lazily loaded font '../../../Engine/Content/Slate/Fonts/Roboto-Regular.ttf' (155K)
[2018.07.19-12.30.58:727][  0]LogSlate: Took 0.000737 seconds to synchronously load lazily loaded font '../../../Engine/Content/Slate/Fonts/Roboto-Bold.ttf' (160K)
[2018.07.19-12.30.58:741][  0]LogSlate: Took 0.000753 seconds to synchronously load lazily loaded font '../../../Engine/Content/Editor/Slate/Fonts/FontAwesome.ttf' (139K)
[2018.07.19-12.30.59:027][  0]LogRenderer: Reallocating scene render targets to support 1164x620 Format 10 NumSamples 1 (Frame:1).
[2018.07.19-12.30.59:389][  0]LogContentBrowser: Native class hierarchy updated for 'HierarchicalLODOutliner' in 0.0004 seconds. Added 0 classes and 0 folders.
[2018.07.19-12.30.59:389][  0]LogLoad: (Engine Initialization) Total time: 25.05 seconds
[2018.07.19-12.30.59:389][  0]LogLoad: (Engine Initialization) Total Blueprint compile time: 0.00 seconds
[2018.07.19-12.30.59:756][  0]LogContentStreaming: Texture pool size now 1000 MB
[2018.07.19-12.30.59:829][  0]LogSlate: Took 0.000750 seconds to synchronously load lazily loaded font '../../../Engine/Content/Slate/Fonts/Roboto-Light.ttf' (167K)
[2018.07.19-12.31.00:753][  3]LogSlate: Took 0.000904 seconds to synchronously load lazily loaded font '../../../Engine/Content/Slate/Fonts/Roboto-Light.ttf' (167K)
[2018.07.19-12.31.01:099][  4]LogAssetRegistry: Asset discovery search completed in 15.7329 seconds
[2018.07.19-12.31.01:105][  4]LogCollectionManager: Rebuilt the object cache for 0 collections in 0.000000 seconds (found 0 objects)
[2018.07.19-12.31.01:105][  4]LogCollectionManager: Fixed up redirectors for 0 collections in 0.000115 seconds (updated 0 objects)
[2018.07.19-12.32.47:307][429]LogSlate: FSceneViewport::OnFocusLost() reason 0
[2018.07.19-12.32.48:092][433]LogContentBrowser: Native class hierarchy updated for 'BlueprintGraph' in 0.0012 seconds. Added 116 classes and 0 folders.
[2018.07.19-12.32.48:804][433]LogUObjectGlobals: Created PersistentFrame Addr=0x00000228c31a02e8, Size=4, Default__SKEL_PROTO_BP_AnimBlueprint_0_C Function /Engine/Transient.SKEL_PROTO_BP_AnimBlueprint_0_C:ExecuteUbergraph_PROTO_BP_AnimBlueprint_0
[2018.07.19-12.32.48:805][433]LogUObjectGlobals: Created PersistentFrame Addr=0x00000228c31a02e0, Size=4, Default__PROTO_BP_AnimBlueprint_0_C Function /Engine/Transient.PROTO_BP_AnimBlueprint_0_C:ExecuteUbergraph_PROTO_BP_AnimBlueprint_0
[2018.07.19-12.32.51:068][433]LogSlate: Took 0.000757 seconds to synchronously load lazily loaded font '../../../Engine/Content/Slate/Fonts/Roboto-BoldCondensed.ttf' (158K)
[2018.07.19-12.32.56:186][626]LogSlate: Took 0.000703 seconds to synchronously load lazily loaded font '../../../Engine/Content/Slate/Fonts/Roboto-Italic.ttf' (157K)
[2018.07.19-12.32.58:549][729]LogSlate: Window 'ServerMenu' being destroyed
[2018.07.19-12.33.00:038][847]LogConsoleManager: Warning: Performance warning: Console object named 'r.DebugSafeZone.Mode' shows many (500) FindConsoleObject() calls (consider caching e.g. using static)
[2018.07.19-12.45.33:142][389]LogDirectoryWatcher: Warning: Failed to begin reading directory changes for ../../../../UE_Projects/CoopRogue/Plugins/. Error: El sistema no puede encontrar el archivo especificado. (0x00000002)
[2018.07.19-12.45.59:234][591]Cmd: CLOSE_SLATE_MAINFRAME
[2018.07.19-12.46.00:311][591]LogSlate: Window 'Plugins' being destroyed
[2018.07.19-12.46.00:318][591]LogDirectoryWatcher: A directory notification for '../../../Engine/Plugins/' was aborted.
[2018.07.19-12.46.00:321][591]LogSlate: Window 'CoopRogue - Editor Unreal' being destroyed
[2018.07.19-12.46.00:326][591]LogWindowsTextInputMethodSystem: Display: IME system now deactivated.
[2018.07.19-12.46.01:077][592]Cmd: QUIT_EDITOR
[2018.07.19-12.46.02:532][592]LogSlate: Slate User Destroyed.  User Index 0, Is Virtual User: 0
[2018.07.19-12.46.02:532][592]LogExit: Preparing to exit.
[2018.07.19-12.46.03:591][592]LogDirectoryWatcher: A directory notification for 'F:/Juegos/UE_Projects/CoopRogue/Content/' was aborted.
[2018.07.19-12.46.03:724][592]LogExit: Editor shut down
[2018.07.19-12.46.03:752][592]LogExit: Transaction tracking system shut down
[2018.07.19-12.46.03:754][592]LogUObjectGlobals: Destroyed PersistentFrame Addr=0x000002289ce0a200, Size=528
[2018.07.19-12.46.03:754][592]LogUObjectGlobals: Destroyed PersistentFrame Addr=0x000002289cea5600, Size=96
[2018.07.19-12.46.03:754][592]LogUObjectGlobals: Destroyed PersistentFrame Addr=0x000002289d23b920, Size=40
[2018.07.19-12.46.03:754][592]LogUObjectGlobals: Destroyed PersistentFrame Addr=0x000002289cd3eb70, Size=104
[2018.07.19-12.46.03:755][592]LogUObjectGlobals: Destroyed PersistentFrame Addr=0x000002289cd43380, Size=608
[2018.07.19-12.46.03:757][592]LogUObjectGlobals: Destroyed PersistentFrame Addr=0x000002289cd03300, Size=32
[2018.07.19-12.46.03:760][592]LogUObjectGlobals: Destroyed PersistentFrame Addr=0x00000228c31a02e8, Size=4
[2018.07.19-12.46.03:760][592]LogUObjectGlobals: Destroyed PersistentFrame Addr=0x00000228c31a02e0, Size=4
[2018.07.19-12.46.03:954][592]LogDirectoryWatcher: A directory notification for '../../../Engine/Content/' was aborted.
[2018.07.19-12.46.03:954][592]LogDirectoryWatcher: A directory notification for '../../../../UE_Projects/CoopRogue/Content/' was aborted.
[2018.07.19-12.46.03:954][592]LogDirectoryWatcher: A directory notification for '../../Plugins/2D/Paper2D/Content/' was aborted.
[2018.07.19-12.46.03:956][592]LogDirectoryWatcher: A directory notification for '../../Plugins/Enterprise/DatasmithContent/Content/' was aborted.
[2018.07.19-12.46.03:956][592]LogDirectoryWatcher: A directory notification for '../../Plugins/Media/MediaCompositing/Content/' was aborted.
[2018.07.19-12.46.03:956][592]LogDirectoryWatcher: A directory notification for '../../Plugins/Runtime/AppleARKit/Content/' was aborted.
[2018.07.19-12.46.03:956][592]LogDirectoryWatcher: A directory notification for '../../Plugins/Runtime/Oculus/OculusVR/Content/' was aborted.
[2018.07.19-12.46.03:956][592]LogDirectoryWatcher: A directory notification for '../../Plugins/Runtime/Steam/SteamVR/Content/' was aborted.
[2018.07.19-12.46.04:864][592]LogExit: Object subsystem successfully closed.
[2018.07.19-12.46.04:890][592]LogShaderCompilers: Display: Shaders left to compile 0
[2018.07.19-12.46.04:912][592]LogD3D11RHI: Shutdown
[2018.07.19-12.46.04:912][592]LogD3D11RHI: CleanupD3DDevice
[2018.07.19-12.46.04:923][592]LogD3D11RHI: ~FD3D11DynamicRHI
[2018.07.19-12.46.05:304][592]LogModuleManager: Shutting down and abandoning module SequencerWidgets (579)
[2018.07.19-12.46.05:304][592]LogModuleManager: Shutting down and abandoning module BlueprintGraph (577)
[2018.07.19-12.46.05:304][592]LogModuleManager: Shutting down and abandoning module HierarchicalLODOutliner (575)
[2018.07.19-12.46.05:305][592]LogModuleManager: Shutting down and abandoning module SceneOutliner (573)
[2018.07.19-12.46.05:310][592]LogModuleManager: Shutting down and abandoning module AddContentDialog (571)
[2018.07.19-12.46.05:317][592]LogDirectoryWatcher: A directory notification for 'F:/Juegos/UE_4.19/FeaturePacks/' was aborted.
[2018.07.19-12.46.05:323][592]LogModuleManager: Shutting down and abandoning module WidgetCarousel (570)
[2018.07.19-12.46.05:323][592]LogModuleManager: Shutting down and abandoning module EditorWidgets (567)
[2018.07.19-12.46.05:323][592]LogModuleManager: Shutting down and abandoning module CollectionManager (565)
[2018.07.19-12.46.05:340][592]LogDirectoryWatcher: A directory notification for 'F:/Juegos/UE_Projects/CoopRogue/Content/Collections/' was aborted.
[2018.07.19-12.46.05:340][592]LogDirectoryWatcher: A directory notification for 'F:/Juegos/UE_Projects/CoopRogue/Content/Developers/bitt3rman/Collections/' was aborted.
[2018.07.19-12.46.05:340][592]LogDirectoryWatcher: A directory notification for 'F:/Juegos/UE_Projects/CoopRogue/Saved/Collections/' was aborted.
[2018.07.19-12.46.05:340][592]LogModuleManager: Shutting down and abandoning module StatsViewer (563)
[2018.07.19-12.46.05:341][592]LogModuleManager: Shutting down and abandoning module FoliageEdit (561)
[2018.07.19-12.46.05:341][592]LogModuleManager: Shutting down and abandoning module LandscapeEditor (559)
[2018.07.19-12.46.05:351][592]LogModuleManager: Shutting down and abandoning module MeshPaintMode (557)
[2018.07.19-12.46.05:351][592]LogModuleManager: Shutting down and abandoning module SceneDepthPickerMode (555)
[2018.07.19-12.46.05:351][592]LogModuleManager: Shutting down and abandoning module ActorPickerMode (553)
[2018.07.19-12.46.05:351][592]LogModuleManager: Shutting down and abandoning module GeometryMode (551)
[2018.07.19-12.46.05:360][592]LogModuleManager: Shutting down and abandoning module TextureAlignMode (549)
[2018.07.19-12.46.05:360][592]LogModuleManager: Shutting down and abandoning module BspMode (547)
[2018.07.19-12.46.05:360][592]LogModuleManager: Shutting down and abandoning module PIEPreviewDeviceProfileSelector (545)
[2018.07.19-12.46.05:368][592]LogModuleManager: Shutting down and abandoning module HardwareSurvey (543)
[2018.07.19-12.46.05:368][592]LogModuleManager: Shutting down and abandoning module SequenceRecorderSections (541)
[2018.07.19-12.46.05:368][592]LogModuleManager: Shutting down and abandoning module AutomationWorker (539)
[2018.07.19-12.46.05:368][592]LogModuleManager: Shutting down and abandoning module AudioCaptureEditor (537)
[2018.07.19-12.46.05:379][592]LogModuleManager: Shutting down and abandoning module SequenceRecorder (536)
[2018.07.19-12.46.05:379][592]LogModuleManager: Shutting down and abandoning module MatineeToLevelSequence (533)
[2018.07.19-12.46.05:392][592]LogModuleManager: Shutting down and abandoning module LevelSequenceEditor (531)
[2018.07.19-12.46.05:430][592]LogModuleManager: Shutting down and abandoning module PlacementMode (530)
[2018.07.19-12.46.05:430][592]LogModuleManager: Shutting down and abandoning module MaterialEditor (529)
[2018.07.19-12.46.05:458][592]LogModuleManager: Shutting down and abandoning module WmfMediaFactory (525)
[2018.07.19-12.46.05:458][592]LogModuleManager: Shutting down and abandoning module WmfMediaEditor (523)
[2018.07.19-12.46.05:458][592]LogModuleManager: Shutting down and abandoning module MediaPlayerEditor (521)
[2018.07.19-12.46.05:473][592]LogModuleManager: Shutting down and abandoning module OpenExrWrapper (519)
[2018.07.19-12.46.05:473][592]LogModuleManager: Shutting down and abandoning module ImgMediaFactory (517)
[2018.07.19-12.46.05:473][592]LogModuleManager: Shutting down and abandoning module ImgMediaEditor (515)
[2018.07.19-12.46.05:474][592]LogModuleManager: Shutting down and abandoning module AvfMediaFactory (513)
[2018.07.19-12.46.05:474][592]LogModuleManager: Shutting down and abandoning module AvfMediaEditor (511)
[2018.07.19-12.46.05:474][592]LogModuleManager: Shutting down and abandoning module AndroidMediaFactory (509)
[2018.07.19-12.46.05:474][592]LogModuleManager: Shutting down and abandoning module AndroidMediaEditor (507)
[2018.07.19-12.46.05:474][592]LogModuleManager: Shutting down and abandoning module CharacterAI (505)
[2018.07.19-12.46.05:474][592]LogModuleManager: Shutting down and abandoning module SmartSnapping (503)
[2018.07.19-12.46.05:474][592]LogModuleManager: Shutting down and abandoning module SessionServices (501)
[2018.07.19-12.46.05:474][592]LogModuleManager: Shutting down and abandoning module ViewportSnapping (499)
[2018.07.19-12.46.05:474][592]LogModuleManager: Shutting down and abandoning module ViewportInteraction (497)
[2018.07.19-12.46.05:474][592]LogModuleManager: Shutting down and abandoning module ClothPainter (495)
[2018.07.19-12.46.05:486][592]LogModuleManager: Shutting down and abandoning module SkeletalMeshEditor (494)
[2018.07.19-12.46.05:502][592]LogModuleManager: Shutting down and abandoning module LogVisualizer (491)
[2018.07.19-12.46.05:551][592]LogModuleManager: Shutting down and abandoning module IntroTutorials (489)
[2018.07.19-12.46.05:565][592]LogModuleManager: Shutting down and abandoning module GameProjectGeneration (488)
[2018.07.19-12.46.05:573][592]LogModuleManager: Shutting down and abandoning module IOSPlatformEditor (485)
[2018.07.19-12.46.05:576][592]LogModuleManager: Shutting down and abandoning module HTML5PlatformEditor (483)
[2018.07.19-12.46.05:577][592]LogModuleManager: Shutting down and abandoning module AndroidPlatformEditor (481)
[2018.07.19-12.46.05:577][592]LogModuleManager: Shutting down and abandoning module AndroidDeviceDetection (480)
[2018.07.19-12.46.05:828][592]LogModuleManager: Shutting down and abandoning module WindowsPlatformEditor (477)
[2018.07.19-12.46.05:829][592]LogModuleManager: Shutting down and abandoning module IOSRuntimeSettings (475)
[2018.07.19-12.46.05:829][592]LogModuleManager: Shutting down and abandoning module AndroidRuntimeSettings (473)
[2018.07.19-12.46.05:829][592]LogModuleManager: Shutting down and abandoning module InputBindingEditor (471)
[2018.07.19-12.46.05:839][592]LogModuleManager: Shutting down and abandoning module MergeActors (469)
[2018.07.19-12.46.05:854][592]LogModuleManager: Shutting down and abandoning module LocalizationDashboard (467)
[2018.07.19-12.46.05:862][592]LogModuleManager: Shutting down and abandoning module LocalizationService (466)
[2018.07.19-12.46.05:873][592]LogModuleManager: Shutting down and abandoning module HardwareTargeting (463)
[2018.07.19-12.46.05:873][592]LogModuleManager: Shutting down and abandoning module DeviceProfileEditor (461)
[2018.07.19-12.46.05:877][592]LogModuleManager: Shutting down and abandoning module UndoHistory (459)
[2018.07.19-12.46.05:877][592]LogModuleManager: Shutting down and abandoning module XmlParser (457)
[2018.07.19-12.46.05:887][592]LogModuleManager: Shutting down and abandoning module Blutility (455)
[2018.07.19-12.46.05:887][592]LogModuleManager: Shutting down and abandoning module ProjectSettingsViewer (453)
[2018.07.19-12.46.05:887][592]LogModuleManager: Shutting down and abandoning module ProjectTargetPlatformEditor (452)
[2018.07.19-12.46.05:887][592]LogModuleManager: Shutting down and abandoning module EditorSettingsViewer (449)
[2018.07.19-12.46.05:887][592]LogModuleManager: Shutting down and abandoning module SettingsEditor (447)
[2018.07.19-12.46.05:902][592]LogModuleManager: Shutting down and abandoning module ProjectLauncher (445)
[2018.07.19-12.46.05:911][592]LogModuleManager: Shutting down and abandoning module SessionFrontend (443)
[2018.07.19-12.46.05:924][592]LogModuleManager: Shutting down and abandoning module ProfilerClient (441)
[2018.07.19-12.46.05:930][592]LogModuleManager: Shutting down and abandoning module DeviceManager (439)
[2018.07.19-12.46.05:937][592]LogModuleManager: Shutting down and abandoning module TargetDeviceServices (438)
[2018.07.19-12.46.06:010][592]LogModuleManager: Shutting down and abandoning module AutomationController (435)
[2018.07.19-12.46.06:010][592]LogModuleManager: Shutting down and abandoning module AutomationWindow (433)
[2018.07.19-12.46.06:027][592]LogModuleManager: Shutting down and abandoning module Layers (431)
[2018.07.19-12.46.06:042][592]LogModuleManager: Shutting down and abandoning module ComponentVisualizers (429)
[2018.07.19-12.46.06:042][592]LogModuleManager: Shutting down and abandoning module DetailCustomizations (427)
[2018.07.19-12.46.06:057][592]LogModuleManager: Shutting down and abandoning module PackagesDialog (425)
[2018.07.19-12.46.06:071][592]LogModuleManager: Shutting down and abandoning module Persona (423)
[2018.07.19-12.46.06:093][592]LogModuleManager: Shutting down and abandoning module AdvancedPreviewScene (422)
[2018.07.19-12.46.06:093][592]LogModuleManager: Shutting down and abandoning module AnimGraph (420)
[2018.07.19-12.46.06:093][592]LogModuleManager: Shutting down and abandoning module Kismet (417)
[2018.07.19-12.46.06:110][592]LogModuleManager: Shutting down and abandoning module GraphEditor (415)
[2018.07.19-12.46.06:110][592]LogModuleManager: Shutting down and abandoning module ClassViewer (413)
[2018.07.19-12.46.06:120][592]LogModuleManager: Shutting down and abandoning module Toolbox (411)
[2018.07.19-12.46.06:120][592]LogModuleManager: Shutting down and abandoning module ModuleUI (409)
[2018.07.19-12.46.06:127][592]LogModuleManager: Shutting down and abandoning module MovieSceneTools (407)
[2018.07.19-12.46.06:132][592]LogModuleManager: Shutting down and abandoning module OutputLog (405)
[2018.07.19-12.46.06:136][592]LogModuleManager: Shutting down and abandoning module GammaUI (403)
[2018.07.19-12.46.06:144][592]LogModuleManager: Shutting down and abandoning module Documentation (401)
[2018.07.19-12.46.06:144][592]LogModuleManager: Shutting down and abandoning module MovieSceneTracks (399)
[2018.07.19-12.46.06:144][592]LogModuleManager: Shutting down and abandoning module MovieScene (397)
[2018.07.19-12.46.06:144][592]LogModuleManager: Shutting down and abandoning module StreamingPauseRendering (395)
[2018.07.19-12.46.06:144][592]LogModuleManager: Shutting down and abandoning module LauncherPlatform (393)
[2018.07.19-12.46.06:144][592]LogModuleManager: Shutting down and abandoning module AnalyticsET (391)
[2018.07.19-12.46.06:144][592]LogModuleManager: Shutting down and abandoning module PortalServices (389)
[2018.07.19-12.46.06:144][592]LogModuleManager: Shutting down and abandoning module PortalRpc (387)
[2018.07.19-12.46.06:144][592]LogModuleManager: Shutting down and abandoning module MessagingRpc (385)
[2018.07.19-12.46.06:144][592]LogModuleManager: Shutting down and abandoning module AIModule (383)
[2018.07.19-12.46.06:145][592]LogModuleManager: Shutting down and abandoning module GameplayDebugger (382)
[2018.07.19-12.46.06:145][592]LogModuleManager: Shutting down and abandoning module AITestSuite (380)
[2018.07.19-12.46.06:145][592]LogModuleManager: Shutting down and abandoning module DesktopPlatform (377)
[2018.07.19-12.46.06:151][592]LogModuleManager: Shutting down and abandoning module ProfilerService (375)
[2018.07.19-12.46.06:299][592]LogModuleManager: Shutting down and abandoning module TaskGraph (373)
[2018.07.19-12.46.06:299][592]LogModuleManager: Shutting down and abandoning module SteamVRController (371)
[2018.07.19-12.46.06:299][592]LogModuleManager: Shutting down and abandoning module ProceduralMeshComponentEditor (369)
[2018.07.19-12.46.06:299][592]LogModuleManager: Shutting down and abandoning module ProceduralMeshComponent (367)
[2018.07.19-12.46.06:299][592]LogModuleManager: Shutting down and abandoning module OculusInput (365)
[2018.07.19-12.46.06:299][592]LogModuleManager: Shutting down and abandoning module MobilePatchingUtils (363)
[2018.07.19-12.46.06:300][592]LogModuleManager: Shutting down and abandoning module CustomMeshComponent (361)
[2018.07.19-12.46.06:300][592]LogModuleManager: Shutting down and abandoning module CableComponent (359)
[2018.07.19-12.46.06:300][592]LogModuleManager: Shutting down and abandoning module AudioCapture (357)
[2018.07.19-12.46.06:300][592]LogModuleManager: Shutting down and abandoning module ArchVisCharacter (355)
[2018.07.19-12.46.06:300][592]LogModuleManager: Shutting down and abandoning module AndroidPermission (353)
[2018.07.19-12.46.06:300][592]LogModuleManager: Shutting down and abandoning module NUTUnrealEngine4 (351)
[2018.07.19-12.46.06:300][592]LogModuleManager: Shutting down and abandoning module NetcodeUnitTest (349)
[2018.07.19-12.46.06:300][592]LogModuleManager: Shutting down and abandoning module MediaCompositingEditor (347)
[2018.07.19-12.46.06:300][592]LogModuleManager: Shutting down and abandoning module MediaCompositing (345)
[2018.07.19-12.46.06:300][592]LogModuleManager: Shutting down and abandoning module LinearTimecode (343)
[2018.07.19-12.46.06:300][592]LogModuleManager: Shutting down and abandoning module ImgMedia (341)
[2018.07.19-12.46.06:307][592]LogModuleManager: Shutting down and abandoning module HTML5Networking (339)
[2018.07.19-12.46.06:307][592]LogModuleManager: Shutting down and abandoning module AlembicImporter (337)
[2018.07.19-12.46.06:313][592]LogModuleManager: Shutting down and abandoning module AlembicLibrary (336)
[2018.07.19-12.46.06:313][592]LogModuleManager: Shutting down and abandoning module GeometryCache (335)
[2018.07.19-12.46.06:313][592]LogModuleManager: Shutting down and abandoning module GeometryCacheEd (334)
[2018.07.19-12.46.06:313][592]LogModuleManager: Shutting down and abandoning module DatasmithContent (329)
[2018.07.19-12.46.06:313][592]LogModuleManager: Shutting down and abandoning module SpeedTreeImporter (327)
[2018.07.19-12.46.06:313][592]LogModuleManager: Shutting down and abandoning module PluginBrowser (325)
[2018.07.19-12.46.06:314][592]LogModuleManager: Shutting down and abandoning module MobileLauncherProfileWizard (323)
[2018.07.19-12.46.06:322][592]LogModuleManager: Shutting down and abandoning module CryptoKeysOpenSSL (321)
[2018.07.19-12.46.06:322][592]LogModuleManager: Shutting down and abandoning module CryptoKeys (319)
[2018.07.19-12.46.06:322][592]LogModuleManager: Shutting down and abandoning module VisualStudioSourceCodeAccess (317)
[2018.07.19-12.46.06:322][592]LogModuleManager: Shutting down and abandoning module VisualStudioCodeSourceCodeAccess (315)
[2018.07.19-12.46.06:322][592]LogModuleManager: Shutting down and abandoning module UObjectPlugin (313)
[2018.07.19-12.46.06:322][592]LogModuleManager: Shutting down and abandoning module SubversionSourceControl (311)
[2018.07.19-12.46.06:322][592]LogModuleManager: Shutting down and abandoning module PerforceSourceControl (309)
[2018.07.19-12.46.06:322][592]LogModuleManager: Shutting down and abandoning module GitSourceControl (307)
[2018.07.19-12.46.06:336][592]LogModuleManager: Shutting down and abandoning module SourceControl (306)
[2018.07.19-12.46.06:336][592]LogModuleManager: Shutting down and abandoning module CLionSourceCodeAccess (303)
[2018.07.19-12.46.06:336][592]LogModuleManager: Shutting down and abandoning module LightPropagationVolumeEditor (301)
[2018.07.19-12.46.06:336][592]LogModuleManager: Shutting down and abandoning module PaperTiledImporter (299)
[2018.07.19-12.46.06:336][592]LogModuleManager: Shutting down and abandoning module PaperSpriteSheetImporter (297)
[2018.07.19-12.46.06:336][592]LogModuleManager: Shutting down and abandoning module Paper2DEditor (295)
[2018.07.19-12.46.06:360][592]LogModuleManager: Shutting down and abandoning module MeshPaint (294)
[2018.07.19-12.46.06:370][592]LogModuleManager: Shutting down and abandoning module RuntimePhysXCooking (291)
[2018.07.19-12.46.06:370][592]LogModuleManager: Shutting down and abandoning module PhysXVehiclesEditor (289)
[2018.07.19-12.46.06:370][592]LogModuleManager: Shutting down and abandoning module PhysXVehicles (287)
[2018.07.19-12.46.06:370][592]LogModuleManager: Shutting down and abandoning module OculusEditor (285)
[2018.07.19-12.46.06:370][592]LogModuleManager: Shutting down and abandoning module LocationServicesBPLibrary (283)
[2018.07.19-12.46.06:370][592]LogModuleManager: Shutting down and abandoning module ImmediatePhysicsEditor (281)
[2018.07.19-12.46.06:370][592]LogModuleManager: Shutting down and abandoning module ImmediatePhysics (279)
[2018.07.19-12.46.06:370][592]LogModuleManager: Shutting down and abandoning module ActorSequence (277)
[2018.07.19-12.46.06:370][592]LogModuleManager: Shutting down and abandoning module UdpMessaging (275)
[2018.07.19-12.46.06:471][592]LogModuleManager: Shutting down and abandoning module TcpMessaging (273)
[2018.07.19-12.46.06:572][592]LogModuleManager: Shutting down and abandoning module GameplayTagsEditor (271)
[2018.07.19-12.46.06:572][592]LogModuleManager: Shutting down and abandoning module FacialAnimationEditor (269)
[2018.07.19-12.46.06:572][592]LogModuleManager: Shutting down and abandoning module FacialAnimation (267)
[2018.07.19-12.46.06:572][592]LogModuleManager: Shutting down and abandoning module DataValidation (265)
[2018.07.19-12.46.06:603][592]LogModuleManager: Shutting down and abandoning module AssetManagerEditor (263)
[2018.07.19-12.46.06:603][592]LogModuleManager: Shutting down and abandoning module LevelEditor (262)
[2018.07.19-12.46.06:611][592]LogModuleManager: Shutting down and abandoning module PixelInspectorModule (261)
[2018.07.19-12.46.06:621][592]LogModuleManager: Shutting down and abandoning module CommonMenuExtensions (259)
[2018.07.19-12.46.06:622][592]LogModuleManager: Shutting down and abandoning module MainFrame (257)
[2018.07.19-12.46.06:622][592]LogModuleManager: Shutting down and abandoning module HotReload (256)
[2018.07.19-12.46.06:623][592]LogModuleManager: Shutting down and abandoning module ContentBrowser (252)
[2018.07.19-12.46.06:625][592]LogModuleManager: Shutting down and abandoning module TreeMap (250)
[2018.07.19-12.46.06:625][592]LogModuleManager: Shutting down and abandoning module LightPropagationVolumeRuntime (247)
[2018.07.19-12.46.06:625][592]LogModuleManager: Shutting down and abandoning module LiveLinkEditor (245)
[2018.07.19-12.46.06:653][592]LogModuleManager: Shutting down and abandoning module LiveLink (243)
[2018.07.19-12.46.06:716][592]LogModuleManager: Shutting down and abandoning module Paper2D (241)
[2018.07.19-12.46.06:716][592]LogModuleManager: Shutting down and abandoning module WindowsMoviePlayer (239)
[2018.07.19-12.46.06:716][592]LogModuleManager: Shutting down and abandoning module WmfMedia (237)
[2018.07.19-12.46.06:717][592]LogModuleManager: Shutting down and abandoning module Media (236)
[2018.07.19-12.46.06:724][592]LogModuleManager: Shutting down and abandoning module PacketHandler (233)
[2018.07.19-12.46.06:725][592]LogModuleManager: Shutting down and abandoning module ClothingSystemEditor (231)
[2018.07.19-12.46.06:725][592]LogModuleManager: Shutting down and abandoning module ClothingSystemRuntime (229)
[2018.07.19-12.46.06:725][592]LogModuleManager: Shutting down and abandoning module MediaAssets (227)
[2018.07.19-12.46.06:725][592]LogModuleManager: Shutting down and abandoning module Overlay (225)
[2018.07.19-12.46.06:725][592]LogModuleManager: Shutting down and abandoning module OverlayEditor (224)
[2018.07.19-12.46.06:725][592]LogModuleManager: Shutting down and abandoning module VREditor (221)
[2018.07.19-12.46.06:733][592]LogModuleManager: Shutting down and abandoning module StringTableEditor (219)
[2018.07.19-12.46.06:734][592]LogModuleManager: Shutting down and abandoning module GameplayTasksEditor (217)
[2018.07.19-12.46.06:734][592]LogModuleManager: Shutting down and abandoning module BehaviorTreeEditor (215)
[2018.07.19-12.46.06:734][592]LogModuleManager: Shutting down and abandoning module FunctionalTesting (213)
[2018.07.19-12.46.06:734][592]LogModuleManager: Shutting down and abandoning module CollisionAnalyzer (211)
[2018.07.19-12.46.06:734][592]LogModuleManager: Shutting down and abandoning module WorkspaceMenuStructure (210)
[2018.07.19-12.46.06:734][592]LogModuleManager: Shutting down and abandoning module UMG (207)
[2018.07.19-12.46.06:734][592]LogModuleManager: Shutting down and abandoning module UMGEditor (206)
[2018.07.19-12.46.06:734][592]LogModuleManager: Shutting down and abandoning module Sequencer (205)
[2018.07.19-12.46.06:734][592]LogModuleManager: Shutting down and abandoning module MessageLog (202)
[2018.07.19-12.46.06:734][592]LogModuleManager: Shutting down and abandoning module SlateReflector (197)
[2018.07.19-12.46.06:734][592]LogModuleManager: Shutting down and abandoning module Slate (195)
[2018.07.19-12.46.06:734][592]LogModuleManager: Shutting down and abandoning module EditorStyle (193)
[2018.07.19-12.46.06:738][592]LogModuleManager: Shutting down and abandoning module MRMesh (191)
[2018.07.19-12.46.06:738][592]LogModuleManager: Shutting down and abandoning module SourceCodeAccess (189)
[2018.07.19-12.46.06:738][592]LogModuleManager: Shutting down and abandoning module HeadMountedDisplay (187)
[2018.07.19-12.46.06:738][592]LogModuleManager: Shutting down and abandoning module XAudio2 (185)
[2018.07.19-12.46.06:738][592]LogModuleManager: Shutting down and abandoning module Networking (183)
[2018.07.19-12.46.06:738][592]LogModuleManager: Shutting down and abandoning module Core (181)
[2018.07.19-12.46.06:738][592]LogModuleManager: Shutting down and abandoning module LevelSequence (179)
[2018.07.19-12.46.06:738][592]LogModuleManager: Shutting down and abandoning module KismetCompiler (177)
[2018.07.19-12.46.06:738][592]LogModuleManager: Shutting down and abandoning module MeshUtilities (175)
[2018.07.19-12.46.06:738][592]LogModuleManager: Shutting down and abandoning module MeshMergeUtilities (174)
[2018.07.19-12.46.06:738][592]LogModuleManager: Shutting down and abandoning module MeshReductionInterface (173)
[2018.07.19-12.46.06:738][592]LogModuleManager: Shutting down and abandoning module SimplygonSwarm (172)
[2018.07.19-12.46.06:738][592]LogModuleManager: Shutting down and abandoning module SimplygonMeshReduction (170)
[2018.07.19-12.46.06:739][592]LogModuleManager: Shutting down and abandoning module QuadricMeshReduction (168)
[2018.07.19-12.46.06:739][592]LogModuleManager: Shutting down and abandoning module MaterialBaking (164)
[2018.07.19-12.46.06:739][592]LogModuleManager: Shutting down and abandoning module DirectoryWatcher (160)
[2018.07.19-12.46.06:743][592]LogModuleManager: Shutting down and abandoning module DerivedDataCache (157)
[2018.07.19-12.46.06:804][592]LogDerivedDataCache: Shutdown
[2018.07.19-12.46.06:804][592]LogModuleManager: Shutting down and abandoning module XGEController (155)
[2018.07.19-12.46.06:804][592]LogModuleManager: Shutting down and abandoning module TargetPlatform (153)
[2018.07.19-12.46.06:804][592]LogModuleManager: Shutting down and abandoning module VulkanShaderFormat (152)
[2018.07.19-12.46.06:804][592]LogModuleManager: Shutting down and abandoning module ShaderFormatVectorVM (150)
[2018.07.19-12.46.06:804][592]LogModuleManager: Shutting down and abandoning module ShaderFormatOpenGL (148)
[2018.07.19-12.46.06:804][592]LogModuleManager: Shutting down and abandoning module ShaderFormatD3D (146)
[2018.07.19-12.46.06:804][592]LogModuleManager: Shutting down and abandoning module MetalShaderFormat (144)
[2018.07.19-12.46.06:804][592]LogModuleManager: Shutting down and abandoning module TextureFormatUncompressed (142)
[2018.07.19-12.46.06:804][592]LogModuleManager: Shutting down and abandoning module TextureFormatPVR (140)
[2018.07.19-12.46.06:804][592]LogModuleManager: Shutting down and abandoning module TextureFormatDXT (138)
[2018.07.19-12.46.06:804][592]LogModuleManager: Shutting down and abandoning module TextureFormatIntelISPCTexComp (136)
[2018.07.19-12.46.06:804][592]LogModuleManager: Shutting down and abandoning module TextureFormatASTC (134)
[2018.07.19-12.46.06:804][592]LogModuleManager: Shutting down and abandoning module ImageWrapper (133)
[2018.07.19-12.46.06:804][592]LogModuleManager: Shutting down and abandoning module TextureFormatAndroid (130)
[2018.07.19-12.46.06:805][592]LogModuleManager: Shutting down and abandoning module AudioFormatOpus (128)
[2018.07.19-12.46.06:805][592]LogModuleManager: Shutting down and abandoning module AudioFormatOgg (126)
[2018.07.19-12.46.06:805][592]LogModuleManager: Shutting down and abandoning module AudioFormatADPCM (124)
[2018.07.19-12.46.06:805][592]LogModuleManager: Shutting down and abandoning module LinuxTargetPlatform (122)
[2018.07.19-12.46.06:805][592]LogModuleManager: Shutting down and abandoning module LinuxServerTargetPlatform (120)
[2018.07.19-12.46.06:805][592]LogModuleManager: Shutting down and abandoning module LinuxNoEditorTargetPlatform (118)
[2018.07.19-12.46.06:805][592]LogModuleManager: Shutting down and abandoning module LinuxClientTargetPlatform (116)
[2018.07.19-12.46.06:805][592]LogModuleManager: Shutting down and abandoning module TVOSTargetPlatform (114)
[2018.07.19-12.46.06:805][592]LogModuleManager: Shutting down and abandoning module Messaging (112)
[2018.07.19-12.46.06:805][592]LogModuleManager: Shutting down and abandoning module IOSTargetPlatform (110)
[2018.07.19-12.46.06:805][592]LogModuleManager: Shutting down and abandoning module HTML5TargetPlatform (108)
[2018.07.19-12.46.06:805][592]LogModuleManager: Shutting down and abandoning module AndroidTargetPlatform (106)
[2018.07.19-12.46.06:805][592]LogModuleManager: Shutting down and abandoning module Android_PVRTCTargetPlatform (104)
[2018.07.19-12.46.06:805][592]LogModuleManager: Shutting down and abandoning module Android_MultiTargetPlatform (102)
[2018.07.19-12.46.06:805][592]LogModuleManager: Shutting down and abandoning module Android_ETC2TargetPlatform (100)
[2018.07.19-12.46.06:805][592]LogModuleManager: Shutting down and abandoning module Android_ETC1TargetPlatform (98)
[2018.07.19-12.46.06:805][592]LogModuleManager: Shutting down and abandoning module Android_ETC1aTargetPlatform (96)
[2018.07.19-12.46.06:805][592]LogModuleManager: Shutting down and abandoning module Android_DXTTargetPlatform (94)
[2018.07.19-12.46.06:805][592]LogModuleManager: Shutting down and abandoning module Android_ATCTargetPlatform (92)
[2018.07.19-12.46.06:805][592]LogModuleManager: Shutting down and abandoning module Android_ASTCTargetPlatform (90)
[2018.07.19-12.46.06:805][592]LogModuleManager: Shutting down and abandoning module WindowsTargetPlatform (88)
[2018.07.19-12.46.06:805][592]LogModuleManager: Shutting down and abandoning module WindowsServerTargetPlatform (86)
[2018.07.19-12.46.06:805][592]LogModuleManager: Shutting down and abandoning module WindowsNoEditorTargetPlatform (84)
[2018.07.19-12.46.06:805][592]LogModuleManager: Shutting down and abandoning module WindowsClientTargetPlatform (82)
[2018.07.19-12.46.06:806][592]LogModuleManager: Shutting down and abandoning module MacTargetPlatform (80)
[2018.07.19-12.46.06:806][592]LogModuleManager: Shutting down and abandoning module MacServerTargetPlatform (78)
[2018.07.19-12.46.06:806][592]LogModuleManager: Shutting down and abandoning module MacNoEditorTargetPlatform (76)
[2018.07.19-12.46.06:806][592]LogModuleManager: Shutting down and abandoning module MacClientTargetPlatform (74)
[2018.07.19-12.46.06:806][592]LogModuleManager: Shutting down and abandoning module AllDesktopTargetPlatform (72)
[2018.07.19-12.46.06:806][592]LogModuleManager: Shutting down and abandoning module InputCore (69)
[2018.07.19-12.46.06:806][592]LogModuleManager: Shutting down and abandoning module Settings (67)
[2018.07.19-12.46.06:806][592]LogModuleManager: Shutting down and abandoning module PhysXCooking (65)
[2018.07.19-12.46.06:806][592]LogModuleManager: Shutting down and abandoning module SteamVR (63)
[2018.07.19-12.46.06:806][592]LogModuleManager: Shutting down and abandoning module OculusHMD (61)
[2018.07.19-12.46.06:806][592]LogModuleManager: Shutting down and abandoning module ExampleDeviceProfileSelector (59)
[2018.07.19-12.46.06:806][592]LogModuleManager: Shutting down and abandoning module AppleARKit (57)
[2018.07.19-12.46.06:806][592]LogModuleManager: Shutting down and abandoning module AugmentedReality (56)
[2018.07.19-12.46.06:806][592]LogModuleManager: Shutting down and abandoning module OnlineBlueprintSupport (53)
[2018.07.19-12.46.06:806][592]LogModuleManager: Shutting down and abandoning module OnlineSubsystem (49)
[2018.07.19-12.46.06:806][592]LogOnline: Display: OSS: FOnlineSubsystemNull::Shutdown()
[2018.07.19-12.46.06:806][592]LogOnline: Display: OSS: FOnlineAsyncTaskManager::Stop() ActiveTask:0000000000000000 Tasks[0/0]
[2018.07.19-12.46.06:808][592]LogOnline: Display: OSS: FOnlineAsyncTaskManager::Exit() started
[2018.07.19-12.46.06:808][592]LogOnline: Display: OSS: FOnlineAsyncTaskManager::Exit() finished
[2018.07.19-12.46.06:808][592]LogModuleManager: Shutting down and abandoning module XMPP (43)
[2018.07.19-12.46.06:808][592]LogModuleManager: Shutting down and abandoning module HTTP (41)
[2018.07.19-12.46.06:808][592]LogHttp: Display: Http module shutting down, but needs to wait on 2 outstanding Http requests:
[2018.07.19-12.46.06:808][592]LogHttp: Display: 	verb=[POST] url=[https://datarouter.ol.epicgames.com/datarouter/api/v1/public/data?SessionID=%7B6E120DC1-472A-33D3-ECDA-52B3AE1EB3F7%7D&AppID=UEEditor.Rocket.Release&AppVersion=4.19.2-4033788%2B%2B%2BUE4%2BRelease-4.19&UserID=00f463c347f798a7ee0a07be0778163d%7Cbc368c56eaeb4f89811cfa5da0e38a87%7Caa3c6284-6d3f-402b-b544-63f1e487cd60&AppEnvironment=datacollector-binary&UploadType=eteventstream] status=Processing
[2018.07.19-12.46.06:808][592]LogHttp: Display: 	verb=[POST] url=[https://datarouter.ol.epicgames.com/datarouter/api/v1/public/data?SessionID=%7B6E120DC1-472A-33D3-ECDA-52B3AE1EB3F7%7D&AppID=UEEditor.Rocket.Release&AppVersion=4.19.2-4033788%2B%2B%2BUE4%2BRelease-4.19&UserID=00f463c347f798a7ee0a07be0778163d%7Cbc368c56eaeb4f89811cfa5da0e38a87%7Caa3c6284-6d3f-402b-b544-63f1e487cd60&AppEnvironment=datacollector-binary&UploadType=eteventstream] status=Processing
[2018.07.19-12.46.06:828][592]LogModuleManager: Shutting down and abandoning module SSL (40)
[2018.07.19-12.46.06:830][592]LogModuleManager: Shutting down and abandoning module AnimationModifiers (36)
[2018.07.19-12.46.06:830][592]LogModuleManager: Shutting down and abandoning module PropertyEditor (35)
[2018.07.19-12.46.06:830][592]LogModuleManager: Shutting down and abandoning module AudioEditor (32)
[2018.07.19-12.46.06:831][592]LogModuleManager: Shutting down and abandoning module TextureCompressor (30)
[2018.07.19-12.46.06:831][592]LogModuleManager: Shutting down and abandoning module ShaderCore (28)
[2018.07.19-12.46.06:831][592]LogModuleManager: Shutting down and abandoning module Landscape (26)
[2018.07.19-12.46.06:832][592]LogModuleManager: Shutting down and abandoning module SlateRHIRenderer (24)
[2018.07.19-12.46.06:837][592]LogModuleManager: Shutting down and abandoning module OpenGLDrv (22)
[2018.07.19-12.46.06:837][592]LogModuleManager: Shutting down and abandoning module D3D11RHI (20)
[2018.07.19-12.46.06:837][592]LogModuleManager: Shutting down and abandoning module AnimGraphRuntime (18)
[2018.07.19-12.46.06:837][592]LogModuleManager: Shutting down and abandoning module Renderer (16)
[2018.07.19-12.46.06:837][592]LogModuleManager: Shutting down and abandoning module Engine (14)
[2018.07.19-12.46.06:837][592]LogModuleManager: Shutting down and abandoning module CoreUObject (12)
[2018.07.19-12.46.06:837][592]LogModuleManager: Shutting down and abandoning module NetworkFile (10)
[2018.07.19-12.46.06:837][592]LogModuleManager: Shutting down and abandoning module CookedIterativeFile (8)
[2018.07.19-12.46.06:837][592]LogModuleManager: Shutting down and abandoning module StreamingFile (6)
[2018.07.19-12.46.06:837][592]LogModuleManager: Shutting down and abandoning module SandboxFile (4)
[2018.07.19-12.46.06:837][592]LogModuleManager: Shutting down and abandoning module PakFile (2)
[2018.07.19-12.46.06:850][592]LogExit: Exiting.
[2018.07.19-12.46.06:880][592]Log file closed, 07/19/18 13:46:06
