Log file open, 07/19/18 13:40:44
LogWindows: Failed to load 'aqProf.dll' (GetLastError=126)
LogWindows: File 'aqProf.dll' does not exist
LogWindows: Failed to load 'VtuneApi.dll' (GetLastError=126)
LogWindows: File 'VtuneApi.dll' does not exist
LogWindows: Failed to load 'VtuneApi32e.dll' (GetLastError=126)
LogWindows: File 'VtuneApi32e.dll' does not exist
LogInit: Display: Running engine for game: CoopRogue
LogPlatformFile: Not using cached read wrapper
LogInit: Display: RandInit(1620581813) SRandInit(1620581813).
LogInit: Read version file with build ID '3944462'
LogInit: Overriding engine version to CL 4033788, compatible CL 3944462
LogInit: Registered custom module enumerator with build ID '3944462'
LogTaskGraph: Started task graph with 5 named threads and 14 total threads with 3 sets of task threads.
LogStats: Stats thread started at 0.273604
LogD3D11RHI: Aftermath initialized
LogICUInternationalization: Display: ICU TimeZone Detection - Raw Offset: +0:00, Platform Override: ''
LogModuleManager: Display: Found up-to-date module file ../../../Engine/Plugins/2D/Paper2D/Binaries/Win64/UE4Editor-Paper2D.dll (API version 3944462).
LogModuleManager: Display: Found up-to-date module file ../../../Engine/Plugins/2D/Paper2D/Binaries/Win64/UE4Editor-Paper2DEditor.dll (API version 3944462).
LogModuleManager: Display: Found up-to-date module file ../../../Engine/Plugins/2D/Paper2D/Binaries/Win64/UE4Editor-PaperSpriteSheetImporter.dll (API version 3944462).
LogModuleManager: Display: Found up-to-date module file ../../../Engine/Plugins/2D/Paper2D/Binaries/Win64/UE4Editor-PaperTiledImporter.dll (API version 3944462).
LogModuleManager: Display: Found up-to-date module file ../../../Engine/Plugins/2D/Paper2D/Binaries/Win64/UE4Editor-SmartSnapping.dll (API version 3944462).
LogModuleManager: Display: Found up-to-date module file ../../../Engine/Plugins/Blendables/LightPropagationVolume/Binaries/Win64/UE4Editor-LightPropagationVolumeRuntime.dll (API version 3944462).
LogModuleManager: Display: Found up-to-date module file ../../../Engine/Plugins/Blendables/LightPropagationVolume/Binaries/Win64/UE4Editor-LightPropagationVolumeEditor.dll (API version 3944462).
LogModuleManager: Display: Found up-to-date module file ../../../Engine/Plugins/Developer/CLionSourceCodeAccess/Binaries/Win64/UE4Editor-CLionSourceCodeAccess.dll (API version 3944462).
LogModuleManager: Display: Found up-to-date module file ../../../Engine/Plugins/Developer/GitSourceControl/Binaries/Win64/UE4Editor-GitSourceControl.dll (API version 3944462).
LogModuleManager: Display: Found up-to-date module file ../../../Engine/Plugins/Developer/PerforceSourceControl/Binaries/Win64/UE4Editor-PerforceSourceControl.dll (API version 3944462).
LogModuleManager: Display: Found up-to-date module file ../../../Engine/Plugins/Developer/SubversionSourceControl/Binaries/Win64/UE4Editor-SubversionSourceControl.dll (API version 3944462).
LogModuleManager: Display: Found up-to-date module file ../../../Engine/Plugins/Developer/UObjectPlugin/Binaries/Win64/UE4Editor-UObjectPlugin.dll (API version 3944462).
LogModuleManager: Display: Found up-to-date module file ../../../Engine/Plugins/Developer/VisualStudioCodeSourceCodeAccess/Binaries/Win64/UE4Editor-VisualStudioCodeSourceCodeAccess.dll (API version 3944462).
LogModuleManager: Display: Found up-to-date module file ../../../Engine/Plugins/Developer/VisualStudioSourceCodeAccess/Binaries/Win64/UE4Editor-VisualStudioSourceCodeAccess.dll (API version 3944462).
LogModuleManager: Display: Found up-to-date module file ../../../Engine/Plugins/Editor/AssetManagerEditor/Binaries/Win64/UE4Editor-AssetManagerEditor.dll (API version 3944462).
LogModuleManager: Display: Found up-to-date module file ../../../Engine/Plugins/Editor/CryptoKeys/Binaries/Win64/UE4Editor-CryptoKeys.dll (API version 3944462).
LogModuleManager: Display: Found up-to-date module file ../../../Engine/Plugins/Editor/CryptoKeys/Binaries/Win64/UE4Editor-CryptoKeysOpenSSL.dll (API version 3944462).
LogModuleManager: Display: Found up-to-date module file ../../../Engine/Plugins/Editor/DataValidation/Binaries/Win64/UE4Editor-DataValidation.dll (API version 3944462).
LogModuleManager: Display: Found up-to-date module file ../../../Engine/Plugins/Editor/FacialAnimation/Binaries/Win64/UE4Editor-FacialAnimation.dll (API version 3944462).
LogModuleManager: Display: Found up-to-date module file ../../../Engine/Plugins/Editor/FacialAnimation/Binaries/Win64/UE4Editor-FacialAnimationEditor.dll (API version 3944462).
LogModuleManager: Display: Found up-to-date module file ../../../Engine/Plugins/Editor/GameplayTagsEditor/Binaries/Win64/UE4Editor-GameplayTagsEditor.dll (API version 3944462).
LogModuleManager: Display: Found up-to-date module file ../../../Engine/Plugins/Editor/MobileLauncherProfileWizard/Binaries/Win64/UE4Editor-MobileLauncherProfileWizard.dll (API version 3944462).
LogModuleManager: Display: Found up-to-date module file ../../../Engine/Plugins/Editor/PluginBrowser/Binaries/Win64/UE4Editor-PluginBrowser.dll (API version 3944462).
LogModuleManager: Display: Found up-to-date module file ../../../Engine/Plugins/Editor/SpeedTreeImporter/Binaries/Win64/UE4Editor-SpeedTreeImporter.dll (API version 3944462).
LogModuleManager: Display: Found up-to-date module file ../../../Engine/Plugins/Enterprise/DatasmithContent/Binaries/Win64/UE4Editor-DatasmithContent.dll (API version 3944462).
LogModuleManager: Display: Found up-to-date module file ../../../Engine/Plugins/Experimental/AlembicImporter/Binaries/Win64/UE4Editor-AlembicImporter.dll (API version 3944462).
LogModuleManager: Display: Found up-to-date module file ../../../Engine/Plugins/Experimental/AlembicImporter/Binaries/Win64/UE4Editor-AlembicLibrary.dll (API version 3944462).
LogModuleManager: Display: Found up-to-date module file ../../../Engine/Plugins/Experimental/CharacterAI/Binaries/Win64/UE4Editor-CharacterAI.dll (API version 3944462).
LogModuleManager: Display: Found up-to-date module file ../../../Engine/Plugins/Experimental/HTML5Networking/Binaries/Win64/UE4Editor-HTML5Networking.dll (API version 3944462).
LogModuleManager: Display: Found up-to-date module file ../../../Engine/Plugins/Media/AndroidMedia/Binaries/Win64/UE4Editor-AndroidMediaEditor.dll (API version 3944462).
LogModuleManager: Display: Found up-to-date module file ../../../Engine/Plugins/Media/AndroidMedia/Binaries/Win64/UE4Editor-AndroidMediaFactory.dll (API version 3944462).
LogModuleManager: Display: Found up-to-date module file ../../../Engine/Plugins/Media/AvfMedia/Binaries/Win64/UE4Editor-AvfMediaEditor.dll (API version 3944462).
LogModuleManager: Display: Found up-to-date module file ../../../Engine/Plugins/Media/AvfMedia/Binaries/Win64/UE4Editor-AvfMediaFactory.dll (API version 3944462).
LogModuleManager: Display: Found up-to-date module file ../../../Engine/Plugins/Media/AvfMedia/Binaries/Win64/UE4Editor-AvfMediaFactory.dll (API version 3944462).
LogModuleManager: Display: Found up-to-date module file ../../../Engine/Plugins/Media/ImgMedia/Binaries/Win64/UE4Editor-ImgMedia.dll (API version 3944462).
LogModuleManager: Display: Found up-to-date module file ../../../Engine/Plugins/Media/ImgMedia/Binaries/Win64/UE4Editor-ImgMediaEditor.dll (API version 3944462).
LogModuleManager: Display: Found up-to-date module file ../../../Engine/Plugins/Media/ImgMedia/Binaries/Win64/UE4Editor-ImgMediaFactory.dll (API version 3944462).
LogModuleManager: Display: Found up-to-date module file ../../../Engine/Plugins/Media/ImgMedia/Binaries/Win64/UE4Editor-ImgMediaFactory.dll (API version 3944462).
LogModuleManager: Display: Found up-to-date module file ../../../Engine/Plugins/Media/ImgMedia/Binaries/Win64/UE4Editor-OpenExrWrapper.dll (API version 3944462).
LogModuleManager: Display: Found up-to-date module file ../../../Engine/Plugins/Media/LinearTimecode/Binaries/Win64/UE4Editor-LinearTimecode.dll (API version 3944462).
LogModuleManager: Display: Found up-to-date module file ../../../Engine/Plugins/Media/MediaCompositing/Binaries/Win64/UE4Editor-MediaCompositing.dll (API version 3944462).
LogModuleManager: Display: Found up-to-date module file ../../../Engine/Plugins/Media/MediaCompositing/Binaries/Win64/UE4Editor-MediaCompositingEditor.dll (API version 3944462).
LogModuleManager: Display: Found up-to-date module file ../../../Engine/Plugins/Media/MediaPlayerEditor/Binaries/Win64/UE4Editor-MediaPlayerEditor.dll (API version 3944462).
LogModuleManager: Display: Found up-to-date module file ../../../Engine/Plugins/Media/WmfMedia/Binaries/Win64/UE4Editor-WmfMedia.dll (API version 3944462).
LogModuleManager: Display: Found up-to-date module file ../../../Engine/Plugins/Media/WmfMedia/Binaries/Win64/UE4Editor-WmfMediaEditor.dll (API version 3944462).
LogModuleManager: Display: Found up-to-date module file ../../../Engine/Plugins/Media/WmfMedia/Binaries/Win64/UE4Editor-WmfMediaFactory.dll (API version 3944462).
LogModuleManager: Display: Found up-to-date module file ../../../Engine/Plugins/Media/WmfMedia/Binaries/Win64/UE4Editor-WmfMediaFactory.dll (API version 3944462).
LogModuleManager: Display: Found up-to-date module file ../../../Engine/Plugins/Messaging/TcpMessaging/Binaries/Win64/UE4Editor-TcpMessaging.dll (API version 3944462).
LogModuleManager: Display: Found up-to-date module file ../../../Engine/Plugins/Messaging/UdpMessaging/Binaries/Win64/UE4Editor-UdpMessaging.dll (API version 3944462).
LogModuleManager: Display: Found up-to-date module file ../../../Engine/Plugins/MovieScene/ActorSequence/Binaries/Win64/UE4Editor-ActorSequence.dll (API version 3944462).
LogModuleManager: Display: Found up-to-date module file ../../../Engine/Plugins/MovieScene/LevelSequenceEditor/Binaries/Win64/UE4Editor-LevelSequenceEditor.dll (API version 3944462).
LogModuleManager: Display: Found up-to-date module file ../../../Engine/Plugins/MovieScene/MatineeToLevelSequence/Binaries/Win64/UE4Editor-MatineeToLevelSequence.dll (API version 3944462).
LogModuleManager: Display: Found up-to-date module file ../../../Engine/Plugins/NetcodeUnitTest/NetcodeUnitTest/Binaries/Win64/UE4Editor-NetcodeUnitTest.dll (API version 3944462).
LogModuleManager: Display: Found up-to-date module file ../../../Engine/Plugins/NetcodeUnitTest/NUTUnrealEngine4/Binaries/Win64/UE4Editor-NUTUnrealEngine4.dll (API version 3944462).
LogModuleManager: Display: Found up-to-date module file ../../../Engine/Plugins/Online/OnlineSubsystem/Binaries/Win64/UE4Editor-OnlineSubsystem.dll (API version 3944462).
LogModuleManager: Display: Found up-to-date module file ../../../Engine/Plugins/Runtime/AndroidPermission/Binaries/Win64/UE4Editor-AndroidPermission.dll (API version 3944462).
LogModuleManager: Display: Found up-to-date module file ../../../Engine/Plugins/Online/OnlineSubsystemNull/Binaries/Win64/UE4Editor-OnlineSubsystemNull.dll (API version 3944462).
LogModuleManager: Display: Found up-to-date module file ../../../Engine/Plugins/Online/OnlineSubsystemUtils/Binaries/Win64/UE4Editor-OnlineSubsystemUtils.dll (API version 3944462).
LogModuleManager: Display: Found up-to-date module file ../../../Engine/Plugins/Online/OnlineSubsystemUtils/Binaries/Win64/UE4Editor-OnlineBlueprintSupport.dll (API version 3944462).
LogModuleManager: Display: Found up-to-date module file ../../../Engine/Plugins/Runtime/AndroidDeviceProfileSelector/Binaries/Win64/UE4Editor-AndroidDeviceProfileSelector.dll (API version 3944462).
LogModuleManager: Display: Found up-to-date module file ../../../Engine/Plugins/Runtime/AppleARKit/Binaries/Win64/UE4Editor-AppleARKit.dll (API version 3944462).
LogModuleManager: Display: Found up-to-date module file ../../../Engine/Plugins/Runtime/ProceduralMeshComponent/Binaries/Win64/UE4Editor-ProceduralMeshComponent.dll (API version 3944462).
LogModuleManager: Display: Found up-to-date module file ../../../Engine/Plugins/Runtime/ProceduralMeshComponent/Binaries/Win64/UE4Editor-ProceduralMeshComponentEditor.dll (API version 3944462).
LogModuleManager: Display: Found up-to-date module file ../../../Engine/Plugins/Animation/LiveLink/Binaries/Win64/UE4Editor-LiveLink.dll (API version 3944462).
LogModuleManager: Display: Found up-to-date module file ../../../Engine/Plugins/Animation/LiveLink/Binaries/Win64/UE4Editor-LiveLinkEditor.dll (API version 3944462).
LogModuleManager: Display: Found up-to-date module file ../../../Engine/Plugins/Runtime/ArchVisCharacter/Binaries/Win64/UE4Editor-ArchVisCharacter.dll (API version 3944462).
LogModuleManager: Display: Found up-to-date module file ../../../Engine/Plugins/Runtime/AudioCapture/Binaries/Win64/UE4Editor-AudioCapture.dll (API version 3944462).
LogModuleManager: Display: Found up-to-date module file ../../../Engine/Plugins/Runtime/AudioCapture/Binaries/Win64/UE4Editor-AudioCaptureEditor.dll (API version 3944462).
LogModuleManager: Display: Found up-to-date module file ../../../Engine/Plugins/Runtime/CableComponent/Binaries/Win64/UE4Editor-CableComponent.dll (API version 3944462).
LogModuleManager: Display: Found up-to-date module file ../../../Engine/Plugins/Runtime/CustomMeshComponent/Binaries/Win64/UE4Editor-CustomMeshComponent.dll (API version 3944462).
LogModuleManager: Display: Found up-to-date module file ../../../Engine/Plugins/Runtime/ExampleDeviceProfileSelector/Binaries/Win64/UE4Editor-ExampleDeviceProfileSelector.dll (API version 3944462).
LogModuleManager: Display: Found up-to-date module file ../../../Engine/Plugins/Runtime/ImmediatePhysics/Binaries/Win64/UE4Editor-ImmediatePhysics.dll (API version 3944462).
LogModuleManager: Display: Found up-to-date module file ../../../Engine/Plugins/Runtime/ImmediatePhysics/Binaries/Win64/UE4Editor-ImmediatePhysicsEditor.dll (API version 3944462).
LogModuleManager: Display: Found up-to-date module file ../../../Engine/Plugins/Runtime/LocationServicesBPLibrary/Binaries/Win64/UE4Editor-LocationServicesBPLibrary.dll (API version 3944462).
LogModuleManager: Display: Found up-to-date module file ../../../Engine/Plugins/Runtime/MobilePatchingUtils/Binaries/Win64/UE4Editor-MobilePatchingUtils.dll (API version 3944462).
LogModuleManager: Display: Found up-to-date module file ../../../Engine/Plugins/Runtime/Oculus/OculusVR/Binaries/Win64/UE4Editor-OculusHMD.dll (API version 3944462).
LogModuleManager: Display: Found up-to-date module file ../../../Engine/Plugins/Runtime/Oculus/OculusVR/Binaries/Win64/UE4Editor-OculusInput.dll (API version 3944462).
LogModuleManager: Display: Found up-to-date module file ../../../Engine/Plugins/Runtime/Oculus/OculusVR/Binaries/Win64/UE4Editor-OculusEditor.dll (API version 3944462).
LogModuleManager: Display: Found up-to-date module file ../../../Engine/Plugins/Runtime/PhysXVehicles/Binaries/Win64/UE4Editor-PhysXVehicles.dll (API version 3944462).
LogModuleManager: Display: Found up-to-date module file ../../../Engine/Plugins/Runtime/PhysXVehicles/Binaries/Win64/UE4Editor-PhysXVehiclesEditor.dll (API version 3944462).
LogModuleManager: Display: Found up-to-date module file ../../../Engine/Plugins/Runtime/RuntimePhysXCooking/Binaries/Win64/UE4Editor-RuntimePhysXCooking.dll (API version 3944462).
LogModuleManager: Display: Found up-to-date module file ../../../Engine/Plugins/Runtime/Steam/SteamVR/Binaries/Win64/UE4Editor-SteamVR.dll (API version 3944462).
LogModuleManager: Display: Found up-to-date module file ../../../Engine/Plugins/Runtime/Steam/SteamVR/Binaries/Win64/UE4Editor-SteamVRController.dll (API version 3944462).
LogModuleManager: Display: Found up-to-date module file ../../../Engine/Plugins/Runtime/WindowsMoviePlayer/Binaries/Win64/UE4Editor-WindowsMoviePlayer.dll (API version 3944462).
LogPluginManager: Mounting plugin Paper2D
LogPluginManager: Mounting plugin LiveLink
LogPluginManager: Mounting plugin LightPropagationVolume
LogPluginManager: Mounting plugin CLionSourceCodeAccess
LogPluginManager: Mounting plugin CodeLiteSourceCodeAccess
LogPluginManager: Mounting plugin GitSourceControl
LogPluginManager: Mounting plugin KDevelopSourceCodeAccess
LogPluginManager: Mounting plugin NullSourceCodeAccess
LogPluginManager: Mounting plugin PerforceSourceControl
LogPluginManager: Mounting plugin SubversionSourceControl
LogPluginManager: Mounting plugin UObjectPlugin
LogPluginManager: Mounting plugin VisualStudioCodeSourceCodeAccess
LogPluginManager: Mounting plugin VisualStudioSourceCodeAccess
LogPluginManager: Mounting plugin XCodeSourceCodeAccess
LogPluginManager: Mounting plugin AssetManagerEditor
LogPluginManager: Mounting plugin CryptoKeys
LogPluginManager: Mounting plugin DataValidation
LogPluginManager: Mounting plugin FacialAnimation
LogPluginManager: Mounting plugin GameplayTagsEditor
LogPluginManager: Mounting plugin MobileLauncherProfileWizard
LogPluginManager: Mounting plugin PluginBrowser
LogPluginManager: Mounting plugin SpeedTreeImporter
LogPluginManager: Mounting plugin DatasmithContent
LogPluginManager: Mounting plugin AlembicImporter
LogPluginManager: Mounting plugin CharacterAI
LogPluginManager: Mounting plugin HTML5Networking
LogPluginManager: Mounting plugin AndroidMedia
LogPluginManager: Mounting plugin AvfMedia
LogPluginManager: Mounting plugin ImgMedia
LogPluginManager: Mounting plugin LinearTimecode
LogPluginManager: Mounting plugin MediaCompositing
LogPluginManager: Mounting plugin MediaPlayerEditor
LogPluginManager: Mounting plugin WmfMedia
LogPluginManager: Mounting plugin TcpMessaging
LogPluginManager: Mounting plugin UdpMessaging
LogPluginManager: Mounting plugin ActorSequence
LogPluginManager: Mounting plugin LevelSequenceEditor
LogPluginManager: Mounting plugin MatineeToLevelSequence
LogPluginManager: Mounting plugin NetcodeUnitTest
LogPluginManager: Mounting plugin NUTUnrealEngine4
LogPluginManager: Mounting plugin OnlineSubsystemGooglePlay
LogPluginManager: Mounting plugin OnlineSubsystemIOS
LogPluginManager: Mounting plugin OnlineSubsystem
LogPluginManager: Mounting plugin OnlineSubsystemNull
LogPluginManager: Mounting plugin OnlineSubsystemUtils
LogPluginManager: Mounting plugin AndroidDeviceProfileSelector
LogPluginManager: Mounting plugin AndroidMoviePlayer
LogPluginManager: Mounting plugin AndroidPermission
LogPluginManager: Mounting plugin AppleARKit
LogPluginManager: Mounting plugin AppleMoviePlayer
LogPluginManager: Mounting plugin ArchVisCharacter
LogPluginManager: Mounting plugin AudioCapture
LogPluginManager: Mounting plugin CableComponent
LogPluginManager: Mounting plugin CustomMeshComponent
LogPluginManager: Mounting plugin ExampleDeviceProfileSelector
LogPluginManager: Mounting plugin GoogleCloudMessaging
LogPluginManager: Mounting plugin ImmediatePhysics
LogPluginManager: Mounting plugin IOSDeviceProfileSelector
LogPluginManager: Mounting plugin LinuxDeviceProfileSelector
LogPluginManager: Mounting plugin LocationServicesBPLibrary
LogPluginManager: Mounting plugin MobilePatchingUtils
LogPluginManager: Mounting plugin OculusVR
LogPluginManager: Plugin shader directory ../../../Engine/Plugins/Runtime/Oculus/OculusVR/Shaders found
LogPluginManager: Mapping shader source directory ../../../Engine/Plugins/Runtime/Oculus/OculusVR/Shaders to virtual directory /Plugin/OculusVR
LogPluginManager: Mounting plugin PhysXVehicles
LogPluginManager: Mounting plugin ProceduralMeshComponent
LogPluginManager: Mounting plugin RuntimePhysXCooking
LogPluginManager: Mounting plugin SteamVR
LogPluginManager: Mounting plugin WindowsMoviePlayer
LogStreaming: Display: Took  2.657s to configure plugins.
LogInit: Using libcurl 7.47.1
LogInit:  - built for x86_64-pc-win32
LogInit:  - supports SSL with OpenSSL/1.0.2g
LogInit:  - supports HTTP deflate (compression) using libz 1.2.8
LogInit:  - other features:
LogInit:      CURL_VERSION_SSL
LogInit:      CURL_VERSION_LIBZ
LogInit:      CURL_VERSION_IPV6
LogInit:      CURL_VERSION_ASYNCHDNS
LogInit:      CURL_VERSION_LARGEFILE
LogInit:      CURL_VERSION_IDN
LogInit:  CurlRequestOptions (configurable via config and command line):
LogInit:  - bVerifyPeer = false  - Libcurl will NOT verify peer certificate
LogInit:  - bUseHttpProxy = false  - Libcurl will NOT use HTTP proxy
LogInit:  - bDontReuseConnections = false  - Libcurl will reuse connections
LogInit:  - CertBundlePath = nullptr  - Libcurl will use whatever was configured at build time.
LogInit:  - MaxHostConnections = 16  - Libcurl will limit the number of connections to a host
LogInit:  - LocalHostAddr = Default
LogModuleManager: Warning: No filename provided for module OnlineSubsystemSteam
LogModuleManager: Warning: ModuleManager: Unable to load module 'OnlineSubsystemSteam' because the file 'F:/Juegos/UE_4.19/Engine/Binaries/Win64/' was not found.
LogInit: WinSock: version 1.1 (2.2), MaxSocks=32767, MaxUdp=65467
LogInit: WinSock: I am Q6600 (192.168.1.42:0)
LogInit: Build: ++UE4+Release-4.19-CL-4033788
LogInit: Engine Version: 4.19.2-4033788+++UE4+Release-4.19
LogInit: Compatible Engine Version: 4.19.0-3944462+++UE4+Release-4.19
LogInit: Net CL: 3944462
LogDevObjectVersion: Number of dev versions registered: 18
LogDevObjectVersion:   Dev-Blueprints (B0D832E4-1F89-4F0D-ACCF-7EB736FD4AA2): 10
LogDevObjectVersion:   Dev-Build (E1C64328-A22C-4D53-A36C-8E866417BD8C): 0
LogDevObjectVersion:   Dev-Core (375EC13C-06E4-48FB-B500-84F0262A717E): 2
LogDevObjectVersion:   Dev-Editor (E4B068ED-F494-42E9-A231-DA0B2E46BB41): 23
LogDevObjectVersion:   Dev-Framework (CFFC743F-43B0-4480-9391-14DF171D2073): 33
LogDevObjectVersion:   Dev-Mobile (B02B49B5-BB20-44E9-A304-32B752E40360): 2
LogDevObjectVersion:   Dev-Networking (A4E4105C-59A1-49B5-A7C5-40C4547EDFEE): 0
LogDevObjectVersion:   Dev-Online (39C831C9-5AE6-47DC-9A44-9C173E1C8E7C): 0
LogDevObjectVersion:   Dev-Physics (78F01B33-EBEA-4F98-B9B4-84EACCB95AA2): 0
LogDevObjectVersion:   Dev-Platform (6631380F-2D4D-43E0-8009-CF276956A95A): 0
LogDevObjectVersion:   Dev-Rendering (12F88B9F-8875-4AFC-A67C-D90C383ABD29): 25
LogDevObjectVersion:   Dev-Sequencer (7B5AE74C-D270-4C10-A958-57980B212A5A): 6
LogDevObjectVersion:   Dev-VR (D7296918-1DD6-4BDD-9DE2-64A83CC13884): 1
LogDevObjectVersion:   Dev-LoadTimes (C2A15278-BFE7-4AFE-6C17-90FF531DF755): 1
LogDevObjectVersion:   Private-Geometry (6EACA3D4-40EC-4CC1-B786-8BED09428FC5): 2
LogDevObjectVersion:   Dev-AnimPhys (29E575DD-E0A3-4627-9D10-D276232CDCEA): 16
LogDevObjectVersion:   Dev-ReflectionCapture (6B266CEC-1EC7-4B8F-A30B-E4D90942FC07): 1
LogDevObjectVersion:   Dev-Automation (0DF73D61-A23F-47EA-B727-89E90C41499A): 1
LogInit: Compiled (64-bit): Apr 27 2018 02:06:57
LogInit: Compiled with Visual C++: 19.00.24215.01
LogInit: Build Configuration: Development
LogInit: Branch Name: ++UE4+Release-4.19
LogInit: Command Line:  -game
LogInit: Base Directory: F:/Juegos/UE_4.19/Engine/Binaries/Win64/
LogInit: Installed Engine Build: 1
LogStreaming: Display: Took  0.001s to delete old logs.
LogInit: Presizing for max 8388607 objects, including 0 objects not considered by GC, pre-allocating 0 bytes for permanent pool.
LogInit: Object subsystem initialized
[2018.07.19-12.40.48:036][  0]LogInit: Selected Device Profile: [Windows]
[2018.07.19-12.40.48:036][  0]LogInit: Applying CVar settings loaded from the selected device profile: [Windows]
[2018.07.19-12.40.48:069][  0]LogInit: Computer: Q6600
[2018.07.19-12.40.48:069][  0]LogInit: User: bitt3rman
[2018.07.19-12.40.48:069][  0]LogInit: CPU Page size=4096, Cores=4
[2018.07.19-12.40.48:069][  0]LogInit: High frequency timer resolution =2.343833 MHz
[2018.07.19-12.40.48:070][  0]LogMemory: Memory total: Physical=8.0GB (8GB approx)
[2018.07.19-12.40.48:070][  0]LogMemory: Platform Memory Stats for Windows
[2018.07.19-12.40.48:070][  0]LogMemory: Process Physical Memory: 273.30 MB used, 273.30 MB peak
[2018.07.19-12.40.48:070][  0]LogMemory: Process Virtual Memory: 262.05 MB used, 262.05 MB peak
[2018.07.19-12.40.48:070][  0]LogMemory: Physical Memory: 5833.94 MB used,  2356.55 MB free, 8190.49 MB total
[2018.07.19-12.40.48:070][  0]LogMemory: Virtual Memory: 4767.13 MB used,  2356.55 MB free, 134217728.00 MB total
[2018.07.19-12.40.48:116][  0]LogInit: Using OS detected language (es-ES).
[2018.07.19-12.40.48:116][  0]LogInit: Using OS detected locale (es-ES).
[2018.07.19-12.40.48:116][  0]LogTextLocalizationManager: No localization for 'es-ES' exists, so 'en' will be used for the language.
[2018.07.19-12.40.48:116][  0]LogTextLocalizationManager: No localization for 'es-ES' exists, so 'en' will be used for the locale.
[2018.07.19-12.40.49:060][  0]LogStreaming: Display: Took  0.945s to EndInitTextLocalization.
[2018.07.19-12.40.49:112][  0]LogSlate: New Slate User Created.  User Index 0, Is Virtual User: 0
[2018.07.19-12.40.49:112][  0]LogSlate: Slate User Registered.  User Index 0, Is Virtual User: 0
[2018.07.19-12.40.49:121][  0]LogD3D11RHI: D3D11 adapters:
[2018.07.19-12.40.49:220][  0]LogD3D11RHI:    0. 'NVIDIA GeForce GT 730' (Feature Level 11_0)
[2018.07.19-12.40.49:220][  0]LogD3D11RHI:       2018/0/4095 MB DedicatedVideo/DedicatedSystem/SharedSystem, Outputs:1, VendorId:0x10de
[2018.07.19-12.40.49:225][  0]LogD3D11RHI:    1. 'Microsoft Basic Render Driver' (Feature Level 11_0)
[2018.07.19-12.40.49:225][  0]LogD3D11RHI:       0/0/4095 MB DedicatedVideo/DedicatedSystem/SharedSystem, Outputs:0, VendorId:0x1414
[2018.07.19-12.40.49:225][  0]LogD3D11RHI: Chosen D3D11 Adapter: 0
[2018.07.19-12.40.49:241][  0]LogD3D11RHI: Creating new Direct3DDevice
[2018.07.19-12.40.49:241][  0]LogD3D11RHI:     GPU DeviceId: 0x1287 (for the marketing name, search the web for "GPU Device Id")
[2018.07.19-12.40.49:241][  0]LogWindows: EnumDisplayDevices:
[2018.07.19-12.40.49:241][  0]LogWindows:    0. 'NVIDIA GeForce GT 730' (P:1 D:1)
[2018.07.19-12.40.49:242][  0]LogWindows:    1. 'NVIDIA GeForce GT 730' (P:0 D:0)
[2018.07.19-12.40.49:243][  0]LogWindows:    2. 'NVIDIA GeForce GT 730' (P:0 D:0)
[2018.07.19-12.40.49:243][  0]LogWindows: DebugString: GetVideoDriverDetailsInvalid PrimaryIsNotTheChoosenAdapter GetVideoDriverDetailsInvalid PrimaryIsNotTheChoosenAdapter GetVideoDriverDetailsInvalid PrimaryIsNotTheChoosenAdapter FoundDriverCount:0 
[2018.07.19-12.40.49:243][  0]LogD3D11RHI:     Adapter Name: NVIDIA GeForce GT 730
[2018.07.19-12.40.49:243][  0]LogD3D11RHI:   Driver Version: Unknown (internal:Unknown, unified:Unknown)
[2018.07.19-12.40.49:243][  0]LogD3D11RHI:      Driver Date: Unknown
[2018.07.19-12.40.49:243][  0]LogRHI: Texture pool is 1413 MB (70% of 2018 MB)
[2018.07.19-12.40.49:313][  0]LogD3D11RHI: [Aftermath] Aftermath enabled but failed to initialize
[2018.07.19-12.40.49:313][  0]LogD3D11RHI: [Aftermath] Aftermath enabled and primed
[2018.07.19-12.40.49:313][  0]LogD3D11RHI: Async texture creation enabled
[2018.07.19-12.40.49:330][  0]LogD3D11RHI: GPU Timing Frequency: 1000.000000 (Debug: 2 1)
[2018.07.19-12.40.49:334][  0]LogShaderCompilers: Guid format shader working directory is 17 characters bigger than the processId version (../../../../UE_Projects/CoopRogue/Intermediate/Shaders/WorkingDirectory/7204/).
[2018.07.19-12.40.49:334][  0]LogShaderCompilers: Cleaned the shader compiler working directory 'C:/Users/bitt3rman/AppData/Local/Temp/UnrealShaderWorkingDir/3B42F1CB406288751D816B83FA4B2999/'.
[2018.07.19-12.40.50:193][  0]LogTemp: Display: Loaded TP WindowsClientTargetPlatform
[2018.07.19-12.40.50:225][  0]LogTemp: Display: Loaded TP WindowsNoEditorTargetPlatform
[2018.07.19-12.40.50:258][  0]LogTemp: Display: Loaded TP WindowsServerTargetPlatform
[2018.07.19-12.40.50:292][  0]LogTemp: Display: Loaded TP WindowsTargetPlatform
[2018.07.19-12.40.50:292][  0]LogTargetPlatformManager: Display: Building Assets For Windows
[2018.07.19-12.40.50:559][  0]LogXGEController: Cannot use XGE Controller as Incredibuild is not installed on this machine.
[2018.07.19-12.40.50:559][  0]LogShaderCompilers: Cannot use XGE Shader Compiler as Incredibuild is not installed on this machine.
[2018.07.19-12.40.50:559][  0]LogShaderCompilers: Display: Using Local Shader Compiler.
[2018.07.19-12.40.52:392][  0]LogDerivedDataCache: Display: Max Cache Size: 512 MB
[2018.07.19-12.40.52:671][  0]LogDerivedDataCache: Loaded boot cache 0.28s 74MB C:/Users/bitt3rman/AppData/Local/UnrealEngine/4.19/DerivedDataCache/Boot.ddc.
[2018.07.19-12.40.52:671][  0]LogDerivedDataCache: Display: Loaded Boot cache: C:/Users/bitt3rman/AppData/Local/UnrealEngine/4.19/DerivedDataCache/Boot.ddc
[2018.07.19-12.40.52:672][  0]LogDerivedDataCache: FDerivedDataBackendGraph:  Pak pak cache file ../../../../UE_Projects/CoopRogue/DerivedDataCache/DDC.ddp not found, will not use a pak cache.
[2018.07.19-12.40.52:672][  0]LogDerivedDataCache: Unable to find inner node Pak for hierarchical cache Hierarchy.
[2018.07.19-12.40.52:672][  0]LogDerivedDataCache: FDerivedDataBackendGraph:  CompressedPak pak cache file ../../../../UE_Projects/CoopRogue/DerivedDataCache/Compressed.ddp not found, will not use a pak cache.
[2018.07.19-12.40.52:672][  0]LogDerivedDataCache: Unable to find inner node CompressedPak for hierarchical cache Hierarchy.
[2018.07.19-12.40.52:704][  0]LogDerivedDataCache: Display: Pak cache opened for reading ../../../Engine/DerivedDataCache/Compressed.ddp.
[2018.07.19-12.40.52:720][  0]LogDerivedDataCache: Using Local data cache path C:/Users/bitt3rman/AppData/Local/UnrealEngine/Common/DerivedDataCache: Writable
[2018.07.19-12.40.52:720][  0]LogDerivedDataCache: Shared data cache path not found in *engine.ini, will not use an Shared cache.
[2018.07.19-12.40.52:720][  0]LogDerivedDataCache: Unable to find inner node Shared for hierarchical cache Hierarchy.
[2018.07.19-12.40.52:748][  0]LogMaterial: Verifying Global Shaders for PCD3D_SM5
[2018.07.19-12.40.52:749][  0]LogSlate: Using Freetype 2.6.0
[2018.07.19-12.40.52:750][  0]LogSlate: SlateFontCache - WITH_FREETYPE: 1, WITH_HARFBUZZ: 1
[2018.07.19-12.40.52:750][  0]LogSlate: SlateFontCache - WITH_FREETYPE: 1, WITH_HARFBUZZ: 1
[2018.07.19-12.40.52:994][  0]LogAssetRegistry: FAssetRegistry took 0.0107 seconds to start up
[2018.07.19-12.40.53:625][  0]LogPackageLocalizationCache: Processed 9 localized package path(s) for 1 prioritized culture(s) in 0.122274 seconds
[2018.07.19-12.40.53:887][  0]LogInit: Selected Device Profile: [Windows]
[2018.07.19-12.40.54:207][  0]LogSimplygon: Simplygon DLL not present - disabling.
[2018.07.19-12.40.54:220][  0]LogMeshReduction: Using SimplygonSwarm for distributed automatic mesh merging
[2018.07.19-12.40.54:220][  0]LogMeshReduction: Using QuadricMeshReduction for automatic static mesh reduction
[2018.07.19-12.40.54:220][  0]LogMeshReduction: No automatic skeletal mesh reduction module available
[2018.07.19-12.40.54:220][  0]LogMeshReduction: No automatic mesh merging module available
[2018.07.19-12.40.54:220][  0]LogMeshMerging: No automatic mesh merging module available
[2018.07.19-12.40.54:298][  0]LogNetVersion: CoopRogue , NetCL: 3944462, EngineNetVer: 2, GameNetVer: 0 (Checksum: 382633687)
[2018.07.19-12.40.56:349][  0]LogMoviePlayer: Initializing movie player
[2018.07.19-12.40.57:591][  0]SourceControl: Source control is disabled
[2018.07.19-12.40.57:592][  0]SourceControl: Source control is disabled
[2018.07.19-12.40.57:638][  0]SourceControl: Source control is disabled
[2018.07.19-12.40.58:422][  0]LogAndroidPermission: UAndroidPermissionCallbackProxy::GetInstance
[2018.07.19-12.40.58:812][  0]LogOcInput: OculusInput pre-init called
[2018.07.19-12.40.58:923][  0]LogUObjectArray: 40124 objects as part of root set at end of initial load.
[2018.07.19-12.40.58:924][  0]LogUObjectAllocator: 8364208 out of 0 bytes used by permanent object pool.
[2018.07.19-12.40.58:924][  0]LogUObjectArray: CloseDisregardForGC: 0/0 objects in disregard for GC pool
[2018.07.19-12.40.59:014][  0]LogEngine: Initializing Engine...
[2018.07.19-12.40.59:018][  0]LogHMD: Failed to initialize OpenVR with code 110
[2018.07.19-12.40.59:032][  0]LogStats: UGameplayTagsManager::ConstructGameplayTagTree: Construct from data asset -  0.000 s
[2018.07.19-12.40.59:032][  0]LogStats: UGameplayTagsManager::ConstructGameplayTagTree: GameplayTagTreeChangedEvent.Broadcast -  0.000 s
[2018.07.19-12.40.59:569][  0]LogInit: XAudio2 using 'Speakers (High Definition Audio Device)' : 2 channels at 48 kHz using 16 bits per sample (channel mask 0x3)
[2018.07.19-12.40.59:612][  0]LogInit: FAudioDevice initialized.
[2018.07.19-12.40.59:998][  0]LogDerivedDataCache: Saved boot cache 0.37s 74MB C:/Users/bitt3rman/AppData/Local/UnrealEngine/4.19/DerivedDataCache/Boot.ddc.
[2018.07.19-12.41.00:077][  0]LogInit: Texture streaming: Enabled
[2018.07.19-12.41.00:314][  0]LogUObjectGlobals: Created PersistentFrame Addr=0x000001e1430e9f80, Size=528, Default__GameInfoInstance_C Function /Game/Blueprints/AllLevels/GameInfoInstance.GameInfoInstance_C:ExecuteUbergraph_GameInfoInstance
[2018.07.19-12.41.00:322][  0]LogUObjectGlobals: Created PersistentFrame Addr=0x000001e1430c7b20, Size=96, Default__HostMenu_C Function /Game/UI/MainMenu/HostMenu.HostMenu_C:ExecuteUbergraph_HostMenu
[2018.07.19-12.41.00:339][  0]LogUObjectGlobals: Created PersistentFrame Addr=0x000001e13b0126b0, Size=40, Default__MainMenu_C Function /Game/UI/MainMenu/MainMenu.MainMenu_C:ExecuteUbergraph_MainMenu
[2018.07.19-12.41.00:355][  0]LogUObjectGlobals: Created PersistentFrame Addr=0x000001e1430e16e0, Size=104, Default__OptionsMenu_C Function /Game/UI/MainMenu/OptionsMenu.OptionsMenu_C:ExecuteUbergraph_OptionsMenu
[2018.07.19-12.41.00:413][  0]LogUObjectGlobals: Created PersistentFrame Addr=0x000001e143092480, Size=608, Default__ServerMenu_C Function /Game/UI/MainMenu/ServerMenu.ServerMenu_C:ExecuteUbergraph_ServerMenu
[2018.07.19-12.41.00:525][  0]LogUObjectGlobals: Destroyed PersistentFrame Addr=0x000001e1430e9f80, Size=528
[2018.07.19-12.41.00:525][  0]LogUObjectGlobals: Created PersistentFrame Addr=0x000001e153706980, Size=528, Default__GameInfoInstance_C Function /Engine/Transient.REINST_GameInfoInstance_C_2:ExecuteUbergraph_GameInfoInstance
[2018.07.19-12.41.00:526][  0]LogUObjectGlobals: Destroyed PersistentFrame Addr=0x000001e1430c7b20, Size=96
[2018.07.19-12.41.00:526][  0]LogUObjectGlobals: Created PersistentFrame Addr=0x000001e1430c7b20, Size=96, Default__HostMenu_C Function /Engine/Transient.REINST_HostMenu_C_0:ExecuteUbergraph_HostMenu
[2018.07.19-12.41.00:526][  0]LogUObjectGlobals: Destroyed PersistentFrame Addr=0x000001e13b0126b0, Size=40
[2018.07.19-12.41.00:526][  0]LogUObjectGlobals: Created PersistentFrame Addr=0x000001e153767308, Size=40, Default__MainMenu_C Function /Engine/Transient.REINST_MainMenu_C_2:ExecuteUbergraph_MainMenu
[2018.07.19-12.41.00:527][  0]LogUObjectGlobals: Destroyed PersistentFrame Addr=0x000001e1430e16e0, Size=104
[2018.07.19-12.41.00:527][  0]LogUObjectGlobals: Created PersistentFrame Addr=0x000001e14304de50, Size=104, Default__OptionsMenu_C Function /Engine/Transient.REINST_OptionsMenu_C_3:ExecuteUbergraph_OptionsMenu
[2018.07.19-12.41.00:528][  0]LogUObjectGlobals: Destroyed PersistentFrame Addr=0x000001e143092480, Size=608
[2018.07.19-12.41.00:528][  0]LogUObjectGlobals: Created PersistentFrame Addr=0x000001e153706480, Size=608, Default__ServerMenu_C Function /Engine/Transient.REINST_ServerMenu_C_4:ExecuteUbergraph_ServerMenu
[2018.07.19-12.41.00:586][  0]LogUObjectGlobals: Created PersistentFrame Addr=0x000001e1518e6480, Size=528, Default__GameInfoInstance_C Function /Game/Blueprints/AllLevels/GameInfoInstance.GameInfoInstance_C:ExecuteUbergraph_GameInfoInstance
[2018.07.19-12.41.00:590][  0]LogUObjectGlobals: Created PersistentFrame Addr=0x000001e1519d81c0, Size=96, Default__HostMenu_C Function /Game/UI/MainMenu/HostMenu.HostMenu_C:ExecuteUbergraph_HostMenu
[2018.07.19-12.41.00:593][  0]LogUObjectGlobals: Created PersistentFrame Addr=0x000001e153766688, Size=40, Default__MainMenu_C Function /Game/UI/MainMenu/MainMenu.MainMenu_C:ExecuteUbergraph_MainMenu
[2018.07.19-12.41.00:597][  0]LogUObjectGlobals: Created PersistentFrame Addr=0x000001e13b52feb0, Size=104, Default__OptionsMenu_C Function /Game/UI/MainMenu/OptionsMenu.OptionsMenu_C:ExecuteUbergraph_OptionsMenu
[2018.07.19-12.41.00:604][  0]LogUObjectGlobals: Created PersistentFrame Addr=0x000001e15185f380, Size=592, Default__ServerMenu_C Function /Game/UI/MainMenu/ServerMenu.ServerMenu_C:ExecuteUbergraph_ServerMenu
[2018.07.19-12.41.00:651][  0]LogInit: Display: Game Engine Initialized.
[2018.07.19-12.41.00:651][  0]LogGameplayTags: Display: UGameplayTagsManager::DoneAddingNativeTags. DelegateIsBound: 0
[2018.07.19-12.41.00:651][  0]LogStats: UGameplayTagsManager::ConstructGameplayTagTree: Construct from data asset -  0.000 s
[2018.07.19-12.41.00:651][  0]LogStats: UGameplayTagsManager::ConstructGameplayTagTree: GameplayTagTreeChangedEvent.Broadcast -  0.000 s
[2018.07.19-12.41.00:925][  0]LogInit: Display: Starting Game.
[2018.07.19-12.41.00:925][  0]LogNet: Browse: /Game/Maps/MainMenu?Name=Player
[2018.07.19-12.41.00:925][  0]LogLoad: LoadMap: /Game/Maps/MainMenu?Name=Player
[2018.07.19-12.41.00:949][  0]LogUObjectGlobals: Destroyed PersistentFrame Addr=0x000001e153706980, Size=528
[2018.07.19-12.41.00:949][  0]LogUObjectGlobals: Destroyed PersistentFrame Addr=0x000001e1430c7b20, Size=96
[2018.07.19-12.41.00:949][  0]LogUObjectGlobals: Destroyed PersistentFrame Addr=0x000001e153767308, Size=40
[2018.07.19-12.41.00:949][  0]LogUObjectGlobals: Destroyed PersistentFrame Addr=0x000001e14304de50, Size=104
[2018.07.19-12.41.00:949][  0]LogUObjectGlobals: Destroyed PersistentFrame Addr=0x000001e153706480, Size=608
[2018.07.19-12.41.00:955][  0]LogUObjectGlobals: Created PersistentFrame Addr=0x000001e1518c46c0, Size=32, Default__MainMenu_C Function /Game/Maps/MainMenu.MainMenu_C:ExecuteUbergraph_MainMenu
[2018.07.19-12.41.00:957][  0]LogUObjectGlobals: Destroyed PersistentFrame Addr=0x000001e1518c46c0, Size=32
[2018.07.19-12.41.00:957][  0]LogUObjectGlobals: Created PersistentFrame Addr=0x000001e1518c46c0, Size=32, Default__MainMenu_C Function /Engine/Transient.REINST_MainMenu_C_12:ExecuteUbergraph_MainMenu
[2018.07.19-12.41.00:958][  0]LogUObjectGlobals: Created PersistentFrame Addr=0x000001e1518c4d60, Size=32, Default__MainMenu_C Function /Game/Maps/MainMenu.MainMenu_C:ExecuteUbergraph_MainMenu
[2018.07.19-12.41.00:982][  0]LogAIModule: Creating AISystem for world MainMenu
[2018.07.19-12.41.01:009][  0]LogUObjectGlobals: Created PersistentFrame Addr=0x000001e15368a200, Size=688, Default__FirstPersonCharacter_C Function /Game/FirstPersonBP/Blueprints/FirstPersonCharacter.FirstPersonCharacter_C:ExecuteUbergraph_FirstPersonCharacter
[2018.07.19-12.41.01:014][  0]LogUObjectGlobals: Created PersistentFrame Addr=0x000001e15188c700, Size=256, Default__FirstPersonProjectile_C Function /Game/FirstPersonBP/Blueprints/FirstPersonProjectile.FirstPersonProjectile_C:ExecuteUbergraph_FirstPersonProjectile
[2018.07.19-12.41.01:038][  0]LogUObjectGlobals: Created PersistentFrame Addr=0x000001e151963a60, Size=72, Default__FirstPerson_AnimBP_C Function /Game/FirstPerson/Animations/FirstPerson_AnimBP.FirstPerson_AnimBP_C:ExecuteUbergraph_FirstPerson_AnimBP
[2018.07.19-12.41.01:097][  0]LogUObjectGlobals: Created PersistentFrame Addr=0x000001e13b52a2b0, Size=52, Default__FirstPersonHUD_C Function /Game/FirstPersonBP/Blueprints/FirstPersonHUD.FirstPersonHUD_C:ExecuteUbergraph_FirstPersonHUD
[2018.07.19-12.41.01:118][  0]LogUObjectGlobals: Destroyed PersistentFrame Addr=0x000001e151963a60, Size=72
[2018.07.19-12.41.01:118][  0]LogUObjectGlobals: Created PersistentFrame Addr=0x000001e15367ffb0, Size=72, Default__FirstPerson_AnimBP_C Function /Engine/Transient.REINST_FirstPerson_AnimBP_C_0:ExecuteUbergraph_FirstPerson_AnimBP
[2018.07.19-12.41.01:119][  0]LogUObjectGlobals: Destroyed PersistentFrame Addr=0x000001e15188c700, Size=256
[2018.07.19-12.41.01:119][  0]LogUObjectGlobals: Created PersistentFrame Addr=0x000001e15188c700, Size=256, Default__FirstPersonProjectile_C Function /Engine/Transient.REINST_FirstPersonProjectile_C_14:ExecuteUbergraph_FirstPersonProjectile
[2018.07.19-12.41.01:120][  0]LogUObjectGlobals: Destroyed PersistentFrame Addr=0x000001e13b52a2b0, Size=52
[2018.07.19-12.41.01:120][  0]LogUObjectGlobals: Created PersistentFrame Addr=0x000001e13b52a2b0, Size=52, Default__FirstPersonHUD_C Function /Engine/Transient.REINST_FirstPersonHUD_C_15:ExecuteUbergraph_FirstPersonHUD
[2018.07.19-12.41.01:122][  0]LogUObjectGlobals: Destroyed PersistentFrame Addr=0x000001e15368a200, Size=688
[2018.07.19-12.41.01:122][  0]LogUObjectGlobals: Created PersistentFrame Addr=0x000001e151a2eb00, Size=688, Default__FirstPersonCharacter_C Function /Engine/Transient.REINST_FirstPersonCharacter_C_16:ExecuteUbergraph_FirstPersonCharacter
[2018.07.19-12.41.01:170][  0]LogUObjectGlobals: Created PersistentFrame Addr=0x000001e151a13600, Size=64, Default__FirstPerson_AnimBP_C Function /Game/FirstPerson/Animations/FirstPerson_AnimBP.FirstPerson_AnimBP_C:ExecuteUbergraph_FirstPerson_AnimBP
[2018.07.19-12.41.01:171][  0]LogUObjectGlobals: Created PersistentFrame Addr=0x000001e13b503200, Size=256, Default__FirstPersonProjectile_C Function /Game/FirstPersonBP/Blueprints/FirstPersonProjectile.FirstPersonProjectile_C:ExecuteUbergraph_FirstPersonProjectile
[2018.07.19-12.41.01:173][  0]LogUObjectGlobals: Created PersistentFrame Addr=0x000001e15b0fbfc8, Size=52, Default__FirstPersonHUD_C Function /Game/FirstPersonBP/Blueprints/FirstPersonHUD.FirstPersonHUD_C:ExecuteUbergraph_FirstPersonHUD
[2018.07.19-12.41.01:178][  0]LogUObjectGlobals: Created PersistentFrame Addr=0x000001e15b103400, Size=688, Default__FirstPersonCharacter_C Function /Game/FirstPersonBP/Blueprints/FirstPersonCharacter.FirstPersonCharacter_C:ExecuteUbergraph_FirstPersonCharacter
[2018.07.19-12.41.01:387][  0]LogSkeletalMesh: Skeletal Mesh found in DDC [7.482188ms] /Game/FirstPerson/FPWeapon/Mesh/SK_FPGun.SK_FPGun
[2018.07.19-12.41.01:404][  0]LogSkeletalMesh: Skeletal Mesh found in DDC [12.785893ms] /Game/FirstPerson/Character/Mesh/SK_Mannequin_Arms.SK_Mannequin_Arms
[2018.07.19-12.41.01:452][  0]LogLoad: Game class is 'FirstPersonGameMode_C'
[2018.07.19-12.41.01:454][  0]LogWorld: Bringing World /Game/Maps/MainMenu.MainMenu up for play (max tick rate 0) at 2018.07.19-13.41.01
[2018.07.19-12.41.01:454][  0]LogWorld: Bringing up level for play took: 0.000928
[2018.07.19-12.41.01:455][  0]LogGameMode: FindPlayerStart: PATHS NOT DEFINED or NO PLAYERSTART with positive rating
[2018.07.19-12.41.01:469][  0]LogLoad: Took 0.544110 seconds to LoadMap(/Game/Maps/MainMenu)
[2018.07.19-12.41.01:545][  0]LogLoad: (Engine Initialization) Total time: 19.43 seconds
[2018.07.19-12.41.01:545][  0]LogLoad: (Engine Initialization) Total Blueprint compile time: 0.00 seconds
[2018.07.19-12.41.01:662][  0]LogRenderer: Reallocating scene render targets to support 1920x1080 Format 10 NumSamples 1 (Frame:1).
[2018.07.19-12.41.01:769][  0]LogWindowsTextInputMethodSystem: Display: IME system now deactivated.
[2018.07.19-12.41.01:777][  0]LogContentStreaming: Texture pool size now 1000 MB
[2018.07.19-12.41.06:143][138]LogSlate: FSceneViewport::OnFocusLost() reason 0
[2018.07.19-12.41.06:275][141]LogSlate: Took 0.012004 seconds to synchronously load lazily loaded font '../../../Engine/Content/Slate/Fonts/Roboto-Regular.ttf' (155K)
[2018.07.19-12.41.24:143][782]LogWindowsTextInputMethodSystem: Display: IME system now deactivated.
[2018.07.19-12.41.24:143][782]LogWindowsTextInputMethodSystem: Display: IME system now deactivated.
[2018.07.19-12.41.28:531][939]LogSlate: FSceneViewport::OnFocusLost() reason 0
[2018.07.19-12.41.28:587][941]Closing by request
[2018.07.19-12.41.28:587][941]LogWindows: FPlatformMisc::RequestExit(0)
[2018.07.19-12.41.29:064][942]LogSlate: Window 'CoopRogue (64-bit, PCD3D_SM5) ' being destroyed
[2018.07.19-12.41.29:065][942]LogWindowsTextInputMethodSystem: Display: IME system now deactivated.
[2018.07.19-12.41.29:071][942]LogWindowsTextInputMethodSystem: Display: IME system now deactivated.
[2018.07.19-12.41.29:102][942]LogSlate: Slate User Destroyed.  User Index 0, Is Virtual User: 0
[2018.07.19-12.41.29:102][942]LogExit: Preparing to exit.
[2018.07.19-12.41.29:102][942]LogMoviePlayer: Shutting down movie player
[2018.07.19-12.41.29:208][942]LogExit: Game engine shut down
[2018.07.19-12.41.29:228][942]LogUObjectGlobals: Destroyed PersistentFrame Addr=0x000001e13b52a2b0, Size=52
[2018.07.19-12.41.29:228][942]LogUObjectGlobals: Destroyed PersistentFrame Addr=0x000001e15367ffb0, Size=72
[2018.07.19-12.41.29:228][942]LogUObjectGlobals: Destroyed PersistentFrame Addr=0x000001e15188c700, Size=256
[2018.07.19-12.41.29:228][942]LogUObjectGlobals: Destroyed PersistentFrame Addr=0x000001e151a2eb00, Size=688
[2018.07.19-12.41.29:228][942]LogUObjectGlobals: Destroyed PersistentFrame Addr=0x000001e1518c4d60, Size=32
[2018.07.19-12.41.29:228][942]LogUObjectGlobals: Destroyed PersistentFrame Addr=0x000001e1518c46c0, Size=32
[2018.07.19-12.41.29:228][942]LogUObjectGlobals: Destroyed PersistentFrame Addr=0x000001e1518e6480, Size=528
[2018.07.19-12.41.29:228][942]LogUObjectGlobals: Destroyed PersistentFrame Addr=0x000001e1519d81c0, Size=96
[2018.07.19-12.41.29:228][942]LogUObjectGlobals: Destroyed PersistentFrame Addr=0x000001e153766688, Size=40
[2018.07.19-12.41.29:228][942]LogUObjectGlobals: Destroyed PersistentFrame Addr=0x000001e13b52feb0, Size=104
[2018.07.19-12.41.29:229][942]LogUObjectGlobals: Destroyed PersistentFrame Addr=0x000001e15185f380, Size=592
[2018.07.19-12.41.29:230][942]LogUObjectGlobals: Destroyed PersistentFrame Addr=0x000001e151a13600, Size=64
[2018.07.19-12.41.29:230][942]LogUObjectGlobals: Destroyed PersistentFrame Addr=0x000001e13b503200, Size=256
[2018.07.19-12.41.29:230][942]LogUObjectGlobals: Destroyed PersistentFrame Addr=0x000001e15b0fbfc8, Size=52
[2018.07.19-12.41.29:230][942]LogUObjectGlobals: Destroyed PersistentFrame Addr=0x000001e15b103400, Size=688
[2018.07.19-12.41.29:348][942]LogExit: Object subsystem successfully closed.
[2018.07.19-12.41.29:371][942]LogShaderCompilers: Display: Shaders left to compile 0
[2018.07.19-12.41.29:376][942]LogD3D11RHI: Shutdown
[2018.07.19-12.41.29:376][942]LogD3D11RHI: CleanupD3DDevice
[2018.07.19-12.41.29:380][942]LogD3D11RHI: ~FD3D11DynamicRHI
[2018.07.19-12.41.29:393][942]LogModuleManager: Shutting down and abandoning module SequenceRecorderSections (335)
[2018.07.19-12.41.29:393][942]LogModuleManager: Shutting down and abandoning module SequenceRecorder (333)
[2018.07.19-12.41.29:393][942]LogModuleManager: Shutting down and abandoning module AutomationController (331)
[2018.07.19-12.41.29:393][942]LogModuleManager: Shutting down and abandoning module AutomationWorker (329)
[2018.07.19-12.41.29:393][942]LogModuleManager: Shutting down and abandoning module Voice (327)
[2018.07.19-12.41.29:393][942]LogModuleManager: Shutting down and abandoning module AIModule (325)
[2018.07.19-12.41.29:393][942]LogModuleManager: Shutting down and abandoning module GameplayDebugger (324)
[2018.07.19-12.41.29:393][942]LogModuleManager: Shutting down and abandoning module AITestSuite (322)
[2018.07.19-12.41.29:393][942]LogModuleManager: Shutting down and abandoning module WmfMediaFactory (319)
[2018.07.19-12.41.29:393][942]LogModuleManager: Shutting down and abandoning module OpenExrWrapper (317)
[2018.07.19-12.41.29:393][942]LogModuleManager: Shutting down and abandoning module ImgMediaFactory (315)
[2018.07.19-12.41.29:394][942]LogModuleManager: Shutting down and abandoning module AvfMediaFactory (313)
[2018.07.19-12.41.29:394][942]LogModuleManager: Shutting down and abandoning module CharacterAI (311)
[2018.07.19-12.41.29:394][942]LogModuleManager: Shutting down and abandoning module SessionServices (309)
[2018.07.19-12.41.29:394][942]LogModuleManager: Shutting down and abandoning module MovieSceneCapture (307)
[2018.07.19-12.41.29:394][942]LogModuleManager: Shutting down and abandoning module MovieSceneTracks (305)
[2018.07.19-12.41.29:394][942]LogModuleManager: Shutting down and abandoning module MovieScene (303)
[2018.07.19-12.41.29:394][942]LogModuleManager: Shutting down and abandoning module GeometryCache (301)
[2018.07.19-12.41.29:394][942]LogModuleManager: Shutting down and abandoning module GeometryCacheEd (300)
[2018.07.19-12.41.29:394][942]LogModuleManager: Shutting down and abandoning module StreamingPauseRendering (297)
[2018.07.19-12.41.29:394][942]LogModuleManager: Shutting down and abandoning module PortalServices (295)
[2018.07.19-12.41.29:394][942]LogModuleManager: Shutting down and abandoning module PortalRpc (293)
[2018.07.19-12.41.29:394][942]LogModuleManager: Shutting down and abandoning module MessagingRpc (291)
[2018.07.19-12.41.29:394][942]LogModuleManager: Shutting down and abandoning module ProfilerService (289)
[2018.07.19-12.41.29:546][942]LogModuleManager: Shutting down and abandoning module TaskGraph (287)
[2018.07.19-12.41.29:547][942]LogModuleManager: Shutting down and abandoning module SteamVRController (285)
[2018.07.19-12.41.29:547][942]LogModuleManager: Shutting down and abandoning module ProceduralMeshComponent (283)
[2018.07.19-12.41.29:547][942]LogModuleManager: Shutting down and abandoning module OculusInput (281)
[2018.07.19-12.41.29:547][942]LogModuleManager: Shutting down and abandoning module MobilePatchingUtils (279)
[2018.07.19-12.41.29:547][942]LogModuleManager: Shutting down and abandoning module CustomMeshComponent (277)
[2018.07.19-12.41.29:547][942]LogModuleManager: Shutting down and abandoning module CableComponent (275)
[2018.07.19-12.41.29:547][942]LogModuleManager: Shutting down and abandoning module AudioCapture (273)
[2018.07.19-12.41.29:547][942]LogModuleManager: Shutting down and abandoning module ArchVisCharacter (271)
[2018.07.19-12.41.29:547][942]LogModuleManager: Shutting down and abandoning module AndroidPermission (269)
[2018.07.19-12.41.29:547][942]LogModuleManager: Shutting down and abandoning module NUTUnrealEngine4 (267)
[2018.07.19-12.41.29:547][942]LogModuleManager: Shutting down and abandoning module NetcodeUnitTest (265)
[2018.07.19-12.41.29:547][942]LogModuleManager: Shutting down and abandoning module MediaCompositing (263)
[2018.07.19-12.41.29:547][942]LogModuleManager: Shutting down and abandoning module LinearTimecode (261)
[2018.07.19-12.41.29:547][942]LogModuleManager: Shutting down and abandoning module ImgMedia (259)
[2018.07.19-12.41.29:568][942]LogModuleManager: Shutting down and abandoning module HTML5Networking (257)
[2018.07.19-12.41.29:568][942]LogModuleManager: Shutting down and abandoning module DatasmithContent (255)
[2018.07.19-12.41.29:568][942]LogModuleManager: Shutting down and abandoning module CryptoKeysOpenSSL (253)
[2018.07.19-12.41.29:568][942]LogModuleManager: Shutting down and abandoning module CryptoKeys (251)
[2018.07.19-12.41.29:568][942]LogModuleManager: Shutting down and abandoning module VisualStudioSourceCodeAccess (249)
[2018.07.19-12.41.29:568][942]LogModuleManager: Shutting down and abandoning module HotReload (248)
[2018.07.19-12.41.29:568][942]LogModuleManager: Shutting down and abandoning module DirectoryWatcher (247)
[2018.07.19-12.41.29:568][942]LogModuleManager: Shutting down and abandoning module VisualStudioCodeSourceCodeAccess (243)
[2018.07.19-12.41.29:568][942]LogModuleManager: Shutting down and abandoning module UObjectPlugin (241)
[2018.07.19-12.41.29:568][942]LogModuleManager: Shutting down and abandoning module SubversionSourceControl (239)
[2018.07.19-12.41.29:568][942]LogModuleManager: Shutting down and abandoning module PerforceSourceControl (237)
[2018.07.19-12.41.29:568][942]LogModuleManager: Shutting down and abandoning module SourceControl (236)
[2018.07.19-12.41.29:568][942]LogModuleManager: Shutting down and abandoning module CLionSourceCodeAccess (233)
[2018.07.19-12.41.29:568][942]LogModuleManager: Shutting down and abandoning module RuntimePhysXCooking (231)
[2018.07.19-12.41.29:568][942]LogModuleManager: Shutting down and abandoning module PhysXVehiclesEditor (229)
[2018.07.19-12.41.29:568][942]LogModuleManager: Shutting down and abandoning module PhysXVehicles (227)
[2018.07.19-12.41.29:569][942]LogModuleManager: Shutting down and abandoning module LocationServicesBPLibrary (225)
[2018.07.19-12.41.29:569][942]LogModuleManager: Shutting down and abandoning module ImmediatePhysicsEditor (223)
[2018.07.19-12.41.29:569][942]LogModuleManager: Shutting down and abandoning module ImmediatePhysics (221)
[2018.07.19-12.41.29:569][942]LogModuleManager: Shutting down and abandoning module ActorSequence (219)
[2018.07.19-12.41.29:569][942]LogModuleManager: Shutting down and abandoning module UdpMessaging (217)
[2018.07.19-12.41.29:569][942]LogModuleManager: Shutting down and abandoning module TcpMessaging (215)
[2018.07.19-12.41.29:569][942]LogModuleManager: Shutting down and abandoning module GameplayTagsEditor (213)
[2018.07.19-12.41.29:569][942]LogModuleManager: Shutting down and abandoning module FacialAnimation (211)
[2018.07.19-12.41.29:569][942]LogModuleManager: Shutting down and abandoning module DataValidation (209)
[2018.07.19-12.41.29:569][942]LogModuleManager: Shutting down and abandoning module AssetManagerEditor (207)
[2018.07.19-12.41.29:569][942]LogModuleManager: Shutting down and abandoning module TreeMap (206)
[2018.07.19-12.41.29:569][942]LogModuleManager: Shutting down and abandoning module LightPropagationVolumeRuntime (203)
[2018.07.19-12.41.29:569][942]LogModuleManager: Shutting down and abandoning module LiveLink (201)
[2018.07.19-12.41.29:701][942]LogModuleManager: Shutting down and abandoning module Paper2D (199)
[2018.07.19-12.41.29:701][942]LogModuleManager: Shutting down and abandoning module PIEPreviewDeviceProfileSelector (197)
[2018.07.19-12.41.29:702][942]LogModuleManager: Shutting down and abandoning module WindowsMoviePlayer (195)
[2018.07.19-12.41.29:702][942]LogModuleManager: Shutting down and abandoning module WmfMedia (193)
[2018.07.19-12.41.29:702][942]LogModuleManager: Shutting down and abandoning module Media (192)
[2018.07.19-12.41.29:709][942]LogModuleManager: Shutting down and abandoning module PacketHandler (189)
[2018.07.19-12.41.29:709][942]LogModuleManager: Shutting down and abandoning module ClothingSystemEditor (187)
[2018.07.19-12.41.29:709][942]LogModuleManager: Shutting down and abandoning module ClothingSystemRuntime (185)
[2018.07.19-12.41.29:709][942]LogModuleManager: Shutting down and abandoning module MediaAssets (183)
[2018.07.19-12.41.29:710][942]LogModuleManager: Shutting down and abandoning module Overlay (181)
[2018.07.19-12.41.29:710][942]LogModuleManager: Shutting down and abandoning module OverlayEditor (180)
[2018.07.19-12.41.29:710][942]LogModuleManager: Shutting down and abandoning module VREditor (177)
[2018.07.19-12.41.29:710][942]LogModuleManager: Shutting down and abandoning module StringTableEditor (175)
[2018.07.19-12.41.29:710][942]LogModuleManager: Shutting down and abandoning module GameplayTasksEditor (173)
[2018.07.19-12.41.29:710][942]LogModuleManager: Shutting down and abandoning module BehaviorTreeEditor (171)
[2018.07.19-12.41.29:710][942]LogModuleManager: Shutting down and abandoning module FunctionalTesting (169)
[2018.07.19-12.41.29:710][942]LogModuleManager: Shutting down and abandoning module CollisionAnalyzer (167)
[2018.07.19-12.41.29:710][942]LogModuleManager: Shutting down and abandoning module WorkspaceMenuStructure (166)
[2018.07.19-12.41.29:710][942]LogModuleManager: Shutting down and abandoning module UMG (163)
[2018.07.19-12.41.29:710][942]LogModuleManager: Shutting down and abandoning module UMGEditor (162)
[2018.07.19-12.41.29:710][942]LogModuleManager: Shutting down and abandoning module Sequencer (161)
[2018.07.19-12.41.29:710][942]LogModuleManager: Shutting down and abandoning module MessageLog (158)
[2018.07.19-12.41.29:710][942]LogModuleManager: Shutting down and abandoning module SlateReflector (153)
[2018.07.19-12.41.29:710][942]LogModuleManager: Shutting down and abandoning module Slate (151)
[2018.07.19-12.41.29:710][942]LogModuleManager: Shutting down and abandoning module EditorStyle (149)
[2018.07.19-12.41.29:712][942]LogModuleManager: Shutting down and abandoning module MRMesh (147)
[2018.07.19-12.41.29:712][942]LogModuleManager: Shutting down and abandoning module Messaging (145)
[2018.07.19-12.41.29:712][942]LogModuleManager: Shutting down and abandoning module SourceCodeAccess (143)
[2018.07.19-12.41.29:712][942]LogModuleManager: Shutting down and abandoning module HeadMountedDisplay (141)
[2018.07.19-12.41.29:712][942]LogModuleManager: Shutting down and abandoning module XAudio2 (139)
[2018.07.19-12.41.29:713][942]LogModuleManager: Shutting down and abandoning module Networking (137)
[2018.07.19-12.41.29:713][942]LogModuleManager: Shutting down and abandoning module Core (135)
[2018.07.19-12.41.29:713][942]LogModuleManager: Shutting down and abandoning module LevelSequence (133)
[2018.07.19-12.41.29:713][942]LogModuleManager: Shutting down and abandoning module KismetCompiler (131)
[2018.07.19-12.41.29:713][942]LogModuleManager: Shutting down and abandoning module MeshUtilities (129)
[2018.07.19-12.41.29:713][942]LogModuleManager: Shutting down and abandoning module MeshMergeUtilities (128)
[2018.07.19-12.41.29:713][942]LogModuleManager: Shutting down and abandoning module MeshReductionInterface (127)
[2018.07.19-12.41.29:713][942]LogModuleManager: Shutting down and abandoning module SimplygonSwarm (126)
[2018.07.19-12.41.29:713][942]LogModuleManager: Shutting down and abandoning module SimplygonMeshReduction (124)
[2018.07.19-12.41.29:713][942]LogModuleManager: Shutting down and abandoning module QuadricMeshReduction (122)
[2018.07.19-12.41.29:713][942]LogModuleManager: Shutting down and abandoning module MaterialBaking (118)
[2018.07.19-12.41.29:713][942]LogModuleManager: Shutting down and abandoning module DerivedDataCache (113)
[2018.07.19-12.41.29:909][942]LogDerivedDataCache: Shutdown
[2018.07.19-12.41.29:909][942]LogModuleManager: Shutting down and abandoning module XGEController (111)
[2018.07.19-12.41.29:909][942]LogModuleManager: Shutting down and abandoning module TargetPlatform (109)
[2018.07.19-12.41.29:909][942]LogModuleManager: Shutting down and abandoning module VulkanShaderFormat (108)
[2018.07.19-12.41.29:909][942]LogModuleManager: Shutting down and abandoning module ShaderFormatVectorVM (106)
[2018.07.19-12.41.29:909][942]LogModuleManager: Shutting down and abandoning module ShaderFormatOpenGL (104)
[2018.07.19-12.41.29:909][942]LogModuleManager: Shutting down and abandoning module ShaderFormatD3D (102)
[2018.07.19-12.41.29:909][942]LogModuleManager: Shutting down and abandoning module MetalShaderFormat (100)
[2018.07.19-12.41.29:909][942]LogModuleManager: Shutting down and abandoning module TextureFormatUncompressed (98)
[2018.07.19-12.41.29:909][942]LogModuleManager: Shutting down and abandoning module TextureFormatPVR (96)
[2018.07.19-12.41.29:909][942]LogModuleManager: Shutting down and abandoning module TextureFormatDXT (94)
[2018.07.19-12.41.29:910][942]LogModuleManager: Shutting down and abandoning module TextureFormatIntelISPCTexComp (92)
[2018.07.19-12.41.29:910][942]LogModuleManager: Shutting down and abandoning module TextureFormatASTC (90)
[2018.07.19-12.41.29:910][942]LogModuleManager: Shutting down and abandoning module ImageWrapper (89)
[2018.07.19-12.41.29:910][942]LogModuleManager: Shutting down and abandoning module TextureFormatAndroid (86)
[2018.07.19-12.41.29:910][942]LogModuleManager: Shutting down and abandoning module AudioFormatOpus (84)
[2018.07.19-12.41.29:910][942]LogModuleManager: Shutting down and abandoning module AudioFormatOgg (82)
[2018.07.19-12.41.29:910][942]LogModuleManager: Shutting down and abandoning module AudioFormatADPCM (80)
[2018.07.19-12.41.29:910][942]LogModuleManager: Shutting down and abandoning module WindowsTargetPlatform (78)
[2018.07.19-12.41.29:910][942]LogModuleManager: Shutting down and abandoning module WindowsServerTargetPlatform (76)
[2018.07.19-12.41.29:910][942]LogModuleManager: Shutting down and abandoning module WindowsNoEditorTargetPlatform (74)
[2018.07.19-12.41.29:910][942]LogModuleManager: Shutting down and abandoning module WindowsClientTargetPlatform (72)
[2018.07.19-12.41.29:910][942]LogModuleManager: Shutting down and abandoning module InputCore (69)
[2018.07.19-12.41.29:910][942]LogModuleManager: Shutting down and abandoning module Settings (67)
[2018.07.19-12.41.29:910][942]LogModuleManager: Shutting down and abandoning module PhysXCooking (65)
[2018.07.19-12.41.29:910][942]LogModuleManager: Shutting down and abandoning module SteamVR (63)
[2018.07.19-12.41.29:910][942]LogModuleManager: Shutting down and abandoning module OculusHMD (61)
[2018.07.19-12.41.29:910][942]LogModuleManager: Shutting down and abandoning module ExampleDeviceProfileSelector (59)
[2018.07.19-12.41.29:910][942]LogModuleManager: Shutting down and abandoning module AppleARKit (57)
[2018.07.19-12.41.29:911][942]LogModuleManager: Shutting down and abandoning module AugmentedReality (56)
[2018.07.19-12.41.29:911][942]LogModuleManager: Shutting down and abandoning module OnlineBlueprintSupport (53)
[2018.07.19-12.41.29:911][942]LogModuleManager: Shutting down and abandoning module OnlineSubsystem (49)
[2018.07.19-12.41.29:911][942]LogOnline: Display: OSS: FOnlineSubsystemNull::Shutdown()
[2018.07.19-12.41.29:911][942]LogOnline: Display: OSS: FOnlineAsyncTaskManager::Stop() ActiveTask:0000000000000000 Tasks[0/0]
[2018.07.19-12.41.29:912][942]LogOnline: Display: OSS: FOnlineAsyncTaskManager::Exit() started
[2018.07.19-12.41.29:912][942]LogOnline: Display: OSS: FOnlineAsyncTaskManager::Exit() finished
[2018.07.19-12.41.29:912][942]LogModuleManager: Shutting down and abandoning module XMPP (43)
[2018.07.19-12.41.29:912][942]LogModuleManager: Shutting down and abandoning module HTTP (41)
[2018.07.19-12.41.29:942][942]LogModuleManager: Shutting down and abandoning module SSL (40)
[2018.07.19-12.41.29:945][942]LogModuleManager: Shutting down and abandoning module AnimationModifiers (36)
[2018.07.19-12.41.29:945][942]LogModuleManager: Shutting down and abandoning module PropertyEditor (35)
[2018.07.19-12.41.29:945][942]LogModuleManager: Shutting down and abandoning module AudioEditor (32)
[2018.07.19-12.41.29:945][942]LogModuleManager: Shutting down and abandoning module TextureCompressor (30)
[2018.07.19-12.41.29:945][942]LogModuleManager: Shutting down and abandoning module ShaderCore (28)
[2018.07.19-12.41.29:946][942]LogModuleManager: Shutting down and abandoning module Landscape (26)
[2018.07.19-12.41.29:946][942]LogModuleManager: Shutting down and abandoning module SlateRHIRenderer (24)
[2018.07.19-12.41.29:946][942]LogModuleManager: Shutting down and abandoning module OpenGLDrv (22)
[2018.07.19-12.41.29:947][942]LogModuleManager: Shutting down and abandoning module D3D11RHI (20)
[2018.07.19-12.41.29:947][942]LogModuleManager: Shutting down and abandoning module AnimGraphRuntime (18)
[2018.07.19-12.41.29:947][942]LogModuleManager: Shutting down and abandoning module Renderer (16)
[2018.07.19-12.41.29:947][942]LogModuleManager: Shutting down and abandoning module Engine (14)
[2018.07.19-12.41.29:947][942]LogModuleManager: Shutting down and abandoning module CoreUObject (12)
[2018.07.19-12.41.29:947][942]LogModuleManager: Shutting down and abandoning module NetworkFile (10)
[2018.07.19-12.41.29:947][942]LogModuleManager: Shutting down and abandoning module CookedIterativeFile (8)
[2018.07.19-12.41.29:947][942]LogModuleManager: Shutting down and abandoning module StreamingFile (6)
[2018.07.19-12.41.29:947][942]LogModuleManager: Shutting down and abandoning module SandboxFile (4)
[2018.07.19-12.41.29:947][942]LogModuleManager: Shutting down and abandoning module PakFile (2)
[2018.07.19-12.41.29:952][942]LogExit: Exiting.
[2018.07.19-12.41.29:992][942]Log file closed, 07/19/18 13:41:29
