Log file open, 07/19/18 13:50:54
LogWindows: Failed to load 'aqProf.dll' (GetLastError=126)
LogWindows: File 'aqProf.dll' does not exist
LogWindows: Failed to load 'VtuneApi.dll' (GetLastError=126)
LogWindows: File 'VtuneApi.dll' does not exist
LogWindows: Failed to load 'VtuneApi32e.dll' (GetLastError=126)
LogWindows: File 'VtuneApi32e.dll' does not exist
LogInit: Display: Running engine for game: CoopRogue
LogPlatformFile: Not using cached read wrapper
LogInit: Display: RandInit(-1244820066) SRandInit(-1244820066).
LogInit: Read version file with build ID '3944462'
LogInit: Overriding engine version to CL 4033788, compatible CL 3944462
LogInit: Registered custom module enumerator with build ID '3944462'
LogTaskGraph: Started task graph with 5 named threads and 14 total threads with 3 sets of task threads.
LogStats: Stats thread started at 0.292779
LogD3D11RHI: Aftermath initialized
LogICUInternationalization: Display: ICU TimeZone Detection - Raw Offset: +0:00, Platform Override: ''
LogModuleManager: Display: Found up-to-date module file ../../../Engine/Plugins/Online/OnlineSubsystemSteam/Binaries/Win64/UE4Editor-OnlineSubsystemSteam.dll (API version 3944462).
LogModuleManager: Display: Found up-to-date module file ../../../Engine/Plugins/Online/OnlineSubsystem/Binaries/Win64/UE4Editor-OnlineSubsystem.dll (API version 3944462).
LogModuleManager: Display: Found up-to-date module file ../../../Engine/Plugins/Online/OnlineSubsystemUtils/Binaries/Win64/UE4Editor-OnlineSubsystemUtils.dll (API version 3944462).
LogModuleManager: Display: Found up-to-date module file ../../../Engine/Plugins/Online/OnlineSubsystemUtils/Binaries/Win64/UE4Editor-OnlineBlueprintSupport.dll (API version 3944462).
LogModuleManager: Display: Found up-to-date module file ../../../Engine/Plugins/2D/Paper2D/Binaries/Win64/UE4Editor-Paper2D.dll (API version 3944462).
LogModuleManager: Display: Found up-to-date module file ../../../Engine/Plugins/2D/Paper2D/Binaries/Win64/UE4Editor-Paper2DEditor.dll (API version 3944462).
LogModuleManager: Display: Found up-to-date module file ../../../Engine/Plugins/2D/Paper2D/Binaries/Win64/UE4Editor-PaperSpriteSheetImporter.dll (API version 3944462).
LogModuleManager: Display: Found up-to-date module file ../../../Engine/Plugins/2D/Paper2D/Binaries/Win64/UE4Editor-PaperTiledImporter.dll (API version 3944462).
LogModuleManager: Display: Found up-to-date module file ../../../Engine/Plugins/2D/Paper2D/Binaries/Win64/UE4Editor-SmartSnapping.dll (API version 3944462).
LogModuleManager: Display: Found up-to-date module file ../../../Engine/Plugins/Blendables/LightPropagationVolume/Binaries/Win64/UE4Editor-LightPropagationVolumeRuntime.dll (API version 3944462).
LogModuleManager: Display: Found up-to-date module file ../../../Engine/Plugins/Blendables/LightPropagationVolume/Binaries/Win64/UE4Editor-LightPropagationVolumeEditor.dll (API version 3944462).
LogModuleManager: Display: Found up-to-date module file ../../../Engine/Plugins/Developer/CLionSourceCodeAccess/Binaries/Win64/UE4Editor-CLionSourceCodeAccess.dll (API version 3944462).
LogModuleManager: Display: Found up-to-date module file ../../../Engine/Plugins/Developer/GitSourceControl/Binaries/Win64/UE4Editor-GitSourceControl.dll (API version 3944462).
LogModuleManager: Display: Found up-to-date module file ../../../Engine/Plugins/Developer/PerforceSourceControl/Binaries/Win64/UE4Editor-PerforceSourceControl.dll (API version 3944462).
LogModuleManager: Display: Found up-to-date module file ../../../Engine/Plugins/Developer/SubversionSourceControl/Binaries/Win64/UE4Editor-SubversionSourceControl.dll (API version 3944462).
LogModuleManager: Display: Found up-to-date module file ../../../Engine/Plugins/Developer/UObjectPlugin/Binaries/Win64/UE4Editor-UObjectPlugin.dll (API version 3944462).
LogModuleManager: Display: Found up-to-date module file ../../../Engine/Plugins/Developer/VisualStudioCodeSourceCodeAccess/Binaries/Win64/UE4Editor-VisualStudioCodeSourceCodeAccess.dll (API version 3944462).
LogModuleManager: Display: Found up-to-date module file ../../../Engine/Plugins/Developer/VisualStudioSourceCodeAccess/Binaries/Win64/UE4Editor-VisualStudioSourceCodeAccess.dll (API version 3944462).
LogModuleManager: Display: Found up-to-date module file ../../../Engine/Plugins/Editor/AssetManagerEditor/Binaries/Win64/UE4Editor-AssetManagerEditor.dll (API version 3944462).
LogModuleManager: Display: Found up-to-date module file ../../../Engine/Plugins/Editor/CryptoKeys/Binaries/Win64/UE4Editor-CryptoKeys.dll (API version 3944462).
LogModuleManager: Display: Found up-to-date module file ../../../Engine/Plugins/Editor/CryptoKeys/Binaries/Win64/UE4Editor-CryptoKeysOpenSSL.dll (API version 3944462).
LogModuleManager: Display: Found up-to-date module file ../../../Engine/Plugins/Editor/DataValidation/Binaries/Win64/UE4Editor-DataValidation.dll (API version 3944462).
LogModuleManager: Display: Found up-to-date module file ../../../Engine/Plugins/Editor/FacialAnimation/Binaries/Win64/UE4Editor-FacialAnimation.dll (API version 3944462).
LogModuleManager: Display: Found up-to-date module file ../../../Engine/Plugins/Editor/FacialAnimation/Binaries/Win64/UE4Editor-FacialAnimationEditor.dll (API version 3944462).
LogModuleManager: Display: Found up-to-date module file ../../../Engine/Plugins/Editor/GameplayTagsEditor/Binaries/Win64/UE4Editor-GameplayTagsEditor.dll (API version 3944462).
LogModuleManager: Display: Found up-to-date module file ../../../Engine/Plugins/Editor/MobileLauncherProfileWizard/Binaries/Win64/UE4Editor-MobileLauncherProfileWizard.dll (API version 3944462).
LogModuleManager: Display: Found up-to-date module file ../../../Engine/Plugins/Editor/PluginBrowser/Binaries/Win64/UE4Editor-PluginBrowser.dll (API version 3944462).
LogModuleManager: Display: Found up-to-date module file ../../../Engine/Plugins/Editor/SpeedTreeImporter/Binaries/Win64/UE4Editor-SpeedTreeImporter.dll (API version 3944462).
LogModuleManager: Display: Found up-to-date module file ../../../Engine/Plugins/Enterprise/DatasmithContent/Binaries/Win64/UE4Editor-DatasmithContent.dll (API version 3944462).
LogModuleManager: Display: Found up-to-date module file ../../../Engine/Plugins/Experimental/AlembicImporter/Binaries/Win64/UE4Editor-AlembicImporter.dll (API version 3944462).
LogModuleManager: Display: Found up-to-date module file ../../../Engine/Plugins/Experimental/AlembicImporter/Binaries/Win64/UE4Editor-AlembicLibrary.dll (API version 3944462).
LogModuleManager: Display: Found up-to-date module file ../../../Engine/Plugins/Experimental/CharacterAI/Binaries/Win64/UE4Editor-CharacterAI.dll (API version 3944462).
LogModuleManager: Display: Found up-to-date module file ../../../Engine/Plugins/Experimental/HTML5Networking/Binaries/Win64/UE4Editor-HTML5Networking.dll (API version 3944462).
LogModuleManager: Display: Found up-to-date module file ../../../Engine/Plugins/Media/AndroidMedia/Binaries/Win64/UE4Editor-AndroidMediaEditor.dll (API version 3944462).
LogModuleManager: Display: Found up-to-date module file ../../../Engine/Plugins/Media/AndroidMedia/Binaries/Win64/UE4Editor-AndroidMediaFactory.dll (API version 3944462).
LogModuleManager: Display: Found up-to-date module file ../../../Engine/Plugins/Media/AvfMedia/Binaries/Win64/UE4Editor-AvfMediaEditor.dll (API version 3944462).
LogModuleManager: Display: Found up-to-date module file ../../../Engine/Plugins/Media/AvfMedia/Binaries/Win64/UE4Editor-AvfMediaFactory.dll (API version 3944462).
LogModuleManager: Display: Found up-to-date module file ../../../Engine/Plugins/Media/AvfMedia/Binaries/Win64/UE4Editor-AvfMediaFactory.dll (API version 3944462).
LogModuleManager: Display: Found up-to-date module file ../../../Engine/Plugins/Media/ImgMedia/Binaries/Win64/UE4Editor-ImgMedia.dll (API version 3944462).
LogModuleManager: Display: Found up-to-date module file ../../../Engine/Plugins/Media/ImgMedia/Binaries/Win64/UE4Editor-ImgMediaEditor.dll (API version 3944462).
LogModuleManager: Display: Found up-to-date module file ../../../Engine/Plugins/Media/ImgMedia/Binaries/Win64/UE4Editor-ImgMediaFactory.dll (API version 3944462).
LogModuleManager: Display: Found up-to-date module file ../../../Engine/Plugins/Media/ImgMedia/Binaries/Win64/UE4Editor-ImgMediaFactory.dll (API version 3944462).
LogModuleManager: Display: Found up-to-date module file ../../../Engine/Plugins/Media/ImgMedia/Binaries/Win64/UE4Editor-OpenExrWrapper.dll (API version 3944462).
LogModuleManager: Display: Found up-to-date module file ../../../Engine/Plugins/Media/LinearTimecode/Binaries/Win64/UE4Editor-LinearTimecode.dll (API version 3944462).
LogModuleManager: Display: Found up-to-date module file ../../../Engine/Plugins/Media/MediaCompositing/Binaries/Win64/UE4Editor-MediaCompositing.dll (API version 3944462).
LogModuleManager: Display: Found up-to-date module file ../../../Engine/Plugins/Media/MediaCompositing/Binaries/Win64/UE4Editor-MediaCompositingEditor.dll (API version 3944462).
LogModuleManager: Display: Found up-to-date module file ../../../Engine/Plugins/Media/MediaPlayerEditor/Binaries/Win64/UE4Editor-MediaPlayerEditor.dll (API version 3944462).
LogModuleManager: Display: Found up-to-date module file ../../../Engine/Plugins/Media/WmfMedia/Binaries/Win64/UE4Editor-WmfMedia.dll (API version 3944462).
LogModuleManager: Display: Found up-to-date module file ../../../Engine/Plugins/Media/WmfMedia/Binaries/Win64/UE4Editor-WmfMediaEditor.dll (API version 3944462).
LogModuleManager: Display: Found up-to-date module file ../../../Engine/Plugins/Media/WmfMedia/Binaries/Win64/UE4Editor-WmfMediaFactory.dll (API version 3944462).
LogModuleManager: Display: Found up-to-date module file ../../../Engine/Plugins/Media/WmfMedia/Binaries/Win64/UE4Editor-WmfMediaFactory.dll (API version 3944462).
LogModuleManager: Display: Found up-to-date module file ../../../Engine/Plugins/Messaging/TcpMessaging/Binaries/Win64/UE4Editor-TcpMessaging.dll (API version 3944462).
LogModuleManager: Display: Found up-to-date module file ../../../Engine/Plugins/Messaging/UdpMessaging/Binaries/Win64/UE4Editor-UdpMessaging.dll (API version 3944462).
LogModuleManager: Display: Found up-to-date module file ../../../Engine/Plugins/MovieScene/ActorSequence/Binaries/Win64/UE4Editor-ActorSequence.dll (API version 3944462).
LogModuleManager: Display: Found up-to-date module file ../../../Engine/Plugins/MovieScene/LevelSequenceEditor/Binaries/Win64/UE4Editor-LevelSequenceEditor.dll (API version 3944462).
LogModuleManager: Display: Found up-to-date module file ../../../Engine/Plugins/MovieScene/MatineeToLevelSequence/Binaries/Win64/UE4Editor-MatineeToLevelSequence.dll (API version 3944462).
LogModuleManager: Display: Found up-to-date module file ../../../Engine/Plugins/NetcodeUnitTest/NetcodeUnitTest/Binaries/Win64/UE4Editor-NetcodeUnitTest.dll (API version 3944462).
LogModuleManager: Display: Found up-to-date module file ../../../Engine/Plugins/NetcodeUnitTest/NUTUnrealEngine4/Binaries/Win64/UE4Editor-NUTUnrealEngine4.dll (API version 3944462).
LogModuleManager: Display: Found up-to-date module file ../../../Engine/Plugins/Runtime/AndroidPermission/Binaries/Win64/UE4Editor-AndroidPermission.dll (API version 3944462).
LogModuleManager: Display: Found up-to-date module file ../../../Engine/Plugins/Online/OnlineSubsystemNull/Binaries/Win64/UE4Editor-OnlineSubsystemNull.dll (API version 3944462).
LogModuleManager: Display: Found up-to-date module file ../../../Engine/Plugins/Runtime/AndroidDeviceProfileSelector/Binaries/Win64/UE4Editor-AndroidDeviceProfileSelector.dll (API version 3944462).
LogModuleManager: Display: Found up-to-date module file ../../../Engine/Plugins/Runtime/AppleARKit/Binaries/Win64/UE4Editor-AppleARKit.dll (API version 3944462).
LogModuleManager: Display: Found up-to-date module file ../../../Engine/Plugins/Runtime/ProceduralMeshComponent/Binaries/Win64/UE4Editor-ProceduralMeshComponent.dll (API version 3944462).
LogModuleManager: Display: Found up-to-date module file ../../../Engine/Plugins/Runtime/ProceduralMeshComponent/Binaries/Win64/UE4Editor-ProceduralMeshComponentEditor.dll (API version 3944462).
LogModuleManager: Display: Found up-to-date module file ../../../Engine/Plugins/Animation/LiveLink/Binaries/Win64/UE4Editor-LiveLink.dll (API version 3944462).
LogModuleManager: Display: Found up-to-date module file ../../../Engine/Plugins/Animation/LiveLink/Binaries/Win64/UE4Editor-LiveLinkEditor.dll (API version 3944462).
LogModuleManager: Display: Found up-to-date module file ../../../Engine/Plugins/Runtime/ArchVisCharacter/Binaries/Win64/UE4Editor-ArchVisCharacter.dll (API version 3944462).
LogModuleManager: Display: Found up-to-date module file ../../../Engine/Plugins/Runtime/AudioCapture/Binaries/Win64/UE4Editor-AudioCapture.dll (API version 3944462).
LogModuleManager: Display: Found up-to-date module file ../../../Engine/Plugins/Runtime/AudioCapture/Binaries/Win64/UE4Editor-AudioCaptureEditor.dll (API version 3944462).
LogModuleManager: Display: Found up-to-date module file ../../../Engine/Plugins/Runtime/CableComponent/Binaries/Win64/UE4Editor-CableComponent.dll (API version 3944462).
LogModuleManager: Display: Found up-to-date module file ../../../Engine/Plugins/Runtime/CustomMeshComponent/Binaries/Win64/UE4Editor-CustomMeshComponent.dll (API version 3944462).
LogModuleManager: Display: Found up-to-date module file ../../../Engine/Plugins/Runtime/ExampleDeviceProfileSelector/Binaries/Win64/UE4Editor-ExampleDeviceProfileSelector.dll (API version 3944462).
LogModuleManager: Display: Found up-to-date module file ../../../Engine/Plugins/Runtime/ImmediatePhysics/Binaries/Win64/UE4Editor-ImmediatePhysics.dll (API version 3944462).
LogModuleManager: Display: Found up-to-date module file ../../../Engine/Plugins/Runtime/ImmediatePhysics/Binaries/Win64/UE4Editor-ImmediatePhysicsEditor.dll (API version 3944462).
LogModuleManager: Display: Found up-to-date module file ../../../Engine/Plugins/Runtime/LocationServicesBPLibrary/Binaries/Win64/UE4Editor-LocationServicesBPLibrary.dll (API version 3944462).
LogModuleManager: Display: Found up-to-date module file ../../../Engine/Plugins/Runtime/MobilePatchingUtils/Binaries/Win64/UE4Editor-MobilePatchingUtils.dll (API version 3944462).
LogModuleManager: Display: Found up-to-date module file ../../../Engine/Plugins/Runtime/Oculus/OculusVR/Binaries/Win64/UE4Editor-OculusHMD.dll (API version 3944462).
LogModuleManager: Display: Found up-to-date module file ../../../Engine/Plugins/Runtime/Oculus/OculusVR/Binaries/Win64/UE4Editor-OculusInput.dll (API version 3944462).
LogModuleManager: Display: Found up-to-date module file ../../../Engine/Plugins/Runtime/Oculus/OculusVR/Binaries/Win64/UE4Editor-OculusEditor.dll (API version 3944462).
LogModuleManager: Display: Found up-to-date module file ../../../Engine/Plugins/Runtime/PhysXVehicles/Binaries/Win64/UE4Editor-PhysXVehicles.dll (API version 3944462).
LogModuleManager: Display: Found up-to-date module file ../../../Engine/Plugins/Runtime/PhysXVehicles/Binaries/Win64/UE4Editor-PhysXVehiclesEditor.dll (API version 3944462).
LogModuleManager: Display: Found up-to-date module file ../../../Engine/Plugins/Runtime/RuntimePhysXCooking/Binaries/Win64/UE4Editor-RuntimePhysXCooking.dll (API version 3944462).
LogModuleManager: Display: Found up-to-date module file ../../../Engine/Plugins/Runtime/Steam/SteamVR/Binaries/Win64/UE4Editor-SteamVR.dll (API version 3944462).
LogModuleManager: Display: Found up-to-date module file ../../../Engine/Plugins/Runtime/Steam/SteamVR/Binaries/Win64/UE4Editor-SteamVRController.dll (API version 3944462).
LogModuleManager: Display: Found up-to-date module file ../../../Engine/Plugins/Runtime/WindowsMoviePlayer/Binaries/Win64/UE4Editor-WindowsMoviePlayer.dll (API version 3944462).
LogPluginManager: Mounting plugin Paper2D
LogPluginManager: Mounting plugin LiveLink
LogPluginManager: Mounting plugin LightPropagationVolume
LogPluginManager: Mounting plugin CLionSourceCodeAccess
LogPluginManager: Mounting plugin CodeLiteSourceCodeAccess
LogPluginManager: Mounting plugin GitSourceControl
LogPluginManager: Mounting plugin KDevelopSourceCodeAccess
LogPluginManager: Mounting plugin NullSourceCodeAccess
LogPluginManager: Mounting plugin PerforceSourceControl
LogPluginManager: Mounting plugin SubversionSourceControl
LogPluginManager: Mounting plugin UObjectPlugin
LogPluginManager: Mounting plugin VisualStudioCodeSourceCodeAccess
LogPluginManager: Mounting plugin VisualStudioSourceCodeAccess
LogPluginManager: Mounting plugin XCodeSourceCodeAccess
LogPluginManager: Mounting plugin AssetManagerEditor
LogPluginManager: Mounting plugin CryptoKeys
LogPluginManager: Mounting plugin DataValidation
LogPluginManager: Mounting plugin FacialAnimation
LogPluginManager: Mounting plugin GameplayTagsEditor
LogPluginManager: Mounting plugin MobileLauncherProfileWizard
LogPluginManager: Mounting plugin PluginBrowser
LogPluginManager: Mounting plugin SpeedTreeImporter
LogPluginManager: Mounting plugin DatasmithContent
LogPluginManager: Mounting plugin AlembicImporter
LogPluginManager: Mounting plugin CharacterAI
LogPluginManager: Mounting plugin HTML5Networking
LogPluginManager: Mounting plugin AndroidMedia
LogPluginManager: Mounting plugin AvfMedia
LogPluginManager: Mounting plugin ImgMedia
LogPluginManager: Mounting plugin LinearTimecode
LogPluginManager: Mounting plugin MediaCompositing
LogPluginManager: Mounting plugin MediaPlayerEditor
LogPluginManager: Mounting plugin WmfMedia
LogPluginManager: Mounting plugin TcpMessaging
LogPluginManager: Mounting plugin UdpMessaging
LogPluginManager: Mounting plugin ActorSequence
LogPluginManager: Mounting plugin LevelSequenceEditor
LogPluginManager: Mounting plugin MatineeToLevelSequence
LogPluginManager: Mounting plugin NetcodeUnitTest
LogPluginManager: Mounting plugin NUTUnrealEngine4
LogPluginManager: Mounting plugin OnlineSubsystemGooglePlay
LogPluginManager: Mounting plugin OnlineSubsystemIOS
LogPluginManager: Mounting plugin OnlineSubsystem
LogPluginManager: Mounting plugin OnlineSubsystemNull
LogPluginManager: Mounting plugin OnlineSubsystemSteam
LogPluginManager: Mounting plugin OnlineSubsystemUtils
LogPluginManager: Mounting plugin AndroidDeviceProfileSelector
LogPluginManager: Mounting plugin AndroidMoviePlayer
LogPluginManager: Mounting plugin AndroidPermission
LogPluginManager: Mounting plugin AppleARKit
LogPluginManager: Mounting plugin AppleMoviePlayer
LogPluginManager: Mounting plugin ArchVisCharacter
LogPluginManager: Mounting plugin AudioCapture
LogPluginManager: Mounting plugin CableComponent
LogPluginManager: Mounting plugin CustomMeshComponent
LogPluginManager: Mounting plugin ExampleDeviceProfileSelector
LogPluginManager: Mounting plugin GoogleCloudMessaging
LogPluginManager: Mounting plugin ImmediatePhysics
LogPluginManager: Mounting plugin IOSDeviceProfileSelector
LogPluginManager: Mounting plugin LinuxDeviceProfileSelector
LogPluginManager: Mounting plugin LocationServicesBPLibrary
LogPluginManager: Mounting plugin MobilePatchingUtils
LogPluginManager: Mounting plugin OculusVR
LogPluginManager: Plugin shader directory ../../../Engine/Plugins/Runtime/Oculus/OculusVR/Shaders found
LogPluginManager: Mapping shader source directory ../../../Engine/Plugins/Runtime/Oculus/OculusVR/Shaders to virtual directory /Plugin/OculusVR
LogPluginManager: Mounting plugin PhysXVehicles
LogPluginManager: Mounting plugin ProceduralMeshComponent
LogPluginManager: Mounting plugin RuntimePhysXCooking
LogPluginManager: Mounting plugin SteamVR
LogPluginManager: Mounting plugin WindowsMoviePlayer
LogStreaming: Display: Took  3.823s to configure plugins.
LogInit: Using libcurl 7.47.1
LogInit:  - built for x86_64-pc-win32
LogInit:  - supports SSL with OpenSSL/1.0.2g
LogInit:  - supports HTTP deflate (compression) using libz 1.2.8
LogInit:  - other features:
LogInit:      CURL_VERSION_SSL
LogInit:      CURL_VERSION_LIBZ
LogInit:      CURL_VERSION_IPV6
LogInit:      CURL_VERSION_ASYNCHDNS
LogInit:      CURL_VERSION_LARGEFILE
LogInit:      CURL_VERSION_IDN
LogInit:  CurlRequestOptions (configurable via config and command line):
LogInit:  - bVerifyPeer = false  - Libcurl will NOT verify peer certificate
LogInit:  - bUseHttpProxy = false  - Libcurl will NOT use HTTP proxy
LogInit:  - bDontReuseConnections = false  - Libcurl will reuse connections
LogInit:  - CertBundlePath = nullptr  - Libcurl will use whatever was configured at build time.
LogInit:  - MaxHostConnections = 16  - Libcurl will limit the number of connections to a host
LogInit:  - LocalHostAddr = Default
LogOnline: Display: STEAM: Loading Steam SDK 1.39
LogInit: WinSock: version 1.1 (2.2), MaxSocks=32767, MaxUdp=65467
LogAppleARKit: Warning: Failed to bind to the listen port (76561197972284443:11111) for LiveLink face AR receiving with error (SE_NO_ERROR)
LogInit: Build: ++UE4+Release-4.19-CL-4033788
LogInit: Engine Version: 4.19.2-4033788+++UE4+Release-4.19
LogInit: Compatible Engine Version: 4.19.0-3944462+++UE4+Release-4.19
LogInit: Net CL: 3944462
LogDevObjectVersion: Number of dev versions registered: 18
LogDevObjectVersion:   Dev-Blueprints (B0D832E4-1F89-4F0D-ACCF-7EB736FD4AA2): 10
LogDevObjectVersion:   Dev-Build (E1C64328-A22C-4D53-A36C-8E866417BD8C): 0
LogDevObjectVersion:   Dev-Core (375EC13C-06E4-48FB-B500-84F0262A717E): 2
LogDevObjectVersion:   Dev-Editor (E4B068ED-F494-42E9-A231-DA0B2E46BB41): 23
LogDevObjectVersion:   Dev-Framework (CFFC743F-43B0-4480-9391-14DF171D2073): 33
LogDevObjectVersion:   Dev-Mobile (B02B49B5-BB20-44E9-A304-32B752E40360): 2
LogDevObjectVersion:   Dev-Networking (A4E4105C-59A1-49B5-A7C5-40C4547EDFEE): 0
LogDevObjectVersion:   Dev-Online (39C831C9-5AE6-47DC-9A44-9C173E1C8E7C): 0
LogDevObjectVersion:   Dev-Physics (78F01B33-EBEA-4F98-B9B4-84EACCB95AA2): 0
LogDevObjectVersion:   Dev-Platform (6631380F-2D4D-43E0-8009-CF276956A95A): 0
LogDevObjectVersion:   Dev-Rendering (12F88B9F-8875-4AFC-A67C-D90C383ABD29): 25
LogDevObjectVersion:   Dev-Sequencer (7B5AE74C-D270-4C10-A958-57980B212A5A): 6
LogDevObjectVersion:   Dev-VR (D7296918-1DD6-4BDD-9DE2-64A83CC13884): 1
LogDevObjectVersion:   Dev-LoadTimes (C2A15278-BFE7-4AFE-6C17-90FF531DF755): 1
LogDevObjectVersion:   Private-Geometry (6EACA3D4-40EC-4CC1-B786-8BED09428FC5): 2
LogDevObjectVersion:   Dev-AnimPhys (29E575DD-E0A3-4627-9D10-D276232CDCEA): 16
LogDevObjectVersion:   Dev-ReflectionCapture (6B266CEC-1EC7-4B8F-A30B-E4D90942FC07): 1
LogDevObjectVersion:   Dev-Automation (0DF73D61-A23F-47EA-B727-89E90C41499A): 1
LogInit: Compiled (64-bit): Apr 27 2018 02:06:57
LogInit: Compiled with Visual C++: 19.00.24215.01
LogInit: Build Configuration: Development
LogInit: Branch Name: ++UE4+Release-4.19
LogInit: Command Line:  /Game/Maps/MainMenu -game -PIEVIACONSOLE -ResX=1280 -ResY=720  -Multiprocess -messaging -SessionName="Play in Standalone Game" -windowed 
LogInit: Base Directory: F:/Juegos/UE_4.19/Engine/Binaries/Win64/
LogInit: Installed Engine Build: 1
LogStreaming: Display: Took  0.004s to delete old logs.
LogInit: Presizing for max 8388607 objects, including 0 objects not considered by GC, pre-allocating 0 bytes for permanent pool.
LogInit: Object subsystem initialized
[2018.07.19-12.50.59:563][  0]LogInit: Selected Device Profile: [Windows]
[2018.07.19-12.50.59:563][  0]LogInit: Applying CVar settings loaded from the selected device profile: [Windows]
[2018.07.19-12.50.59:576][  0]LogInit: Computer: Q6600
[2018.07.19-12.50.59:576][  0]LogInit: User: bitt3rman
[2018.07.19-12.50.59:576][  0]LogInit: CPU Page size=4096, Cores=4
[2018.07.19-12.50.59:576][  0]LogInit: High frequency timer resolution =2.343833 MHz
[2018.07.19-12.50.59:577][  0]LogMemory: Memory total: Physical=8.0GB (8GB approx)
[2018.07.19-12.50.59:577][  0]LogMemory: Platform Memory Stats for Windows
[2018.07.19-12.50.59:577][  0]LogMemory: Process Physical Memory: 301.67 MB used, 301.67 MB peak
[2018.07.19-12.50.59:577][  0]LogMemory: Process Virtual Memory: 279.10 MB used, 279.10 MB peak
[2018.07.19-12.50.59:577][  0]LogMemory: Physical Memory: 5945.89 MB used,  2244.59 MB free, 8190.49 MB total
[2018.07.19-12.50.59:577][  0]LogMemory: Virtual Memory: 4882.70 MB used,  2244.59 MB free, 134217728.00 MB total
[2018.07.19-12.50.59:679][  0]LogInit: Using OS detected language (es-ES).
[2018.07.19-12.50.59:679][  0]LogInit: Using OS detected locale (es-ES).
[2018.07.19-12.50.59:679][  0]LogTextLocalizationManager: No localization for 'es-ES' exists, so 'en' will be used for the language.
[2018.07.19-12.50.59:679][  0]LogTextLocalizationManager: No localization for 'es-ES' exists, so 'en' will be used for the locale.
[2018.07.19-12.51.00:858][  0]LogStreaming: Display: Took  1.180s to EndInitTextLocalization.
[2018.07.19-12.51.00:920][  0]LogSlate: New Slate User Created.  User Index 0, Is Virtual User: 0
[2018.07.19-12.51.00:920][  0]LogSlate: Slate User Registered.  User Index 0, Is Virtual User: 0
[2018.07.19-12.51.00:931][  0]LogD3D11RHI: D3D11 adapters:
[2018.07.19-12.51.01:069][  0]LogD3D11RHI:    0. 'NVIDIA GeForce GT 730' (Feature Level 11_0)
[2018.07.19-12.51.01:069][  0]LogD3D11RHI:       2018/0/4095 MB DedicatedVideo/DedicatedSystem/SharedSystem, Outputs:1, VendorId:0x10de
[2018.07.19-12.51.01:081][  0]LogD3D11RHI:    1. 'Microsoft Basic Render Driver' (Feature Level 11_0)
[2018.07.19-12.51.01:081][  0]LogD3D11RHI:       0/0/4095 MB DedicatedVideo/DedicatedSystem/SharedSystem, Outputs:0, VendorId:0x1414
[2018.07.19-12.51.01:081][  0]LogD3D11RHI: Chosen D3D11 Adapter: 0
[2018.07.19-12.51.01:106][  0]LogD3D11RHI: Creating new Direct3DDevice
[2018.07.19-12.51.01:108][  0]LogD3D11RHI:     GPU DeviceId: 0x1287 (for the marketing name, search the web for "GPU Device Id")
[2018.07.19-12.51.01:108][  0]LogWindows: EnumDisplayDevices:
[2018.07.19-12.51.01:108][  0]LogWindows:    0. 'NVIDIA GeForce GT 730' (P:1 D:1)
[2018.07.19-12.51.01:109][  0]LogWindows:    1. 'NVIDIA GeForce GT 730' (P:0 D:0)
[2018.07.19-12.51.01:109][  0]LogWindows:    2. 'NVIDIA GeForce GT 730' (P:0 D:0)
[2018.07.19-12.51.01:110][  0]LogWindows: DebugString: GetVideoDriverDetailsInvalid PrimaryIsNotTheChoosenAdapter GetVideoDriverDetailsInvalid PrimaryIsNotTheChoosenAdapter GetVideoDriverDetailsInvalid PrimaryIsNotTheChoosenAdapter FoundDriverCount:0 
[2018.07.19-12.51.01:110][  0]LogD3D11RHI:     Adapter Name: NVIDIA GeForce GT 730
[2018.07.19-12.51.01:110][  0]LogD3D11RHI:   Driver Version: Unknown (internal:Unknown, unified:Unknown)
[2018.07.19-12.51.01:110][  0]LogD3D11RHI:      Driver Date: Unknown
[2018.07.19-12.51.01:110][  0]LogRHI: Texture pool is 1413 MB (70% of 2018 MB)
[2018.07.19-12.51.01:219][  0]LogD3D11RHI: [Aftermath] Aftermath enabled but failed to initialize
[2018.07.19-12.51.01:219][  0]LogD3D11RHI: [Aftermath] Aftermath enabled and primed
[2018.07.19-12.51.01:219][  0]LogD3D11RHI: Async texture creation enabled
[2018.07.19-12.51.01:240][  0]LogD3D11RHI: GPU Timing Frequency: 1000.000000 (Debug: 2 1)
[2018.07.19-12.51.01:245][  0]LogShaderCompilers: Guid format shader working directory is 17 characters bigger than the processId version (../../../../UE_Projects/CoopRogue/Intermediate/Shaders/WorkingDirectory/1220/).
[2018.07.19-12.51.01:245][  0]LogShaderCompilers: Cleaned the shader compiler working directory 'C:/Users/bitt3rman/AppData/Local/Temp/UnrealShaderWorkingDir/3A9CAEC3450E0395A88B0B96C198DADE/'.
[2018.07.19-12.51.01:964][  0]LogTemp: Display: Loaded TP WindowsClientTargetPlatform
[2018.07.19-12.51.02:002][  0]LogTemp: Display: Loaded TP WindowsNoEditorTargetPlatform
[2018.07.19-12.51.02:043][  0]LogTemp: Display: Loaded TP WindowsServerTargetPlatform
[2018.07.19-12.51.02:083][  0]LogTemp: Display: Loaded TP WindowsTargetPlatform
[2018.07.19-12.51.02:083][  0]LogTargetPlatformManager: Display: Building Assets For Windows
[2018.07.19-12.51.02:484][  0]LogXGEController: Cannot use XGE Controller as Incredibuild is not installed on this machine.
[2018.07.19-12.51.02:485][  0]LogShaderCompilers: Cannot use XGE Shader Compiler as Incredibuild is not installed on this machine.
[2018.07.19-12.51.02:485][  0]LogShaderCompilers: Display: Using Local Shader Compiler.
[2018.07.19-12.51.04:767][  0]LogDerivedDataCache: Display: Max Cache Size: 512 MB
[2018.07.19-12.51.05:075][  0]LogDerivedDataCache: Loaded boot cache 0.31s 74MB C:/Users/bitt3rman/AppData/Local/UnrealEngine/4.19/DerivedDataCache/Boot.ddc.
[2018.07.19-12.51.05:075][  0]LogDerivedDataCache: Display: Loaded Boot cache: C:/Users/bitt3rman/AppData/Local/UnrealEngine/4.19/DerivedDataCache/Boot.ddc
[2018.07.19-12.51.05:075][  0]LogDerivedDataCache: FDerivedDataBackendGraph:  Pak pak cache file ../../../../UE_Projects/CoopRogue/DerivedDataCache/DDC.ddp not found, will not use a pak cache.
[2018.07.19-12.51.05:075][  0]LogDerivedDataCache: Unable to find inner node Pak for hierarchical cache Hierarchy.
[2018.07.19-12.51.05:075][  0]LogDerivedDataCache: FDerivedDataBackendGraph:  CompressedPak pak cache file ../../../../UE_Projects/CoopRogue/DerivedDataCache/Compressed.ddp not found, will not use a pak cache.
[2018.07.19-12.51.05:075][  0]LogDerivedDataCache: Unable to find inner node CompressedPak for hierarchical cache Hierarchy.
[2018.07.19-12.51.05:108][  0]LogDerivedDataCache: Display: Pak cache opened for reading ../../../Engine/DerivedDataCache/Compressed.ddp.
[2018.07.19-12.51.05:124][  0]LogDerivedDataCache: Using Local data cache path C:/Users/bitt3rman/AppData/Local/UnrealEngine/Common/DerivedDataCache: Writable
[2018.07.19-12.51.05:124][  0]LogDerivedDataCache: Shared data cache path not found in *engine.ini, will not use an Shared cache.
[2018.07.19-12.51.05:124][  0]LogDerivedDataCache: Unable to find inner node Shared for hierarchical cache Hierarchy.
[2018.07.19-12.51.05:157][  0]LogMaterial: Verifying Global Shaders for PCD3D_SM5
[2018.07.19-12.51.05:158][  0]LogSlate: Using Freetype 2.6.0
[2018.07.19-12.51.05:160][  0]LogSlate: SlateFontCache - WITH_FREETYPE: 1, WITH_HARFBUZZ: 1
[2018.07.19-12.51.05:160][  0]LogSlate: SlateFontCache - WITH_FREETYPE: 1, WITH_HARFBUZZ: 1
[2018.07.19-12.51.06:030][  0]LogAssetRegistry: FAssetRegistry took 0.0133 seconds to start up
[2018.07.19-12.51.06:624][  0]LogPackageLocalizationCache: Processed 9 localized package path(s) for 1 prioritized culture(s) in 0.040178 seconds
[2018.07.19-12.51.06:912][  0]LogInit: Selected Device Profile: [Windows]
[2018.07.19-12.51.07:300][  0]LogSimplygon: Simplygon DLL not present - disabling.
[2018.07.19-12.51.07:311][  0]LogMeshReduction: Using SimplygonSwarm for distributed automatic mesh merging
[2018.07.19-12.51.07:312][  0]LogMeshReduction: Using QuadricMeshReduction for automatic static mesh reduction
[2018.07.19-12.51.07:312][  0]LogMeshReduction: No automatic skeletal mesh reduction module available
[2018.07.19-12.51.07:312][  0]LogMeshReduction: No automatic mesh merging module available
[2018.07.19-12.51.07:312][  0]LogMeshMerging: No automatic mesh merging module available
[2018.07.19-12.51.07:398][  0]LogNetVersion: CoopRogue , NetCL: 3944462, EngineNetVer: 2, GameNetVer: 0 (Checksum: 382633687)
[2018.07.19-12.51.09:115][  0]LogMoviePlayer: Initializing movie player
[2018.07.19-12.51.09:784][  0]LogTcpMessaging: Initializing TcpMessaging bridge
[2018.07.19-12.51.09:859][  0]LogUdpMessaging: Initializing bridge on interface 0.0.0.0:0 to multicast group 230.0.0.1:6666.
[2018.07.19-12.51.10:455][  0]SourceControl: Source control is disabled
[2018.07.19-12.51.10:455][  0]SourceControl: Source control is disabled
[2018.07.19-12.51.10:505][  0]SourceControl: Source control is disabled
[2018.07.19-12.51.11:381][  0]LogAndroidPermission: UAndroidPermissionCallbackProxy::GetInstance
[2018.07.19-12.51.11:818][  0]LogOcInput: OculusInput pre-init called
[2018.07.19-12.51.11:933][  0]LogUObjectArray: 40131 objects as part of root set at end of initial load.
[2018.07.19-12.51.11:933][  0]LogUObjectAllocator: 8578472 out of 0 bytes used by permanent object pool.
[2018.07.19-12.51.11:933][  0]LogUObjectArray: CloseDisregardForGC: 0/0 objects in disregard for GC pool
[2018.07.19-12.51.12:032][  0]LogEngine: Initializing Engine...
[2018.07.19-12.51.12:041][  0]LogHMD: Failed to initialize OpenVR with code 110
[2018.07.19-12.51.12:055][  0]LogStats: UGameplayTagsManager::ConstructGameplayTagTree: Construct from data asset -  0.000 s
[2018.07.19-12.51.12:055][  0]LogStats: UGameplayTagsManager::ConstructGameplayTagTree: GameplayTagTreeChangedEvent.Broadcast -  0.000 s
[2018.07.19-12.51.12:521][  0]LogInit: XAudio2 using 'Speakers (High Definition Audio Device)' : 2 channels at 48 kHz using 16 bits per sample (channel mask 0x3)
[2018.07.19-12.51.12:554][  0]LogInit: FAudioDevice initialized.
[2018.07.19-12.51.12:623][  0]LogInit: Texture streaming: Enabled
[2018.07.19-12.51.12:881][  0]LogUObjectGlobals: Created PersistentFrame Addr=0x0000028e12ae9f80, Size=528, Default__GameInfoInstance_C Function /Game/Blueprints/AllLevels/GameInfoInstance.GameInfoInstance_C:ExecuteUbergraph_GameInfoInstance
[2018.07.19-12.51.12:889][  0]LogUObjectGlobals: Created PersistentFrame Addr=0x0000028e12ad35e0, Size=96, Default__HostMenu_C Function /Game/UI/MainMenu/HostMenu.HostMenu_C:ExecuteUbergraph_HostMenu
[2018.07.19-12.51.12:907][  0]LogUObjectGlobals: Created PersistentFrame Addr=0x0000028e21e7a4f8, Size=40, Default__MainMenu_C Function /Game/UI/MainMenu/MainMenu.MainMenu_C:ExecuteUbergraph_MainMenu
[2018.07.19-12.51.12:920][  0]LogUObjectGlobals: Created PersistentFrame Addr=0x0000028e12ae1590, Size=104, Default__OptionsMenu_C Function /Game/UI/MainMenu/OptionsMenu.OptionsMenu_C:ExecuteUbergraph_OptionsMenu
[2018.07.19-12.51.12:970][  0]LogUObjectGlobals: Created PersistentFrame Addr=0x0000028e12a86480, Size=608, Default__ServerMenu_C Function /Game/UI/MainMenu/ServerMenu.ServerMenu_C:ExecuteUbergraph_ServerMenu
[2018.07.19-12.51.13:062][  0]LogUObjectGlobals: Destroyed PersistentFrame Addr=0x0000028e12ae9f80, Size=528
[2018.07.19-12.51.13:062][  0]LogUObjectGlobals: Created PersistentFrame Addr=0x0000028e2bd9a980, Size=528, Default__GameInfoInstance_C Function /Engine/Transient.REINST_GameInfoInstance_C_2:ExecuteUbergraph_GameInfoInstance
[2018.07.19-12.51.13:063][  0]LogUObjectGlobals: Destroyed PersistentFrame Addr=0x0000028e12ad35e0, Size=96
[2018.07.19-12.51.13:063][  0]LogUObjectGlobals: Created PersistentFrame Addr=0x0000028e12ad35e0, Size=96, Default__HostMenu_C Function /Engine/Transient.REINST_HostMenu_C_0:ExecuteUbergraph_HostMenu
[2018.07.19-12.51.13:063][  0]LogUObjectGlobals: Destroyed PersistentFrame Addr=0x0000028e21e7a4f8, Size=40
[2018.07.19-12.51.13:064][  0]LogUObjectGlobals: Created PersistentFrame Addr=0x0000028e2bdf7150, Size=40, Default__MainMenu_C Function /Engine/Transient.REINST_MainMenu_C_2:ExecuteUbergraph_MainMenu
[2018.07.19-12.51.13:064][  0]LogUObjectGlobals: Destroyed PersistentFrame Addr=0x0000028e12ae1590, Size=104
[2018.07.19-12.51.13:064][  0]LogUObjectGlobals: Created PersistentFrame Addr=0x0000028e2bd81c20, Size=104, Default__OptionsMenu_C Function /Engine/Transient.REINST_OptionsMenu_C_3:ExecuteUbergraph_OptionsMenu
[2018.07.19-12.51.13:065][  0]LogUObjectGlobals: Destroyed PersistentFrame Addr=0x0000028e12a86480, Size=608
[2018.07.19-12.51.13:065][  0]LogUObjectGlobals: Created PersistentFrame Addr=0x0000028e2bd9a480, Size=608, Default__ServerMenu_C Function /Engine/Transient.REINST_ServerMenu_C_4:ExecuteUbergraph_ServerMenu
[2018.07.19-12.51.13:126][  0]LogUObjectGlobals: Created PersistentFrame Addr=0x0000028e2c90a480, Size=528, Default__GameInfoInstance_C Function /Game/Blueprints/AllLevels/GameInfoInstance.GameInfoInstance_C:ExecuteUbergraph_GameInfoInstance
[2018.07.19-12.51.13:131][  0]LogUObjectGlobals: Created PersistentFrame Addr=0x0000028e2c8bf760, Size=96, Default__HostMenu_C Function /Game/UI/MainMenu/HostMenu.HostMenu_C:ExecuteUbergraph_HostMenu
[2018.07.19-12.51.13:133][  0]LogUObjectGlobals: Created PersistentFrame Addr=0x0000028e2bdf64f8, Size=40, Default__MainMenu_C Function /Game/UI/MainMenu/MainMenu.MainMenu_C:ExecuteUbergraph_MainMenu
[2018.07.19-12.51.13:138][  0]LogUObjectGlobals: Created PersistentFrame Addr=0x0000028e2c863c80, Size=104, Default__OptionsMenu_C Function /Game/UI/MainMenu/OptionsMenu.OptionsMenu_C:ExecuteUbergraph_OptionsMenu
[2018.07.19-12.51.13:144][  0]LogUObjectGlobals: Created PersistentFrame Addr=0x0000028e2c867380, Size=592, Default__ServerMenu_C Function /Game/UI/MainMenu/ServerMenu.ServerMenu_C:ExecuteUbergraph_ServerMenu
[2018.07.19-12.51.13:212][  0]LogInit: Display: Game Engine Initialized.
[2018.07.19-12.51.13:212][  0]LogGameplayTags: Display: UGameplayTagsManager::DoneAddingNativeTags. DelegateIsBound: 0
[2018.07.19-12.51.13:213][  0]LogStats: UGameplayTagsManager::ConstructGameplayTagTree: Construct from data asset -  0.000 s
[2018.07.19-12.51.13:213][  0]LogStats: UGameplayTagsManager::ConstructGameplayTagTree: GameplayTagTreeChangedEvent.Broadcast -  0.000 s
[2018.07.19-12.51.13:505][  0]LogInit: Display: Starting Game.
[2018.07.19-12.51.13:506][  0]LogNet: Browse: /Game/Maps/MainMenu?Name=Player
[2018.07.19-12.51.13:506][  0]LogLoad: LoadMap: /Game/Maps/MainMenu?Name=Player
[2018.07.19-12.51.13:530][  0]LogUObjectGlobals: Destroyed PersistentFrame Addr=0x0000028e2bd9a980, Size=528
[2018.07.19-12.51.13:530][  0]LogUObjectGlobals: Destroyed PersistentFrame Addr=0x0000028e12ad35e0, Size=96
[2018.07.19-12.51.13:530][  0]LogUObjectGlobals: Destroyed PersistentFrame Addr=0x0000028e2bdf7150, Size=40
[2018.07.19-12.51.13:530][  0]LogUObjectGlobals: Destroyed PersistentFrame Addr=0x0000028e2bd81c20, Size=104
[2018.07.19-12.51.13:531][  0]LogUObjectGlobals: Destroyed PersistentFrame Addr=0x0000028e2bd9a480, Size=608
[2018.07.19-12.51.13:536][  0]LogUObjectGlobals: Created PersistentFrame Addr=0x0000028e2c8d9720, Size=32, Default__MainMenu_C Function /Game/Maps/MainMenu.MainMenu_C:ExecuteUbergraph_MainMenu
[2018.07.19-12.51.13:539][  0]LogUObjectGlobals: Destroyed PersistentFrame Addr=0x0000028e2c8d9720, Size=32
[2018.07.19-12.51.13:539][  0]LogUObjectGlobals: Created PersistentFrame Addr=0x0000028e2c8d9720, Size=32, Default__MainMenu_C Function /Engine/Transient.REINST_MainMenu_C_12:ExecuteUbergraph_MainMenu
[2018.07.19-12.51.13:541][  0]LogUObjectGlobals: Created PersistentFrame Addr=0x0000028e2c8d9420, Size=32, Default__MainMenu_C Function /Game/Maps/MainMenu.MainMenu_C:ExecuteUbergraph_MainMenu
[2018.07.19-12.51.13:570][  0]LogAIModule: Creating AISystem for world MainMenu
[2018.07.19-12.51.13:597][  0]LogUObjectGlobals: Created PersistentFrame Addr=0x0000028e2ca8b400, Size=688, Default__FirstPersonCharacter_C Function /Game/FirstPersonBP/Blueprints/FirstPersonCharacter.FirstPersonCharacter_C:ExecuteUbergraph_FirstPersonCharacter
[2018.07.19-12.51.13:603][  0]LogUObjectGlobals: Created PersistentFrame Addr=0x0000028e2c8de100, Size=256, Default__FirstPersonProjectile_C Function /Game/FirstPersonBP/Blueprints/FirstPersonProjectile.FirstPersonProjectile_C:ExecuteUbergraph_FirstPersonProjectile
[2018.07.19-12.51.13:626][  0]LogUObjectGlobals: Created PersistentFrame Addr=0x0000028e2c9971f0, Size=72, Default__FirstPerson_AnimBP_C Function /Game/FirstPerson/Animations/FirstPerson_AnimBP.FirstPerson_AnimBP_C:ExecuteUbergraph_FirstPerson_AnimBP
[2018.07.19-12.51.13:682][  0]LogUObjectGlobals: Created PersistentFrame Addr=0x0000028e2c86dfd8, Size=52, Default__FirstPersonHUD_C Function /Game/FirstPersonBP/Blueprints/FirstPersonHUD.FirstPersonHUD_C:ExecuteUbergraph_FirstPersonHUD
[2018.07.19-12.51.13:702][  0]LogUObjectGlobals: Destroyed PersistentFrame Addr=0x0000028e2c9971f0, Size=72
[2018.07.19-12.51.13:702][  0]LogUObjectGlobals: Created PersistentFrame Addr=0x0000028e2c9517b0, Size=72, Default__FirstPerson_AnimBP_C Function /Engine/Transient.REINST_FirstPerson_AnimBP_C_0:ExecuteUbergraph_FirstPerson_AnimBP
[2018.07.19-12.51.13:703][  0]LogUObjectGlobals: Destroyed PersistentFrame Addr=0x0000028e2c8de100, Size=256
[2018.07.19-12.51.13:703][  0]LogUObjectGlobals: Created PersistentFrame Addr=0x0000028e2c8de100, Size=256, Default__FirstPersonProjectile_C Function /Engine/Transient.REINST_FirstPersonProjectile_C_14:ExecuteUbergraph_FirstPersonProjectile
[2018.07.19-12.51.13:704][  0]LogUObjectGlobals: Destroyed PersistentFrame Addr=0x0000028e2c86dfd8, Size=52
[2018.07.19-12.51.13:704][  0]LogUObjectGlobals: Created PersistentFrame Addr=0x0000028e2c86dfd8, Size=52, Default__FirstPersonHUD_C Function /Engine/Transient.REINST_FirstPersonHUD_C_15:ExecuteUbergraph_FirstPersonHUD
[2018.07.19-12.51.13:705][  0]LogUObjectGlobals: Destroyed PersistentFrame Addr=0x0000028e2ca8b400, Size=688
[2018.07.19-12.51.13:705][  0]LogUObjectGlobals: Created PersistentFrame Addr=0x0000028e2ca46b00, Size=688, Default__FirstPersonCharacter_C Function /Engine/Transient.REINST_FirstPersonCharacter_C_16:ExecuteUbergraph_FirstPersonCharacter
[2018.07.19-12.51.13:742][  0]LogUObjectGlobals: Created PersistentFrame Addr=0x0000028e2ca1f680, Size=64, Default__FirstPerson_AnimBP_C Function /Game/FirstPerson/Animations/FirstPerson_AnimBP.FirstPerson_AnimBP_C:ExecuteUbergraph_FirstPerson_AnimBP
[2018.07.19-12.51.13:743][  0]LogUObjectGlobals: Created PersistentFrame Addr=0x0000028e2c847300, Size=256, Default__FirstPersonProjectile_C Function /Game/FirstPersonBP/Blueprints/FirstPersonProjectile.FirstPersonProjectile_C:ExecuteUbergraph_FirstPersonProjectile
[2018.07.19-12.51.13:744][  0]LogUObjectGlobals: Created PersistentFrame Addr=0x0000028e2c2b6b00, Size=52, Default__FirstPersonHUD_C Function /Game/FirstPersonBP/Blueprints/FirstPersonHUD.FirstPersonHUD_C:ExecuteUbergraph_FirstPersonHUD
[2018.07.19-12.51.13:749][  0]LogUObjectGlobals: Created PersistentFrame Addr=0x0000028e2c25f400, Size=688, Default__FirstPersonCharacter_C Function /Game/FirstPersonBP/Blueprints/FirstPersonCharacter.FirstPersonCharacter_C:ExecuteUbergraph_FirstPersonCharacter
[2018.07.19-12.51.14:053][  0]LogSkeletalMesh: Skeletal Mesh found in DDC [14.251868ms] /Game/FirstPerson/Character/Mesh/SK_Mannequin_Arms.SK_Mannequin_Arms
[2018.07.19-12.51.14:074][  0]LogSkeletalMesh: Skeletal Mesh found in DDC [9.304844ms] /Game/FirstPerson/FPWeapon/Mesh/SK_FPGun.SK_FPGun
[2018.07.19-12.51.14:081][  0]LogLoad: Game class is 'FirstPersonGameMode_C'
[2018.07.19-12.51.14:083][  0]LogWorld: Bringing World /Game/Maps/MainMenu.MainMenu up for play (max tick rate 0) at 2018.07.19-13.51.14
[2018.07.19-12.51.14:083][  0]LogWorld: Bringing up level for play took: 0.001015
[2018.07.19-12.51.14:085][  0]LogGameMode: FindPlayerStart: PATHS NOT DEFINED or NO PLAYERSTART with positive rating
[2018.07.19-12.51.14:096][  0]LogLoad: Took 0.589724 seconds to LoadMap(/Game/Maps/MainMenu)
[2018.07.19-12.51.14:201][  0]LogLoad: (Engine Initialization) Total time: 22.18 seconds
[2018.07.19-12.51.14:201][  0]LogLoad: (Engine Initialization) Total Blueprint compile time: 0.00 seconds
[2018.07.19-12.51.14:312][  0]LogRenderer: Reallocating scene render targets to support 1280x720 Format 10 NumSamples 1 (Frame:1).
[2018.07.19-12.51.14:379][  0]LogContentStreaming: Texture pool size now 1000 MB
[2018.07.19-12.51.25:743][670]LogSlate: FSceneViewport::OnFocusLost() reason 0
[2018.07.19-12.51.25:816][674]LogSlate: Took 0.000745 seconds to synchronously load lazily loaded font '../../../Engine/Content/Slate/Fonts/Roboto-Regular.ttf' (155K)
[2018.07.19-12.51.31:464][ 20]LogNetVersion: CoopRogue 1.0.0.0, NetCL: 3944462, EngineNetVer: 2, GameNetVer: 0 (Checksum: 3451668576)
[2018.07.19-12.51.31:492][ 20]LogInit: WinSock: I am Q6600 (192.168.1.42:0)
[2018.07.19-12.51.31:771][ 20]LogPackageName: SearchForPackageOnDisk took   0.234s to resolve Lobby.umap.
[2018.07.19-12.51.31:975][ 20]LogPackageName: SearchForPackageOnDisk took   0.203s to resolve Lobby.umap.
[2018.07.19-12.51.31:975][ 20]LogNet: Browse: /Game/Maps/Lobby?listen
[2018.07.19-12.51.31:975][ 20]LogLoad: LoadMap: /Game/Maps/Lobby?listen
[2018.07.19-12.51.32:023][ 20]LogUObjectGlobals: Destroyed PersistentFrame Addr=0x0000028e2c86dfd8, Size=52
[2018.07.19-12.51.32:023][ 20]LogUObjectGlobals: Destroyed PersistentFrame Addr=0x0000028e2c9517b0, Size=72
[2018.07.19-12.51.32:023][ 20]LogUObjectGlobals: Destroyed PersistentFrame Addr=0x0000028e2c8de100, Size=256
[2018.07.19-12.51.32:023][ 20]LogUObjectGlobals: Destroyed PersistentFrame Addr=0x0000028e2ca46b00, Size=688
[2018.07.19-12.51.32:023][ 20]LogUObjectGlobals: Destroyed PersistentFrame Addr=0x0000028e2c8d9420, Size=32
[2018.07.19-12.51.32:023][ 20]LogUObjectGlobals: Destroyed PersistentFrame Addr=0x0000028e2c8d9720, Size=32
[2018.07.19-12.51.32:025][ 20]LogUObjectGlobals: Destroyed PersistentFrame Addr=0x0000028e2ca1f680, Size=64
[2018.07.19-12.51.32:025][ 20]LogUObjectGlobals: Destroyed PersistentFrame Addr=0x0000028e2c847300, Size=256
[2018.07.19-12.51.32:025][ 20]LogUObjectGlobals: Destroyed PersistentFrame Addr=0x0000028e2c2b6b00, Size=52
[2018.07.19-12.51.32:025][ 20]LogUObjectGlobals: Destroyed PersistentFrame Addr=0x0000028e2c25f400, Size=688
[2018.07.19-12.51.32:485][ 20]LogUObjectGlobals: Created PersistentFrame Addr=0x0000028e1293e200, Size=688, Default__0_Base_C Function /Game/Blueprints/Characters/0_Base.0_Base_C:ExecuteUbergraph_0_Base
[2018.07.19-12.51.32:490][ 20]LogUObjectGlobals: Created PersistentFrame Addr=0x0000028e2bd8d800, Size=256, Default__FirstPersonProjectile_C Function /Game/FirstPersonBP/Blueprints/FirstPersonProjectile.FirstPersonProjectile_C:ExecuteUbergraph_FirstPersonProjectile
[2018.07.19-12.51.32:513][ 20]LogUObjectGlobals: Created PersistentFrame Addr=0x0000028e2bdf8c20, Size=72, Default__FirstPerson_AnimBP_C Function /Game/FirstPerson/Animations/FirstPerson_AnimBP.FirstPerson_AnimBP_C:ExecuteUbergraph_FirstPerson_AnimBP
[2018.07.19-12.51.32:590][ 20]LogUObjectGlobals: Destroyed PersistentFrame Addr=0x0000028e2bdf8c20, Size=72
[2018.07.19-12.51.32:590][ 20]LogUObjectGlobals: Created PersistentFrame Addr=0x0000028e2c2794e0, Size=72, Default__FirstPerson_AnimBP_C Function /Engine/Transient.REINST_FirstPerson_AnimBP_C_1:ExecuteUbergraph_FirstPerson_AnimBP
[2018.07.19-12.51.32:591][ 20]LogUObjectGlobals: Destroyed PersistentFrame Addr=0x0000028e2bd8d800, Size=256
[2018.07.19-12.51.32:591][ 20]LogUObjectGlobals: Created PersistentFrame Addr=0x0000028e2bd8d800, Size=256, Default__FirstPersonProjectile_C Function /Engine/Transient.REINST_FirstPersonProjectile_C_25:ExecuteUbergraph_FirstPersonProjectile
[2018.07.19-12.51.32:593][ 20]LogUObjectGlobals: Destroyed PersistentFrame Addr=0x0000028e1293e200, Size=688
[2018.07.19-12.51.32:593][ 20]LogUObjectGlobals: Created PersistentFrame Addr=0x0000028e2c25d600, Size=688, Default__0_Base_C Function /Engine/Transient.REINST_0_Base_C_26:ExecuteUbergraph_0_Base
[2018.07.19-12.51.32:626][ 20]LogUObjectGlobals: Created PersistentFrame Addr=0x0000028e11aed500, Size=64, Default__FirstPerson_AnimBP_C Function /Game/FirstPerson/Animations/FirstPerson_AnimBP.FirstPerson_AnimBP_C:ExecuteUbergraph_FirstPerson_AnimBP
[2018.07.19-12.51.32:628][ 20]LogUObjectGlobals: Created PersistentFrame Addr=0x0000028e2c249100, Size=256, Default__FirstPersonProjectile_C Function /Game/FirstPersonBP/Blueprints/FirstPersonProjectile.FirstPersonProjectile_C:ExecuteUbergraph_FirstPersonProjectile
[2018.07.19-12.51.32:632][ 20]LogUObjectGlobals: Created PersistentFrame Addr=0x0000028e2c816500, Size=688, Default__0_Base_C Function /Game/Blueprints/Characters/0_Base.0_Base_C:ExecuteUbergraph_0_Base
[2018.07.19-12.51.33:307][ 20]LogSkeletalMesh: Skeletal Mesh found in DDC [10.918014ms] /Game/FirstPerson/Character/Mesh/SK_Mannequin_Arms.SK_Mannequin_Arms
[2018.07.19-12.51.33:319][ 20]LogSkeletalMesh: Skeletal Mesh found in DDC [8.127712ms] /Game/FirstPerson/FPWeapon/Mesh/SK_FPGun.SK_FPGun
[2018.07.19-12.51.33:386][ 20]LogAIModule: Creating AISystem for world Lobby
[2018.07.19-12.51.33:387][ 20]LogLoad: Game class is 'LobbyGM_C'
[2018.07.19-12.51.33:446][ 20]LogTemp: Display: ParseSettings for GameNetDriver
[2018.07.19-12.51.33:447][ 20]LogTemp: Display: ParseSettings for SteamNetDriver_0
[2018.07.19-12.51.33:447][ 20]LogTemp: Display: ParseSettings for GameNetDriver
[2018.07.19-12.51.33:475][ 20]LogNet: Display: SteamNetDriver_0 bound to port 7777
[2018.07.19-12.51.33:497][ 20]PacketHandlerLog: Loaded PacketHandler component: Engine.EngineHandlerComponentFactory (StatelessConnectHandlerComponent)
[2018.07.19-12.51.33:504][ 20]LogNet: GameNetDriver SteamNetDriver_0 IpNetDriver listening on port 7777
[2018.07.19-12.51.33:624][ 20]LogWorld: Bringing World /Game/Maps/Lobby.Lobby up for play (max tick rate 0) at 2018.07.19-13.51.33
[2018.07.19-12.51.33:639][ 20]LogWorld: Bringing up level for play took: 0.133868
[2018.07.19-12.51.33:683][ 20]LogGameMode: Display: Match State Changed from EnteringMap to WaitingToStart
[2018.07.19-12.51.33:687][ 20]LogGameState: Match State Changed from EnteringMap to WaitingToStart
[2018.07.19-12.51.33:687][ 20]LogGameMode: Display: Match State Changed from WaitingToStart to InProgress
[2018.07.19-12.51.33:750][ 20]LogGameState: Match State Changed from WaitingToStart to InProgress
[2018.07.19-12.51.33:750][ 20]LogLoad: Took 1.774882 seconds to LoadMap(/Game/Maps/Lobby)
[2018.07.19-12.52.15:579][172]LogUObjectGlobals: Destroyed PersistentFrame Addr=0x0000028e2c2794e0, Size=72
[2018.07.19-12.52.15:579][172]LogUObjectGlobals: Destroyed PersistentFrame Addr=0x0000028e2bd8d800, Size=256
[2018.07.19-12.52.15:579][172]LogUObjectGlobals: Destroyed PersistentFrame Addr=0x0000028e2c25d600, Size=688
[2018.07.19-12.55.46:517][755]LogSlate: Window 'CoopRogue (64-bit, PCD3D_SM5) ' being destroyed
[2018.07.19-12.55.46:518][755]LogWindowsTextInputMethodSystem: Display: IME system now deactivated.
[2018.07.19-12.55.46:557][755]LogEngine: All Windows Closed
[2018.07.19-12.55.46:557][755]LogWindows: FPlatformMisc::RequestExit(0)
[2018.07.19-12.55.46:568][756]LogNet: World NetDriver shutdown SteamNetDriver_0 [GameNetDriver]
[2018.07.19-12.55.46:568][756]LogNet: DestroyNamedNetDriver SteamNetDriver_0 [GameNetDriver]
[2018.07.19-12.55.46:594][756]LogExit: GameNetDriver SteamNetDriver_0 shut down
[2018.07.19-12.55.47:300][756]LogSlate: Slate User Destroyed.  User Index 0, Is Virtual User: 0
[2018.07.19-12.55.47:300][756]LogExit: Preparing to exit.
[2018.07.19-12.55.47:300][756]LogMoviePlayer: Shutting down movie player
[2018.07.19-12.55.48:233][756]LogExit: Game engine shut down
[2018.07.19-12.55.48:255][756]LogUObjectGlobals: Destroyed PersistentFrame Addr=0x0000028e2c90a480, Size=528
[2018.07.19-12.55.48:255][756]LogUObjectGlobals: Destroyed PersistentFrame Addr=0x0000028e2c8bf760, Size=96
[2018.07.19-12.55.48:256][756]LogUObjectGlobals: Destroyed PersistentFrame Addr=0x0000028e2bdf64f8, Size=40
[2018.07.19-12.55.48:256][756]LogUObjectGlobals: Destroyed PersistentFrame Addr=0x0000028e2c863c80, Size=104
[2018.07.19-12.55.48:256][756]LogUObjectGlobals: Destroyed PersistentFrame Addr=0x0000028e2c867380, Size=592
[2018.07.19-12.55.48:262][756]LogUObjectGlobals: Destroyed PersistentFrame Addr=0x0000028e11aed500, Size=64
[2018.07.19-12.55.48:263][756]LogUObjectGlobals: Destroyed PersistentFrame Addr=0x0000028e2c249100, Size=256
[2018.07.19-12.55.48:263][756]LogUObjectGlobals: Destroyed PersistentFrame Addr=0x0000028e2c816500, Size=688
[2018.07.19-12.55.48:395][756]LogExit: Object subsystem successfully closed.
[2018.07.19-12.55.48:415][756]LogShaderCompilers: Display: Shaders left to compile 0
[2018.07.19-12.55.48:421][756]LogD3D11RHI: Shutdown
[2018.07.19-12.55.48:421][756]LogD3D11RHI: CleanupD3DDevice
[2018.07.19-12.55.48:425][756]LogD3D11RHI: ~FD3D11DynamicRHI
[2018.07.19-12.55.48:439][756]LogModuleManager: Shutting down and abandoning module SequenceRecorderSections (334)
[2018.07.19-12.55.48:439][756]LogModuleManager: Shutting down and abandoning module SequenceRecorder (332)
[2018.07.19-12.55.48:439][756]LogModuleManager: Shutting down and abandoning module AutomationController (330)
[2018.07.19-12.55.48:439][756]LogModuleManager: Shutting down and abandoning module AutomationWorker (328)
[2018.07.19-12.55.48:439][756]LogModuleManager: Shutting down and abandoning module AIModule (326)
[2018.07.19-12.55.48:439][756]LogModuleManager: Shutting down and abandoning module GameplayDebugger (325)
[2018.07.19-12.55.48:439][756]LogModuleManager: Shutting down and abandoning module AITestSuite (323)
[2018.07.19-12.55.48:439][756]LogModuleManager: Shutting down and abandoning module WmfMediaFactory (320)
[2018.07.19-12.55.48:439][756]LogModuleManager: Shutting down and abandoning module OpenExrWrapper (318)
[2018.07.19-12.55.48:439][756]LogModuleManager: Shutting down and abandoning module ImgMediaFactory (316)
[2018.07.19-12.55.48:439][756]LogModuleManager: Shutting down and abandoning module AvfMediaFactory (314)
[2018.07.19-12.55.48:439][756]LogModuleManager: Shutting down and abandoning module CharacterAI (312)
[2018.07.19-12.55.48:439][756]LogModuleManager: Shutting down and abandoning module SessionServices (310)
[2018.07.19-12.55.48:440][756]LogModuleManager: Shutting down and abandoning module MovieSceneCapture (308)
[2018.07.19-12.55.48:440][756]LogModuleManager: Shutting down and abandoning module MovieSceneTracks (306)
[2018.07.19-12.55.48:440][756]LogModuleManager: Shutting down and abandoning module MovieScene (304)
[2018.07.19-12.55.48:440][756]LogModuleManager: Shutting down and abandoning module GeometryCache (302)
[2018.07.19-12.55.48:440][756]LogModuleManager: Shutting down and abandoning module GeometryCacheEd (301)
[2018.07.19-12.55.48:440][756]LogModuleManager: Shutting down and abandoning module StreamingPauseRendering (298)
[2018.07.19-12.55.48:440][756]LogModuleManager: Shutting down and abandoning module PortalServices (296)
[2018.07.19-12.55.48:440][756]LogModuleManager: Shutting down and abandoning module PortalRpc (294)
[2018.07.19-12.55.48:440][756]LogModuleManager: Shutting down and abandoning module MessagingRpc (292)
[2018.07.19-12.55.48:440][756]LogModuleManager: Shutting down and abandoning module ProfilerService (290)
[2018.07.19-12.55.48:577][756]LogModuleManager: Shutting down and abandoning module TaskGraph (288)
[2018.07.19-12.55.48:578][756]LogModuleManager: Shutting down and abandoning module SteamVRController (286)
[2018.07.19-12.55.48:578][756]LogModuleManager: Shutting down and abandoning module ProceduralMeshComponent (284)
[2018.07.19-12.55.48:578][756]LogModuleManager: Shutting down and abandoning module OculusInput (282)
[2018.07.19-12.55.48:578][756]LogModuleManager: Shutting down and abandoning module MobilePatchingUtils (280)
[2018.07.19-12.55.48:578][756]LogModuleManager: Shutting down and abandoning module CustomMeshComponent (278)
[2018.07.19-12.55.48:578][756]LogModuleManager: Shutting down and abandoning module CableComponent (276)
[2018.07.19-12.55.48:578][756]LogModuleManager: Shutting down and abandoning module AudioCapture (274)
[2018.07.19-12.55.48:578][756]LogModuleManager: Shutting down and abandoning module ArchVisCharacter (272)
[2018.07.19-12.55.48:578][756]LogModuleManager: Shutting down and abandoning module AndroidPermission (270)
[2018.07.19-12.55.48:578][756]LogModuleManager: Shutting down and abandoning module NUTUnrealEngine4 (266)
[2018.07.19-12.55.48:578][756]LogModuleManager: Shutting down and abandoning module NetcodeUnitTest (264)
[2018.07.19-12.55.48:578][756]LogModuleManager: Shutting down and abandoning module MediaCompositing (262)
[2018.07.19-12.55.48:578][756]LogModuleManager: Shutting down and abandoning module LinearTimecode (260)
[2018.07.19-12.55.48:578][756]LogModuleManager: Shutting down and abandoning module ImgMedia (258)
[2018.07.19-12.55.48:585][756]LogModuleManager: Shutting down and abandoning module HTML5Networking (256)
[2018.07.19-12.55.48:585][756]LogModuleManager: Shutting down and abandoning module DatasmithContent (254)
[2018.07.19-12.55.48:585][756]LogModuleManager: Shutting down and abandoning module CryptoKeysOpenSSL (252)
[2018.07.19-12.55.48:585][756]LogModuleManager: Shutting down and abandoning module CryptoKeys (250)
[2018.07.19-12.55.48:585][756]LogModuleManager: Shutting down and abandoning module VisualStudioSourceCodeAccess (248)
[2018.07.19-12.55.48:585][756]LogModuleManager: Shutting down and abandoning module HotReload (247)
[2018.07.19-12.55.48:585][756]LogModuleManager: Shutting down and abandoning module DirectoryWatcher (246)
[2018.07.19-12.55.48:585][756]LogModuleManager: Shutting down and abandoning module VisualStudioCodeSourceCodeAccess (242)
[2018.07.19-12.55.48:585][756]LogModuleManager: Shutting down and abandoning module UObjectPlugin (240)
[2018.07.19-12.55.48:585][756]LogModuleManager: Shutting down and abandoning module SubversionSourceControl (238)
[2018.07.19-12.55.48:585][756]LogModuleManager: Shutting down and abandoning module PerforceSourceControl (236)
[2018.07.19-12.55.48:585][756]LogModuleManager: Shutting down and abandoning module SourceControl (235)
[2018.07.19-12.55.48:585][756]LogModuleManager: Shutting down and abandoning module CLionSourceCodeAccess (232)
[2018.07.19-12.55.48:585][756]LogModuleManager: Shutting down and abandoning module RuntimePhysXCooking (230)
[2018.07.19-12.55.48:585][756]LogModuleManager: Shutting down and abandoning module PhysXVehiclesEditor (228)
[2018.07.19-12.55.48:586][756]LogModuleManager: Shutting down and abandoning module PhysXVehicles (226)
[2018.07.19-12.55.48:586][756]LogModuleManager: Shutting down and abandoning module LocationServicesBPLibrary (224)
[2018.07.19-12.55.48:586][756]LogModuleManager: Shutting down and abandoning module ImmediatePhysicsEditor (222)
[2018.07.19-12.55.48:586][756]LogModuleManager: Shutting down and abandoning module ImmediatePhysics (220)
[2018.07.19-12.55.48:586][756]LogModuleManager: Shutting down and abandoning module ActorSequence (218)
[2018.07.19-12.55.48:586][756]LogModuleManager: Shutting down and abandoning module UdpMessaging (216)
[2018.07.19-12.55.48:687][756]LogModuleManager: Shutting down and abandoning module TcpMessaging (214)
[2018.07.19-12.55.49:026][756]LogModuleManager: Shutting down and abandoning module GameplayTagsEditor (212)
[2018.07.19-12.55.49:026][756]LogModuleManager: Shutting down and abandoning module FacialAnimation (210)
[2018.07.19-12.55.49:026][756]LogModuleManager: Shutting down and abandoning module DataValidation (208)
[2018.07.19-12.55.49:026][756]LogModuleManager: Shutting down and abandoning module AssetManagerEditor (206)
[2018.07.19-12.55.49:026][756]LogModuleManager: Shutting down and abandoning module TreeMap (205)
[2018.07.19-12.55.49:026][756]LogModuleManager: Shutting down and abandoning module LightPropagationVolumeRuntime (202)
[2018.07.19-12.55.49:026][756]LogModuleManager: Shutting down and abandoning module LiveLink (200)
[2018.07.19-12.55.49:672][756]LogModuleManager: Shutting down and abandoning module Paper2D (198)
[2018.07.19-12.55.49:672][756]LogModuleManager: Shutting down and abandoning module PIEPreviewDeviceProfileSelector (196)
[2018.07.19-12.55.49:672][756]LogModuleManager: Shutting down and abandoning module WindowsMoviePlayer (194)
[2018.07.19-12.55.49:672][756]LogModuleManager: Shutting down and abandoning module WmfMedia (192)
[2018.07.19-12.55.49:675][756]LogModuleManager: Shutting down and abandoning module Media (191)
[2018.07.19-12.55.49:682][756]LogModuleManager: Shutting down and abandoning module PacketHandler (188)
[2018.07.19-12.55.49:683][756]LogModuleManager: Shutting down and abandoning module ClothingSystemEditor (186)
[2018.07.19-12.55.49:683][756]LogModuleManager: Shutting down and abandoning module ClothingSystemRuntime (184)
[2018.07.19-12.55.49:683][756]LogModuleManager: Shutting down and abandoning module MediaAssets (182)
[2018.07.19-12.55.49:683][756]LogModuleManager: Shutting down and abandoning module Overlay (180)
[2018.07.19-12.55.49:683][756]LogModuleManager: Shutting down and abandoning module OverlayEditor (179)
[2018.07.19-12.55.49:683][756]LogModuleManager: Shutting down and abandoning module VREditor (176)
[2018.07.19-12.55.49:683][756]LogModuleManager: Shutting down and abandoning module StringTableEditor (174)
[2018.07.19-12.55.49:683][756]LogModuleManager: Shutting down and abandoning module GameplayTasksEditor (172)
[2018.07.19-12.55.49:683][756]LogModuleManager: Shutting down and abandoning module BehaviorTreeEditor (170)
[2018.07.19-12.55.49:683][756]LogModuleManager: Shutting down and abandoning module FunctionalTesting (168)
[2018.07.19-12.55.49:683][756]LogModuleManager: Shutting down and abandoning module CollisionAnalyzer (166)
[2018.07.19-12.55.49:683][756]LogModuleManager: Shutting down and abandoning module WorkspaceMenuStructure (165)
[2018.07.19-12.55.49:683][756]LogModuleManager: Shutting down and abandoning module UMG (162)
[2018.07.19-12.55.49:683][756]LogModuleManager: Shutting down and abandoning module UMGEditor (161)
[2018.07.19-12.55.49:683][756]LogModuleManager: Shutting down and abandoning module Sequencer (160)
[2018.07.19-12.55.49:684][756]LogModuleManager: Shutting down and abandoning module MessageLog (157)
[2018.07.19-12.55.49:684][756]LogModuleManager: Shutting down and abandoning module SlateReflector (152)
[2018.07.19-12.55.49:684][756]LogModuleManager: Shutting down and abandoning module Slate (150)
[2018.07.19-12.55.49:684][756]LogModuleManager: Shutting down and abandoning module EditorStyle (148)
[2018.07.19-12.55.49:687][756]LogModuleManager: Shutting down and abandoning module MRMesh (146)
[2018.07.19-12.55.49:687][756]LogModuleManager: Shutting down and abandoning module Messaging (144)
[2018.07.19-12.55.49:687][756]LogModuleManager: Shutting down and abandoning module SourceCodeAccess (142)
[2018.07.19-12.55.49:687][756]LogModuleManager: Shutting down and abandoning module HeadMountedDisplay (140)
[2018.07.19-12.55.49:687][756]LogModuleManager: Shutting down and abandoning module XAudio2 (138)
[2018.07.19-12.55.49:687][756]LogModuleManager: Shutting down and abandoning module Networking (136)
[2018.07.19-12.55.49:687][756]LogModuleManager: Shutting down and abandoning module Core (134)
[2018.07.19-12.55.49:687][756]LogModuleManager: Shutting down and abandoning module LevelSequence (132)
[2018.07.19-12.55.49:687][756]LogModuleManager: Shutting down and abandoning module KismetCompiler (130)
[2018.07.19-12.55.49:687][756]LogModuleManager: Shutting down and abandoning module MeshUtilities (128)
[2018.07.19-12.55.49:687][756]LogModuleManager: Shutting down and abandoning module MeshMergeUtilities (127)
[2018.07.19-12.55.49:687][756]LogModuleManager: Shutting down and abandoning module MeshReductionInterface (126)
[2018.07.19-12.55.49:687][756]LogModuleManager: Shutting down and abandoning module SimplygonSwarm (125)
[2018.07.19-12.55.49:687][756]LogModuleManager: Shutting down and abandoning module SimplygonMeshReduction (123)
[2018.07.19-12.55.49:687][756]LogModuleManager: Shutting down and abandoning module QuadricMeshReduction (121)
[2018.07.19-12.55.49:687][756]LogModuleManager: Shutting down and abandoning module MaterialBaking (117)
[2018.07.19-12.55.49:687][756]LogModuleManager: Shutting down and abandoning module DerivedDataCache (112)
[2018.07.19-12.55.49:756][756]LogDerivedDataCache: Shutdown
[2018.07.19-12.55.49:757][756]LogModuleManager: Shutting down and abandoning module XGEController (110)
[2018.07.19-12.55.49:757][756]LogModuleManager: Shutting down and abandoning module TargetPlatform (108)
[2018.07.19-12.55.49:757][756]LogModuleManager: Shutting down and abandoning module VulkanShaderFormat (107)
[2018.07.19-12.55.49:757][756]LogModuleManager: Shutting down and abandoning module ShaderFormatVectorVM (105)
[2018.07.19-12.55.49:757][756]LogModuleManager: Shutting down and abandoning module ShaderFormatOpenGL (103)
[2018.07.19-12.55.49:757][756]LogModuleManager: Shutting down and abandoning module ShaderFormatD3D (101)
[2018.07.19-12.55.49:757][756]LogModuleManager: Shutting down and abandoning module MetalShaderFormat (99)
[2018.07.19-12.55.49:757][756]LogModuleManager: Shutting down and abandoning module TextureFormatUncompressed (97)
[2018.07.19-12.55.49:757][756]LogModuleManager: Shutting down and abandoning module TextureFormatPVR (95)
[2018.07.19-12.55.49:757][756]LogModuleManager: Shutting down and abandoning module TextureFormatDXT (93)
[2018.07.19-12.55.49:757][756]LogModuleManager: Shutting down and abandoning module TextureFormatIntelISPCTexComp (91)
[2018.07.19-12.55.49:757][756]LogModuleManager: Shutting down and abandoning module TextureFormatASTC (89)
[2018.07.19-12.55.49:757][756]LogModuleManager: Shutting down and abandoning module ImageWrapper (88)
[2018.07.19-12.55.49:757][756]LogModuleManager: Shutting down and abandoning module TextureFormatAndroid (85)
[2018.07.19-12.55.49:757][756]LogModuleManager: Shutting down and abandoning module AudioFormatOpus (83)
[2018.07.19-12.55.49:757][756]LogModuleManager: Shutting down and abandoning module AudioFormatOgg (81)
[2018.07.19-12.55.49:757][756]LogModuleManager: Shutting down and abandoning module AudioFormatADPCM (79)
[2018.07.19-12.55.49:757][756]LogModuleManager: Shutting down and abandoning module WindowsTargetPlatform (77)
[2018.07.19-12.55.49:757][756]LogModuleManager: Shutting down and abandoning module WindowsServerTargetPlatform (75)
[2018.07.19-12.55.49:757][756]LogModuleManager: Shutting down and abandoning module WindowsNoEditorTargetPlatform (73)
[2018.07.19-12.55.49:757][756]LogModuleManager: Shutting down and abandoning module WindowsClientTargetPlatform (71)
[2018.07.19-12.55.49:758][756]LogModuleManager: Shutting down and abandoning module InputCore (68)
[2018.07.19-12.55.49:758][756]LogModuleManager: Shutting down and abandoning module Settings (66)
[2018.07.19-12.55.49:758][756]LogModuleManager: Shutting down and abandoning module PhysXCooking (64)
[2018.07.19-12.55.49:758][756]LogModuleManager: Shutting down and abandoning module SteamVR (62)
[2018.07.19-12.55.49:758][756]LogModuleManager: Shutting down and abandoning module OculusHMD (60)
[2018.07.19-12.55.49:758][756]LogModuleManager: Shutting down and abandoning module ExampleDeviceProfileSelector (58)
[2018.07.19-12.55.49:758][756]LogModuleManager: Shutting down and abandoning module AppleARKit (56)
[2018.07.19-12.55.49:758][756]LogModuleManager: Shutting down and abandoning module AugmentedReality (55)
[2018.07.19-12.55.49:758][756]LogModuleManager: Shutting down and abandoning module OnlineBlueprintSupport (52)
[2018.07.19-12.55.49:758][756]LogModuleManager: Shutting down and abandoning module OnlineSubsystem (48)
[2018.07.19-12.55.49:758][756]LogOnline: Display: STEAM: OnlineSubsystemSteam::Shutdown()
[2018.07.19-12.55.49:758][756]LogOnline: Display: OSS: FOnlineAsyncTaskManager::Stop() ActiveTask:0000000000000000 Tasks[0/0]
[2018.07.19-12.55.49:922][756]LogOnline: Display: OSS: FOnlineAsyncTaskManager::Exit() started
[2018.07.19-12.55.49:922][756]LogOnline: Display: OSS: FOnlineAsyncTaskManager::Exit() finished
[2018.07.19-12.55.49:922][756]LogOnline: Display: STEAM: OnlineSubsystemSteam::Shutdown()
[2018.07.19-12.55.49:922][756]LogModuleManager: Shutting down and abandoning module XMPP (43)
[2018.07.19-12.55.49:922][756]LogModuleManager: Shutting down and abandoning module HTTP (41)
[2018.07.19-12.55.49:935][756]LogModuleManager: Shutting down and abandoning module SSL (40)
[2018.07.19-12.55.49:937][756]LogModuleManager: Shutting down and abandoning module AnimationModifiers (36)
[2018.07.19-12.55.49:937][756]LogModuleManager: Shutting down and abandoning module PropertyEditor (35)
[2018.07.19-12.55.49:937][756]LogModuleManager: Shutting down and abandoning module AudioEditor (32)
[2018.07.19-12.55.49:937][756]LogModuleManager: Shutting down and abandoning module TextureCompressor (30)
[2018.07.19-12.55.49:938][756]LogModuleManager: Shutting down and abandoning module ShaderCore (28)
[2018.07.19-12.55.49:938][756]LogModuleManager: Shutting down and abandoning module Landscape (26)
[2018.07.19-12.55.49:938][756]LogModuleManager: Shutting down and abandoning module SlateRHIRenderer (24)
[2018.07.19-12.55.49:939][756]LogModuleManager: Shutting down and abandoning module OpenGLDrv (22)
[2018.07.19-12.55.49:939][756]LogModuleManager: Shutting down and abandoning module D3D11RHI (20)
[2018.07.19-12.55.49:939][756]LogModuleManager: Shutting down and abandoning module AnimGraphRuntime (18)
[2018.07.19-12.55.49:939][756]LogModuleManager: Shutting down and abandoning module Renderer (16)
[2018.07.19-12.55.49:939][756]LogModuleManager: Shutting down and abandoning module Engine (14)
[2018.07.19-12.55.49:939][756]LogModuleManager: Shutting down and abandoning module CoreUObject (12)
[2018.07.19-12.55.49:939][756]LogModuleManager: Shutting down and abandoning module NetworkFile (10)
[2018.07.19-12.55.49:939][756]LogModuleManager: Shutting down and abandoning module CookedIterativeFile (8)
[2018.07.19-12.55.49:939][756]LogModuleManager: Shutting down and abandoning module StreamingFile (6)
[2018.07.19-12.55.49:939][756]LogModuleManager: Shutting down and abandoning module SandboxFile (4)
[2018.07.19-12.55.49:939][756]LogModuleManager: Shutting down and abandoning module PakFile (2)
[2018.07.19-12.55.49:946][756]LogExit: Exiting.
[2018.07.19-12.55.49:949][756]Log file closed, 07/19/18 13:55:49
