Log file open, 07/19/18 13:39:26
LogWindows: Failed to load 'aqProf.dll' (GetLastError=126)
LogWindows: File 'aqProf.dll' does not exist
LogWindows: Failed to load 'VtuneApi.dll' (GetLastError=126)
LogWindows: File 'VtuneApi.dll' does not exist
LogWindows: Failed to load 'VtuneApi32e.dll' (GetLastError=126)
LogWindows: File 'VtuneApi32e.dll' does not exist
LogInit: Display: Running engine for game: CoopRogue
LogPlatformFile: Not using cached read wrapper
LogInit: Display: RandInit(1427314458) SRandInit(1427314458).
LogInit: Read version file with build ID '3944462'
LogInit: Overriding engine version to CL 4033788, compatible CL 3944462
LogInit: Registered custom module enumerator with build ID '3944462'
LogTaskGraph: Started task graph with 5 named threads and 14 total threads with 3 sets of task threads.
LogStats: Stats thread started at 0.362778
LogD3D11RHI: Aftermath initialized
LogICUInternationalization: Display: ICU TimeZone Detection - Raw Offset: +0:00, Platform Override: ''
LogModuleManager: Display: Found up-to-date module file ../../../Engine/Plugins/2D/Paper2D/Binaries/Win64/UE4Editor-Paper2D.dll (API version 3944462).
LogModuleManager: Display: Found up-to-date module file ../../../Engine/Plugins/2D/Paper2D/Binaries/Win64/UE4Editor-Paper2DEditor.dll (API version 3944462).
LogModuleManager: Display: Found up-to-date module file ../../../Engine/Plugins/2D/Paper2D/Binaries/Win64/UE4Editor-PaperSpriteSheetImporter.dll (API version 3944462).
LogModuleManager: Display: Found up-to-date module file ../../../Engine/Plugins/2D/Paper2D/Binaries/Win64/UE4Editor-PaperTiledImporter.dll (API version 3944462).
LogModuleManager: Display: Found up-to-date module file ../../../Engine/Plugins/2D/Paper2D/Binaries/Win64/UE4Editor-SmartSnapping.dll (API version 3944462).
LogModuleManager: Display: Found up-to-date module file ../../../Engine/Plugins/Blendables/LightPropagationVolume/Binaries/Win64/UE4Editor-LightPropagationVolumeRuntime.dll (API version 3944462).
LogModuleManager: Display: Found up-to-date module file ../../../Engine/Plugins/Blendables/LightPropagationVolume/Binaries/Win64/UE4Editor-LightPropagationVolumeEditor.dll (API version 3944462).
LogModuleManager: Display: Found up-to-date module file ../../../Engine/Plugins/Developer/CLionSourceCodeAccess/Binaries/Win64/UE4Editor-CLionSourceCodeAccess.dll (API version 3944462).
LogModuleManager: Display: Found up-to-date module file ../../../Engine/Plugins/Developer/GitSourceControl/Binaries/Win64/UE4Editor-GitSourceControl.dll (API version 3944462).
LogModuleManager: Display: Found up-to-date module file ../../../Engine/Plugins/Developer/PerforceSourceControl/Binaries/Win64/UE4Editor-PerforceSourceControl.dll (API version 3944462).
LogModuleManager: Display: Found up-to-date module file ../../../Engine/Plugins/Developer/SubversionSourceControl/Binaries/Win64/UE4Editor-SubversionSourceControl.dll (API version 3944462).
LogModuleManager: Display: Found up-to-date module file ../../../Engine/Plugins/Developer/UObjectPlugin/Binaries/Win64/UE4Editor-UObjectPlugin.dll (API version 3944462).
LogModuleManager: Display: Found up-to-date module file ../../../Engine/Plugins/Developer/VisualStudioCodeSourceCodeAccess/Binaries/Win64/UE4Editor-VisualStudioCodeSourceCodeAccess.dll (API version 3944462).
LogModuleManager: Display: Found up-to-date module file ../../../Engine/Plugins/Developer/VisualStudioSourceCodeAccess/Binaries/Win64/UE4Editor-VisualStudioSourceCodeAccess.dll (API version 3944462).
LogModuleManager: Display: Found up-to-date module file ../../../Engine/Plugins/Editor/AssetManagerEditor/Binaries/Win64/UE4Editor-AssetManagerEditor.dll (API version 3944462).
LogModuleManager: Display: Found up-to-date module file ../../../Engine/Plugins/Editor/CryptoKeys/Binaries/Win64/UE4Editor-CryptoKeys.dll (API version 3944462).
LogModuleManager: Display: Found up-to-date module file ../../../Engine/Plugins/Editor/CryptoKeys/Binaries/Win64/UE4Editor-CryptoKeysOpenSSL.dll (API version 3944462).
LogModuleManager: Display: Found up-to-date module file ../../../Engine/Plugins/Editor/DataValidation/Binaries/Win64/UE4Editor-DataValidation.dll (API version 3944462).
LogModuleManager: Display: Found up-to-date module file ../../../Engine/Plugins/Editor/FacialAnimation/Binaries/Win64/UE4Editor-FacialAnimation.dll (API version 3944462).
LogModuleManager: Display: Found up-to-date module file ../../../Engine/Plugins/Editor/FacialAnimation/Binaries/Win64/UE4Editor-FacialAnimationEditor.dll (API version 3944462).
LogModuleManager: Display: Found up-to-date module file ../../../Engine/Plugins/Editor/GameplayTagsEditor/Binaries/Win64/UE4Editor-GameplayTagsEditor.dll (API version 3944462).
LogModuleManager: Display: Found up-to-date module file ../../../Engine/Plugins/Editor/MobileLauncherProfileWizard/Binaries/Win64/UE4Editor-MobileLauncherProfileWizard.dll (API version 3944462).
LogModuleManager: Display: Found up-to-date module file ../../../Engine/Plugins/Editor/PluginBrowser/Binaries/Win64/UE4Editor-PluginBrowser.dll (API version 3944462).
LogModuleManager: Display: Found up-to-date module file ../../../Engine/Plugins/Editor/SpeedTreeImporter/Binaries/Win64/UE4Editor-SpeedTreeImporter.dll (API version 3944462).
LogModuleManager: Display: Found up-to-date module file ../../../Engine/Plugins/Enterprise/DatasmithContent/Binaries/Win64/UE4Editor-DatasmithContent.dll (API version 3944462).
LogModuleManager: Display: Found up-to-date module file ../../../Engine/Plugins/Experimental/AlembicImporter/Binaries/Win64/UE4Editor-AlembicImporter.dll (API version 3944462).
LogModuleManager: Display: Found up-to-date module file ../../../Engine/Plugins/Experimental/AlembicImporter/Binaries/Win64/UE4Editor-AlembicLibrary.dll (API version 3944462).
LogModuleManager: Display: Found up-to-date module file ../../../Engine/Plugins/Experimental/CharacterAI/Binaries/Win64/UE4Editor-CharacterAI.dll (API version 3944462).
LogModuleManager: Display: Found up-to-date module file ../../../Engine/Plugins/Experimental/HTML5Networking/Binaries/Win64/UE4Editor-HTML5Networking.dll (API version 3944462).
LogModuleManager: Display: Found up-to-date module file ../../../Engine/Plugins/Media/AndroidMedia/Binaries/Win64/UE4Editor-AndroidMediaEditor.dll (API version 3944462).
LogModuleManager: Display: Found up-to-date module file ../../../Engine/Plugins/Media/AndroidMedia/Binaries/Win64/UE4Editor-AndroidMediaFactory.dll (API version 3944462).
LogModuleManager: Display: Found up-to-date module file ../../../Engine/Plugins/Media/AvfMedia/Binaries/Win64/UE4Editor-AvfMediaEditor.dll (API version 3944462).
LogModuleManager: Display: Found up-to-date module file ../../../Engine/Plugins/Media/AvfMedia/Binaries/Win64/UE4Editor-AvfMediaFactory.dll (API version 3944462).
LogModuleManager: Display: Found up-to-date module file ../../../Engine/Plugins/Media/AvfMedia/Binaries/Win64/UE4Editor-AvfMediaFactory.dll (API version 3944462).
LogModuleManager: Display: Found up-to-date module file ../../../Engine/Plugins/Media/ImgMedia/Binaries/Win64/UE4Editor-ImgMedia.dll (API version 3944462).
LogModuleManager: Display: Found up-to-date module file ../../../Engine/Plugins/Media/ImgMedia/Binaries/Win64/UE4Editor-ImgMediaEditor.dll (API version 3944462).
LogModuleManager: Display: Found up-to-date module file ../../../Engine/Plugins/Media/ImgMedia/Binaries/Win64/UE4Editor-ImgMediaFactory.dll (API version 3944462).
LogModuleManager: Display: Found up-to-date module file ../../../Engine/Plugins/Media/ImgMedia/Binaries/Win64/UE4Editor-ImgMediaFactory.dll (API version 3944462).
LogModuleManager: Display: Found up-to-date module file ../../../Engine/Plugins/Media/ImgMedia/Binaries/Win64/UE4Editor-OpenExrWrapper.dll (API version 3944462).
LogModuleManager: Display: Found up-to-date module file ../../../Engine/Plugins/Media/LinearTimecode/Binaries/Win64/UE4Editor-LinearTimecode.dll (API version 3944462).
LogModuleManager: Display: Found up-to-date module file ../../../Engine/Plugins/Media/MediaCompositing/Binaries/Win64/UE4Editor-MediaCompositing.dll (API version 3944462).
LogModuleManager: Display: Found up-to-date module file ../../../Engine/Plugins/Media/MediaCompositing/Binaries/Win64/UE4Editor-MediaCompositingEditor.dll (API version 3944462).
LogModuleManager: Display: Found up-to-date module file ../../../Engine/Plugins/Media/MediaPlayerEditor/Binaries/Win64/UE4Editor-MediaPlayerEditor.dll (API version 3944462).
LogModuleManager: Display: Found up-to-date module file ../../../Engine/Plugins/Media/WmfMedia/Binaries/Win64/UE4Editor-WmfMedia.dll (API version 3944462).
LogModuleManager: Display: Found up-to-date module file ../../../Engine/Plugins/Media/WmfMedia/Binaries/Win64/UE4Editor-WmfMediaEditor.dll (API version 3944462).
LogModuleManager: Display: Found up-to-date module file ../../../Engine/Plugins/Media/WmfMedia/Binaries/Win64/UE4Editor-WmfMediaFactory.dll (API version 3944462).
LogModuleManager: Display: Found up-to-date module file ../../../Engine/Plugins/Media/WmfMedia/Binaries/Win64/UE4Editor-WmfMediaFactory.dll (API version 3944462).
LogModuleManager: Display: Found up-to-date module file ../../../Engine/Plugins/Messaging/TcpMessaging/Binaries/Win64/UE4Editor-TcpMessaging.dll (API version 3944462).
LogModuleManager: Display: Found up-to-date module file ../../../Engine/Plugins/Messaging/UdpMessaging/Binaries/Win64/UE4Editor-UdpMessaging.dll (API version 3944462).
LogModuleManager: Display: Found up-to-date module file ../../../Engine/Plugins/MovieScene/ActorSequence/Binaries/Win64/UE4Editor-ActorSequence.dll (API version 3944462).
LogModuleManager: Display: Found up-to-date module file ../../../Engine/Plugins/MovieScene/LevelSequenceEditor/Binaries/Win64/UE4Editor-LevelSequenceEditor.dll (API version 3944462).
LogModuleManager: Display: Found up-to-date module file ../../../Engine/Plugins/MovieScene/MatineeToLevelSequence/Binaries/Win64/UE4Editor-MatineeToLevelSequence.dll (API version 3944462).
LogModuleManager: Display: Found up-to-date module file ../../../Engine/Plugins/NetcodeUnitTest/NetcodeUnitTest/Binaries/Win64/UE4Editor-NetcodeUnitTest.dll (API version 3944462).
LogModuleManager: Display: Found up-to-date module file ../../../Engine/Plugins/NetcodeUnitTest/NUTUnrealEngine4/Binaries/Win64/UE4Editor-NUTUnrealEngine4.dll (API version 3944462).
LogModuleManager: Display: Found up-to-date module file ../../../Engine/Plugins/Online/OnlineSubsystem/Binaries/Win64/UE4Editor-OnlineSubsystem.dll (API version 3944462).
LogModuleManager: Display: Found up-to-date module file ../../../Engine/Plugins/Runtime/AndroidPermission/Binaries/Win64/UE4Editor-AndroidPermission.dll (API version 3944462).
LogModuleManager: Display: Found up-to-date module file ../../../Engine/Plugins/Online/OnlineSubsystemNull/Binaries/Win64/UE4Editor-OnlineSubsystemNull.dll (API version 3944462).
LogModuleManager: Display: Found up-to-date module file ../../../Engine/Plugins/Online/OnlineSubsystemUtils/Binaries/Win64/UE4Editor-OnlineSubsystemUtils.dll (API version 3944462).
LogModuleManager: Display: Found up-to-date module file ../../../Engine/Plugins/Online/OnlineSubsystemUtils/Binaries/Win64/UE4Editor-OnlineBlueprintSupport.dll (API version 3944462).
LogModuleManager: Display: Found up-to-date module file ../../../Engine/Plugins/Runtime/AndroidDeviceProfileSelector/Binaries/Win64/UE4Editor-AndroidDeviceProfileSelector.dll (API version 3944462).
LogModuleManager: Display: Found up-to-date module file ../../../Engine/Plugins/Runtime/AppleARKit/Binaries/Win64/UE4Editor-AppleARKit.dll (API version 3944462).
LogModuleManager: Display: Found up-to-date module file ../../../Engine/Plugins/Runtime/ProceduralMeshComponent/Binaries/Win64/UE4Editor-ProceduralMeshComponent.dll (API version 3944462).
LogModuleManager: Display: Found up-to-date module file ../../../Engine/Plugins/Runtime/ProceduralMeshComponent/Binaries/Win64/UE4Editor-ProceduralMeshComponentEditor.dll (API version 3944462).
LogModuleManager: Display: Found up-to-date module file ../../../Engine/Plugins/Animation/LiveLink/Binaries/Win64/UE4Editor-LiveLink.dll (API version 3944462).
LogModuleManager: Display: Found up-to-date module file ../../../Engine/Plugins/Animation/LiveLink/Binaries/Win64/UE4Editor-LiveLinkEditor.dll (API version 3944462).
LogModuleManager: Display: Found up-to-date module file ../../../Engine/Plugins/Runtime/ArchVisCharacter/Binaries/Win64/UE4Editor-ArchVisCharacter.dll (API version 3944462).
LogModuleManager: Display: Found up-to-date module file ../../../Engine/Plugins/Runtime/AudioCapture/Binaries/Win64/UE4Editor-AudioCapture.dll (API version 3944462).
LogModuleManager: Display: Found up-to-date module file ../../../Engine/Plugins/Runtime/AudioCapture/Binaries/Win64/UE4Editor-AudioCaptureEditor.dll (API version 3944462).
LogModuleManager: Display: Found up-to-date module file ../../../Engine/Plugins/Runtime/CableComponent/Binaries/Win64/UE4Editor-CableComponent.dll (API version 3944462).
LogModuleManager: Display: Found up-to-date module file ../../../Engine/Plugins/Runtime/CustomMeshComponent/Binaries/Win64/UE4Editor-CustomMeshComponent.dll (API version 3944462).
LogModuleManager: Display: Found up-to-date module file ../../../Engine/Plugins/Runtime/ExampleDeviceProfileSelector/Binaries/Win64/UE4Editor-ExampleDeviceProfileSelector.dll (API version 3944462).
LogModuleManager: Display: Found up-to-date module file ../../../Engine/Plugins/Runtime/ImmediatePhysics/Binaries/Win64/UE4Editor-ImmediatePhysics.dll (API version 3944462).
LogModuleManager: Display: Found up-to-date module file ../../../Engine/Plugins/Runtime/ImmediatePhysics/Binaries/Win64/UE4Editor-ImmediatePhysicsEditor.dll (API version 3944462).
LogModuleManager: Display: Found up-to-date module file ../../../Engine/Plugins/Runtime/LocationServicesBPLibrary/Binaries/Win64/UE4Editor-LocationServicesBPLibrary.dll (API version 3944462).
LogModuleManager: Display: Found up-to-date module file ../../../Engine/Plugins/Runtime/MobilePatchingUtils/Binaries/Win64/UE4Editor-MobilePatchingUtils.dll (API version 3944462).
LogModuleManager: Display: Found up-to-date module file ../../../Engine/Plugins/Runtime/Oculus/OculusVR/Binaries/Win64/UE4Editor-OculusHMD.dll (API version 3944462).
LogModuleManager: Display: Found up-to-date module file ../../../Engine/Plugins/Runtime/Oculus/OculusVR/Binaries/Win64/UE4Editor-OculusInput.dll (API version 3944462).
LogModuleManager: Display: Found up-to-date module file ../../../Engine/Plugins/Runtime/Oculus/OculusVR/Binaries/Win64/UE4Editor-OculusEditor.dll (API version 3944462).
LogModuleManager: Display: Found up-to-date module file ../../../Engine/Plugins/Runtime/PhysXVehicles/Binaries/Win64/UE4Editor-PhysXVehicles.dll (API version 3944462).
LogModuleManager: Display: Found up-to-date module file ../../../Engine/Plugins/Runtime/PhysXVehicles/Binaries/Win64/UE4Editor-PhysXVehiclesEditor.dll (API version 3944462).
LogModuleManager: Display: Found up-to-date module file ../../../Engine/Plugins/Runtime/RuntimePhysXCooking/Binaries/Win64/UE4Editor-RuntimePhysXCooking.dll (API version 3944462).
LogModuleManager: Display: Found up-to-date module file ../../../Engine/Plugins/Runtime/Steam/SteamVR/Binaries/Win64/UE4Editor-SteamVR.dll (API version 3944462).
LogModuleManager: Display: Found up-to-date module file ../../../Engine/Plugins/Runtime/Steam/SteamVR/Binaries/Win64/UE4Editor-SteamVRController.dll (API version 3944462).
LogModuleManager: Display: Found up-to-date module file ../../../Engine/Plugins/Runtime/WindowsMoviePlayer/Binaries/Win64/UE4Editor-WindowsMoviePlayer.dll (API version 3944462).
LogPluginManager: Mounting plugin Paper2D
LogPluginManager: Mounting plugin LiveLink
LogPluginManager: Mounting plugin LightPropagationVolume
LogPluginManager: Mounting plugin CLionSourceCodeAccess
LogPluginManager: Mounting plugin CodeLiteSourceCodeAccess
LogPluginManager: Mounting plugin GitSourceControl
LogPluginManager: Mounting plugin KDevelopSourceCodeAccess
LogPluginManager: Mounting plugin NullSourceCodeAccess
LogPluginManager: Mounting plugin PerforceSourceControl
LogPluginManager: Mounting plugin SubversionSourceControl
LogPluginManager: Mounting plugin UObjectPlugin
LogPluginManager: Mounting plugin VisualStudioCodeSourceCodeAccess
LogPluginManager: Mounting plugin VisualStudioSourceCodeAccess
LogPluginManager: Mounting plugin XCodeSourceCodeAccess
LogPluginManager: Mounting plugin AssetManagerEditor
LogPluginManager: Mounting plugin CryptoKeys
LogPluginManager: Mounting plugin DataValidation
LogPluginManager: Mounting plugin FacialAnimation
LogPluginManager: Mounting plugin GameplayTagsEditor
LogPluginManager: Mounting plugin MobileLauncherProfileWizard
LogPluginManager: Mounting plugin PluginBrowser
LogPluginManager: Mounting plugin SpeedTreeImporter
LogPluginManager: Mounting plugin DatasmithContent
LogPluginManager: Mounting plugin AlembicImporter
LogPluginManager: Mounting plugin CharacterAI
LogPluginManager: Mounting plugin HTML5Networking
LogPluginManager: Mounting plugin AndroidMedia
LogPluginManager: Mounting plugin AvfMedia
LogPluginManager: Mounting plugin ImgMedia
LogPluginManager: Mounting plugin LinearTimecode
LogPluginManager: Mounting plugin MediaCompositing
LogPluginManager: Mounting plugin MediaPlayerEditor
LogPluginManager: Mounting plugin WmfMedia
LogPluginManager: Mounting plugin TcpMessaging
LogPluginManager: Mounting plugin UdpMessaging
LogPluginManager: Mounting plugin ActorSequence
LogPluginManager: Mounting plugin LevelSequenceEditor
LogPluginManager: Mounting plugin MatineeToLevelSequence
LogPluginManager: Mounting plugin NetcodeUnitTest
LogPluginManager: Mounting plugin NUTUnrealEngine4
LogPluginManager: Mounting plugin OnlineSubsystemGooglePlay
LogPluginManager: Mounting plugin OnlineSubsystemIOS
LogPluginManager: Mounting plugin OnlineSubsystem
LogPluginManager: Mounting plugin OnlineSubsystemNull
LogPluginManager: Mounting plugin OnlineSubsystemUtils
LogPluginManager: Mounting plugin AndroidDeviceProfileSelector
LogPluginManager: Mounting plugin AndroidMoviePlayer
LogPluginManager: Mounting plugin AndroidPermission
LogPluginManager: Mounting plugin AppleARKit
LogPluginManager: Mounting plugin AppleMoviePlayer
LogPluginManager: Mounting plugin ArchVisCharacter
LogPluginManager: Mounting plugin AudioCapture
LogPluginManager: Mounting plugin CableComponent
LogPluginManager: Mounting plugin CustomMeshComponent
LogPluginManager: Mounting plugin ExampleDeviceProfileSelector
LogPluginManager: Mounting plugin GoogleCloudMessaging
LogPluginManager: Mounting plugin ImmediatePhysics
LogPluginManager: Mounting plugin IOSDeviceProfileSelector
LogPluginManager: Mounting plugin LinuxDeviceProfileSelector
LogPluginManager: Mounting plugin LocationServicesBPLibrary
LogPluginManager: Mounting plugin MobilePatchingUtils
LogPluginManager: Mounting plugin OculusVR
LogPluginManager: Plugin shader directory ../../../Engine/Plugins/Runtime/Oculus/OculusVR/Shaders found
LogPluginManager: Mapping shader source directory ../../../Engine/Plugins/Runtime/Oculus/OculusVR/Shaders to virtual directory /Plugin/OculusVR
LogPluginManager: Mounting plugin PhysXVehicles
LogPluginManager: Mounting plugin ProceduralMeshComponent
LogPluginManager: Mounting plugin RuntimePhysXCooking
LogPluginManager: Mounting plugin SteamVR
LogPluginManager: Mounting plugin WindowsMoviePlayer
LogStreaming: Display: Took  4.403s to configure plugins.
LogInit: Using libcurl 7.47.1
LogInit:  - built for x86_64-pc-win32
LogInit:  - supports SSL with OpenSSL/1.0.2g
LogInit:  - supports HTTP deflate (compression) using libz 1.2.8
LogInit:  - other features:
LogInit:      CURL_VERSION_SSL
LogInit:      CURL_VERSION_LIBZ
LogInit:      CURL_VERSION_IPV6
LogInit:      CURL_VERSION_ASYNCHDNS
LogInit:      CURL_VERSION_LARGEFILE
LogInit:      CURL_VERSION_IDN
LogInit:  CurlRequestOptions (configurable via config and command line):
LogInit:  - bVerifyPeer = false  - Libcurl will NOT verify peer certificate
LogInit:  - bUseHttpProxy = false  - Libcurl will NOT use HTTP proxy
LogInit:  - bDontReuseConnections = false  - Libcurl will reuse connections
LogInit:  - CertBundlePath = nullptr  - Libcurl will use whatever was configured at build time.
LogInit:  - MaxHostConnections = 16  - Libcurl will limit the number of connections to a host
LogInit:  - LocalHostAddr = Default
LogModuleManager: Warning: No filename provided for module OnlineSubsystemSteam
LogModuleManager: Warning: ModuleManager: Unable to load module 'OnlineSubsystemSteam' because the file 'F:/Juegos/UE_4.19/Engine/Binaries/Win64/' was not found.
LogInit: WinSock: version 1.1 (2.2), MaxSocks=32767, MaxUdp=65467
LogInit: WinSock: I am Q6600 (192.168.1.42:0)
LogInit: Build: ++UE4+Release-4.19-CL-4033788
LogInit: Engine Version: 4.19.2-4033788+++UE4+Release-4.19
LogInit: Compatible Engine Version: 4.19.0-3944462+++UE4+Release-4.19
LogInit: Net CL: 3944462
LogDevObjectVersion: Number of dev versions registered: 18
LogDevObjectVersion:   Dev-Blueprints (B0D832E4-1F89-4F0D-ACCF-7EB736FD4AA2): 10
LogDevObjectVersion:   Dev-Build (E1C64328-A22C-4D53-A36C-8E866417BD8C): 0
LogDevObjectVersion:   Dev-Core (375EC13C-06E4-48FB-B500-84F0262A717E): 2
LogDevObjectVersion:   Dev-Editor (E4B068ED-F494-42E9-A231-DA0B2E46BB41): 23
LogDevObjectVersion:   Dev-Framework (CFFC743F-43B0-4480-9391-14DF171D2073): 33
LogDevObjectVersion:   Dev-Mobile (B02B49B5-BB20-44E9-A304-32B752E40360): 2
LogDevObjectVersion:   Dev-Networking (A4E4105C-59A1-49B5-A7C5-40C4547EDFEE): 0
LogDevObjectVersion:   Dev-Online (39C831C9-5AE6-47DC-9A44-9C173E1C8E7C): 0
LogDevObjectVersion:   Dev-Physics (78F01B33-EBEA-4F98-B9B4-84EACCB95AA2): 0
LogDevObjectVersion:   Dev-Platform (6631380F-2D4D-43E0-8009-CF276956A95A): 0
LogDevObjectVersion:   Dev-Rendering (12F88B9F-8875-4AFC-A67C-D90C383ABD29): 25
LogDevObjectVersion:   Dev-Sequencer (7B5AE74C-D270-4C10-A958-57980B212A5A): 6
LogDevObjectVersion:   Dev-VR (D7296918-1DD6-4BDD-9DE2-64A83CC13884): 1
LogDevObjectVersion:   Dev-LoadTimes (C2A15278-BFE7-4AFE-6C17-90FF531DF755): 1
LogDevObjectVersion:   Private-Geometry (6EACA3D4-40EC-4CC1-B786-8BED09428FC5): 2
LogDevObjectVersion:   Dev-AnimPhys (29E575DD-E0A3-4627-9D10-D276232CDCEA): 16
LogDevObjectVersion:   Dev-ReflectionCapture (6B266CEC-1EC7-4B8F-A30B-E4D90942FC07): 1
LogDevObjectVersion:   Dev-Automation (0DF73D61-A23F-47EA-B727-89E90C41499A): 1
LogInit: Compiled (64-bit): Apr 27 2018 02:06:57
LogInit: Compiled with Visual C++: 19.00.24215.01
LogInit: Build Configuration: Development
LogInit: Branch Name: ++UE4+Release-4.19
LogInit: Command Line:  /Game/Maps/MainMenu -game -PIEVIACONSOLE -ResX=1280 -ResY=720  -Multiprocess -messaging -SessionName="Play in Standalone Game" -windowed 
LogInit: Base Directory: F:/Juegos/UE_4.19/Engine/Binaries/Win64/
LogInit: Installed Engine Build: 1
LogStreaming: Display: Took  0.001s to delete old logs.
LogInit: Presizing for max 8388607 objects, including 0 objects not considered by GC, pre-allocating 0 bytes for permanent pool.
LogInit: Object subsystem initialized
[2018.07.19-12.39.32:499][  0]LogInit: Selected Device Profile: [Windows]
[2018.07.19-12.39.32:499][  0]LogInit: Applying CVar settings loaded from the selected device profile: [Windows]
[2018.07.19-12.39.32:529][  0]LogInit: Computer: Q6600
[2018.07.19-12.39.32:529][  0]LogInit: User: bitt3rman
[2018.07.19-12.39.32:529][  0]LogInit: CPU Page size=4096, Cores=4
[2018.07.19-12.39.32:530][  0]LogInit: High frequency timer resolution =2.343833 MHz
[2018.07.19-12.39.32:530][  0]LogMemory: Memory total: Physical=8.0GB (8GB approx)
[2018.07.19-12.39.32:530][  0]LogMemory: Platform Memory Stats for Windows
[2018.07.19-12.39.32:530][  0]LogMemory: Process Physical Memory: 273.87 MB used, 273.87 MB peak
[2018.07.19-12.39.32:530][  0]LogMemory: Process Virtual Memory: 270.03 MB used, 270.03 MB peak
[2018.07.19-12.39.32:530][  0]LogMemory: Physical Memory: 5796.66 MB used,  2393.83 MB free, 8190.49 MB total
[2018.07.19-12.39.32:530][  0]LogMemory: Virtual Memory: 4775.13 MB used,  2393.83 MB free, 134217728.00 MB total
[2018.07.19-12.39.33:223][  0]LogInit: Using OS detected language (es-ES).
[2018.07.19-12.39.33:223][  0]LogInit: Using OS detected locale (es-ES).
[2018.07.19-12.39.33:223][  0]LogTextLocalizationManager: No localization for 'es-ES' exists, so 'en' will be used for the language.
[2018.07.19-12.39.33:224][  0]LogTextLocalizationManager: No localization for 'es-ES' exists, so 'en' will be used for the locale.
[2018.07.19-12.39.35:228][  0]LogStreaming: Display: Took  2.005s to EndInitTextLocalization.
[2018.07.19-12.39.35:377][  0]LogSlate: New Slate User Created.  User Index 0, Is Virtual User: 0
[2018.07.19-12.39.35:377][  0]LogSlate: Slate User Registered.  User Index 0, Is Virtual User: 0
[2018.07.19-12.39.35:392][  0]LogD3D11RHI: D3D11 adapters:
[2018.07.19-12.39.35:583][  0]LogD3D11RHI:    0. 'NVIDIA GeForce GT 730' (Feature Level 11_0)
[2018.07.19-12.39.35:583][  0]LogD3D11RHI:       2018/0/4095 MB DedicatedVideo/DedicatedSystem/SharedSystem, Outputs:1, VendorId:0x10de
[2018.07.19-12.39.35:636][  0]LogD3D11RHI:    1. 'Microsoft Basic Render Driver' (Feature Level 11_0)
[2018.07.19-12.39.35:636][  0]LogD3D11RHI:       0/0/4095 MB DedicatedVideo/DedicatedSystem/SharedSystem, Outputs:0, VendorId:0x1414
[2018.07.19-12.39.35:636][  0]LogD3D11RHI: Chosen D3D11 Adapter: 0
[2018.07.19-12.39.35:652][  0]LogD3D11RHI: Creating new Direct3DDevice
[2018.07.19-12.39.35:653][  0]LogD3D11RHI:     GPU DeviceId: 0x1287 (for the marketing name, search the web for "GPU Device Id")
[2018.07.19-12.39.35:653][  0]LogWindows: EnumDisplayDevices:
[2018.07.19-12.39.35:653][  0]LogWindows:    0. 'NVIDIA GeForce GT 730' (P:1 D:1)
[2018.07.19-12.39.35:653][  0]LogWindows:    1. 'NVIDIA GeForce GT 730' (P:0 D:0)
[2018.07.19-12.39.35:654][  0]LogWindows:    2. 'NVIDIA GeForce GT 730' (P:0 D:0)
[2018.07.19-12.39.35:654][  0]LogWindows: DebugString: GetVideoDriverDetailsInvalid PrimaryIsNotTheChoosenAdapter GetVideoDriverDetailsInvalid PrimaryIsNotTheChoosenAdapter GetVideoDriverDetailsInvalid PrimaryIsNotTheChoosenAdapter FoundDriverCount:0 
[2018.07.19-12.39.35:654][  0]LogD3D11RHI:     Adapter Name: NVIDIA GeForce GT 730
[2018.07.19-12.39.35:654][  0]LogD3D11RHI:   Driver Version: Unknown (internal:Unknown, unified:Unknown)
[2018.07.19-12.39.35:654][  0]LogD3D11RHI:      Driver Date: Unknown
[2018.07.19-12.39.35:654][  0]LogRHI: Texture pool is 1413 MB (70% of 2018 MB)
[2018.07.19-12.39.35:713][  0]LogD3D11RHI: [Aftermath] Aftermath enabled but failed to initialize
[2018.07.19-12.39.35:713][  0]LogD3D11RHI: [Aftermath] Aftermath enabled and primed
[2018.07.19-12.39.35:713][  0]LogD3D11RHI: Async texture creation enabled
[2018.07.19-12.39.35:730][  0]LogD3D11RHI: GPU Timing Frequency: 1000.000000 (Debug: 2 1)
[2018.07.19-12.39.35:734][  0]LogShaderCompilers: Guid format shader working directory is 17 characters bigger than the processId version (../../../../UE_Projects/CoopRogue/Intermediate/Shaders/WorkingDirectory/8240/).
[2018.07.19-12.39.35:735][  0]LogShaderCompilers: Cleaned the shader compiler working directory 'C:/Users/bitt3rman/AppData/Local/Temp/UnrealShaderWorkingDir/A98EDF7744D84FC13524AAB89AA9D84A/'.
[2018.07.19-12.39.37:372][  0]LogTemp: Display: Loaded TP WindowsClientTargetPlatform
[2018.07.19-12.39.37:405][  0]LogTemp: Display: Loaded TP WindowsNoEditorTargetPlatform
[2018.07.19-12.39.37:441][  0]LogTemp: Display: Loaded TP WindowsServerTargetPlatform
[2018.07.19-12.39.37:480][  0]LogTemp: Display: Loaded TP WindowsTargetPlatform
[2018.07.19-12.39.37:480][  0]LogTargetPlatformManager: Display: Building Assets For Windows
[2018.07.19-12.39.38:289][  0]LogXGEController: Cannot use XGE Controller as Incredibuild is not installed on this machine.
[2018.07.19-12.39.38:289][  0]LogShaderCompilers: Cannot use XGE Shader Compiler as Incredibuild is not installed on this machine.
[2018.07.19-12.39.38:289][  0]LogShaderCompilers: Display: Using Local Shader Compiler.
[2018.07.19-12.39.40:500][  0]LogDerivedDataCache: Display: Max Cache Size: 512 MB
[2018.07.19-12.39.41:868][  0]LogDerivedDataCache: Loaded boot cache 1.37s 74MB C:/Users/bitt3rman/AppData/Local/UnrealEngine/4.19/DerivedDataCache/Boot.ddc.
[2018.07.19-12.39.41:868][  0]LogDerivedDataCache: Display: Loaded Boot cache: C:/Users/bitt3rman/AppData/Local/UnrealEngine/4.19/DerivedDataCache/Boot.ddc
[2018.07.19-12.39.41:868][  0]LogDerivedDataCache: FDerivedDataBackendGraph:  Pak pak cache file ../../../../UE_Projects/CoopRogue/DerivedDataCache/DDC.ddp not found, will not use a pak cache.
[2018.07.19-12.39.41:868][  0]LogDerivedDataCache: Unable to find inner node Pak for hierarchical cache Hierarchy.
[2018.07.19-12.39.41:868][  0]LogDerivedDataCache: FDerivedDataBackendGraph:  CompressedPak pak cache file ../../../../UE_Projects/CoopRogue/DerivedDataCache/Compressed.ddp not found, will not use a pak cache.
[2018.07.19-12.39.41:869][  0]LogDerivedDataCache: Unable to find inner node CompressedPak for hierarchical cache Hierarchy.
[2018.07.19-12.39.41:917][  0]LogDerivedDataCache: Display: Pak cache opened for reading ../../../Engine/DerivedDataCache/Compressed.ddp.
[2018.07.19-12.39.41:933][  0]LogDerivedDataCache: Using Local data cache path C:/Users/bitt3rman/AppData/Local/UnrealEngine/Common/DerivedDataCache: Writable
[2018.07.19-12.39.41:933][  0]LogDerivedDataCache: Shared data cache path not found in *engine.ini, will not use an Shared cache.
[2018.07.19-12.39.41:933][  0]LogDerivedDataCache: Unable to find inner node Shared for hierarchical cache Hierarchy.
[2018.07.19-12.39.41:962][  0]LogMaterial: Verifying Global Shaders for PCD3D_SM5
[2018.07.19-12.39.41:989][  0]LogSlate: Using Freetype 2.6.0
[2018.07.19-12.39.42:007][  0]LogSlate: SlateFontCache - WITH_FREETYPE: 1, WITH_HARFBUZZ: 1
[2018.07.19-12.39.42:008][  0]LogSlate: SlateFontCache - WITH_FREETYPE: 1, WITH_HARFBUZZ: 1
[2018.07.19-12.39.46:442][  0]LogAssetRegistry: FAssetRegistry took 0.0119 seconds to start up
[2018.07.19-12.39.47:497][  0]LogPackageLocalizationCache: Processed 9 localized package path(s) for 1 prioritized culture(s) in 0.040291 seconds
[2018.07.19-12.39.47:795][  0]LogInit: Selected Device Profile: [Windows]
[2018.07.19-12.39.48:230][  0]LogSimplygon: Simplygon DLL not present - disabling.
[2018.07.19-12.39.48:251][  0]LogMeshReduction: Using SimplygonSwarm for distributed automatic mesh merging
[2018.07.19-12.39.48:251][  0]LogMeshReduction: Using QuadricMeshReduction for automatic static mesh reduction
[2018.07.19-12.39.48:252][  0]LogMeshReduction: No automatic skeletal mesh reduction module available
[2018.07.19-12.39.48:252][  0]LogMeshReduction: No automatic mesh merging module available
[2018.07.19-12.39.48:252][  0]LogMeshMerging: No automatic mesh merging module available
[2018.07.19-12.39.48:324][  0]LogNetVersion: CoopRogue , NetCL: 3944462, EngineNetVer: 2, GameNetVer: 0 (Checksum: 382633687)
[2018.07.19-12.39.50:596][  0]LogMoviePlayer: Initializing movie player
[2018.07.19-12.39.51:546][  0]LogTcpMessaging: Initializing TcpMessaging bridge
[2018.07.19-12.39.51:622][  0]LogUdpMessaging: Initializing bridge on interface 0.0.0.0:0 to multicast group 230.0.0.1:6666.
[2018.07.19-12.39.52:469][  0]SourceControl: Source control is disabled
[2018.07.19-12.39.52:469][  0]SourceControl: Source control is disabled
[2018.07.19-12.39.52:547][  0]SourceControl: Source control is disabled
[2018.07.19-12.39.53:657][  0]LogAndroidPermission: UAndroidPermissionCallbackProxy::GetInstance
[2018.07.19-12.39.54:225][  0]LogOcInput: OculusInput pre-init called
[2018.07.19-12.39.54:364][  0]LogUObjectArray: 40124 objects as part of root set at end of initial load.
[2018.07.19-12.39.54:364][  0]LogUObjectAllocator: 8364208 out of 0 bytes used by permanent object pool.
[2018.07.19-12.39.54:364][  0]LogUObjectArray: CloseDisregardForGC: 0/0 objects in disregard for GC pool
[2018.07.19-12.39.54:535][  0]LogEngine: Initializing Engine...
[2018.07.19-12.39.54:538][  0]LogHMD: Failed to initialize OpenVR with code 110
[2018.07.19-12.39.54:552][  0]LogStats: UGameplayTagsManager::ConstructGameplayTagTree: Construct from data asset -  0.000 s
[2018.07.19-12.39.54:552][  0]LogStats: UGameplayTagsManager::ConstructGameplayTagTree: GameplayTagTreeChangedEvent.Broadcast -  0.000 s
[2018.07.19-12.39.55:102][  0]LogInit: XAudio2 using 'Speakers (High Definition Audio Device)' : 2 channels at 48 kHz using 16 bits per sample (channel mask 0x3)
[2018.07.19-12.39.55:185][  0]LogInit: FAudioDevice initialized.
[2018.07.19-12.39.55:269][  0]LogInit: Texture streaming: Enabled
[2018.07.19-12.39.55:878][  0]LogUObjectGlobals: Created PersistentFrame Addr=0x0000025c7297f380, Size=528, Default__GameInfoInstance_C Function /Game/Blueprints/AllLevels/GameInfoInstance.GameInfoInstance_C:ExecuteUbergraph_GameInfoInstance
[2018.07.19-12.39.55:887][  0]LogUObjectGlobals: Created PersistentFrame Addr=0x0000025c7297bb20, Size=96, Default__HostMenu_C Function /Game/UI/MainMenu/HostMenu.HostMenu_C:ExecuteUbergraph_HostMenu
[2018.07.19-12.39.55:906][  0]LogUObjectGlobals: Created PersistentFrame Addr=0x0000025c0365d580, Size=40, Default__MainMenu_C Function /Game/UI/MainMenu/MainMenu.MainMenu_C:ExecuteUbergraph_MainMenu
[2018.07.19-12.39.55:943][  0]LogUObjectGlobals: Created PersistentFrame Addr=0x0000025c7298d600, Size=104, Default__OptionsMenu_C Function /Game/UI/MainMenu/OptionsMenu.OptionsMenu_C:ExecuteUbergraph_OptionsMenu
[2018.07.19-12.39.56:012][  0]LogUObjectGlobals: Created PersistentFrame Addr=0x0000025c041cb880, Size=608, Default__ServerMenu_C Function /Game/UI/MainMenu/ServerMenu.ServerMenu_C:ExecuteUbergraph_ServerMenu
[2018.07.19-12.39.56:142][  0]LogUObjectGlobals: Destroyed PersistentFrame Addr=0x0000025c7297f380, Size=528
[2018.07.19-12.39.56:142][  0]LogUObjectGlobals: Created PersistentFrame Addr=0x0000025c03d57d80, Size=528, Default__GameInfoInstance_C Function /Engine/Transient.REINST_GameInfoInstance_C_2:ExecuteUbergraph_GameInfoInstance
[2018.07.19-12.39.56:143][  0]LogUObjectGlobals: Destroyed PersistentFrame Addr=0x0000025c7297bb20, Size=96
[2018.07.19-12.39.56:143][  0]LogUObjectGlobals: Created PersistentFrame Addr=0x0000025c7297bb20, Size=96, Default__HostMenu_C Function /Engine/Transient.REINST_HostMenu_C_0:ExecuteUbergraph_HostMenu
[2018.07.19-12.39.56:144][  0]LogUObjectGlobals: Destroyed PersistentFrame Addr=0x0000025c0365d580, Size=40
[2018.07.19-12.39.56:144][  0]LogUObjectGlobals: Created PersistentFrame Addr=0x0000025c041661b0, Size=40, Default__MainMenu_C Function /Engine/Transient.REINST_MainMenu_C_2:ExecuteUbergraph_MainMenu
[2018.07.19-12.39.56:145][  0]LogUObjectGlobals: Destroyed PersistentFrame Addr=0x0000025c7298d600, Size=104
[2018.07.19-12.39.56:145][  0]LogUObjectGlobals: Created PersistentFrame Addr=0x0000025c03e21d70, Size=104, Default__OptionsMenu_C Function /Engine/Transient.REINST_OptionsMenu_C_3:ExecuteUbergraph_OptionsMenu
[2018.07.19-12.39.56:146][  0]LogUObjectGlobals: Destroyed PersistentFrame Addr=0x0000025c041cb880, Size=608
[2018.07.19-12.39.56:146][  0]LogUObjectGlobals: Created PersistentFrame Addr=0x0000025c03d57600, Size=608, Default__ServerMenu_C Function /Engine/Transient.REINST_ServerMenu_C_4:ExecuteUbergraph_ServerMenu
[2018.07.19-12.39.56:207][  0]LogUObjectGlobals: Created PersistentFrame Addr=0x0000025c03bc7100, Size=528, Default__GameInfoInstance_C Function /Game/Blueprints/AllLevels/GameInfoInstance.GameInfoInstance_C:ExecuteUbergraph_GameInfoInstance
[2018.07.19-12.39.56:212][  0]LogUObjectGlobals: Created PersistentFrame Addr=0x0000025c03cc81c0, Size=96, Default__HostMenu_C Function /Game/UI/MainMenu/HostMenu.HostMenu_C:ExecuteUbergraph_HostMenu
[2018.07.19-12.39.56:214][  0]LogUObjectGlobals: Created PersistentFrame Addr=0x0000025c04167178, Size=40, Default__MainMenu_C Function /Game/UI/MainMenu/MainMenu.MainMenu_C:ExecuteUbergraph_MainMenu
[2018.07.19-12.39.56:220][  0]LogUObjectGlobals: Created PersistentFrame Addr=0x0000025c03b37dd0, Size=104, Default__OptionsMenu_C Function /Game/UI/MainMenu/OptionsMenu.OptionsMenu_C:ExecuteUbergraph_OptionsMenu
[2018.07.19-12.39.56:226][  0]LogUObjectGlobals: Created PersistentFrame Addr=0x0000025c03bc4e00, Size=592, Default__ServerMenu_C Function /Game/UI/MainMenu/ServerMenu.ServerMenu_C:ExecuteUbergraph_ServerMenu
[2018.07.19-12.39.56:657][  0]LogInit: Display: Game Engine Initialized.
[2018.07.19-12.39.56:657][  0]LogGameplayTags: Display: UGameplayTagsManager::DoneAddingNativeTags. DelegateIsBound: 0
[2018.07.19-12.39.56:657][  0]LogStats: UGameplayTagsManager::ConstructGameplayTagTree: Construct from data asset -  0.000 s
[2018.07.19-12.39.56:657][  0]LogStats: UGameplayTagsManager::ConstructGameplayTagTree: GameplayTagTreeChangedEvent.Broadcast -  0.000 s
[2018.07.19-12.39.57:051][  0]LogInit: Display: Starting Game.
[2018.07.19-12.39.57:078][  0]LogNet: Browse: /Game/Maps/MainMenu?Name=Player
[2018.07.19-12.39.57:081][  0]LogLoad: LoadMap: /Game/Maps/MainMenu?Name=Player
[2018.07.19-12.39.57:112][  0]LogUObjectGlobals: Destroyed PersistentFrame Addr=0x0000025c03d57d80, Size=528
[2018.07.19-12.39.57:113][  0]LogUObjectGlobals: Destroyed PersistentFrame Addr=0x0000025c7297bb20, Size=96
[2018.07.19-12.39.57:113][  0]LogUObjectGlobals: Destroyed PersistentFrame Addr=0x0000025c041661b0, Size=40
[2018.07.19-12.39.57:113][  0]LogUObjectGlobals: Destroyed PersistentFrame Addr=0x0000025c03e21d70, Size=104
[2018.07.19-12.39.57:113][  0]LogUObjectGlobals: Destroyed PersistentFrame Addr=0x0000025c03d57600, Size=608
[2018.07.19-12.39.57:140][  0]LogUObjectGlobals: Created PersistentFrame Addr=0x0000025c03bac720, Size=32, Default__MainMenu_C Function /Game/Maps/MainMenu.MainMenu_C:ExecuteUbergraph_MainMenu
[2018.07.19-12.39.57:142][  0]LogUObjectGlobals: Destroyed PersistentFrame Addr=0x0000025c03bac720, Size=32
[2018.07.19-12.39.57:142][  0]LogUObjectGlobals: Created PersistentFrame Addr=0x0000025c03bac720, Size=32, Default__MainMenu_C Function /Engine/Transient.REINST_MainMenu_C_12:ExecuteUbergraph_MainMenu
[2018.07.19-12.39.57:143][  0]LogUObjectGlobals: Created PersistentFrame Addr=0x0000025c03bad280, Size=32, Default__MainMenu_C Function /Game/Maps/MainMenu.MainMenu_C:ExecuteUbergraph_MainMenu
[2018.07.19-12.39.57:203][  0]LogAIModule: Creating AISystem for world MainMenu
[2018.07.19-12.39.57:283][  0]LogUObjectGlobals: Created PersistentFrame Addr=0x0000025c03b59000, Size=688, Default__FirstPersonCharacter_C Function /Game/FirstPersonBP/Blueprints/FirstPersonCharacter.FirstPersonCharacter_C:ExecuteUbergraph_FirstPersonCharacter
[2018.07.19-12.39.57:323][  0]LogUObjectGlobals: Created PersistentFrame Addr=0x0000025c03bba100, Size=256, Default__FirstPersonProjectile_C Function /Game/FirstPersonBP/Blueprints/FirstPersonProjectile.FirstPersonProjectile_C:ExecuteUbergraph_FirstPersonProjectile
[2018.07.19-12.39.57:463][  0]LogUObjectGlobals: Created PersistentFrame Addr=0x0000025c03c73330, Size=72, Default__FirstPerson_AnimBP_C Function /Game/FirstPerson/Animations/FirstPerson_AnimBP.FirstPerson_AnimBP_C:ExecuteUbergraph_FirstPerson_AnimBP
[2018.07.19-12.39.57:847][  0]LogUObjectGlobals: Created PersistentFrame Addr=0x0000025c03b025c0, Size=52, Default__FirstPersonHUD_C Function /Game/FirstPersonBP/Blueprints/FirstPersonHUD.FirstPersonHUD_C:ExecuteUbergraph_FirstPersonHUD
[2018.07.19-12.39.57:930][  0]LogUObjectGlobals: Destroyed PersistentFrame Addr=0x0000025c03c73330, Size=72
[2018.07.19-12.39.57:930][  0]LogUObjectGlobals: Created PersistentFrame Addr=0x0000025c03e25b70, Size=72, Default__FirstPerson_AnimBP_C Function /Engine/Transient.REINST_FirstPerson_AnimBP_C_0:ExecuteUbergraph_FirstPerson_AnimBP
[2018.07.19-12.39.57:941][  0]LogUObjectGlobals: Destroyed PersistentFrame Addr=0x0000025c03bba100, Size=256
[2018.07.19-12.39.57:941][  0]LogUObjectGlobals: Created PersistentFrame Addr=0x0000025c03bba100, Size=256, Default__FirstPersonProjectile_C Function /Engine/Transient.REINST_FirstPersonProjectile_C_14:ExecuteUbergraph_FirstPersonProjectile
[2018.07.19-12.39.57:942][  0]LogUObjectGlobals: Destroyed PersistentFrame Addr=0x0000025c03b025c0, Size=52
[2018.07.19-12.39.57:942][  0]LogUObjectGlobals: Created PersistentFrame Addr=0x0000025c03b025c0, Size=52, Default__FirstPersonHUD_C Function /Engine/Transient.REINST_FirstPersonHUD_C_15:ExecuteUbergraph_FirstPersonHUD
[2018.07.19-12.39.57:944][  0]LogUObjectGlobals: Destroyed PersistentFrame Addr=0x0000025c03b59000, Size=688
[2018.07.19-12.39.57:944][  0]LogUObjectGlobals: Created PersistentFrame Addr=0x0000025c03d4d900, Size=688, Default__FirstPersonCharacter_C Function /Engine/Transient.REINST_FirstPersonCharacter_C_16:ExecuteUbergraph_FirstPersonCharacter
[2018.07.19-12.39.58:048][  0]LogUObjectGlobals: Created PersistentFrame Addr=0x0000025c03c40d40, Size=64, Default__FirstPerson_AnimBP_C Function /Game/FirstPerson/Animations/FirstPerson_AnimBP.FirstPerson_AnimBP_C:ExecuteUbergraph_FirstPerson_AnimBP
[2018.07.19-12.39.58:049][  0]LogUObjectGlobals: Created PersistentFrame Addr=0x0000025c03b33300, Size=256, Default__FirstPersonProjectile_C Function /Game/FirstPersonBP/Blueprints/FirstPersonProjectile.FirstPersonProjectile_C:ExecuteUbergraph_FirstPersonProjectile
[2018.07.19-12.39.58:051][  0]LogUObjectGlobals: Created PersistentFrame Addr=0x0000025c03de8f70, Size=52, Default__FirstPersonHUD_C Function /Game/FirstPersonBP/Blueprints/FirstPersonHUD.FirstPersonHUD_C:ExecuteUbergraph_FirstPersonHUD
[2018.07.19-12.39.58:061][  0]LogUObjectGlobals: Created PersistentFrame Addr=0x0000025c10869300, Size=688, Default__FirstPersonCharacter_C Function /Game/FirstPersonBP/Blueprints/FirstPersonCharacter.FirstPersonCharacter_C:ExecuteUbergraph_FirstPersonCharacter
[2018.07.19-12.39.59:667][  0]LogSkeletalMesh: Skeletal Mesh found in DDC [31.076872ms] /Game/FirstPerson/FPWeapon/Mesh/SK_FPGun.SK_FPGun
[2018.07.19-12.39.59:782][  0]LogSkeletalMesh: Skeletal Mesh found in DDC [45.315090ms] /Game/FirstPerson/Character/Mesh/SK_Mannequin_Arms.SK_Mannequin_Arms
[2018.07.19-12.39.59:816][  0]LogLoad: Game class is 'FirstPersonGameMode_C'
[2018.07.19-12.39.59:847][  0]LogWorld: Bringing World /Game/Maps/MainMenu.MainMenu up for play (max tick rate 0) at 2018.07.19-13.39.59
[2018.07.19-12.39.59:896][  0]LogWorld: Bringing up level for play took: 0.060325
[2018.07.19-12.39.59:952][  0]LogGameMode: FindPlayerStart: PATHS NOT DEFINED or NO PLAYERSTART with positive rating
[2018.07.19-12.40.00:983][  0]LogLoad: Took 3.901827 seconds to LoadMap(/Game/Maps/MainMenu)
[2018.07.19-12.40.01:201][  0]LogRenderer: Reallocating scene render targets to support 1280x720 Format 10 NumSamples 1 (Frame:1).
[2018.07.19-12.40.01:201][  0]LogLoad: (Engine Initialization) Total time: 41.64 seconds
[2018.07.19-12.40.01:201][  0]LogLoad: (Engine Initialization) Total Blueprint compile time: 0.00 seconds
[2018.07.19-12.40.01:792][  0]LogWindowsTextInputMethodSystem: Display: IME system now deactivated.
[2018.07.19-12.40.01:882][  0]LogContentStreaming: Texture pool size now 1000 MB
[2018.07.19-12.40.04:412][111]LogAudio: Warning: Waited 70.233673ms for audio thread.
[2018.07.19-12.40.04:448][111]LogAudio: Warning: Waited 106.227280ms for audio thread.
[2018.07.19-12.40.04:483][111]LogAudio: Warning: Waited 141.218674ms for audio thread.
[2018.07.19-12.40.04:498][111]LogAudio: Warning: Waited 156.161301ms for audio thread.
[2018.07.19-12.40.13:803][549]LogWindowsTextInputMethodSystem: Display: IME system now deactivated.
[2018.07.19-12.40.13:803][549]LogWindowsTextInputMethodSystem: Display: IME system now deactivated.
[2018.07.19-12.40.31:475][633]LogSlate: FSceneViewport::OnFocusLost() reason 0
[2018.07.19-12.40.31:542][637]Closing by request
[2018.07.19-12.40.31:549][637]LogWindows: FPlatformMisc::RequestExit(0)
[2018.07.19-12.40.32:613][638]LogSlate: Window 'CoopRogue (64-bit, PCD3D_SM5) ' being destroyed
[2018.07.19-12.40.32:614][638]LogWindowsTextInputMethodSystem: Display: IME system now deactivated.
[2018.07.19-12.40.32:639][638]LogSlate: Slate User Destroyed.  User Index 0, Is Virtual User: 0
[2018.07.19-12.40.32:648][638]LogExit: Preparing to exit.
[2018.07.19-12.40.32:648][638]LogMoviePlayer: Shutting down movie player
[2018.07.19-12.40.34:259][638]LogExit: Game engine shut down
[2018.07.19-12.40.34:280][638]LogUObjectGlobals: Destroyed PersistentFrame Addr=0x0000025c03b025c0, Size=52
[2018.07.19-12.40.34:280][638]LogUObjectGlobals: Destroyed PersistentFrame Addr=0x0000025c03e25b70, Size=72
[2018.07.19-12.40.34:280][638]LogUObjectGlobals: Destroyed PersistentFrame Addr=0x0000025c03bba100, Size=256
[2018.07.19-12.40.34:280][638]LogUObjectGlobals: Destroyed PersistentFrame Addr=0x0000025c03d4d900, Size=688
[2018.07.19-12.40.34:281][638]LogUObjectGlobals: Destroyed PersistentFrame Addr=0x0000025c03bad280, Size=32
[2018.07.19-12.40.34:281][638]LogUObjectGlobals: Destroyed PersistentFrame Addr=0x0000025c03bac720, Size=32
[2018.07.19-12.40.34:281][638]LogUObjectGlobals: Destroyed PersistentFrame Addr=0x0000025c03bc7100, Size=528
[2018.07.19-12.40.34:281][638]LogUObjectGlobals: Destroyed PersistentFrame Addr=0x0000025c03cc81c0, Size=96
[2018.07.19-12.40.34:281][638]LogUObjectGlobals: Destroyed PersistentFrame Addr=0x0000025c04167178, Size=40
[2018.07.19-12.40.34:281][638]LogUObjectGlobals: Destroyed PersistentFrame Addr=0x0000025c03b37dd0, Size=104
[2018.07.19-12.40.34:281][638]LogUObjectGlobals: Destroyed PersistentFrame Addr=0x0000025c03bc4e00, Size=592
[2018.07.19-12.40.34:282][638]LogUObjectGlobals: Destroyed PersistentFrame Addr=0x0000025c03c40d40, Size=64
[2018.07.19-12.40.34:283][638]LogUObjectGlobals: Destroyed PersistentFrame Addr=0x0000025c03b33300, Size=256
[2018.07.19-12.40.34:283][638]LogUObjectGlobals: Destroyed PersistentFrame Addr=0x0000025c03de8f70, Size=52
[2018.07.19-12.40.34:283][638]LogUObjectGlobals: Destroyed PersistentFrame Addr=0x0000025c10869300, Size=688
[2018.07.19-12.40.35:484][638]LogExit: Object subsystem successfully closed.
[2018.07.19-12.40.35:850][638]LogShaderCompilers: Display: Shaders left to compile 0
[2018.07.19-12.40.35:883][638]LogD3D11RHI: Shutdown
[2018.07.19-12.40.35:883][638]LogD3D11RHI: CleanupD3DDevice
[2018.07.19-12.40.35:909][638]LogD3D11RHI: ~FD3D11DynamicRHI
[2018.07.19-12.40.36:596][638]LogModuleManager: Shutting down and abandoning module SequenceRecorderSections (335)
[2018.07.19-12.40.36:603][638]LogModuleManager: Shutting down and abandoning module SequenceRecorder (333)
[2018.07.19-12.40.36:610][638]LogModuleManager: Shutting down and abandoning module AutomationController (331)
[2018.07.19-12.40.36:622][638]LogModuleManager: Shutting down and abandoning module AutomationWorker (329)
[2018.07.19-12.40.36:622][638]LogModuleManager: Shutting down and abandoning module Voice (327)
[2018.07.19-12.40.36:634][638]LogModuleManager: Shutting down and abandoning module AIModule (325)
[2018.07.19-12.40.36:634][638]LogModuleManager: Shutting down and abandoning module GameplayDebugger (324)
[2018.07.19-12.40.36:652][638]LogModuleManager: Shutting down and abandoning module AITestSuite (322)
[2018.07.19-12.40.36:659][638]LogModuleManager: Shutting down and abandoning module WmfMediaFactory (319)
[2018.07.19-12.40.36:660][638]LogModuleManager: Shutting down and abandoning module OpenExrWrapper (317)
[2018.07.19-12.40.36:660][638]LogModuleManager: Shutting down and abandoning module ImgMediaFactory (315)
[2018.07.19-12.40.36:660][638]LogModuleManager: Shutting down and abandoning module AvfMediaFactory (313)
[2018.07.19-12.40.36:660][638]LogModuleManager: Shutting down and abandoning module CharacterAI (311)
[2018.07.19-12.40.36:660][638]LogModuleManager: Shutting down and abandoning module SessionServices (309)
[2018.07.19-12.40.36:660][638]LogModuleManager: Shutting down and abandoning module MovieSceneCapture (307)
[2018.07.19-12.40.36:660][638]LogModuleManager: Shutting down and abandoning module MovieSceneTracks (305)
[2018.07.19-12.40.36:660][638]LogModuleManager: Shutting down and abandoning module MovieScene (303)
[2018.07.19-12.40.36:660][638]LogModuleManager: Shutting down and abandoning module GeometryCache (301)
[2018.07.19-12.40.36:660][638]LogModuleManager: Shutting down and abandoning module GeometryCacheEd (300)
[2018.07.19-12.40.36:660][638]LogModuleManager: Shutting down and abandoning module StreamingPauseRendering (297)
[2018.07.19-12.40.36:660][638]LogModuleManager: Shutting down and abandoning module PortalServices (295)
[2018.07.19-12.40.36:660][638]LogModuleManager: Shutting down and abandoning module PortalRpc (293)
[2018.07.19-12.40.36:660][638]LogModuleManager: Shutting down and abandoning module MessagingRpc (291)
[2018.07.19-12.40.36:660][638]LogModuleManager: Shutting down and abandoning module ProfilerService (289)
[2018.07.19-12.40.36:683][638]LogModuleManager: Shutting down and abandoning module TaskGraph (287)
[2018.07.19-12.40.36:706][638]LogModuleManager: Shutting down and abandoning module SteamVRController (285)
[2018.07.19-12.40.36:706][638]LogModuleManager: Shutting down and abandoning module ProceduralMeshComponent (283)
[2018.07.19-12.40.36:716][638]LogModuleManager: Shutting down and abandoning module OculusInput (281)
[2018.07.19-12.40.36:722][638]LogModuleManager: Shutting down and abandoning module MobilePatchingUtils (279)
[2018.07.19-12.40.36:723][638]LogModuleManager: Shutting down and abandoning module CustomMeshComponent (277)
[2018.07.19-12.40.36:723][638]LogModuleManager: Shutting down and abandoning module CableComponent (275)
[2018.07.19-12.40.36:727][638]LogModuleManager: Shutting down and abandoning module AudioCapture (273)
[2018.07.19-12.40.36:727][638]LogModuleManager: Shutting down and abandoning module ArchVisCharacter (271)
[2018.07.19-12.40.36:727][638]LogModuleManager: Shutting down and abandoning module AndroidPermission (269)
[2018.07.19-12.40.36:727][638]LogModuleManager: Shutting down and abandoning module NUTUnrealEngine4 (267)
[2018.07.19-12.40.36:727][638]LogModuleManager: Shutting down and abandoning module NetcodeUnitTest (265)
[2018.07.19-12.40.36:759][638]LogModuleManager: Shutting down and abandoning module MediaCompositing (263)
[2018.07.19-12.40.36:759][638]LogModuleManager: Shutting down and abandoning module LinearTimecode (261)
[2018.07.19-12.40.36:759][638]LogModuleManager: Shutting down and abandoning module ImgMedia (259)
[2018.07.19-12.40.36:772][638]LogModuleManager: Shutting down and abandoning module HTML5Networking (257)
[2018.07.19-12.40.36:772][638]LogModuleManager: Shutting down and abandoning module DatasmithContent (255)
[2018.07.19-12.40.36:772][638]LogModuleManager: Shutting down and abandoning module CryptoKeysOpenSSL (253)
[2018.07.19-12.40.36:777][638]LogModuleManager: Shutting down and abandoning module CryptoKeys (251)
[2018.07.19-12.40.36:777][638]LogModuleManager: Shutting down and abandoning module VisualStudioSourceCodeAccess (249)
[2018.07.19-12.40.36:777][638]LogModuleManager: Shutting down and abandoning module HotReload (248)
[2018.07.19-12.40.36:788][638]LogModuleManager: Shutting down and abandoning module DirectoryWatcher (247)
[2018.07.19-12.40.36:788][638]LogModuleManager: Shutting down and abandoning module VisualStudioCodeSourceCodeAccess (243)
[2018.07.19-12.40.36:788][638]LogModuleManager: Shutting down and abandoning module UObjectPlugin (241)
[2018.07.19-12.40.36:788][638]LogModuleManager: Shutting down and abandoning module SubversionSourceControl (239)
[2018.07.19-12.40.36:793][638]LogModuleManager: Shutting down and abandoning module PerforceSourceControl (237)
[2018.07.19-12.40.36:804][638]LogModuleManager: Shutting down and abandoning module SourceControl (236)
[2018.07.19-12.40.36:821][638]LogModuleManager: Shutting down and abandoning module CLionSourceCodeAccess (233)
[2018.07.19-12.40.36:828][638]LogModuleManager: Shutting down and abandoning module RuntimePhysXCooking (231)
[2018.07.19-12.40.36:828][638]LogModuleManager: Shutting down and abandoning module PhysXVehiclesEditor (229)
[2018.07.19-12.40.36:828][638]LogModuleManager: Shutting down and abandoning module PhysXVehicles (227)
[2018.07.19-12.40.36:828][638]LogModuleManager: Shutting down and abandoning module LocationServicesBPLibrary (225)
[2018.07.19-12.40.36:828][638]LogModuleManager: Shutting down and abandoning module ImmediatePhysicsEditor (223)
[2018.07.19-12.40.36:828][638]LogModuleManager: Shutting down and abandoning module ImmediatePhysics (221)
[2018.07.19-12.40.36:859][638]LogModuleManager: Shutting down and abandoning module ActorSequence (219)
[2018.07.19-12.40.36:859][638]LogModuleManager: Shutting down and abandoning module UdpMessaging (217)
[2018.07.19-12.40.37:000][638]LogModuleManager: Shutting down and abandoning module TcpMessaging (215)
[2018.07.19-12.40.37:136][638]LogModuleManager: Shutting down and abandoning module GameplayTagsEditor (213)
[2018.07.19-12.40.37:203][638]LogModuleManager: Shutting down and abandoning module FacialAnimation (211)
[2018.07.19-12.40.37:203][638]LogModuleManager: Shutting down and abandoning module DataValidation (209)
[2018.07.19-12.40.37:203][638]LogModuleManager: Shutting down and abandoning module AssetManagerEditor (207)
[2018.07.19-12.40.37:259][638]LogModuleManager: Shutting down and abandoning module TreeMap (206)
[2018.07.19-12.40.37:295][638]LogModuleManager: Shutting down and abandoning module LightPropagationVolumeRuntime (203)
[2018.07.19-12.40.37:295][638]LogModuleManager: Shutting down and abandoning module LiveLink (201)
[2018.07.19-12.40.38:085][638]LogModuleManager: Shutting down and abandoning module Paper2D (199)
[2018.07.19-12.40.38:098][638]LogModuleManager: Shutting down and abandoning module PIEPreviewDeviceProfileSelector (197)
[2018.07.19-12.40.38:098][638]LogModuleManager: Shutting down and abandoning module WindowsMoviePlayer (195)
[2018.07.19-12.40.38:110][638]LogModuleManager: Shutting down and abandoning module WmfMedia (193)
[2018.07.19-12.40.38:126][638]LogModuleManager: Shutting down and abandoning module Media (192)
[2018.07.19-12.40.38:132][638]LogModuleManager: Shutting down and abandoning module PacketHandler (189)
[2018.07.19-12.40.38:132][638]LogModuleManager: Shutting down and abandoning module ClothingSystemEditor (187)
[2018.07.19-12.40.38:132][638]LogModuleManager: Shutting down and abandoning module ClothingSystemRuntime (185)
[2018.07.19-12.40.38:147][638]LogModuleManager: Shutting down and abandoning module MediaAssets (183)
[2018.07.19-12.40.38:147][638]LogModuleManager: Shutting down and abandoning module Overlay (181)
[2018.07.19-12.40.38:147][638]LogModuleManager: Shutting down and abandoning module OverlayEditor (180)
[2018.07.19-12.40.38:147][638]LogModuleManager: Shutting down and abandoning module VREditor (177)
[2018.07.19-12.40.38:159][638]LogModuleManager: Shutting down and abandoning module StringTableEditor (175)
[2018.07.19-12.40.38:159][638]LogModuleManager: Shutting down and abandoning module GameplayTasksEditor (173)
[2018.07.19-12.40.38:159][638]LogModuleManager: Shutting down and abandoning module BehaviorTreeEditor (171)
[2018.07.19-12.40.38:193][638]LogModuleManager: Shutting down and abandoning module FunctionalTesting (169)
[2018.07.19-12.40.38:200][638]LogModuleManager: Shutting down and abandoning module CollisionAnalyzer (167)
[2018.07.19-12.40.38:231][638]LogModuleManager: Shutting down and abandoning module WorkspaceMenuStructure (166)
[2018.07.19-12.40.38:231][638]LogModuleManager: Shutting down and abandoning module UMG (163)
[2018.07.19-12.40.38:231][638]LogModuleManager: Shutting down and abandoning module UMGEditor (162)
[2018.07.19-12.40.38:241][638]LogModuleManager: Shutting down and abandoning module Sequencer (161)
[2018.07.19-12.40.38:241][638]LogModuleManager: Shutting down and abandoning module MessageLog (158)
[2018.07.19-12.40.38:247][638]LogModuleManager: Shutting down and abandoning module SlateReflector (153)
[2018.07.19-12.40.38:287][638]LogModuleManager: Shutting down and abandoning module Slate (151)
[2018.07.19-12.40.38:287][638]LogModuleManager: Shutting down and abandoning module EditorStyle (149)
[2018.07.19-12.40.38:290][638]LogModuleManager: Shutting down and abandoning module MRMesh (147)
[2018.07.19-12.40.38:290][638]LogModuleManager: Shutting down and abandoning module Messaging (145)
[2018.07.19-12.40.38:290][638]LogModuleManager: Shutting down and abandoning module SourceCodeAccess (143)
[2018.07.19-12.40.38:291][638]LogModuleManager: Shutting down and abandoning module HeadMountedDisplay (141)
[2018.07.19-12.40.38:291][638]LogModuleManager: Shutting down and abandoning module XAudio2 (139)
[2018.07.19-12.40.38:291][638]LogModuleManager: Shutting down and abandoning module Networking (137)
[2018.07.19-12.40.38:291][638]LogModuleManager: Shutting down and abandoning module Core (135)
[2018.07.19-12.40.38:291][638]LogModuleManager: Shutting down and abandoning module LevelSequence (133)
[2018.07.19-12.40.38:297][638]LogModuleManager: Shutting down and abandoning module KismetCompiler (131)
[2018.07.19-12.40.38:298][638]LogModuleManager: Shutting down and abandoning module MeshUtilities (129)
[2018.07.19-12.40.38:315][638]LogModuleManager: Shutting down and abandoning module MeshMergeUtilities (128)
[2018.07.19-12.40.38:315][638]LogModuleManager: Shutting down and abandoning module MeshReductionInterface (127)
[2018.07.19-12.40.38:315][638]LogModuleManager: Shutting down and abandoning module SimplygonSwarm (126)
[2018.07.19-12.40.38:327][638]LogModuleManager: Shutting down and abandoning module SimplygonMeshReduction (124)
[2018.07.19-12.40.38:336][638]LogModuleManager: Shutting down and abandoning module QuadricMeshReduction (122)
[2018.07.19-12.40.38:346][638]LogModuleManager: Shutting down and abandoning module MaterialBaking (118)
[2018.07.19-12.40.38:351][638]LogModuleManager: Shutting down and abandoning module DerivedDataCache (113)
[2018.07.19-12.40.38:578][638]LogDerivedDataCache: Shutdown
[2018.07.19-12.40.38:578][638]LogModuleManager: Shutting down and abandoning module XGEController (111)
[2018.07.19-12.40.38:578][638]LogModuleManager: Shutting down and abandoning module TargetPlatform (109)
[2018.07.19-12.40.38:578][638]LogModuleManager: Shutting down and abandoning module VulkanShaderFormat (108)
[2018.07.19-12.40.38:589][638]LogModuleManager: Shutting down and abandoning module ShaderFormatVectorVM (106)
[2018.07.19-12.40.38:596][638]LogModuleManager: Shutting down and abandoning module ShaderFormatOpenGL (104)
[2018.07.19-12.40.38:608][638]LogModuleManager: Shutting down and abandoning module ShaderFormatD3D (102)
[2018.07.19-12.40.38:619][638]LogModuleManager: Shutting down and abandoning module MetalShaderFormat (100)
[2018.07.19-12.40.38:631][638]LogModuleManager: Shutting down and abandoning module TextureFormatUncompressed (98)
[2018.07.19-12.40.38:631][638]LogModuleManager: Shutting down and abandoning module TextureFormatPVR (96)
[2018.07.19-12.40.38:631][638]LogModuleManager: Shutting down and abandoning module TextureFormatDXT (94)
[2018.07.19-12.40.38:638][638]LogModuleManager: Shutting down and abandoning module TextureFormatIntelISPCTexComp (92)
[2018.07.19-12.40.38:640][638]LogModuleManager: Shutting down and abandoning module TextureFormatASTC (90)
[2018.07.19-12.40.38:640][638]LogModuleManager: Shutting down and abandoning module ImageWrapper (89)
[2018.07.19-12.40.38:640][638]LogModuleManager: Shutting down and abandoning module TextureFormatAndroid (86)
[2018.07.19-12.40.38:640][638]LogModuleManager: Shutting down and abandoning module AudioFormatOpus (84)
[2018.07.19-12.40.38:640][638]LogModuleManager: Shutting down and abandoning module AudioFormatOgg (82)
[2018.07.19-12.40.38:640][638]LogModuleManager: Shutting down and abandoning module AudioFormatADPCM (80)
[2018.07.19-12.40.38:640][638]LogModuleManager: Shutting down and abandoning module WindowsTargetPlatform (78)
[2018.07.19-12.40.38:640][638]LogModuleManager: Shutting down and abandoning module WindowsServerTargetPlatform (76)
[2018.07.19-12.40.38:640][638]LogModuleManager: Shutting down and abandoning module WindowsNoEditorTargetPlatform (74)
[2018.07.19-12.40.38:640][638]LogModuleManager: Shutting down and abandoning module WindowsClientTargetPlatform (72)
[2018.07.19-12.40.38:640][638]LogModuleManager: Shutting down and abandoning module InputCore (69)
[2018.07.19-12.40.38:640][638]LogModuleManager: Shutting down and abandoning module Settings (67)
[2018.07.19-12.40.38:640][638]LogModuleManager: Shutting down and abandoning module PhysXCooking (65)
[2018.07.19-12.40.38:640][638]LogModuleManager: Shutting down and abandoning module SteamVR (63)
[2018.07.19-12.40.38:640][638]LogModuleManager: Shutting down and abandoning module OculusHMD (61)
[2018.07.19-12.40.38:650][638]LogModuleManager: Shutting down and abandoning module ExampleDeviceProfileSelector (59)
[2018.07.19-12.40.38:650][638]LogModuleManager: Shutting down and abandoning module AppleARKit (57)
[2018.07.19-12.40.38:650][638]LogModuleManager: Shutting down and abandoning module AugmentedReality (56)
[2018.07.19-12.40.38:650][638]LogModuleManager: Shutting down and abandoning module OnlineBlueprintSupport (53)
[2018.07.19-12.40.38:650][638]LogModuleManager: Shutting down and abandoning module OnlineSubsystem (49)
[2018.07.19-12.40.38:656][638]LogOnline: Display: OSS: FOnlineSubsystemNull::Shutdown()
[2018.07.19-12.40.38:656][638]LogOnline: Display: OSS: FOnlineAsyncTaskManager::Stop() ActiveTask:0000000000000000 Tasks[0/0]
[2018.07.19-12.40.38:667][638]LogOnline: Display: OSS: FOnlineAsyncTaskManager::Exit() started
[2018.07.19-12.40.38:667][638]LogOnline: Display: OSS: FOnlineAsyncTaskManager::Exit() finished
[2018.07.19-12.40.38:667][638]LogModuleManager: Shutting down and abandoning module XMPP (43)
[2018.07.19-12.40.38:680][638]LogModuleManager: Shutting down and abandoning module HTTP (41)
[2018.07.19-12.40.38:700][638]LogModuleManager: Shutting down and abandoning module SSL (40)
[2018.07.19-12.40.38:723][638]LogModuleManager: Shutting down and abandoning module AnimationModifiers (36)
[2018.07.19-12.40.38:735][638]LogModuleManager: Shutting down and abandoning module PropertyEditor (35)
[2018.07.19-12.40.38:774][638]LogModuleManager: Shutting down and abandoning module AudioEditor (32)
[2018.07.19-12.40.38:815][638]LogModuleManager: Shutting down and abandoning module TextureCompressor (30)
[2018.07.19-12.40.38:836][638]LogModuleManager: Shutting down and abandoning module ShaderCore (28)
[2018.07.19-12.40.38:836][638]LogModuleManager: Shutting down and abandoning module Landscape (26)
[2018.07.19-12.40.38:836][638]LogModuleManager: Shutting down and abandoning module SlateRHIRenderer (24)
[2018.07.19-12.40.38:858][638]LogModuleManager: Shutting down and abandoning module OpenGLDrv (22)
[2018.07.19-12.40.38:866][638]LogModuleManager: Shutting down and abandoning module D3D11RHI (20)
[2018.07.19-12.40.38:866][638]LogModuleManager: Shutting down and abandoning module AnimGraphRuntime (18)
[2018.07.19-12.40.38:877][638]LogModuleManager: Shutting down and abandoning module Renderer (16)
[2018.07.19-12.40.38:877][638]LogModuleManager: Shutting down and abandoning module Engine (14)
[2018.07.19-12.40.38:877][638]LogModuleManager: Shutting down and abandoning module CoreUObject (12)
[2018.07.19-12.40.38:877][638]LogModuleManager: Shutting down and abandoning module NetworkFile (10)
[2018.07.19-12.40.38:888][638]LogModuleManager: Shutting down and abandoning module CookedIterativeFile (8)
[2018.07.19-12.40.38:888][638]LogModuleManager: Shutting down and abandoning module StreamingFile (6)
[2018.07.19-12.40.38:888][638]LogModuleManager: Shutting down and abandoning module SandboxFile (4)
[2018.07.19-12.40.38:894][638]LogModuleManager: Shutting down and abandoning module PakFile (2)
[2018.07.19-12.40.38:920][638]LogExit: Exiting.
[2018.07.19-12.40.38:924][638]Log file closed, 07/19/18 13:40:38
