Log file open, 07/25/18 00:31:54
LogWindows: Failed to load 'aqProf.dll' (GetLastError=126)
LogWindows: File 'aqProf.dll' does not exist
LogWindows: Failed to load 'VtuneApi.dll' (GetLastError=126)
LogWindows: File 'VtuneApi.dll' does not exist
LogWindows: Failed to load 'VtuneApi32e.dll' (GetLastError=126)
LogWindows: File 'VtuneApi32e.dll' does not exist
LogInit: Display: Running engine for game: FPBG
LogPlatformFile: Not using cached read wrapper
LogInit: Display: RandInit(2070062992) SRandInit(2070062992).
LogInit: Read version file with build ID '3944462'
LogInit: Overriding engine version to CL 4033788, compatible CL 3944462
LogInit: Registered custom module enumerator with build ID '3944462'
LogTaskGraph: Started task graph with 5 named threads and 14 total threads with 3 sets of task threads.
LogStats: Stats thread started at 0.379842
LogD3D11RHI: Aftermath initialized
LogICUInternationalization: Display: ICU TimeZone Detection - Raw Offset: +0:00, Platform Override: ''
LogModuleManager: Display: Found up-to-date module file ../../../Engine/Plugins/Online/OnlineSubsystemSteam/Binaries/Win64/UE4Editor-OnlineSubsystemSteam.dll (API version 3944462).
LogModuleManager: Display: Found up-to-date module file ../../../Engine/Plugins/Online/OnlineSubsystem/Binaries/Win64/UE4Editor-OnlineSubsystem.dll (API version 3944462).
LogModuleManager: Display: Found up-to-date module file ../../../Engine/Plugins/Online/OnlineSubsystemUtils/Binaries/Win64/UE4Editor-OnlineSubsystemUtils.dll (API version 3944462).
LogModuleManager: Display: Found up-to-date module file ../../../Engine/Plugins/Online/OnlineSubsystemUtils/Binaries/Win64/UE4Editor-OnlineBlueprintSupport.dll (API version 3944462).
LogModuleManager: Display: Found up-to-date module file ../../../Engine/Plugins/2D/Paper2D/Binaries/Win64/UE4Editor-Paper2D.dll (API version 3944462).
LogModuleManager: Display: Found up-to-date module file ../../../Engine/Plugins/2D/Paper2D/Binaries/Win64/UE4Editor-Paper2DEditor.dll (API version 3944462).
LogModuleManager: Display: Found up-to-date module file ../../../Engine/Plugins/2D/Paper2D/Binaries/Win64/UE4Editor-PaperSpriteSheetImporter.dll (API version 3944462).
LogModuleManager: Display: Found up-to-date module file ../../../Engine/Plugins/2D/Paper2D/Binaries/Win64/UE4Editor-PaperTiledImporter.dll (API version 3944462).
LogModuleManager: Display: Found up-to-date module file ../../../Engine/Plugins/2D/Paper2D/Binaries/Win64/UE4Editor-SmartSnapping.dll (API version 3944462).
LogModuleManager: Display: Found up-to-date module file ../../../Engine/Plugins/Blendables/LightPropagationVolume/Binaries/Win64/UE4Editor-LightPropagationVolumeRuntime.dll (API version 3944462).
LogModuleManager: Display: Found up-to-date module file ../../../Engine/Plugins/Blendables/LightPropagationVolume/Binaries/Win64/UE4Editor-LightPropagationVolumeEditor.dll (API version 3944462).
LogModuleManager: Display: Found up-to-date module file ../../../Engine/Plugins/Developer/CLionSourceCodeAccess/Binaries/Win64/UE4Editor-CLionSourceCodeAccess.dll (API version 3944462).
LogModuleManager: Display: Found up-to-date module file ../../../Engine/Plugins/Developer/GitSourceControl/Binaries/Win64/UE4Editor-GitSourceControl.dll (API version 3944462).
LogModuleManager: Display: Found up-to-date module file ../../../Engine/Plugins/Developer/PerforceSourceControl/Binaries/Win64/UE4Editor-PerforceSourceControl.dll (API version 3944462).
LogModuleManager: Display: Found up-to-date module file ../../../Engine/Plugins/Developer/SubversionSourceControl/Binaries/Win64/UE4Editor-SubversionSourceControl.dll (API version 3944462).
LogModuleManager: Display: Found up-to-date module file ../../../Engine/Plugins/Developer/UObjectPlugin/Binaries/Win64/UE4Editor-UObjectPlugin.dll (API version 3944462).
LogModuleManager: Display: Found up-to-date module file ../../../Engine/Plugins/Developer/VisualStudioCodeSourceCodeAccess/Binaries/Win64/UE4Editor-VisualStudioCodeSourceCodeAccess.dll (API version 3944462).
LogModuleManager: Display: Found up-to-date module file ../../../Engine/Plugins/Developer/VisualStudioSourceCodeAccess/Binaries/Win64/UE4Editor-VisualStudioSourceCodeAccess.dll (API version 3944462).
LogModuleManager: Display: Found up-to-date module file ../../../Engine/Plugins/Editor/AssetManagerEditor/Binaries/Win64/UE4Editor-AssetManagerEditor.dll (API version 3944462).
LogModuleManager: Display: Found up-to-date module file ../../../Engine/Plugins/Editor/CryptoKeys/Binaries/Win64/UE4Editor-CryptoKeys.dll (API version 3944462).
LogModuleManager: Display: Found up-to-date module file ../../../Engine/Plugins/Editor/CryptoKeys/Binaries/Win64/UE4Editor-CryptoKeysOpenSSL.dll (API version 3944462).
LogModuleManager: Display: Found up-to-date module file ../../../Engine/Plugins/Editor/DataValidation/Binaries/Win64/UE4Editor-DataValidation.dll (API version 3944462).
LogModuleManager: Display: Found up-to-date module file ../../../Engine/Plugins/Editor/FacialAnimation/Binaries/Win64/UE4Editor-FacialAnimation.dll (API version 3944462).
LogModuleManager: Display: Found up-to-date module file ../../../Engine/Plugins/Editor/FacialAnimation/Binaries/Win64/UE4Editor-FacialAnimationEditor.dll (API version 3944462).
LogModuleManager: Display: Found up-to-date module file ../../../Engine/Plugins/Editor/GameplayTagsEditor/Binaries/Win64/UE4Editor-GameplayTagsEditor.dll (API version 3944462).
LogModuleManager: Display: Found up-to-date module file ../../../Engine/Plugins/Editor/MobileLauncherProfileWizard/Binaries/Win64/UE4Editor-MobileLauncherProfileWizard.dll (API version 3944462).
LogModuleManager: Display: Found up-to-date module file ../../../Engine/Plugins/Editor/PluginBrowser/Binaries/Win64/UE4Editor-PluginBrowser.dll (API version 3944462).
LogModuleManager: Display: Found up-to-date module file ../../../Engine/Plugins/Editor/SpeedTreeImporter/Binaries/Win64/UE4Editor-SpeedTreeImporter.dll (API version 3944462).
LogModuleManager: Display: Found up-to-date module file ../../../Engine/Plugins/Enterprise/DatasmithContent/Binaries/Win64/UE4Editor-DatasmithContent.dll (API version 3944462).
LogModuleManager: Display: Found up-to-date module file ../../../Engine/Plugins/Experimental/AlembicImporter/Binaries/Win64/UE4Editor-AlembicImporter.dll (API version 3944462).
LogModuleManager: Display: Found up-to-date module file ../../../Engine/Plugins/Experimental/AlembicImporter/Binaries/Win64/UE4Editor-AlembicLibrary.dll (API version 3944462).
LogModuleManager: Display: Found up-to-date module file ../../../Engine/Plugins/Experimental/CharacterAI/Binaries/Win64/UE4Editor-CharacterAI.dll (API version 3944462).
LogModuleManager: Display: Found up-to-date module file ../../../Engine/Plugins/Experimental/HTML5Networking/Binaries/Win64/UE4Editor-HTML5Networking.dll (API version 3944462).
LogModuleManager: Display: Found up-to-date module file ../../../Engine/Plugins/Media/AndroidMedia/Binaries/Win64/UE4Editor-AndroidMediaEditor.dll (API version 3944462).
LogModuleManager: Display: Found up-to-date module file ../../../Engine/Plugins/Media/AndroidMedia/Binaries/Win64/UE4Editor-AndroidMediaFactory.dll (API version 3944462).
LogModuleManager: Display: Found up-to-date module file ../../../Engine/Plugins/Media/AvfMedia/Binaries/Win64/UE4Editor-AvfMediaEditor.dll (API version 3944462).
LogModuleManager: Display: Found up-to-date module file ../../../Engine/Plugins/Media/AvfMedia/Binaries/Win64/UE4Editor-AvfMediaFactory.dll (API version 3944462).
LogModuleManager: Display: Found up-to-date module file ../../../Engine/Plugins/Media/AvfMedia/Binaries/Win64/UE4Editor-AvfMediaFactory.dll (API version 3944462).
LogModuleManager: Display: Found up-to-date module file ../../../Engine/Plugins/Media/ImgMedia/Binaries/Win64/UE4Editor-ImgMedia.dll (API version 3944462).
LogModuleManager: Display: Found up-to-date module file ../../../Engine/Plugins/Media/ImgMedia/Binaries/Win64/UE4Editor-ImgMediaEditor.dll (API version 3944462).
LogModuleManager: Display: Found up-to-date module file ../../../Engine/Plugins/Media/ImgMedia/Binaries/Win64/UE4Editor-ImgMediaFactory.dll (API version 3944462).
LogModuleManager: Display: Found up-to-date module file ../../../Engine/Plugins/Media/ImgMedia/Binaries/Win64/UE4Editor-ImgMediaFactory.dll (API version 3944462).
LogModuleManager: Display: Found up-to-date module file ../../../Engine/Plugins/Media/ImgMedia/Binaries/Win64/UE4Editor-OpenExrWrapper.dll (API version 3944462).
LogModuleManager: Display: Found up-to-date module file ../../../Engine/Plugins/Media/LinearTimecode/Binaries/Win64/UE4Editor-LinearTimecode.dll (API version 3944462).
LogModuleManager: Display: Found up-to-date module file ../../../Engine/Plugins/Media/MediaCompositing/Binaries/Win64/UE4Editor-MediaCompositing.dll (API version 3944462).
LogModuleManager: Display: Found up-to-date module file ../../../Engine/Plugins/Media/MediaCompositing/Binaries/Win64/UE4Editor-MediaCompositingEditor.dll (API version 3944462).
LogModuleManager: Display: Found up-to-date module file ../../../Engine/Plugins/Media/MediaPlayerEditor/Binaries/Win64/UE4Editor-MediaPlayerEditor.dll (API version 3944462).
LogModuleManager: Display: Found up-to-date module file ../../../Engine/Plugins/Media/WmfMedia/Binaries/Win64/UE4Editor-WmfMedia.dll (API version 3944462).
LogModuleManager: Display: Found up-to-date module file ../../../Engine/Plugins/Media/WmfMedia/Binaries/Win64/UE4Editor-WmfMediaEditor.dll (API version 3944462).
LogModuleManager: Display: Found up-to-date module file ../../../Engine/Plugins/Media/WmfMedia/Binaries/Win64/UE4Editor-WmfMediaFactory.dll (API version 3944462).
LogModuleManager: Display: Found up-to-date module file ../../../Engine/Plugins/Media/WmfMedia/Binaries/Win64/UE4Editor-WmfMediaFactory.dll (API version 3944462).
LogModuleManager: Display: Found up-to-date module file ../../../Engine/Plugins/Messaging/TcpMessaging/Binaries/Win64/UE4Editor-TcpMessaging.dll (API version 3944462).
LogModuleManager: Display: Found up-to-date module file ../../../Engine/Plugins/Messaging/UdpMessaging/Binaries/Win64/UE4Editor-UdpMessaging.dll (API version 3944462).
LogModuleManager: Display: Found up-to-date module file ../../../Engine/Plugins/MovieScene/ActorSequence/Binaries/Win64/UE4Editor-ActorSequence.dll (API version 3944462).
LogModuleManager: Display: Found up-to-date module file ../../../Engine/Plugins/MovieScene/LevelSequenceEditor/Binaries/Win64/UE4Editor-LevelSequenceEditor.dll (API version 3944462).
LogModuleManager: Display: Found up-to-date module file ../../../Engine/Plugins/MovieScene/MatineeToLevelSequence/Binaries/Win64/UE4Editor-MatineeToLevelSequence.dll (API version 3944462).
LogModuleManager: Display: Found up-to-date module file ../../../Engine/Plugins/NetcodeUnitTest/NetcodeUnitTest/Binaries/Win64/UE4Editor-NetcodeUnitTest.dll (API version 3944462).
LogModuleManager: Display: Found up-to-date module file ../../../Engine/Plugins/NetcodeUnitTest/NUTUnrealEngine4/Binaries/Win64/UE4Editor-NUTUnrealEngine4.dll (API version 3944462).
LogModuleManager: Display: Found up-to-date module file ../../../Engine/Plugins/Runtime/AndroidPermission/Binaries/Win64/UE4Editor-AndroidPermission.dll (API version 3944462).
LogModuleManager: Display: Found up-to-date module file ../../../Engine/Plugins/Online/OnlineSubsystemNull/Binaries/Win64/UE4Editor-OnlineSubsystemNull.dll (API version 3944462).
LogModuleManager: Display: Found up-to-date module file ../../../Engine/Plugins/Runtime/AndroidDeviceProfileSelector/Binaries/Win64/UE4Editor-AndroidDeviceProfileSelector.dll (API version 3944462).
LogModuleManager: Display: Found up-to-date module file ../../../Engine/Plugins/Runtime/AppleARKit/Binaries/Win64/UE4Editor-AppleARKit.dll (API version 3944462).
LogModuleManager: Display: Found up-to-date module file ../../../Engine/Plugins/Runtime/ProceduralMeshComponent/Binaries/Win64/UE4Editor-ProceduralMeshComponent.dll (API version 3944462).
LogModuleManager: Display: Found up-to-date module file ../../../Engine/Plugins/Runtime/ProceduralMeshComponent/Binaries/Win64/UE4Editor-ProceduralMeshComponentEditor.dll (API version 3944462).
LogModuleManager: Display: Found up-to-date module file ../../../Engine/Plugins/Animation/LiveLink/Binaries/Win64/UE4Editor-LiveLink.dll (API version 3944462).
LogModuleManager: Display: Found up-to-date module file ../../../Engine/Plugins/Animation/LiveLink/Binaries/Win64/UE4Editor-LiveLinkEditor.dll (API version 3944462).
LogModuleManager: Display: Found up-to-date module file ../../../Engine/Plugins/Runtime/ArchVisCharacter/Binaries/Win64/UE4Editor-ArchVisCharacter.dll (API version 3944462).
LogModuleManager: Display: Found up-to-date module file ../../../Engine/Plugins/Runtime/AudioCapture/Binaries/Win64/UE4Editor-AudioCapture.dll (API version 3944462).
LogModuleManager: Display: Found up-to-date module file ../../../Engine/Plugins/Runtime/AudioCapture/Binaries/Win64/UE4Editor-AudioCaptureEditor.dll (API version 3944462).
LogModuleManager: Display: Found up-to-date module file ../../../Engine/Plugins/Runtime/CableComponent/Binaries/Win64/UE4Editor-CableComponent.dll (API version 3944462).
LogModuleManager: Display: Found up-to-date module file ../../../Engine/Plugins/Runtime/CustomMeshComponent/Binaries/Win64/UE4Editor-CustomMeshComponent.dll (API version 3944462).
LogModuleManager: Display: Found up-to-date module file ../../../Engine/Plugins/Runtime/ExampleDeviceProfileSelector/Binaries/Win64/UE4Editor-ExampleDeviceProfileSelector.dll (API version 3944462).
LogModuleManager: Display: Found up-to-date module file ../../../Engine/Plugins/Runtime/ImmediatePhysics/Binaries/Win64/UE4Editor-ImmediatePhysics.dll (API version 3944462).
LogModuleManager: Display: Found up-to-date module file ../../../Engine/Plugins/Runtime/ImmediatePhysics/Binaries/Win64/UE4Editor-ImmediatePhysicsEditor.dll (API version 3944462).
LogModuleManager: Display: Found up-to-date module file ../../../Engine/Plugins/Runtime/LocationServicesBPLibrary/Binaries/Win64/UE4Editor-LocationServicesBPLibrary.dll (API version 3944462).
LogModuleManager: Display: Found up-to-date module file ../../../Engine/Plugins/Runtime/MobilePatchingUtils/Binaries/Win64/UE4Editor-MobilePatchingUtils.dll (API version 3944462).
LogModuleManager: Display: Found up-to-date module file ../../../Engine/Plugins/Runtime/Oculus/OculusVR/Binaries/Win64/UE4Editor-OculusHMD.dll (API version 3944462).
LogModuleManager: Display: Found up-to-date module file ../../../Engine/Plugins/Runtime/Oculus/OculusVR/Binaries/Win64/UE4Editor-OculusInput.dll (API version 3944462).
LogModuleManager: Display: Found up-to-date module file ../../../Engine/Plugins/Runtime/Oculus/OculusVR/Binaries/Win64/UE4Editor-OculusEditor.dll (API version 3944462).
LogModuleManager: Display: Found up-to-date module file ../../../Engine/Plugins/Runtime/PhysXVehicles/Binaries/Win64/UE4Editor-PhysXVehicles.dll (API version 3944462).
LogModuleManager: Display: Found up-to-date module file ../../../Engine/Plugins/Runtime/PhysXVehicles/Binaries/Win64/UE4Editor-PhysXVehiclesEditor.dll (API version 3944462).
LogModuleManager: Display: Found up-to-date module file ../../../Engine/Plugins/Runtime/RuntimePhysXCooking/Binaries/Win64/UE4Editor-RuntimePhysXCooking.dll (API version 3944462).
LogModuleManager: Display: Found up-to-date module file ../../../Engine/Plugins/Runtime/Steam/SteamVR/Binaries/Win64/UE4Editor-SteamVR.dll (API version 3944462).
LogModuleManager: Display: Found up-to-date module file ../../../Engine/Plugins/Runtime/Steam/SteamVR/Binaries/Win64/UE4Editor-SteamVRController.dll (API version 3944462).
LogModuleManager: Display: Found up-to-date module file ../../../Engine/Plugins/Runtime/WindowsMoviePlayer/Binaries/Win64/UE4Editor-WindowsMoviePlayer.dll (API version 3944462).
LogPluginManager: Mounting plugin Paper2D
LogPluginManager: Mounting plugin LiveLink
LogPluginManager: Mounting plugin LightPropagationVolume
LogPluginManager: Mounting plugin CLionSourceCodeAccess
LogPluginManager: Mounting plugin CodeLiteSourceCodeAccess
LogPluginManager: Mounting plugin GitSourceControl
LogPluginManager: Mounting plugin KDevelopSourceCodeAccess
LogPluginManager: Mounting plugin NullSourceCodeAccess
LogPluginManager: Mounting plugin PerforceSourceControl
LogPluginManager: Mounting plugin SubversionSourceControl
LogPluginManager: Mounting plugin UObjectPlugin
LogPluginManager: Mounting plugin VisualStudioCodeSourceCodeAccess
LogPluginManager: Mounting plugin VisualStudioSourceCodeAccess
LogPluginManager: Mounting plugin XCodeSourceCodeAccess
LogPluginManager: Mounting plugin AssetManagerEditor
LogPluginManager: Mounting plugin CryptoKeys
LogPluginManager: Mounting plugin DataValidation
LogPluginManager: Mounting plugin FacialAnimation
LogPluginManager: Mounting plugin GameplayTagsEditor
LogPluginManager: Mounting plugin MobileLauncherProfileWizard
LogPluginManager: Mounting plugin PluginBrowser
LogPluginManager: Mounting plugin SpeedTreeImporter
LogPluginManager: Mounting plugin DatasmithContent
LogPluginManager: Mounting plugin AlembicImporter
LogPluginManager: Mounting plugin CharacterAI
LogPluginManager: Mounting plugin HTML5Networking
LogPluginManager: Mounting plugin AndroidMedia
LogPluginManager: Mounting plugin AvfMedia
LogPluginManager: Mounting plugin ImgMedia
LogPluginManager: Mounting plugin LinearTimecode
LogPluginManager: Mounting plugin MediaCompositing
LogPluginManager: Mounting plugin MediaPlayerEditor
LogPluginManager: Mounting plugin WmfMedia
LogPluginManager: Mounting plugin TcpMessaging
LogPluginManager: Mounting plugin UdpMessaging
LogPluginManager: Mounting plugin ActorSequence
LogPluginManager: Mounting plugin LevelSequenceEditor
LogPluginManager: Mounting plugin MatineeToLevelSequence
LogPluginManager: Mounting plugin NetcodeUnitTest
LogPluginManager: Mounting plugin NUTUnrealEngine4
LogPluginManager: Mounting plugin OnlineSubsystemGooglePlay
LogPluginManager: Mounting plugin OnlineSubsystemIOS
LogPluginManager: Mounting plugin OnlineSubsystem
LogPluginManager: Mounting plugin OnlineSubsystemNull
LogPluginManager: Mounting plugin OnlineSubsystemSteam
LogPluginManager: Mounting plugin OnlineSubsystemUtils
LogPluginManager: Mounting plugin AndroidDeviceProfileSelector
LogPluginManager: Mounting plugin AndroidMoviePlayer
LogPluginManager: Mounting plugin AndroidPermission
LogPluginManager: Mounting plugin AppleARKit
LogPluginManager: Mounting plugin AppleMoviePlayer
LogPluginManager: Mounting plugin ArchVisCharacter
LogPluginManager: Mounting plugin AudioCapture
LogPluginManager: Mounting plugin CableComponent
LogPluginManager: Mounting plugin CustomMeshComponent
LogPluginManager: Mounting plugin ExampleDeviceProfileSelector
LogPluginManager: Mounting plugin GoogleCloudMessaging
LogPluginManager: Mounting plugin ImmediatePhysics
LogPluginManager: Mounting plugin IOSDeviceProfileSelector
LogPluginManager: Mounting plugin LinuxDeviceProfileSelector
LogPluginManager: Mounting plugin LocationServicesBPLibrary
LogPluginManager: Mounting plugin MobilePatchingUtils
LogPluginManager: Mounting plugin OculusVR
LogPluginManager: Plugin shader directory ../../../Engine/Plugins/Runtime/Oculus/OculusVR/Shaders found
LogPluginManager: Mapping shader source directory ../../../Engine/Plugins/Runtime/Oculus/OculusVR/Shaders to virtual directory /Plugin/OculusVR
LogPluginManager: Mounting plugin PhysXVehicles
LogPluginManager: Mounting plugin ProceduralMeshComponent
LogPluginManager: Mounting plugin RuntimePhysXCooking
LogPluginManager: Mounting plugin SteamVR
LogPluginManager: Mounting plugin WindowsMoviePlayer
LogStreaming: Display: Took  3.029s to configure plugins.
LogInit: Using libcurl 7.47.1
LogInit:  - built for x86_64-pc-win32
LogInit:  - supports SSL with OpenSSL/1.0.2g
LogInit:  - supports HTTP deflate (compression) using libz 1.2.8
LogInit:  - other features:
LogInit:      CURL_VERSION_SSL
LogInit:      CURL_VERSION_LIBZ
LogInit:      CURL_VERSION_IPV6
LogInit:      CURL_VERSION_ASYNCHDNS
LogInit:      CURL_VERSION_LARGEFILE
LogInit:      CURL_VERSION_IDN
LogInit:  CurlRequestOptions (configurable via config and command line):
LogInit:  - bVerifyPeer = false  - Libcurl will NOT verify peer certificate
LogInit:  - bUseHttpProxy = false  - Libcurl will NOT use HTTP proxy
LogInit:  - bDontReuseConnections = false  - Libcurl will reuse connections
LogInit:  - CertBundlePath = nullptr  - Libcurl will use whatever was configured at build time.
LogInit:  - MaxHostConnections = 16  - Libcurl will limit the number of connections to a host
LogInit:  - LocalHostAddr = Default
LogOnline: Display: STEAM: Loading Steam SDK 1.39
LogOnline: Warning: STEAM: Steam API disabled!
LogOnline: Display: STEAM: OnlineSubsystemSteam::Shutdown()
LogInit: WinSock: version 1.1 (2.2), MaxSocks=32767, MaxUdp=65467
LogInit: WinSock: I am Q6600 (192.168.1.42:0)
LogInit: Build: ++UE4+Release-4.19-CL-4033788
LogInit: Engine Version: 4.19.2-4033788+++UE4+Release-4.19
LogInit: Compatible Engine Version: 4.19.0-3944462+++UE4+Release-4.19
LogInit: Net CL: 3944462
LogDevObjectVersion: Number of dev versions registered: 18
LogDevObjectVersion:   Dev-Blueprints (B0D832E4-1F89-4F0D-ACCF-7EB736FD4AA2): 10
LogDevObjectVersion:   Dev-Build (E1C64328-A22C-4D53-A36C-8E866417BD8C): 0
LogDevObjectVersion:   Dev-Core (375EC13C-06E4-48FB-B500-84F0262A717E): 2
LogDevObjectVersion:   Dev-Editor (E4B068ED-F494-42E9-A231-DA0B2E46BB41): 23
LogDevObjectVersion:   Dev-Framework (CFFC743F-43B0-4480-9391-14DF171D2073): 33
LogDevObjectVersion:   Dev-Mobile (B02B49B5-BB20-44E9-A304-32B752E40360): 2
LogDevObjectVersion:   Dev-Networking (A4E4105C-59A1-49B5-A7C5-40C4547EDFEE): 0
LogDevObjectVersion:   Dev-Online (39C831C9-5AE6-47DC-9A44-9C173E1C8E7C): 0
LogDevObjectVersion:   Dev-Physics (78F01B33-EBEA-4F98-B9B4-84EACCB95AA2): 0
LogDevObjectVersion:   Dev-Platform (6631380F-2D4D-43E0-8009-CF276956A95A): 0
LogDevObjectVersion:   Dev-Rendering (12F88B9F-8875-4AFC-A67C-D90C383ABD29): 25
LogDevObjectVersion:   Dev-Sequencer (7B5AE74C-D270-4C10-A958-57980B212A5A): 6
LogDevObjectVersion:   Dev-VR (D7296918-1DD6-4BDD-9DE2-64A83CC13884): 1
LogDevObjectVersion:   Dev-LoadTimes (C2A15278-BFE7-4AFE-6C17-90FF531DF755): 1
LogDevObjectVersion:   Private-Geometry (6EACA3D4-40EC-4CC1-B786-8BED09428FC5): 2
LogDevObjectVersion:   Dev-AnimPhys (29E575DD-E0A3-4627-9D10-D276232CDCEA): 16
LogDevObjectVersion:   Dev-ReflectionCapture (6B266CEC-1EC7-4B8F-A30B-E4D90942FC07): 1
LogDevObjectVersion:   Dev-Automation (0DF73D61-A23F-47EA-B727-89E90C41499A): 1
LogInit: Compiled (64-bit): Apr 27 2018 02:06:57
LogInit: Compiled with Visual C++: 19.00.24215.01
LogInit: Build Configuration: Development
LogInit: Branch Name: ++UE4+Release-4.19
LogInit: Command Line:  127.0.0.1:17777 -game -PIEVIACONSOLE -ResX=1024 -ResY=768  -Multiprocess -messaging -SessionName="Play in Standalone Game" -windowed GameUserSettingsINI="F:/Juegos/UE_Projects/FPBG/Saved/Config/Windows/PIEGameUserSettings1.ini" -MultiprocessSaveConfig  -MultiprocessOSS WinX=8 WinY=31 SAVEWINPOS=1
LogInit: Base Directory: F:/Juegos/UE_4.19/Engine/Binaries/Win64/
LogInit: Installed Engine Build: 1
LogStreaming: Display: Took  0.006s to delete old logs.
LogInit: Presizing for max 8388607 objects, including 0 objects not considered by GC, pre-allocating 0 bytes for permanent pool.
LogInit: Object subsystem initialized
[2018.07.24-23.31.58:724][  0]LogInit: Selected Device Profile: [Windows]
[2018.07.24-23.31.58:724][  0]LogInit: Applying CVar settings loaded from the selected device profile: [Windows]
[2018.07.24-23.31.58:736][  0]LogInit: Computer: Q6600
[2018.07.24-23.31.58:736][  0]LogInit: User: bitt3rman
[2018.07.24-23.31.58:736][  0]LogInit: CPU Page size=4096, Cores=4
[2018.07.24-23.31.58:736][  0]LogInit: High frequency timer resolution =2.343833 MHz
[2018.07.24-23.31.58:737][  0]LogMemory: Memory total: Physical=8.0GB (8GB approx)
[2018.07.24-23.31.58:737][  0]LogMemory: Platform Memory Stats for Windows
[2018.07.24-23.31.58:737][  0]LogMemory: Process Physical Memory: 274.80 MB used, 274.80 MB peak
[2018.07.24-23.31.58:737][  0]LogMemory: Process Virtual Memory: 270.22 MB used, 270.22 MB peak
[2018.07.24-23.31.58:737][  0]LogMemory: Physical Memory: 6013.84 MB used,  2176.64 MB free, 8190.49 MB total
[2018.07.24-23.31.58:737][  0]LogMemory: Virtual Memory: 4776.43 MB used,  2176.64 MB free, 134217728.00 MB total
[2018.07.24-23.31.58:799][  0]LogInit: Using OS detected language (es-ES).
[2018.07.24-23.31.58:799][  0]LogInit: Using OS detected locale (es-ES).
[2018.07.24-23.31.58:799][  0]LogTextLocalizationManager: No localization for 'es-ES' exists, so 'en' will be used for the language.
[2018.07.24-23.31.58:799][  0]LogTextLocalizationManager: No localization for 'es-ES' exists, so 'en' will be used for the locale.
[2018.07.24-23.31.59:851][  0]LogStreaming: Display: Took  1.052s to EndInitTextLocalization.
[2018.07.24-23.31.59:907][  0]LogSlate: New Slate User Created.  User Index 0, Is Virtual User: 0
[2018.07.24-23.31.59:908][  0]LogSlate: Slate User Registered.  User Index 0, Is Virtual User: 0
[2018.07.24-23.31.59:914][  0]LogD3D11RHI: D3D11 adapters:
[2018.07.24-23.32.00:011][  0]LogD3D11RHI:    0. 'NVIDIA GeForce GT 730' (Feature Level 11_0)
[2018.07.24-23.32.00:011][  0]LogD3D11RHI:       2018/0/4095 MB DedicatedVideo/DedicatedSystem/SharedSystem, Outputs:1, VendorId:0x10de
[2018.07.24-23.32.00:017][  0]LogD3D11RHI:    1. 'Microsoft Basic Render Driver' (Feature Level 11_0)
[2018.07.24-23.32.00:017][  0]LogD3D11RHI:       0/0/4095 MB DedicatedVideo/DedicatedSystem/SharedSystem, Outputs:0, VendorId:0x1414
[2018.07.24-23.32.00:017][  0]LogD3D11RHI: Chosen D3D11 Adapter: 0
[2018.07.24-23.32.00:043][  0]LogD3D11RHI: Creating new Direct3DDevice
[2018.07.24-23.32.00:043][  0]LogD3D11RHI:     GPU DeviceId: 0x1287 (for the marketing name, search the web for "GPU Device Id")
[2018.07.24-23.32.00:043][  0]LogWindows: EnumDisplayDevices:
[2018.07.24-23.32.00:044][  0]LogWindows:    0. 'NVIDIA GeForce GT 730' (P:1 D:1)
[2018.07.24-23.32.00:044][  0]LogWindows:    1. 'NVIDIA GeForce GT 730' (P:0 D:0)
[2018.07.24-23.32.00:045][  0]LogWindows:    2. 'NVIDIA GeForce GT 730' (P:0 D:0)
[2018.07.24-23.32.00:045][  0]LogWindows: DebugString: GetVideoDriverDetailsInvalid PrimaryIsNotTheChoosenAdapter GetVideoDriverDetailsInvalid PrimaryIsNotTheChoosenAdapter GetVideoDriverDetailsInvalid PrimaryIsNotTheChoosenAdapter FoundDriverCount:0 
[2018.07.24-23.32.00:045][  0]LogD3D11RHI:     Adapter Name: NVIDIA GeForce GT 730
[2018.07.24-23.32.00:046][  0]LogD3D11RHI:   Driver Version: Unknown (internal:Unknown, unified:Unknown)
[2018.07.24-23.32.00:046][  0]LogD3D11RHI:      Driver Date: Unknown
[2018.07.24-23.32.00:046][  0]LogRHI: Texture pool is 1413 MB (70% of 2018 MB)
[2018.07.24-23.32.00:123][  0]LogD3D11RHI: [Aftermath] Aftermath enabled but failed to initialize
[2018.07.24-23.32.00:123][  0]LogD3D11RHI: [Aftermath] Aftermath enabled and primed
[2018.07.24-23.32.00:123][  0]LogD3D11RHI: Async texture creation enabled
[2018.07.24-23.32.00:145][  0]LogD3D11RHI: GPU Timing Frequency: 1000.000000 (Debug: 2 1)
[2018.07.24-23.32.00:150][  0]LogShaderCompilers: Guid format shader working directory is 22 characters bigger than the processId version (../../../../UE_Projects/FPBG/Intermediate/Shaders/WorkingDirectory/7436/).
[2018.07.24-23.32.00:151][  0]LogShaderCompilers: Cleaned the shader compiler working directory 'C:/Users/bitt3rman/AppData/Local/Temp/UnrealShaderWorkingDir/74DAF17C47DD20F1CF539A87685FB2D2/'.
[2018.07.24-23.32.00:961][  0]LogTemp: Display: Loaded TP WindowsClientTargetPlatform
[2018.07.24-23.32.00:998][  0]LogTemp: Display: Loaded TP WindowsNoEditorTargetPlatform
[2018.07.24-23.32.01:033][  0]LogTemp: Display: Loaded TP WindowsServerTargetPlatform
[2018.07.24-23.32.01:073][  0]LogTemp: Display: Loaded TP WindowsTargetPlatform
[2018.07.24-23.32.01:073][  0]LogTargetPlatformManager: Display: Building Assets For Windows
[2018.07.24-23.32.01:361][  0]LogXGEController: Cannot use XGE Controller as Incredibuild is not installed on this machine.
[2018.07.24-23.32.01:361][  0]LogShaderCompilers: Cannot use XGE Shader Compiler as Incredibuild is not installed on this machine.
[2018.07.24-23.32.01:361][  0]LogShaderCompilers: Display: Using Local Shader Compiler.
[2018.07.24-23.32.03:331][  0]LogDerivedDataCache: Display: Max Cache Size: 512 MB
[2018.07.24-23.32.03:685][  0]LogDerivedDataCache: Loaded boot cache 0.35s 74MB C:/Users/bitt3rman/AppData/Local/UnrealEngine/4.19/DerivedDataCache/Boot.ddc.
[2018.07.24-23.32.03:685][  0]LogDerivedDataCache: Display: Loaded Boot cache: C:/Users/bitt3rman/AppData/Local/UnrealEngine/4.19/DerivedDataCache/Boot.ddc
[2018.07.24-23.32.03:686][  0]LogDerivedDataCache: FDerivedDataBackendGraph:  Pak pak cache file ../../../../UE_Projects/FPBG/DerivedDataCache/DDC.ddp not found, will not use a pak cache.
[2018.07.24-23.32.03:686][  0]LogDerivedDataCache: Unable to find inner node Pak for hierarchical cache Hierarchy.
[2018.07.24-23.32.03:686][  0]LogDerivedDataCache: FDerivedDataBackendGraph:  CompressedPak pak cache file ../../../../UE_Projects/FPBG/DerivedDataCache/Compressed.ddp not found, will not use a pak cache.
[2018.07.24-23.32.03:686][  0]LogDerivedDataCache: Unable to find inner node CompressedPak for hierarchical cache Hierarchy.
[2018.07.24-23.32.03:719][  0]LogDerivedDataCache: Display: Pak cache opened for reading ../../../Engine/DerivedDataCache/Compressed.ddp.
[2018.07.24-23.32.03:736][  0]LogDerivedDataCache: Using Local data cache path C:/Users/bitt3rman/AppData/Local/UnrealEngine/Common/DerivedDataCache: Writable
[2018.07.24-23.32.03:736][  0]LogDerivedDataCache: Shared data cache path not found in *engine.ini, will not use an Shared cache.
[2018.07.24-23.32.03:736][  0]LogDerivedDataCache: Unable to find inner node Shared for hierarchical cache Hierarchy.
[2018.07.24-23.32.03:777][  0]LogMaterial: Verifying Global Shaders for PCD3D_SM5
[2018.07.24-23.32.03:778][  0]LogSlate: Using Freetype 2.6.0
[2018.07.24-23.32.03:779][  0]LogSlate: SlateFontCache - WITH_FREETYPE: 1, WITH_HARFBUZZ: 1
[2018.07.24-23.32.03:779][  0]LogSlate: SlateFontCache - WITH_FREETYPE: 1, WITH_HARFBUZZ: 1
[2018.07.24-23.32.04:065][  0]LogAssetRegistry: FAssetRegistry took 0.0118 seconds to start up
[2018.07.24-23.32.04:597][  0]LogPackageLocalizationCache: Processed 9 localized package path(s) for 1 prioritized culture(s) in 0.033339 seconds
[2018.07.24-23.32.04:853][  0]LogInit: Selected Device Profile: [Windows]
[2018.07.24-23.32.05:184][  0]LogSimplygon: Simplygon DLL not present - disabling.
[2018.07.24-23.32.05:190][  0]LogMeshReduction: Using SimplygonSwarm for distributed automatic mesh merging
[2018.07.24-23.32.05:190][  0]LogMeshReduction: Using QuadricMeshReduction for automatic static mesh reduction
[2018.07.24-23.32.05:190][  0]LogMeshReduction: No automatic skeletal mesh reduction module available
[2018.07.24-23.32.05:190][  0]LogMeshReduction: No automatic mesh merging module available
[2018.07.24-23.32.05:190][  0]LogMeshMerging: No automatic mesh merging module available
[2018.07.24-23.32.05:269][  0]LogNetVersion: FPBG , NetCL: 3944462, EngineNetVer: 2, GameNetVer: 0 (Checksum: 1413110598)
[2018.07.24-23.32.06:921][  0]LogMoviePlayer: Initializing movie player
[2018.07.24-23.32.07:645][  0]LogTcpMessaging: Initializing TcpMessaging bridge
[2018.07.24-23.32.07:713][  0]LogUdpMessaging: Initializing bridge on interface 0.0.0.0:0 to multicast group 230.0.0.1:6666.
[2018.07.24-23.32.08:320][  0]SourceControl: Source control is disabled
[2018.07.24-23.32.08:321][  0]SourceControl: Source control is disabled
[2018.07.24-23.32.08:374][  0]SourceControl: Source control is disabled
[2018.07.24-23.32.09:209][  0]LogAndroidPermission: UAndroidPermissionCallbackProxy::GetInstance
[2018.07.24-23.32.09:634][  0]LogOcInput: OculusInput pre-init called
[2018.07.24-23.32.09:761][  0]LogUObjectArray: 40131 objects as part of root set at end of initial load.
[2018.07.24-23.32.09:761][  0]LogUObjectAllocator: 8578472 out of 0 bytes used by permanent object pool.
[2018.07.24-23.32.09:761][  0]LogUObjectArray: CloseDisregardForGC: 0/0 objects in disregard for GC pool
[2018.07.24-23.32.09:862][  0]LogEngine: Initializing Engine...
[2018.07.24-23.32.09:866][  0]LogHMD: Failed to initialize OpenVR with code 110
[2018.07.24-23.32.09:881][  0]LogStats: UGameplayTagsManager::ConstructGameplayTagTree: Construct from data asset -  0.000 s
[2018.07.24-23.32.09:881][  0]LogStats: UGameplayTagsManager::ConstructGameplayTagTree: GameplayTagTreeChangedEvent.Broadcast -  0.000 s
[2018.07.24-23.32.10:607][  0]LogInit: XAudio2 using 'Speakers (High Definition Audio Device)' : 2 channels at 48 kHz using 16 bits per sample (channel mask 0x3)
[2018.07.24-23.32.10:686][  0]LogInit: FAudioDevice initialized.
[2018.07.24-23.32.10:801][  0]LogInit: Texture streaming: Enabled
[2018.07.24-23.32.11:082][  0]LogUObjectGlobals: Created PersistentFrame Addr=0x0000017579a1ae80, Size=632, Default__GameInfoInstance_C Function /Game/Blueprints/AllLevels/GameInfoInstance.GameInfoInstance_C:ExecuteUbergraph_GameInfoInstance
[2018.07.24-23.32.11:094][  0]LogUObjectGlobals: Created PersistentFrame Addr=0x0000017507141648, Size=40, Default__ErrorDialog_C Function /Game/UI/MainMenu/ErrorDialog.ErrorDialog_C:ExecuteUbergraph_ErrorDialog
[2018.07.24-23.32.11:111][  0]LogUObjectGlobals: Created PersistentFrame Addr=0x00000175084edb40, Size=96, Default__HostMenu_C Function /Game/UI/MainMenu/HostMenu.HostMenu_C:ExecuteUbergraph_HostMenu
[2018.07.24-23.32.11:124][  0]LogUObjectGlobals: Created PersistentFrame Addr=0x00000175799ded80, Size=64, Default__MainMenu_C Function /Game/UI/MainMenu/MainMenu.MainMenu_C:ExecuteUbergraph_MainMenu
[2018.07.24-23.32.11:172][  0]LogUObjectGlobals: Created PersistentFrame Addr=0x00000175799ceb70, Size=104, Default__OptionsMenu_C Function /Game/UI/MainMenu/OptionsMenu.OptionsMenu_C:ExecuteUbergraph_OptionsMenu
[2018.07.24-23.32.11:187][  0]LogUObjectGlobals: Created PersistentFrame Addr=0x000001757999b100, Size=608, Default__ServerMenu_C Function /Game/UI/MainMenu/ServerMenu.ServerMenu_C:ExecuteUbergraph_ServerMenu
[2018.07.24-23.32.11:296][  0]LogUObjectGlobals: Destroyed PersistentFrame Addr=0x0000017579a1ae80, Size=632
[2018.07.24-23.32.11:296][  0]LogUObjectGlobals: Created PersistentFrame Addr=0x000001750840b380, Size=632, Default__GameInfoInstance_C Function /Engine/Transient.REINST_GameInfoInstance_C_2:ExecuteUbergraph_GameInfoInstance
[2018.07.24-23.32.11:296][  0]LogUObjectGlobals: Destroyed PersistentFrame Addr=0x0000017507141648, Size=40
[2018.07.24-23.32.11:297][  0]LogUObjectGlobals: Created PersistentFrame Addr=0x00000175798fa098, Size=40, Default__ErrorDialog_C Function /Engine/Transient.REINST_ErrorDialog_C_0:ExecuteUbergraph_ErrorDialog
[2018.07.24-23.32.11:297][  0]LogUObjectGlobals: Destroyed PersistentFrame Addr=0x00000175084edb40, Size=96
[2018.07.24-23.32.11:297][  0]LogUObjectGlobals: Created PersistentFrame Addr=0x0000017559194c40, Size=96, Default__HostMenu_C Function /Engine/Transient.REINST_HostMenu_C_1:ExecuteUbergraph_HostMenu
[2018.07.24-23.32.11:298][  0]LogUObjectGlobals: Destroyed PersistentFrame Addr=0x00000175799ded80, Size=64
[2018.07.24-23.32.11:298][  0]LogUObjectGlobals: Created PersistentFrame Addr=0x0000017508411240, Size=64, Default__MainMenu_C Function /Engine/Transient.REINST_MainMenu_C_3:ExecuteUbergraph_MainMenu
[2018.07.24-23.32.11:298][  0]LogUObjectGlobals: Destroyed PersistentFrame Addr=0x00000175799ceb70, Size=104
[2018.07.24-23.32.11:298][  0]LogUObjectGlobals: Created PersistentFrame Addr=0x0000017508430170, Size=104, Default__OptionsMenu_C Function /Engine/Transient.REINST_OptionsMenu_C_4:ExecuteUbergraph_OptionsMenu
[2018.07.24-23.32.11:300][  0]LogUObjectGlobals: Destroyed PersistentFrame Addr=0x000001757999b100, Size=608
[2018.07.24-23.32.11:300][  0]LogUObjectGlobals: Created PersistentFrame Addr=0x000001750840ae80, Size=608, Default__ServerMenu_C Function /Engine/Transient.REINST_ServerMenu_C_5:ExecuteUbergraph_ServerMenu
[2018.07.24-23.32.11:388][  0]LogUObjectGlobals: Created PersistentFrame Addr=0x0000017507fe8400, Size=632, Default__GameInfoInstance_C Function /Game/Blueprints/AllLevels/GameInfoInstance.GameInfoInstance_C:ExecuteUbergraph_GameInfoInstance
[2018.07.24-23.32.11:391][  0]LogUObjectGlobals: Created PersistentFrame Addr=0x00000175798fa980, Size=40, Default__ErrorDialog_C Function /Game/UI/MainMenu/ErrorDialog.ErrorDialog_C:ExecuteUbergraph_ErrorDialog
[2018.07.24-23.32.11:395][  0]LogUObjectGlobals: Created PersistentFrame Addr=0x0000017508015c60, Size=96, Default__HostMenu_C Function /Game/UI/MainMenu/HostMenu.HostMenu_C:ExecuteUbergraph_HostMenu
[2018.07.24-23.32.11:399][  0]LogUObjectGlobals: Created PersistentFrame Addr=0x0000017508420100, Size=56, Default__MainMenu_C Function /Game/UI/MainMenu/MainMenu.MainMenu_C:ExecuteUbergraph_MainMenu
[2018.07.24-23.32.11:404][  0]LogUObjectGlobals: Created PersistentFrame Addr=0x0000017507f1d670, Size=104, Default__OptionsMenu_C Function /Game/UI/MainMenu/OptionsMenu.OptionsMenu_C:ExecuteUbergraph_OptionsMenu
[2018.07.24-23.32.11:410][  0]LogUObjectGlobals: Created PersistentFrame Addr=0x0000017507f4e700, Size=592, Default__ServerMenu_C Function /Game/UI/MainMenu/ServerMenu.ServerMenu_C:ExecuteUbergraph_ServerMenu
[2018.07.24-23.32.11:482][  0]LogInit: Display: Game Engine Initialized.
[2018.07.24-23.32.11:483][  0]LogGameplayTags: Display: UGameplayTagsManager::DoneAddingNativeTags. DelegateIsBound: 0
[2018.07.24-23.32.11:483][  0]LogStats: UGameplayTagsManager::ConstructGameplayTagTree: Construct from data asset -  0.000 s
[2018.07.24-23.32.11:483][  0]LogStats: UGameplayTagsManager::ConstructGameplayTagTree: GameplayTagTreeChangedEvent.Broadcast -  0.000 s
[2018.07.24-23.32.11:796][  0]LogInit: Display: Starting Game.
[2018.07.24-23.32.11:796][  0]LogNet: Browse: 127.0.0.1:17777//Game/Maps/MainMenu?Name=Player
[2018.07.24-23.32.11:796][  0]LogOnline: Warning: STEAM: Steam API disabled!
[2018.07.24-23.32.11:796][  0]LogOnline: Display: STEAM: OnlineSubsystemSteam::Shutdown()
[2018.07.24-23.32.11:796][  0]LogTemp: Display: ParseSettings for GameNetDriver
[2018.07.24-23.32.11:797][  0]LogTemp: Display: ParseSettings for IpNetDriver_0
[2018.07.24-23.32.11:797][  0]LogTemp: Display: ParseSettings for PendingNetDriver
[2018.07.24-23.32.11:797][  0]LogInit: WinSock: Socket queue 32768 / 32768
[2018.07.24-23.32.11:798][  0]PacketHandlerLog: Loaded PacketHandler component: Engine.EngineHandlerComponentFactory (StatelessConnectHandlerComponent)
[2018.07.24-23.32.11:798][  0]LogNet: Game client on port 17777, rate 10000
[2018.07.24-23.32.11:880][  0]LogLoad: (Engine Initialization) Total time: 19.21 seconds
[2018.07.24-23.32.11:880][  0]LogLoad: (Engine Initialization) Total Blueprint compile time: 0.00 seconds
[2018.07.24-23.32.11:905][  0]LogContentStreaming: Texture pool size now 1000 MB
[2018.07.24-23.32.12:815][ 23]LogHandshake: SendChallengeResponse. Timestamp: 0.295758, Cookie: 048044098186105071145196173070242100225203105128167068082169
[2018.07.24-23.32.12:832][ 24]LogNetVersion: FPBG 1.0.0.0, NetCL: 3944462, EngineNetVer: 2, GameNetVer: 0 (Checksum: 272724767)
[2018.07.24-23.32.12:832][ 24]LogNet: UPendingNetGame::SendInitialJoin: Sending hello. [UNetConnection] RemoteAddr: 127.0.0.1:17777, Name: IpConnection_0, Driver: PendingNetDriver IpNetDriver_0, IsServer: NO, PC: NULL, Owner: NULL, UniqueId: INVALID
[2018.07.24-23.32.12:866][ 26]LogNet: Welcomed by server (Level: /Game/Maps/MainMenu, Game: /Game/FirstPersonBP/Blueprints/FirstPersonGameMode.FirstPersonGameMode_C)
[2018.07.24-23.32.12:866][ 26]LogLoad: LoadMap: 127.0.0.1:17777//Game/Maps/MainMenu?Name=Player?game=/Game/FirstPersonBP/Blueprints/FirstPersonGameMode.FirstPersonGameMode_C
[2018.07.24-23.32.12:897][ 26]LogUObjectGlobals: Destroyed PersistentFrame Addr=0x000001750840b380, Size=632
[2018.07.24-23.32.12:897][ 26]LogUObjectGlobals: Destroyed PersistentFrame Addr=0x00000175798fa098, Size=40
[2018.07.24-23.32.12:897][ 26]LogUObjectGlobals: Destroyed PersistentFrame Addr=0x0000017559194c40, Size=96
[2018.07.24-23.32.12:897][ 26]LogUObjectGlobals: Destroyed PersistentFrame Addr=0x0000017508411240, Size=64
[2018.07.24-23.32.12:898][ 26]LogUObjectGlobals: Destroyed PersistentFrame Addr=0x0000017508430170, Size=104
[2018.07.24-23.32.12:898][ 26]LogUObjectGlobals: Destroyed PersistentFrame Addr=0x000001750840ae80, Size=608
[2018.07.24-23.32.12:906][ 26]LogUObjectGlobals: Created PersistentFrame Addr=0x0000017507fdf4e0, Size=32, Default__MainMenu_C Function /Game/Maps/MainMenu.MainMenu_C:ExecuteUbergraph_MainMenu
[2018.07.24-23.32.12:908][ 26]LogUObjectGlobals: Destroyed PersistentFrame Addr=0x0000017507fdf4e0, Size=32
[2018.07.24-23.32.12:908][ 26]LogUObjectGlobals: Created PersistentFrame Addr=0x0000017507fdf4e0, Size=32, Default__MainMenu_C Function /Engine/Transient.REINST_MainMenu_C_13:ExecuteUbergraph_MainMenu
[2018.07.24-23.32.12:910][ 26]LogUObjectGlobals: Created PersistentFrame Addr=0x0000017507fdc2c0, Size=32, Default__MainMenu_C Function /Game/Maps/MainMenu.MainMenu_C:ExecuteUbergraph_MainMenu
[2018.07.24-23.32.12:938][ 26]LogAIModule: Creating AISystem for world MainMenu
[2018.07.24-23.32.12:938][ 26]LogTemp: Display: ParseSettings for GameNetDriver
[2018.07.24-23.32.12:941][ 26]LogWorld: Bringing World /Game/Maps/MainMenu.MainMenu up for play (max tick rate 0) at 2018.07.25-00.32.12
[2018.07.24-23.32.12:941][ 26]LogWorld: Bringing up level for play took: 0.000825
[2018.07.24-23.32.12:942][ 26]LogLoad: Took 0.075899 seconds to LoadMap(/Game/Maps/MainMenu)
[2018.07.24-23.32.13:115][ 27]LogRenderer: Reallocating scene render targets to support 1024x768 Format 10 NumSamples 1 (Frame:1).
[2018.07.24-23.32.13:194][ 27]LogUObjectGlobals: Created PersistentFrame Addr=0x0000017507f40288, Size=52, Default__FirstPersonHUD_C Function /Game/FirstPersonBP/Blueprints/FirstPersonHUD.FirstPersonHUD_C:ExecuteUbergraph_FirstPersonHUD
[2018.07.24-23.32.13:205][ 27]LogUObjectGlobals: Destroyed PersistentFrame Addr=0x0000017507f40288, Size=52
[2018.07.24-23.32.13:205][ 27]LogUObjectGlobals: Created PersistentFrame Addr=0x0000017507f40288, Size=52, Default__FirstPersonHUD_C Function /Engine/Transient.REINST_FirstPersonHUD_C_15:ExecuteUbergraph_FirstPersonHUD
[2018.07.24-23.32.13:211][ 27]LogUObjectGlobals: Created PersistentFrame Addr=0x0000017508421a28, Size=52, Default__FirstPersonHUD_C Function /Game/FirstPersonBP/Blueprints/FirstPersonHUD.FirstPersonHUD_C:ExecuteUbergraph_FirstPersonHUD
[2018.07.24-23.32.13:262][ 27]LogUObjectGlobals: Created PersistentFrame Addr=0x0000017506110a00, Size=688, Default__FirstPersonCharacter_C Function /Game/FirstPersonBP/Blueprints/FirstPersonCharacter.FirstPersonCharacter_C:ExecuteUbergraph_FirstPersonCharacter
[2018.07.24-23.32.13:268][ 27]LogUObjectGlobals: Created PersistentFrame Addr=0x0000017507f44800, Size=256, Default__FirstPersonProjectile_C Function /Game/FirstPersonBP/Blueprints/FirstPersonProjectile.FirstPersonProjectile_C:ExecuteUbergraph_FirstPersonProjectile
[2018.07.24-23.32.13:320][ 27]LogUObjectGlobals: Created PersistentFrame Addr=0x0000017508056ca0, Size=72, Default__FirstPerson_AnimBP_C Function /Game/FirstPerson/Animations/FirstPerson_AnimBP.FirstPerson_AnimBP_C:ExecuteUbergraph_FirstPerson_AnimBP
[2018.07.24-23.32.13:426][ 27]LogUObjectGlobals: Destroyed PersistentFrame Addr=0x0000017508056ca0, Size=72
[2018.07.24-23.32.13:426][ 27]LogUObjectGlobals: Created PersistentFrame Addr=0x00000175799ad7b0, Size=72, Default__FirstPerson_AnimBP_C Function /Engine/Transient.REINST_FirstPerson_AnimBP_C_0:ExecuteUbergraph_FirstPerson_AnimBP
[2018.07.24-23.32.13:428][ 27]LogUObjectGlobals: Destroyed PersistentFrame Addr=0x0000017507f44800, Size=256
[2018.07.24-23.32.13:428][ 27]LogUObjectGlobals: Created PersistentFrame Addr=0x0000017507f44800, Size=256, Default__FirstPersonProjectile_C Function /Engine/Transient.REINST_FirstPersonProjectile_C_17:ExecuteUbergraph_FirstPersonProjectile
[2018.07.24-23.32.13:431][ 27]LogUObjectGlobals: Destroyed PersistentFrame Addr=0x0000017506110a00, Size=688
[2018.07.24-23.32.13:431][ 27]LogUObjectGlobals: Created PersistentFrame Addr=0x0000017510249f00, Size=688, Default__FirstPersonCharacter_C Function /Engine/Transient.REINST_FirstPersonCharacter_C_18:ExecuteUbergraph_FirstPersonCharacter
[2018.07.24-23.32.13:483][ 27]LogUObjectGlobals: Created PersistentFrame Addr=0x00000175101df300, Size=64, Default__FirstPerson_AnimBP_C Function /Game/FirstPerson/Animations/FirstPerson_AnimBP.FirstPerson_AnimBP_C:ExecuteUbergraph_FirstPerson_AnimBP
[2018.07.24-23.32.13:485][ 27]LogUObjectGlobals: Created PersistentFrame Addr=0x0000017507fa4100, Size=256, Default__FirstPersonProjectile_C Function /Game/FirstPersonBP/Blueprints/FirstPersonProjectile.FirstPersonProjectile_C:ExecuteUbergraph_FirstPersonProjectile
[2018.07.24-23.32.13:491][ 27]LogUObjectGlobals: Created PersistentFrame Addr=0x00000175101db100, Size=688, Default__FirstPersonCharacter_C Function /Game/FirstPersonBP/Blueprints/FirstPersonCharacter.FirstPersonCharacter_C:ExecuteUbergraph_FirstPersonCharacter
[2018.07.24-23.32.13:848][ 27]LogSkeletalMesh: Skeletal Mesh found in DDC [8.280026ms] /Game/FirstPerson/FPWeapon/Mesh/SK_FPGun.SK_FPGun
[2018.07.24-23.32.13:872][ 27]LogSkeletalMesh: Skeletal Mesh found in DDC [21.365004ms] /Game/FirstPerson/Character/Mesh/SK_Mannequin_Arms.SK_Mannequin_Arms
[2018.07.24-23.32.13:894][ 27]LogOnline: Warning: OSS: No game present to join for session (GameSession)
[2018.07.24-23.32.13:895][ 27]LogOnline: Warning: OSS: No game present to join for session (GameSession)
[2018.07.24-23.32.55:313][327]LogSlate: FSceneViewport::OnFocusLost() reason 0
[2018.07.24-23.32.55:396][331]LogSlate: Took 0.001078 seconds to synchronously load lazily loaded font '../../../Engine/Content/Slate/Fonts/Roboto-Regular.ttf' (155K)
[2018.07.24-23.32.57:531][449]LogPackageName: SearchForPackageOnDisk took   0.234s to resolve Lobby.umap.
[2018.07.24-23.32.57:750][449]LogPackageName: SearchForPackageOnDisk took   0.217s to resolve Lobby.umap.
[2018.07.24-23.32.57:750][449]LogNet: Browse: /Game/Maps/Lobby?listen
[2018.07.24-23.32.57:751][449]LogLoad: LoadMap: /Game/Maps/Lobby?listen
[2018.07.24-23.32.57:751][449]LogNet: World NetDriver shutdown IpNetDriver_0 [GameNetDriver]
[2018.07.24-23.32.57:751][449]LogNet: DestroyNamedNetDriver IpNetDriver_0 [GameNetDriver]
[2018.07.24-23.32.57:751][449]LogNet: UNetConnection::Close: [UNetConnection] RemoteAddr: 127.0.0.1:17777, Name: IpConnection_0, Driver: GameNetDriver IpNetDriver_0, IsServer: NO, PC: PlayerController_1, Owner: PlayerController_1, UniqueId: Q6600-30F3A80D4D9BBD684525A888038304F1, Channels: 10, Time: 2018.07.24-23.32.57
[2018.07.24-23.32.57:751][449]LogNet: UChannel::Close: Sending CloseBunch. ChIndex == 0. Name: [UChannel] ChIndex: 0, Closing: 0 [UNetConnection] RemoteAddr: 127.0.0.1:17777, Name: IpConnection_0, Driver: GameNetDriver IpNetDriver_0, IsServer: NO, PC: PlayerController_1, Owner: PlayerController_1, UniqueId: Q6600-30F3A80D4D9BBD684525A888038304F1
[2018.07.24-23.32.57:752][449]LogExit: GameNetDriver IpNetDriver_0 shut down
[2018.07.24-23.32.57:792][449]LogUObjectGlobals: Destroyed PersistentFrame Addr=0x00000175799ad7b0, Size=72
[2018.07.24-23.32.57:792][449]LogUObjectGlobals: Destroyed PersistentFrame Addr=0x0000017507f44800, Size=256
[2018.07.24-23.32.57:792][449]LogUObjectGlobals: Destroyed PersistentFrame Addr=0x0000017510249f00, Size=688
[2018.07.24-23.32.57:792][449]LogUObjectGlobals: Destroyed PersistentFrame Addr=0x0000017508421a28, Size=52
[2018.07.24-23.32.57:792][449]LogUObjectGlobals: Destroyed PersistentFrame Addr=0x0000017507f40288, Size=52
[2018.07.24-23.32.57:792][449]LogUObjectGlobals: Destroyed PersistentFrame Addr=0x0000017507fdc2c0, Size=32
[2018.07.24-23.32.57:792][449]LogUObjectGlobals: Destroyed PersistentFrame Addr=0x0000017507fdf4e0, Size=32
[2018.07.24-23.32.57:793][449]LogUObjectGlobals: Destroyed PersistentFrame Addr=0x00000175101df300, Size=64
[2018.07.24-23.32.57:794][449]LogUObjectGlobals: Destroyed PersistentFrame Addr=0x0000017507fa4100, Size=256
[2018.07.24-23.32.57:794][449]LogUObjectGlobals: Destroyed PersistentFrame Addr=0x00000175101db100, Size=688
[2018.07.24-23.32.58:013][449]LogUObjectGlobals: Created PersistentFrame Addr=0x0000017507efe080, Size=832, Default__LobbyGM_C Function /Game/Blueprints/Lobby/LobbyGM.LobbyGM_C:ExecuteUbergraph_LobbyGM
[2018.07.24-23.32.58:021][449]LogUObjectGlobals: Created PersistentFrame Addr=0x000001757f917400, Size=656, Default__0_Base_C Function /Game/Blueprints/Characters/0_Base.0_Base_C:ExecuteUbergraph_0_Base
[2018.07.24-23.32.58:024][449]LogUObjectGlobals: Created PersistentFrame Addr=0x0000017507fa7900, Size=256, Default__FirstPersonProjectile_C Function /Game/FirstPersonBP/Blueprints/FirstPersonProjectile.FirstPersonProjectile_C:ExecuteUbergraph_FirstPersonProjectile
[2018.07.24-23.32.58:050][449]LogUObjectGlobals: Created PersistentFrame Addr=0x0000017508055fd0, Size=72, Default__FirstPerson_AnimBP_C Function /Game/FirstPerson/Animations/FirstPerson_AnimBP.FirstPerson_AnimBP_C:ExecuteUbergraph_FirstPerson_AnimBP
[2018.07.24-23.32.58:115][449]LogUObjectGlobals: Created PersistentFrame Addr=0x0000017507ef0100, Size=880, Default__LobbyPC_C Function /Game/Blueprints/Lobby/LobbyPC.LobbyPC_C:ExecuteUbergraph_LobbyPC
[2018.07.24-23.32.58:135][449]LogUObjectGlobals: Created PersistentFrame Addr=0x0000017500b4aac0, Size=320, Default__LobbyMenu_C Function /Game/UI/Lobby/LobbyMenu.LobbyMenu_C:ExecuteUbergraph_LobbyMenu
[2018.07.24-23.32.58:152][449]LogUObjectGlobals: Created PersistentFrame Addr=0x000001757f8320c0, Size=320, Default__ChatWindow_C Function /Game/UI/AllLevels/ChatWindow.ChatWindow_C:ExecuteUbergraph_ChatWindow
[2018.07.24-23.32.58:158][449]LogUObjectGlobals: Created PersistentFrame Addr=0x0000017507ebab00, Size=424, Default__GameplayPC_C Function /Game/Blueprints/Gameplay/GameplayPC.GameplayPC_C:ExecuteUbergraph_GameplayPC
[2018.07.24-23.32.58:164][449]LogUObjectGlobals: Created PersistentFrame Addr=0x000001757f833880, Size=304, Default__GameplayGM_C Function /Game/Blueprints/Gameplay/GameplayGM.GameplayGM_C:ExecuteUbergraph_GameplayGM
[2018.07.24-23.32.58:185][449]LogUObjectGlobals: Created PersistentFrame Addr=0x000001750fd1f3f8, Size=8, Default__TurnPlayerList_C Function /Game/UI/AllLevels/TurnPlayerList.TurnPlayerList_C:ExecuteUbergraph_TurnPlayerList
[2018.07.24-23.32.58:197][449]LogUObjectGlobals: Created PersistentFrame Addr=0x0000017507ecad68, Size=40, Default__TurnPlayerInfo_C Function /Game/UI/AllLevels/TurnPlayerInfo.TurnPlayerInfo_C:ExecuteUbergraph_TurnPlayerInfo
[2018.07.24-23.32.58:206][449]LogUObjectGlobals: Created PersistentFrame Addr=0x0000017575b73e70, Size=80, Default__CharacterSelect_C Function /Game/UI/Lobby/CharacterSelect.CharacterSelect_C:ExecuteUbergraph_CharacterSelect
[2018.07.24-23.32.58:221][449]LogUObjectGlobals: Created PersistentFrame Addr=0x00000175060a5b40, Size=192, Default__GameSettings_C Function /Game/UI/Lobby/GameSettings.GameSettings_C:ExecuteUbergraph_GameSettings
[2018.07.24-23.32.58:225][449]LogUObjectGlobals: Created PersistentFrame Addr=0x00000175082b5700, Size=32, Default__PlayerButton_C Function /Game/UI/Lobby/PlayerButton.PlayerButton_C:ExecuteUbergraph_PlayerButton
[2018.07.24-23.32.58:292][449]LogUObjectGlobals: Created PersistentFrame Addr=0x000001750fd1cf78, Size=4, Default__ConnectedPlayer_C Function /Game/UI/Lobby/ConnectedPlayer.ConnectedPlayer_C:ExecuteUbergraph_ConnectedPlayer
[2018.07.24-23.32.58:326][449]LogUObjectGlobals: Created PersistentFrame Addr=0x0000017510216800, Size=656, Default__Character_1_C Function /Game/Blueprints/Characters/0_Base.0_Base_C:ExecuteUbergraph_0_Base
[2018.07.24-23.32.58:331][449]LogUObjectGlobals: Created PersistentFrame Addr=0x0000017510217a00, Size=656, Default__Character_2_C Function /Game/Blueprints/Characters/0_Base.0_Base_C:ExecuteUbergraph_0_Base
[2018.07.24-23.32.58:339][449]LogUObjectGlobals: Created PersistentFrame Addr=0x0000017510215000, Size=656, Default__Character_3_C Function /Game/Blueprints/Characters/0_Base.0_Base_C:ExecuteUbergraph_0_Base
[2018.07.24-23.32.58:345][449]LogUObjectGlobals: Created PersistentFrame Addr=0x0000017510214a00, Size=656, Default__Character_4_C Function /Game/Blueprints/Characters/0_Base.0_Base_C:ExecuteUbergraph_0_Base
[2018.07.24-23.32.58:352][449]LogUObjectGlobals: Created PersistentFrame Addr=0x0000017510215c00, Size=656, Default__Character_5_C Function /Game/Blueprints/Characters/0_Base.0_Base_C:ExecuteUbergraph_0_Base
[2018.07.24-23.32.58:359][449]LogUObjectGlobals: Created PersistentFrame Addr=0x0000017510669c00, Size=656, Default__Character_6_C Function /Game/Blueprints/Characters/0_Base.0_Base_C:ExecuteUbergraph_0_Base
[2018.07.24-23.32.58:461][449]LogUObjectGlobals: Destroyed PersistentFrame Addr=0x0000017508055fd0, Size=72
[2018.07.24-23.32.58:461][449]LogUObjectGlobals: Created PersistentFrame Addr=0x000001750571d990, Size=72, Default__FirstPerson_AnimBP_C Function /Engine/Transient.REINST_FirstPerson_AnimBP_C_1:ExecuteUbergraph_FirstPerson_AnimBP
[2018.07.24-23.32.58:462][449]LogUObjectGlobals: Destroyed PersistentFrame Addr=0x0000017507fa7900, Size=256
[2018.07.24-23.32.58:462][449]LogUObjectGlobals: Created PersistentFrame Addr=0x0000017507f44400, Size=256, Default__FirstPersonProjectile_C Function /Engine/Transient.REINST_FirstPersonProjectile_C_27:ExecuteUbergraph_FirstPersonProjectile
[2018.07.24-23.32.58:463][449]LogUObjectGlobals: Destroyed PersistentFrame Addr=0x000001757f917400, Size=656
[2018.07.24-23.32.58:463][449]LogUObjectGlobals: Created PersistentFrame Addr=0x000001750060a200, Size=656, Default__0_Base_C Function /Engine/Transient.REINST_0_Base_C_28:ExecuteUbergraph_0_Base
[2018.07.24-23.32.58:464][449]LogUObjectGlobals: Destroyed PersistentFrame Addr=0x0000017575b73e70, Size=80
[2018.07.24-23.32.58:464][449]LogUObjectGlobals: Created PersistentFrame Addr=0x000001750571c7c0, Size=80, Default__CharacterSelect_C Function /Engine/Transient.REINST_CharacterSelect_C_6:ExecuteUbergraph_CharacterSelect
[2018.07.24-23.32.58:465][449]LogUObjectGlobals: Destroyed PersistentFrame Addr=0x000001757f8320c0, Size=320
[2018.07.24-23.32.58:465][449]LogUObjectGlobals: Created PersistentFrame Addr=0x000001750fe97100, Size=320, Default__ChatWindow_C Function /Engine/Transient.REINST_ChatWindow_C_8:ExecuteUbergraph_ChatWindow
[2018.07.24-23.32.58:466][449]LogUObjectGlobals: Destroyed PersistentFrame Addr=0x000001750fd1cf78, Size=4
[2018.07.24-23.32.58:466][449]LogUObjectGlobals: Created PersistentFrame Addr=0x00000175083db4e8, Size=4, Default__ConnectedPlayer_C Function /Engine/Transient.REINST_ConnectedPlayer_C_9:ExecuteUbergraph_ConnectedPlayer
[2018.07.24-23.32.58:468][449]LogUObjectGlobals: Destroyed PersistentFrame Addr=0x0000017507ebab00, Size=424
[2018.07.24-23.32.58:468][449]LogUObjectGlobals: Created PersistentFrame Addr=0x0000017505721ec0, Size=424, Default__GameplayPC_C Function /Engine/Transient.REINST_GameplayPC_C_29:ExecuteUbergraph_GameplayPC
[2018.07.24-23.32.58:470][449]LogUObjectGlobals: Destroyed PersistentFrame Addr=0x00000175060a5b40, Size=192
[2018.07.24-23.32.58:470][449]LogUObjectGlobals: Created PersistentFrame Addr=0x000001750fe45900, Size=192, Default__GameSettings_C Function /Engine/Transient.REINST_GameSettings_C_11:ExecuteUbergraph_GameSettings
[2018.07.24-23.32.58:473][449]LogUObjectGlobals: Destroyed PersistentFrame Addr=0x0000017500b4aac0, Size=320
[2018.07.24-23.32.58:473][449]LogUObjectGlobals: Created PersistentFrame Addr=0x000001750fe97380, Size=320, Default__LobbyMenu_C Function /Engine/Transient.REINST_LobbyMenu_C_12:ExecuteUbergraph_LobbyMenu
[2018.07.24-23.32.58:475][449]LogUObjectGlobals: Destroyed PersistentFrame Addr=0x0000017507ef0100, Size=880
[2018.07.24-23.32.58:475][449]LogUObjectGlobals: Created PersistentFrame Addr=0x0000017505704800, Size=880, Default__LobbyPC_C Function /Engine/Transient.REINST_LobbyPC_C_30:ExecuteUbergraph_LobbyPC
[2018.07.24-23.32.58:475][449]LogUObjectGlobals: Destroyed PersistentFrame Addr=0x00000175082b5700, Size=32
[2018.07.24-23.32.58:475][449]LogUObjectGlobals: Created PersistentFrame Addr=0x000001751fd77360, Size=32, Default__PlayerButton_C Function /Engine/Transient.REINST_PlayerButton_C_13:ExecuteUbergraph_PlayerButton
[2018.07.24-23.32.58:476][449]LogUObjectGlobals: Destroyed PersistentFrame Addr=0x0000017507ecad68, Size=40
[2018.07.24-23.32.58:476][449]LogUObjectGlobals: Created PersistentFrame Addr=0x00000175056411e8, Size=40, Default__TurnPlayerInfo_C Function /Engine/Transient.REINST_TurnPlayerInfo_C_14:ExecuteUbergraph_TurnPlayerInfo
[2018.07.24-23.32.58:476][449]LogUObjectGlobals: Destroyed PersistentFrame Addr=0x000001750fd1f3f8, Size=8
[2018.07.24-23.32.58:476][449]LogUObjectGlobals: Created PersistentFrame Addr=0x00000175083dace0, Size=8, Default__TurnPlayerList_C Function /Engine/Transient.REINST_TurnPlayerList_C_15:ExecuteUbergraph_TurnPlayerList
[2018.07.24-23.32.58:476][449]LogUObjectGlobals: Destroyed PersistentFrame Addr=0x0000017510216800, Size=656
[2018.07.24-23.32.58:476][449]LogUObjectGlobals: Created PersistentFrame Addr=0x000001751f1bf700, Size=656, Default__Character_1_C Function /Engine/Transient.REINST_0_Base_C_28:ExecuteUbergraph_0_Base
[2018.07.24-23.32.58:476][449]LogUObjectGlobals: Destroyed PersistentFrame Addr=0x0000017510217a00, Size=656
[2018.07.24-23.32.58:477][449]LogUObjectGlobals: Created PersistentFrame Addr=0x000001751f1bf400, Size=656, Default__Character_2_C Function /Engine/Transient.REINST_0_Base_C_28:ExecuteUbergraph_0_Base
[2018.07.24-23.32.58:477][449]LogUObjectGlobals: Destroyed PersistentFrame Addr=0x0000017510215000, Size=656
[2018.07.24-23.32.58:477][449]LogUObjectGlobals: Created PersistentFrame Addr=0x000001751f1bee00, Size=656, Default__Character_3_C Function /Engine/Transient.REINST_0_Base_C_28:ExecuteUbergraph_0_Base
[2018.07.24-23.32.58:477][449]LogUObjectGlobals: Destroyed PersistentFrame Addr=0x0000017510214a00, Size=656
[2018.07.24-23.32.58:477][449]LogUObjectGlobals: Created PersistentFrame Addr=0x000001751f1be800, Size=656, Default__Character_4_C Function /Engine/Transient.REINST_0_Base_C_28:ExecuteUbergraph_0_Base
[2018.07.24-23.32.58:477][449]LogUObjectGlobals: Destroyed PersistentFrame Addr=0x0000017510215c00, Size=656
[2018.07.24-23.32.58:477][449]LogUObjectGlobals: Created PersistentFrame Addr=0x000001751f1be500, Size=656, Default__Character_5_C Function /Engine/Transient.REINST_0_Base_C_28:ExecuteUbergraph_0_Base
[2018.07.24-23.32.58:478][449]LogUObjectGlobals: Destroyed PersistentFrame Addr=0x0000017510669c00, Size=656
[2018.07.24-23.32.58:478][449]LogUObjectGlobals: Created PersistentFrame Addr=0x000001751f1be200, Size=656, Default__Character_6_C Function /Engine/Transient.REINST_0_Base_C_28:ExecuteUbergraph_0_Base
[2018.07.24-23.32.58:478][449]LogUObjectGlobals: Destroyed PersistentFrame Addr=0x000001757f833880, Size=304
[2018.07.24-23.32.58:479][449]LogUObjectGlobals: Created PersistentFrame Addr=0x000001750fe97ec0, Size=304, Default__GameplayGM_C Function /Engine/Transient.REINST_GameplayGM_C_37:ExecuteUbergraph_GameplayGM
[2018.07.24-23.32.58:480][449]LogUObjectGlobals: Destroyed PersistentFrame Addr=0x0000017507efe080, Size=832
[2018.07.24-23.32.58:480][449]LogUObjectGlobals: Created PersistentFrame Addr=0x000001751f1a7c80, Size=832, Default__LobbyGM_C Function /Engine/Transient.REINST_LobbyGM_C_38:ExecuteUbergraph_LobbyGM
[2018.07.24-23.32.58:658][449]LogUObjectGlobals: Created PersistentFrame Addr=0x00000175217b5840, Size=64, Default__FirstPerson_AnimBP_C Function /Game/FirstPerson/Animations/FirstPerson_AnimBP.FirstPerson_AnimBP_C:ExecuteUbergraph_FirstPerson_AnimBP
[2018.07.24-23.32.58:659][449]LogUObjectGlobals: Created PersistentFrame Addr=0x0000017521563300, Size=256, Default__FirstPersonProjectile_C Function /Game/FirstPersonBP/Blueprints/FirstPersonProjectile.FirstPersonProjectile_C:ExecuteUbergraph_FirstPersonProjectile
[2018.07.24-23.32.58:664][449]LogUObjectGlobals: Created PersistentFrame Addr=0x0000017521567700, Size=656, Default__0_Base_C Function /Game/Blueprints/Characters/0_Base.0_Base_C:ExecuteUbergraph_0_Base
[2018.07.24-23.32.58:670][449]LogUObjectGlobals: Created PersistentFrame Addr=0x000001752152dfd0, Size=80, Default__CharacterSelect_C Function /Game/UI/Lobby/CharacterSelect.CharacterSelect_C:ExecuteUbergraph_CharacterSelect
[2018.07.24-23.32.58:673][449]LogUObjectGlobals: Created PersistentFrame Addr=0x00000175215b5d00, Size=320, Default__ChatWindow_C Function /Game/UI/AllLevels/ChatWindow.ChatWindow_C:ExecuteUbergraph_ChatWindow
[2018.07.24-23.32.58:674][449]LogUObjectGlobals: Created PersistentFrame Addr=0x00000175219569a0, Size=4, Default__ConnectedPlayer_C Function /Game/UI/Lobby/ConnectedPlayer.ConnectedPlayer_C:ExecuteUbergraph_ConnectedPlayer
[2018.07.24-23.32.58:679][449]LogUObjectGlobals: Created PersistentFrame Addr=0x000001752150b740, Size=424, Default__GameplayPC_C Function /Game/Blueprints/Gameplay/GameplayPC.GameplayPC_C:ExecuteUbergraph_GameplayPC
[2018.07.24-23.32.58:687][449]LogUObjectGlobals: Created PersistentFrame Addr=0x00000175214e1240, Size=192, Default__GameSettings_C Function /Game/UI/Lobby/GameSettings.GameSettings_C:ExecuteUbergraph_GameSettings
[2018.07.24-23.32.58:695][449]LogUObjectGlobals: Created PersistentFrame Addr=0x00000175215b5800, Size=320, Default__LobbyMenu_C Function /Game/UI/Lobby/LobbyMenu.LobbyMenu_C:ExecuteUbergraph_LobbyMenu
[2018.07.24-23.32.58:705][449]LogUObjectGlobals: Created PersistentFrame Addr=0x0000017521466b00, Size=880, Default__LobbyPC_C Function /Game/Blueprints/Lobby/LobbyPC.LobbyPC_C:ExecuteUbergraph_LobbyPC
[2018.07.24-23.32.58:707][449]LogUObjectGlobals: Created PersistentFrame Addr=0x000001752141b140, Size=32, Default__PlayerButton_C Function /Game/UI/Lobby/PlayerButton.PlayerButton_C:ExecuteUbergraph_PlayerButton
[2018.07.24-23.32.58:708][449]LogUObjectGlobals: Created PersistentFrame Addr=0x0000017521999648, Size=40, Default__TurnPlayerInfo_C Function /Game/UI/AllLevels/TurnPlayerInfo.TurnPlayerInfo_C:ExecuteUbergraph_TurnPlayerInfo
[2018.07.24-23.32.58:709][449]LogUObjectGlobals: Created PersistentFrame Addr=0x0000017521956180, Size=8, Default__TurnPlayerList_C Function /Game/UI/AllLevels/TurnPlayerList.TurnPlayerList_C:ExecuteUbergraph_TurnPlayerList
[2018.07.24-23.32.58:710][449]LogUObjectGlobals: Created PersistentFrame Addr=0x00000175213ffa00, Size=656, Default__Character_1_C Function /Game/Blueprints/Characters/0_Base.0_Base_C:ExecuteUbergraph_0_Base
[2018.07.24-23.32.58:710][449]LogUObjectGlobals: Created PersistentFrame Addr=0x00000175213ff400, Size=656, Default__Character_2_C Function /Game/Blueprints/Characters/0_Base.0_Base_C:ExecuteUbergraph_0_Base
[2018.07.24-23.32.58:710][449]LogUObjectGlobals: Created PersistentFrame Addr=0x00000175213ff100, Size=656, Default__Character_3_C Function /Game/Blueprints/Characters/0_Base.0_Base_C:ExecuteUbergraph_0_Base
[2018.07.24-23.32.58:711][449]LogUObjectGlobals: Created PersistentFrame Addr=0x00000175213fe800, Size=656, Default__Character_4_C Function /Game/Blueprints/Characters/0_Base.0_Base_C:ExecuteUbergraph_0_Base
[2018.07.24-23.32.58:711][449]LogUObjectGlobals: Created PersistentFrame Addr=0x00000175213fe200, Size=656, Default__Character_5_C Function /Game/Blueprints/Characters/0_Base.0_Base_C:ExecuteUbergraph_0_Base
[2018.07.24-23.32.58:711][449]LogUObjectGlobals: Created PersistentFrame Addr=0x00000175213fdf00, Size=656, Default__Character_6_C Function /Game/Blueprints/Characters/0_Base.0_Base_C:ExecuteUbergraph_0_Base
[2018.07.24-23.32.58:715][449]LogUObjectGlobals: Created PersistentFrame Addr=0x00000175215b5440, Size=320, Default__GameplayGM_C Function /Game/Blueprints/Gameplay/GameplayGM.GameplayGM_C:ExecuteUbergraph_GameplayGM
[2018.07.24-23.32.58:725][449]LogUObjectGlobals: Created PersistentFrame Addr=0x000001751f1a4480, Size=864, Default__LobbyGM_C Function /Game/Blueprints/Lobby/LobbyGM.LobbyGM_C:ExecuteUbergraph_LobbyGM
[2018.07.24-23.32.59:188][449]LogSkeletalMesh: Skeletal Mesh found in DDC [15.636353ms] /Game/FirstPerson/Character/Mesh/SK_Mannequin_Arms.SK_Mannequin_Arms
[2018.07.24-23.32.59:206][449]LogSkeletalMesh: Skeletal Mesh found in DDC [11.833181ms] /Game/FirstPerson/FPWeapon/Mesh/SK_FPGun.SK_FPGun
[2018.07.24-23.32.59:211][449]LogAIModule: Creating AISystem for world Lobby
[2018.07.24-23.32.59:212][449]LogLoad: Game class is 'LobbyGM_C'
[2018.07.24-23.32.59:212][449]LogOnline: Warning: STEAM: Steam API disabled!
[2018.07.24-23.32.59:212][449]LogOnline: Display: STEAM: OnlineSubsystemSteam::Shutdown()
[2018.07.24-23.32.59:212][449]LogTemp: Display: ParseSettings for GameNetDriver
[2018.07.24-23.32.59:212][449]LogTemp: Display: ParseSettings for IpNetDriver_1
[2018.07.24-23.32.59:213][449]LogTemp: Display: ParseSettings for GameNetDriver
[2018.07.24-23.32.59:213][449]LogInit: WinSock: Socket queue 131072 / 131072
[2018.07.24-23.32.59:213][449]PacketHandlerLog: Loaded PacketHandler component: Engine.EngineHandlerComponentFactory (StatelessConnectHandlerComponent)
[2018.07.24-23.32.59:214][449]LogNet: GameNetDriver IpNetDriver_1 IpNetDriver listening on port 7777
[2018.07.24-23.32.59:218][449]LogWorld: Bringing World /Game/Maps/Lobby.Lobby up for play (max tick rate 0) at 2018.07.25-00.32.59
[2018.07.24-23.32.59:219][449]LogWorld: Bringing up level for play took: 0.003657
[2018.07.24-23.32.59:248][449]LogGameMode: Display: Match State Changed from EnteringMap to WaitingToStart
[2018.07.24-23.32.59:248][449]LogGameState: Match State Changed from EnteringMap to WaitingToStart
[2018.07.24-23.32.59:248][449]LogGameMode: Display: Match State Changed from WaitingToStart to InProgress
[2018.07.24-23.32.59:249][449]LogGameState: Match State Changed from WaitingToStart to InProgress
[2018.07.24-23.32.59:250][449]LogLoad: Took 1.499584 seconds to LoadMap(/Game/Maps/Lobby)
[2018.07.24-23.33.07:811][716]LogNet: NotifyAcceptingConnection accepted from: 192.168.1.42:62207
[2018.07.24-23.33.07:811][716]LogHandshake: SendConnectChallenge. Timestamp: 10.533793, Cookie: 255216249035126222229098214015218101218143120088069186175111
[2018.07.24-23.33.07:841][717]LogNet: NotifyAcceptingConnection accepted from: 192.168.1.42:62207
[2018.07.24-23.33.07:841][717]LogHandshake: SendChallengeAck. InCookie: 255216249035126222229098214015218101218143120088069186175111
[2018.07.24-23.33.07:841][717]LogNet: Server accepting post-challenge connection from: 192.168.1.42:62207
[2018.07.24-23.33.07:842][717]PacketHandlerLog: Loaded PacketHandler component: Engine.EngineHandlerComponentFactory (StatelessConnectHandlerComponent)
[2018.07.24-23.33.07:842][717]LogNet: NotifyAcceptedConnection: Name: Lobby, TimeStamp: 07/25/18 00:33:07, [UNetConnection] RemoteAddr: 192.168.1.42:62207, Name: IpConnection_1, Driver: GameNetDriver IpNetDriver_1, IsServer: YES, PC: NULL, Owner: NULL, UniqueId: INVALID
[2018.07.24-23.33.07:842][717]LogNet: AddClientConnection: Added client connection: [UNetConnection] RemoteAddr: 192.168.1.42:62207, Name: IpConnection_1, Driver: GameNetDriver IpNetDriver_1, IsServer: YES, PC: NULL, Owner: NULL, UniqueId: INVALID
[2018.07.24-23.33.07:873][718]LogNet: NotifyAcceptingChannel Control 0 server World /Game/Maps/Lobby.Lobby: Accepted
[2018.07.24-23.33.07:873][718]LogNet: Remote platform little endian=1
[2018.07.24-23.33.07:873][718]LogNet: This platform little endian=1
[2018.07.24-23.33.07:905][719]LogNet: Login request: /Game/Maps/MainMenu?Name=Q6600-6684FD7E4D41A456FAFDEFA4AAA4B15B userId: Q6600-6684FD7E4D41A456FAFDEFA4AAA4B15B
[2018.07.24-23.33.07:937][720]LogNet: Client netspeed is 10000
[2018.07.24-23.33.09:345][785]LogNet: Join request: /Game/Maps/MainMenu?Name=Q6600-6684FD7E4D41A456FAFDEFA4AAA4B15B?SplitscreenCount=1
[2018.07.24-23.33.09:358][785]LogNet: Join succeeded: Q6600-6684FD7E4D41A4
[2018.07.24-23.33.09:492][790]LogNetPackageMap: Warning: SanityCheckExport: CacheObject == NULL. NetGUID: 1, Object: /Game/FirstPerson/Character/Textures/UE4_LOGO_CARD.UE4_LOGO_CARD, Expected: Character2_Thumbnail
[2018.07.24-23.33.09:492][790]LogNetPackageMap: Warning: SanityCheckExport: Name mismatch. NetGUID: 1, Object: /Game/FirstPerson/Character/Textures/UE4_LOGO_CARD.UE4_LOGO_CARD, Expected: Character2_Thumbnail
[2018.07.24-23.33.09:492][790]LogNetPackageMap: Warning: SanityCheckExport: Outer mismatch. Object: /Game/FirstPerson/Character/Textures/UE4_LOGO_CARD.UE4_LOGO_CARD, NetGUID: 1, Current: /Game/FirstPerson/Character/Textures/UE4_LOGO_CARD, Expected: /Game/Textures/Character2_Thumbnail
[2018.07.24-23.33.11:061][821]LogSlate: FSceneViewport::OnFocusLost() reason 0
[2018.07.24-23.33.11:127][824]PIE: Warning: This widget does not support focus.  If this is a UserWidget, you should set bIsFocusable to true.
[2018.07.24-23.33.12:927][911]LogSlate: FSceneViewport::OnFocusLost() reason 0
[2018.07.24-23.33.14:023][964]LogUObjectGlobals: Destroyed PersistentFrame Addr=0x0000017507f44400, Size=256
[2018.07.24-23.33.14:023][964]LogUObjectGlobals: Destroyed PersistentFrame Addr=0x000001750060a200, Size=656
[2018.07.24-23.33.14:023][964]LogUObjectGlobals: Destroyed PersistentFrame Addr=0x000001751f1a7c80, Size=832
[2018.07.24-23.33.14:024][964]LogUObjectGlobals: Destroyed PersistentFrame Addr=0x000001750571d990, Size=72
[2018.07.24-23.33.14:024][964]LogUObjectGlobals: Destroyed PersistentFrame Addr=0x0000017505704800, Size=880
[2018.07.24-23.33.14:024][964]LogUObjectGlobals: Destroyed PersistentFrame Addr=0x000001750fe97380, Size=320
[2018.07.24-23.33.14:024][964]LogUObjectGlobals: Destroyed PersistentFrame Addr=0x000001750fe97100, Size=320
[2018.07.24-23.33.14:024][964]LogUObjectGlobals: Destroyed PersistentFrame Addr=0x0000017505721ec0, Size=424
[2018.07.24-23.33.14:024][964]LogUObjectGlobals: Destroyed PersistentFrame Addr=0x000001750fe97ec0, Size=304
[2018.07.24-23.33.14:024][964]LogUObjectGlobals: Destroyed PersistentFrame Addr=0x00000175083dace0, Size=8
[2018.07.24-23.33.14:024][964]LogUObjectGlobals: Destroyed PersistentFrame Addr=0x00000175056411e8, Size=40
[2018.07.24-23.33.14:024][964]LogUObjectGlobals: Destroyed PersistentFrame Addr=0x000001750571c7c0, Size=80
[2018.07.24-23.33.14:037][965]LogUObjectGlobals: Destroyed PersistentFrame Addr=0x000001750fe45900, Size=192
[2018.07.24-23.33.14:037][965]LogUObjectGlobals: Destroyed PersistentFrame Addr=0x000001751fd77360, Size=32
[2018.07.24-23.33.14:037][965]LogUObjectGlobals: Destroyed PersistentFrame Addr=0x00000175083db4e8, Size=4
[2018.07.24-23.33.14:037][965]LogUObjectGlobals: Destroyed PersistentFrame Addr=0x000001751f1bf700, Size=656
[2018.07.24-23.33.14:037][965]LogUObjectGlobals: Destroyed PersistentFrame Addr=0x000001751f1bf400, Size=656
[2018.07.24-23.33.14:037][965]LogUObjectGlobals: Destroyed PersistentFrame Addr=0x000001751f1bee00, Size=656
[2018.07.24-23.33.14:037][965]LogUObjectGlobals: Destroyed PersistentFrame Addr=0x000001751f1be800, Size=656
[2018.07.24-23.33.14:037][965]LogUObjectGlobals: Destroyed PersistentFrame Addr=0x000001751f1be500, Size=656
[2018.07.24-23.33.14:037][965]LogUObjectGlobals: Destroyed PersistentFrame Addr=0x000001751f1be200, Size=656
[2018.07.24-23.33.20:431][127]LogGameMode: Display: Match State Changed from InProgress to LeavingMap
[2018.07.24-23.33.20:431][127]LogGameState: Match State Changed from InProgress to LeavingMap
[2018.07.24-23.33.20:437][127]LogGameMode: ProcessServerTravel: /Game/Maps/Map01
[2018.07.24-23.33.20:437][127]LogWorld: SeamlessTravel to: /Game/Maps/Map01
[2018.07.24-23.33.20:506][128]LogAIModule: Creating AISystem for world TravelMap
[2018.07.24-23.33.20:508][128]LogStats:     SeamlessTravel FlushLevelStreaming  -  0.001 s
[2018.07.24-23.33.20:508][128]LogWorld: Bringing World /Game/Maps/TravelMap.TravelMap up for play (max tick rate 0) at 2018.07.25-00.33.20
[2018.07.24-23.33.20:509][128]LogWorld: Bringing up level for play took: 0.000727
[2018.07.24-23.33.20:509][128]LogWorld: Sending NotifyLoadedWorld for LP: LocalPlayer_0 PC: LobbyPC_C_0
[2018.07.24-23.33.20:509][128]LogNet: Verbose: NotifyLoadedWorld Begin
[2018.07.24-23.33.20:509][128]LogNet: VeryVerbose: GetFunctionCallspace Server calling Server function: ServerNotifyLoadedWorld Local
[2018.07.24-23.33.20:509][128]LogNet: Verbose: NotifyLoadedWorld End
[2018.07.24-23.33.20:509][128]LogWorld: StartLoadingDestination to: /Game/Maps/Map01
[2018.07.24-23.33.20:613][131]LogStreaming: Warning: FArchiveAsync2::PrecacheInternal Canceled read for ../../../../UE_Projects/FPBG/Content/Maps/Map01_BuiltData.uasset  Offset = 1151648   Size = 1048576
[2018.07.24-23.33.20:947][136]LogAIModule: Creating AISystem for world Map01
[2018.07.24-23.33.20:947][136]LogLoad: Game class is 'GameplayGM_C'
[2018.07.24-23.33.20:950][136]LogStats:     SeamlessTravel FlushLevelStreaming  -  0.002 s
[2018.07.24-23.33.20:956][136]LogWorld: Bringing World /Game/Maps/Map01.Map01 up for play (max tick rate 0) at 2018.07.25-00.33.20
[2018.07.24-23.33.20:957][136]LogWorld: Bringing up level for play took: 0.007550
[2018.07.24-23.33.20:958][136]LogWorld: Sending NotifyLoadedWorld for LP: LocalPlayer_0 PC: LobbyPC_C_0
[2018.07.24-23.33.20:958][136]LogNet: Verbose: NotifyLoadedWorld Begin
[2018.07.24-23.33.20:958][136]LogNet: VeryVerbose: GetFunctionCallspace Server calling Server function: ServerNotifyLoadedWorld Local
[2018.07.24-23.33.20:958][136]LogNet: Verbose: NotifyLoadedWorld End
[2018.07.24-23.33.20:958][136]LogWorld: ----SeamlessTravel finished in 0.52 seconds ------
[2018.07.24-23.33.20:958][136]LogGameMode: >> GameMode::HandleSeamlessTravelPlayer: LobbyPC_C_0 
[2018.07.24-23.33.20:962][136]LogGameMode: << GameMode::HandleSeamlessTravelPlayer: GameplayPC_C_0
[2018.07.24-23.33.20:962][136]LogGameMode: Display: Match State Changed from EnteringMap to WaitingToStart
[2018.07.24-23.33.20:962][136]LogGameState: Match State Changed from EnteringMap to WaitingToStart
[2018.07.24-23.33.20:962][136]LogGameMode: Display: Match State Changed from WaitingToStart to InProgress
[2018.07.24-23.33.20:981][136]LogGameState: Match State Changed from WaitingToStart to InProgress
[2018.07.24-23.33.21:133][140]LogGameMode: >> GameMode::HandleSeamlessTravelPlayer: LobbyPC_C_1 
[2018.07.24-23.33.21:142][140]LogGameMode: << GameMode::HandleSeamlessTravelPlayer: GameplayPC_C_1
[2018.07.24-23.33.21:247][144]LogScriptCore: Warning: Script Msg: DestroySession - Invalid player state
[2018.07.24-23.33.21:248][144]LogNetPackageMap: Warning: SanityCheckExport: CacheObject == NULL. NetGUID: 1, Object: /Game/FirstPerson/Character/Textures/UE4_LOGO_CARD.UE4_LOGO_CARD, Expected: Character2_Thumbnail
[2018.07.24-23.33.21:248][144]LogNetPackageMap: Warning: SanityCheckExport: Name mismatch. NetGUID: 1, Object: /Game/FirstPerson/Character/Textures/UE4_LOGO_CARD.UE4_LOGO_CARD, Expected: Character2_Thumbnail
[2018.07.24-23.33.21:248][144]LogNetPackageMap: Warning: SanityCheckExport: Outer mismatch. Object: /Game/FirstPerson/Character/Textures/UE4_LOGO_CARD.UE4_LOGO_CARD, NetGUID: 1, Current: /Game/FirstPerson/Character/Textures/UE4_LOGO_CARD, Expected: /Game/Textures/Character2_Thumbnail
[2018.07.24-23.33.31:203][593]LogSlate: FSceneViewport::OnFocusLost() reason 2
[2018.07.24-23.33.45:448][306]Closing by request
[2018.07.24-23.33.45:448][306]LogWindows: FPlatformMisc::RequestExit(0)
[2018.07.24-23.33.45:500][307]LogNet: World NetDriver shutdown IpNetDriver_1 [GameNetDriver]
[2018.07.24-23.33.45:500][307]LogNet: DestroyNamedNetDriver IpNetDriver_1 [GameNetDriver]
[2018.07.24-23.33.45:501][307]LogNet: UNetConnection::Cleanup: Closing open connection. [UNetConnection] RemoteAddr: 192.168.1.42:62207, Name: IpConnection_1, Driver: GameNetDriver IpNetDriver_1, IsServer: YES, PC: GameplayPC_C_1, Owner: GameplayPC_C_1, UniqueId: Q6600-6684FD7E4D41A456FAFDEFA4AAA4B15B
[2018.07.24-23.33.45:501][307]LogNet: UNetConnection::Close: [UNetConnection] RemoteAddr: 192.168.1.42:62207, Name: IpConnection_1, Driver: GameNetDriver IpNetDriver_1, IsServer: YES, PC: GameplayPC_C_1, Owner: GameplayPC_C_1, UniqueId: Q6600-6684FD7E4D41A456FAFDEFA4AAA4B15B, Channels: 11, Time: 2018.07.24-23.33.45
[2018.07.24-23.33.45:501][307]LogNet: UChannel::Close: Sending CloseBunch. ChIndex == 0. Name: [UChannel] ChIndex: 0, Closing: 0 [UNetConnection] RemoteAddr: 192.168.1.42:62207, Name: IpConnection_1, Driver: GameNetDriver IpNetDriver_1, IsServer: YES, PC: GameplayPC_C_1, Owner: GameplayPC_C_1, UniqueId: Q6600-6684FD7E4D41A456FAFDEFA4AAA4B15B
[2018.07.24-23.33.45:501][307]LogExit: GameNetDriver IpNetDriver_1 shut down
[2018.07.24-23.33.45:973][307]LogSlate: Window 'FPBG (64-bit, PCD3D_SM5) ' being destroyed
[2018.07.24-23.33.45:974][307]LogWindowsTextInputMethodSystem: Display: IME system now deactivated.
[2018.07.24-23.33.45:998][307]LogSlate: Slate User Destroyed.  User Index 0, Is Virtual User: 0
[2018.07.24-23.33.45:998][307]LogExit: Preparing to exit.
[2018.07.24-23.33.45:998][307]LogMoviePlayer: Shutting down movie player
[2018.07.24-23.33.46:912][307]LogExit: Game engine shut down
[2018.07.24-23.33.46:933][307]LogUObjectGlobals: Destroyed PersistentFrame Addr=0x0000017507fe8400, Size=632
[2018.07.24-23.33.46:933][307]LogUObjectGlobals: Destroyed PersistentFrame Addr=0x00000175798fa980, Size=40
[2018.07.24-23.33.46:933][307]LogUObjectGlobals: Destroyed PersistentFrame Addr=0x0000017508015c60, Size=96
[2018.07.24-23.33.46:933][307]LogUObjectGlobals: Destroyed PersistentFrame Addr=0x0000017508420100, Size=56
[2018.07.24-23.33.46:933][307]LogUObjectGlobals: Destroyed PersistentFrame Addr=0x0000017507f1d670, Size=104
[2018.07.24-23.33.46:933][307]LogUObjectGlobals: Destroyed PersistentFrame Addr=0x0000017507f4e700, Size=592
[2018.07.24-23.33.46:937][307]LogUObjectGlobals: Destroyed PersistentFrame Addr=0x00000175217b5840, Size=64
[2018.07.24-23.33.46:937][307]LogUObjectGlobals: Destroyed PersistentFrame Addr=0x0000017521563300, Size=256
[2018.07.24-23.33.46:938][307]LogUObjectGlobals: Destroyed PersistentFrame Addr=0x0000017521567700, Size=656
[2018.07.24-23.33.46:938][307]LogUObjectGlobals: Destroyed PersistentFrame Addr=0x000001752152dfd0, Size=80
[2018.07.24-23.33.46:938][307]LogUObjectGlobals: Destroyed PersistentFrame Addr=0x00000175215b5d00, Size=320
[2018.07.24-23.33.46:938][307]LogUObjectGlobals: Destroyed PersistentFrame Addr=0x00000175219569a0, Size=4
[2018.07.24-23.33.46:938][307]LogUObjectGlobals: Destroyed PersistentFrame Addr=0x000001752150b740, Size=424
[2018.07.24-23.33.46:938][307]LogUObjectGlobals: Destroyed PersistentFrame Addr=0x00000175214e1240, Size=192
[2018.07.24-23.33.46:938][307]LogUObjectGlobals: Destroyed PersistentFrame Addr=0x00000175215b5800, Size=320
[2018.07.24-23.33.46:938][307]LogUObjectGlobals: Destroyed PersistentFrame Addr=0x0000017521466b00, Size=880
[2018.07.24-23.33.46:938][307]LogUObjectGlobals: Destroyed PersistentFrame Addr=0x000001752141b140, Size=32
[2018.07.24-23.33.46:938][307]LogUObjectGlobals: Destroyed PersistentFrame Addr=0x0000017521999648, Size=40
[2018.07.24-23.33.46:938][307]LogUObjectGlobals: Destroyed PersistentFrame Addr=0x0000017521956180, Size=8
[2018.07.24-23.33.46:938][307]LogUObjectGlobals: Destroyed PersistentFrame Addr=0x00000175213ffa00, Size=656
[2018.07.24-23.33.46:938][307]LogUObjectGlobals: Destroyed PersistentFrame Addr=0x00000175213ff400, Size=656
[2018.07.24-23.33.46:938][307]LogUObjectGlobals: Destroyed PersistentFrame Addr=0x00000175213ff100, Size=656
[2018.07.24-23.33.46:938][307]LogUObjectGlobals: Destroyed PersistentFrame Addr=0x00000175213fe800, Size=656
[2018.07.24-23.33.46:938][307]LogUObjectGlobals: Destroyed PersistentFrame Addr=0x00000175213fe200, Size=656
[2018.07.24-23.33.46:938][307]LogUObjectGlobals: Destroyed PersistentFrame Addr=0x00000175213fdf00, Size=656
[2018.07.24-23.33.46:938][307]LogUObjectGlobals: Destroyed PersistentFrame Addr=0x00000175215b5440, Size=320
[2018.07.24-23.33.46:938][307]LogUObjectGlobals: Destroyed PersistentFrame Addr=0x000001751f1a4480, Size=864
[2018.07.24-23.33.47:082][307]LogExit: Object subsystem successfully closed.
[2018.07.24-23.33.47:109][307]LogShaderCompilers: Display: Shaders left to compile 0
[2018.07.24-23.33.47:116][307]LogD3D11RHI: Shutdown
[2018.07.24-23.33.47:116][307]LogD3D11RHI: CleanupD3DDevice
[2018.07.24-23.33.47:121][307]LogD3D11RHI: ~FD3D11DynamicRHI
[2018.07.24-23.33.47:134][307]LogModuleManager: Shutting down and abandoning module Voice (338)
[2018.07.24-23.33.47:134][307]LogModuleManager: Shutting down and abandoning module AIModule (334)
[2018.07.24-23.33.47:134][307]LogModuleManager: Shutting down and abandoning module GameplayDebugger (333)
[2018.07.24-23.33.47:135][307]LogModuleManager: Shutting down and abandoning module AITestSuite (331)
[2018.07.24-23.33.47:135][307]LogModuleManager: Shutting down and abandoning module SequenceRecorderSections (328)
[2018.07.24-23.33.47:135][307]LogModuleManager: Shutting down and abandoning module SequenceRecorder (326)
[2018.07.24-23.33.47:135][307]LogModuleManager: Shutting down and abandoning module AutomationController (324)
[2018.07.24-23.33.47:135][307]LogModuleManager: Shutting down and abandoning module AutomationWorker (322)
[2018.07.24-23.33.47:135][307]LogModuleManager: Shutting down and abandoning module WmfMediaFactory (320)
[2018.07.24-23.33.47:135][307]LogModuleManager: Shutting down and abandoning module OpenExrWrapper (318)
[2018.07.24-23.33.47:135][307]LogModuleManager: Shutting down and abandoning module ImgMediaFactory (316)
[2018.07.24-23.33.47:135][307]LogModuleManager: Shutting down and abandoning module AvfMediaFactory (314)
[2018.07.24-23.33.47:135][307]LogModuleManager: Shutting down and abandoning module CharacterAI (312)
[2018.07.24-23.33.47:135][307]LogModuleManager: Shutting down and abandoning module SessionServices (310)
[2018.07.24-23.33.47:135][307]LogModuleManager: Shutting down and abandoning module MovieSceneCapture (308)
[2018.07.24-23.33.47:135][307]LogModuleManager: Shutting down and abandoning module MovieSceneTracks (306)
[2018.07.24-23.33.47:135][307]LogModuleManager: Shutting down and abandoning module MovieScene (304)
[2018.07.24-23.33.47:135][307]LogModuleManager: Shutting down and abandoning module GeometryCache (302)
[2018.07.24-23.33.47:135][307]LogModuleManager: Shutting down and abandoning module GeometryCacheEd (301)
[2018.07.24-23.33.47:135][307]LogModuleManager: Shutting down and abandoning module StreamingPauseRendering (298)
[2018.07.24-23.33.47:135][307]LogModuleManager: Shutting down and abandoning module PortalServices (296)
[2018.07.24-23.33.47:135][307]LogModuleManager: Shutting down and abandoning module PortalRpc (294)
[2018.07.24-23.33.47:135][307]LogModuleManager: Shutting down and abandoning module MessagingRpc (292)
[2018.07.24-23.33.47:135][307]LogModuleManager: Shutting down and abandoning module ProfilerService (290)
[2018.07.24-23.33.47:341][307]LogModuleManager: Shutting down and abandoning module TaskGraph (288)
[2018.07.24-23.33.47:341][307]LogModuleManager: Shutting down and abandoning module SteamVRController (286)
[2018.07.24-23.33.47:342][307]LogModuleManager: Shutting down and abandoning module ProceduralMeshComponent (284)
[2018.07.24-23.33.47:342][307]LogModuleManager: Shutting down and abandoning module OculusInput (282)
[2018.07.24-23.33.47:342][307]LogModuleManager: Shutting down and abandoning module MobilePatchingUtils (280)
[2018.07.24-23.33.47:342][307]LogModuleManager: Shutting down and abandoning module CustomMeshComponent (278)
[2018.07.24-23.33.47:342][307]LogModuleManager: Shutting down and abandoning module CableComponent (276)
[2018.07.24-23.33.47:342][307]LogModuleManager: Shutting down and abandoning module AudioCapture (274)
[2018.07.24-23.33.47:342][307]LogModuleManager: Shutting down and abandoning module ArchVisCharacter (272)
[2018.07.24-23.33.47:342][307]LogModuleManager: Shutting down and abandoning module AndroidPermission (270)
[2018.07.24-23.33.47:342][307]LogModuleManager: Shutting down and abandoning module NUTUnrealEngine4 (268)
[2018.07.24-23.33.47:342][307]LogModuleManager: Shutting down and abandoning module NetcodeUnitTest (266)
[2018.07.24-23.33.47:342][307]LogModuleManager: Shutting down and abandoning module MediaCompositing (264)
[2018.07.24-23.33.47:342][307]LogModuleManager: Shutting down and abandoning module LinearTimecode (262)
[2018.07.24-23.33.47:342][307]LogModuleManager: Shutting down and abandoning module ImgMedia (260)
[2018.07.24-23.33.47:345][307]LogModuleManager: Shutting down and abandoning module HTML5Networking (258)
[2018.07.24-23.33.47:345][307]LogModuleManager: Shutting down and abandoning module DatasmithContent (256)
[2018.07.24-23.33.47:345][307]LogModuleManager: Shutting down and abandoning module CryptoKeysOpenSSL (254)
[2018.07.24-23.33.47:345][307]LogModuleManager: Shutting down and abandoning module CryptoKeys (252)
[2018.07.24-23.33.47:345][307]LogModuleManager: Shutting down and abandoning module VisualStudioSourceCodeAccess (250)
[2018.07.24-23.33.47:345][307]LogModuleManager: Shutting down and abandoning module HotReload (249)
[2018.07.24-23.33.47:346][307]LogModuleManager: Shutting down and abandoning module DirectoryWatcher (248)
[2018.07.24-23.33.47:346][307]LogModuleManager: Shutting down and abandoning module VisualStudioCodeSourceCodeAccess (244)
[2018.07.24-23.33.47:346][307]LogModuleManager: Shutting down and abandoning module UObjectPlugin (242)
[2018.07.24-23.33.47:346][307]LogModuleManager: Shutting down and abandoning module SubversionSourceControl (240)
[2018.07.24-23.33.47:346][307]LogModuleManager: Shutting down and abandoning module PerforceSourceControl (238)
[2018.07.24-23.33.47:346][307]LogModuleManager: Shutting down and abandoning module SourceControl (237)
[2018.07.24-23.33.47:346][307]LogModuleManager: Shutting down and abandoning module CLionSourceCodeAccess (234)
[2018.07.24-23.33.47:346][307]LogModuleManager: Shutting down and abandoning module RuntimePhysXCooking (232)
[2018.07.24-23.33.47:346][307]LogModuleManager: Shutting down and abandoning module PhysXVehiclesEditor (230)
[2018.07.24-23.33.47:346][307]LogModuleManager: Shutting down and abandoning module PhysXVehicles (228)
[2018.07.24-23.33.47:346][307]LogModuleManager: Shutting down and abandoning module LocationServicesBPLibrary (226)
[2018.07.24-23.33.47:346][307]LogModuleManager: Shutting down and abandoning module ImmediatePhysicsEditor (224)
[2018.07.24-23.33.47:346][307]LogModuleManager: Shutting down and abandoning module ImmediatePhysics (222)
[2018.07.24-23.33.47:346][307]LogModuleManager: Shutting down and abandoning module ActorSequence (220)
[2018.07.24-23.33.47:346][307]LogModuleManager: Shutting down and abandoning module UdpMessaging (218)
[2018.07.24-23.33.47:447][307]LogModuleManager: Shutting down and abandoning module TcpMessaging (216)
[2018.07.24-23.33.47:735][307]LogModuleManager: Shutting down and abandoning module GameplayTagsEditor (214)
[2018.07.24-23.33.47:736][307]LogModuleManager: Shutting down and abandoning module FacialAnimation (212)
[2018.07.24-23.33.47:736][307]LogModuleManager: Shutting down and abandoning module DataValidation (210)
[2018.07.24-23.33.47:736][307]LogModuleManager: Shutting down and abandoning module AssetManagerEditor (208)
[2018.07.24-23.33.47:736][307]LogModuleManager: Shutting down and abandoning module TreeMap (207)
[2018.07.24-23.33.47:736][307]LogModuleManager: Shutting down and abandoning module LightPropagationVolumeRuntime (204)
[2018.07.24-23.33.47:736][307]LogModuleManager: Shutting down and abandoning module LiveLink (202)
[2018.07.24-23.33.48:377][307]LogModuleManager: Shutting down and abandoning module Paper2D (200)
[2018.07.24-23.33.48:378][307]LogModuleManager: Shutting down and abandoning module PIEPreviewDeviceProfileSelector (198)
[2018.07.24-23.33.48:378][307]LogModuleManager: Shutting down and abandoning module WindowsMoviePlayer (196)
[2018.07.24-23.33.48:378][307]LogModuleManager: Shutting down and abandoning module WmfMedia (194)
[2018.07.24-23.33.48:379][307]LogModuleManager: Shutting down and abandoning module Media (193)
[2018.07.24-23.33.48:385][307]LogModuleManager: Shutting down and abandoning module PacketHandler (190)
[2018.07.24-23.33.48:386][307]LogModuleManager: Shutting down and abandoning module ClothingSystemEditor (188)
[2018.07.24-23.33.48:386][307]LogModuleManager: Shutting down and abandoning module ClothingSystemRuntime (186)
[2018.07.24-23.33.48:386][307]LogModuleManager: Shutting down and abandoning module MediaAssets (184)
[2018.07.24-23.33.48:386][307]LogModuleManager: Shutting down and abandoning module Overlay (182)
[2018.07.24-23.33.48:386][307]LogModuleManager: Shutting down and abandoning module OverlayEditor (181)
[2018.07.24-23.33.48:386][307]LogModuleManager: Shutting down and abandoning module VREditor (178)
[2018.07.24-23.33.48:386][307]LogModuleManager: Shutting down and abandoning module StringTableEditor (176)
[2018.07.24-23.33.48:386][307]LogModuleManager: Shutting down and abandoning module GameplayTasksEditor (174)
[2018.07.24-23.33.48:386][307]LogModuleManager: Shutting down and abandoning module BehaviorTreeEditor (172)
[2018.07.24-23.33.48:386][307]LogModuleManager: Shutting down and abandoning module FunctionalTesting (170)
[2018.07.24-23.33.48:386][307]LogModuleManager: Shutting down and abandoning module CollisionAnalyzer (168)
[2018.07.24-23.33.48:386][307]LogModuleManager: Shutting down and abandoning module WorkspaceMenuStructure (167)
[2018.07.24-23.33.48:386][307]LogModuleManager: Shutting down and abandoning module UMG (164)
[2018.07.24-23.33.48:386][307]LogModuleManager: Shutting down and abandoning module UMGEditor (163)
[2018.07.24-23.33.48:386][307]LogModuleManager: Shutting down and abandoning module Sequencer (162)
[2018.07.24-23.33.48:386][307]LogModuleManager: Shutting down and abandoning module MessageLog (159)
[2018.07.24-23.33.48:387][307]LogModuleManager: Shutting down and abandoning module SlateReflector (154)
[2018.07.24-23.33.48:387][307]LogModuleManager: Shutting down and abandoning module Slate (152)
[2018.07.24-23.33.48:387][307]LogModuleManager: Shutting down and abandoning module EditorStyle (150)
[2018.07.24-23.33.48:390][307]LogModuleManager: Shutting down and abandoning module MRMesh (148)
[2018.07.24-23.33.48:390][307]LogModuleManager: Shutting down and abandoning module Messaging (146)
[2018.07.24-23.33.48:390][307]LogModuleManager: Shutting down and abandoning module SourceCodeAccess (144)
[2018.07.24-23.33.48:390][307]LogModuleManager: Shutting down and abandoning module HeadMountedDisplay (142)
[2018.07.24-23.33.48:390][307]LogModuleManager: Shutting down and abandoning module XAudio2 (140)
[2018.07.24-23.33.48:390][307]LogModuleManager: Shutting down and abandoning module Networking (138)
[2018.07.24-23.33.48:390][307]LogModuleManager: Shutting down and abandoning module Core (136)
[2018.07.24-23.33.48:390][307]LogModuleManager: Shutting down and abandoning module LevelSequence (134)
[2018.07.24-23.33.48:390][307]LogModuleManager: Shutting down and abandoning module KismetCompiler (132)
[2018.07.24-23.33.48:390][307]LogModuleManager: Shutting down and abandoning module MeshUtilities (130)
[2018.07.24-23.33.48:391][307]LogModuleManager: Shutting down and abandoning module MeshMergeUtilities (129)
[2018.07.24-23.33.48:391][307]LogModuleManager: Shutting down and abandoning module MeshReductionInterface (128)
[2018.07.24-23.33.48:391][307]LogModuleManager: Shutting down and abandoning module SimplygonSwarm (127)
[2018.07.24-23.33.48:391][307]LogModuleManager: Shutting down and abandoning module SimplygonMeshReduction (125)
[2018.07.24-23.33.48:391][307]LogModuleManager: Shutting down and abandoning module QuadricMeshReduction (123)
[2018.07.24-23.33.48:391][307]LogModuleManager: Shutting down and abandoning module MaterialBaking (119)
[2018.07.24-23.33.48:391][307]LogModuleManager: Shutting down and abandoning module DerivedDataCache (114)
[2018.07.24-23.33.48:532][307]LogDerivedDataCache: Shutdown
[2018.07.24-23.33.48:532][307]LogModuleManager: Shutting down and abandoning module XGEController (112)
[2018.07.24-23.33.48:532][307]LogModuleManager: Shutting down and abandoning module TargetPlatform (110)
[2018.07.24-23.33.48:532][307]LogModuleManager: Shutting down and abandoning module VulkanShaderFormat (109)
[2018.07.24-23.33.48:532][307]LogModuleManager: Shutting down and abandoning module ShaderFormatVectorVM (107)
[2018.07.24-23.33.48:532][307]LogModuleManager: Shutting down and abandoning module ShaderFormatOpenGL (105)
[2018.07.24-23.33.48:532][307]LogModuleManager: Shutting down and abandoning module ShaderFormatD3D (103)
[2018.07.24-23.33.48:532][307]LogModuleManager: Shutting down and abandoning module MetalShaderFormat (101)
[2018.07.24-23.33.48:532][307]LogModuleManager: Shutting down and abandoning module TextureFormatUncompressed (99)
[2018.07.24-23.33.48:532][307]LogModuleManager: Shutting down and abandoning module TextureFormatPVR (97)
[2018.07.24-23.33.48:533][307]LogModuleManager: Shutting down and abandoning module TextureFormatDXT (95)
[2018.07.24-23.33.48:533][307]LogModuleManager: Shutting down and abandoning module TextureFormatIntelISPCTexComp (93)
[2018.07.24-23.33.48:533][307]LogModuleManager: Shutting down and abandoning module TextureFormatASTC (91)
[2018.07.24-23.33.48:533][307]LogModuleManager: Shutting down and abandoning module ImageWrapper (90)
[2018.07.24-23.33.48:533][307]LogModuleManager: Shutting down and abandoning module TextureFormatAndroid (87)
[2018.07.24-23.33.48:533][307]LogModuleManager: Shutting down and abandoning module AudioFormatOpus (85)
[2018.07.24-23.33.48:533][307]LogModuleManager: Shutting down and abandoning module AudioFormatOgg (83)
[2018.07.24-23.33.48:533][307]LogModuleManager: Shutting down and abandoning module AudioFormatADPCM (81)
[2018.07.24-23.33.48:533][307]LogModuleManager: Shutting down and abandoning module WindowsTargetPlatform (79)
[2018.07.24-23.33.48:533][307]LogModuleManager: Shutting down and abandoning module WindowsServerTargetPlatform (77)
[2018.07.24-23.33.48:533][307]LogModuleManager: Shutting down and abandoning module WindowsNoEditorTargetPlatform (75)
[2018.07.24-23.33.48:533][307]LogModuleManager: Shutting down and abandoning module WindowsClientTargetPlatform (73)
[2018.07.24-23.33.48:533][307]LogModuleManager: Shutting down and abandoning module InputCore (70)
[2018.07.24-23.33.48:533][307]LogModuleManager: Shutting down and abandoning module Settings (68)
[2018.07.24-23.33.48:533][307]LogModuleManager: Shutting down and abandoning module PhysXCooking (66)
[2018.07.24-23.33.48:533][307]LogModuleManager: Shutting down and abandoning module SteamVR (64)
[2018.07.24-23.33.48:533][307]LogModuleManager: Shutting down and abandoning module OculusHMD (62)
[2018.07.24-23.33.48:533][307]LogModuleManager: Shutting down and abandoning module ExampleDeviceProfileSelector (60)
[2018.07.24-23.33.48:533][307]LogModuleManager: Shutting down and abandoning module AppleARKit (58)
[2018.07.24-23.33.48:534][307]LogModuleManager: Shutting down and abandoning module AugmentedReality (57)
[2018.07.24-23.33.48:534][307]LogModuleManager: Shutting down and abandoning module OnlineBlueprintSupport (54)
[2018.07.24-23.33.48:534][307]LogModuleManager: Shutting down and abandoning module OnlineSubsystem (50)
[2018.07.24-23.33.48:534][307]LogOnline: Display: OSS: FOnlineSubsystemNull::Shutdown()
[2018.07.24-23.33.48:534][307]LogOnline: Display: OSS: FOnlineAsyncTaskManager::Stop() ActiveTask:0000000000000000 Tasks[0/0]
[2018.07.24-23.33.48:535][307]LogOnline: Display: OSS: FOnlineAsyncTaskManager::Exit() started
[2018.07.24-23.33.48:535][307]LogOnline: Display: OSS: FOnlineAsyncTaskManager::Exit() finished
[2018.07.24-23.33.48:535][307]LogModuleManager: Shutting down and abandoning module XMPP (43)
[2018.07.24-23.33.48:535][307]LogModuleManager: Shutting down and abandoning module HTTP (41)
[2018.07.24-23.33.48:563][307]LogModuleManager: Shutting down and abandoning module SSL (40)
[2018.07.24-23.33.48:567][307]LogModuleManager: Shutting down and abandoning module AnimationModifiers (36)
[2018.07.24-23.33.48:567][307]LogModuleManager: Shutting down and abandoning module PropertyEditor (35)
[2018.07.24-23.33.48:567][307]LogModuleManager: Shutting down and abandoning module AudioEditor (32)
[2018.07.24-23.33.48:567][307]LogModuleManager: Shutting down and abandoning module TextureCompressor (30)
[2018.07.24-23.33.48:568][307]LogModuleManager: Shutting down and abandoning module ShaderCore (28)
[2018.07.24-23.33.48:568][307]LogModuleManager: Shutting down and abandoning module Landscape (26)
[2018.07.24-23.33.48:568][307]LogModuleManager: Shutting down and abandoning module SlateRHIRenderer (24)
[2018.07.24-23.33.48:570][307]LogModuleManager: Shutting down and abandoning module OpenGLDrv (22)
[2018.07.24-23.33.48:570][307]LogModuleManager: Shutting down and abandoning module D3D11RHI (20)
[2018.07.24-23.33.48:570][307]LogModuleManager: Shutting down and abandoning module AnimGraphRuntime (18)
[2018.07.24-23.33.48:570][307]LogModuleManager: Shutting down and abandoning module Renderer (16)
[2018.07.24-23.33.48:570][307]LogModuleManager: Shutting down and abandoning module Engine (14)
[2018.07.24-23.33.48:570][307]LogModuleManager: Shutting down and abandoning module CoreUObject (12)
[2018.07.24-23.33.48:570][307]LogModuleManager: Shutting down and abandoning module NetworkFile (10)
[2018.07.24-23.33.48:570][307]LogModuleManager: Shutting down and abandoning module CookedIterativeFile (8)
[2018.07.24-23.33.48:570][307]LogModuleManager: Shutting down and abandoning module StreamingFile (6)
[2018.07.24-23.33.48:570][307]LogModuleManager: Shutting down and abandoning module SandboxFile (4)
[2018.07.24-23.33.48:570][307]LogModuleManager: Shutting down and abandoning module PakFile (2)
[2018.07.24-23.33.48:582][307]LogExit: Exiting.
[2018.07.24-23.33.48:664][307]Log file closed, 07/25/18 00:33:48
