Log file open, 07/22/18 17:48:21
LogWindows: Failed to load 'aqProf.dll' (GetLastError=126)
LogWindows: File 'aqProf.dll' does not exist
LogWindows: Failed to load 'VtuneApi.dll' (GetLastError=126)
LogWindows: File 'VtuneApi.dll' does not exist
LogWindows: Failed to load 'VtuneApi32e.dll' (GetLastError=126)
LogWindows: File 'VtuneApi32e.dll' does not exist
LogInit: Display: Running engine for game: FPBG
LogPlatformFile: Not using cached read wrapper
LogInit: Display: RandInit(-196203372) SRandInit(-196203372).
LogInit: Read version file with build ID '3944462'
LogInit: Overriding engine version to CL 4033788, compatible CL 3944462
LogInit: Registered custom module enumerator with build ID '3944462'
LogTaskGraph: Started task graph with 5 named threads and 14 total threads with 3 sets of task threads.
LogStats: Stats thread started at 0.344673
LogD3D11RHI: Aftermath initialized
LogICUInternationalization: Display: ICU TimeZone Detection - Raw Offset: +0:00, Platform Override: ''
LogModuleManager: Display: Found up-to-date module file ../../../Engine/Plugins/Online/OnlineSubsystemSteam/Binaries/Win64/UE4Editor-OnlineSubsystemSteam.dll (API version 3944462).
LogModuleManager: Display: Found up-to-date module file ../../../Engine/Plugins/Online/OnlineSubsystem/Binaries/Win64/UE4Editor-OnlineSubsystem.dll (API version 3944462).
LogModuleManager: Display: Found up-to-date module file ../../../Engine/Plugins/Online/OnlineSubsystemUtils/Binaries/Win64/UE4Editor-OnlineSubsystemUtils.dll (API version 3944462).
LogModuleManager: Display: Found up-to-date module file ../../../Engine/Plugins/Online/OnlineSubsystemUtils/Binaries/Win64/UE4Editor-OnlineBlueprintSupport.dll (API version 3944462).
LogModuleManager: Display: Found up-to-date module file ../../../Engine/Plugins/2D/Paper2D/Binaries/Win64/UE4Editor-Paper2D.dll (API version 3944462).
LogModuleManager: Display: Found up-to-date module file ../../../Engine/Plugins/2D/Paper2D/Binaries/Win64/UE4Editor-Paper2DEditor.dll (API version 3944462).
LogModuleManager: Display: Found up-to-date module file ../../../Engine/Plugins/2D/Paper2D/Binaries/Win64/UE4Editor-PaperSpriteSheetImporter.dll (API version 3944462).
LogModuleManager: Display: Found up-to-date module file ../../../Engine/Plugins/2D/Paper2D/Binaries/Win64/UE4Editor-PaperTiledImporter.dll (API version 3944462).
LogModuleManager: Display: Found up-to-date module file ../../../Engine/Plugins/2D/Paper2D/Binaries/Win64/UE4Editor-SmartSnapping.dll (API version 3944462).
LogModuleManager: Display: Found up-to-date module file ../../../Engine/Plugins/Blendables/LightPropagationVolume/Binaries/Win64/UE4Editor-LightPropagationVolumeRuntime.dll (API version 3944462).
LogModuleManager: Display: Found up-to-date module file ../../../Engine/Plugins/Blendables/LightPropagationVolume/Binaries/Win64/UE4Editor-LightPropagationVolumeEditor.dll (API version 3944462).
LogModuleManager: Display: Found up-to-date module file ../../../Engine/Plugins/Developer/CLionSourceCodeAccess/Binaries/Win64/UE4Editor-CLionSourceCodeAccess.dll (API version 3944462).
LogModuleManager: Display: Found up-to-date module file ../../../Engine/Plugins/Developer/GitSourceControl/Binaries/Win64/UE4Editor-GitSourceControl.dll (API version 3944462).
LogModuleManager: Display: Found up-to-date module file ../../../Engine/Plugins/Developer/PerforceSourceControl/Binaries/Win64/UE4Editor-PerforceSourceControl.dll (API version 3944462).
LogModuleManager: Display: Found up-to-date module file ../../../Engine/Plugins/Developer/SubversionSourceControl/Binaries/Win64/UE4Editor-SubversionSourceControl.dll (API version 3944462).
LogModuleManager: Display: Found up-to-date module file ../../../Engine/Plugins/Developer/UObjectPlugin/Binaries/Win64/UE4Editor-UObjectPlugin.dll (API version 3944462).
LogModuleManager: Display: Found up-to-date module file ../../../Engine/Plugins/Developer/VisualStudioCodeSourceCodeAccess/Binaries/Win64/UE4Editor-VisualStudioCodeSourceCodeAccess.dll (API version 3944462).
LogModuleManager: Display: Found up-to-date module file ../../../Engine/Plugins/Developer/VisualStudioSourceCodeAccess/Binaries/Win64/UE4Editor-VisualStudioSourceCodeAccess.dll (API version 3944462).
LogModuleManager: Display: Found up-to-date module file ../../../Engine/Plugins/Editor/AssetManagerEditor/Binaries/Win64/UE4Editor-AssetManagerEditor.dll (API version 3944462).
LogModuleManager: Display: Found up-to-date module file ../../../Engine/Plugins/Editor/CryptoKeys/Binaries/Win64/UE4Editor-CryptoKeys.dll (API version 3944462).
LogModuleManager: Display: Found up-to-date module file ../../../Engine/Plugins/Editor/CryptoKeys/Binaries/Win64/UE4Editor-CryptoKeysOpenSSL.dll (API version 3944462).
LogModuleManager: Display: Found up-to-date module file ../../../Engine/Plugins/Editor/DataValidation/Binaries/Win64/UE4Editor-DataValidation.dll (API version 3944462).
LogModuleManager: Display: Found up-to-date module file ../../../Engine/Plugins/Editor/FacialAnimation/Binaries/Win64/UE4Editor-FacialAnimation.dll (API version 3944462).
LogModuleManager: Display: Found up-to-date module file ../../../Engine/Plugins/Editor/FacialAnimation/Binaries/Win64/UE4Editor-FacialAnimationEditor.dll (API version 3944462).
LogModuleManager: Display: Found up-to-date module file ../../../Engine/Plugins/Editor/GameplayTagsEditor/Binaries/Win64/UE4Editor-GameplayTagsEditor.dll (API version 3944462).
LogModuleManager: Display: Found up-to-date module file ../../../Engine/Plugins/Editor/MobileLauncherProfileWizard/Binaries/Win64/UE4Editor-MobileLauncherProfileWizard.dll (API version 3944462).
LogModuleManager: Display: Found up-to-date module file ../../../Engine/Plugins/Editor/PluginBrowser/Binaries/Win64/UE4Editor-PluginBrowser.dll (API version 3944462).
LogModuleManager: Display: Found up-to-date module file ../../../Engine/Plugins/Editor/SpeedTreeImporter/Binaries/Win64/UE4Editor-SpeedTreeImporter.dll (API version 3944462).
LogModuleManager: Display: Found up-to-date module file ../../../Engine/Plugins/Enterprise/DatasmithContent/Binaries/Win64/UE4Editor-DatasmithContent.dll (API version 3944462).
LogModuleManager: Display: Found up-to-date module file ../../../Engine/Plugins/Experimental/AlembicImporter/Binaries/Win64/UE4Editor-AlembicImporter.dll (API version 3944462).
LogModuleManager: Display: Found up-to-date module file ../../../Engine/Plugins/Experimental/AlembicImporter/Binaries/Win64/UE4Editor-AlembicLibrary.dll (API version 3944462).
LogModuleManager: Display: Found up-to-date module file ../../../Engine/Plugins/Experimental/CharacterAI/Binaries/Win64/UE4Editor-CharacterAI.dll (API version 3944462).
LogModuleManager: Display: Found up-to-date module file ../../../Engine/Plugins/Experimental/HTML5Networking/Binaries/Win64/UE4Editor-HTML5Networking.dll (API version 3944462).
LogModuleManager: Display: Found up-to-date module file ../../../Engine/Plugins/Media/AndroidMedia/Binaries/Win64/UE4Editor-AndroidMediaEditor.dll (API version 3944462).
LogModuleManager: Display: Found up-to-date module file ../../../Engine/Plugins/Media/AndroidMedia/Binaries/Win64/UE4Editor-AndroidMediaFactory.dll (API version 3944462).
LogModuleManager: Display: Found up-to-date module file ../../../Engine/Plugins/Media/AvfMedia/Binaries/Win64/UE4Editor-AvfMediaEditor.dll (API version 3944462).
LogModuleManager: Display: Found up-to-date module file ../../../Engine/Plugins/Media/AvfMedia/Binaries/Win64/UE4Editor-AvfMediaFactory.dll (API version 3944462).
LogModuleManager: Display: Found up-to-date module file ../../../Engine/Plugins/Media/AvfMedia/Binaries/Win64/UE4Editor-AvfMediaFactory.dll (API version 3944462).
LogModuleManager: Display: Found up-to-date module file ../../../Engine/Plugins/Media/ImgMedia/Binaries/Win64/UE4Editor-ImgMedia.dll (API version 3944462).
LogModuleManager: Display: Found up-to-date module file ../../../Engine/Plugins/Media/ImgMedia/Binaries/Win64/UE4Editor-ImgMediaEditor.dll (API version 3944462).
LogModuleManager: Display: Found up-to-date module file ../../../Engine/Plugins/Media/ImgMedia/Binaries/Win64/UE4Editor-ImgMediaFactory.dll (API version 3944462).
LogModuleManager: Display: Found up-to-date module file ../../../Engine/Plugins/Media/ImgMedia/Binaries/Win64/UE4Editor-ImgMediaFactory.dll (API version 3944462).
LogModuleManager: Display: Found up-to-date module file ../../../Engine/Plugins/Media/ImgMedia/Binaries/Win64/UE4Editor-OpenExrWrapper.dll (API version 3944462).
LogModuleManager: Display: Found up-to-date module file ../../../Engine/Plugins/Media/LinearTimecode/Binaries/Win64/UE4Editor-LinearTimecode.dll (API version 3944462).
LogModuleManager: Display: Found up-to-date module file ../../../Engine/Plugins/Media/MediaCompositing/Binaries/Win64/UE4Editor-MediaCompositing.dll (API version 3944462).
LogModuleManager: Display: Found up-to-date module file ../../../Engine/Plugins/Media/MediaCompositing/Binaries/Win64/UE4Editor-MediaCompositingEditor.dll (API version 3944462).
LogModuleManager: Display: Found up-to-date module file ../../../Engine/Plugins/Media/MediaPlayerEditor/Binaries/Win64/UE4Editor-MediaPlayerEditor.dll (API version 3944462).
LogModuleManager: Display: Found up-to-date module file ../../../Engine/Plugins/Media/WmfMedia/Binaries/Win64/UE4Editor-WmfMedia.dll (API version 3944462).
LogModuleManager: Display: Found up-to-date module file ../../../Engine/Plugins/Media/WmfMedia/Binaries/Win64/UE4Editor-WmfMediaEditor.dll (API version 3944462).
LogModuleManager: Display: Found up-to-date module file ../../../Engine/Plugins/Media/WmfMedia/Binaries/Win64/UE4Editor-WmfMediaFactory.dll (API version 3944462).
LogModuleManager: Display: Found up-to-date module file ../../../Engine/Plugins/Media/WmfMedia/Binaries/Win64/UE4Editor-WmfMediaFactory.dll (API version 3944462).
LogModuleManager: Display: Found up-to-date module file ../../../Engine/Plugins/Messaging/TcpMessaging/Binaries/Win64/UE4Editor-TcpMessaging.dll (API version 3944462).
LogModuleManager: Display: Found up-to-date module file ../../../Engine/Plugins/Messaging/UdpMessaging/Binaries/Win64/UE4Editor-UdpMessaging.dll (API version 3944462).
LogModuleManager: Display: Found up-to-date module file ../../../Engine/Plugins/MovieScene/ActorSequence/Binaries/Win64/UE4Editor-ActorSequence.dll (API version 3944462).
LogModuleManager: Display: Found up-to-date module file ../../../Engine/Plugins/MovieScene/LevelSequenceEditor/Binaries/Win64/UE4Editor-LevelSequenceEditor.dll (API version 3944462).
LogModuleManager: Display: Found up-to-date module file ../../../Engine/Plugins/MovieScene/MatineeToLevelSequence/Binaries/Win64/UE4Editor-MatineeToLevelSequence.dll (API version 3944462).
LogModuleManager: Display: Found up-to-date module file ../../../Engine/Plugins/NetcodeUnitTest/NetcodeUnitTest/Binaries/Win64/UE4Editor-NetcodeUnitTest.dll (API version 3944462).
LogModuleManager: Display: Found up-to-date module file ../../../Engine/Plugins/NetcodeUnitTest/NUTUnrealEngine4/Binaries/Win64/UE4Editor-NUTUnrealEngine4.dll (API version 3944462).
LogModuleManager: Display: Found up-to-date module file ../../../Engine/Plugins/Runtime/AndroidPermission/Binaries/Win64/UE4Editor-AndroidPermission.dll (API version 3944462).
LogModuleManager: Display: Found up-to-date module file ../../../Engine/Plugins/Online/OnlineSubsystemNull/Binaries/Win64/UE4Editor-OnlineSubsystemNull.dll (API version 3944462).
LogModuleManager: Display: Found up-to-date module file ../../../Engine/Plugins/Runtime/AndroidDeviceProfileSelector/Binaries/Win64/UE4Editor-AndroidDeviceProfileSelector.dll (API version 3944462).
LogModuleManager: Display: Found up-to-date module file ../../../Engine/Plugins/Runtime/AppleARKit/Binaries/Win64/UE4Editor-AppleARKit.dll (API version 3944462).
LogModuleManager: Display: Found up-to-date module file ../../../Engine/Plugins/Runtime/ProceduralMeshComponent/Binaries/Win64/UE4Editor-ProceduralMeshComponent.dll (API version 3944462).
LogModuleManager: Display: Found up-to-date module file ../../../Engine/Plugins/Runtime/ProceduralMeshComponent/Binaries/Win64/UE4Editor-ProceduralMeshComponentEditor.dll (API version 3944462).
LogModuleManager: Display: Found up-to-date module file ../../../Engine/Plugins/Animation/LiveLink/Binaries/Win64/UE4Editor-LiveLink.dll (API version 3944462).
LogModuleManager: Display: Found up-to-date module file ../../../Engine/Plugins/Animation/LiveLink/Binaries/Win64/UE4Editor-LiveLinkEditor.dll (API version 3944462).
LogModuleManager: Display: Found up-to-date module file ../../../Engine/Plugins/Runtime/ArchVisCharacter/Binaries/Win64/UE4Editor-ArchVisCharacter.dll (API version 3944462).
LogModuleManager: Display: Found up-to-date module file ../../../Engine/Plugins/Runtime/AudioCapture/Binaries/Win64/UE4Editor-AudioCapture.dll (API version 3944462).
LogModuleManager: Display: Found up-to-date module file ../../../Engine/Plugins/Runtime/AudioCapture/Binaries/Win64/UE4Editor-AudioCaptureEditor.dll (API version 3944462).
LogModuleManager: Display: Found up-to-date module file ../../../Engine/Plugins/Runtime/CableComponent/Binaries/Win64/UE4Editor-CableComponent.dll (API version 3944462).
LogModuleManager: Display: Found up-to-date module file ../../../Engine/Plugins/Runtime/CustomMeshComponent/Binaries/Win64/UE4Editor-CustomMeshComponent.dll (API version 3944462).
LogModuleManager: Display: Found up-to-date module file ../../../Engine/Plugins/Runtime/ExampleDeviceProfileSelector/Binaries/Win64/UE4Editor-ExampleDeviceProfileSelector.dll (API version 3944462).
LogModuleManager: Display: Found up-to-date module file ../../../Engine/Plugins/Runtime/ImmediatePhysics/Binaries/Win64/UE4Editor-ImmediatePhysics.dll (API version 3944462).
LogModuleManager: Display: Found up-to-date module file ../../../Engine/Plugins/Runtime/ImmediatePhysics/Binaries/Win64/UE4Editor-ImmediatePhysicsEditor.dll (API version 3944462).
LogModuleManager: Display: Found up-to-date module file ../../../Engine/Plugins/Runtime/LocationServicesBPLibrary/Binaries/Win64/UE4Editor-LocationServicesBPLibrary.dll (API version 3944462).
LogModuleManager: Display: Found up-to-date module file ../../../Engine/Plugins/Runtime/MobilePatchingUtils/Binaries/Win64/UE4Editor-MobilePatchingUtils.dll (API version 3944462).
LogModuleManager: Display: Found up-to-date module file ../../../Engine/Plugins/Runtime/Oculus/OculusVR/Binaries/Win64/UE4Editor-OculusHMD.dll (API version 3944462).
LogModuleManager: Display: Found up-to-date module file ../../../Engine/Plugins/Runtime/Oculus/OculusVR/Binaries/Win64/UE4Editor-OculusInput.dll (API version 3944462).
LogModuleManager: Display: Found up-to-date module file ../../../Engine/Plugins/Runtime/Oculus/OculusVR/Binaries/Win64/UE4Editor-OculusEditor.dll (API version 3944462).
LogModuleManager: Display: Found up-to-date module file ../../../Engine/Plugins/Runtime/PhysXVehicles/Binaries/Win64/UE4Editor-PhysXVehicles.dll (API version 3944462).
LogModuleManager: Display: Found up-to-date module file ../../../Engine/Plugins/Runtime/PhysXVehicles/Binaries/Win64/UE4Editor-PhysXVehiclesEditor.dll (API version 3944462).
LogModuleManager: Display: Found up-to-date module file ../../../Engine/Plugins/Runtime/RuntimePhysXCooking/Binaries/Win64/UE4Editor-RuntimePhysXCooking.dll (API version 3944462).
LogModuleManager: Display: Found up-to-date module file ../../../Engine/Plugins/Runtime/Steam/SteamVR/Binaries/Win64/UE4Editor-SteamVR.dll (API version 3944462).
LogModuleManager: Display: Found up-to-date module file ../../../Engine/Plugins/Runtime/Steam/SteamVR/Binaries/Win64/UE4Editor-SteamVRController.dll (API version 3944462).
LogModuleManager: Display: Found up-to-date module file ../../../Engine/Plugins/Runtime/WindowsMoviePlayer/Binaries/Win64/UE4Editor-WindowsMoviePlayer.dll (API version 3944462).
LogPluginManager: Mounting plugin Paper2D
LogPluginManager: Mounting plugin LiveLink
LogPluginManager: Mounting plugin LightPropagationVolume
LogPluginManager: Mounting plugin CLionSourceCodeAccess
LogPluginManager: Mounting plugin CodeLiteSourceCodeAccess
LogPluginManager: Mounting plugin GitSourceControl
LogPluginManager: Mounting plugin KDevelopSourceCodeAccess
LogPluginManager: Mounting plugin NullSourceCodeAccess
LogPluginManager: Mounting plugin PerforceSourceControl
LogPluginManager: Mounting plugin SubversionSourceControl
LogPluginManager: Mounting plugin UObjectPlugin
LogPluginManager: Mounting plugin VisualStudioCodeSourceCodeAccess
LogPluginManager: Mounting plugin VisualStudioSourceCodeAccess
LogPluginManager: Mounting plugin XCodeSourceCodeAccess
LogPluginManager: Mounting plugin AssetManagerEditor
LogPluginManager: Mounting plugin CryptoKeys
LogPluginManager: Mounting plugin DataValidation
LogPluginManager: Mounting plugin FacialAnimation
LogPluginManager: Mounting plugin GameplayTagsEditor
LogPluginManager: Mounting plugin MobileLauncherProfileWizard
LogPluginManager: Mounting plugin PluginBrowser
LogPluginManager: Mounting plugin SpeedTreeImporter
LogPluginManager: Mounting plugin DatasmithContent
LogPluginManager: Mounting plugin AlembicImporter
LogPluginManager: Mounting plugin CharacterAI
LogPluginManager: Mounting plugin HTML5Networking
LogPluginManager: Mounting plugin AndroidMedia
LogPluginManager: Mounting plugin AvfMedia
LogPluginManager: Mounting plugin ImgMedia
LogPluginManager: Mounting plugin LinearTimecode
LogPluginManager: Mounting plugin MediaCompositing
LogPluginManager: Mounting plugin MediaPlayerEditor
LogPluginManager: Mounting plugin WmfMedia
LogPluginManager: Mounting plugin TcpMessaging
LogPluginManager: Mounting plugin UdpMessaging
LogPluginManager: Mounting plugin ActorSequence
LogPluginManager: Mounting plugin LevelSequenceEditor
LogPluginManager: Mounting plugin MatineeToLevelSequence
LogPluginManager: Mounting plugin NetcodeUnitTest
LogPluginManager: Mounting plugin NUTUnrealEngine4
LogPluginManager: Mounting plugin OnlineSubsystemGooglePlay
LogPluginManager: Mounting plugin OnlineSubsystemIOS
LogPluginManager: Mounting plugin OnlineSubsystem
LogPluginManager: Mounting plugin OnlineSubsystemNull
LogPluginManager: Mounting plugin OnlineSubsystemSteam
LogPluginManager: Mounting plugin OnlineSubsystemUtils
LogPluginManager: Mounting plugin AndroidDeviceProfileSelector
LogPluginManager: Mounting plugin AndroidMoviePlayer
LogPluginManager: Mounting plugin AndroidPermission
LogPluginManager: Mounting plugin AppleARKit
LogPluginManager: Mounting plugin AppleMoviePlayer
LogPluginManager: Mounting plugin ArchVisCharacter
LogPluginManager: Mounting plugin AudioCapture
LogPluginManager: Mounting plugin CableComponent
LogPluginManager: Mounting plugin CustomMeshComponent
LogPluginManager: Mounting plugin ExampleDeviceProfileSelector
LogPluginManager: Mounting plugin GoogleCloudMessaging
LogPluginManager: Mounting plugin ImmediatePhysics
LogPluginManager: Mounting plugin IOSDeviceProfileSelector
LogPluginManager: Mounting plugin LinuxDeviceProfileSelector
LogPluginManager: Mounting plugin LocationServicesBPLibrary
LogPluginManager: Mounting plugin MobilePatchingUtils
LogPluginManager: Mounting plugin OculusVR
LogPluginManager: Plugin shader directory ../../../Engine/Plugins/Runtime/Oculus/OculusVR/Shaders found
LogPluginManager: Mapping shader source directory ../../../Engine/Plugins/Runtime/Oculus/OculusVR/Shaders to virtual directory /Plugin/OculusVR
LogPluginManager: Mounting plugin PhysXVehicles
LogPluginManager: Mounting plugin ProceduralMeshComponent
LogPluginManager: Mounting plugin RuntimePhysXCooking
LogPluginManager: Mounting plugin SteamVR
LogPluginManager: Mounting plugin WindowsMoviePlayer
LogStreaming: Display: Took  2.801s to configure plugins.
LogInit: Using libcurl 7.47.1
LogInit:  - built for x86_64-pc-win32
LogInit:  - supports SSL with OpenSSL/1.0.2g
LogInit:  - supports HTTP deflate (compression) using libz 1.2.8
LogInit:  - other features:
LogInit:      CURL_VERSION_SSL
LogInit:      CURL_VERSION_LIBZ
LogInit:      CURL_VERSION_IPV6
LogInit:      CURL_VERSION_ASYNCHDNS
LogInit:      CURL_VERSION_LARGEFILE
LogInit:      CURL_VERSION_IDN
LogInit:  CurlRequestOptions (configurable via config and command line):
LogInit:  - bVerifyPeer = false  - Libcurl will NOT verify peer certificate
LogInit:  - bUseHttpProxy = false  - Libcurl will NOT use HTTP proxy
LogInit:  - bDontReuseConnections = false  - Libcurl will reuse connections
LogInit:  - CertBundlePath = nullptr  - Libcurl will use whatever was configured at build time.
LogInit:  - MaxHostConnections = 16  - Libcurl will limit the number of connections to a host
LogInit:  - LocalHostAddr = Default
LogOnline: Display: STEAM: Loading Steam SDK 1.39
LogOnline: Warning: STEAM: Steamworks: SteamUtils() failed!
LogOnline: Warning: STEAM: Steamworks: SteamUser() failed!
LogOnline: Warning: STEAM: Steamworks: SteamFriends() failed!
LogOnline: Warning: STEAM: Steamworks: SteamRemoteStorage() failed!
LogOnline: Warning: STEAM: Steamworks: SteamUserStats() failed!
LogOnline: Warning: STEAM: Steamworks: SteamMatchmakingServers() failed!
LogOnline: Warning: STEAM: Steamworks: SteamApps() failed!
LogOnline: Warning: STEAM: Steamworks: SteamNetworking() failed!
LogOnline: Warning: STEAM: Steamworks: SteamMatchmaking() failed!
LogOnline: Display: STEAM: OnlineSubsystemSteam::Shutdown()
LogOnline: Warning: STEAM: Steam API failed to initialize!
LogOnline: Display: STEAM: OnlineSubsystemSteam::Shutdown()
LogInit: WinSock: version 1.1 (2.2), MaxSocks=32767, MaxUdp=65467
LogInit: WinSock: I am Q6600 (192.168.1.42:0)
LogInit: Build: ++UE4+Release-4.19-CL-4033788
LogInit: Engine Version: 4.19.2-4033788+++UE4+Release-4.19
LogInit: Compatible Engine Version: 4.19.0-3944462+++UE4+Release-4.19
LogInit: Net CL: 3944462
LogDevObjectVersion: Number of dev versions registered: 18
LogDevObjectVersion:   Dev-Blueprints (B0D832E4-1F89-4F0D-ACCF-7EB736FD4AA2): 10
LogDevObjectVersion:   Dev-Build (E1C64328-A22C-4D53-A36C-8E866417BD8C): 0
LogDevObjectVersion:   Dev-Core (375EC13C-06E4-48FB-B500-84F0262A717E): 2
LogDevObjectVersion:   Dev-Editor (E4B068ED-F494-42E9-A231-DA0B2E46BB41): 23
LogDevObjectVersion:   Dev-Framework (CFFC743F-43B0-4480-9391-14DF171D2073): 33
LogDevObjectVersion:   Dev-Mobile (B02B49B5-BB20-44E9-A304-32B752E40360): 2
LogDevObjectVersion:   Dev-Networking (A4E4105C-59A1-49B5-A7C5-40C4547EDFEE): 0
LogDevObjectVersion:   Dev-Online (39C831C9-5AE6-47DC-9A44-9C173E1C8E7C): 0
LogDevObjectVersion:   Dev-Physics (78F01B33-EBEA-4F98-B9B4-84EACCB95AA2): 0
LogDevObjectVersion:   Dev-Platform (6631380F-2D4D-43E0-8009-CF276956A95A): 0
LogDevObjectVersion:   Dev-Rendering (12F88B9F-8875-4AFC-A67C-D90C383ABD29): 25
LogDevObjectVersion:   Dev-Sequencer (7B5AE74C-D270-4C10-A958-57980B212A5A): 6
LogDevObjectVersion:   Dev-VR (D7296918-1DD6-4BDD-9DE2-64A83CC13884): 1
LogDevObjectVersion:   Dev-LoadTimes (C2A15278-BFE7-4AFE-6C17-90FF531DF755): 1
LogDevObjectVersion:   Private-Geometry (6EACA3D4-40EC-4CC1-B786-8BED09428FC5): 2
LogDevObjectVersion:   Dev-AnimPhys (29E575DD-E0A3-4627-9D10-D276232CDCEA): 16
LogDevObjectVersion:   Dev-ReflectionCapture (6B266CEC-1EC7-4B8F-A30B-E4D90942FC07): 1
LogDevObjectVersion:   Dev-Automation (0DF73D61-A23F-47EA-B727-89E90C41499A): 1
LogInit: Compiled (64-bit): Apr 27 2018 02:06:57
LogInit: Compiled with Visual C++: 19.00.24215.01
LogInit: Build Configuration: Development
LogInit: Branch Name: ++UE4+Release-4.19
LogInit: Command Line:  /Game/Maps/MainMenu -game -PIEVIACONSOLE -ResX=1280 -ResY=720  -Multiprocess -messaging -SessionName="Play in Standalone Game" -windowed 
LogInit: Base Directory: F:/Juegos/UE_4.19/Engine/Binaries/Win64/
LogInit: Installed Engine Build: 1
LogStreaming: Display: Took  0.003s to delete old logs.
LogInit: Presizing for max 8388607 objects, including 0 objects not considered by GC, pre-allocating 0 bytes for permanent pool.
LogInit: Object subsystem initialized
[2018.07.22-16.48.26:061][  0]LogInit: Selected Device Profile: [Windows]
[2018.07.22-16.48.26:061][  0]LogInit: Applying CVar settings loaded from the selected device profile: [Windows]
[2018.07.22-16.48.26:086][  0]LogInit: Computer: Q6600
[2018.07.22-16.48.26:086][  0]LogInit: User: bitt3rman
[2018.07.22-16.48.26:086][  0]LogInit: CPU Page size=4096, Cores=4
[2018.07.22-16.48.26:086][  0]LogInit: High frequency timer resolution =2.343833 MHz
[2018.07.22-16.48.26:087][  0]LogMemory: Memory total: Physical=8.0GB (8GB approx)
[2018.07.22-16.48.26:087][  0]LogMemory: Platform Memory Stats for Windows
[2018.07.22-16.48.26:087][  0]LogMemory: Process Physical Memory: 274.62 MB used, 274.62 MB peak
[2018.07.22-16.48.26:087][  0]LogMemory: Process Virtual Memory: 270.30 MB used, 270.30 MB peak
[2018.07.22-16.48.26:087][  0]LogMemory: Physical Memory: 6157.57 MB used,  2032.92 MB free, 8190.49 MB total
[2018.07.22-16.48.26:087][  0]LogMemory: Virtual Memory: 4776.43 MB used,  2032.92 MB free, 134217728.00 MB total
[2018.07.22-16.48.26:444][  0]LogInit: Using OS detected language (es-ES).
[2018.07.22-16.48.26:444][  0]LogInit: Using OS detected locale (es-ES).
[2018.07.22-16.48.26:445][  0]LogTextLocalizationManager: No localization for 'es-ES' exists, so 'en' will be used for the language.
[2018.07.22-16.48.26:445][  0]LogTextLocalizationManager: No localization for 'es-ES' exists, so 'en' will be used for the locale.
[2018.07.22-16.48.27:604][  0]LogStreaming: Display: Took  1.159s to EndInitTextLocalization.
[2018.07.22-16.48.27:651][  0]LogSlate: New Slate User Created.  User Index 0, Is Virtual User: 0
[2018.07.22-16.48.27:651][  0]LogSlate: Slate User Registered.  User Index 0, Is Virtual User: 0
[2018.07.22-16.48.27:656][  0]LogD3D11RHI: D3D11 adapters:
[2018.07.22-16.48.27:746][  0]LogD3D11RHI:    0. 'NVIDIA GeForce GT 730' (Feature Level 11_0)
[2018.07.22-16.48.27:746][  0]LogD3D11RHI:       2018/0/4095 MB DedicatedVideo/DedicatedSystem/SharedSystem, Outputs:1, VendorId:0x10de
[2018.07.22-16.48.27:751][  0]LogD3D11RHI:    1. 'Microsoft Basic Render Driver' (Feature Level 11_0)
[2018.07.22-16.48.27:751][  0]LogD3D11RHI:       0/0/4095 MB DedicatedVideo/DedicatedSystem/SharedSystem, Outputs:0, VendorId:0x1414
[2018.07.22-16.48.27:751][  0]LogD3D11RHI: Chosen D3D11 Adapter: 0
[2018.07.22-16.48.27:767][  0]LogD3D11RHI: Creating new Direct3DDevice
[2018.07.22-16.48.27:768][  0]LogD3D11RHI:     GPU DeviceId: 0x1287 (for the marketing name, search the web for "GPU Device Id")
[2018.07.22-16.48.27:768][  0]LogWindows: EnumDisplayDevices:
[2018.07.22-16.48.27:768][  0]LogWindows:    0. 'NVIDIA GeForce GT 730' (P:1 D:1)
[2018.07.22-16.48.27:768][  0]LogWindows:    1. 'NVIDIA GeForce GT 730' (P:0 D:0)
[2018.07.22-16.48.27:769][  0]LogWindows:    2. 'NVIDIA GeForce GT 730' (P:0 D:0)
[2018.07.22-16.48.27:769][  0]LogWindows: DebugString: GetVideoDriverDetailsInvalid PrimaryIsNotTheChoosenAdapter GetVideoDriverDetailsInvalid PrimaryIsNotTheChoosenAdapter GetVideoDriverDetailsInvalid PrimaryIsNotTheChoosenAdapter FoundDriverCount:0 
[2018.07.22-16.48.27:769][  0]LogD3D11RHI:     Adapter Name: NVIDIA GeForce GT 730
[2018.07.22-16.48.27:769][  0]LogD3D11RHI:   Driver Version: Unknown (internal:Unknown, unified:Unknown)
[2018.07.22-16.48.27:769][  0]LogD3D11RHI:      Driver Date: Unknown
[2018.07.22-16.48.27:769][  0]LogRHI: Texture pool is 1413 MB (70% of 2018 MB)
[2018.07.22-16.48.27:833][  0]LogD3D11RHI: [Aftermath] Aftermath enabled but failed to initialize
[2018.07.22-16.48.27:833][  0]LogD3D11RHI: [Aftermath] Aftermath enabled and primed
[2018.07.22-16.48.27:833][  0]LogD3D11RHI: Async texture creation enabled
[2018.07.22-16.48.27:851][  0]LogD3D11RHI: GPU Timing Frequency: 1000.000000 (Debug: 2 1)
[2018.07.22-16.48.27:855][  0]LogShaderCompilers: Guid format shader working directory is 21 characters bigger than the processId version (../../../../UE_Projects/FPBG/Intermediate/Shaders/WorkingDirectory/11848/).
[2018.07.22-16.48.27:856][  0]LogShaderCompilers: Cleaned the shader compiler working directory 'C:/Users/bitt3rman/AppData/Local/Temp/UnrealShaderWorkingDir/37AE7E5D4432A54F3E87FF96F6486B51/'.
[2018.07.22-16.48.28:741][  0]LogTemp: Display: Loaded TP WindowsClientTargetPlatform
[2018.07.22-16.48.28:774][  0]LogTemp: Display: Loaded TP WindowsNoEditorTargetPlatform
[2018.07.22-16.48.28:805][  0]LogTemp: Display: Loaded TP WindowsServerTargetPlatform
[2018.07.22-16.48.28:839][  0]LogTemp: Display: Loaded TP WindowsTargetPlatform
[2018.07.22-16.48.28:839][  0]LogTargetPlatformManager: Display: Building Assets For Windows
[2018.07.22-16.48.29:108][  0]LogXGEController: Cannot use XGE Controller as Incredibuild is not installed on this machine.
[2018.07.22-16.48.29:108][  0]LogShaderCompilers: Cannot use XGE Shader Compiler as Incredibuild is not installed on this machine.
[2018.07.22-16.48.29:108][  0]LogShaderCompilers: Display: Using Local Shader Compiler.
[2018.07.22-16.48.30:875][  0]LogDerivedDataCache: Display: Max Cache Size: 512 MB
[2018.07.22-16.48.31:127][  0]LogDerivedDataCache: Loaded boot cache 0.25s 74MB C:/Users/bitt3rman/AppData/Local/UnrealEngine/4.19/DerivedDataCache/Boot.ddc.
[2018.07.22-16.48.31:127][  0]LogDerivedDataCache: Display: Loaded Boot cache: C:/Users/bitt3rman/AppData/Local/UnrealEngine/4.19/DerivedDataCache/Boot.ddc
[2018.07.22-16.48.31:128][  0]LogDerivedDataCache: FDerivedDataBackendGraph:  Pak pak cache file ../../../../UE_Projects/FPBG/DerivedDataCache/DDC.ddp not found, will not use a pak cache.
[2018.07.22-16.48.31:128][  0]LogDerivedDataCache: Unable to find inner node Pak for hierarchical cache Hierarchy.
[2018.07.22-16.48.31:128][  0]LogDerivedDataCache: FDerivedDataBackendGraph:  CompressedPak pak cache file ../../../../UE_Projects/FPBG/DerivedDataCache/Compressed.ddp not found, will not use a pak cache.
[2018.07.22-16.48.31:128][  0]LogDerivedDataCache: Unable to find inner node CompressedPak for hierarchical cache Hierarchy.
[2018.07.22-16.48.31:156][  0]LogDerivedDataCache: Display: Pak cache opened for reading ../../../Engine/DerivedDataCache/Compressed.ddp.
[2018.07.22-16.48.31:172][  0]LogDerivedDataCache: Using Local data cache path C:/Users/bitt3rman/AppData/Local/UnrealEngine/Common/DerivedDataCache: Writable
[2018.07.22-16.48.31:172][  0]LogDerivedDataCache: Shared data cache path not found in *engine.ini, will not use an Shared cache.
[2018.07.22-16.48.31:172][  0]LogDerivedDataCache: Unable to find inner node Shared for hierarchical cache Hierarchy.
[2018.07.22-16.48.31:200][  0]LogMaterial: Verifying Global Shaders for PCD3D_SM5
[2018.07.22-16.48.31:201][  0]LogSlate: Using Freetype 2.6.0
[2018.07.22-16.48.31:202][  0]LogSlate: SlateFontCache - WITH_FREETYPE: 1, WITH_HARFBUZZ: 1
[2018.07.22-16.48.31:203][  0]LogSlate: SlateFontCache - WITH_FREETYPE: 1, WITH_HARFBUZZ: 1
[2018.07.22-16.48.31:458][  0]LogAssetRegistry: FAssetRegistry took 0.0112 seconds to start up
[2018.07.22-16.48.31:959][  0]LogPackageLocalizationCache: Processed 9 localized package path(s) for 1 prioritized culture(s) in 0.030814 seconds
[2018.07.22-16.48.32:198][  0]LogInit: Selected Device Profile: [Windows]
[2018.07.22-16.48.32:492][  0]LogSimplygon: Simplygon DLL not present - disabling.
[2018.07.22-16.48.32:498][  0]LogMeshReduction: Using SimplygonSwarm for distributed automatic mesh merging
[2018.07.22-16.48.32:498][  0]LogMeshReduction: Using QuadricMeshReduction for automatic static mesh reduction
[2018.07.22-16.48.32:498][  0]LogMeshReduction: No automatic skeletal mesh reduction module available
[2018.07.22-16.48.32:498][  0]LogMeshReduction: No automatic mesh merging module available
[2018.07.22-16.48.32:498][  0]LogMeshMerging: No automatic mesh merging module available
[2018.07.22-16.48.32:576][  0]LogNetVersion: FPBG , NetCL: 3944462, EngineNetVer: 2, GameNetVer: 0 (Checksum: 1413110598)
[2018.07.22-16.48.34:000][  0]LogMoviePlayer: Initializing movie player
[2018.07.22-16.48.34:666][  0]LogTcpMessaging: Initializing TcpMessaging bridge
[2018.07.22-16.48.34:730][  0]LogUdpMessaging: Initializing bridge on interface 0.0.0.0:0 to multicast group 230.0.0.1:6666.
[2018.07.22-16.48.35:283][  0]SourceControl: Source control is disabled
[2018.07.22-16.48.35:283][  0]SourceControl: Source control is disabled
[2018.07.22-16.48.35:330][  0]SourceControl: Source control is disabled
[2018.07.22-16.48.36:102][  0]LogAndroidPermission: UAndroidPermissionCallbackProxy::GetInstance
[2018.07.22-16.48.36:478][  0]LogOcInput: OculusInput pre-init called
[2018.07.22-16.48.36:631][  0]LogUObjectArray: 40131 objects as part of root set at end of initial load.
[2018.07.22-16.48.36:631][  0]LogUObjectAllocator: 8578480 out of 0 bytes used by permanent object pool.
[2018.07.22-16.48.36:631][  0]LogUObjectArray: CloseDisregardForGC: 0/0 objects in disregard for GC pool
[2018.07.22-16.48.36:734][  0]LogEngine: Initializing Engine...
[2018.07.22-16.48.36:737][  0]LogHMD: Failed to initialize OpenVR with code 110
[2018.07.22-16.48.36:753][  0]LogStats: UGameplayTagsManager::ConstructGameplayTagTree: Construct from data asset -  0.000 s
[2018.07.22-16.48.36:753][  0]LogStats: UGameplayTagsManager::ConstructGameplayTagTree: GameplayTagTreeChangedEvent.Broadcast -  0.000 s
[2018.07.22-16.48.37:319][  0]LogInit: XAudio2 using 'Speakers (High Definition Audio Device)' : 2 channels at 48 kHz using 16 bits per sample (channel mask 0x3)
[2018.07.22-16.48.37:359][  0]LogInit: FAudioDevice initialized.
[2018.07.22-16.48.37:436][  0]LogInit: Texture streaming: Enabled
[2018.07.22-16.48.37:689][  0]LogUObjectGlobals: Created PersistentFrame Addr=0x0000016a7866ee80, Size=600, Default__GameInfoInstance_C Function /Game/Blueprints/AllLevels/GameInfoInstance.GameInfoInstance_C:ExecuteUbergraph_GameInfoInstance
[2018.07.22-16.48.37:699][  0]LogUObjectGlobals: Created PersistentFrame Addr=0x0000016a77ee93f0, Size=40, Default__ErrorDialog_C Function /Game/UI/MainMenu/ErrorDialog.ErrorDialog_C:ExecuteUbergraph_ErrorDialog
[2018.07.22-16.48.37:723][  0]LogUObjectGlobals: Created PersistentFrame Addr=0x0000016a786f1b40, Size=96, Default__HostMenu_C Function /Game/UI/MainMenu/HostMenu.HostMenu_C:ExecuteUbergraph_HostMenu
[2018.07.22-16.48.37:735][  0]LogUObjectGlobals: Created PersistentFrame Addr=0x0000016a6a452700, Size=64, Default__MainMenu_C Function /Game/UI/MainMenu/MainMenu.MainMenu_C:ExecuteUbergraph_MainMenu
[2018.07.22-16.48.37:785][  0]LogUObjectGlobals: Created PersistentFrame Addr=0x0000016a6a442b70, Size=104, Default__OptionsMenu_C Function /Game/UI/MainMenu/OptionsMenu.OptionsMenu_C:ExecuteUbergraph_OptionsMenu
[2018.07.22-16.48.37:801][  0]LogUObjectGlobals: Created PersistentFrame Addr=0x0000016a6a3fb100, Size=608, Default__ServerMenu_C Function /Game/UI/MainMenu/ServerMenu.ServerMenu_C:ExecuteUbergraph_ServerMenu
[2018.07.22-16.48.37:912][  0]LogUObjectGlobals: Destroyed PersistentFrame Addr=0x0000016a7866ee80, Size=600
[2018.07.22-16.48.37:912][  0]LogUObjectGlobals: Created PersistentFrame Addr=0x0000016a785bb380, Size=600, Default__GameInfoInstance_C Function /Engine/Transient.REINST_GameInfoInstance_C_2:ExecuteUbergraph_GameInfoInstance
[2018.07.22-16.48.37:913][  0]LogUObjectGlobals: Destroyed PersistentFrame Addr=0x0000016a77ee93f0, Size=40
[2018.07.22-16.48.37:913][  0]LogUObjectGlobals: Created PersistentFrame Addr=0x0000016a6a355dc8, Size=40, Default__ErrorDialog_C Function /Engine/Transient.REINST_ErrorDialog_C_0:ExecuteUbergraph_ErrorDialog
[2018.07.22-16.48.37:913][  0]LogUObjectGlobals: Destroyed PersistentFrame Addr=0x0000016a786f1b40, Size=96
[2018.07.22-16.48.37:913][  0]LogUObjectGlobals: Created PersistentFrame Addr=0x0000016a78537e80, Size=96, Default__HostMenu_C Function /Engine/Transient.REINST_HostMenu_C_1:ExecuteUbergraph_HostMenu
[2018.07.22-16.48.37:914][  0]LogUObjectGlobals: Destroyed PersistentFrame Addr=0x0000016a6a452700, Size=64
[2018.07.22-16.48.37:914][  0]LogUObjectGlobals: Created PersistentFrame Addr=0x0000016a785c8bc0, Size=64, Default__MainMenu_C Function /Engine/Transient.REINST_MainMenu_C_3:ExecuteUbergraph_MainMenu
[2018.07.22-16.48.37:915][  0]LogUObjectGlobals: Destroyed PersistentFrame Addr=0x0000016a6a442b70, Size=104
[2018.07.22-16.48.37:915][  0]LogUObjectGlobals: Created PersistentFrame Addr=0x0000016a785c4170, Size=104, Default__OptionsMenu_C Function /Engine/Transient.REINST_OptionsMenu_C_4:ExecuteUbergraph_OptionsMenu
[2018.07.22-16.48.37:916][  0]LogUObjectGlobals: Destroyed PersistentFrame Addr=0x0000016a6a3fb100, Size=608
[2018.07.22-16.48.37:916][  0]LogUObjectGlobals: Created PersistentFrame Addr=0x0000016a785bae80, Size=608, Default__ServerMenu_C Function /Engine/Transient.REINST_ServerMenu_C_5:ExecuteUbergraph_ServerMenu
[2018.07.22-16.48.37:991][  0]LogUObjectGlobals: Created PersistentFrame Addr=0x0000016a781bc900, Size=608, Default__GameInfoInstance_C Function /Game/Blueprints/AllLevels/GameInfoInstance.GameInfoInstance_C:ExecuteUbergraph_GameInfoInstance
[2018.07.22-16.48.37:994][  0]LogUObjectGlobals: Created PersistentFrame Addr=0x0000016a6a3566b0, Size=40, Default__ErrorDialog_C Function /Game/UI/MainMenu/ErrorDialog.ErrorDialog_C:ExecuteUbergraph_ErrorDialog
[2018.07.22-16.48.37:998][  0]LogUObjectGlobals: Created PersistentFrame Addr=0x0000016a78254e20, Size=96, Default__HostMenu_C Function /Game/UI/MainMenu/HostMenu.HostMenu_C:ExecuteUbergraph_HostMenu
[2018.07.22-16.48.38:001][  0]LogUObjectGlobals: Created PersistentFrame Addr=0x0000016a785ac410, Size=56, Default__MainMenu_C Function /Game/UI/MainMenu/MainMenu.MainMenu_C:ExecuteUbergraph_MainMenu
[2018.07.22-16.48.38:005][  0]LogUObjectGlobals: Created PersistentFrame Addr=0x0000016a78102390, Size=104, Default__OptionsMenu_C Function /Game/UI/MainMenu/OptionsMenu.OptionsMenu_C:ExecuteUbergraph_OptionsMenu
[2018.07.22-16.48.38:012][  0]LogUObjectGlobals: Created PersistentFrame Addr=0x0000016a7812ec00, Size=592, Default__ServerMenu_C Function /Game/UI/MainMenu/ServerMenu.ServerMenu_C:ExecuteUbergraph_ServerMenu
[2018.07.22-16.48.38:054][  0]LogInit: Display: Game Engine Initialized.
[2018.07.22-16.48.38:054][  0]LogGameplayTags: Display: UGameplayTagsManager::DoneAddingNativeTags. DelegateIsBound: 0
[2018.07.22-16.48.38:054][  0]LogStats: UGameplayTagsManager::ConstructGameplayTagTree: Construct from data asset -  0.000 s
[2018.07.22-16.48.38:054][  0]LogStats: UGameplayTagsManager::ConstructGameplayTagTree: GameplayTagTreeChangedEvent.Broadcast -  0.000 s
[2018.07.22-16.48.38:339][  0]LogInit: Display: Starting Game.
[2018.07.22-16.48.38:339][  0]LogNet: Browse: /Game/Maps/MainMenu?Name=Player
[2018.07.22-16.48.38:339][  0]LogLoad: LoadMap: /Game/Maps/MainMenu?Name=Player
[2018.07.22-16.48.38:362][  0]LogUObjectGlobals: Destroyed PersistentFrame Addr=0x0000016a785bb380, Size=600
[2018.07.22-16.48.38:362][  0]LogUObjectGlobals: Destroyed PersistentFrame Addr=0x0000016a6a355dc8, Size=40
[2018.07.22-16.48.38:362][  0]LogUObjectGlobals: Destroyed PersistentFrame Addr=0x0000016a78537e80, Size=96
[2018.07.22-16.48.38:362][  0]LogUObjectGlobals: Destroyed PersistentFrame Addr=0x0000016a785c8bc0, Size=64
[2018.07.22-16.48.38:362][  0]LogUObjectGlobals: Destroyed PersistentFrame Addr=0x0000016a785c4170, Size=104
[2018.07.22-16.48.38:362][  0]LogUObjectGlobals: Destroyed PersistentFrame Addr=0x0000016a785bae80, Size=608
[2018.07.22-16.48.38:369][  0]LogUObjectGlobals: Created PersistentFrame Addr=0x0000016a781b3d80, Size=32, Default__MainMenu_C Function /Game/Maps/MainMenu.MainMenu_C:ExecuteUbergraph_MainMenu
[2018.07.22-16.48.38:371][  0]LogUObjectGlobals: Destroyed PersistentFrame Addr=0x0000016a781b3d80, Size=32
[2018.07.22-16.48.38:371][  0]LogUObjectGlobals: Created PersistentFrame Addr=0x0000016a781b3d80, Size=32, Default__MainMenu_C Function /Engine/Transient.REINST_MainMenu_C_13:ExecuteUbergraph_MainMenu
[2018.07.22-16.48.38:373][  0]LogUObjectGlobals: Created PersistentFrame Addr=0x0000016a781b13c0, Size=32, Default__MainMenu_C Function /Game/Maps/MainMenu.MainMenu_C:ExecuteUbergraph_MainMenu
[2018.07.22-16.48.38:397][  0]LogAIModule: Creating AISystem for world MainMenu
[2018.07.22-16.48.38:434][  0]LogUObjectGlobals: Created PersistentFrame Addr=0x0000016a78673a00, Size=688, Default__FirstPersonCharacter_C Function /Game/FirstPersonBP/Blueprints/FirstPersonCharacter.FirstPersonCharacter_C:ExecuteUbergraph_FirstPersonCharacter
[2018.07.22-16.48.38:439][  0]LogUObjectGlobals: Created PersistentFrame Addr=0x0000016a78144f00, Size=256, Default__FirstPersonProjectile_C Function /Game/FirstPersonBP/Blueprints/FirstPersonProjectile.FirstPersonProjectile_C:ExecuteUbergraph_FirstPersonProjectile
[2018.07.22-16.48.38:468][  0]LogUObjectGlobals: Created PersistentFrame Addr=0x0000016a7849a1b0, Size=72, Default__FirstPerson_AnimBP_C Function /Game/FirstPerson/Animations/FirstPerson_AnimBP.FirstPerson_AnimBP_C:ExecuteUbergraph_FirstPerson_AnimBP
[2018.07.22-16.48.38:539][  0]LogUObjectGlobals: Created PersistentFrame Addr=0x0000016a78106048, Size=52, Default__FirstPersonHUD_C Function /Game/FirstPersonBP/Blueprints/FirstPersonHUD.FirstPersonHUD_C:ExecuteUbergraph_FirstPersonHUD
[2018.07.22-16.48.38:562][  0]LogUObjectGlobals: Destroyed PersistentFrame Addr=0x0000016a7849a1b0, Size=72
[2018.07.22-16.48.38:562][  0]LogUObjectGlobals: Created PersistentFrame Addr=0x0000016a78459a30, Size=72, Default__FirstPerson_AnimBP_C Function /Engine/Transient.REINST_FirstPerson_AnimBP_C_0:ExecuteUbergraph_FirstPerson_AnimBP
[2018.07.22-16.48.38:564][  0]LogUObjectGlobals: Destroyed PersistentFrame Addr=0x0000016a78144f00, Size=256
[2018.07.22-16.48.38:564][  0]LogUObjectGlobals: Created PersistentFrame Addr=0x0000016a7810fa00, Size=256, Default__FirstPersonProjectile_C Function /Engine/Transient.REINST_FirstPersonProjectile_C_15:ExecuteUbergraph_FirstPersonProjectile
[2018.07.22-16.48.38:564][  0]LogUObjectGlobals: Destroyed PersistentFrame Addr=0x0000016a78106048, Size=52
[2018.07.22-16.48.38:564][  0]LogUObjectGlobals: Created PersistentFrame Addr=0x0000016a78106048, Size=52, Default__FirstPersonHUD_C Function /Engine/Transient.REINST_FirstPersonHUD_C_16:ExecuteUbergraph_FirstPersonHUD
[2018.07.22-16.48.38:566][  0]LogUObjectGlobals: Destroyed PersistentFrame Addr=0x0000016a78673a00, Size=688
[2018.07.22-16.48.38:566][  0]LogUObjectGlobals: Created PersistentFrame Addr=0x0000016a780c5000, Size=688, Default__FirstPersonCharacter_C Function /Engine/Transient.REINST_FirstPersonCharacter_C_17:ExecuteUbergraph_FirstPersonCharacter
[2018.07.22-16.48.38:607][  0]LogUObjectGlobals: Created PersistentFrame Addr=0x0000016a6a3b6b80, Size=64, Default__FirstPerson_AnimBP_C Function /Game/FirstPerson/Animations/FirstPerson_AnimBP.FirstPerson_AnimBP_C:ExecuteUbergraph_FirstPerson_AnimBP
[2018.07.22-16.48.38:609][  0]LogUObjectGlobals: Created PersistentFrame Addr=0x0000016a780cae00, Size=256, Default__FirstPersonProjectile_C Function /Game/FirstPersonBP/Blueprints/FirstPersonProjectile.FirstPersonProjectile_C:ExecuteUbergraph_FirstPersonProjectile
[2018.07.22-16.48.38:610][  0]LogUObjectGlobals: Created PersistentFrame Addr=0x0000016a785ad830, Size=52, Default__FirstPersonHUD_C Function /Game/FirstPersonBP/Blueprints/FirstPersonHUD.FirstPersonHUD_C:ExecuteUbergraph_FirstPersonHUD
[2018.07.22-16.48.38:615][  0]LogUObjectGlobals: Created PersistentFrame Addr=0x0000016a04859000, Size=688, Default__FirstPersonCharacter_C Function /Game/FirstPersonBP/Blueprints/FirstPersonCharacter.FirstPersonCharacter_C:ExecuteUbergraph_FirstPersonCharacter
[2018.07.22-16.48.38:850][  0]LogSkeletalMesh: Skeletal Mesh found in DDC [7.171159ms] /Game/FirstPerson/FPWeapon/Mesh/SK_FPGun.SK_FPGun
[2018.07.22-16.48.38:867][  0]LogSkeletalMesh: Skeletal Mesh found in DDC [13.988625ms] /Game/FirstPerson/Character/Mesh/SK_Mannequin_Arms.SK_Mannequin_Arms
[2018.07.22-16.48.38:877][  0]LogLoad: Game class is 'FirstPersonGameMode_C'
[2018.07.22-16.48.38:879][  0]LogWorld: Bringing World /Game/Maps/MainMenu.MainMenu up for play (max tick rate 0) at 2018.07.22-17.48.38
[2018.07.22-16.48.38:880][  0]LogWorld: Bringing up level for play took: 0.001044
[2018.07.22-16.48.38:881][  0]LogGameMode: FindPlayerStart: PATHS NOT DEFINED or NO PLAYERSTART with positive rating
[2018.07.22-16.48.38:895][  0]LogLoad: Took 0.556035 seconds to LoadMap(/Game/Maps/MainMenu)
[2018.07.22-16.48.38:970][  0]LogLoad: (Engine Initialization) Total time: 22.48 seconds
[2018.07.22-16.48.38:970][  0]LogLoad: (Engine Initialization) Total Blueprint compile time: 0.00 seconds
[2018.07.22-16.48.39:091][  0]LogRenderer: Reallocating scene render targets to support 1280x720 Format 10 NumSamples 1 (Frame:1).
[2018.07.22-16.48.39:160][  0]LogContentStreaming: Texture pool size now 1000 MB
[2018.07.22-16.48.52:477][804]LogSlate: FSceneViewport::OnFocusLost() reason 0
[2018.07.22-16.48.52:537][807]LogSlate: Took 0.000968 seconds to synchronously load lazily loaded font '../../../Engine/Content/Slate/Fonts/Roboto-Regular.ttf' (155K)
[2018.07.22-16.48.55:080][965]LogNetVersion: FPBG 1.0.0.0, NetCL: 3944462, EngineNetVer: 2, GameNetVer: 0 (Checksum: 272724767)
[2018.07.22-16.48.55:303][965]LogPackageName: SearchForPackageOnDisk took   0.222s to resolve Lobby.umap.
[2018.07.22-16.48.55:503][965]LogPackageName: SearchForPackageOnDisk took   0.198s to resolve Lobby.umap.
[2018.07.22-16.48.55:503][965]LogNet: Browse: /Game/Maps/Lobby?listen
[2018.07.22-16.48.55:503][965]LogLoad: LoadMap: /Game/Maps/Lobby?listen
[2018.07.22-16.48.55:537][965]LogUObjectGlobals: Destroyed PersistentFrame Addr=0x0000016a78106048, Size=52
[2018.07.22-16.48.55:538][965]LogUObjectGlobals: Destroyed PersistentFrame Addr=0x0000016a78459a30, Size=72
[2018.07.22-16.48.55:538][965]LogUObjectGlobals: Destroyed PersistentFrame Addr=0x0000016a7810fa00, Size=256
[2018.07.22-16.48.55:538][965]LogUObjectGlobals: Destroyed PersistentFrame Addr=0x0000016a780c5000, Size=688
[2018.07.22-16.48.55:538][965]LogUObjectGlobals: Destroyed PersistentFrame Addr=0x0000016a781b13c0, Size=32
[2018.07.22-16.48.55:538][965]LogUObjectGlobals: Destroyed PersistentFrame Addr=0x0000016a781b3d80, Size=32
[2018.07.22-16.48.55:539][965]LogUObjectGlobals: Destroyed PersistentFrame Addr=0x0000016a6a3b6b80, Size=64
[2018.07.22-16.48.55:539][965]LogUObjectGlobals: Destroyed PersistentFrame Addr=0x0000016a780cae00, Size=256
[2018.07.22-16.48.55:539][965]LogUObjectGlobals: Destroyed PersistentFrame Addr=0x0000016a785ad830, Size=52
[2018.07.22-16.48.55:539][965]LogUObjectGlobals: Destroyed PersistentFrame Addr=0x0000016a04859000, Size=688
[2018.07.22-16.48.55:720][965]LogUObjectGlobals: Created PersistentFrame Addr=0x0000016a784c3100, Size=768, Default__LobbyGM_C Function /Game/Blueprints/Lobby/LobbyGM.LobbyGM_C:ExecuteUbergraph_LobbyGM
[2018.07.22-16.48.55:725][965]LogUObjectGlobals: Created PersistentFrame Addr=0x0000016a784c3d00, Size=688, Default__0_Base_C Function /Game/Blueprints/Characters/0_Base.0_Base_C:ExecuteUbergraph_0_Base
[2018.07.22-16.48.55:728][965]LogUObjectGlobals: Created PersistentFrame Addr=0x0000016a78568700, Size=256, Default__FirstPersonProjectile_C Function /Game/FirstPersonBP/Blueprints/FirstPersonProjectile.FirstPersonProjectile_C:ExecuteUbergraph_FirstPersonProjectile
[2018.07.22-16.48.55:748][965]LogUObjectGlobals: Created PersistentFrame Addr=0x0000016a6a4176a0, Size=72, Default__FirstPerson_AnimBP_C Function /Game/FirstPerson/Animations/FirstPerson_AnimBP.FirstPerson_AnimBP_C:ExecuteUbergraph_FirstPerson_AnimBP
[2018.07.22-16.48.55:807][965]LogUObjectGlobals: Created PersistentFrame Addr=0x0000016a78123580, Size=880, Default__LobbyPC_C Function /Game/Blueprints/Lobby/LobbyPC.LobbyPC_C:ExecuteUbergraph_LobbyPC
[2018.07.22-16.48.55:824][965]LogUObjectGlobals: Created PersistentFrame Addr=0x0000016a78272200, Size=320, Default__LobbyMenu_C Function /Game/UI/Lobby/LobbyMenu.LobbyMenu_C:ExecuteUbergraph_LobbyMenu
[2018.07.22-16.48.55:839][965]LogUObjectGlobals: Created PersistentFrame Addr=0x0000016a78270a40, Size=320, Default__ChatWindow_C Function /Game/UI/AllLevels/ChatWindow.ChatWindow_C:ExecuteUbergraph_ChatWindow
[2018.07.22-16.48.55:844][965]LogUObjectGlobals: Created PersistentFrame Addr=0x0000016a78270680, Size=288, Default__GameplayPC_C Function /Game/Blueprints/Gameplay/GameplayPC.GameplayPC_C:ExecuteUbergraph_GameplayPC
[2018.07.22-16.48.55:847][965]LogUObjectGlobals: Created PersistentFrame Addr=0x0000016a784ad280, Size=224, Default__GameplayGM_C Function /Game/Blueprints/Gameplay/GameplayGM.GameplayGM_C:ExecuteUbergraph_GameplayGM
[2018.07.22-16.48.55:871][965]LogUObjectGlobals: Created PersistentFrame Addr=0x0000016a595c1df0, Size=80, Default__CharacterSelect_C Function /Game/UI/Lobby/CharacterSelect.CharacterSelect_C:ExecuteUbergraph_CharacterSelect
[2018.07.22-16.48.55:885][965]LogUObjectGlobals: Created PersistentFrame Addr=0x0000016a7825a440, Size=192, Default__GameSettings_C Function /Game/UI/Lobby/GameSettings.GameSettings_C:ExecuteUbergraph_GameSettings
[2018.07.22-16.48.55:887][965]LogUObjectGlobals: Created PersistentFrame Addr=0x0000016a7820f2e0, Size=32, Default__PlayerButton_C Function /Game/UI/Lobby/PlayerButton.PlayerButton_C:ExecuteUbergraph_PlayerButton
[2018.07.22-16.48.55:942][965]LogUObjectGlobals: Created PersistentFrame Addr=0x0000016a057b9240, Size=4, Default__ConnectedPlayer_C Function /Game/UI/Lobby/ConnectedPlayer.ConnectedPlayer_C:ExecuteUbergraph_ConnectedPlayer
[2018.07.22-16.48.55:975][965]LogUObjectGlobals: Created PersistentFrame Addr=0x0000016a0485ba00, Size=688, Default__Character_1_C Function /Game/Blueprints/Characters/0_Base.0_Base_C:ExecuteUbergraph_0_Base
[2018.07.22-16.48.55:980][965]LogUObjectGlobals: Created PersistentFrame Addr=0x0000016a04858d00, Size=688, Default__Character_2_C Function /Game/Blueprints/Characters/0_Base.0_Base_C:ExecuteUbergraph_0_Base
[2018.07.22-16.48.55:985][965]LogUObjectGlobals: Created PersistentFrame Addr=0x0000016a06085600, Size=688, Default__Character_3_C Function /Game/Blueprints/Characters/0_Base.0_Base_C:ExecuteUbergraph_0_Base
[2018.07.22-16.48.55:990][965]LogUObjectGlobals: Created PersistentFrame Addr=0x0000016a06085f00, Size=688, Default__Character_4_C Function /Game/Blueprints/Characters/0_Base.0_Base_C:ExecuteUbergraph_0_Base
[2018.07.22-16.48.55:996][965]LogUObjectGlobals: Created PersistentFrame Addr=0x0000016a06084a00, Size=688, Default__Character_5_C Function /Game/Blueprints/Characters/0_Base.0_Base_C:ExecuteUbergraph_0_Base
[2018.07.22-16.48.56:001][965]LogUObjectGlobals: Created PersistentFrame Addr=0x0000016a06087d00, Size=688, Default__Character_6_C Function /Game/Blueprints/Characters/0_Base.0_Base_C:ExecuteUbergraph_0_Base
[2018.07.22-16.48.56:086][965]LogUObjectGlobals: Destroyed PersistentFrame Addr=0x0000016a6a4176a0, Size=72
[2018.07.22-16.48.56:086][965]LogUObjectGlobals: Created PersistentFrame Addr=0x0000016a148ca2f0, Size=72, Default__FirstPerson_AnimBP_C Function /Engine/Transient.REINST_FirstPerson_AnimBP_C_1:ExecuteUbergraph_FirstPerson_AnimBP
[2018.07.22-16.48.56:087][965]LogUObjectGlobals: Destroyed PersistentFrame Addr=0x0000016a78568700, Size=256
[2018.07.22-16.48.56:087][965]LogUObjectGlobals: Created PersistentFrame Addr=0x0000016a7826cd00, Size=256, Default__FirstPersonProjectile_C Function /Engine/Transient.REINST_FirstPersonProjectile_C_27:ExecuteUbergraph_FirstPersonProjectile
[2018.07.22-16.48.56:089][965]LogUObjectGlobals: Destroyed PersistentFrame Addr=0x0000016a784c3d00, Size=688
[2018.07.22-16.48.56:089][965]LogUObjectGlobals: Created PersistentFrame Addr=0x0000016a148a5c00, Size=688, Default__0_Base_C Function /Engine/Transient.REINST_0_Base_C_28:ExecuteUbergraph_0_Base
[2018.07.22-16.48.56:089][965]LogUObjectGlobals: Destroyed PersistentFrame Addr=0x0000016a595c1df0, Size=80
[2018.07.22-16.48.56:090][965]LogUObjectGlobals: Created PersistentFrame Addr=0x0000016a148c91c0, Size=80, Default__CharacterSelect_C Function /Engine/Transient.REINST_CharacterSelect_C_6:ExecuteUbergraph_CharacterSelect
[2018.07.22-16.48.56:090][965]LogUObjectGlobals: Destroyed PersistentFrame Addr=0x0000016a78270a40, Size=320
[2018.07.22-16.48.56:090][965]LogUObjectGlobals: Created PersistentFrame Addr=0x0000016a0605f100, Size=320, Default__ChatWindow_C Function /Engine/Transient.REINST_ChatWindow_C_8:ExecuteUbergraph_ChatWindow
[2018.07.22-16.48.56:090][965]LogUObjectGlobals: Destroyed PersistentFrame Addr=0x0000016a057b9240, Size=4
[2018.07.22-16.48.56:091][965]LogUObjectGlobals: Created PersistentFrame Addr=0x0000016a78538910, Size=4, Default__ConnectedPlayer_C Function /Engine/Transient.REINST_ConnectedPlayer_C_9:ExecuteUbergraph_ConnectedPlayer
[2018.07.22-16.48.56:091][965]LogUObjectGlobals: Destroyed PersistentFrame Addr=0x0000016a78270680, Size=288
[2018.07.22-16.48.56:091][965]LogUObjectGlobals: Created PersistentFrame Addr=0x0000016a0605f4c0, Size=288, Default__GameplayPC_C Function /Engine/Transient.REINST_GameplayPC_C_29:ExecuteUbergraph_GameplayPC
[2018.07.22-16.48.56:092][965]LogUObjectGlobals: Destroyed PersistentFrame Addr=0x0000016a7825a440, Size=192
[2018.07.22-16.48.56:092][965]LogUObjectGlobals: Created PersistentFrame Addr=0x0000016a149a8400, Size=192, Default__GameSettings_C Function /Engine/Transient.REINST_GameSettings_C_11:ExecuteUbergraph_GameSettings
[2018.07.22-16.48.56:093][965]LogUObjectGlobals: Destroyed PersistentFrame Addr=0x0000016a78272200, Size=320
[2018.07.22-16.48.56:093][965]LogUObjectGlobals: Created PersistentFrame Addr=0x0000016a0605f9c0, Size=320, Default__LobbyMenu_C Function /Engine/Transient.REINST_LobbyMenu_C_12:ExecuteUbergraph_LobbyMenu
[2018.07.22-16.48.56:095][965]LogUObjectGlobals: Destroyed PersistentFrame Addr=0x0000016a78123580, Size=880
[2018.07.22-16.48.56:096][965]LogUObjectGlobals: Created PersistentFrame Addr=0x0000016a14763900, Size=880, Default__LobbyPC_C Function /Engine/Transient.REINST_LobbyPC_C_30:ExecuteUbergraph_LobbyPC
[2018.07.22-16.48.56:096][965]LogUObjectGlobals: Destroyed PersistentFrame Addr=0x0000016a7820f2e0, Size=32
[2018.07.22-16.48.56:096][965]LogUObjectGlobals: Created PersistentFrame Addr=0x0000016a147dc560, Size=32, Default__PlayerButton_C Function /Engine/Transient.REINST_PlayerButton_C_13:ExecuteUbergraph_PlayerButton
[2018.07.22-16.48.56:096][965]LogUObjectGlobals: Destroyed PersistentFrame Addr=0x0000016a0485ba00, Size=688
[2018.07.22-16.48.56:096][965]LogUObjectGlobals: Created PersistentFrame Addr=0x0000016a1477d600, Size=688, Default__Character_1_C Function /Engine/Transient.REINST_0_Base_C_28:ExecuteUbergraph_0_Base
[2018.07.22-16.48.56:097][965]LogUObjectGlobals: Destroyed PersistentFrame Addr=0x0000016a04858d00, Size=688
[2018.07.22-16.48.56:097][965]LogUObjectGlobals: Created PersistentFrame Addr=0x0000016a1477d300, Size=688, Default__Character_2_C Function /Engine/Transient.REINST_0_Base_C_28:ExecuteUbergraph_0_Base
[2018.07.22-16.48.56:097][965]LogUObjectGlobals: Destroyed PersistentFrame Addr=0x0000016a06085600, Size=688
[2018.07.22-16.48.56:097][965]LogUObjectGlobals: Created PersistentFrame Addr=0x0000016a1477cd00, Size=688, Default__Character_3_C Function /Engine/Transient.REINST_0_Base_C_28:ExecuteUbergraph_0_Base
[2018.07.22-16.48.56:097][965]LogUObjectGlobals: Destroyed PersistentFrame Addr=0x0000016a06085f00, Size=688
[2018.07.22-16.48.56:097][965]LogUObjectGlobals: Created PersistentFrame Addr=0x0000016a1477c700, Size=688, Default__Character_4_C Function /Engine/Transient.REINST_0_Base_C_28:ExecuteUbergraph_0_Base
[2018.07.22-16.48.56:097][965]LogUObjectGlobals: Destroyed PersistentFrame Addr=0x0000016a06084a00, Size=688
[2018.07.22-16.48.56:097][965]LogUObjectGlobals: Created PersistentFrame Addr=0x0000016a1477c400, Size=688, Default__Character_5_C Function /Engine/Transient.REINST_0_Base_C_28:ExecuteUbergraph_0_Base
[2018.07.22-16.48.56:098][965]LogUObjectGlobals: Destroyed PersistentFrame Addr=0x0000016a06087d00, Size=688
[2018.07.22-16.48.56:098][965]LogUObjectGlobals: Created PersistentFrame Addr=0x0000016a1477c100, Size=688, Default__Character_6_C Function /Engine/Transient.REINST_0_Base_C_28:ExecuteUbergraph_0_Base
[2018.07.22-16.48.56:098][965]LogUObjectGlobals: Destroyed PersistentFrame Addr=0x0000016a784ad280, Size=224
[2018.07.22-16.48.56:098][965]LogUObjectGlobals: Created PersistentFrame Addr=0x0000016a1476aa20, Size=224, Default__GameplayGM_C Function /Engine/Transient.REINST_GameplayGM_C_37:ExecuteUbergraph_GameplayGM
[2018.07.22-16.48.56:100][965]LogUObjectGlobals: Destroyed PersistentFrame Addr=0x0000016a784c3100, Size=768
[2018.07.22-16.48.56:100][965]LogUObjectGlobals: Created PersistentFrame Addr=0x0000016a06085600, Size=768, Default__LobbyGM_C Function /Engine/Transient.REINST_LobbyGM_C_38:ExecuteUbergraph_LobbyGM
[2018.07.22-16.48.56:239][965]LogUObjectGlobals: Created PersistentFrame Addr=0x0000016a14b84600, Size=64, Default__FirstPerson_AnimBP_C Function /Game/FirstPerson/Animations/FirstPerson_AnimBP.FirstPerson_AnimBP_C:ExecuteUbergraph_FirstPerson_AnimBP
[2018.07.22-16.48.56:240][965]LogUObjectGlobals: Created PersistentFrame Addr=0x0000016a14a7f900, Size=256, Default__FirstPersonProjectile_C Function /Game/FirstPersonBP/Blueprints/FirstPersonProjectile.FirstPersonProjectile_C:ExecuteUbergraph_FirstPersonProjectile
[2018.07.22-16.48.56:245][965]LogUObjectGlobals: Created PersistentFrame Addr=0x0000016a78672b00, Size=688, Default__0_Base_C Function /Game/Blueprints/Characters/0_Base.0_Base_C:ExecuteUbergraph_0_Base
[2018.07.22-16.48.56:249][965]LogUObjectGlobals: Created PersistentFrame Addr=0x0000016a14a79530, Size=80, Default__CharacterSelect_C Function /Game/UI/Lobby/CharacterSelect.CharacterSelect_C:ExecuteUbergraph_CharacterSelect
[2018.07.22-16.48.56:252][965]LogUObjectGlobals: Created PersistentFrame Addr=0x0000016a14b447c0, Size=320, Default__ChatWindow_C Function /Game/UI/AllLevels/ChatWindow.ChatWindow_C:ExecuteUbergraph_ChatWindow
[2018.07.22-16.48.56:253][965]LogUObjectGlobals: Created PersistentFrame Addr=0x0000016a14baf1d0, Size=4, Default__ConnectedPlayer_C Function /Game/UI/Lobby/ConnectedPlayer.ConnectedPlayer_C:ExecuteUbergraph_ConnectedPlayer
[2018.07.22-16.48.56:256][965]LogUObjectGlobals: Created PersistentFrame Addr=0x0000016a14b44180, Size=288, Default__GameplayPC_C Function /Game/Blueprints/Gameplay/GameplayPC.GameplayPC_C:ExecuteUbergraph_GameplayPC
[2018.07.22-16.48.56:261][965]LogUObjectGlobals: Created PersistentFrame Addr=0x0000016a165e93c0, Size=192, Default__GameSettings_C Function /Game/UI/Lobby/GameSettings.GameSettings_C:ExecuteUbergraph_GameSettings
[2018.07.22-16.48.56:268][965]LogUObjectGlobals: Created PersistentFrame Addr=0x0000016a165d3c40, Size=320, Default__LobbyMenu_C Function /Game/UI/Lobby/LobbyMenu.LobbyMenu_C:ExecuteUbergraph_LobbyMenu
[2018.07.22-16.48.56:277][965]LogUObjectGlobals: Created PersistentFrame Addr=0x0000016a1656e400, Size=880, Default__LobbyPC_C Function /Game/Blueprints/Lobby/LobbyPC.LobbyPC_C:ExecuteUbergraph_LobbyPC
[2018.07.22-16.48.56:280][965]LogUObjectGlobals: Created PersistentFrame Addr=0x0000016a16550fe0, Size=32, Default__PlayerButton_C Function /Game/UI/Lobby/PlayerButton.PlayerButton_C:ExecuteUbergraph_PlayerButton
[2018.07.22-16.48.56:280][965]LogUObjectGlobals: Created PersistentFrame Addr=0x0000016a1652a800, Size=688, Default__Character_1_C Function /Game/Blueprints/Characters/0_Base.0_Base_C:ExecuteUbergraph_0_Base
[2018.07.22-16.48.56:280][965]LogUObjectGlobals: Created PersistentFrame Addr=0x0000016a1652a200, Size=688, Default__Character_2_C Function /Game/Blueprints/Characters/0_Base.0_Base_C:ExecuteUbergraph_0_Base
[2018.07.22-16.48.56:281][965]LogUObjectGlobals: Created PersistentFrame Addr=0x0000016a16529f00, Size=688, Default__Character_3_C Function /Game/Blueprints/Characters/0_Base.0_Base_C:ExecuteUbergraph_0_Base
[2018.07.22-16.48.56:281][965]LogUObjectGlobals: Created PersistentFrame Addr=0x0000016a16529600, Size=688, Default__Character_4_C Function /Game/Blueprints/Characters/0_Base.0_Base_C:ExecuteUbergraph_0_Base
[2018.07.22-16.48.56:281][965]LogUObjectGlobals: Created PersistentFrame Addr=0x0000016a16529000, Size=688, Default__Character_5_C Function /Game/Blueprints/Characters/0_Base.0_Base_C:ExecuteUbergraph_0_Base
[2018.07.22-16.48.56:281][965]LogUObjectGlobals: Created PersistentFrame Addr=0x0000016a16528d00, Size=688, Default__Character_6_C Function /Game/Blueprints/Characters/0_Base.0_Base_C:ExecuteUbergraph_0_Base
[2018.07.22-16.48.56:283][965]LogUObjectGlobals: Created PersistentFrame Addr=0x0000016a14ad11a0, Size=208, Default__GameplayGM_C Function /Game/Blueprints/Gameplay/GameplayGM.GameplayGM_C:ExecuteUbergraph_GameplayGM
[2018.07.22-16.48.56:291][965]LogUObjectGlobals: Created PersistentFrame Addr=0x0000016a1656c480, Size=784, Default__LobbyGM_C Function /Game/Blueprints/Lobby/LobbyGM.LobbyGM_C:ExecuteUbergraph_LobbyGM
[2018.07.22-16.48.56:575][965]LogSkeletalMesh: Skeletal Mesh found in DDC [11.429568ms] /Game/FirstPerson/Character/Mesh/SK_Mannequin_Arms.SK_Mannequin_Arms
[2018.07.22-16.48.56:588][965]LogSkeletalMesh: Skeletal Mesh found in DDC [8.318852ms] /Game/FirstPerson/FPWeapon/Mesh/SK_FPGun.SK_FPGun
[2018.07.22-16.48.56:683][965]LogAIModule: Creating AISystem for world Lobby
[2018.07.22-16.48.56:683][965]LogLoad: Game class is 'LobbyGM_C'
[2018.07.22-16.48.56:684][965]LogOnline: Warning: STEAM: Steamworks: SteamUtils() failed!
[2018.07.22-16.48.56:684][965]LogOnline: Warning: STEAM: Steamworks: SteamUser() failed!
[2018.07.22-16.48.56:684][965]LogOnline: Warning: STEAM: Steamworks: SteamFriends() failed!
[2018.07.22-16.48.56:684][965]LogOnline: Warning: STEAM: Steamworks: SteamRemoteStorage() failed!
[2018.07.22-16.48.56:684][965]LogOnline: Warning: STEAM: Steamworks: SteamUserStats() failed!
[2018.07.22-16.48.56:684][965]LogOnline: Warning: STEAM: Steamworks: SteamMatchmakingServers() failed!
[2018.07.22-16.48.56:684][965]LogOnline: Warning: STEAM: Steamworks: SteamApps() failed!
[2018.07.22-16.48.56:684][965]LogOnline: Warning: STEAM: Steamworks: SteamNetworking() failed!
[2018.07.22-16.48.56:685][965]LogOnline: Warning: STEAM: Steamworks: SteamMatchmaking() failed!
[2018.07.22-16.48.56:685][965]LogOnline: Display: STEAM: OnlineSubsystemSteam::Shutdown()
[2018.07.22-16.48.56:685][965]LogOnline: Warning: STEAM: Steam API failed to initialize!
[2018.07.22-16.48.56:685][965]LogOnline: Display: STEAM: OnlineSubsystemSteam::Shutdown()
[2018.07.22-16.48.56:686][965]LogTemp: Display: ParseSettings for GameNetDriver
[2018.07.22-16.48.56:686][965]LogTemp: Display: ParseSettings for IpNetDriver_0
[2018.07.22-16.48.56:686][965]LogTemp: Display: ParseSettings for GameNetDriver
[2018.07.22-16.48.56:686][965]LogInit: WinSock: Socket queue 131072 / 131072
[2018.07.22-16.48.56:687][965]PacketHandlerLog: Loaded PacketHandler component: Engine.EngineHandlerComponentFactory (StatelessConnectHandlerComponent)
[2018.07.22-16.48.56:687][965]LogNet: GameNetDriver IpNetDriver_0 IpNetDriver listening on port 7777
[2018.07.22-16.48.56:690][965]LogWorld: Bringing World /Game/Maps/Lobby.Lobby up for play (max tick rate 0) at 2018.07.22-17.48.56
[2018.07.22-16.48.56:690][965]LogWorld: Bringing up level for play took: 0.002783
[2018.07.22-16.48.56:713][965]LogGameMode: Display: Match State Changed from EnteringMap to WaitingToStart
[2018.07.22-16.48.56:713][965]LogGameState: Match State Changed from EnteringMap to WaitingToStart
[2018.07.22-16.48.56:713][965]LogGameMode: Display: Match State Changed from WaitingToStart to InProgress
[2018.07.22-16.48.56:714][965]LogGameState: Match State Changed from WaitingToStart to InProgress
[2018.07.22-16.48.56:714][965]LogLoad: Took 1.211215 seconds to LoadMap(/Game/Maps/Lobby)
[2018.07.22-16.49.00:558][166]LogSlate: FSceneViewport::OnFocusLost() reason 0
[2018.07.22-16.49.04:910][408]PIE: Warning: This widget does not support focus.  If this is a UserWidget, you should set bIsFocusable to true.
[2018.07.22-16.49.06:152][477]LogSlate: FSceneViewport::OnFocusLost() reason 0
[2018.07.22-16.49.08:709][619]PIE: Warning: This widget does not support focus.  If this is a UserWidget, you should set bIsFocusable to true.
[2018.07.22-16.49.13:769][899]LogSlate: FSceneViewport::OnFocusLost() reason 0
[2018.07.22-16.49.24:822][514]LogSlate: FSceneViewport::OnFocusLost() reason 0
[2018.07.22-16.49.24:879][517]LogGameMode: Display: Match State Changed from InProgress to LeavingMap
[2018.07.22-16.49.24:879][517]LogGameState: Match State Changed from InProgress to LeavingMap
[2018.07.22-16.49.24:908][517]LogGameMode: ProcessServerTravel: /Game/Maps/Map02
[2018.07.22-16.49.24:908][517]LogWorld: SeamlessTravel to: /Game/Maps/Map02
[2018.07.22-16.49.24:953][518]LogUObjectGlobals: Destroyed PersistentFrame Addr=0x0000016a148a5c00, Size=688
[2018.07.22-16.49.24:953][518]LogUObjectGlobals: Destroyed PersistentFrame Addr=0x0000016a06085600, Size=768
[2018.07.22-16.49.24:955][518]LogUObjectGlobals: Destroyed PersistentFrame Addr=0x0000016a7826cd00, Size=256
[2018.07.22-16.49.24:955][518]LogUObjectGlobals: Destroyed PersistentFrame Addr=0x0000016a148ca2f0, Size=72
[2018.07.22-16.49.24:955][518]LogUObjectGlobals: Destroyed PersistentFrame Addr=0x0000016a14763900, Size=880
[2018.07.22-16.49.24:955][518]LogUObjectGlobals: Destroyed PersistentFrame Addr=0x0000016a0605f9c0, Size=320
[2018.07.22-16.49.24:955][518]LogUObjectGlobals: Destroyed PersistentFrame Addr=0x0000016a0605f100, Size=320
[2018.07.22-16.49.24:955][518]LogUObjectGlobals: Destroyed PersistentFrame Addr=0x0000016a0605f4c0, Size=288
[2018.07.22-16.49.24:955][518]LogUObjectGlobals: Destroyed PersistentFrame Addr=0x0000016a1476aa20, Size=224
[2018.07.22-16.49.24:955][518]LogUObjectGlobals: Destroyed PersistentFrame Addr=0x0000016a148c91c0, Size=80
[2018.07.22-16.49.24:955][518]LogUObjectGlobals: Destroyed PersistentFrame Addr=0x0000016a149a8400, Size=192
[2018.07.22-16.49.24:955][518]LogUObjectGlobals: Destroyed PersistentFrame Addr=0x0000016a147dc560, Size=32
[2018.07.22-16.49.24:955][518]LogUObjectGlobals: Destroyed PersistentFrame Addr=0x0000016a78538910, Size=4
[2018.07.22-16.49.24:955][518]LogUObjectGlobals: Destroyed PersistentFrame Addr=0x0000016a1477d600, Size=688
[2018.07.22-16.49.24:955][518]LogUObjectGlobals: Destroyed PersistentFrame Addr=0x0000016a1477d300, Size=688
[2018.07.22-16.49.24:955][518]LogUObjectGlobals: Destroyed PersistentFrame Addr=0x0000016a1477cd00, Size=688
[2018.07.22-16.49.24:955][518]LogUObjectGlobals: Destroyed PersistentFrame Addr=0x0000016a1477c700, Size=688
[2018.07.22-16.49.24:955][518]LogUObjectGlobals: Destroyed PersistentFrame Addr=0x0000016a1477c400, Size=688
[2018.07.22-16.49.24:955][518]LogUObjectGlobals: Destroyed PersistentFrame Addr=0x0000016a1477c100, Size=688
[2018.07.22-16.49.24:962][518]LogAIModule: Creating AISystem for world TravelMap
[2018.07.22-16.49.24:964][518]LogStats:     SeamlessTravel FlushLevelStreaming  -  0.001 s
[2018.07.22-16.49.24:964][518]LogWorld: Bringing World /Game/Maps/TravelMap.TravelMap up for play (max tick rate 0) at 2018.07.22-17.49.24
[2018.07.22-16.49.24:964][518]LogWorld: Bringing up level for play took: 0.000572
[2018.07.22-16.49.24:965][518]LogWorld: Sending NotifyLoadedWorld for LP: LocalPlayer_0 PC: LobbyPC_C_0
[2018.07.22-16.49.24:965][518]LogNet: Verbose: NotifyLoadedWorld Begin
[2018.07.22-16.49.24:965][518]LogNet: VeryVerbose: GetFunctionCallspace Server calling Server function: ServerNotifyLoadedWorld Local
[2018.07.22-16.49.24:965][518]LogNet: Verbose: NotifyLoadedWorld End
[2018.07.22-16.49.24:965][518]LogWorld: StartLoadingDestination to: /Game/Maps/Map02
[2018.07.22-16.49.25:414][526]LogAIModule: Creating AISystem for world Map02
[2018.07.22-16.49.25:414][526]LogLoad: Game class is 'GameplayGM_C'
[2018.07.22-16.49.25:415][526]LogStats:     SeamlessTravel FlushLevelStreaming  -  0.001 s
[2018.07.22-16.49.25:420][526]LogWorld: Bringing World /Game/Maps/Map02.Map02 up for play (max tick rate 0) at 2018.07.22-17.49.25
[2018.07.22-16.49.25:420][526]LogWorld: Bringing up level for play took: 0.004537
[2018.07.22-16.49.25:420][526]LogWorld: Sending NotifyLoadedWorld for LP: LocalPlayer_0 PC: LobbyPC_C_0
[2018.07.22-16.49.25:420][526]LogNet: Verbose: NotifyLoadedWorld Begin
[2018.07.22-16.49.25:420][526]LogNet: VeryVerbose: GetFunctionCallspace Server calling Server function: ServerNotifyLoadedWorld Local
[2018.07.22-16.49.25:420][526]LogNet: Verbose: NotifyLoadedWorld End
[2018.07.22-16.49.25:420][526]LogWorld: ----SeamlessTravel finished in 0.51 seconds ------
[2018.07.22-16.49.25:420][526]LogGameMode: >> GameMode::HandleSeamlessTravelPlayer: LobbyPC_C_0 
[2018.07.22-16.49.25:422][526]LogGameMode: << GameMode::HandleSeamlessTravelPlayer: GameplayPC_C_0
[2018.07.22-16.49.25:422][526]LogGameMode: Display: Match State Changed from EnteringMap to WaitingToStart
[2018.07.22-16.49.25:422][526]LogGameState: Match State Changed from EnteringMap to WaitingToStart
[2018.07.22-16.49.25:422][526]LogGameMode: Display: Match State Changed from WaitingToStart to InProgress
[2018.07.22-16.49.25:430][526]LogGameState: Match State Changed from WaitingToStart to InProgress
[2018.07.22-16.49.40:124][321]LogSlate: Window 'FPBG (64-bit, PCD3D_SM5) ' being destroyed
[2018.07.22-16.49.40:125][321]LogWindowsTextInputMethodSystem: Display: IME system now deactivated.
[2018.07.22-16.49.40:131][321]LogOnline: Warning: OSS: No game present to leave for session (GameSession)
[2018.07.22-16.49.40:131][321]LogEngine: All Windows Closed
[2018.07.22-16.49.40:131][321]LogWindows: FPlatformMisc::RequestExit(0)
[2018.07.22-16.49.40:164][322]LogNet: World NetDriver shutdown IpNetDriver_0 [GameNetDriver]
[2018.07.22-16.49.40:165][322]LogNet: DestroyNamedNetDriver IpNetDriver_0 [GameNetDriver]
[2018.07.22-16.49.40:165][322]LogExit: GameNetDriver IpNetDriver_0 shut down
[2018.07.22-16.49.40:786][322]LogSlate: Slate User Destroyed.  User Index 0, Is Virtual User: 0
[2018.07.22-16.49.40:786][322]LogExit: Preparing to exit.
[2018.07.22-16.49.40:787][322]LogMoviePlayer: Shutting down movie player
[2018.07.22-16.49.41:901][322]LogExit: Game engine shut down
[2018.07.22-16.49.41:921][322]LogUObjectGlobals: Destroyed PersistentFrame Addr=0x0000016a781bc900, Size=608
[2018.07.22-16.49.41:922][322]LogUObjectGlobals: Destroyed PersistentFrame Addr=0x0000016a6a3566b0, Size=40
[2018.07.22-16.49.41:922][322]LogUObjectGlobals: Destroyed PersistentFrame Addr=0x0000016a78254e20, Size=96
[2018.07.22-16.49.41:922][322]LogUObjectGlobals: Destroyed PersistentFrame Addr=0x0000016a785ac410, Size=56
[2018.07.22-16.49.41:922][322]LogUObjectGlobals: Destroyed PersistentFrame Addr=0x0000016a78102390, Size=104
[2018.07.22-16.49.41:922][322]LogUObjectGlobals: Destroyed PersistentFrame Addr=0x0000016a7812ec00, Size=592
[2018.07.22-16.49.41:927][322]LogUObjectGlobals: Destroyed PersistentFrame Addr=0x0000016a14b84600, Size=64
[2018.07.22-16.49.41:927][322]LogUObjectGlobals: Destroyed PersistentFrame Addr=0x0000016a14a7f900, Size=256
[2018.07.22-16.49.41:927][322]LogUObjectGlobals: Destroyed PersistentFrame Addr=0x0000016a78672b00, Size=688
[2018.07.22-16.49.41:928][322]LogUObjectGlobals: Destroyed PersistentFrame Addr=0x0000016a14a79530, Size=80
[2018.07.22-16.49.41:928][322]LogUObjectGlobals: Destroyed PersistentFrame Addr=0x0000016a14b447c0, Size=320
[2018.07.22-16.49.41:928][322]LogUObjectGlobals: Destroyed PersistentFrame Addr=0x0000016a14baf1d0, Size=4
[2018.07.22-16.49.41:928][322]LogUObjectGlobals: Destroyed PersistentFrame Addr=0x0000016a14b44180, Size=288
[2018.07.22-16.49.41:928][322]LogUObjectGlobals: Destroyed PersistentFrame Addr=0x0000016a165e93c0, Size=192
[2018.07.22-16.49.41:928][322]LogUObjectGlobals: Destroyed PersistentFrame Addr=0x0000016a165d3c40, Size=320
[2018.07.22-16.49.41:928][322]LogUObjectGlobals: Destroyed PersistentFrame Addr=0x0000016a1656e400, Size=880
[2018.07.22-16.49.41:928][322]LogUObjectGlobals: Destroyed PersistentFrame Addr=0x0000016a16550fe0, Size=32
[2018.07.22-16.49.41:928][322]LogUObjectGlobals: Destroyed PersistentFrame Addr=0x0000016a1652a800, Size=688
[2018.07.22-16.49.41:928][322]LogUObjectGlobals: Destroyed PersistentFrame Addr=0x0000016a1652a200, Size=688
[2018.07.22-16.49.41:928][322]LogUObjectGlobals: Destroyed PersistentFrame Addr=0x0000016a16529f00, Size=688
[2018.07.22-16.49.41:928][322]LogUObjectGlobals: Destroyed PersistentFrame Addr=0x0000016a16529600, Size=688
[2018.07.22-16.49.41:928][322]LogUObjectGlobals: Destroyed PersistentFrame Addr=0x0000016a16529000, Size=688
[2018.07.22-16.49.41:928][322]LogUObjectGlobals: Destroyed PersistentFrame Addr=0x0000016a16528d00, Size=688
[2018.07.22-16.49.41:928][322]LogUObjectGlobals: Destroyed PersistentFrame Addr=0x0000016a14ad11a0, Size=208
[2018.07.22-16.49.41:928][322]LogUObjectGlobals: Destroyed PersistentFrame Addr=0x0000016a1656c480, Size=784
[2018.07.22-16.49.42:114][322]LogExit: Object subsystem successfully closed.
[2018.07.22-16.49.42:151][322]LogShaderCompilers: Display: Shaders left to compile 0
[2018.07.22-16.49.42:160][322]LogD3D11RHI: Shutdown
[2018.07.22-16.49.42:160][322]LogD3D11RHI: CleanupD3DDevice
[2018.07.22-16.49.42:167][322]LogD3D11RHI: ~FD3D11DynamicRHI
[2018.07.22-16.49.42:182][322]LogModuleManager: Shutting down and abandoning module SequenceRecorderSections (336)
[2018.07.22-16.49.42:182][322]LogModuleManager: Shutting down and abandoning module SequenceRecorder (334)
[2018.07.22-16.49.42:182][322]LogModuleManager: Shutting down and abandoning module AutomationController (332)
[2018.07.22-16.49.42:182][322]LogModuleManager: Shutting down and abandoning module AutomationWorker (330)
[2018.07.22-16.49.42:182][322]LogModuleManager: Shutting down and abandoning module Voice (328)
[2018.07.22-16.49.42:182][322]LogModuleManager: Shutting down and abandoning module AIModule (326)
[2018.07.22-16.49.42:182][322]LogModuleManager: Shutting down and abandoning module GameplayDebugger (325)
[2018.07.22-16.49.42:182][322]LogModuleManager: Shutting down and abandoning module AITestSuite (323)
[2018.07.22-16.49.42:182][322]LogModuleManager: Shutting down and abandoning module WmfMediaFactory (320)
[2018.07.22-16.49.42:182][322]LogModuleManager: Shutting down and abandoning module OpenExrWrapper (318)
[2018.07.22-16.49.42:182][322]LogModuleManager: Shutting down and abandoning module ImgMediaFactory (316)
[2018.07.22-16.49.42:182][322]LogModuleManager: Shutting down and abandoning module AvfMediaFactory (314)
[2018.07.22-16.49.42:182][322]LogModuleManager: Shutting down and abandoning module CharacterAI (312)
[2018.07.22-16.49.42:182][322]LogModuleManager: Shutting down and abandoning module SessionServices (310)
[2018.07.22-16.49.42:182][322]LogModuleManager: Shutting down and abandoning module MovieSceneCapture (308)
[2018.07.22-16.49.42:182][322]LogModuleManager: Shutting down and abandoning module MovieSceneTracks (306)
[2018.07.22-16.49.42:183][322]LogModuleManager: Shutting down and abandoning module MovieScene (304)
[2018.07.22-16.49.42:183][322]LogModuleManager: Shutting down and abandoning module GeometryCache (302)
[2018.07.22-16.49.42:183][322]LogModuleManager: Shutting down and abandoning module GeometryCacheEd (301)
[2018.07.22-16.49.42:183][322]LogModuleManager: Shutting down and abandoning module StreamingPauseRendering (298)
[2018.07.22-16.49.42:183][322]LogModuleManager: Shutting down and abandoning module PortalServices (296)
[2018.07.22-16.49.42:183][322]LogModuleManager: Shutting down and abandoning module PortalRpc (294)
[2018.07.22-16.49.42:183][322]LogModuleManager: Shutting down and abandoning module MessagingRpc (292)
[2018.07.22-16.49.42:183][322]LogModuleManager: Shutting down and abandoning module ProfilerService (290)
[2018.07.22-16.49.42:330][322]LogModuleManager: Shutting down and abandoning module TaskGraph (288)
[2018.07.22-16.49.42:330][322]LogModuleManager: Shutting down and abandoning module SteamVRController (286)
[2018.07.22-16.49.42:330][322]LogModuleManager: Shutting down and abandoning module ProceduralMeshComponent (284)
[2018.07.22-16.49.42:330][322]LogModuleManager: Shutting down and abandoning module OculusInput (282)
[2018.07.22-16.49.42:330][322]LogModuleManager: Shutting down and abandoning module MobilePatchingUtils (280)
[2018.07.22-16.49.42:330][322]LogModuleManager: Shutting down and abandoning module CustomMeshComponent (278)
[2018.07.22-16.49.42:331][322]LogModuleManager: Shutting down and abandoning module CableComponent (276)
[2018.07.22-16.49.42:331][322]LogModuleManager: Shutting down and abandoning module AudioCapture (274)
[2018.07.22-16.49.42:331][322]LogModuleManager: Shutting down and abandoning module ArchVisCharacter (272)
[2018.07.22-16.49.42:331][322]LogModuleManager: Shutting down and abandoning module AndroidPermission (270)
[2018.07.22-16.49.42:331][322]LogModuleManager: Shutting down and abandoning module NUTUnrealEngine4 (268)
[2018.07.22-16.49.42:331][322]LogModuleManager: Shutting down and abandoning module NetcodeUnitTest (266)
[2018.07.22-16.49.42:331][322]LogModuleManager: Shutting down and abandoning module MediaCompositing (264)
[2018.07.22-16.49.42:331][322]LogModuleManager: Shutting down and abandoning module LinearTimecode (262)
[2018.07.22-16.49.42:331][322]LogModuleManager: Shutting down and abandoning module ImgMedia (260)
[2018.07.22-16.49.42:334][322]LogModuleManager: Shutting down and abandoning module HTML5Networking (258)
[2018.07.22-16.49.42:334][322]LogModuleManager: Shutting down and abandoning module DatasmithContent (256)
[2018.07.22-16.49.42:335][322]LogModuleManager: Shutting down and abandoning module CryptoKeysOpenSSL (254)
[2018.07.22-16.49.42:335][322]LogModuleManager: Shutting down and abandoning module CryptoKeys (252)
[2018.07.22-16.49.42:335][322]LogModuleManager: Shutting down and abandoning module VisualStudioSourceCodeAccess (250)
[2018.07.22-16.49.42:335][322]LogModuleManager: Shutting down and abandoning module HotReload (249)
[2018.07.22-16.49.42:335][322]LogModuleManager: Shutting down and abandoning module DirectoryWatcher (248)
[2018.07.22-16.49.42:335][322]LogModuleManager: Shutting down and abandoning module VisualStudioCodeSourceCodeAccess (244)
[2018.07.22-16.49.42:335][322]LogModuleManager: Shutting down and abandoning module UObjectPlugin (242)
[2018.07.22-16.49.42:335][322]LogModuleManager: Shutting down and abandoning module SubversionSourceControl (240)
[2018.07.22-16.49.42:335][322]LogModuleManager: Shutting down and abandoning module PerforceSourceControl (238)
[2018.07.22-16.49.42:335][322]LogModuleManager: Shutting down and abandoning module SourceControl (237)
[2018.07.22-16.49.42:335][322]LogModuleManager: Shutting down and abandoning module CLionSourceCodeAccess (234)
[2018.07.22-16.49.42:335][322]LogModuleManager: Shutting down and abandoning module RuntimePhysXCooking (232)
[2018.07.22-16.49.42:335][322]LogModuleManager: Shutting down and abandoning module PhysXVehiclesEditor (230)
[2018.07.22-16.49.42:335][322]LogModuleManager: Shutting down and abandoning module PhysXVehicles (228)
[2018.07.22-16.49.42:335][322]LogModuleManager: Shutting down and abandoning module LocationServicesBPLibrary (226)
[2018.07.22-16.49.42:335][322]LogModuleManager: Shutting down and abandoning module ImmediatePhysicsEditor (224)
[2018.07.22-16.49.42:335][322]LogModuleManager: Shutting down and abandoning module ImmediatePhysics (222)
[2018.07.22-16.49.42:335][322]LogModuleManager: Shutting down and abandoning module ActorSequence (220)
[2018.07.22-16.49.42:335][322]LogModuleManager: Shutting down and abandoning module UdpMessaging (218)
[2018.07.22-16.49.42:436][322]LogModuleManager: Shutting down and abandoning module TcpMessaging (216)
[2018.07.22-16.49.42:731][322]LogModuleManager: Shutting down and abandoning module GameplayTagsEditor (214)
[2018.07.22-16.49.42:732][322]LogModuleManager: Shutting down and abandoning module FacialAnimation (212)
[2018.07.22-16.49.42:732][322]LogModuleManager: Shutting down and abandoning module DataValidation (210)
[2018.07.22-16.49.42:732][322]LogModuleManager: Shutting down and abandoning module AssetManagerEditor (208)
[2018.07.22-16.49.42:732][322]LogModuleManager: Shutting down and abandoning module TreeMap (207)
[2018.07.22-16.49.42:732][322]LogModuleManager: Shutting down and abandoning module LightPropagationVolumeRuntime (204)
[2018.07.22-16.49.42:732][322]LogModuleManager: Shutting down and abandoning module LiveLink (202)
[2018.07.22-16.49.43:381][322]LogModuleManager: Shutting down and abandoning module Paper2D (200)
[2018.07.22-16.49.43:382][322]LogModuleManager: Shutting down and abandoning module PIEPreviewDeviceProfileSelector (198)
[2018.07.22-16.49.43:382][322]LogModuleManager: Shutting down and abandoning module WindowsMoviePlayer (196)
[2018.07.22-16.49.43:382][322]LogModuleManager: Shutting down and abandoning module WmfMedia (194)
[2018.07.22-16.49.43:383][322]LogModuleManager: Shutting down and abandoning module Media (193)
[2018.07.22-16.49.43:390][322]LogModuleManager: Shutting down and abandoning module PacketHandler (190)
[2018.07.22-16.49.43:390][322]LogModuleManager: Shutting down and abandoning module ClothingSystemEditor (188)
[2018.07.22-16.49.43:390][322]LogModuleManager: Shutting down and abandoning module ClothingSystemRuntime (186)
[2018.07.22-16.49.43:390][322]LogModuleManager: Shutting down and abandoning module MediaAssets (184)
[2018.07.22-16.49.43:390][322]LogModuleManager: Shutting down and abandoning module Overlay (182)
[2018.07.22-16.49.43:390][322]LogModuleManager: Shutting down and abandoning module OverlayEditor (181)
[2018.07.22-16.49.43:390][322]LogModuleManager: Shutting down and abandoning module VREditor (178)
[2018.07.22-16.49.43:390][322]LogModuleManager: Shutting down and abandoning module StringTableEditor (176)
[2018.07.22-16.49.43:390][322]LogModuleManager: Shutting down and abandoning module GameplayTasksEditor (174)
[2018.07.22-16.49.43:390][322]LogModuleManager: Shutting down and abandoning module BehaviorTreeEditor (172)
[2018.07.22-16.49.43:390][322]LogModuleManager: Shutting down and abandoning module FunctionalTesting (170)
[2018.07.22-16.49.43:390][322]LogModuleManager: Shutting down and abandoning module CollisionAnalyzer (168)
[2018.07.22-16.49.43:390][322]LogModuleManager: Shutting down and abandoning module WorkspaceMenuStructure (167)
[2018.07.22-16.49.43:390][322]LogModuleManager: Shutting down and abandoning module UMG (164)
[2018.07.22-16.49.43:390][322]LogModuleManager: Shutting down and abandoning module UMGEditor (163)
[2018.07.22-16.49.43:390][322]LogModuleManager: Shutting down and abandoning module Sequencer (162)
[2018.07.22-16.49.43:391][322]LogModuleManager: Shutting down and abandoning module MessageLog (159)
[2018.07.22-16.49.43:391][322]LogModuleManager: Shutting down and abandoning module SlateReflector (154)
[2018.07.22-16.49.43:391][322]LogModuleManager: Shutting down and abandoning module Slate (152)
[2018.07.22-16.49.43:391][322]LogModuleManager: Shutting down and abandoning module EditorStyle (150)
[2018.07.22-16.49.43:394][322]LogModuleManager: Shutting down and abandoning module MRMesh (148)
[2018.07.22-16.49.43:394][322]LogModuleManager: Shutting down and abandoning module Messaging (146)
[2018.07.22-16.49.43:394][322]LogModuleManager: Shutting down and abandoning module SourceCodeAccess (144)
[2018.07.22-16.49.43:394][322]LogModuleManager: Shutting down and abandoning module HeadMountedDisplay (142)
[2018.07.22-16.49.43:394][322]LogModuleManager: Shutting down and abandoning module XAudio2 (140)
[2018.07.22-16.49.43:394][322]LogModuleManager: Shutting down and abandoning module Networking (138)
[2018.07.22-16.49.43:394][322]LogModuleManager: Shutting down and abandoning module Core (136)
[2018.07.22-16.49.43:394][322]LogModuleManager: Shutting down and abandoning module LevelSequence (134)
[2018.07.22-16.49.43:394][322]LogModuleManager: Shutting down and abandoning module KismetCompiler (132)
[2018.07.22-16.49.43:394][322]LogModuleManager: Shutting down and abandoning module MeshUtilities (130)
[2018.07.22-16.49.43:394][322]LogModuleManager: Shutting down and abandoning module MeshMergeUtilities (129)
[2018.07.22-16.49.43:395][322]LogModuleManager: Shutting down and abandoning module MeshReductionInterface (128)
[2018.07.22-16.49.43:395][322]LogModuleManager: Shutting down and abandoning module SimplygonSwarm (127)
[2018.07.22-16.49.43:395][322]LogModuleManager: Shutting down and abandoning module SimplygonMeshReduction (125)
[2018.07.22-16.49.43:395][322]LogModuleManager: Shutting down and abandoning module QuadricMeshReduction (123)
[2018.07.22-16.49.43:395][322]LogModuleManager: Shutting down and abandoning module MaterialBaking (119)
[2018.07.22-16.49.43:395][322]LogModuleManager: Shutting down and abandoning module DerivedDataCache (114)
[2018.07.22-16.49.43:791][322]LogDerivedDataCache: Shutdown
[2018.07.22-16.49.43:791][322]LogModuleManager: Shutting down and abandoning module XGEController (112)
[2018.07.22-16.49.43:791][322]LogModuleManager: Shutting down and abandoning module TargetPlatform (110)
[2018.07.22-16.49.43:791][322]LogModuleManager: Shutting down and abandoning module VulkanShaderFormat (109)
[2018.07.22-16.49.43:791][322]LogModuleManager: Shutting down and abandoning module ShaderFormatVectorVM (107)
[2018.07.22-16.49.43:791][322]LogModuleManager: Shutting down and abandoning module ShaderFormatOpenGL (105)
[2018.07.22-16.49.43:791][322]LogModuleManager: Shutting down and abandoning module ShaderFormatD3D (103)
[2018.07.22-16.49.43:791][322]LogModuleManager: Shutting down and abandoning module MetalShaderFormat (101)
[2018.07.22-16.49.43:792][322]LogModuleManager: Shutting down and abandoning module TextureFormatUncompressed (99)
[2018.07.22-16.49.43:792][322]LogModuleManager: Shutting down and abandoning module TextureFormatPVR (97)
[2018.07.22-16.49.43:792][322]LogModuleManager: Shutting down and abandoning module TextureFormatDXT (95)
[2018.07.22-16.49.43:792][322]LogModuleManager: Shutting down and abandoning module TextureFormatIntelISPCTexComp (93)
[2018.07.22-16.49.43:792][322]LogModuleManager: Shutting down and abandoning module TextureFormatASTC (91)
[2018.07.22-16.49.43:792][322]LogModuleManager: Shutting down and abandoning module ImageWrapper (90)
[2018.07.22-16.49.43:792][322]LogModuleManager: Shutting down and abandoning module TextureFormatAndroid (87)
[2018.07.22-16.49.43:792][322]LogModuleManager: Shutting down and abandoning module AudioFormatOpus (85)
[2018.07.22-16.49.43:792][322]LogModuleManager: Shutting down and abandoning module AudioFormatOgg (83)
[2018.07.22-16.49.43:792][322]LogModuleManager: Shutting down and abandoning module AudioFormatADPCM (81)
[2018.07.22-16.49.43:792][322]LogModuleManager: Shutting down and abandoning module WindowsTargetPlatform (79)
[2018.07.22-16.49.43:792][322]LogModuleManager: Shutting down and abandoning module WindowsServerTargetPlatform (77)
[2018.07.22-16.49.43:792][322]LogModuleManager: Shutting down and abandoning module WindowsNoEditorTargetPlatform (75)
[2018.07.22-16.49.43:792][322]LogModuleManager: Shutting down and abandoning module WindowsClientTargetPlatform (73)
[2018.07.22-16.49.43:792][322]LogModuleManager: Shutting down and abandoning module InputCore (70)
[2018.07.22-16.49.43:792][322]LogModuleManager: Shutting down and abandoning module Settings (68)
[2018.07.22-16.49.43:792][322]LogModuleManager: Shutting down and abandoning module PhysXCooking (66)
[2018.07.22-16.49.43:792][322]LogModuleManager: Shutting down and abandoning module SteamVR (64)
[2018.07.22-16.49.43:792][322]LogModuleManager: Shutting down and abandoning module OculusHMD (62)
[2018.07.22-16.49.43:792][322]LogModuleManager: Shutting down and abandoning module ExampleDeviceProfileSelector (60)
[2018.07.22-16.49.43:792][322]LogModuleManager: Shutting down and abandoning module AppleARKit (58)
[2018.07.22-16.49.43:792][322]LogModuleManager: Shutting down and abandoning module AugmentedReality (57)
[2018.07.22-16.49.43:792][322]LogModuleManager: Shutting down and abandoning module OnlineBlueprintSupport (54)
[2018.07.22-16.49.43:792][322]LogModuleManager: Shutting down and abandoning module OnlineSubsystem (50)
[2018.07.22-16.49.43:792][322]LogOnline: Display: OSS: FOnlineSubsystemNull::Shutdown()
[2018.07.22-16.49.43:792][322]LogOnline: Display: OSS: FOnlineAsyncTaskManager::Stop() ActiveTask:0000000000000000 Tasks[0/0]
[2018.07.22-16.49.43:793][322]LogOnline: Display: OSS: FOnlineAsyncTaskManager::Exit() started
[2018.07.22-16.49.43:793][322]LogOnline: Display: OSS: FOnlineAsyncTaskManager::Exit() finished
[2018.07.22-16.49.43:793][322]LogModuleManager: Shutting down and abandoning module XMPP (43)
[2018.07.22-16.49.43:794][322]LogModuleManager: Shutting down and abandoning module HTTP (41)
[2018.07.22-16.49.43:826][322]LogModuleManager: Shutting down and abandoning module SSL (40)
[2018.07.22-16.49.43:828][322]LogModuleManager: Shutting down and abandoning module AnimationModifiers (36)
[2018.07.22-16.49.43:828][322]LogModuleManager: Shutting down and abandoning module PropertyEditor (35)
[2018.07.22-16.49.43:829][322]LogModuleManager: Shutting down and abandoning module AudioEditor (32)
[2018.07.22-16.49.43:829][322]LogModuleManager: Shutting down and abandoning module TextureCompressor (30)
[2018.07.22-16.49.43:829][322]LogModuleManager: Shutting down and abandoning module ShaderCore (28)
[2018.07.22-16.49.43:829][322]LogModuleManager: Shutting down and abandoning module Landscape (26)
[2018.07.22-16.49.43:829][322]LogModuleManager: Shutting down and abandoning module SlateRHIRenderer (24)
[2018.07.22-16.49.43:830][322]LogModuleManager: Shutting down and abandoning module OpenGLDrv (22)
[2018.07.22-16.49.43:830][322]LogModuleManager: Shutting down and abandoning module D3D11RHI (20)
[2018.07.22-16.49.43:830][322]LogModuleManager: Shutting down and abandoning module AnimGraphRuntime (18)
[2018.07.22-16.49.43:830][322]LogModuleManager: Shutting down and abandoning module Renderer (16)
[2018.07.22-16.49.43:830][322]LogModuleManager: Shutting down and abandoning module Engine (14)
[2018.07.22-16.49.43:830][322]LogModuleManager: Shutting down and abandoning module CoreUObject (12)
[2018.07.22-16.49.43:830][322]LogModuleManager: Shutting down and abandoning module NetworkFile (10)
[2018.07.22-16.49.43:830][322]LogModuleManager: Shutting down and abandoning module CookedIterativeFile (8)
[2018.07.22-16.49.43:830][322]LogModuleManager: Shutting down and abandoning module StreamingFile (6)
[2018.07.22-16.49.43:830][322]LogModuleManager: Shutting down and abandoning module SandboxFile (4)
[2018.07.22-16.49.43:830][322]LogModuleManager: Shutting down and abandoning module PakFile (2)
[2018.07.22-16.49.43:834][322]LogExit: Exiting.
[2018.07.22-16.49.43:837][322]Log file closed, 07/22/18 17:49:43
