Log file open, 07/27/18 22:04:45
LogWindows: Failed to load 'aqProf.dll' (GetLastError=126)
LogWindows: File 'aqProf.dll' does not exist
LogWindows: Failed to load 'VtuneApi.dll' (GetLastError=126)
LogWindows: File 'VtuneApi.dll' does not exist
LogWindows: Failed to load 'VtuneApi32e.dll' (GetLastError=126)
LogWindows: File 'VtuneApi32e.dll' does not exist
LogInit: Display: Running engine for game: FPBG
LogPlatformFile: Not using cached read wrapper
LogInit: Display: RandInit(559255162) SRandInit(559255162).
LogInit: Read version file with build ID '3944462'
LogInit: Overriding engine version to CL 4033788, compatible CL 3944462
LogInit: Registered custom module enumerator with build ID '3944462'
LogTaskGraph: Started task graph with 5 named threads and 14 total threads with 3 sets of task threads.
LogStats: Stats thread started at 0.286313
LogD3D11RHI: Aftermath initialized
LogICUInternationalization: Display: ICU TimeZone Detection - Raw Offset: +0:00, Platform Override: ''
LogModuleManager: Display: Found up-to-date module file ../../../Engine/Plugins/Online/OnlineSubsystemSteam/Binaries/Win64/UE4Editor-OnlineSubsystemSteam.dll (API version 3944462).
LogModuleManager: Display: Found up-to-date module file ../../../Engine/Plugins/Online/OnlineSubsystem/Binaries/Win64/UE4Editor-OnlineSubsystem.dll (API version 3944462).
LogModuleManager: Display: Found up-to-date module file ../../../Engine/Plugins/Online/OnlineSubsystemUtils/Binaries/Win64/UE4Editor-OnlineSubsystemUtils.dll (API version 3944462).
LogModuleManager: Display: Found up-to-date module file ../../../Engine/Plugins/Online/OnlineSubsystemUtils/Binaries/Win64/UE4Editor-OnlineBlueprintSupport.dll (API version 3944462).
LogModuleManager: Display: Found up-to-date module file ../../../Engine/Plugins/2D/Paper2D/Binaries/Win64/UE4Editor-Paper2D.dll (API version 3944462).
LogModuleManager: Display: Found up-to-date module file ../../../Engine/Plugins/2D/Paper2D/Binaries/Win64/UE4Editor-Paper2DEditor.dll (API version 3944462).
LogModuleManager: Display: Found up-to-date module file ../../../Engine/Plugins/2D/Paper2D/Binaries/Win64/UE4Editor-PaperSpriteSheetImporter.dll (API version 3944462).
LogModuleManager: Display: Found up-to-date module file ../../../Engine/Plugins/2D/Paper2D/Binaries/Win64/UE4Editor-PaperTiledImporter.dll (API version 3944462).
LogModuleManager: Display: Found up-to-date module file ../../../Engine/Plugins/2D/Paper2D/Binaries/Win64/UE4Editor-SmartSnapping.dll (API version 3944462).
LogModuleManager: Display: Found up-to-date module file ../../../Engine/Plugins/Blendables/LightPropagationVolume/Binaries/Win64/UE4Editor-LightPropagationVolumeRuntime.dll (API version 3944462).
LogModuleManager: Display: Found up-to-date module file ../../../Engine/Plugins/Blendables/LightPropagationVolume/Binaries/Win64/UE4Editor-LightPropagationVolumeEditor.dll (API version 3944462).
LogModuleManager: Display: Found up-to-date module file ../../../Engine/Plugins/Developer/CLionSourceCodeAccess/Binaries/Win64/UE4Editor-CLionSourceCodeAccess.dll (API version 3944462).
LogModuleManager: Display: Found up-to-date module file ../../../Engine/Plugins/Developer/GitSourceControl/Binaries/Win64/UE4Editor-GitSourceControl.dll (API version 3944462).
LogModuleManager: Display: Found up-to-date module file ../../../Engine/Plugins/Developer/PerforceSourceControl/Binaries/Win64/UE4Editor-PerforceSourceControl.dll (API version 3944462).
LogModuleManager: Display: Found up-to-date module file ../../../Engine/Plugins/Developer/SubversionSourceControl/Binaries/Win64/UE4Editor-SubversionSourceControl.dll (API version 3944462).
LogModuleManager: Display: Found up-to-date module file ../../../Engine/Plugins/Developer/UObjectPlugin/Binaries/Win64/UE4Editor-UObjectPlugin.dll (API version 3944462).
LogModuleManager: Display: Found up-to-date module file ../../../Engine/Plugins/Developer/VisualStudioCodeSourceCodeAccess/Binaries/Win64/UE4Editor-VisualStudioCodeSourceCodeAccess.dll (API version 3944462).
LogModuleManager: Display: Found up-to-date module file ../../../Engine/Plugins/Developer/VisualStudioSourceCodeAccess/Binaries/Win64/UE4Editor-VisualStudioSourceCodeAccess.dll (API version 3944462).
LogModuleManager: Display: Found up-to-date module file ../../../Engine/Plugins/Editor/AssetManagerEditor/Binaries/Win64/UE4Editor-AssetManagerEditor.dll (API version 3944462).
LogModuleManager: Display: Found up-to-date module file ../../../Engine/Plugins/Editor/CryptoKeys/Binaries/Win64/UE4Editor-CryptoKeys.dll (API version 3944462).
LogModuleManager: Display: Found up-to-date module file ../../../Engine/Plugins/Editor/CryptoKeys/Binaries/Win64/UE4Editor-CryptoKeysOpenSSL.dll (API version 3944462).
LogModuleManager: Display: Found up-to-date module file ../../../Engine/Plugins/Editor/DataValidation/Binaries/Win64/UE4Editor-DataValidation.dll (API version 3944462).
LogModuleManager: Display: Found up-to-date module file ../../../Engine/Plugins/Editor/FacialAnimation/Binaries/Win64/UE4Editor-FacialAnimation.dll (API version 3944462).
LogModuleManager: Display: Found up-to-date module file ../../../Engine/Plugins/Editor/FacialAnimation/Binaries/Win64/UE4Editor-FacialAnimationEditor.dll (API version 3944462).
LogModuleManager: Display: Found up-to-date module file ../../../Engine/Plugins/Editor/GameplayTagsEditor/Binaries/Win64/UE4Editor-GameplayTagsEditor.dll (API version 3944462).
LogModuleManager: Display: Found up-to-date module file ../../../Engine/Plugins/Editor/MobileLauncherProfileWizard/Binaries/Win64/UE4Editor-MobileLauncherProfileWizard.dll (API version 3944462).
LogModuleManager: Display: Found up-to-date module file ../../../Engine/Plugins/Editor/PluginBrowser/Binaries/Win64/UE4Editor-PluginBrowser.dll (API version 3944462).
LogModuleManager: Display: Found up-to-date module file ../../../Engine/Plugins/Editor/SpeedTreeImporter/Binaries/Win64/UE4Editor-SpeedTreeImporter.dll (API version 3944462).
LogModuleManager: Display: Found up-to-date module file ../../../Engine/Plugins/Enterprise/DatasmithContent/Binaries/Win64/UE4Editor-DatasmithContent.dll (API version 3944462).
LogModuleManager: Display: Found up-to-date module file ../../../Engine/Plugins/Experimental/AlembicImporter/Binaries/Win64/UE4Editor-AlembicImporter.dll (API version 3944462).
LogModuleManager: Display: Found up-to-date module file ../../../Engine/Plugins/Experimental/AlembicImporter/Binaries/Win64/UE4Editor-AlembicLibrary.dll (API version 3944462).
LogModuleManager: Display: Found up-to-date module file ../../../Engine/Plugins/Experimental/CharacterAI/Binaries/Win64/UE4Editor-CharacterAI.dll (API version 3944462).
LogModuleManager: Display: Found up-to-date module file ../../../Engine/Plugins/Experimental/HTML5Networking/Binaries/Win64/UE4Editor-HTML5Networking.dll (API version 3944462).
LogModuleManager: Display: Found up-to-date module file ../../../Engine/Plugins/Media/AndroidMedia/Binaries/Win64/UE4Editor-AndroidMediaEditor.dll (API version 3944462).
LogModuleManager: Display: Found up-to-date module file ../../../Engine/Plugins/Media/AndroidMedia/Binaries/Win64/UE4Editor-AndroidMediaFactory.dll (API version 3944462).
LogModuleManager: Display: Found up-to-date module file ../../../Engine/Plugins/Media/AvfMedia/Binaries/Win64/UE4Editor-AvfMediaEditor.dll (API version 3944462).
LogModuleManager: Display: Found up-to-date module file ../../../Engine/Plugins/Media/AvfMedia/Binaries/Win64/UE4Editor-AvfMediaFactory.dll (API version 3944462).
LogModuleManager: Display: Found up-to-date module file ../../../Engine/Plugins/Media/AvfMedia/Binaries/Win64/UE4Editor-AvfMediaFactory.dll (API version 3944462).
LogModuleManager: Display: Found up-to-date module file ../../../Engine/Plugins/Media/ImgMedia/Binaries/Win64/UE4Editor-ImgMedia.dll (API version 3944462).
LogModuleManager: Display: Found up-to-date module file ../../../Engine/Plugins/Media/ImgMedia/Binaries/Win64/UE4Editor-ImgMediaEditor.dll (API version 3944462).
LogModuleManager: Display: Found up-to-date module file ../../../Engine/Plugins/Media/ImgMedia/Binaries/Win64/UE4Editor-ImgMediaFactory.dll (API version 3944462).
LogModuleManager: Display: Found up-to-date module file ../../../Engine/Plugins/Media/ImgMedia/Binaries/Win64/UE4Editor-ImgMediaFactory.dll (API version 3944462).
LogModuleManager: Display: Found up-to-date module file ../../../Engine/Plugins/Media/ImgMedia/Binaries/Win64/UE4Editor-OpenExrWrapper.dll (API version 3944462).
LogModuleManager: Display: Found up-to-date module file ../../../Engine/Plugins/Media/LinearTimecode/Binaries/Win64/UE4Editor-LinearTimecode.dll (API version 3944462).
LogModuleManager: Display: Found up-to-date module file ../../../Engine/Plugins/Media/MediaCompositing/Binaries/Win64/UE4Editor-MediaCompositing.dll (API version 3944462).
LogModuleManager: Display: Found up-to-date module file ../../../Engine/Plugins/Media/MediaCompositing/Binaries/Win64/UE4Editor-MediaCompositingEditor.dll (API version 3944462).
LogModuleManager: Display: Found up-to-date module file ../../../Engine/Plugins/Media/MediaPlayerEditor/Binaries/Win64/UE4Editor-MediaPlayerEditor.dll (API version 3944462).
LogModuleManager: Display: Found up-to-date module file ../../../Engine/Plugins/Media/WmfMedia/Binaries/Win64/UE4Editor-WmfMedia.dll (API version 3944462).
LogModuleManager: Display: Found up-to-date module file ../../../Engine/Plugins/Media/WmfMedia/Binaries/Win64/UE4Editor-WmfMediaEditor.dll (API version 3944462).
LogModuleManager: Display: Found up-to-date module file ../../../Engine/Plugins/Media/WmfMedia/Binaries/Win64/UE4Editor-WmfMediaFactory.dll (API version 3944462).
LogModuleManager: Display: Found up-to-date module file ../../../Engine/Plugins/Media/WmfMedia/Binaries/Win64/UE4Editor-WmfMediaFactory.dll (API version 3944462).
LogModuleManager: Display: Found up-to-date module file ../../../Engine/Plugins/Messaging/TcpMessaging/Binaries/Win64/UE4Editor-TcpMessaging.dll (API version 3944462).
LogModuleManager: Display: Found up-to-date module file ../../../Engine/Plugins/Messaging/UdpMessaging/Binaries/Win64/UE4Editor-UdpMessaging.dll (API version 3944462).
LogModuleManager: Display: Found up-to-date module file ../../../Engine/Plugins/MovieScene/ActorSequence/Binaries/Win64/UE4Editor-ActorSequence.dll (API version 3944462).
LogModuleManager: Display: Found up-to-date module file ../../../Engine/Plugins/MovieScene/LevelSequenceEditor/Binaries/Win64/UE4Editor-LevelSequenceEditor.dll (API version 3944462).
LogModuleManager: Display: Found up-to-date module file ../../../Engine/Plugins/MovieScene/MatineeToLevelSequence/Binaries/Win64/UE4Editor-MatineeToLevelSequence.dll (API version 3944462).
LogModuleManager: Display: Found up-to-date module file ../../../Engine/Plugins/NetcodeUnitTest/NetcodeUnitTest/Binaries/Win64/UE4Editor-NetcodeUnitTest.dll (API version 3944462).
LogModuleManager: Display: Found up-to-date module file ../../../Engine/Plugins/NetcodeUnitTest/NUTUnrealEngine4/Binaries/Win64/UE4Editor-NUTUnrealEngine4.dll (API version 3944462).
LogModuleManager: Display: Found up-to-date module file ../../../Engine/Plugins/Runtime/AndroidPermission/Binaries/Win64/UE4Editor-AndroidPermission.dll (API version 3944462).
LogModuleManager: Display: Found up-to-date module file ../../../Engine/Plugins/Online/OnlineSubsystemNull/Binaries/Win64/UE4Editor-OnlineSubsystemNull.dll (API version 3944462).
LogModuleManager: Display: Found up-to-date module file ../../../Engine/Plugins/Runtime/AndroidDeviceProfileSelector/Binaries/Win64/UE4Editor-AndroidDeviceProfileSelector.dll (API version 3944462).
LogModuleManager: Display: Found up-to-date module file ../../../Engine/Plugins/Runtime/AppleARKit/Binaries/Win64/UE4Editor-AppleARKit.dll (API version 3944462).
LogModuleManager: Display: Found up-to-date module file ../../../Engine/Plugins/Runtime/ProceduralMeshComponent/Binaries/Win64/UE4Editor-ProceduralMeshComponent.dll (API version 3944462).
LogModuleManager: Display: Found up-to-date module file ../../../Engine/Plugins/Runtime/ProceduralMeshComponent/Binaries/Win64/UE4Editor-ProceduralMeshComponentEditor.dll (API version 3944462).
LogModuleManager: Display: Found up-to-date module file ../../../Engine/Plugins/Animation/LiveLink/Binaries/Win64/UE4Editor-LiveLink.dll (API version 3944462).
LogModuleManager: Display: Found up-to-date module file ../../../Engine/Plugins/Animation/LiveLink/Binaries/Win64/UE4Editor-LiveLinkEditor.dll (API version 3944462).
LogModuleManager: Display: Found up-to-date module file ../../../Engine/Plugins/Runtime/ArchVisCharacter/Binaries/Win64/UE4Editor-ArchVisCharacter.dll (API version 3944462).
LogModuleManager: Display: Found up-to-date module file ../../../Engine/Plugins/Runtime/AudioCapture/Binaries/Win64/UE4Editor-AudioCapture.dll (API version 3944462).
LogModuleManager: Display: Found up-to-date module file ../../../Engine/Plugins/Runtime/AudioCapture/Binaries/Win64/UE4Editor-AudioCaptureEditor.dll (API version 3944462).
LogModuleManager: Display: Found up-to-date module file ../../../Engine/Plugins/Runtime/CableComponent/Binaries/Win64/UE4Editor-CableComponent.dll (API version 3944462).
LogModuleManager: Display: Found up-to-date module file ../../../Engine/Plugins/Runtime/CustomMeshComponent/Binaries/Win64/UE4Editor-CustomMeshComponent.dll (API version 3944462).
LogModuleManager: Display: Found up-to-date module file ../../../Engine/Plugins/Runtime/ExampleDeviceProfileSelector/Binaries/Win64/UE4Editor-ExampleDeviceProfileSelector.dll (API version 3944462).
LogModuleManager: Display: Found up-to-date module file ../../../Engine/Plugins/Runtime/ImmediatePhysics/Binaries/Win64/UE4Editor-ImmediatePhysics.dll (API version 3944462).
LogModuleManager: Display: Found up-to-date module file ../../../Engine/Plugins/Runtime/ImmediatePhysics/Binaries/Win64/UE4Editor-ImmediatePhysicsEditor.dll (API version 3944462).
LogModuleManager: Display: Found up-to-date module file ../../../Engine/Plugins/Runtime/LocationServicesBPLibrary/Binaries/Win64/UE4Editor-LocationServicesBPLibrary.dll (API version 3944462).
LogModuleManager: Display: Found up-to-date module file ../../../Engine/Plugins/Runtime/MobilePatchingUtils/Binaries/Win64/UE4Editor-MobilePatchingUtils.dll (API version 3944462).
LogModuleManager: Display: Found up-to-date module file ../../../Engine/Plugins/Runtime/Oculus/OculusVR/Binaries/Win64/UE4Editor-OculusHMD.dll (API version 3944462).
LogModuleManager: Display: Found up-to-date module file ../../../Engine/Plugins/Runtime/Oculus/OculusVR/Binaries/Win64/UE4Editor-OculusInput.dll (API version 3944462).
LogModuleManager: Display: Found up-to-date module file ../../../Engine/Plugins/Runtime/Oculus/OculusVR/Binaries/Win64/UE4Editor-OculusEditor.dll (API version 3944462).
LogModuleManager: Display: Found up-to-date module file ../../../Engine/Plugins/Runtime/PhysXVehicles/Binaries/Win64/UE4Editor-PhysXVehicles.dll (API version 3944462).
LogModuleManager: Display: Found up-to-date module file ../../../Engine/Plugins/Runtime/PhysXVehicles/Binaries/Win64/UE4Editor-PhysXVehiclesEditor.dll (API version 3944462).
LogModuleManager: Display: Found up-to-date module file ../../../Engine/Plugins/Runtime/RuntimePhysXCooking/Binaries/Win64/UE4Editor-RuntimePhysXCooking.dll (API version 3944462).
LogModuleManager: Display: Found up-to-date module file ../../../Engine/Plugins/Runtime/Steam/SteamVR/Binaries/Win64/UE4Editor-SteamVR.dll (API version 3944462).
LogModuleManager: Display: Found up-to-date module file ../../../Engine/Plugins/Runtime/Steam/SteamVR/Binaries/Win64/UE4Editor-SteamVRController.dll (API version 3944462).
LogModuleManager: Display: Found up-to-date module file ../../../Engine/Plugins/Runtime/WindowsMoviePlayer/Binaries/Win64/UE4Editor-WindowsMoviePlayer.dll (API version 3944462).
LogPluginManager: Mounting plugin Paper2D
LogPluginManager: Mounting plugin LiveLink
LogPluginManager: Mounting plugin LightPropagationVolume
LogPluginManager: Mounting plugin CLionSourceCodeAccess
LogPluginManager: Mounting plugin CodeLiteSourceCodeAccess
LogPluginManager: Mounting plugin GitSourceControl
LogPluginManager: Mounting plugin KDevelopSourceCodeAccess
LogPluginManager: Mounting plugin NullSourceCodeAccess
LogPluginManager: Mounting plugin PerforceSourceControl
LogPluginManager: Mounting plugin SubversionSourceControl
LogPluginManager: Mounting plugin UObjectPlugin
LogPluginManager: Mounting plugin VisualStudioCodeSourceCodeAccess
LogPluginManager: Mounting plugin VisualStudioSourceCodeAccess
LogPluginManager: Mounting plugin XCodeSourceCodeAccess
LogPluginManager: Mounting plugin AssetManagerEditor
LogPluginManager: Mounting plugin CryptoKeys
LogPluginManager: Mounting plugin DataValidation
LogPluginManager: Mounting plugin FacialAnimation
LogPluginManager: Mounting plugin GameplayTagsEditor
LogPluginManager: Mounting plugin MobileLauncherProfileWizard
LogPluginManager: Mounting plugin PluginBrowser
LogPluginManager: Mounting plugin SpeedTreeImporter
LogPluginManager: Mounting plugin DatasmithContent
LogPluginManager: Mounting plugin AlembicImporter
LogPluginManager: Mounting plugin CharacterAI
LogPluginManager: Mounting plugin HTML5Networking
LogPluginManager: Mounting plugin AndroidMedia
LogPluginManager: Mounting plugin AvfMedia
LogPluginManager: Mounting plugin ImgMedia
LogPluginManager: Mounting plugin LinearTimecode
LogPluginManager: Mounting plugin MediaCompositing
LogPluginManager: Mounting plugin MediaPlayerEditor
LogPluginManager: Mounting plugin WmfMedia
LogPluginManager: Mounting plugin TcpMessaging
LogPluginManager: Mounting plugin UdpMessaging
LogPluginManager: Mounting plugin ActorSequence
LogPluginManager: Mounting plugin LevelSequenceEditor
LogPluginManager: Mounting plugin MatineeToLevelSequence
LogPluginManager: Mounting plugin NetcodeUnitTest
LogPluginManager: Mounting plugin NUTUnrealEngine4
LogPluginManager: Mounting plugin OnlineSubsystemGooglePlay
LogPluginManager: Mounting plugin OnlineSubsystemIOS
LogPluginManager: Mounting plugin OnlineSubsystem
LogPluginManager: Mounting plugin OnlineSubsystemNull
LogPluginManager: Mounting plugin OnlineSubsystemSteam
LogPluginManager: Mounting plugin OnlineSubsystemUtils
LogPluginManager: Mounting plugin AndroidDeviceProfileSelector
LogPluginManager: Mounting plugin AndroidMoviePlayer
LogPluginManager: Mounting plugin AndroidPermission
LogPluginManager: Mounting plugin AppleARKit
LogPluginManager: Mounting plugin AppleMoviePlayer
LogPluginManager: Mounting plugin ArchVisCharacter
LogPluginManager: Mounting plugin AudioCapture
LogPluginManager: Mounting plugin CableComponent
LogPluginManager: Mounting plugin CustomMeshComponent
LogPluginManager: Mounting plugin ExampleDeviceProfileSelector
LogPluginManager: Mounting plugin GoogleCloudMessaging
LogPluginManager: Mounting plugin ImmediatePhysics
LogPluginManager: Mounting plugin IOSDeviceProfileSelector
LogPluginManager: Mounting plugin LinuxDeviceProfileSelector
LogPluginManager: Mounting plugin LocationServicesBPLibrary
LogPluginManager: Mounting plugin MobilePatchingUtils
LogPluginManager: Mounting plugin OculusVR
LogPluginManager: Plugin shader directory ../../../Engine/Plugins/Runtime/Oculus/OculusVR/Shaders found
LogPluginManager: Mapping shader source directory ../../../Engine/Plugins/Runtime/Oculus/OculusVR/Shaders to virtual directory /Plugin/OculusVR
LogPluginManager: Mounting plugin PhysXVehicles
LogPluginManager: Mounting plugin ProceduralMeshComponent
LogPluginManager: Mounting plugin RuntimePhysXCooking
LogPluginManager: Mounting plugin SteamVR
LogPluginManager: Mounting plugin WindowsMoviePlayer
LogStreaming: Display: Took  3.365s to configure plugins.
LogInit: Using libcurl 7.47.1
LogInit:  - built for x86_64-pc-win32
LogInit:  - supports SSL with OpenSSL/1.0.2g
LogInit:  - supports HTTP deflate (compression) using libz 1.2.8
LogInit:  - other features:
LogInit:      CURL_VERSION_SSL
LogInit:      CURL_VERSION_LIBZ
LogInit:      CURL_VERSION_IPV6
LogInit:      CURL_VERSION_ASYNCHDNS
LogInit:      CURL_VERSION_LARGEFILE
LogInit:      CURL_VERSION_IDN
LogInit:  CurlRequestOptions (configurable via config and command line):
LogInit:  - bVerifyPeer = false  - Libcurl will NOT verify peer certificate
LogInit:  - bUseHttpProxy = false  - Libcurl will NOT use HTTP proxy
LogInit:  - bDontReuseConnections = false  - Libcurl will reuse connections
LogInit:  - CertBundlePath = nullptr  - Libcurl will use whatever was configured at build time.
LogInit:  - MaxHostConnections = 16  - Libcurl will limit the number of connections to a host
LogInit:  - LocalHostAddr = Default
LogOnline: Display: STEAM: Loading Steam SDK 1.39
LogOnline: Warning: STEAM: Steam API disabled!
LogOnline: Display: STEAM: OnlineSubsystemSteam::Shutdown()
LogInit: WinSock: version 1.1 (2.2), MaxSocks=32767, MaxUdp=65467
LogInit: WinSock: I am Q6600 (192.168.1.42:0)
LogInit: Build: ++UE4+Release-4.19-CL-4033788
LogInit: Engine Version: 4.19.2-4033788+++UE4+Release-4.19
LogInit: Compatible Engine Version: 4.19.0-3944462+++UE4+Release-4.19
LogInit: Net CL: 3944462
LogDevObjectVersion: Number of dev versions registered: 18
LogDevObjectVersion:   Dev-Blueprints (B0D832E4-1F89-4F0D-ACCF-7EB736FD4AA2): 10
LogDevObjectVersion:   Dev-Build (E1C64328-A22C-4D53-A36C-8E866417BD8C): 0
LogDevObjectVersion:   Dev-Core (375EC13C-06E4-48FB-B500-84F0262A717E): 2
LogDevObjectVersion:   Dev-Editor (E4B068ED-F494-42E9-A231-DA0B2E46BB41): 23
LogDevObjectVersion:   Dev-Framework (CFFC743F-43B0-4480-9391-14DF171D2073): 33
LogDevObjectVersion:   Dev-Mobile (B02B49B5-BB20-44E9-A304-32B752E40360): 2
LogDevObjectVersion:   Dev-Networking (A4E4105C-59A1-49B5-A7C5-40C4547EDFEE): 0
LogDevObjectVersion:   Dev-Online (39C831C9-5AE6-47DC-9A44-9C173E1C8E7C): 0
LogDevObjectVersion:   Dev-Physics (78F01B33-EBEA-4F98-B9B4-84EACCB95AA2): 0
LogDevObjectVersion:   Dev-Platform (6631380F-2D4D-43E0-8009-CF276956A95A): 0
LogDevObjectVersion:   Dev-Rendering (12F88B9F-8875-4AFC-A67C-D90C383ABD29): 25
LogDevObjectVersion:   Dev-Sequencer (7B5AE74C-D270-4C10-A958-57980B212A5A): 6
LogDevObjectVersion:   Dev-VR (D7296918-1DD6-4BDD-9DE2-64A83CC13884): 1
LogDevObjectVersion:   Dev-LoadTimes (C2A15278-BFE7-4AFE-6C17-90FF531DF755): 1
LogDevObjectVersion:   Private-Geometry (6EACA3D4-40EC-4CC1-B786-8BED09428FC5): 2
LogDevObjectVersion:   Dev-AnimPhys (29E575DD-E0A3-4627-9D10-D276232CDCEA): 16
LogDevObjectVersion:   Dev-ReflectionCapture (6B266CEC-1EC7-4B8F-A30B-E4D90942FC07): 1
LogDevObjectVersion:   Dev-Automation (0DF73D61-A23F-47EA-B727-89E90C41499A): 1
LogInit: Compiled (64-bit): Apr 27 2018 02:06:57
LogInit: Compiled with Visual C++: 19.00.24215.01
LogInit: Build Configuration: Development
LogInit: Branch Name: ++UE4+Release-4.19
LogInit: Command Line:  127.0.0.1:17777 -game -PIEVIACONSOLE -ResX=640 -ResY=480  -Multiprocess -messaging -SessionName="Play in Standalone Game" -windowed GameUserSettingsINI="F:/Juegos/UE_Projects/FPBG/Saved/Config/Windows/PIEGameUserSettings1.ini" -MultiprocessSaveConfig  -MultiprocessOSS WinX=664 WinY=550 SAVEWINPOS=1
LogInit: Base Directory: F:/Juegos/UE_4.19/Engine/Binaries/Win64/
LogInit: Installed Engine Build: 1
LogStreaming: Display: Took  0.011s to delete old logs.
LogInit: Presizing for max 8388607 objects, including 0 objects not considered by GC, pre-allocating 0 bytes for permanent pool.
LogInit: Object subsystem initialized
[2018.07.27-21.04.50:280][  0]LogInit: Selected Device Profile: [Windows]
[2018.07.27-21.04.50:280][  0]LogInit: Applying CVar settings loaded from the selected device profile: [Windows]
[2018.07.27-21.04.50:292][  0]LogInit: Computer: Q6600
[2018.07.27-21.04.50:292][  0]LogInit: User: bitt3rman
[2018.07.27-21.04.50:292][  0]LogInit: CPU Page size=4096, Cores=4
[2018.07.27-21.04.50:292][  0]LogInit: High frequency timer resolution =2.343833 MHz
[2018.07.27-21.04.50:293][  0]LogMemory: Memory total: Physical=8.0GB (8GB approx)
[2018.07.27-21.04.50:293][  0]LogMemory: Platform Memory Stats for Windows
[2018.07.27-21.04.50:293][  0]LogMemory: Process Physical Memory: 274.84 MB used, 274.84 MB peak
[2018.07.27-21.04.50:293][  0]LogMemory: Process Virtual Memory: 270.27 MB used, 270.27 MB peak
[2018.07.27-21.04.50:293][  0]LogMemory: Physical Memory: 6080.74 MB used,  2109.75 MB free, 8190.49 MB total
[2018.07.27-21.04.50:293][  0]LogMemory: Virtual Memory: 4776.43 MB used,  2109.75 MB free, 134217728.00 MB total
[2018.07.27-21.04.50:355][  0]LogInit: Using OS detected language (es-ES).
[2018.07.27-21.04.50:355][  0]LogInit: Using OS detected locale (es-ES).
[2018.07.27-21.04.50:355][  0]LogTextLocalizationManager: No localization for 'es-ES' exists, so 'en' will be used for the language.
[2018.07.27-21.04.50:355][  0]LogTextLocalizationManager: No localization for 'es-ES' exists, so 'en' will be used for the locale.
[2018.07.27-21.04.51:684][  0]LogStreaming: Display: Took  1.330s to EndInitTextLocalization.
[2018.07.27-21.04.51:754][  0]LogSlate: New Slate User Created.  User Index 0, Is Virtual User: 0
[2018.07.27-21.04.51:754][  0]LogSlate: Slate User Registered.  User Index 0, Is Virtual User: 0
[2018.07.27-21.04.51:763][  0]LogD3D11RHI: D3D11 adapters:
[2018.07.27-21.04.51:933][  0]LogD3D11RHI:    0. 'NVIDIA GeForce GT 730' (Feature Level 11_0)
[2018.07.27-21.04.51:934][  0]LogD3D11RHI:       2018/0/4095 MB DedicatedVideo/DedicatedSystem/SharedSystem, Outputs:1, VendorId:0x10de
[2018.07.27-21.04.51:941][  0]LogD3D11RHI:    1. 'Microsoft Basic Render Driver' (Feature Level 11_0)
[2018.07.27-21.04.51:941][  0]LogD3D11RHI:       0/0/4095 MB DedicatedVideo/DedicatedSystem/SharedSystem, Outputs:0, VendorId:0x1414
[2018.07.27-21.04.51:941][  0]LogD3D11RHI: Chosen D3D11 Adapter: 0
[2018.07.27-21.04.51:969][  0]LogD3D11RHI: Creating new Direct3DDevice
[2018.07.27-21.04.51:969][  0]LogD3D11RHI:     GPU DeviceId: 0x1287 (for the marketing name, search the web for "GPU Device Id")
[2018.07.27-21.04.51:970][  0]LogWindows: EnumDisplayDevices:
[2018.07.27-21.04.51:970][  0]LogWindows:    0. 'NVIDIA GeForce GT 730' (P:1 D:1)
[2018.07.27-21.04.51:971][  0]LogWindows:    1. 'NVIDIA GeForce GT 730' (P:0 D:0)
[2018.07.27-21.04.51:972][  0]LogWindows:    2. 'NVIDIA GeForce GT 730' (P:0 D:0)
[2018.07.27-21.04.51:972][  0]LogWindows: DebugString: GetVideoDriverDetailsInvalid PrimaryIsNotTheChoosenAdapter GetVideoDriverDetailsInvalid PrimaryIsNotTheChoosenAdapter GetVideoDriverDetailsInvalid PrimaryIsNotTheChoosenAdapter FoundDriverCount:0 
[2018.07.27-21.04.51:972][  0]LogD3D11RHI:     Adapter Name: NVIDIA GeForce GT 730
[2018.07.27-21.04.51:972][  0]LogD3D11RHI:   Driver Version: Unknown (internal:Unknown, unified:Unknown)
[2018.07.27-21.04.51:972][  0]LogD3D11RHI:      Driver Date: Unknown
[2018.07.27-21.04.51:972][  0]LogRHI: Texture pool is 1413 MB (70% of 2018 MB)
[2018.07.27-21.04.52:094][  0]LogD3D11RHI: [Aftermath] Aftermath enabled but failed to initialize
[2018.07.27-21.04.52:094][  0]LogD3D11RHI: [Aftermath] Aftermath enabled and primed
[2018.07.27-21.04.52:094][  0]LogD3D11RHI: Async texture creation enabled
[2018.07.27-21.04.52:133][  0]LogD3D11RHI: GPU Timing Frequency: 1000.000000 (Debug: 2 1)
[2018.07.27-21.04.52:137][  0]LogShaderCompilers: Guid format shader working directory is 22 characters bigger than the processId version (../../../../UE_Projects/FPBG/Intermediate/Shaders/WorkingDirectory/4720/).
[2018.07.27-21.04.52:138][  0]LogShaderCompilers: Cleaned the shader compiler working directory 'C:/Users/bitt3rman/AppData/Local/Temp/UnrealShaderWorkingDir/2B75374C445A8019B613FD83ADD809F7/'.
[2018.07.27-21.04.53:561][  0]LogTemp: Display: Loaded TP WindowsClientTargetPlatform
[2018.07.27-21.04.53:606][  0]LogTemp: Display: Loaded TP WindowsNoEditorTargetPlatform
[2018.07.27-21.04.53:655][  0]LogTemp: Display: Loaded TP WindowsServerTargetPlatform
[2018.07.27-21.04.53:701][  0]LogTemp: Display: Loaded TP WindowsTargetPlatform
[2018.07.27-21.04.53:701][  0]LogTargetPlatformManager: Display: Building Assets For Windows
[2018.07.27-21.04.54:068][  0]LogXGEController: Cannot use XGE Controller as Incredibuild is not installed on this machine.
[2018.07.27-21.04.54:068][  0]LogShaderCompilers: Cannot use XGE Shader Compiler as Incredibuild is not installed on this machine.
[2018.07.27-21.04.54:068][  0]LogShaderCompilers: Display: Using Local Shader Compiler.
[2018.07.27-21.04.56:548][  0]LogDerivedDataCache: Display: Max Cache Size: 512 MB
[2018.07.27-21.04.57:061][  0]LogDerivedDataCache: Loaded boot cache 0.51s 74MB C:/Users/bitt3rman/AppData/Local/UnrealEngine/4.19/DerivedDataCache/Boot.ddc.
[2018.07.27-21.04.57:061][  0]LogDerivedDataCache: Display: Loaded Boot cache: C:/Users/bitt3rman/AppData/Local/UnrealEngine/4.19/DerivedDataCache/Boot.ddc
[2018.07.27-21.04.57:061][  0]LogDerivedDataCache: FDerivedDataBackendGraph:  Pak pak cache file ../../../../UE_Projects/FPBG/DerivedDataCache/DDC.ddp not found, will not use a pak cache.
[2018.07.27-21.04.57:061][  0]LogDerivedDataCache: Unable to find inner node Pak for hierarchical cache Hierarchy.
[2018.07.27-21.04.57:061][  0]LogDerivedDataCache: FDerivedDataBackendGraph:  CompressedPak pak cache file ../../../../UE_Projects/FPBG/DerivedDataCache/Compressed.ddp not found, will not use a pak cache.
[2018.07.27-21.04.57:061][  0]LogDerivedDataCache: Unable to find inner node CompressedPak for hierarchical cache Hierarchy.
[2018.07.27-21.04.57:094][  0]LogDerivedDataCache: Display: Pak cache opened for reading ../../../Engine/DerivedDataCache/Compressed.ddp.
[2018.07.27-21.04.57:120][  0]LogDerivedDataCache: Using Local data cache path C:/Users/bitt3rman/AppData/Local/UnrealEngine/Common/DerivedDataCache: Writable
[2018.07.27-21.04.57:120][  0]LogDerivedDataCache: Shared data cache path not found in *engine.ini, will not use an Shared cache.
[2018.07.27-21.04.57:120][  0]LogDerivedDataCache: Unable to find inner node Shared for hierarchical cache Hierarchy.
[2018.07.27-21.04.57:154][  0]LogMaterial: Verifying Global Shaders for PCD3D_SM5
[2018.07.27-21.04.57:155][  0]LogSlate: Using Freetype 2.6.0
[2018.07.27-21.04.57:157][  0]LogSlate: SlateFontCache - WITH_FREETYPE: 1, WITH_HARFBUZZ: 1
[2018.07.27-21.04.57:157][  0]LogSlate: SlateFontCache - WITH_FREETYPE: 1, WITH_HARFBUZZ: 1
[2018.07.27-21.04.57:506][  0]LogAssetRegistry: FAssetRegistry took 0.0130 seconds to start up
[2018.07.27-21.04.58:172][  0]LogPackageLocalizationCache: Processed 9 localized package path(s) for 1 prioritized culture(s) in 0.041143 seconds
[2018.07.27-21.04.58:477][  0]LogInit: Selected Device Profile: [Windows]
[2018.07.27-21.04.58:889][  0]LogSimplygon: Simplygon DLL not present - disabling.
[2018.07.27-21.04.58:899][  0]LogMeshReduction: Using SimplygonSwarm for distributed automatic mesh merging
[2018.07.27-21.04.58:899][  0]LogMeshReduction: Using QuadricMeshReduction for automatic static mesh reduction
[2018.07.27-21.04.58:900][  0]LogMeshReduction: No automatic skeletal mesh reduction module available
[2018.07.27-21.04.58:900][  0]LogMeshReduction: No automatic mesh merging module available
[2018.07.27-21.04.58:900][  0]LogMeshMerging: No automatic mesh merging module available
[2018.07.27-21.04.58:989][  0]LogNetVersion: FPBG , NetCL: 3944462, EngineNetVer: 2, GameNetVer: 0 (Checksum: 1413110598)
[2018.07.27-21.05.01:353][  0]LogMoviePlayer: Initializing movie player
[2018.07.27-21.05.02:401][  0]LogTcpMessaging: Initializing TcpMessaging bridge
[2018.07.27-21.05.02:473][  0]LogUdpMessaging: Initializing bridge on interface 0.0.0.0:0 to multicast group 230.0.0.1:6666.
[2018.07.27-21.05.03:201][  0]SourceControl: Source control is disabled
[2018.07.27-21.05.03:201][  0]SourceControl: Source control is disabled
[2018.07.27-21.05.03:261][  0]SourceControl: Source control is disabled
[2018.07.27-21.05.04:301][  0]LogAndroidPermission: UAndroidPermissionCallbackProxy::GetInstance
[2018.07.27-21.05.04:816][  0]LogOcInput: OculusInput pre-init called
[2018.07.27-21.05.04:978][  0]LogUObjectArray: 40131 objects as part of root set at end of initial load.
[2018.07.27-21.05.04:978][  0]LogUObjectAllocator: 8578472 out of 0 bytes used by permanent object pool.
[2018.07.27-21.05.04:978][  0]LogUObjectArray: CloseDisregardForGC: 0/0 objects in disregard for GC pool
[2018.07.27-21.05.05:090][  0]LogEngine: Initializing Engine...
[2018.07.27-21.05.05:094][  0]LogHMD: Failed to initialize OpenVR with code 110
[2018.07.27-21.05.05:111][  0]LogStats: UGameplayTagsManager::ConstructGameplayTagTree: Construct from data asset -  0.000 s
[2018.07.27-21.05.05:111][  0]LogStats: UGameplayTagsManager::ConstructGameplayTagTree: GameplayTagTreeChangedEvent.Broadcast -  0.000 s
[2018.07.27-21.05.06:149][  0]LogInit: XAudio2 using 'Speakers (High Definition Audio Device)' : 2 channels at 48 kHz using 16 bits per sample (channel mask 0x3)
[2018.07.27-21.05.06:242][  0]LogInit: FAudioDevice initialized.
[2018.07.27-21.05.06:362][  0]LogInit: Texture streaming: Enabled
[2018.07.27-21.05.06:722][  0]LogUObjectGlobals: Created PersistentFrame Addr=0x00000290244d5a80, Size=632, Default__GameInfoInstance_C Function /Game/Blueprints/AllLevels/GameInfoInstance.GameInfoInstance_C:ExecuteUbergraph_GameInfoInstance
[2018.07.27-21.05.06:739][  0]LogUObjectGlobals: Created PersistentFrame Addr=0x000002902391d558, Size=40, Default__ErrorDialog_C Function /Game/UI/MainMenu/ErrorDialog.ErrorDialog_C:ExecuteUbergraph_ErrorDialog
[2018.07.27-21.05.06:763][  0]LogUObjectGlobals: Created PersistentFrame Addr=0x0000029012cfdb40, Size=96, Default__HostMenu_C Function /Game/UI/MainMenu/HostMenu.HostMenu_C:ExecuteUbergraph_HostMenu
[2018.07.27-21.05.06:778][  0]LogUObjectGlobals: Created PersistentFrame Addr=0x000002902447ee80, Size=64, Default__MainMenu_C Function /Game/UI/MainMenu/MainMenu.MainMenu_C:ExecuteUbergraph_MainMenu
[2018.07.27-21.05.06:829][  0]LogUObjectGlobals: Created PersistentFrame Addr=0x0000029024482b70, Size=104, Default__OptionsMenu_C Function /Game/UI/MainMenu/OptionsMenu.OptionsMenu_C:ExecuteUbergraph_OptionsMenu
[2018.07.27-21.05.06:847][  0]LogUObjectGlobals: Created PersistentFrame Addr=0x00000290244a1d00, Size=608, Default__ServerMenu_C Function /Game/UI/MainMenu/ServerMenu.ServerMenu_C:ExecuteUbergraph_ServerMenu
[2018.07.27-21.05.06:972][  0]LogUObjectGlobals: Destroyed PersistentFrame Addr=0x00000290244d5a80, Size=632
[2018.07.27-21.05.06:973][  0]LogUObjectGlobals: Created PersistentFrame Addr=0x0000029015d75d00, Size=632, Default__GameInfoInstance_C Function /Engine/Transient.REINST_GameInfoInstance_C_2:ExecuteUbergraph_GameInfoInstance
[2018.07.27-21.05.06:973][  0]LogUObjectGlobals: Destroyed PersistentFrame Addr=0x000002902391d558, Size=40
[2018.07.27-21.05.06:973][  0]LogUObjectGlobals: Created PersistentFrame Addr=0x0000029015da5eb8, Size=40, Default__ErrorDialog_C Function /Engine/Transient.REINST_ErrorDialog_C_0:ExecuteUbergraph_ErrorDialog
[2018.07.27-21.05.06:974][  0]LogUObjectGlobals: Destroyed PersistentFrame Addr=0x0000029012cfdb40, Size=96
[2018.07.27-21.05.06:974][  0]LogUObjectGlobals: Created PersistentFrame Addr=0x00000290240ebe80, Size=96, Default__HostMenu_C Function /Engine/Transient.REINST_HostMenu_C_1:ExecuteUbergraph_HostMenu
[2018.07.27-21.05.06:975][  0]LogUObjectGlobals: Destroyed PersistentFrame Addr=0x000002902447ee80, Size=64
[2018.07.27-21.05.06:975][  0]LogUObjectGlobals: Created PersistentFrame Addr=0x0000029015ce91c0, Size=64, Default__MainMenu_C Function /Engine/Transient.REINST_MainMenu_C_3:ExecuteUbergraph_MainMenu
[2018.07.27-21.05.06:976][  0]LogUObjectGlobals: Destroyed PersistentFrame Addr=0x0000029024482b70, Size=104
[2018.07.27-21.05.06:976][  0]LogUObjectGlobals: Created PersistentFrame Addr=0x0000029015cfc1e0, Size=104, Default__OptionsMenu_C Function /Engine/Transient.REINST_OptionsMenu_C_4:ExecuteUbergraph_OptionsMenu
[2018.07.27-21.05.06:977][  0]LogUObjectGlobals: Destroyed PersistentFrame Addr=0x00000290244a1d00, Size=608
[2018.07.27-21.05.06:978][  0]LogUObjectGlobals: Created PersistentFrame Addr=0x0000029015d75800, Size=608, Default__ServerMenu_C Function /Engine/Transient.REINST_ServerMenu_C_5:ExecuteUbergraph_ServerMenu
[2018.07.27-21.05.07:093][  0]LogUObjectGlobals: Created PersistentFrame Addr=0x0000029023e72700, Size=632, Default__GameInfoInstance_C Function /Game/Blueprints/AllLevels/GameInfoInstance.GameInfoInstance_C:ExecuteUbergraph_GameInfoInstance
[2018.07.27-21.05.07:097][  0]LogUObjectGlobals: Created PersistentFrame Addr=0x0000029015da67a0, Size=40, Default__ErrorDialog_C Function /Game/UI/MainMenu/ErrorDialog.ErrorDialog_C:ExecuteUbergraph_ErrorDialog
[2018.07.27-21.05.07:103][  0]LogUObjectGlobals: Created PersistentFrame Addr=0x0000029023f40c40, Size=96, Default__HostMenu_C Function /Game/UI/MainMenu/HostMenu.HostMenu_C:ExecuteUbergraph_HostMenu
[2018.07.27-21.05.07:108][  0]LogUObjectGlobals: Created PersistentFrame Addr=0x0000029023e13f58, Size=56, Default__MainMenu_C Function /Game/UI/MainMenu/MainMenu.MainMenu_C:ExecuteUbergraph_MainMenu
[2018.07.27-21.05.07:114][  0]LogUObjectGlobals: Created PersistentFrame Addr=0x0000029023de50c0, Size=104, Default__OptionsMenu_C Function /Game/UI/MainMenu/OptionsMenu.OptionsMenu_C:ExecuteUbergraph_OptionsMenu
[2018.07.27-21.05.07:132][  0]LogUObjectGlobals: Created PersistentFrame Addr=0x0000029023e70b80, Size=592, Default__ServerMenu_C Function /Game/UI/MainMenu/ServerMenu.ServerMenu_C:ExecuteUbergraph_ServerMenu
[2018.07.27-21.05.07:235][  0]LogInit: Display: Game Engine Initialized.
[2018.07.27-21.05.07:235][  0]LogGameplayTags: Display: UGameplayTagsManager::DoneAddingNativeTags. DelegateIsBound: 0
[2018.07.27-21.05.07:235][  0]LogStats: UGameplayTagsManager::ConstructGameplayTagTree: Construct from data asset -  0.000 s
[2018.07.27-21.05.07:235][  0]LogStats: UGameplayTagsManager::ConstructGameplayTagTree: GameplayTagTreeChangedEvent.Broadcast -  0.000 s
[2018.07.27-21.05.07:674][  0]LogInit: Display: Starting Game.
[2018.07.27-21.05.07:674][  0]LogNet: Browse: 127.0.0.1:17777//Game/Maps/MainMenu?Name=Player
[2018.07.27-21.05.07:674][  0]LogOnline: Warning: STEAM: Steam API disabled!
[2018.07.27-21.05.07:674][  0]LogOnline: Display: STEAM: OnlineSubsystemSteam::Shutdown()
[2018.07.27-21.05.07:675][  0]LogTemp: Display: ParseSettings for GameNetDriver
[2018.07.27-21.05.07:676][  0]LogTemp: Display: ParseSettings for IpNetDriver_0
[2018.07.27-21.05.07:676][  0]LogTemp: Display: ParseSettings for PendingNetDriver
[2018.07.27-21.05.07:676][  0]LogInit: WinSock: Socket queue 32768 / 32768
[2018.07.27-21.05.07:677][  0]PacketHandlerLog: Loaded PacketHandler component: Engine.EngineHandlerComponentFactory (StatelessConnectHandlerComponent)
[2018.07.27-21.05.07:678][  0]LogNet: Game client on port 17777, rate 10000
[2018.07.27-21.05.07:868][  0]LogLoad: (Engine Initialization) Total time: 24.60 seconds
[2018.07.27-21.05.07:868][  0]LogLoad: (Engine Initialization) Total Blueprint compile time: 0.00 seconds
[2018.07.27-21.05.07:897][  0]LogContentStreaming: Texture pool size now 1000 MB
[2018.07.27-21.05.10:922][128]LogHandshake: SendChallengeResponse. Timestamp: 0.352153, Cookie: 190022068101236225118135029050162022062205105246087042126054
[2018.07.27-21.05.10:938][129]LogNetVersion: FPBG 1.0.0.0, NetCL: 3944462, EngineNetVer: 2, GameNetVer: 0 (Checksum: 272724767)
[2018.07.27-21.05.10:938][129]LogNet: UPendingNetGame::SendInitialJoin: Sending hello. [UNetConnection] RemoteAddr: 127.0.0.1:17777, Name: IpConnection_0, Driver: PendingNetDriver IpNetDriver_0, IsServer: NO, PC: NULL, Owner: NULL, UniqueId: INVALID
[2018.07.27-21.05.10:971][131]LogNet: Welcomed by server (Level: /Game/Maps/MainMenu, Game: /Game/FirstPersonBP/Blueprints/FirstPersonGameMode.FirstPersonGameMode_C)
[2018.07.27-21.05.10:971][131]LogLoad: LoadMap: 127.0.0.1:17777//Game/Maps/MainMenu?Name=Player?game=/Game/FirstPersonBP/Blueprints/FirstPersonGameMode.FirstPersonGameMode_C
[2018.07.27-21.05.11:018][131]LogUObjectGlobals: Destroyed PersistentFrame Addr=0x0000029015d75d00, Size=632
[2018.07.27-21.05.11:018][131]LogUObjectGlobals: Destroyed PersistentFrame Addr=0x0000029015da5eb8, Size=40
[2018.07.27-21.05.11:018][131]LogUObjectGlobals: Destroyed PersistentFrame Addr=0x00000290240ebe80, Size=96
[2018.07.27-21.05.11:018][131]LogUObjectGlobals: Destroyed PersistentFrame Addr=0x0000029015ce91c0, Size=64
[2018.07.27-21.05.11:018][131]LogUObjectGlobals: Destroyed PersistentFrame Addr=0x0000029015cfc1e0, Size=104
[2018.07.27-21.05.11:018][131]LogUObjectGlobals: Destroyed PersistentFrame Addr=0x0000029015d75800, Size=608
[2018.07.27-21.05.11:028][131]LogUObjectGlobals: Created PersistentFrame Addr=0x0000029023e30c80, Size=32, Default__MainMenu_C Function /Game/Maps/MainMenu.MainMenu_C:ExecuteUbergraph_MainMenu
[2018.07.27-21.05.11:031][131]LogUObjectGlobals: Destroyed PersistentFrame Addr=0x0000029023e30c80, Size=32
[2018.07.27-21.05.11:031][131]LogUObjectGlobals: Created PersistentFrame Addr=0x0000029023e30c80, Size=32, Default__MainMenu_C Function /Engine/Transient.REINST_MainMenu_C_13:ExecuteUbergraph_MainMenu
[2018.07.27-21.05.11:033][131]LogUObjectGlobals: Created PersistentFrame Addr=0x0000029023e31c60, Size=32, Default__MainMenu_C Function /Game/Maps/MainMenu.MainMenu_C:ExecuteUbergraph_MainMenu
[2018.07.27-21.05.11:065][131]LogAIModule: Creating AISystem for world MainMenu
[2018.07.27-21.05.11:065][131]LogTemp: Display: ParseSettings for GameNetDriver
[2018.07.27-21.05.11:067][131]LogWorld: Bringing World /Game/Maps/MainMenu.MainMenu up for play (max tick rate 0) at 2018.07.27-22.05.11
[2018.07.27-21.05.11:067][131]LogWorld: Bringing up level for play took: 0.000685
[2018.07.27-21.05.11:069][131]LogLoad: Took 0.097694 seconds to LoadMap(/Game/Maps/MainMenu)
[2018.07.27-21.05.11:346][132]LogRenderer: Reallocating scene render targets to support 640x480 Format 10 NumSamples 1 (Frame:1).
[2018.07.27-21.05.11:527][132]LogUObjectGlobals: Created PersistentFrame Addr=0x0000029023e101e0, Size=52, Default__FirstPersonHUD_C Function /Game/FirstPersonBP/Blueprints/FirstPersonHUD.FirstPersonHUD_C:ExecuteUbergraph_FirstPersonHUD
[2018.07.27-21.05.11:546][132]LogUObjectGlobals: Destroyed PersistentFrame Addr=0x0000029023e101e0, Size=52
[2018.07.27-21.05.11:546][132]LogUObjectGlobals: Created PersistentFrame Addr=0x0000029023e101e0, Size=52, Default__FirstPersonHUD_C Function /Engine/Transient.REINST_FirstPersonHUD_C_15:ExecuteUbergraph_FirstPersonHUD
[2018.07.27-21.05.11:551][132]LogUObjectGlobals: Created PersistentFrame Addr=0x0000029015cf99f0, Size=52, Default__FirstPersonHUD_C Function /Game/FirstPersonBP/Blueprints/FirstPersonHUD.FirstPersonHUD_C:ExecuteUbergraph_FirstPersonHUD
[2018.07.27-21.05.11:598][132]LogUObjectGlobals: Created PersistentFrame Addr=0x0000029024067a00, Size=688, Default__FirstPersonCharacter_C Function /Game/FirstPersonBP/Blueprints/FirstPersonCharacter.FirstPersonCharacter_C:ExecuteUbergraph_FirstPersonCharacter
[2018.07.27-21.05.11:602][132]LogUObjectGlobals: Created PersistentFrame Addr=0x0000029023e0ce00, Size=256, Default__FirstPersonProjectile_C Function /Game/FirstPersonBP/Blueprints/FirstPersonProjectile.FirstPersonProjectile_C:ExecuteUbergraph_FirstPersonProjectile
[2018.07.27-21.05.11:645][132]LogUObjectGlobals: Created PersistentFrame Addr=0x0000029023f1eb10, Size=72, Default__FirstPerson_AnimBP_C Function /Game/FirstPerson/Animations/FirstPerson_AnimBP.FirstPerson_AnimBP_C:ExecuteUbergraph_FirstPerson_AnimBP
[2018.07.27-21.05.11:733][132]LogUObjectGlobals: Destroyed PersistentFrame Addr=0x0000029023f1eb10, Size=72
[2018.07.27-21.05.11:733][132]LogUObjectGlobals: Created PersistentFrame Addr=0x0000029015cdce00, Size=72, Default__FirstPerson_AnimBP_C Function /Engine/Transient.REINST_FirstPerson_AnimBP_C_0:ExecuteUbergraph_FirstPerson_AnimBP
[2018.07.27-21.05.11:734][132]LogUObjectGlobals: Destroyed PersistentFrame Addr=0x0000029023e0ce00, Size=256
[2018.07.27-21.05.11:734][132]LogUObjectGlobals: Created PersistentFrame Addr=0x0000029023e0ce00, Size=256, Default__FirstPersonProjectile_C Function /Engine/Transient.REINST_FirstPersonProjectile_C_17:ExecuteUbergraph_FirstPersonProjectile
[2018.07.27-21.05.11:736][132]LogUObjectGlobals: Destroyed PersistentFrame Addr=0x0000029024067a00, Size=688
[2018.07.27-21.05.11:737][132]LogUObjectGlobals: Created PersistentFrame Addr=0x000002902695b400, Size=688, Default__FirstPersonCharacter_C Function /Engine/Transient.REINST_FirstPersonCharacter_C_18:ExecuteUbergraph_FirstPersonCharacter
[2018.07.27-21.05.11:790][132]LogUObjectGlobals: Created PersistentFrame Addr=0x0000029026907300, Size=64, Default__FirstPerson_AnimBP_C Function /Game/FirstPerson/Animations/FirstPerson_AnimBP.FirstPerson_AnimBP_C:ExecuteUbergraph_FirstPerson_AnimBP
[2018.07.27-21.05.11:793][132]LogUObjectGlobals: Created PersistentFrame Addr=0x0000029023e64900, Size=256, Default__FirstPersonProjectile_C Function /Game/FirstPersonBP/Blueprints/FirstPersonProjectile.FirstPersonProjectile_C:ExecuteUbergraph_FirstPersonProjectile
[2018.07.27-21.05.11:804][132]LogUObjectGlobals: Created PersistentFrame Addr=0x0000029026938a00, Size=688, Default__FirstPersonCharacter_C Function /Game/FirstPersonBP/Blueprints/FirstPersonCharacter.FirstPersonCharacter_C:ExecuteUbergraph_FirstPersonCharacter
[2018.07.27-21.05.12:176][132]LogSkeletalMesh: Skeletal Mesh found in DDC [24.800829ms] /Game/FirstPerson/FPWeapon/Mesh/SK_FPGun.SK_FPGun
[2018.07.27-21.05.12:216][132]LogSkeletalMesh: Skeletal Mesh found in DDC [34.707253ms] /Game/FirstPerson/Character/Mesh/SK_Mannequin_Arms.SK_Mannequin_Arms
[2018.07.27-21.05.12:252][132]LogOnline: Warning: OSS: No game present to join for session (GameSession)
[2018.07.27-21.05.12:252][132]LogOnline: Warning: OSS: No game present to join for session (GameSession)
[2018.07.27-21.05.12:252][132]LogOnline: Warning: OSS: No game present to join for session (GameSession)
[2018.07.27-21.05.15:696][277]LogOnline: Warning: OSS: No game present to leave for session (GameSession)
[2018.07.27-21.05.25:243][733]LogNet: Warning: Network Failure: GameNetDriver[FailureReceived]: Host closed the connection.
[2018.07.27-21.05.25:243][733]LogNet: NetworkFailure: FailureReceived, Error: 'Host closed the connection.'
[2018.07.27-21.05.25:247][733]LogNet: UNetConnection::Close: [UNetConnection] RemoteAddr: 127.0.0.1:17777, Name: IpConnection_0, Driver: GameNetDriver IpNetDriver_0, IsServer: NO, PC: PlayerController_1, Owner: PlayerController_1, UniqueId: Q6600-FB24F29A4AF4C4C6BB3A62AF2D01FD31, Channels: 10, Time: 2018.07.27-21.05.25
[2018.07.27-21.05.25:247][733]LogNet: UChannel::Close: Sending CloseBunch. ChIndex == 0. Name: [UChannel] ChIndex: 0, Closing: 0 [UNetConnection] RemoteAddr: 127.0.0.1:17777, Name: IpConnection_0, Driver: GameNetDriver IpNetDriver_0, IsServer: NO, PC: PlayerController_1, Owner: PlayerController_1, UniqueId: Q6600-FB24F29A4AF4C4C6BB3A62AF2D01FD31
[2018.07.27-21.05.25:247][733]LogNet: Warning: Network Failure: GameNetDriver[ConnectionLost]: Your connection to the host has been lost.
[2018.07.27-21.05.25:248][733]LogNet: NetworkFailure: ConnectionLost, Error: 'Your connection to the host has been lost.'
[2018.07.27-21.05.25:281][734]LogNet: Browse: /Game/Maps/MainMenu?closed
[2018.07.27-21.05.25:281][734]LogNet: Failed; returning to Entry
[2018.07.27-21.05.25:289][734]LogLoad: LoadMap: /Game/Maps/MainMenu?closed
[2018.07.27-21.05.25:290][734]LogNet: World NetDriver shutdown IpNetDriver_0 [GameNetDriver]
[2018.07.27-21.05.25:290][734]LogNet: DestroyNamedNetDriver IpNetDriver_0 [GameNetDriver]
[2018.07.27-21.05.25:291][734]LogExit: GameNetDriver IpNetDriver_0 shut down
[2018.07.27-21.05.25:345][734]LogUObjectGlobals: Destroyed PersistentFrame Addr=0x0000029015cdce00, Size=72
[2018.07.27-21.05.25:345][734]LogUObjectGlobals: Destroyed PersistentFrame Addr=0x0000029023e0ce00, Size=256
[2018.07.27-21.05.25:345][734]LogUObjectGlobals: Destroyed PersistentFrame Addr=0x0000029015cf99f0, Size=52
[2018.07.27-21.05.25:345][734]LogUObjectGlobals: Destroyed PersistentFrame Addr=0x0000029023e101e0, Size=52
[2018.07.27-21.05.25:345][734]LogUObjectGlobals: Destroyed PersistentFrame Addr=0x0000029023e31c60, Size=32
[2018.07.27-21.05.25:345][734]LogUObjectGlobals: Destroyed PersistentFrame Addr=0x0000029023e30c80, Size=32
[2018.07.27-21.05.25:347][734]LogUObjectGlobals: Destroyed PersistentFrame Addr=0x0000029026907300, Size=64
[2018.07.27-21.05.25:347][734]LogUObjectGlobals: Destroyed PersistentFrame Addr=0x0000029023e64900, Size=256
[2018.07.27-21.05.25:349][734]LogUObjectGlobals: Destroyed PersistentFrame Addr=0x0000029026938a00, Size=688
[2018.07.27-21.05.25:349][734]LogUObjectGlobals: Destroyed PersistentFrame Addr=0x000002902695b400, Size=688
[2018.07.27-21.05.25:361][734]LogUObjectGlobals: Created PersistentFrame Addr=0x0000029023eab060, Size=32, Default__MainMenu_C Function /Game/Maps/MainMenu.MainMenu_C:ExecuteUbergraph_MainMenu
[2018.07.27-21.05.25:364][734]LogUObjectGlobals: Destroyed PersistentFrame Addr=0x0000029023eab060, Size=32
[2018.07.27-21.05.25:364][734]LogUObjectGlobals: Created PersistentFrame Addr=0x0000029023eab060, Size=32, Default__MainMenu_C Function /Engine/Transient.REINST_MainMenu_C_24:ExecuteUbergraph_MainMenu
[2018.07.27-21.05.25:366][734]LogUObjectGlobals: Created PersistentFrame Addr=0x0000029023ea8ba0, Size=32, Default__MainMenu_C Function /Game/Maps/MainMenu.MainMenu_C:ExecuteUbergraph_MainMenu
[2018.07.27-21.05.25:373][734]LogAIModule: Creating AISystem for world MainMenu
[2018.07.27-21.05.25:413][734]LogUObjectGlobals: Created PersistentFrame Addr=0x0000029033bea500, Size=688, Default__FirstPersonCharacter_C Function /Game/FirstPersonBP/Blueprints/FirstPersonCharacter.FirstPersonCharacter_C:ExecuteUbergraph_FirstPersonCharacter
[2018.07.27-21.05.25:417][734]LogUObjectGlobals: Created PersistentFrame Addr=0x0000029023f96f00, Size=256, Default__FirstPersonProjectile_C Function /Game/FirstPersonBP/Blueprints/FirstPersonProjectile.FirstPersonProjectile_C:ExecuteUbergraph_FirstPersonProjectile
[2018.07.27-21.05.25:449][734]LogUObjectGlobals: Created PersistentFrame Addr=0x0000029015de1a80, Size=72, Default__FirstPerson_AnimBP_C Function /Game/FirstPerson/Animations/FirstPerson_AnimBP.FirstPerson_AnimBP_C:ExecuteUbergraph_FirstPerson_AnimBP
[2018.07.27-21.05.25:517][734]LogUObjectGlobals: Created PersistentFrame Addr=0x000002902696ba50, Size=52, Default__FirstPersonHUD_C Function /Game/FirstPersonBP/Blueprints/FirstPersonHUD.FirstPersonHUD_C:ExecuteUbergraph_FirstPersonHUD
[2018.07.27-21.05.25:538][734]LogUObjectGlobals: Destroyed PersistentFrame Addr=0x0000029015de1a80, Size=72
[2018.07.27-21.05.25:538][734]LogUObjectGlobals: Created PersistentFrame Addr=0x0000029024052de0, Size=72, Default__FirstPerson_AnimBP_C Function /Engine/Transient.REINST_FirstPerson_AnimBP_C_1:ExecuteUbergraph_FirstPerson_AnimBP
[2018.07.27-21.05.25:539][734]LogUObjectGlobals: Destroyed PersistentFrame Addr=0x0000029023f96f00, Size=256
[2018.07.27-21.05.25:540][734]LogUObjectGlobals: Created PersistentFrame Addr=0x0000029023e83300, Size=256, Default__FirstPersonProjectile_C Function /Engine/Transient.REINST_FirstPersonProjectile_C_26:ExecuteUbergraph_FirstPersonProjectile
[2018.07.27-21.05.25:540][734]LogUObjectGlobals: Destroyed PersistentFrame Addr=0x000002902696ba50, Size=52
[2018.07.27-21.05.25:540][734]LogUObjectGlobals: Created PersistentFrame Addr=0x000002902696ba50, Size=52, Default__FirstPersonHUD_C Function /Engine/Transient.REINST_FirstPersonHUD_C_27:ExecuteUbergraph_FirstPersonHUD
[2018.07.27-21.05.25:542][734]LogUObjectGlobals: Destroyed PersistentFrame Addr=0x0000029033bea500, Size=688
[2018.07.27-21.05.25:542][734]LogUObjectGlobals: Created PersistentFrame Addr=0x00000290269b3d00, Size=688, Default__FirstPersonCharacter_C Function /Engine/Transient.REINST_FirstPersonCharacter_C_28:ExecuteUbergraph_FirstPersonCharacter
[2018.07.27-21.05.25:588][734]LogUObjectGlobals: Created PersistentFrame Addr=0x0000029026904840, Size=64, Default__FirstPerson_AnimBP_C Function /Game/FirstPerson/Animations/FirstPerson_AnimBP.FirstPerson_AnimBP_C:ExecuteUbergraph_FirstPerson_AnimBP
[2018.07.27-21.05.25:591][734]LogUObjectGlobals: Created PersistentFrame Addr=0x0000029015d01300, Size=256, Default__FirstPersonProjectile_C Function /Game/FirstPersonBP/Blueprints/FirstPersonProjectile.FirstPersonProjectile_C:ExecuteUbergraph_FirstPersonProjectile
[2018.07.27-21.05.25:593][734]LogUObjectGlobals: Created PersistentFrame Addr=0x0000029015cfa0b8, Size=52, Default__FirstPersonHUD_C Function /Game/FirstPersonBP/Blueprints/FirstPersonHUD.FirstPersonHUD_C:ExecuteUbergraph_FirstPersonHUD
[2018.07.27-21.05.25:599][734]LogUObjectGlobals: Created PersistentFrame Addr=0x0000029023f3a500, Size=688, Default__FirstPersonCharacter_C Function /Game/FirstPersonBP/Blueprints/FirstPersonCharacter.FirstPersonCharacter_C:ExecuteUbergraph_FirstPersonCharacter
[2018.07.27-21.05.25:866][734]LogSkeletalMesh: Skeletal Mesh found in DDC [8.637561ms] /Game/FirstPerson/FPWeapon/Mesh/SK_FPGun.SK_FPGun
[2018.07.27-21.05.25:888][734]LogSkeletalMesh: Skeletal Mesh found in DDC [15.394015ms] /Game/FirstPerson/Character/Mesh/SK_Mannequin_Arms.SK_Mannequin_Arms
[2018.07.27-21.05.25:912][734]LogLoad: Game class is 'FirstPersonGameMode_C'
[2018.07.27-21.05.25:913][734]LogWorld: Bringing World /Game/Maps/MainMenu.MainMenu up for play (max tick rate 0) at 2018.07.27-22.05.25
[2018.07.27-21.05.25:914][734]LogWorld: Bringing up level for play took: 0.000998
[2018.07.27-21.05.25:915][734]LogGameMode: FindPlayerStart: PATHS NOT DEFINED or NO PLAYERSTART with positive rating
[2018.07.27-21.05.25:921][734]LogLoad: Took 0.632134 seconds to LoadMap(/Game/Maps/MainMenu)
[2018.07.27-21.05.25:950][734]LogUObjectGlobals: Destroyed PersistentFrame Addr=0x000002902696ba50, Size=52
[2018.07.27-21.05.25:950][734]LogUObjectGlobals: Destroyed PersistentFrame Addr=0x0000029024052de0, Size=72
[2018.07.27-21.05.25:950][734]LogUObjectGlobals: Destroyed PersistentFrame Addr=0x0000029023e83300, Size=256
[2018.07.27-21.05.25:950][734]LogUObjectGlobals: Destroyed PersistentFrame Addr=0x00000290269b3d00, Size=688
[2018.07.27-21.05.25:951][734]LogUObjectGlobals: Destroyed PersistentFrame Addr=0x0000029023eab060, Size=32
[2018.07.27-21.05.52:954][777]LogSlate: Window 'FPBG (64-bit, PCD3D_SM5) ' being destroyed
[2018.07.27-21.05.52:955][777]LogWindowsTextInputMethodSystem: Display: IME system now deactivated.
[2018.07.27-21.05.52:960][777]LogEngine: All Windows Closed
[2018.07.27-21.05.52:960][777]LogWindows: FPlatformMisc::RequestExit(0)
[2018.07.27-21.05.53:183][778]LogSlate: Slate User Destroyed.  User Index 0, Is Virtual User: 0
[2018.07.27-21.05.53:183][778]LogExit: Preparing to exit.
[2018.07.27-21.05.53:183][778]LogMoviePlayer: Shutting down movie player
[2018.07.27-21.05.53:958][778]LogExit: Game engine shut down
[2018.07.27-21.05.53:982][778]LogUObjectGlobals: Destroyed PersistentFrame Addr=0x0000029023f3a500, Size=688
[2018.07.27-21.05.53:982][778]LogUObjectGlobals: Destroyed PersistentFrame Addr=0x0000029015cfa0b8, Size=52
[2018.07.27-21.05.53:982][778]LogUObjectGlobals: Destroyed PersistentFrame Addr=0x0000029015d01300, Size=256
[2018.07.27-21.05.53:982][778]LogUObjectGlobals: Destroyed PersistentFrame Addr=0x0000029026904840, Size=64
[2018.07.27-21.05.53:982][778]LogUObjectGlobals: Destroyed PersistentFrame Addr=0x0000029023e72700, Size=632
[2018.07.27-21.05.53:982][778]LogUObjectGlobals: Destroyed PersistentFrame Addr=0x0000029015da67a0, Size=40
[2018.07.27-21.05.53:982][778]LogUObjectGlobals: Destroyed PersistentFrame Addr=0x0000029023f40c40, Size=96
[2018.07.27-21.05.53:982][778]LogUObjectGlobals: Destroyed PersistentFrame Addr=0x0000029023e13f58, Size=56
[2018.07.27-21.05.53:982][778]LogUObjectGlobals: Destroyed PersistentFrame Addr=0x0000029023de50c0, Size=104
[2018.07.27-21.05.53:983][778]LogUObjectGlobals: Destroyed PersistentFrame Addr=0x0000029023e70b80, Size=592
[2018.07.27-21.05.53:983][778]LogUObjectGlobals: Destroyed PersistentFrame Addr=0x0000029023ea8ba0, Size=32
[2018.07.27-21.05.54:134][778]LogExit: Object subsystem successfully closed.
[2018.07.27-21.05.54:163][778]LogShaderCompilers: Display: Shaders left to compile 0
[2018.07.27-21.05.54:173][778]LogD3D11RHI: Shutdown
[2018.07.27-21.05.54:173][778]LogD3D11RHI: CleanupD3DDevice
[2018.07.27-21.05.54:177][778]LogD3D11RHI: ~FD3D11DynamicRHI
[2018.07.27-21.05.54:190][778]LogModuleManager: Shutting down and abandoning module Voice (338)
[2018.07.27-21.05.54:190][778]LogModuleManager: Shutting down and abandoning module AIModule (334)
[2018.07.27-21.05.54:190][778]LogModuleManager: Shutting down and abandoning module GameplayDebugger (333)
[2018.07.27-21.05.54:190][778]LogModuleManager: Shutting down and abandoning module AITestSuite (331)
[2018.07.27-21.05.54:190][778]LogModuleManager: Shutting down and abandoning module SequenceRecorderSections (328)
[2018.07.27-21.05.54:190][778]LogModuleManager: Shutting down and abandoning module SequenceRecorder (326)
[2018.07.27-21.05.54:190][778]LogModuleManager: Shutting down and abandoning module AutomationController (324)
[2018.07.27-21.05.54:190][778]LogModuleManager: Shutting down and abandoning module AutomationWorker (322)
[2018.07.27-21.05.54:190][778]LogModuleManager: Shutting down and abandoning module WmfMediaFactory (320)
[2018.07.27-21.05.54:190][778]LogModuleManager: Shutting down and abandoning module OpenExrWrapper (318)
[2018.07.27-21.05.54:190][778]LogModuleManager: Shutting down and abandoning module ImgMediaFactory (316)
[2018.07.27-21.05.54:190][778]LogModuleManager: Shutting down and abandoning module AvfMediaFactory (314)
[2018.07.27-21.05.54:190][778]LogModuleManager: Shutting down and abandoning module CharacterAI (312)
[2018.07.27-21.05.54:190][778]LogModuleManager: Shutting down and abandoning module SessionServices (310)
[2018.07.27-21.05.54:190][778]LogModuleManager: Shutting down and abandoning module MovieSceneCapture (308)
[2018.07.27-21.05.54:190][778]LogModuleManager: Shutting down and abandoning module MovieSceneTracks (306)
[2018.07.27-21.05.54:191][778]LogModuleManager: Shutting down and abandoning module MovieScene (304)
[2018.07.27-21.05.54:191][778]LogModuleManager: Shutting down and abandoning module GeometryCache (302)
[2018.07.27-21.05.54:191][778]LogModuleManager: Shutting down and abandoning module GeometryCacheEd (301)
[2018.07.27-21.05.54:191][778]LogModuleManager: Shutting down and abandoning module StreamingPauseRendering (298)
[2018.07.27-21.05.54:191][778]LogModuleManager: Shutting down and abandoning module PortalServices (296)
[2018.07.27-21.05.54:191][778]LogModuleManager: Shutting down and abandoning module PortalRpc (294)
[2018.07.27-21.05.54:191][778]LogModuleManager: Shutting down and abandoning module MessagingRpc (292)
[2018.07.27-21.05.54:191][778]LogModuleManager: Shutting down and abandoning module ProfilerService (290)
[2018.07.27-21.05.54:418][778]LogModuleManager: Shutting down and abandoning module TaskGraph (288)
[2018.07.27-21.05.54:418][778]LogModuleManager: Shutting down and abandoning module SteamVRController (286)
[2018.07.27-21.05.54:418][778]LogModuleManager: Shutting down and abandoning module ProceduralMeshComponent (284)
[2018.07.27-21.05.54:418][778]LogModuleManager: Shutting down and abandoning module OculusInput (282)
[2018.07.27-21.05.54:418][778]LogModuleManager: Shutting down and abandoning module MobilePatchingUtils (280)
[2018.07.27-21.05.54:418][778]LogModuleManager: Shutting down and abandoning module CustomMeshComponent (278)
[2018.07.27-21.05.54:418][778]LogModuleManager: Shutting down and abandoning module CableComponent (276)
[2018.07.27-21.05.54:418][778]LogModuleManager: Shutting down and abandoning module AudioCapture (274)
[2018.07.27-21.05.54:418][778]LogModuleManager: Shutting down and abandoning module ArchVisCharacter (272)
[2018.07.27-21.05.54:418][778]LogModuleManager: Shutting down and abandoning module AndroidPermission (270)
[2018.07.27-21.05.54:418][778]LogModuleManager: Shutting down and abandoning module NUTUnrealEngine4 (268)
[2018.07.27-21.05.54:418][778]LogModuleManager: Shutting down and abandoning module NetcodeUnitTest (266)
[2018.07.27-21.05.54:418][778]LogModuleManager: Shutting down and abandoning module MediaCompositing (264)
[2018.07.27-21.05.54:418][778]LogModuleManager: Shutting down and abandoning module LinearTimecode (262)
[2018.07.27-21.05.54:418][778]LogModuleManager: Shutting down and abandoning module ImgMedia (260)
[2018.07.27-21.05.54:426][778]LogModuleManager: Shutting down and abandoning module HTML5Networking (258)
[2018.07.27-21.05.54:426][778]LogModuleManager: Shutting down and abandoning module DatasmithContent (256)
[2018.07.27-21.05.54:426][778]LogModuleManager: Shutting down and abandoning module CryptoKeysOpenSSL (254)
[2018.07.27-21.05.54:426][778]LogModuleManager: Shutting down and abandoning module CryptoKeys (252)
[2018.07.27-21.05.54:426][778]LogModuleManager: Shutting down and abandoning module VisualStudioSourceCodeAccess (250)
[2018.07.27-21.05.54:426][778]LogModuleManager: Shutting down and abandoning module HotReload (249)
[2018.07.27-21.05.54:427][778]LogModuleManager: Shutting down and abandoning module DirectoryWatcher (248)
[2018.07.27-21.05.54:427][778]LogModuleManager: Shutting down and abandoning module VisualStudioCodeSourceCodeAccess (244)
[2018.07.27-21.05.54:427][778]LogModuleManager: Shutting down and abandoning module UObjectPlugin (242)
[2018.07.27-21.05.54:427][778]LogModuleManager: Shutting down and abandoning module SubversionSourceControl (240)
[2018.07.27-21.05.54:427][778]LogModuleManager: Shutting down and abandoning module PerforceSourceControl (238)
[2018.07.27-21.05.54:427][778]LogModuleManager: Shutting down and abandoning module SourceControl (237)
[2018.07.27-21.05.54:427][778]LogModuleManager: Shutting down and abandoning module CLionSourceCodeAccess (234)
[2018.07.27-21.05.54:427][778]LogModuleManager: Shutting down and abandoning module RuntimePhysXCooking (232)
[2018.07.27-21.05.54:427][778]LogModuleManager: Shutting down and abandoning module PhysXVehiclesEditor (230)
[2018.07.27-21.05.54:427][778]LogModuleManager: Shutting down and abandoning module PhysXVehicles (228)
[2018.07.27-21.05.54:427][778]LogModuleManager: Shutting down and abandoning module LocationServicesBPLibrary (226)
[2018.07.27-21.05.54:427][778]LogModuleManager: Shutting down and abandoning module ImmediatePhysicsEditor (224)
[2018.07.27-21.05.54:427][778]LogModuleManager: Shutting down and abandoning module ImmediatePhysics (222)
[2018.07.27-21.05.54:428][778]LogModuleManager: Shutting down and abandoning module ActorSequence (220)
[2018.07.27-21.05.54:428][778]LogModuleManager: Shutting down and abandoning module UdpMessaging (218)
[2018.07.27-21.05.54:529][778]LogModuleManager: Shutting down and abandoning module TcpMessaging (216)
[2018.07.27-21.05.54:630][778]LogModuleManager: Shutting down and abandoning module GameplayTagsEditor (214)
[2018.07.27-21.05.54:631][778]LogModuleManager: Shutting down and abandoning module FacialAnimation (212)
[2018.07.27-21.05.54:631][778]LogModuleManager: Shutting down and abandoning module DataValidation (210)
[2018.07.27-21.05.54:631][778]LogModuleManager: Shutting down and abandoning module AssetManagerEditor (208)
[2018.07.27-21.05.54:631][778]LogModuleManager: Shutting down and abandoning module TreeMap (207)
[2018.07.27-21.05.54:631][778]LogModuleManager: Shutting down and abandoning module LightPropagationVolumeRuntime (204)
[2018.07.27-21.05.54:631][778]LogModuleManager: Shutting down and abandoning module LiveLink (202)
[2018.07.27-21.05.55:002][778]LogModuleManager: Shutting down and abandoning module Paper2D (200)
[2018.07.27-21.05.55:002][778]LogModuleManager: Shutting down and abandoning module PIEPreviewDeviceProfileSelector (198)
[2018.07.27-21.05.55:002][778]LogModuleManager: Shutting down and abandoning module WindowsMoviePlayer (196)
[2018.07.27-21.05.55:002][778]LogModuleManager: Shutting down and abandoning module WmfMedia (194)
[2018.07.27-21.05.55:006][778]LogModuleManager: Shutting down and abandoning module Media (193)
[2018.07.27-21.05.55:014][778]LogModuleManager: Shutting down and abandoning module PacketHandler (190)
[2018.07.27-21.05.55:014][778]LogModuleManager: Shutting down and abandoning module ClothingSystemEditor (188)
[2018.07.27-21.05.55:014][778]LogModuleManager: Shutting down and abandoning module ClothingSystemRuntime (186)
[2018.07.27-21.05.55:014][778]LogModuleManager: Shutting down and abandoning module MediaAssets (184)
[2018.07.27-21.05.55:015][778]LogModuleManager: Shutting down and abandoning module Overlay (182)
[2018.07.27-21.05.55:015][778]LogModuleManager: Shutting down and abandoning module OverlayEditor (181)
[2018.07.27-21.05.55:015][778]LogModuleManager: Shutting down and abandoning module VREditor (178)
[2018.07.27-21.05.55:015][778]LogModuleManager: Shutting down and abandoning module StringTableEditor (176)
[2018.07.27-21.05.55:015][778]LogModuleManager: Shutting down and abandoning module GameplayTasksEditor (174)
[2018.07.27-21.05.55:015][778]LogModuleManager: Shutting down and abandoning module BehaviorTreeEditor (172)
[2018.07.27-21.05.55:015][778]LogModuleManager: Shutting down and abandoning module FunctionalTesting (170)
[2018.07.27-21.05.55:015][778]LogModuleManager: Shutting down and abandoning module CollisionAnalyzer (168)
[2018.07.27-21.05.55:015][778]LogModuleManager: Shutting down and abandoning module WorkspaceMenuStructure (167)
[2018.07.27-21.05.55:015][778]LogModuleManager: Shutting down and abandoning module UMG (164)
[2018.07.27-21.05.55:015][778]LogModuleManager: Shutting down and abandoning module UMGEditor (163)
[2018.07.27-21.05.55:015][778]LogModuleManager: Shutting down and abandoning module Sequencer (162)
[2018.07.27-21.05.55:015][778]LogModuleManager: Shutting down and abandoning module MessageLog (159)
[2018.07.27-21.05.55:015][778]LogModuleManager: Shutting down and abandoning module SlateReflector (154)
[2018.07.27-21.05.55:016][778]LogModuleManager: Shutting down and abandoning module Slate (152)
[2018.07.27-21.05.55:016][778]LogModuleManager: Shutting down and abandoning module EditorStyle (150)
[2018.07.27-21.05.55:018][778]LogModuleManager: Shutting down and abandoning module MRMesh (148)
[2018.07.27-21.05.55:018][778]LogModuleManager: Shutting down and abandoning module Messaging (146)
[2018.07.27-21.05.55:018][778]LogModuleManager: Shutting down and abandoning module SourceCodeAccess (144)
[2018.07.27-21.05.55:018][778]LogModuleManager: Shutting down and abandoning module HeadMountedDisplay (142)
[2018.07.27-21.05.55:018][778]LogModuleManager: Shutting down and abandoning module XAudio2 (140)
[2018.07.27-21.05.55:018][778]LogModuleManager: Shutting down and abandoning module Networking (138)
[2018.07.27-21.05.55:018][778]LogModuleManager: Shutting down and abandoning module Core (136)
[2018.07.27-21.05.55:018][778]LogModuleManager: Shutting down and abandoning module LevelSequence (134)
[2018.07.27-21.05.55:018][778]LogModuleManager: Shutting down and abandoning module KismetCompiler (132)
[2018.07.27-21.05.55:018][778]LogModuleManager: Shutting down and abandoning module MeshUtilities (130)
[2018.07.27-21.05.55:018][778]LogModuleManager: Shutting down and abandoning module MeshMergeUtilities (129)
[2018.07.27-21.05.55:018][778]LogModuleManager: Shutting down and abandoning module MeshReductionInterface (128)
[2018.07.27-21.05.55:018][778]LogModuleManager: Shutting down and abandoning module SimplygonSwarm (127)
[2018.07.27-21.05.55:018][778]LogModuleManager: Shutting down and abandoning module SimplygonMeshReduction (125)
[2018.07.27-21.05.55:018][778]LogModuleManager: Shutting down and abandoning module QuadricMeshReduction (123)
[2018.07.27-21.05.55:019][778]LogModuleManager: Shutting down and abandoning module MaterialBaking (119)
[2018.07.27-21.05.55:019][778]LogModuleManager: Shutting down and abandoning module DerivedDataCache (114)
[2018.07.27-21.05.55:258][778]LogDerivedDataCache: Shutdown
[2018.07.27-21.05.55:258][778]LogModuleManager: Shutting down and abandoning module XGEController (112)
[2018.07.27-21.05.55:258][778]LogModuleManager: Shutting down and abandoning module TargetPlatform (110)
[2018.07.27-21.05.55:258][778]LogModuleManager: Shutting down and abandoning module VulkanShaderFormat (109)
[2018.07.27-21.05.55:258][778]LogModuleManager: Shutting down and abandoning module ShaderFormatVectorVM (107)
[2018.07.27-21.05.55:259][778]LogModuleManager: Shutting down and abandoning module ShaderFormatOpenGL (105)
[2018.07.27-21.05.55:259][778]LogModuleManager: Shutting down and abandoning module ShaderFormatD3D (103)
[2018.07.27-21.05.55:260][778]LogModuleManager: Shutting down and abandoning module MetalShaderFormat (101)
[2018.07.27-21.05.55:260][778]LogModuleManager: Shutting down and abandoning module TextureFormatUncompressed (99)
[2018.07.27-21.05.55:260][778]LogModuleManager: Shutting down and abandoning module TextureFormatPVR (97)
[2018.07.27-21.05.55:261][778]LogModuleManager: Shutting down and abandoning module TextureFormatDXT (95)
[2018.07.27-21.05.55:261][778]LogModuleManager: Shutting down and abandoning module TextureFormatIntelISPCTexComp (93)
[2018.07.27-21.05.55:261][778]LogModuleManager: Shutting down and abandoning module TextureFormatASTC (91)
[2018.07.27-21.05.55:261][778]LogModuleManager: Shutting down and abandoning module ImageWrapper (90)
[2018.07.27-21.05.55:261][778]LogModuleManager: Shutting down and abandoning module TextureFormatAndroid (87)
[2018.07.27-21.05.55:261][778]LogModuleManager: Shutting down and abandoning module AudioFormatOpus (85)
[2018.07.27-21.05.55:261][778]LogModuleManager: Shutting down and abandoning module AudioFormatOgg (83)
[2018.07.27-21.05.55:261][778]LogModuleManager: Shutting down and abandoning module AudioFormatADPCM (81)
[2018.07.27-21.05.55:261][778]LogModuleManager: Shutting down and abandoning module WindowsTargetPlatform (79)
[2018.07.27-21.05.55:261][778]LogModuleManager: Shutting down and abandoning module WindowsServerTargetPlatform (77)
[2018.07.27-21.05.55:261][778]LogModuleManager: Shutting down and abandoning module WindowsNoEditorTargetPlatform (75)
[2018.07.27-21.05.55:261][778]LogModuleManager: Shutting down and abandoning module WindowsClientTargetPlatform (73)
[2018.07.27-21.05.55:261][778]LogModuleManager: Shutting down and abandoning module InputCore (70)
[2018.07.27-21.05.55:261][778]LogModuleManager: Shutting down and abandoning module Settings (68)
[2018.07.27-21.05.55:261][778]LogModuleManager: Shutting down and abandoning module PhysXCooking (66)
[2018.07.27-21.05.55:261][778]LogModuleManager: Shutting down and abandoning module SteamVR (64)
[2018.07.27-21.05.55:262][778]LogModuleManager: Shutting down and abandoning module OculusHMD (62)
[2018.07.27-21.05.55:262][778]LogModuleManager: Shutting down and abandoning module ExampleDeviceProfileSelector (60)
[2018.07.27-21.05.55:262][778]LogModuleManager: Shutting down and abandoning module AppleARKit (58)
[2018.07.27-21.05.55:262][778]LogModuleManager: Shutting down and abandoning module AugmentedReality (57)
[2018.07.27-21.05.55:262][778]LogModuleManager: Shutting down and abandoning module OnlineBlueprintSupport (54)
[2018.07.27-21.05.55:262][778]LogModuleManager: Shutting down and abandoning module OnlineSubsystem (50)
[2018.07.27-21.05.55:262][778]LogOnline: Display: OSS: FOnlineSubsystemNull::Shutdown()
[2018.07.27-21.05.55:262][778]LogOnline: Display: OSS: FOnlineAsyncTaskManager::Stop() ActiveTask:0000000000000000 Tasks[0/0]
[2018.07.27-21.05.55:263][778]LogOnline: Display: OSS: FOnlineAsyncTaskManager::Exit() started
[2018.07.27-21.05.55:263][778]LogOnline: Display: OSS: FOnlineAsyncTaskManager::Exit() finished
[2018.07.27-21.05.55:263][778]LogModuleManager: Shutting down and abandoning module XMPP (43)
[2018.07.27-21.05.55:264][778]LogModuleManager: Shutting down and abandoning module HTTP (41)
[2018.07.27-21.05.55:277][778]LogModuleManager: Shutting down and abandoning module SSL (40)
[2018.07.27-21.05.55:279][778]LogModuleManager: Shutting down and abandoning module AnimationModifiers (36)
[2018.07.27-21.05.55:279][778]LogModuleManager: Shutting down and abandoning module PropertyEditor (35)
[2018.07.27-21.05.55:280][778]LogModuleManager: Shutting down and abandoning module AudioEditor (32)
[2018.07.27-21.05.55:280][778]LogModuleManager: Shutting down and abandoning module TextureCompressor (30)
[2018.07.27-21.05.55:280][778]LogModuleManager: Shutting down and abandoning module ShaderCore (28)
[2018.07.27-21.05.55:281][778]LogModuleManager: Shutting down and abandoning module Landscape (26)
[2018.07.27-21.05.55:281][778]LogModuleManager: Shutting down and abandoning module SlateRHIRenderer (24)
[2018.07.27-21.05.55:281][778]LogModuleManager: Shutting down and abandoning module OpenGLDrv (22)
[2018.07.27-21.05.55:281][778]LogModuleManager: Shutting down and abandoning module D3D11RHI (20)
[2018.07.27-21.05.55:281][778]LogModuleManager: Shutting down and abandoning module AnimGraphRuntime (18)
[2018.07.27-21.05.55:281][778]LogModuleManager: Shutting down and abandoning module Renderer (16)
[2018.07.27-21.05.55:281][778]LogModuleManager: Shutting down and abandoning module Engine (14)
[2018.07.27-21.05.55:282][778]LogModuleManager: Shutting down and abandoning module CoreUObject (12)
[2018.07.27-21.05.55:282][778]LogModuleManager: Shutting down and abandoning module NetworkFile (10)
[2018.07.27-21.05.55:282][778]LogModuleManager: Shutting down and abandoning module CookedIterativeFile (8)
[2018.07.27-21.05.55:282][778]LogModuleManager: Shutting down and abandoning module StreamingFile (6)
[2018.07.27-21.05.55:282][778]LogModuleManager: Shutting down and abandoning module SandboxFile (4)
[2018.07.27-21.05.55:282][778]LogModuleManager: Shutting down and abandoning module PakFile (2)
[2018.07.27-21.05.55:295][778]LogExit: Exiting.
[2018.07.27-21.05.55:392][778]Log file closed, 07/27/18 22:05:55
