Log file open, 07/27/18 21:29:45
LogWindows: Failed to load 'aqProf.dll' (GetLastError=126)
LogWindows: File 'aqProf.dll' does not exist
LogWindows: Failed to load 'VtuneApi.dll' (GetLastError=126)
LogWindows: File 'VtuneApi.dll' does not exist
LogWindows: Failed to load 'VtuneApi32e.dll' (GetLastError=126)
LogWindows: File 'VtuneApi32e.dll' does not exist
LogInit: Display: Running engine for game: FPBG
LogPlatformFile: Not using cached read wrapper
LogInit: Display: RandInit(-67886228) SRandInit(-67886228).
LogInit: Read version file with build ID '3944462'
LogInit: Overriding engine version to CL 4033788, compatible CL 3944462
LogInit: Registered custom module enumerator with build ID '3944462'
LogTaskGraph: Started task graph with 5 named threads and 14 total threads with 3 sets of task threads.
LogStats: Stats thread started at 0.313557
LogD3D11RHI: Aftermath initialized
LogICUInternationalization: Display: ICU TimeZone Detection - Raw Offset: +0:00, Platform Override: ''
LogModuleManager: Display: Found up-to-date module file ../../../Engine/Plugins/Online/OnlineSubsystemSteam/Binaries/Win64/UE4Editor-OnlineSubsystemSteam.dll (API version 3944462).
LogModuleManager: Display: Found up-to-date module file ../../../Engine/Plugins/Online/OnlineSubsystem/Binaries/Win64/UE4Editor-OnlineSubsystem.dll (API version 3944462).
LogModuleManager: Display: Found up-to-date module file ../../../Engine/Plugins/Online/OnlineSubsystemUtils/Binaries/Win64/UE4Editor-OnlineSubsystemUtils.dll (API version 3944462).
LogModuleManager: Display: Found up-to-date module file ../../../Engine/Plugins/Online/OnlineSubsystemUtils/Binaries/Win64/UE4Editor-OnlineBlueprintSupport.dll (API version 3944462).
LogModuleManager: Display: Found up-to-date module file ../../../Engine/Plugins/2D/Paper2D/Binaries/Win64/UE4Editor-Paper2D.dll (API version 3944462).
LogModuleManager: Display: Found up-to-date module file ../../../Engine/Plugins/2D/Paper2D/Binaries/Win64/UE4Editor-Paper2DEditor.dll (API version 3944462).
LogModuleManager: Display: Found up-to-date module file ../../../Engine/Plugins/2D/Paper2D/Binaries/Win64/UE4Editor-PaperSpriteSheetImporter.dll (API version 3944462).
LogModuleManager: Display: Found up-to-date module file ../../../Engine/Plugins/2D/Paper2D/Binaries/Win64/UE4Editor-PaperTiledImporter.dll (API version 3944462).
LogModuleManager: Display: Found up-to-date module file ../../../Engine/Plugins/2D/Paper2D/Binaries/Win64/UE4Editor-SmartSnapping.dll (API version 3944462).
LogModuleManager: Display: Found up-to-date module file ../../../Engine/Plugins/Blendables/LightPropagationVolume/Binaries/Win64/UE4Editor-LightPropagationVolumeRuntime.dll (API version 3944462).
LogModuleManager: Display: Found up-to-date module file ../../../Engine/Plugins/Blendables/LightPropagationVolume/Binaries/Win64/UE4Editor-LightPropagationVolumeEditor.dll (API version 3944462).
LogModuleManager: Display: Found up-to-date module file ../../../Engine/Plugins/Developer/CLionSourceCodeAccess/Binaries/Win64/UE4Editor-CLionSourceCodeAccess.dll (API version 3944462).
LogModuleManager: Display: Found up-to-date module file ../../../Engine/Plugins/Developer/GitSourceControl/Binaries/Win64/UE4Editor-GitSourceControl.dll (API version 3944462).
LogModuleManager: Display: Found up-to-date module file ../../../Engine/Plugins/Developer/PerforceSourceControl/Binaries/Win64/UE4Editor-PerforceSourceControl.dll (API version 3944462).
LogModuleManager: Display: Found up-to-date module file ../../../Engine/Plugins/Developer/SubversionSourceControl/Binaries/Win64/UE4Editor-SubversionSourceControl.dll (API version 3944462).
LogModuleManager: Display: Found up-to-date module file ../../../Engine/Plugins/Developer/UObjectPlugin/Binaries/Win64/UE4Editor-UObjectPlugin.dll (API version 3944462).
LogModuleManager: Display: Found up-to-date module file ../../../Engine/Plugins/Developer/VisualStudioCodeSourceCodeAccess/Binaries/Win64/UE4Editor-VisualStudioCodeSourceCodeAccess.dll (API version 3944462).
LogModuleManager: Display: Found up-to-date module file ../../../Engine/Plugins/Developer/VisualStudioSourceCodeAccess/Binaries/Win64/UE4Editor-VisualStudioSourceCodeAccess.dll (API version 3944462).
LogModuleManager: Display: Found up-to-date module file ../../../Engine/Plugins/Editor/AssetManagerEditor/Binaries/Win64/UE4Editor-AssetManagerEditor.dll (API version 3944462).
LogModuleManager: Display: Found up-to-date module file ../../../Engine/Plugins/Editor/CryptoKeys/Binaries/Win64/UE4Editor-CryptoKeys.dll (API version 3944462).
LogModuleManager: Display: Found up-to-date module file ../../../Engine/Plugins/Editor/CryptoKeys/Binaries/Win64/UE4Editor-CryptoKeysOpenSSL.dll (API version 3944462).
LogModuleManager: Display: Found up-to-date module file ../../../Engine/Plugins/Editor/DataValidation/Binaries/Win64/UE4Editor-DataValidation.dll (API version 3944462).
LogModuleManager: Display: Found up-to-date module file ../../../Engine/Plugins/Editor/FacialAnimation/Binaries/Win64/UE4Editor-FacialAnimation.dll (API version 3944462).
LogModuleManager: Display: Found up-to-date module file ../../../Engine/Plugins/Editor/FacialAnimation/Binaries/Win64/UE4Editor-FacialAnimationEditor.dll (API version 3944462).
LogModuleManager: Display: Found up-to-date module file ../../../Engine/Plugins/Editor/GameplayTagsEditor/Binaries/Win64/UE4Editor-GameplayTagsEditor.dll (API version 3944462).
LogModuleManager: Display: Found up-to-date module file ../../../Engine/Plugins/Editor/MobileLauncherProfileWizard/Binaries/Win64/UE4Editor-MobileLauncherProfileWizard.dll (API version 3944462).
LogModuleManager: Display: Found up-to-date module file ../../../Engine/Plugins/Editor/PluginBrowser/Binaries/Win64/UE4Editor-PluginBrowser.dll (API version 3944462).
LogModuleManager: Display: Found up-to-date module file ../../../Engine/Plugins/Editor/SpeedTreeImporter/Binaries/Win64/UE4Editor-SpeedTreeImporter.dll (API version 3944462).
LogModuleManager: Display: Found up-to-date module file ../../../Engine/Plugins/Enterprise/DatasmithContent/Binaries/Win64/UE4Editor-DatasmithContent.dll (API version 3944462).
LogModuleManager: Display: Found up-to-date module file ../../../Engine/Plugins/Experimental/AlembicImporter/Binaries/Win64/UE4Editor-AlembicImporter.dll (API version 3944462).
LogModuleManager: Display: Found up-to-date module file ../../../Engine/Plugins/Experimental/AlembicImporter/Binaries/Win64/UE4Editor-AlembicLibrary.dll (API version 3944462).
LogModuleManager: Display: Found up-to-date module file ../../../Engine/Plugins/Experimental/CharacterAI/Binaries/Win64/UE4Editor-CharacterAI.dll (API version 3944462).
LogModuleManager: Display: Found up-to-date module file ../../../Engine/Plugins/Experimental/HTML5Networking/Binaries/Win64/UE4Editor-HTML5Networking.dll (API version 3944462).
LogModuleManager: Display: Found up-to-date module file ../../../Engine/Plugins/Media/AndroidMedia/Binaries/Win64/UE4Editor-AndroidMediaEditor.dll (API version 3944462).
LogModuleManager: Display: Found up-to-date module file ../../../Engine/Plugins/Media/AndroidMedia/Binaries/Win64/UE4Editor-AndroidMediaFactory.dll (API version 3944462).
LogModuleManager: Display: Found up-to-date module file ../../../Engine/Plugins/Media/AvfMedia/Binaries/Win64/UE4Editor-AvfMediaEditor.dll (API version 3944462).
LogModuleManager: Display: Found up-to-date module file ../../../Engine/Plugins/Media/AvfMedia/Binaries/Win64/UE4Editor-AvfMediaFactory.dll (API version 3944462).
LogModuleManager: Display: Found up-to-date module file ../../../Engine/Plugins/Media/AvfMedia/Binaries/Win64/UE4Editor-AvfMediaFactory.dll (API version 3944462).
LogModuleManager: Display: Found up-to-date module file ../../../Engine/Plugins/Media/ImgMedia/Binaries/Win64/UE4Editor-ImgMedia.dll (API version 3944462).
LogModuleManager: Display: Found up-to-date module file ../../../Engine/Plugins/Media/ImgMedia/Binaries/Win64/UE4Editor-ImgMediaEditor.dll (API version 3944462).
LogModuleManager: Display: Found up-to-date module file ../../../Engine/Plugins/Media/ImgMedia/Binaries/Win64/UE4Editor-ImgMediaFactory.dll (API version 3944462).
LogModuleManager: Display: Found up-to-date module file ../../../Engine/Plugins/Media/ImgMedia/Binaries/Win64/UE4Editor-ImgMediaFactory.dll (API version 3944462).
LogModuleManager: Display: Found up-to-date module file ../../../Engine/Plugins/Media/ImgMedia/Binaries/Win64/UE4Editor-OpenExrWrapper.dll (API version 3944462).
LogModuleManager: Display: Found up-to-date module file ../../../Engine/Plugins/Media/LinearTimecode/Binaries/Win64/UE4Editor-LinearTimecode.dll (API version 3944462).
LogModuleManager: Display: Found up-to-date module file ../../../Engine/Plugins/Media/MediaCompositing/Binaries/Win64/UE4Editor-MediaCompositing.dll (API version 3944462).
LogModuleManager: Display: Found up-to-date module file ../../../Engine/Plugins/Media/MediaCompositing/Binaries/Win64/UE4Editor-MediaCompositingEditor.dll (API version 3944462).
LogModuleManager: Display: Found up-to-date module file ../../../Engine/Plugins/Media/MediaPlayerEditor/Binaries/Win64/UE4Editor-MediaPlayerEditor.dll (API version 3944462).
LogModuleManager: Display: Found up-to-date module file ../../../Engine/Plugins/Media/WmfMedia/Binaries/Win64/UE4Editor-WmfMedia.dll (API version 3944462).
LogModuleManager: Display: Found up-to-date module file ../../../Engine/Plugins/Media/WmfMedia/Binaries/Win64/UE4Editor-WmfMediaEditor.dll (API version 3944462).
LogModuleManager: Display: Found up-to-date module file ../../../Engine/Plugins/Media/WmfMedia/Binaries/Win64/UE4Editor-WmfMediaFactory.dll (API version 3944462).
LogModuleManager: Display: Found up-to-date module file ../../../Engine/Plugins/Media/WmfMedia/Binaries/Win64/UE4Editor-WmfMediaFactory.dll (API version 3944462).
LogModuleManager: Display: Found up-to-date module file ../../../Engine/Plugins/Messaging/TcpMessaging/Binaries/Win64/UE4Editor-TcpMessaging.dll (API version 3944462).
LogModuleManager: Display: Found up-to-date module file ../../../Engine/Plugins/Messaging/UdpMessaging/Binaries/Win64/UE4Editor-UdpMessaging.dll (API version 3944462).
LogModuleManager: Display: Found up-to-date module file ../../../Engine/Plugins/MovieScene/ActorSequence/Binaries/Win64/UE4Editor-ActorSequence.dll (API version 3944462).
LogModuleManager: Display: Found up-to-date module file ../../../Engine/Plugins/MovieScene/LevelSequenceEditor/Binaries/Win64/UE4Editor-LevelSequenceEditor.dll (API version 3944462).
LogModuleManager: Display: Found up-to-date module file ../../../Engine/Plugins/MovieScene/MatineeToLevelSequence/Binaries/Win64/UE4Editor-MatineeToLevelSequence.dll (API version 3944462).
LogModuleManager: Display: Found up-to-date module file ../../../Engine/Plugins/NetcodeUnitTest/NetcodeUnitTest/Binaries/Win64/UE4Editor-NetcodeUnitTest.dll (API version 3944462).
LogModuleManager: Display: Found up-to-date module file ../../../Engine/Plugins/NetcodeUnitTest/NUTUnrealEngine4/Binaries/Win64/UE4Editor-NUTUnrealEngine4.dll (API version 3944462).
LogModuleManager: Display: Found up-to-date module file ../../../Engine/Plugins/Runtime/AndroidPermission/Binaries/Win64/UE4Editor-AndroidPermission.dll (API version 3944462).
LogModuleManager: Display: Found up-to-date module file ../../../Engine/Plugins/Online/OnlineSubsystemNull/Binaries/Win64/UE4Editor-OnlineSubsystemNull.dll (API version 3944462).
LogModuleManager: Display: Found up-to-date module file ../../../Engine/Plugins/Runtime/AndroidDeviceProfileSelector/Binaries/Win64/UE4Editor-AndroidDeviceProfileSelector.dll (API version 3944462).
LogModuleManager: Display: Found up-to-date module file ../../../Engine/Plugins/Runtime/AppleARKit/Binaries/Win64/UE4Editor-AppleARKit.dll (API version 3944462).
LogModuleManager: Display: Found up-to-date module file ../../../Engine/Plugins/Runtime/ProceduralMeshComponent/Binaries/Win64/UE4Editor-ProceduralMeshComponent.dll (API version 3944462).
LogModuleManager: Display: Found up-to-date module file ../../../Engine/Plugins/Runtime/ProceduralMeshComponent/Binaries/Win64/UE4Editor-ProceduralMeshComponentEditor.dll (API version 3944462).
LogModuleManager: Display: Found up-to-date module file ../../../Engine/Plugins/Animation/LiveLink/Binaries/Win64/UE4Editor-LiveLink.dll (API version 3944462).
LogModuleManager: Display: Found up-to-date module file ../../../Engine/Plugins/Animation/LiveLink/Binaries/Win64/UE4Editor-LiveLinkEditor.dll (API version 3944462).
LogModuleManager: Display: Found up-to-date module file ../../../Engine/Plugins/Runtime/ArchVisCharacter/Binaries/Win64/UE4Editor-ArchVisCharacter.dll (API version 3944462).
LogModuleManager: Display: Found up-to-date module file ../../../Engine/Plugins/Runtime/AudioCapture/Binaries/Win64/UE4Editor-AudioCapture.dll (API version 3944462).
LogModuleManager: Display: Found up-to-date module file ../../../Engine/Plugins/Runtime/AudioCapture/Binaries/Win64/UE4Editor-AudioCaptureEditor.dll (API version 3944462).
LogModuleManager: Display: Found up-to-date module file ../../../Engine/Plugins/Runtime/CableComponent/Binaries/Win64/UE4Editor-CableComponent.dll (API version 3944462).
LogModuleManager: Display: Found up-to-date module file ../../../Engine/Plugins/Runtime/CustomMeshComponent/Binaries/Win64/UE4Editor-CustomMeshComponent.dll (API version 3944462).
LogModuleManager: Display: Found up-to-date module file ../../../Engine/Plugins/Runtime/ExampleDeviceProfileSelector/Binaries/Win64/UE4Editor-ExampleDeviceProfileSelector.dll (API version 3944462).
LogModuleManager: Display: Found up-to-date module file ../../../Engine/Plugins/Runtime/ImmediatePhysics/Binaries/Win64/UE4Editor-ImmediatePhysics.dll (API version 3944462).
LogModuleManager: Display: Found up-to-date module file ../../../Engine/Plugins/Runtime/ImmediatePhysics/Binaries/Win64/UE4Editor-ImmediatePhysicsEditor.dll (API version 3944462).
LogModuleManager: Display: Found up-to-date module file ../../../Engine/Plugins/Runtime/LocationServicesBPLibrary/Binaries/Win64/UE4Editor-LocationServicesBPLibrary.dll (API version 3944462).
LogModuleManager: Display: Found up-to-date module file ../../../Engine/Plugins/Runtime/MobilePatchingUtils/Binaries/Win64/UE4Editor-MobilePatchingUtils.dll (API version 3944462).
LogModuleManager: Display: Found up-to-date module file ../../../Engine/Plugins/Runtime/Oculus/OculusVR/Binaries/Win64/UE4Editor-OculusHMD.dll (API version 3944462).
LogModuleManager: Display: Found up-to-date module file ../../../Engine/Plugins/Runtime/Oculus/OculusVR/Binaries/Win64/UE4Editor-OculusInput.dll (API version 3944462).
LogModuleManager: Display: Found up-to-date module file ../../../Engine/Plugins/Runtime/Oculus/OculusVR/Binaries/Win64/UE4Editor-OculusEditor.dll (API version 3944462).
LogModuleManager: Display: Found up-to-date module file ../../../Engine/Plugins/Runtime/PhysXVehicles/Binaries/Win64/UE4Editor-PhysXVehicles.dll (API version 3944462).
LogModuleManager: Display: Found up-to-date module file ../../../Engine/Plugins/Runtime/PhysXVehicles/Binaries/Win64/UE4Editor-PhysXVehiclesEditor.dll (API version 3944462).
LogModuleManager: Display: Found up-to-date module file ../../../Engine/Plugins/Runtime/RuntimePhysXCooking/Binaries/Win64/UE4Editor-RuntimePhysXCooking.dll (API version 3944462).
LogModuleManager: Display: Found up-to-date module file ../../../Engine/Plugins/Runtime/Steam/SteamVR/Binaries/Win64/UE4Editor-SteamVR.dll (API version 3944462).
LogModuleManager: Display: Found up-to-date module file ../../../Engine/Plugins/Runtime/Steam/SteamVR/Binaries/Win64/UE4Editor-SteamVRController.dll (API version 3944462).
LogModuleManager: Display: Found up-to-date module file ../../../Engine/Plugins/Runtime/WindowsMoviePlayer/Binaries/Win64/UE4Editor-WindowsMoviePlayer.dll (API version 3944462).
LogPluginManager: Mounting plugin Paper2D
LogPluginManager: Mounting plugin LiveLink
LogPluginManager: Mounting plugin LightPropagationVolume
LogPluginManager: Mounting plugin CLionSourceCodeAccess
LogPluginManager: Mounting plugin CodeLiteSourceCodeAccess
LogPluginManager: Mounting plugin GitSourceControl
LogPluginManager: Mounting plugin KDevelopSourceCodeAccess
LogPluginManager: Mounting plugin NullSourceCodeAccess
LogPluginManager: Mounting plugin PerforceSourceControl
LogPluginManager: Mounting plugin SubversionSourceControl
LogPluginManager: Mounting plugin UObjectPlugin
LogPluginManager: Mounting plugin VisualStudioCodeSourceCodeAccess
LogPluginManager: Mounting plugin VisualStudioSourceCodeAccess
LogPluginManager: Mounting plugin XCodeSourceCodeAccess
LogPluginManager: Mounting plugin AssetManagerEditor
LogPluginManager: Mounting plugin CryptoKeys
LogPluginManager: Mounting plugin DataValidation
LogPluginManager: Mounting plugin FacialAnimation
LogPluginManager: Mounting plugin GameplayTagsEditor
LogPluginManager: Mounting plugin MobileLauncherProfileWizard
LogPluginManager: Mounting plugin PluginBrowser
LogPluginManager: Mounting plugin SpeedTreeImporter
LogPluginManager: Mounting plugin DatasmithContent
LogPluginManager: Mounting plugin AlembicImporter
LogPluginManager: Mounting plugin CharacterAI
LogPluginManager: Mounting plugin HTML5Networking
LogPluginManager: Mounting plugin AndroidMedia
LogPluginManager: Mounting plugin AvfMedia
LogPluginManager: Mounting plugin ImgMedia
LogPluginManager: Mounting plugin LinearTimecode
LogPluginManager: Mounting plugin MediaCompositing
LogPluginManager: Mounting plugin MediaPlayerEditor
LogPluginManager: Mounting plugin WmfMedia
LogPluginManager: Mounting plugin TcpMessaging
LogPluginManager: Mounting plugin UdpMessaging
LogPluginManager: Mounting plugin ActorSequence
LogPluginManager: Mounting plugin LevelSequenceEditor
LogPluginManager: Mounting plugin MatineeToLevelSequence
LogPluginManager: Mounting plugin NetcodeUnitTest
LogPluginManager: Mounting plugin NUTUnrealEngine4
LogPluginManager: Mounting plugin OnlineSubsystemGooglePlay
LogPluginManager: Mounting plugin OnlineSubsystemIOS
LogPluginManager: Mounting plugin OnlineSubsystem
LogPluginManager: Mounting plugin OnlineSubsystemNull
LogPluginManager: Mounting plugin OnlineSubsystemSteam
LogPluginManager: Mounting plugin OnlineSubsystemUtils
LogPluginManager: Mounting plugin AndroidDeviceProfileSelector
LogPluginManager: Mounting plugin AndroidMoviePlayer
LogPluginManager: Mounting plugin AndroidPermission
LogPluginManager: Mounting plugin AppleARKit
LogPluginManager: Mounting plugin AppleMoviePlayer
LogPluginManager: Mounting plugin ArchVisCharacter
LogPluginManager: Mounting plugin AudioCapture
LogPluginManager: Mounting plugin CableComponent
LogPluginManager: Mounting plugin CustomMeshComponent
LogPluginManager: Mounting plugin ExampleDeviceProfileSelector
LogPluginManager: Mounting plugin GoogleCloudMessaging
LogPluginManager: Mounting plugin ImmediatePhysics
LogPluginManager: Mounting plugin IOSDeviceProfileSelector
LogPluginManager: Mounting plugin LinuxDeviceProfileSelector
LogPluginManager: Mounting plugin LocationServicesBPLibrary
LogPluginManager: Mounting plugin MobilePatchingUtils
LogPluginManager: Mounting plugin OculusVR
LogPluginManager: Plugin shader directory ../../../Engine/Plugins/Runtime/Oculus/OculusVR/Shaders found
LogPluginManager: Mapping shader source directory ../../../Engine/Plugins/Runtime/Oculus/OculusVR/Shaders to virtual directory /Plugin/OculusVR
LogPluginManager: Mounting plugin PhysXVehicles
LogPluginManager: Mounting plugin ProceduralMeshComponent
LogPluginManager: Mounting plugin RuntimePhysXCooking
LogPluginManager: Mounting plugin SteamVR
LogPluginManager: Mounting plugin WindowsMoviePlayer
LogStreaming: Display: Took  3.412s to configure plugins.
LogInit: Using libcurl 7.47.1
LogInit:  - built for x86_64-pc-win32
LogInit:  - supports SSL with OpenSSL/1.0.2g
LogInit:  - supports HTTP deflate (compression) using libz 1.2.8
LogInit:  - other features:
LogInit:      CURL_VERSION_SSL
LogInit:      CURL_VERSION_LIBZ
LogInit:      CURL_VERSION_IPV6
LogInit:      CURL_VERSION_ASYNCHDNS
LogInit:      CURL_VERSION_LARGEFILE
LogInit:      CURL_VERSION_IDN
LogInit:  CurlRequestOptions (configurable via config and command line):
LogInit:  - bVerifyPeer = false  - Libcurl will NOT verify peer certificate
LogInit:  - bUseHttpProxy = false  - Libcurl will NOT use HTTP proxy
LogInit:  - bDontReuseConnections = false  - Libcurl will reuse connections
LogInit:  - CertBundlePath = nullptr  - Libcurl will use whatever was configured at build time.
LogInit:  - MaxHostConnections = 16  - Libcurl will limit the number of connections to a host
LogInit:  - LocalHostAddr = Default
LogOnline: Display: STEAM: Loading Steam SDK 1.39
LogOnline: Warning: STEAM: Steam API disabled!
LogOnline: Display: STEAM: OnlineSubsystemSteam::Shutdown()
LogInit: WinSock: version 1.1 (2.2), MaxSocks=32767, MaxUdp=65467
LogInit: WinSock: I am Q6600 (192.168.1.42:0)
LogInit: Build: ++UE4+Release-4.19-CL-4033788
LogInit: Engine Version: 4.19.2-4033788+++UE4+Release-4.19
LogInit: Compatible Engine Version: 4.19.0-3944462+++UE4+Release-4.19
LogInit: Net CL: 3944462
LogDevObjectVersion: Number of dev versions registered: 18
LogDevObjectVersion:   Dev-Blueprints (B0D832E4-1F89-4F0D-ACCF-7EB736FD4AA2): 10
LogDevObjectVersion:   Dev-Build (E1C64328-A22C-4D53-A36C-8E866417BD8C): 0
LogDevObjectVersion:   Dev-Core (375EC13C-06E4-48FB-B500-84F0262A717E): 2
LogDevObjectVersion:   Dev-Editor (E4B068ED-F494-42E9-A231-DA0B2E46BB41): 23
LogDevObjectVersion:   Dev-Framework (CFFC743F-43B0-4480-9391-14DF171D2073): 33
LogDevObjectVersion:   Dev-Mobile (B02B49B5-BB20-44E9-A304-32B752E40360): 2
LogDevObjectVersion:   Dev-Networking (A4E4105C-59A1-49B5-A7C5-40C4547EDFEE): 0
LogDevObjectVersion:   Dev-Online (39C831C9-5AE6-47DC-9A44-9C173E1C8E7C): 0
LogDevObjectVersion:   Dev-Physics (78F01B33-EBEA-4F98-B9B4-84EACCB95AA2): 0
LogDevObjectVersion:   Dev-Platform (6631380F-2D4D-43E0-8009-CF276956A95A): 0
LogDevObjectVersion:   Dev-Rendering (12F88B9F-8875-4AFC-A67C-D90C383ABD29): 25
LogDevObjectVersion:   Dev-Sequencer (7B5AE74C-D270-4C10-A958-57980B212A5A): 6
LogDevObjectVersion:   Dev-VR (D7296918-1DD6-4BDD-9DE2-64A83CC13884): 1
LogDevObjectVersion:   Dev-LoadTimes (C2A15278-BFE7-4AFE-6C17-90FF531DF755): 1
LogDevObjectVersion:   Private-Geometry (6EACA3D4-40EC-4CC1-B786-8BED09428FC5): 2
LogDevObjectVersion:   Dev-AnimPhys (29E575DD-E0A3-4627-9D10-D276232CDCEA): 16
LogDevObjectVersion:   Dev-ReflectionCapture (6B266CEC-1EC7-4B8F-A30B-E4D90942FC07): 1
LogDevObjectVersion:   Dev-Automation (0DF73D61-A23F-47EA-B727-89E90C41499A): 1
LogInit: Compiled (64-bit): Apr 27 2018 02:06:57
LogInit: Compiled with Visual C++: 19.00.24215.01
LogInit: Build Configuration: Development
LogInit: Branch Name: ++UE4+Release-4.19
LogInit: Command Line:  127.0.0.1:17777 -game -PIEVIACONSOLE -ResX=640 -ResY=480  -Multiprocess -messaging -SessionName="Play in Standalone Game" -windowed GameUserSettingsINI="F:/Juegos/UE_Projects/FPBG/Saved/Config/Windows/PIEGameUserSettings2.ini" -MultiprocessSaveConfig  -MultiprocessOSS WinX=8 WinY=31 SAVEWINPOS=1
LogInit: Base Directory: F:/Juegos/UE_4.19/Engine/Binaries/Win64/
LogInit: Installed Engine Build: 1
LogStreaming: Display: Took  0.007s to delete old logs.
LogInit: Presizing for max 8388607 objects, including 0 objects not considered by GC, pre-allocating 0 bytes for permanent pool.
LogInit: Object subsystem initialized
[2018.07.27-20.29.50:031][  0]LogInit: Selected Device Profile: [Windows]
[2018.07.27-20.29.50:031][  0]LogInit: Applying CVar settings loaded from the selected device profile: [Windows]
[2018.07.27-20.29.50:044][  0]LogInit: Computer: Q6600
[2018.07.27-20.29.50:044][  0]LogInit: User: bitt3rman
[2018.07.27-20.29.50:044][  0]LogInit: CPU Page size=4096, Cores=4
[2018.07.27-20.29.50:044][  0]LogInit: High frequency timer resolution =2.343833 MHz
[2018.07.27-20.29.50:045][  0]LogMemory: Memory total: Physical=8.0GB (8GB approx)
[2018.07.27-20.29.50:045][  0]LogMemory: Platform Memory Stats for Windows
[2018.07.27-20.29.50:045][  0]LogMemory: Process Physical Memory: 274.81 MB used, 274.81 MB peak
[2018.07.27-20.29.50:045][  0]LogMemory: Process Virtual Memory: 270.16 MB used, 270.16 MB peak
[2018.07.27-20.29.50:045][  0]LogMemory: Physical Memory: 6125.48 MB used,  2065.01 MB free, 8190.49 MB total
[2018.07.27-20.29.50:045][  0]LogMemory: Virtual Memory: 4776.43 MB used,  2065.01 MB free, 134217728.00 MB total
[2018.07.27-20.29.50:105][  0]LogInit: Using OS detected language (es-ES).
[2018.07.27-20.29.50:105][  0]LogInit: Using OS detected locale (es-ES).
[2018.07.27-20.29.50:105][  0]LogTextLocalizationManager: No localization for 'es-ES' exists, so 'en' will be used for the language.
[2018.07.27-20.29.50:105][  0]LogTextLocalizationManager: No localization for 'es-ES' exists, so 'en' will be used for the locale.
[2018.07.27-20.29.51:267][  0]LogStreaming: Display: Took  1.162s to EndInitTextLocalization.
[2018.07.27-20.29.51:324][  0]LogSlate: New Slate User Created.  User Index 0, Is Virtual User: 0
[2018.07.27-20.29.51:324][  0]LogSlate: Slate User Registered.  User Index 0, Is Virtual User: 0
[2018.07.27-20.29.51:338][  0]LogD3D11RHI: D3D11 adapters:
[2018.07.27-20.29.51:448][  0]LogD3D11RHI:    0. 'NVIDIA GeForce GT 730' (Feature Level 11_0)
[2018.07.27-20.29.51:448][  0]LogD3D11RHI:       2018/0/4095 MB DedicatedVideo/DedicatedSystem/SharedSystem, Outputs:1, VendorId:0x10de
[2018.07.27-20.29.51:453][  0]LogD3D11RHI:    1. 'Microsoft Basic Render Driver' (Feature Level 11_0)
[2018.07.27-20.29.51:453][  0]LogD3D11RHI:       0/0/4095 MB DedicatedVideo/DedicatedSystem/SharedSystem, Outputs:0, VendorId:0x1414
[2018.07.27-20.29.51:453][  0]LogD3D11RHI: Chosen D3D11 Adapter: 0
[2018.07.27-20.29.51:477][  0]LogD3D11RHI: Creating new Direct3DDevice
[2018.07.27-20.29.51:477][  0]LogD3D11RHI:     GPU DeviceId: 0x1287 (for the marketing name, search the web for "GPU Device Id")
[2018.07.27-20.29.51:477][  0]LogWindows: EnumDisplayDevices:
[2018.07.27-20.29.51:478][  0]LogWindows:    0. 'NVIDIA GeForce GT 730' (P:1 D:1)
[2018.07.27-20.29.51:478][  0]LogWindows:    1. 'NVIDIA GeForce GT 730' (P:0 D:0)
[2018.07.27-20.29.51:478][  0]LogWindows:    2. 'NVIDIA GeForce GT 730' (P:0 D:0)
[2018.07.27-20.29.51:479][  0]LogWindows: DebugString: GetVideoDriverDetailsInvalid PrimaryIsNotTheChoosenAdapter GetVideoDriverDetailsInvalid PrimaryIsNotTheChoosenAdapter GetVideoDriverDetailsInvalid PrimaryIsNotTheChoosenAdapter FoundDriverCount:0 
[2018.07.27-20.29.51:479][  0]LogD3D11RHI:     Adapter Name: NVIDIA GeForce GT 730
[2018.07.27-20.29.51:479][  0]LogD3D11RHI:   Driver Version: Unknown (internal:Unknown, unified:Unknown)
[2018.07.27-20.29.51:479][  0]LogD3D11RHI:      Driver Date: Unknown
[2018.07.27-20.29.51:479][  0]LogRHI: Texture pool is 1413 MB (70% of 2018 MB)
[2018.07.27-20.29.51:555][  0]LogD3D11RHI: [Aftermath] Aftermath enabled but failed to initialize
[2018.07.27-20.29.51:555][  0]LogD3D11RHI: [Aftermath] Aftermath enabled and primed
[2018.07.27-20.29.51:555][  0]LogD3D11RHI: Async texture creation enabled
[2018.07.27-20.29.51:573][  0]LogD3D11RHI: GPU Timing Frequency: 1000.000000 (Debug: 2 0)
[2018.07.27-20.29.51:579][  0]LogShaderCompilers: Guid format shader working directory is 21 characters bigger than the processId version (../../../../UE_Projects/FPBG/Intermediate/Shaders/WorkingDirectory/13964/).
[2018.07.27-20.29.51:580][  0]LogShaderCompilers: Cleaned the shader compiler working directory 'C:/Users/bitt3rman/AppData/Local/Temp/UnrealShaderWorkingDir/CF55A2D1484911C82D54E3B62943476D/'.
[2018.07.27-20.29.52:731][  0]LogTemp: Display: Loaded TP WindowsClientTargetPlatform
[2018.07.27-20.29.52:770][  0]LogTemp: Display: Loaded TP WindowsNoEditorTargetPlatform
[2018.07.27-20.29.52:807][  0]LogTemp: Display: Loaded TP WindowsServerTargetPlatform
[2018.07.27-20.29.52:847][  0]LogTemp: Display: Loaded TP WindowsTargetPlatform
[2018.07.27-20.29.52:848][  0]LogTargetPlatformManager: Display: Building Assets For Windows
[2018.07.27-20.29.53:230][  0]LogXGEController: Cannot use XGE Controller as Incredibuild is not installed on this machine.
[2018.07.27-20.29.53:230][  0]LogShaderCompilers: Cannot use XGE Shader Compiler as Incredibuild is not installed on this machine.
[2018.07.27-20.29.53:230][  0]LogShaderCompilers: Display: Using Local Shader Compiler.
[2018.07.27-20.29.55:540][  0]LogDerivedDataCache: Display: Max Cache Size: 512 MB
[2018.07.27-20.29.55:914][  0]LogDerivedDataCache: Loaded boot cache 0.37s 74MB C:/Users/bitt3rman/AppData/Local/UnrealEngine/4.19/DerivedDataCache/Boot.ddc.
[2018.07.27-20.29.55:914][  0]LogDerivedDataCache: Display: Loaded Boot cache: C:/Users/bitt3rman/AppData/Local/UnrealEngine/4.19/DerivedDataCache/Boot.ddc
[2018.07.27-20.29.55:914][  0]LogDerivedDataCache: FDerivedDataBackendGraph:  Pak pak cache file ../../../../UE_Projects/FPBG/DerivedDataCache/DDC.ddp not found, will not use a pak cache.
[2018.07.27-20.29.55:914][  0]LogDerivedDataCache: Unable to find inner node Pak for hierarchical cache Hierarchy.
[2018.07.27-20.29.55:914][  0]LogDerivedDataCache: FDerivedDataBackendGraph:  CompressedPak pak cache file ../../../../UE_Projects/FPBG/DerivedDataCache/Compressed.ddp not found, will not use a pak cache.
[2018.07.27-20.29.55:914][  0]LogDerivedDataCache: Unable to find inner node CompressedPak for hierarchical cache Hierarchy.
[2018.07.27-20.29.55:947][  0]LogDerivedDataCache: Display: Pak cache opened for reading ../../../Engine/DerivedDataCache/Compressed.ddp.
[2018.07.27-20.29.55:964][  0]LogDerivedDataCache: Using Local data cache path C:/Users/bitt3rman/AppData/Local/UnrealEngine/Common/DerivedDataCache: Writable
[2018.07.27-20.29.55:964][  0]LogDerivedDataCache: Shared data cache path not found in *engine.ini, will not use an Shared cache.
[2018.07.27-20.29.55:964][  0]LogDerivedDataCache: Unable to find inner node Shared for hierarchical cache Hierarchy.
[2018.07.27-20.29.56:001][  0]LogMaterial: Verifying Global Shaders for PCD3D_SM5
[2018.07.27-20.29.56:002][  0]LogSlate: Using Freetype 2.6.0
[2018.07.27-20.29.56:005][  0]LogSlate: SlateFontCache - WITH_FREETYPE: 1, WITH_HARFBUZZ: 1
[2018.07.27-20.29.56:006][  0]LogSlate: SlateFontCache - WITH_FREETYPE: 1, WITH_HARFBUZZ: 1
[2018.07.27-20.29.56:444][  0]LogAssetRegistry: FAssetRegistry took 0.0134 seconds to start up
[2018.07.27-20.29.57:070][  0]LogPackageLocalizationCache: Processed 9 localized package path(s) for 1 prioritized culture(s) in 0.045175 seconds
[2018.07.27-20.29.57:389][  0]LogInit: Selected Device Profile: [Windows]
[2018.07.27-20.29.57:818][  0]LogSimplygon: Simplygon DLL not present - disabling.
[2018.07.27-20.29.57:824][  0]LogMeshReduction: Using SimplygonSwarm for distributed automatic mesh merging
[2018.07.27-20.29.57:824][  0]LogMeshReduction: Using QuadricMeshReduction for automatic static mesh reduction
[2018.07.27-20.29.57:824][  0]LogMeshReduction: No automatic skeletal mesh reduction module available
[2018.07.27-20.29.57:824][  0]LogMeshReduction: No automatic mesh merging module available
[2018.07.27-20.29.57:824][  0]LogMeshMerging: No automatic mesh merging module available
[2018.07.27-20.29.57:929][  0]LogNetVersion: FPBG , NetCL: 3944462, EngineNetVer: 2, GameNetVer: 0 (Checksum: 1413110598)
[2018.07.27-20.30.00:028][  0]LogMoviePlayer: Initializing movie player
[2018.07.27-20.30.01:171][  0]LogTcpMessaging: Initializing TcpMessaging bridge
[2018.07.27-20.30.01:327][  0]LogUdpMessaging: Initializing bridge on interface 0.0.0.0:0 to multicast group 230.0.0.1:6666.
[2018.07.27-20.30.02:402][  0]SourceControl: Source control is disabled
[2018.07.27-20.30.02:402][  0]SourceControl: Source control is disabled
[2018.07.27-20.30.02:476][  0]SourceControl: Source control is disabled
[2018.07.27-20.30.03:799][  0]LogAndroidPermission: UAndroidPermissionCallbackProxy::GetInstance
[2018.07.27-20.30.04:375][  0]LogOcInput: OculusInput pre-init called
[2018.07.27-20.30.04:533][  0]LogUObjectArray: 40131 objects as part of root set at end of initial load.
[2018.07.27-20.30.04:533][  0]LogUObjectAllocator: 8578472 out of 0 bytes used by permanent object pool.
[2018.07.27-20.30.04:533][  0]LogUObjectArray: CloseDisregardForGC: 0/0 objects in disregard for GC pool
[2018.07.27-20.30.05:007][  0]LogEngine: Initializing Engine...
[2018.07.27-20.30.05:011][  0]LogHMD: Failed to initialize OpenVR with code 110
[2018.07.27-20.30.05:027][  0]LogStats: UGameplayTagsManager::ConstructGameplayTagTree: Construct from data asset -  0.000 s
[2018.07.27-20.30.05:027][  0]LogStats: UGameplayTagsManager::ConstructGameplayTagTree: GameplayTagTreeChangedEvent.Broadcast -  0.000 s
[2018.07.27-20.30.06:063][  0]LogInit: XAudio2 using 'Speakers (High Definition Audio Device)' : 2 channels at 48 kHz using 16 bits per sample (channel mask 0x3)
[2018.07.27-20.30.06:329][  0]LogInit: FAudioDevice initialized.
[2018.07.27-20.30.06:492][  0]LogInit: Texture streaming: Enabled
[2018.07.27-20.30.09:323][  0]LogUObjectGlobals: Created PersistentFrame Addr=0x0000023752e39a80, Size=632, Default__GameInfoInstance_C Function /Game/Blueprints/AllLevels/GameInfoInstance.GameInfoInstance_C:ExecuteUbergraph_GameInfoInstance
[2018.07.27-20.30.09:335][  0]LogUObjectGlobals: Created PersistentFrame Addr=0x000002374a321648, Size=40, Default__ErrorDialog_C Function /Game/UI/MainMenu/ErrorDialog.ErrorDialog_C:ExecuteUbergraph_ErrorDialog
[2018.07.27-20.30.09:415][  0]LogUObjectGlobals: Created PersistentFrame Addr=0x0000023739199b40, Size=96, Default__HostMenu_C Function /Game/UI/MainMenu/HostMenu.HostMenu_C:ExecuteUbergraph_HostMenu
[2018.07.27-20.30.09:440][  0]LogUObjectGlobals: Created PersistentFrame Addr=0x0000023752deae80, Size=64, Default__MainMenu_C Function /Game/UI/MainMenu/MainMenu.MainMenu_C:ExecuteUbergraph_MainMenu
[2018.07.27-20.30.09:608][  0]LogUObjectGlobals: Created PersistentFrame Addr=0x0000023752de2b70, Size=104, Default__OptionsMenu_C Function /Game/UI/MainMenu/OptionsMenu.OptionsMenu_C:ExecuteUbergraph_OptionsMenu
[2018.07.27-20.30.09:798][  0]LogUObjectGlobals: Created PersistentFrame Addr=0x0000023752df9d00, Size=608, Default__ServerMenu_C Function /Game/UI/MainMenu/ServerMenu.ServerMenu_C:ExecuteUbergraph_ServerMenu
[2018.07.27-20.30.09:947][  0]LogUObjectGlobals: Destroyed PersistentFrame Addr=0x0000023752e39a80, Size=632
[2018.07.27-20.30.09:947][  0]LogUObjectGlobals: Created PersistentFrame Addr=0x0000023752ccdd00, Size=632, Default__GameInfoInstance_C Function /Engine/Transient.REINST_GameInfoInstance_C_2:ExecuteUbergraph_GameInfoInstance
[2018.07.27-20.30.09:947][  0]LogUObjectGlobals: Destroyed PersistentFrame Addr=0x000002374a321648, Size=40
[2018.07.27-20.30.09:947][  0]LogUObjectGlobals: Created PersistentFrame Addr=0x0000023752d02098, Size=40, Default__ErrorDialog_C Function /Engine/Transient.REINST_ErrorDialog_C_0:ExecuteUbergraph_ErrorDialog
[2018.07.27-20.30.09:948][  0]LogUObjectGlobals: Destroyed PersistentFrame Addr=0x0000023739199b40, Size=96
[2018.07.27-20.30.09:948][  0]LogUObjectGlobals: Created PersistentFrame Addr=0x0000023753a3fe80, Size=96, Default__HostMenu_C Function /Engine/Transient.REINST_HostMenu_C_1:ExecuteUbergraph_HostMenu
[2018.07.27-20.30.09:949][  0]LogUObjectGlobals: Destroyed PersistentFrame Addr=0x0000023752deae80, Size=64
[2018.07.27-20.30.09:949][  0]LogUObjectGlobals: Created PersistentFrame Addr=0x0000023753aa8d00, Size=64, Default__MainMenu_C Function /Engine/Transient.REINST_MainMenu_C_3:ExecuteUbergraph_MainMenu
[2018.07.27-20.30.09:949][  0]LogUObjectGlobals: Destroyed PersistentFrame Addr=0x0000023752de2b70, Size=104
[2018.07.27-20.30.09:949][  0]LogUObjectGlobals: Created PersistentFrame Addr=0x0000023753abc1e0, Size=104, Default__OptionsMenu_C Function /Engine/Transient.REINST_OptionsMenu_C_4:ExecuteUbergraph_OptionsMenu
[2018.07.27-20.30.09:951][  0]LogUObjectGlobals: Destroyed PersistentFrame Addr=0x0000023752df9d00, Size=608
[2018.07.27-20.30.09:951][  0]LogUObjectGlobals: Created PersistentFrame Addr=0x0000023752ccd800, Size=608, Default__ServerMenu_C Function /Engine/Transient.REINST_ServerMenu_C_5:ExecuteUbergraph_ServerMenu
[2018.07.27-20.30.10:062][  0]LogUObjectGlobals: Created PersistentFrame Addr=0x00000237537be700, Size=632, Default__GameInfoInstance_C Function /Game/Blueprints/AllLevels/GameInfoInstance.GameInfoInstance_C:ExecuteUbergraph_GameInfoInstance
[2018.07.27-20.30.10:065][  0]LogUObjectGlobals: Created PersistentFrame Addr=0x0000023752d02980, Size=40, Default__ErrorDialog_C Function /Game/UI/MainMenu/ErrorDialog.ErrorDialog_C:ExecuteUbergraph_ErrorDialog
[2018.07.27-20.30.10:070][  0]LogUObjectGlobals: Created PersistentFrame Addr=0x0000023753884c40, Size=96, Default__HostMenu_C Function /Game/UI/MainMenu/HostMenu.HostMenu_C:ExecuteUbergraph_HostMenu
[2018.07.27-20.30.10:074][  0]LogUObjectGlobals: Created PersistentFrame Addr=0x000002375375ff58, Size=56, Default__MainMenu_C Function /Game/UI/MainMenu/MainMenu.MainMenu_C:ExecuteUbergraph_MainMenu
[2018.07.27-20.30.10:080][  0]LogUObjectGlobals: Created PersistentFrame Addr=0x00000237537490c0, Size=104, Default__OptionsMenu_C Function /Game/UI/MainMenu/OptionsMenu.OptionsMenu_C:ExecuteUbergraph_OptionsMenu
[2018.07.27-20.30.10:087][  0]LogUObjectGlobals: Created PersistentFrame Addr=0x00000237537bcb80, Size=592, Default__ServerMenu_C Function /Game/UI/MainMenu/ServerMenu.ServerMenu_C:ExecuteUbergraph_ServerMenu
[2018.07.27-20.30.11:918][  0]LogInit: Display: Game Engine Initialized.
[2018.07.27-20.30.11:918][  0]LogGameplayTags: Display: UGameplayTagsManager::DoneAddingNativeTags. DelegateIsBound: 0
[2018.07.27-20.30.11:918][  0]LogStats: UGameplayTagsManager::ConstructGameplayTagTree: Construct from data asset -  0.000 s
[2018.07.27-20.30.11:919][  0]LogStats: UGameplayTagsManager::ConstructGameplayTagTree: GameplayTagTreeChangedEvent.Broadcast -  0.000 s
[2018.07.27-20.30.12:981][  0]LogInit: Display: Starting Game.
[2018.07.27-20.30.13:028][  0]LogNet: Browse: 127.0.0.1:17777//Game/Maps/MainMenu?Name=Player
[2018.07.27-20.30.13:227][  0]LogOnline: Warning: STEAM: Steam API disabled!
[2018.07.27-20.30.13:227][  0]LogOnline: Display: STEAM: OnlineSubsystemSteam::Shutdown()
[2018.07.27-20.30.13:366][  0]LogTemp: Display: ParseSettings for GameNetDriver
[2018.07.27-20.30.13:471][  0]LogTemp: Display: ParseSettings for IpNetDriver_0
[2018.07.27-20.30.13:471][  0]LogTemp: Display: ParseSettings for PendingNetDriver
[2018.07.27-20.30.13:587][  0]LogInit: WinSock: Socket queue 32768 / 32768
[2018.07.27-20.30.13:824][  0]PacketHandlerLog: Loaded PacketHandler component: Engine.EngineHandlerComponentFactory (StatelessConnectHandlerComponent)
[2018.07.27-20.30.14:209][  0]LogNet: Game client on port 17777, rate 10000
[2018.07.27-20.30.15:401][  0]LogLoad: (Engine Initialization) Total time: 32.19 seconds
[2018.07.27-20.30.15:402][  0]LogLoad: (Engine Initialization) Total Blueprint compile time: 0.00 seconds
[2018.07.27-20.30.16:414][  0]LogContentStreaming: Texture pool size now 1000 MB
[2018.07.27-20.30.21:734][297]LogHandshake: SendChallengeResponse. Timestamp: 0.016298, Cookie: 213081196164158121246202024156117106103053213203113105115107
[2018.07.27-20.30.21:734][297]LogHandshake: SendChallengeResponse. Timestamp: 0.016298, Cookie: 213081196164158121246202024156117106103053213203113105115107
[2018.07.27-20.30.21:735][297]LogHandshake: SendChallengeResponse. Timestamp: 0.016298, Cookie: 213081196164158121246202024156117106103053213203113105115107
[2018.07.27-20.30.21:735][297]LogHandshake: SendChallengeResponse. Timestamp: 0.016298, Cookie: 213081196164158121246202024156117106103053213203113105115107
[2018.07.27-20.30.21:735][297]LogHandshake: SendChallengeResponse. Timestamp: 0.016298, Cookie: 213081196164158121246202024156117106103053213203113105115107
[2018.07.27-20.30.22:196][312]LogNetVersion: FPBG 1.0.0.0, NetCL: 3944462, EngineNetVer: 2, GameNetVer: 0 (Checksum: 272724767)
[2018.07.27-20.30.22:196][312]LogNet: UPendingNetGame::SendInitialJoin: Sending hello. [UNetConnection] RemoteAddr: 127.0.0.1:17777, Name: IpConnection_0, Driver: PendingNetDriver IpNetDriver_0, IsServer: NO, PC: NULL, Owner: NULL, UniqueId: INVALID
[2018.07.27-20.30.22:295][315]LogNet: Welcomed by server (Level: /Game/Maps/MainMenu, Game: /Game/FirstPersonBP/Blueprints/FirstPersonGameMode.FirstPersonGameMode_C)
[2018.07.27-20.30.22:296][315]LogLoad: LoadMap: 127.0.0.1:17777//Game/Maps/MainMenu?Name=Player?game=/Game/FirstPersonBP/Blueprints/FirstPersonGameMode.FirstPersonGameMode_C
[2018.07.27-20.30.22:320][315]LogUObjectGlobals: Destroyed PersistentFrame Addr=0x0000023752ccdd00, Size=632
[2018.07.27-20.30.22:320][315]LogUObjectGlobals: Destroyed PersistentFrame Addr=0x0000023752d02098, Size=40
[2018.07.27-20.30.22:321][315]LogUObjectGlobals: Destroyed PersistentFrame Addr=0x0000023753a3fe80, Size=96
[2018.07.27-20.30.22:321][315]LogUObjectGlobals: Destroyed PersistentFrame Addr=0x0000023753aa8d00, Size=64
[2018.07.27-20.30.22:321][315]LogUObjectGlobals: Destroyed PersistentFrame Addr=0x0000023753abc1e0, Size=104
[2018.07.27-20.30.22:321][315]LogUObjectGlobals: Destroyed PersistentFrame Addr=0x0000023752ccd800, Size=608
[2018.07.27-20.30.22:328][315]LogUObjectGlobals: Created PersistentFrame Addr=0x0000023753788e40, Size=32, Default__MainMenu_C Function /Game/Maps/MainMenu.MainMenu_C:ExecuteUbergraph_MainMenu
[2018.07.27-20.30.22:331][315]LogUObjectGlobals: Destroyed PersistentFrame Addr=0x0000023753788e40, Size=32
[2018.07.27-20.30.22:331][315]LogUObjectGlobals: Created PersistentFrame Addr=0x0000023753788e40, Size=32, Default__MainMenu_C Function /Engine/Transient.REINST_MainMenu_C_13:ExecuteUbergraph_MainMenu
[2018.07.27-20.30.22:333][315]LogUObjectGlobals: Created PersistentFrame Addr=0x0000023753788780, Size=32, Default__MainMenu_C Function /Game/Maps/MainMenu.MainMenu_C:ExecuteUbergraph_MainMenu
[2018.07.27-20.30.22:366][315]LogAIModule: Creating AISystem for world MainMenu
[2018.07.27-20.30.22:367][315]LogTemp: Display: ParseSettings for GameNetDriver
[2018.07.27-20.30.22:369][315]LogWorld: Bringing World /Game/Maps/MainMenu.MainMenu up for play (max tick rate 0) at 2018.07.27-21.30.22
[2018.07.27-20.30.22:370][315]LogWorld: Bringing up level for play took: 0.000983
[2018.07.27-20.30.22:372][315]LogLoad: Took 0.075642 seconds to LoadMap(/Game/Maps/MainMenu)
[2018.07.27-20.30.22:532][316]LogRenderer: Reallocating scene render targets to support 640x480 Format 10 NumSamples 1 (Frame:1).
[2018.07.27-20.30.22:923][327]LogUObjectGlobals: Created PersistentFrame Addr=0x000002375375c1e0, Size=52, Default__FirstPersonHUD_C Function /Game/FirstPersonBP/Blueprints/FirstPersonHUD.FirstPersonHUD_C:ExecuteUbergraph_FirstPersonHUD
[2018.07.27-20.30.22:932][327]LogUObjectGlobals: Destroyed PersistentFrame Addr=0x000002375375c1e0, Size=52
[2018.07.27-20.30.22:932][327]LogUObjectGlobals: Created PersistentFrame Addr=0x000002375375c1e0, Size=52, Default__FirstPersonHUD_C Function /Engine/Transient.REINST_FirstPersonHUD_C_15:ExecuteUbergraph_FirstPersonHUD
[2018.07.27-20.30.22:937][327]LogUObjectGlobals: Created PersistentFrame Addr=0x0000023753ab19f0, Size=52, Default__FirstPersonHUD_C Function /Game/FirstPersonBP/Blueprints/FirstPersonHUD.FirstPersonHUD_C:ExecuteUbergraph_FirstPersonHUD
[2018.07.27-20.30.23:363][333]LogUObjectGlobals: Created PersistentFrame Addr=0x00000237536f4a00, Size=688, Default__FirstPersonCharacter_C Function /Game/FirstPersonBP/Blueprints/FirstPersonCharacter.FirstPersonCharacter_C:ExecuteUbergraph_FirstPersonCharacter
[2018.07.27-20.30.23:369][333]LogUObjectGlobals: Created PersistentFrame Addr=0x0000023753768f00, Size=256, Default__FirstPersonProjectile_C Function /Game/FirstPersonBP/Blueprints/FirstPersonProjectile.FirstPersonProjectile_C:ExecuteUbergraph_FirstPersonProjectile
[2018.07.27-20.30.23:405][333]LogUObjectGlobals: Created PersistentFrame Addr=0x0000023753837470, Size=72, Default__FirstPerson_AnimBP_C Function /Game/FirstPerson/Animations/FirstPerson_AnimBP.FirstPerson_AnimBP_C:ExecuteUbergraph_FirstPerson_AnimBP
[2018.07.27-20.30.23:509][333]LogUObjectGlobals: Destroyed PersistentFrame Addr=0x0000023753837470, Size=72
[2018.07.27-20.30.23:509][333]LogUObjectGlobals: Created PersistentFrame Addr=0x00000237539d6e80, Size=72, Default__FirstPerson_AnimBP_C Function /Engine/Transient.REINST_FirstPerson_AnimBP_C_0:ExecuteUbergraph_FirstPerson_AnimBP
[2018.07.27-20.30.23:512][333]LogUObjectGlobals: Destroyed PersistentFrame Addr=0x0000023753768f00, Size=256
[2018.07.27-20.30.23:512][333]LogUObjectGlobals: Created PersistentFrame Addr=0x0000023753768f00, Size=256, Default__FirstPersonProjectile_C Function /Engine/Transient.REINST_FirstPersonProjectile_C_17:ExecuteUbergraph_FirstPersonProjectile
[2018.07.27-20.30.23:514][333]LogUObjectGlobals: Destroyed PersistentFrame Addr=0x00000237536f4a00, Size=688
[2018.07.27-20.30.23:515][333]LogUObjectGlobals: Created PersistentFrame Addr=0x000002374cd90d00, Size=688, Default__FirstPersonCharacter_C Function /Engine/Transient.REINST_FirstPersonCharacter_C_18:ExecuteUbergraph_FirstPersonCharacter
[2018.07.27-20.30.23:558][333]LogUObjectGlobals: Created PersistentFrame Addr=0x000002374cd036c0, Size=64, Default__FirstPerson_AnimBP_C Function /Game/FirstPerson/Animations/FirstPerson_AnimBP.FirstPerson_AnimBP_C:ExecuteUbergraph_FirstPerson_AnimBP
[2018.07.27-20.30.23:560][333]LogUObjectGlobals: Created PersistentFrame Addr=0x00000237537c0900, Size=256, Default__FirstPersonProjectile_C Function /Game/FirstPersonBP/Blueprints/FirstPersonProjectile.FirstPersonProjectile_C:ExecuteUbergraph_FirstPersonProjectile
[2018.07.27-20.30.23:566][333]LogUObjectGlobals: Created PersistentFrame Addr=0x000002374cd15f00, Size=688, Default__FirstPersonCharacter_C Function /Game/FirstPersonBP/Blueprints/FirstPersonCharacter.FirstPersonCharacter_C:ExecuteUbergraph_FirstPersonCharacter
[2018.07.27-20.30.23:951][333]LogSkeletalMesh: Skeletal Mesh found in DDC [18.315298ms] /Game/FirstPerson/Character/Mesh/SK_Mannequin_Arms.SK_Mannequin_Arms
[2018.07.27-20.30.24:049][333]LogSkeletalMesh: Skeletal Mesh found in DDC [32.130276ms] /Game/FirstPerson/FPWeapon/Mesh/SK_FPGun.SK_FPGun
[2018.07.27-20.30.24:079][333]LogOnline: Warning: OSS: No game present to join for session (GameSession)
[2018.07.27-20.30.24:080][333]LogOnline: Warning: OSS: No game present to join for session (GameSession)
[2018.07.27-20.30.24:080][333]LogOnline: Warning: OSS: No game present to join for session (GameSession)
[2018.07.27-20.30.25:985][400]LogSlate: FSceneViewport::OnFocusLost() reason 0
[2018.07.27-20.30.26:078][403]LogSlate: Took 0.025258 seconds to synchronously load lazily loaded font '../../../Engine/Content/Slate/Fonts/Roboto-Regular.ttf' (155K)
[2018.07.27-20.30.28:760][486]LogPackageName: SearchForPackageOnDisk took   1.173s to resolve Lobby.umap.
[2018.07.27-20.30.28:997][486]LogPackageName: SearchForPackageOnDisk took   0.235s to resolve Lobby.umap.
[2018.07.27-20.30.28:997][486]LogNet: Browse: /Game/Maps/Lobby?listen
[2018.07.27-20.30.28:998][486]LogLoad: LoadMap: /Game/Maps/Lobby?listen
[2018.07.27-20.30.28:998][486]LogNet: World NetDriver shutdown IpNetDriver_0 [GameNetDriver]
[2018.07.27-20.30.28:998][486]LogNet: DestroyNamedNetDriver IpNetDriver_0 [GameNetDriver]
[2018.07.27-20.30.28:998][486]LogNet: UNetConnection::Close: [UNetConnection] RemoteAddr: 127.0.0.1:17777, Name: IpConnection_0, Driver: GameNetDriver IpNetDriver_0, IsServer: NO, PC: PlayerController_1, Owner: PlayerController_1, UniqueId: Q6600-EB7973C2437B0D98453648BA987024A1, Channels: 12, Time: 2018.07.27-20.30.28
[2018.07.27-20.30.29:050][486]LogNet: UChannel::Close: Sending CloseBunch. ChIndex == 0. Name: [UChannel] ChIndex: 0, Closing: 0 [UNetConnection] RemoteAddr: 127.0.0.1:17777, Name: IpConnection_0, Driver: GameNetDriver IpNetDriver_0, IsServer: NO, PC: PlayerController_1, Owner: PlayerController_1, UniqueId: Q6600-EB7973C2437B0D98453648BA987024A1
[2018.07.27-20.30.29:051][486]LogExit: GameNetDriver IpNetDriver_0 shut down
[2018.07.27-20.30.29:176][486]LogUObjectGlobals: Destroyed PersistentFrame Addr=0x00000237539d6e80, Size=72
[2018.07.27-20.30.29:176][486]LogUObjectGlobals: Destroyed PersistentFrame Addr=0x0000023753768f00, Size=256
[2018.07.27-20.30.29:176][486]LogUObjectGlobals: Destroyed PersistentFrame Addr=0x000002374cd90d00, Size=688
[2018.07.27-20.30.29:176][486]LogUObjectGlobals: Destroyed PersistentFrame Addr=0x0000023753ab19f0, Size=52
[2018.07.27-20.30.29:200][486]LogUObjectGlobals: Destroyed PersistentFrame Addr=0x000002375375c1e0, Size=52
[2018.07.27-20.30.29:200][486]LogUObjectGlobals: Destroyed PersistentFrame Addr=0x0000023753788780, Size=32
[2018.07.27-20.30.29:200][486]LogUObjectGlobals: Destroyed PersistentFrame Addr=0x0000023753788e40, Size=32
[2018.07.27-20.30.29:202][486]LogUObjectGlobals: Destroyed PersistentFrame Addr=0x000002374cd036c0, Size=64
[2018.07.27-20.30.29:202][486]LogUObjectGlobals: Destroyed PersistentFrame Addr=0x00000237537c0900, Size=256
[2018.07.27-20.30.29:202][486]LogUObjectGlobals: Destroyed PersistentFrame Addr=0x000002374cd15f00, Size=688
[2018.07.27-20.30.31:496][486]LogUObjectGlobals: Created PersistentFrame Addr=0x000002375383f580, Size=864, Default__LobbyGM_C Function /Game/Blueprints/Lobby/LobbyGM.LobbyGM_C:ExecuteUbergraph_LobbyGM
[2018.07.27-20.30.31:503][486]LogUObjectGlobals: Created PersistentFrame Addr=0x000002374cd14a00, Size=656, Default__0_Base_C Function /Game/Blueprints/Characters/0_Base.0_Base_C:ExecuteUbergraph_0_Base
[2018.07.27-20.30.31:508][486]LogUObjectGlobals: Created PersistentFrame Addr=0x00000237537c3600, Size=256, Default__FirstPersonProjectile_C Function /Game/FirstPersonBP/Blueprints/FirstPersonProjectile.FirstPersonProjectile_C:ExecuteUbergraph_FirstPersonProjectile
[2018.07.27-20.30.31:542][486]LogUObjectGlobals: Created PersistentFrame Addr=0x00000237547d34c0, Size=72, Default__FirstPerson_AnimBP_C Function /Game/FirstPerson/Animations/FirstPerson_AnimBP.FirstPerson_AnimBP_C:ExecuteUbergraph_FirstPerson_AnimBP
[2018.07.27-20.30.31:740][486]LogUObjectGlobals: Created PersistentFrame Addr=0x0000023752c9e780, Size=880, Default__LobbyPC_C Function /Game/Blueprints/Lobby/LobbyPC.LobbyPC_C:ExecuteUbergraph_LobbyPC
[2018.07.27-20.30.31:788][486]LogUObjectGlobals: Created PersistentFrame Addr=0x0000023739f3de40, Size=320, Default__LobbyMenu_C Function /Game/UI/Lobby/LobbyMenu.LobbyMenu_C:ExecuteUbergraph_LobbyMenu
[2018.07.27-20.30.31:807][486]LogUObjectGlobals: Created PersistentFrame Addr=0x0000023739f3cb80, Size=320, Default__ChatWindow_C Function /Game/UI/AllLevels/ChatWindow.ChatWindow_C:ExecuteUbergraph_ChatWindow
[2018.07.27-20.30.31:953][486]LogUObjectGlobals: Created PersistentFrame Addr=0x0000023753964900, Size=536, Default__GameplayPC_C Function /Game/Blueprints/Gameplay/GameplayPC.GameplayPC_C:ExecuteUbergraph_GameplayPC
[2018.07.27-20.30.31:962][486]LogUObjectGlobals: Created PersistentFrame Addr=0x0000023753fd0100, Size=400, Default__GameplayGM_C Function /Game/Blueprints/Gameplay/GameplayGM.GameplayGM_C:ExecuteUbergraph_GameplayGM
[2018.07.27-20.30.31:995][486]LogUObjectGlobals: Created PersistentFrame Addr=0x000002374ceab3b0, Size=8, Default__TurnPlayerList_C Function /Game/UI/AllLevels/TurnPlayerList.TurnPlayerList_C:ExecuteUbergraph_TurnPlayerList
[2018.07.27-20.30.32:010][486]LogUObjectGlobals: Created PersistentFrame Addr=0x0000023752ce6740, Size=48, Default__TurnPlayerInfo_C Function /Game/UI/AllLevels/TurnPlayerInfo.TurnPlayerInfo_C:ExecuteUbergraph_TurnPlayerInfo
[2018.07.27-20.30.32:041][486]LogUObjectGlobals: Created PersistentFrame Addr=0x000002373e019530, Size=80, Default__CharacterSelect_C Function /Game/UI/Lobby/CharacterSelect.CharacterSelect_C:ExecuteUbergraph_CharacterSelect
[2018.07.27-20.30.32:076][486]LogUObjectGlobals: Created PersistentFrame Addr=0x000002374cd422c0, Size=192, Default__GameSettings_C Function /Game/UI/Lobby/GameSettings.GameSettings_C:ExecuteUbergraph_GameSettings
[2018.07.27-20.30.32:082][486]LogUObjectGlobals: Created PersistentFrame Addr=0x00000237538e7560, Size=32, Default__PlayerButton_C Function /Game/UI/Lobby/PlayerButton.PlayerButton_C:ExecuteUbergraph_PlayerButton
[2018.07.27-20.30.32:169][486]LogUObjectGlobals: Created PersistentFrame Addr=0x000002374cea8bb0, Size=4, Default__ConnectedPlayer_C Function /Game/UI/Lobby/ConnectedPlayer.ConnectedPlayer_C:ExecuteUbergraph_ConnectedPlayer
[2018.07.27-20.30.32:209][486]LogUObjectGlobals: Created PersistentFrame Addr=0x00000237524d7a00, Size=656, Default__Character_1_C Function /Game/Blueprints/Characters/0_Base.0_Base_C:ExecuteUbergraph_0_Base
[2018.07.27-20.30.32:217][486]LogUObjectGlobals: Created PersistentFrame Addr=0x00000237524d6e00, Size=656, Default__Character_2_C Function /Game/Blueprints/Characters/0_Base.0_Base_C:ExecuteUbergraph_0_Base
[2018.07.27-20.30.32:225][486]LogUObjectGlobals: Created PersistentFrame Addr=0x00000237524d7d00, Size=656, Default__Character_3_C Function /Game/Blueprints/Characters/0_Base.0_Base_C:ExecuteUbergraph_0_Base
[2018.07.27-20.30.32:233][486]LogUObjectGlobals: Created PersistentFrame Addr=0x00000237524d4400, Size=656, Default__Character_4_C Function /Game/Blueprints/Characters/0_Base.0_Base_C:ExecuteUbergraph_0_Base
[2018.07.27-20.30.32:240][486]LogUObjectGlobals: Created PersistentFrame Addr=0x000002374d9a8d00, Size=656, Default__Character_5_C Function /Game/Blueprints/Characters/0_Base.0_Base_C:ExecuteUbergraph_0_Base
[2018.07.27-20.30.32:248][486]LogUObjectGlobals: Created PersistentFrame Addr=0x000002374d9a9900, Size=656, Default__Character_6_C Function /Game/Blueprints/Characters/0_Base.0_Base_C:ExecuteUbergraph_0_Base
[2018.07.27-20.30.32:368][486]LogUObjectGlobals: Destroyed PersistentFrame Addr=0x00000237547d34c0, Size=72
[2018.07.27-20.30.32:368][486]LogUObjectGlobals: Created PersistentFrame Addr=0x000002375471ca90, Size=72, Default__FirstPerson_AnimBP_C Function /Engine/Transient.REINST_FirstPerson_AnimBP_C_1:ExecuteUbergraph_FirstPerson_AnimBP
[2018.07.27-20.30.32:368][486]LogUObjectGlobals: Destroyed PersistentFrame Addr=0x00000237537c3600, Size=256
[2018.07.27-20.30.32:369][486]LogUObjectGlobals: Created PersistentFrame Addr=0x0000023753768c00, Size=256, Default__FirstPersonProjectile_C Function /Engine/Transient.REINST_FirstPersonProjectile_C_27:ExecuteUbergraph_FirstPersonProjectile
[2018.07.27-20.30.32:371][486]LogUObjectGlobals: Destroyed PersistentFrame Addr=0x000002374cd14a00, Size=656
[2018.07.27-20.30.32:371][486]LogUObjectGlobals: Created PersistentFrame Addr=0x00000237524a7700, Size=656, Default__0_Base_C Function /Engine/Transient.REINST_0_Base_C_28:ExecuteUbergraph_0_Base
[2018.07.27-20.30.32:372][486]LogUObjectGlobals: Destroyed PersistentFrame Addr=0x000002373e019530, Size=80
[2018.07.27-20.30.32:372][486]LogUObjectGlobals: Created PersistentFrame Addr=0x000002374cf07880, Size=80, Default__CharacterSelect_C Function /Engine/Transient.REINST_CharacterSelect_C_6:ExecuteUbergraph_CharacterSelect
[2018.07.27-20.30.32:372][486]LogUObjectGlobals: Destroyed PersistentFrame Addr=0x0000023739f3cb80, Size=320
[2018.07.27-20.30.32:372][486]LogUObjectGlobals: Created PersistentFrame Addr=0x000002374ccd9d00, Size=320, Default__ChatWindow_C Function /Engine/Transient.REINST_ChatWindow_C_8:ExecuteUbergraph_ChatWindow
[2018.07.27-20.30.32:373][486]LogUObjectGlobals: Destroyed PersistentFrame Addr=0x000002374cea8bb0, Size=4
[2018.07.27-20.30.32:373][486]LogUObjectGlobals: Created PersistentFrame Addr=0x0000023753a74df0, Size=4, Default__ConnectedPlayer_C Function /Engine/Transient.REINST_ConnectedPlayer_C_9:ExecuteUbergraph_ConnectedPlayer
[2018.07.27-20.30.32:376][486]LogUObjectGlobals: Destroyed PersistentFrame Addr=0x0000023753964900, Size=536
[2018.07.27-20.30.32:376][486]LogUObjectGlobals: Created PersistentFrame Addr=0x000002375472ce00, Size=536, Default__GameplayPC_C Function /Engine/Transient.REINST_GameplayPC_C_29:ExecuteUbergraph_GameplayPC
[2018.07.27-20.30.32:378][486]LogUObjectGlobals: Destroyed PersistentFrame Addr=0x000002374cd422c0, Size=192
[2018.07.27-20.30.32:378][486]LogUObjectGlobals: Created PersistentFrame Addr=0x00000237546d31c0, Size=192, Default__GameSettings_C Function /Engine/Transient.REINST_GameSettings_C_11:ExecuteUbergraph_GameSettings
[2018.07.27-20.30.32:379][486]LogUObjectGlobals: Destroyed PersistentFrame Addr=0x0000023739f3de40, Size=320
[2018.07.27-20.30.32:379][486]LogUObjectGlobals: Created PersistentFrame Addr=0x000002374ccda5c0, Size=320, Default__LobbyMenu_C Function /Engine/Transient.REINST_LobbyMenu_C_12:ExecuteUbergraph_LobbyMenu
[2018.07.27-20.30.32:381][486]LogUObjectGlobals: Destroyed PersistentFrame Addr=0x0000023752c9e780, Size=880
[2018.07.27-20.30.32:381][486]LogUObjectGlobals: Created PersistentFrame Addr=0x00000237546e2080, Size=880, Default__LobbyPC_C Function /Engine/Transient.REINST_LobbyPC_C_30:ExecuteUbergraph_LobbyPC
[2018.07.27-20.30.32:382][486]LogUObjectGlobals: Destroyed PersistentFrame Addr=0x00000237538e7560, Size=32
[2018.07.27-20.30.32:382][486]LogUObjectGlobals: Created PersistentFrame Addr=0x000002374ccaf6a0, Size=32, Default__PlayerButton_C Function /Engine/Transient.REINST_PlayerButton_C_13:ExecuteUbergraph_PlayerButton
[2018.07.27-20.30.32:383][486]LogUObjectGlobals: Destroyed PersistentFrame Addr=0x0000023752ce6740, Size=48
[2018.07.27-20.30.32:383][486]LogUObjectGlobals: Created PersistentFrame Addr=0x000002375379d450, Size=48, Default__TurnPlayerInfo_C Function /Engine/Transient.REINST_TurnPlayerInfo_C_14:ExecuteUbergraph_TurnPlayerInfo
[2018.07.27-20.30.32:384][486]LogUObjectGlobals: Destroyed PersistentFrame Addr=0x000002374ceab3b0, Size=8
[2018.07.27-20.30.32:384][486]LogUObjectGlobals: Created PersistentFrame Addr=0x0000023753a74db8, Size=8, Default__TurnPlayerList_C Function /Engine/Transient.REINST_TurnPlayerList_C_15:ExecuteUbergraph_TurnPlayerList
[2018.07.27-20.30.32:384][486]LogUObjectGlobals: Destroyed PersistentFrame Addr=0x00000237524d7a00, Size=656
[2018.07.27-20.30.32:384][486]LogUObjectGlobals: Created PersistentFrame Addr=0x0000023752611300, Size=656, Default__Character_1_C Function /Engine/Transient.REINST_0_Base_C_28:ExecuteUbergraph_0_Base
[2018.07.27-20.30.32:385][486]LogUObjectGlobals: Destroyed PersistentFrame Addr=0x00000237524d6e00, Size=656
[2018.07.27-20.30.32:385][486]LogUObjectGlobals: Created PersistentFrame Addr=0x0000023752611000, Size=656, Default__Character_2_C Function /Engine/Transient.REINST_0_Base_C_28:ExecuteUbergraph_0_Base
[2018.07.27-20.30.32:385][486]LogUObjectGlobals: Destroyed PersistentFrame Addr=0x00000237524d7d00, Size=656
[2018.07.27-20.30.32:385][486]LogUObjectGlobals: Created PersistentFrame Addr=0x0000023752613400, Size=656, Default__Character_3_C Function /Engine/Transient.REINST_0_Base_C_28:ExecuteUbergraph_0_Base
[2018.07.27-20.30.32:385][486]LogUObjectGlobals: Destroyed PersistentFrame Addr=0x00000237524d4400, Size=656
[2018.07.27-20.30.32:385][486]LogUObjectGlobals: Created PersistentFrame Addr=0x0000023752613100, Size=656, Default__Character_4_C Function /Engine/Transient.REINST_0_Base_C_28:ExecuteUbergraph_0_Base
[2018.07.27-20.30.32:386][486]LogUObjectGlobals: Destroyed PersistentFrame Addr=0x000002374d9a8d00, Size=656
[2018.07.27-20.30.32:386][486]LogUObjectGlobals: Created PersistentFrame Addr=0x0000023752613700, Size=656, Default__Character_5_C Function /Engine/Transient.REINST_0_Base_C_28:ExecuteUbergraph_0_Base
[2018.07.27-20.30.32:387][486]LogUObjectGlobals: Destroyed PersistentFrame Addr=0x000002374d9a9900, Size=656
[2018.07.27-20.30.32:387][486]LogUObjectGlobals: Created PersistentFrame Addr=0x0000023752613d00, Size=656, Default__Character_6_C Function /Engine/Transient.REINST_0_Base_C_28:ExecuteUbergraph_0_Base
[2018.07.27-20.30.32:388][486]LogUObjectGlobals: Destroyed PersistentFrame Addr=0x0000023753fd0100, Size=400
[2018.07.27-20.30.32:389][486]LogUObjectGlobals: Created PersistentFrame Addr=0x000002374ccb5600, Size=400, Default__GameplayGM_C Function /Engine/Transient.REINST_GameplayGM_C_37:ExecuteUbergraph_GameplayGM
[2018.07.27-20.30.32:392][486]LogUObjectGlobals: Destroyed PersistentFrame Addr=0x000002375383f580, Size=864
[2018.07.27-20.30.32:392][486]LogUObjectGlobals: Created PersistentFrame Addr=0x00000237546e0f00, Size=864, Default__LobbyGM_C Function /Engine/Transient.REINST_LobbyGM_C_38:ExecuteUbergraph_LobbyGM
[2018.07.27-20.30.32:633][486]LogUObjectGlobals: Created PersistentFrame Addr=0x0000023752308780, Size=64, Default__FirstPerson_AnimBP_C Function /Game/FirstPerson/Animations/FirstPerson_AnimBP.FirstPerson_AnimBP_C:ExecuteUbergraph_FirstPerson_AnimBP
[2018.07.27-20.30.32:635][486]LogUObjectGlobals: Created PersistentFrame Addr=0x0000023754062200, Size=256, Default__FirstPersonProjectile_C Function /Game/FirstPersonBP/Blueprints/FirstPersonProjectile.FirstPersonProjectile_C:ExecuteUbergraph_FirstPersonProjectile
[2018.07.27-20.30.32:642][486]LogUObjectGlobals: Created PersistentFrame Addr=0x0000023752375600, Size=656, Default__0_Base_C Function /Game/Blueprints/Characters/0_Base.0_Base_C:ExecuteUbergraph_0_Base
[2018.07.27-20.30.32:648][486]LogUObjectGlobals: Created PersistentFrame Addr=0x000002375408d760, Size=80, Default__CharacterSelect_C Function /Game/UI/Lobby/CharacterSelect.CharacterSelect_C:ExecuteUbergraph_CharacterSelect
[2018.07.27-20.30.32:653][486]LogUObjectGlobals: Created PersistentFrame Addr=0x00000237540120c0, Size=320, Default__ChatWindow_C Function /Game/UI/AllLevels/ChatWindow.ChatWindow_C:ExecuteUbergraph_ChatWindow
[2018.07.27-20.30.32:655][486]LogUObjectGlobals: Created PersistentFrame Addr=0x000002373b11dc38, Size=4, Default__ConnectedPlayer_C Function /Game/UI/Lobby/ConnectedPlayer.ConnectedPlayer_C:ExecuteUbergraph_ConnectedPlayer
[2018.07.27-20.30.32:663][486]LogUObjectGlobals: Created PersistentFrame Addr=0x00000237540c5d00, Size=544, Default__GameplayPC_C Function /Game/Blueprints/Gameplay/GameplayPC.GameplayPC_C:ExecuteUbergraph_GameplayPC
[2018.07.27-20.30.32:672][486]LogUObjectGlobals: Created PersistentFrame Addr=0x00000237540f0b80, Size=192, Default__GameSettings_C Function /Game/UI/Lobby/GameSettings.GameSettings_C:ExecuteUbergraph_GameSettings
[2018.07.27-20.30.32:680][486]LogUObjectGlobals: Created PersistentFrame Addr=0x0000023754011bc0, Size=320, Default__LobbyMenu_C Function /Game/UI/Lobby/LobbyMenu.LobbyMenu_C:ExecuteUbergraph_LobbyMenu
[2018.07.27-20.30.32:694][486]LogUObjectGlobals: Created PersistentFrame Addr=0x0000023754164480, Size=880, Default__LobbyPC_C Function /Game/Blueprints/Lobby/LobbyPC.LobbyPC_C:ExecuteUbergraph_LobbyPC
[2018.07.27-20.30.32:697][486]LogUObjectGlobals: Created PersistentFrame Addr=0x00000237541b2520, Size=32, Default__PlayerButton_C Function /Game/UI/Lobby/PlayerButton.PlayerButton_C:ExecuteUbergraph_PlayerButton
[2018.07.27-20.30.32:698][486]LogUObjectGlobals: Created PersistentFrame Addr=0x00000237541a8be0, Size=48, Default__TurnPlayerInfo_C Function /Game/UI/AllLevels/TurnPlayerInfo.TurnPlayerInfo_C:ExecuteUbergraph_TurnPlayerInfo
[2018.07.27-20.30.32:701][486]LogUObjectGlobals: Created PersistentFrame Addr=0x000002373b11d358, Size=8, Default__TurnPlayerList_C Function /Game/UI/AllLevels/TurnPlayerList.TurnPlayerList_C:ExecuteUbergraph_TurnPlayerList
[2018.07.27-20.30.32:701][486]LogUObjectGlobals: Created PersistentFrame Addr=0x00000237541e7400, Size=656, Default__Character_1_C Function /Game/Blueprints/Characters/0_Base.0_Base_C:ExecuteUbergraph_0_Base
[2018.07.27-20.30.32:702][486]LogUObjectGlobals: Created PersistentFrame Addr=0x00000237541e6e00, Size=656, Default__Character_2_C Function /Game/Blueprints/Characters/0_Base.0_Base_C:ExecuteUbergraph_0_Base
[2018.07.27-20.30.32:702][486]LogUObjectGlobals: Created PersistentFrame Addr=0x00000237541e6b00, Size=656, Default__Character_3_C Function /Game/Blueprints/Characters/0_Base.0_Base_C:ExecuteUbergraph_0_Base
[2018.07.27-20.30.32:702][486]LogUObjectGlobals: Created PersistentFrame Addr=0x00000237541e6200, Size=656, Default__Character_4_C Function /Game/Blueprints/Characters/0_Base.0_Base_C:ExecuteUbergraph_0_Base
[2018.07.27-20.30.32:702][486]LogUObjectGlobals: Created PersistentFrame Addr=0x00000237541e5c00, Size=656, Default__Character_5_C Function /Game/Blueprints/Characters/0_Base.0_Base_C:ExecuteUbergraph_0_Base
[2018.07.27-20.30.32:702][486]LogUObjectGlobals: Created PersistentFrame Addr=0x00000237541e5900, Size=656, Default__Character_6_C Function /Game/Blueprints/Characters/0_Base.0_Base_C:ExecuteUbergraph_0_Base
[2018.07.27-20.30.32:710][486]LogUObjectGlobals: Created PersistentFrame Addr=0x000002375420dd80, Size=384, Default__GameplayGM_C Function /Game/Blueprints/Gameplay/GameplayGM.GameplayGM_C:ExecuteUbergraph_GameplayGM
[2018.07.27-20.30.32:723][486]LogUObjectGlobals: Created PersistentFrame Addr=0x00000237541d9280, Size=896, Default__LobbyGM_C Function /Game/Blueprints/Lobby/LobbyGM.LobbyGM_C:ExecuteUbergraph_LobbyGM
[2018.07.27-20.30.33:334][486]LogSkeletalMesh: Skeletal Mesh found in DDC [20.091448ms] /Game/FirstPerson/Character/Mesh/SK_Mannequin_Arms.SK_Mannequin_Arms
[2018.07.27-20.30.33:353][486]LogSkeletalMesh: Skeletal Mesh found in DDC [13.379793ms] /Game/FirstPerson/FPWeapon/Mesh/SK_FPGun.SK_FPGun
[2018.07.27-20.30.33:927][486]LogAIModule: Creating AISystem for world Lobby
[2018.07.27-20.30.33:928][486]LogLoad: Game class is 'LobbyGM_C'
[2018.07.27-20.30.33:928][486]LogOnline: Warning: STEAM: Steam API disabled!
[2018.07.27-20.30.33:928][486]LogOnline: Display: STEAM: OnlineSubsystemSteam::Shutdown()
[2018.07.27-20.30.33:929][486]LogTemp: Display: ParseSettings for GameNetDriver
[2018.07.27-20.30.33:929][486]LogTemp: Display: ParseSettings for IpNetDriver_1
[2018.07.27-20.30.33:929][486]LogTemp: Display: ParseSettings for GameNetDriver
[2018.07.27-20.30.33:929][486]LogInit: WinSock: Socket queue 131072 / 131072
[2018.07.27-20.30.33:930][486]PacketHandlerLog: Loaded PacketHandler component: Engine.EngineHandlerComponentFactory (StatelessConnectHandlerComponent)
[2018.07.27-20.30.33:930][486]LogNet: GameNetDriver IpNetDriver_1 IpNetDriver listening on port 7777
[2018.07.27-20.30.34:033][486]LogWorld: Bringing World /Game/Maps/Lobby.Lobby up for play (max tick rate 0) at 2018.07.27-21.30.34
[2018.07.27-20.30.34:069][486]LogWorld: Bringing up level for play took: 0.136722
[2018.07.27-20.30.34:458][486]LogGameMode: Display: Match State Changed from EnteringMap to WaitingToStart
[2018.07.27-20.30.34:458][486]LogGameState: Match State Changed from EnteringMap to WaitingToStart
[2018.07.27-20.30.34:458][486]LogGameMode: Display: Match State Changed from WaitingToStart to InProgress
[2018.07.27-20.30.34:459][486]LogGameState: Match State Changed from WaitingToStart to InProgress
[2018.07.27-20.30.34:460][486]LogLoad: Took 5.462034 seconds to LoadMap(/Game/Maps/Lobby)
[2018.07.27-20.30.34:631][487]LogNet: UNetDriver::TickDispatch: Very long time between ticks. DeltaTime: 7.10, Realtime: 0.17. IpNetDriver_1
[2018.07.27-20.30.36:780][577]LogAudio: Warning: Waited 70.795151ms for audio thread.
[2018.07.27-20.30.36:816][577]LogAudio: Warning: Waited 106.791313ms for audio thread.
[2018.07.27-20.30.36:832][577]LogAudio: Warning: Waited 123.488747ms for audio thread.
[2018.07.27-20.30.38:012][649]LogSlate: FSceneViewport::OnFocusLost() reason 0
[2018.07.27-20.30.38:077][653]PIE: Warning: This widget does not support focus.  If this is a UserWidget, you should set bIsFocusable to true.
[2018.07.27-20.30.38:484][678]LogSlate: FSceneViewport::OnFocusLost() reason 0
[2018.07.27-20.30.47:353][ 98]LogNet: NotifyAcceptingConnection accepted from: 192.168.1.42:60711
[2018.07.27-20.30.47:353][ 98]LogHandshake: SendConnectChallenge. Timestamp: 19.839861, Cookie: 203178233125015137050224148232194171075188198157185003002239
[2018.07.27-20.30.47:384][ 99]LogNet: NotifyAcceptingConnection accepted from: 192.168.1.42:60711
[2018.07.27-20.30.47:384][ 99]LogHandshake: SendChallengeAck. InCookie: 203178233125015137050224148232194171075188198157185003002239
[2018.07.27-20.30.47:385][ 99]LogNet: Server accepting post-challenge connection from: 192.168.1.42:60711
[2018.07.27-20.30.47:385][ 99]PacketHandlerLog: Loaded PacketHandler component: Engine.EngineHandlerComponentFactory (StatelessConnectHandlerComponent)
[2018.07.27-20.30.47:385][ 99]LogNet: NotifyAcceptedConnection: Name: Lobby, TimeStamp: 07/27/18 21:30:47, [UNetConnection] RemoteAddr: 192.168.1.42:60711, Name: IpConnection_1, Driver: GameNetDriver IpNetDriver_1, IsServer: YES, PC: NULL, Owner: NULL, UniqueId: INVALID
[2018.07.27-20.30.47:385][ 99]LogNet: AddClientConnection: Added client connection: [UNetConnection] RemoteAddr: 192.168.1.42:60711, Name: IpConnection_1, Driver: GameNetDriver IpNetDriver_1, IsServer: YES, PC: NULL, Owner: NULL, UniqueId: INVALID
[2018.07.27-20.30.47:421][100]LogNet: NotifyAcceptingChannel Control 0 server World /Game/Maps/Lobby.Lobby: Accepted
[2018.07.27-20.30.47:421][100]LogNet: Remote platform little endian=1
[2018.07.27-20.30.47:421][100]LogNet: This platform little endian=1
[2018.07.27-20.30.47:439][101]LogNet: Login request: /Game/Maps/MainMenu?Name=Q6600-9CB505204504CD27AB01B49D6677D85D userId: Q6600-9CB505204504CD27AB01B49D6677D85D
[2018.07.27-20.30.47:464][102]LogNet: Client netspeed is 10000
[2018.07.27-20.30.49:254][207]LogNet: Join request: /Game/Maps/MainMenu?Name=Q6600-9CB505204504CD27AB01B49D6677D85D?SplitscreenCount=1
[2018.07.27-20.30.49:300][207]LogNet: Join succeeded: Q6600-9CB505204504CD
[2018.07.27-20.30.49:444][214]LogNetPackageMap: Warning: SanityCheckExport: CacheObject == NULL. NetGUID: 1, Object: /Game/FirstPerson/Character/Textures/UE4_LOGO_CARD.UE4_LOGO_CARD, Expected: Character2_Thumbnail
[2018.07.27-20.30.49:444][214]LogNetPackageMap: Warning: SanityCheckExport: Name mismatch. NetGUID: 1, Object: /Game/FirstPerson/Character/Textures/UE4_LOGO_CARD.UE4_LOGO_CARD, Expected: Character2_Thumbnail
[2018.07.27-20.30.49:444][214]LogNetPackageMap: Warning: SanityCheckExport: Outer mismatch. Object: /Game/FirstPerson/Character/Textures/UE4_LOGO_CARD.UE4_LOGO_CARD, NetGUID: 1, Current: /Game/FirstPerson/Character/Textures/UE4_LOGO_CARD, Expected: /Game/Textures/Character2_Thumbnail
[2018.07.27-20.30.54:609][406]LogSlate: FSceneViewport::OnFocusLost() reason 0
[2018.07.27-20.30.54:946][411]LogGameMode: Display: Match State Changed from InProgress to LeavingMap
[2018.07.27-20.30.54:946][411]LogGameState: Match State Changed from InProgress to LeavingMap
[2018.07.27-20.30.55:083][411]LogGameMode: ProcessServerTravel: /Game/Maps/Map01
[2018.07.27-20.30.55:083][411]LogWorld: SeamlessTravel to: /Game/Maps/Map01
[2018.07.27-20.30.55:340][413]LogUObjectGlobals: Destroyed PersistentFrame Addr=0x0000023753768c00, Size=256
[2018.07.27-20.30.55:341][413]LogUObjectGlobals: Destroyed PersistentFrame Addr=0x00000237524a7700, Size=656
[2018.07.27-20.30.55:341][413]LogUObjectGlobals: Destroyed PersistentFrame Addr=0x00000237546e0f00, Size=864
[2018.07.27-20.30.55:343][413]LogUObjectGlobals: Destroyed PersistentFrame Addr=0x000002375471ca90, Size=72
[2018.07.27-20.30.55:343][413]LogUObjectGlobals: Destroyed PersistentFrame Addr=0x00000237546e2080, Size=880
[2018.07.27-20.30.55:343][413]LogUObjectGlobals: Destroyed PersistentFrame Addr=0x000002374ccda5c0, Size=320
[2018.07.27-20.30.55:343][413]LogUObjectGlobals: Destroyed PersistentFrame Addr=0x000002374ccd9d00, Size=320
[2018.07.27-20.30.55:344][413]LogUObjectGlobals: Destroyed PersistentFrame Addr=0x000002375472ce00, Size=536
[2018.07.27-20.30.55:344][413]LogUObjectGlobals: Destroyed PersistentFrame Addr=0x000002374ccb5600, Size=400
[2018.07.27-20.30.55:344][413]LogUObjectGlobals: Destroyed PersistentFrame Addr=0x0000023753a74db8, Size=8
[2018.07.27-20.30.55:344][413]LogUObjectGlobals: Destroyed PersistentFrame Addr=0x000002375379d450, Size=48
[2018.07.27-20.30.55:344][413]LogUObjectGlobals: Destroyed PersistentFrame Addr=0x000002374cf07880, Size=80
[2018.07.27-20.30.55:344][413]LogUObjectGlobals: Destroyed PersistentFrame Addr=0x00000237546d31c0, Size=192
[2018.07.27-20.30.55:344][413]LogUObjectGlobals: Destroyed PersistentFrame Addr=0x000002374ccaf6a0, Size=32
[2018.07.27-20.30.55:344][413]LogUObjectGlobals: Destroyed PersistentFrame Addr=0x0000023753a74df0, Size=4
[2018.07.27-20.30.55:344][413]LogUObjectGlobals: Destroyed PersistentFrame Addr=0x0000023752611300, Size=656
[2018.07.27-20.30.55:344][413]LogUObjectGlobals: Destroyed PersistentFrame Addr=0x0000023752611000, Size=656
[2018.07.27-20.30.55:344][413]LogUObjectGlobals: Destroyed PersistentFrame Addr=0x0000023752613400, Size=656
[2018.07.27-20.30.55:344][413]LogUObjectGlobals: Destroyed PersistentFrame Addr=0x0000023752613100, Size=656
[2018.07.27-20.30.55:344][413]LogUObjectGlobals: Destroyed PersistentFrame Addr=0x0000023752613700, Size=656
[2018.07.27-20.30.55:344][413]LogUObjectGlobals: Destroyed PersistentFrame Addr=0x0000023752613d00, Size=656
[2018.07.27-20.30.55:426][413]LogAIModule: Creating AISystem for world TravelMap
[2018.07.27-20.30.55:428][413]LogStats:     SeamlessTravel FlushLevelStreaming  -  0.001 s
[2018.07.27-20.30.55:428][413]LogWorld: Bringing World /Game/Maps/TravelMap.TravelMap up for play (max tick rate 0) at 2018.07.27-21.30.55
[2018.07.27-20.30.55:428][413]LogWorld: Bringing up level for play took: 0.000662
[2018.07.27-20.30.55:429][413]LogWorld: Sending NotifyLoadedWorld for LP: LocalPlayer_0 PC: LobbyPC_C_0
[2018.07.27-20.30.55:429][413]LogNet: Verbose: NotifyLoadedWorld Begin
[2018.07.27-20.30.55:429][413]LogNet: VeryVerbose: GetFunctionCallspace Server calling Server function: ServerNotifyLoadedWorld Local
[2018.07.27-20.30.55:429][413]LogNet: Verbose: NotifyLoadedWorld End
[2018.07.27-20.30.55:429][413]LogWorld: StartLoadingDestination to: /Game/Maps/Map01
[2018.07.27-20.30.58:037][451]LogAIModule: Creating AISystem for world Map01
[2018.07.27-20.30.58:037][451]LogLoad: Game class is 'GameplayGM_C'
[2018.07.27-20.30.58:039][451]LogStats:     SeamlessTravel FlushLevelStreaming  -  0.001 s
[2018.07.27-20.30.58:115][451]LogWorld: Bringing World /Game/Maps/Map01.Map01 up for play (max tick rate 0) at 2018.07.27-21.30.58
[2018.07.27-20.30.58:115][451]LogWorld: Bringing up level for play took: 0.076217
[2018.07.27-20.30.58:116][451]LogWorld: Sending NotifyLoadedWorld for LP: LocalPlayer_0 PC: LobbyPC_C_0
[2018.07.27-20.30.58:116][451]LogNet: Verbose: NotifyLoadedWorld Begin
[2018.07.27-20.30.58:116][451]LogNet: VeryVerbose: GetFunctionCallspace Server calling Server function: ServerNotifyLoadedWorld Local
[2018.07.27-20.30.58:116][451]LogNet: Verbose: NotifyLoadedWorld End
[2018.07.27-20.30.58:116][451]LogWorld: ----SeamlessTravel finished in 3.03 seconds ------
[2018.07.27-20.30.58:116][451]LogGameMode: >> GameMode::HandleSeamlessTravelPlayer: LobbyPC_C_0 
[2018.07.27-20.30.58:118][451]LogGameMode: << GameMode::HandleSeamlessTravelPlayer: GameplayPC_C_0
[2018.07.27-20.30.58:118][451]LogGameMode: Display: Match State Changed from EnteringMap to WaitingToStart
[2018.07.27-20.30.58:118][451]LogGameState: Match State Changed from EnteringMap to WaitingToStart
[2018.07.27-20.30.58:118][451]LogGameMode: Display: Match State Changed from WaitingToStart to InProgress
[2018.07.27-20.30.58:130][451]LogGameState: Match State Changed from WaitingToStart to InProgress
[2018.07.27-20.30.58:320][452]LogGameMode: >> GameMode::HandleSeamlessTravelPlayer: LobbyPC_C_1 
[2018.07.27-20.30.58:325][452]LogGameMode: << GameMode::HandleSeamlessTravelPlayer: GameplayPC_C_1
[2018.07.27-20.30.58:777][458]LogScriptCore: Warning: Script Msg: DestroySession - Invalid player state
[2018.07.27-20.30.58:778][458]LogNetPackageMap: Warning: SanityCheckExport: CacheObject == NULL. NetGUID: 1, Object: /Game/FirstPerson/Character/Textures/UE4_LOGO_CARD.UE4_LOGO_CARD, Expected: Character2_Thumbnail
[2018.07.27-20.30.58:778][458]LogNetPackageMap: Warning: SanityCheckExport: Name mismatch. NetGUID: 1, Object: /Game/FirstPerson/Character/Textures/UE4_LOGO_CARD.UE4_LOGO_CARD, Expected: Character2_Thumbnail
[2018.07.27-20.30.58:779][458]LogNetPackageMap: Warning: SanityCheckExport: Outer mismatch. Object: /Game/FirstPerson/Character/Textures/UE4_LOGO_CARD.UE4_LOGO_CARD, NetGUID: 1, Current: /Game/FirstPerson/Character/Textures/UE4_LOGO_CARD, Expected: /Game/Textures/Character2_Thumbnail
[2018.07.27-20.30.59:864][495]LogBlueprintUserMessages: [GameplayGM_C_0] -1
[2018.07.27-20.31.00:787][535]LogBlueprintUserMessages: [GameplayGM_C_0] -2
[2018.07.27-20.31.01:779][584]LogBlueprintUserMessages: [GameplayGM_C_0] -3
[2018.07.27-20.31.02:793][640]LogBlueprintUserMessages: [GameplayGM_C_0] -4
[2018.07.27-20.31.03:782][700]LogBlueprintUserMessages: [GameplayGM_C_0] -5
[2018.07.27-20.31.04:779][760]LogBlueprintUserMessages: [GameplayGM_C_0] -6
[2018.07.27-20.31.05:787][820]LogBlueprintUserMessages: [GameplayGM_C_0] -7
[2018.07.27-20.31.06:778][881]LogBlueprintUserMessages: [GameplayGM_C_0] -8
[2018.07.27-20.31.07:052][898]Closing by request
[2018.07.27-20.31.07:052][898]LogWindows: FPlatformMisc::RequestExit(0)
[2018.07.27-20.31.07:093][899]LogNet: World NetDriver shutdown IpNetDriver_1 [GameNetDriver]
[2018.07.27-20.31.07:093][899]LogNet: DestroyNamedNetDriver IpNetDriver_1 [GameNetDriver]
[2018.07.27-20.31.07:095][899]LogNet: UNetConnection::Cleanup: Closing open connection. [UNetConnection] RemoteAddr: 192.168.1.42:60711, Name: IpConnection_1, Driver: GameNetDriver IpNetDriver_1, IsServer: YES, PC: GameplayPC_C_1, Owner: GameplayPC_C_1, UniqueId: Q6600-9CB505204504CD27AB01B49D6677D85D
[2018.07.27-20.31.07:095][899]LogNet: UNetConnection::Close: [UNetConnection] RemoteAddr: 192.168.1.42:60711, Name: IpConnection_1, Driver: GameNetDriver IpNetDriver_1, IsServer: YES, PC: GameplayPC_C_1, Owner: GameplayPC_C_1, UniqueId: Q6600-9CB505204504CD27AB01B49D6677D85D, Channels: 11, Time: 2018.07.27-20.31.07
[2018.07.27-20.31.07:095][899]LogNet: UChannel::Close: Sending CloseBunch. ChIndex == 0. Name: [UChannel] ChIndex: 0, Closing: 0 [UNetConnection] RemoteAddr: 192.168.1.42:60711, Name: IpConnection_1, Driver: GameNetDriver IpNetDriver_1, IsServer: YES, PC: GameplayPC_C_1, Owner: GameplayPC_C_1, UniqueId: Q6600-9CB505204504CD27AB01B49D6677D85D
[2018.07.27-20.31.07:095][899]LogExit: GameNetDriver IpNetDriver_1 shut down
[2018.07.27-20.31.08:112][899]LogSlate: Window 'FPBG (64-bit, PCD3D_SM5) ' being destroyed
[2018.07.27-20.31.08:113][899]LogWindowsTextInputMethodSystem: Display: IME system now deactivated.
[2018.07.27-20.31.08:220][899]LogSlate: Slate User Destroyed.  User Index 0, Is Virtual User: 0
[2018.07.27-20.31.08:237][899]LogExit: Preparing to exit.
[2018.07.27-20.31.08:238][899]LogMoviePlayer: Shutting down movie player
[2018.07.27-20.31.09:259][899]LogExit: Game engine shut down
[2018.07.27-20.31.09:278][899]LogUObjectGlobals: Destroyed PersistentFrame Addr=0x00000237537be700, Size=632
[2018.07.27-20.31.09:278][899]LogUObjectGlobals: Destroyed PersistentFrame Addr=0x0000023752d02980, Size=40
[2018.07.27-20.31.09:278][899]LogUObjectGlobals: Destroyed PersistentFrame Addr=0x0000023753884c40, Size=96
[2018.07.27-20.31.09:278][899]LogUObjectGlobals: Destroyed PersistentFrame Addr=0x000002375375ff58, Size=56
[2018.07.27-20.31.09:278][899]LogUObjectGlobals: Destroyed PersistentFrame Addr=0x00000237537490c0, Size=104
[2018.07.27-20.31.09:278][899]LogUObjectGlobals: Destroyed PersistentFrame Addr=0x00000237537bcb80, Size=592
[2018.07.27-20.31.09:282][899]LogUObjectGlobals: Destroyed PersistentFrame Addr=0x0000023752308780, Size=64
[2018.07.27-20.31.09:282][899]LogUObjectGlobals: Destroyed PersistentFrame Addr=0x0000023754062200, Size=256
[2018.07.27-20.31.09:282][899]LogUObjectGlobals: Destroyed PersistentFrame Addr=0x0000023752375600, Size=656
[2018.07.27-20.31.09:282][899]LogUObjectGlobals: Destroyed PersistentFrame Addr=0x000002375408d760, Size=80
[2018.07.27-20.31.09:282][899]LogUObjectGlobals: Destroyed PersistentFrame Addr=0x00000237540120c0, Size=320
[2018.07.27-20.31.09:282][899]LogUObjectGlobals: Destroyed PersistentFrame Addr=0x000002373b11dc38, Size=4
[2018.07.27-20.31.09:282][899]LogUObjectGlobals: Destroyed PersistentFrame Addr=0x00000237540c5d00, Size=544
[2018.07.27-20.31.09:282][899]LogUObjectGlobals: Destroyed PersistentFrame Addr=0x00000237540f0b80, Size=192
[2018.07.27-20.31.09:282][899]LogUObjectGlobals: Destroyed PersistentFrame Addr=0x0000023754011bc0, Size=320
[2018.07.27-20.31.09:282][899]LogUObjectGlobals: Destroyed PersistentFrame Addr=0x0000023754164480, Size=880
[2018.07.27-20.31.09:283][899]LogUObjectGlobals: Destroyed PersistentFrame Addr=0x00000237541b2520, Size=32
[2018.07.27-20.31.09:283][899]LogUObjectGlobals: Destroyed PersistentFrame Addr=0x00000237541a8be0, Size=48
[2018.07.27-20.31.09:283][899]LogUObjectGlobals: Destroyed PersistentFrame Addr=0x000002373b11d358, Size=8
[2018.07.27-20.31.09:283][899]LogUObjectGlobals: Destroyed PersistentFrame Addr=0x00000237541e7400, Size=656
[2018.07.27-20.31.09:283][899]LogUObjectGlobals: Destroyed PersistentFrame Addr=0x00000237541e6e00, Size=656
[2018.07.27-20.31.09:283][899]LogUObjectGlobals: Destroyed PersistentFrame Addr=0x00000237541e6b00, Size=656
[2018.07.27-20.31.09:283][899]LogUObjectGlobals: Destroyed PersistentFrame Addr=0x00000237541e6200, Size=656
[2018.07.27-20.31.09:283][899]LogUObjectGlobals: Destroyed PersistentFrame Addr=0x00000237541e5c00, Size=656
[2018.07.27-20.31.09:283][899]LogUObjectGlobals: Destroyed PersistentFrame Addr=0x00000237541e5900, Size=656
[2018.07.27-20.31.09:283][899]LogUObjectGlobals: Destroyed PersistentFrame Addr=0x000002375420dd80, Size=384
[2018.07.27-20.31.09:283][899]LogUObjectGlobals: Destroyed PersistentFrame Addr=0x00000237541d9280, Size=896
[2018.07.27-20.31.10:729][899]LogExit: Object subsystem successfully closed.
[2018.07.27-20.31.11:207][899]LogShaderCompilers: Display: Shaders left to compile 0
[2018.07.27-20.31.11:248][899]LogD3D11RHI: Shutdown
[2018.07.27-20.31.11:248][899]LogD3D11RHI: CleanupD3DDevice
[2018.07.27-20.31.11:308][899]LogD3D11RHI: ~FD3D11DynamicRHI
[2018.07.27-20.31.12:344][899]LogModuleManager: Shutting down and abandoning module Voice (338)
[2018.07.27-20.31.12:390][899]LogModuleManager: Shutting down and abandoning module AIModule (334)
[2018.07.27-20.31.12:390][899]LogModuleManager: Shutting down and abandoning module GameplayDebugger (333)
[2018.07.27-20.31.12:447][899]LogModuleManager: Shutting down and abandoning module AITestSuite (331)
[2018.07.27-20.31.12:500][899]LogModuleManager: Shutting down and abandoning module SequenceRecorderSections (328)
[2018.07.27-20.31.12:500][899]LogModuleManager: Shutting down and abandoning module SequenceRecorder (326)
[2018.07.27-20.31.12:500][899]LogModuleManager: Shutting down and abandoning module AutomationController (324)
[2018.07.27-20.31.12:542][899]LogModuleManager: Shutting down and abandoning module AutomationWorker (322)
[2018.07.27-20.31.12:542][899]LogModuleManager: Shutting down and abandoning module WmfMediaFactory (320)
[2018.07.27-20.31.12:542][899]LogModuleManager: Shutting down and abandoning module OpenExrWrapper (318)
[2018.07.27-20.31.12:542][899]LogModuleManager: Shutting down and abandoning module ImgMediaFactory (316)
[2018.07.27-20.31.12:543][899]LogModuleManager: Shutting down and abandoning module AvfMediaFactory (314)
[2018.07.27-20.31.12:543][899]LogModuleManager: Shutting down and abandoning module CharacterAI (312)
[2018.07.27-20.31.12:543][899]LogModuleManager: Shutting down and abandoning module SessionServices (310)
[2018.07.27-20.31.12:543][899]LogModuleManager: Shutting down and abandoning module MovieSceneCapture (308)
[2018.07.27-20.31.12:543][899]LogModuleManager: Shutting down and abandoning module MovieSceneTracks (306)
[2018.07.27-20.31.12:543][899]LogModuleManager: Shutting down and abandoning module MovieScene (304)
[2018.07.27-20.31.12:543][899]LogModuleManager: Shutting down and abandoning module GeometryCache (302)
[2018.07.27-20.31.12:544][899]LogModuleManager: Shutting down and abandoning module GeometryCacheEd (301)
[2018.07.27-20.31.12:544][899]LogModuleManager: Shutting down and abandoning module StreamingPauseRendering (298)
[2018.07.27-20.31.12:544][899]LogModuleManager: Shutting down and abandoning module PortalServices (296)
[2018.07.27-20.31.12:544][899]LogModuleManager: Shutting down and abandoning module PortalRpc (294)
[2018.07.27-20.31.12:544][899]LogModuleManager: Shutting down and abandoning module MessagingRpc (292)
[2018.07.27-20.31.12:544][899]LogModuleManager: Shutting down and abandoning module ProfilerService (290)
[2018.07.27-20.31.12:630][899]LogModuleManager: Shutting down and abandoning module TaskGraph (288)
[2018.07.27-20.31.12:739][899]LogModuleManager: Shutting down and abandoning module SteamVRController (286)
[2018.07.27-20.31.12:739][899]LogModuleManager: Shutting down and abandoning module ProceduralMeshComponent (284)
[2018.07.27-20.31.12:769][899]LogModuleManager: Shutting down and abandoning module OculusInput (282)
[2018.07.27-20.31.12:803][899]LogModuleManager: Shutting down and abandoning module MobilePatchingUtils (280)
[2018.07.27-20.31.12:803][899]LogModuleManager: Shutting down and abandoning module CustomMeshComponent (278)
[2018.07.27-20.31.12:803][899]LogModuleManager: Shutting down and abandoning module CableComponent (276)
[2018.07.27-20.31.12:841][899]LogModuleManager: Shutting down and abandoning module AudioCapture (274)
[2018.07.27-20.31.12:841][899]LogModuleManager: Shutting down and abandoning module ArchVisCharacter (272)
[2018.07.27-20.31.12:841][899]LogModuleManager: Shutting down and abandoning module AndroidPermission (270)
[2018.07.27-20.31.12:841][899]LogModuleManager: Shutting down and abandoning module NUTUnrealEngine4 (268)
[2018.07.27-20.31.12:841][899]LogModuleManager: Shutting down and abandoning module NetcodeUnitTest (266)
[2018.07.27-20.31.13:017][899]LogModuleManager: Shutting down and abandoning module MediaCompositing (264)
[2018.07.27-20.31.13:017][899]LogModuleManager: Shutting down and abandoning module LinearTimecode (262)
[2018.07.27-20.31.13:017][899]LogModuleManager: Shutting down and abandoning module ImgMedia (260)
[2018.07.27-20.31.13:055][899]LogModuleManager: Shutting down and abandoning module HTML5Networking (258)
[2018.07.27-20.31.13:055][899]LogModuleManager: Shutting down and abandoning module DatasmithContent (256)
[2018.07.27-20.31.13:055][899]LogModuleManager: Shutting down and abandoning module CryptoKeysOpenSSL (254)
[2018.07.27-20.31.13:082][899]LogModuleManager: Shutting down and abandoning module CryptoKeys (252)
[2018.07.27-20.31.13:082][899]LogModuleManager: Shutting down and abandoning module VisualStudioSourceCodeAccess (250)
[2018.07.27-20.31.13:083][899]LogModuleManager: Shutting down and abandoning module HotReload (249)
[2018.07.27-20.31.13:125][899]LogModuleManager: Shutting down and abandoning module DirectoryWatcher (248)
[2018.07.27-20.31.13:125][899]LogModuleManager: Shutting down and abandoning module VisualStudioCodeSourceCodeAccess (244)
[2018.07.27-20.31.13:125][899]LogModuleManager: Shutting down and abandoning module UObjectPlugin (242)
[2018.07.27-20.31.13:125][899]LogModuleManager: Shutting down and abandoning module SubversionSourceControl (240)
[2018.07.27-20.31.13:207][899]LogModuleManager: Shutting down and abandoning module PerforceSourceControl (238)
[2018.07.27-20.31.13:280][899]LogModuleManager: Shutting down and abandoning module SourceControl (237)
[2018.07.27-20.31.13:333][899]LogModuleManager: Shutting down and abandoning module CLionSourceCodeAccess (234)
[2018.07.27-20.31.13:344][899]LogModuleManager: Shutting down and abandoning module RuntimePhysXCooking (232)
[2018.07.27-20.31.13:344][899]LogModuleManager: Shutting down and abandoning module PhysXVehiclesEditor (230)
[2018.07.27-20.31.13:345][899]LogModuleManager: Shutting down and abandoning module PhysXVehicles (228)
[2018.07.27-20.31.13:345][899]LogModuleManager: Shutting down and abandoning module LocationServicesBPLibrary (226)
[2018.07.27-20.31.13:345][899]LogModuleManager: Shutting down and abandoning module ImmediatePhysicsEditor (224)
[2018.07.27-20.31.13:345][899]LogModuleManager: Shutting down and abandoning module ImmediatePhysics (222)
[2018.07.27-20.31.13:353][899]LogModuleManager: Shutting down and abandoning module ActorSequence (220)
[2018.07.27-20.31.13:353][899]LogModuleManager: Shutting down and abandoning module UdpMessaging (218)
[2018.07.27-20.31.13:478][899]LogModuleManager: Shutting down and abandoning module TcpMessaging (216)
[2018.07.27-20.31.13:621][899]LogModuleManager: Shutting down and abandoning module GameplayTagsEditor (214)
[2018.07.27-20.31.13:762][899]LogModuleManager: Shutting down and abandoning module FacialAnimation (212)
[2018.07.27-20.31.13:762][899]LogModuleManager: Shutting down and abandoning module DataValidation (210)
[2018.07.27-20.31.13:763][899]LogModuleManager: Shutting down and abandoning module AssetManagerEditor (208)
[2018.07.27-20.31.13:802][899]LogModuleManager: Shutting down and abandoning module TreeMap (207)
[2018.07.27-20.31.13:836][899]LogModuleManager: Shutting down and abandoning module LightPropagationVolumeRuntime (204)
[2018.07.27-20.31.13:837][899]LogModuleManager: Shutting down and abandoning module LiveLink (202)
[2018.07.27-20.31.14:649][899]LogModuleManager: Shutting down and abandoning module Paper2D (200)
[2018.07.27-20.31.14:650][899]LogModuleManager: Shutting down and abandoning module PIEPreviewDeviceProfileSelector (198)
[2018.07.27-20.31.14:650][899]LogModuleManager: Shutting down and abandoning module WindowsMoviePlayer (196)
[2018.07.27-20.31.14:650][899]LogModuleManager: Shutting down and abandoning module WmfMedia (194)
[2018.07.27-20.31.14:652][899]LogModuleManager: Shutting down and abandoning module Media (193)
[2018.07.27-20.31.14:659][899]LogModuleManager: Shutting down and abandoning module PacketHandler (190)
[2018.07.27-20.31.14:659][899]LogModuleManager: Shutting down and abandoning module ClothingSystemEditor (188)
[2018.07.27-20.31.14:659][899]LogModuleManager: Shutting down and abandoning module ClothingSystemRuntime (186)
[2018.07.27-20.31.14:659][899]LogModuleManager: Shutting down and abandoning module MediaAssets (184)
[2018.07.27-20.31.14:659][899]LogModuleManager: Shutting down and abandoning module Overlay (182)
[2018.07.27-20.31.14:659][899]LogModuleManager: Shutting down and abandoning module OverlayEditor (181)
[2018.07.27-20.31.14:659][899]LogModuleManager: Shutting down and abandoning module VREditor (178)
[2018.07.27-20.31.14:659][899]LogModuleManager: Shutting down and abandoning module StringTableEditor (176)
[2018.07.27-20.31.14:660][899]LogModuleManager: Shutting down and abandoning module GameplayTasksEditor (174)
[2018.07.27-20.31.14:660][899]LogModuleManager: Shutting down and abandoning module BehaviorTreeEditor (172)
[2018.07.27-20.31.14:660][899]LogModuleManager: Shutting down and abandoning module FunctionalTesting (170)
[2018.07.27-20.31.14:660][899]LogModuleManager: Shutting down and abandoning module CollisionAnalyzer (168)
[2018.07.27-20.31.14:660][899]LogModuleManager: Shutting down and abandoning module WorkspaceMenuStructure (167)
[2018.07.27-20.31.14:660][899]LogModuleManager: Shutting down and abandoning module UMG (164)
[2018.07.27-20.31.14:660][899]LogModuleManager: Shutting down and abandoning module UMGEditor (163)
[2018.07.27-20.31.14:660][899]LogModuleManager: Shutting down and abandoning module Sequencer (162)
[2018.07.27-20.31.14:660][899]LogModuleManager: Shutting down and abandoning module MessageLog (159)
[2018.07.27-20.31.14:660][899]LogModuleManager: Shutting down and abandoning module SlateReflector (154)
[2018.07.27-20.31.15:479][899]LogModuleManager: Shutting down and abandoning module Slate (152)
[2018.07.27-20.31.15:479][899]LogModuleManager: Shutting down and abandoning module EditorStyle (150)
[2018.07.27-20.31.15:482][899]LogModuleManager: Shutting down and abandoning module MRMesh (148)
[2018.07.27-20.31.15:482][899]LogModuleManager: Shutting down and abandoning module Messaging (146)
[2018.07.27-20.31.15:482][899]LogModuleManager: Shutting down and abandoning module SourceCodeAccess (144)
[2018.07.27-20.31.15:482][899]LogModuleManager: Shutting down and abandoning module HeadMountedDisplay (142)
[2018.07.27-20.31.15:483][899]LogModuleManager: Shutting down and abandoning module XAudio2 (140)
[2018.07.27-20.31.15:483][899]LogModuleManager: Shutting down and abandoning module Networking (138)
[2018.07.27-20.31.15:483][899]LogModuleManager: Shutting down and abandoning module Core (136)
[2018.07.27-20.31.15:483][899]LogModuleManager: Shutting down and abandoning module LevelSequence (134)
[2018.07.27-20.31.15:499][899]LogModuleManager: Shutting down and abandoning module KismetCompiler (132)
[2018.07.27-20.31.15:499][899]LogModuleManager: Shutting down and abandoning module MeshUtilities (130)
[2018.07.27-20.31.15:538][899]LogModuleManager: Shutting down and abandoning module MeshMergeUtilities (129)
[2018.07.27-20.31.15:538][899]LogModuleManager: Shutting down and abandoning module MeshReductionInterface (128)
[2018.07.27-20.31.15:538][899]LogModuleManager: Shutting down and abandoning module SimplygonSwarm (127)
[2018.07.27-20.31.15:575][899]LogModuleManager: Shutting down and abandoning module SimplygonMeshReduction (125)
[2018.07.27-20.31.15:621][899]LogModuleManager: Shutting down and abandoning module QuadricMeshReduction (123)
[2018.07.27-20.31.15:648][899]LogModuleManager: Shutting down and abandoning module MaterialBaking (119)
[2018.07.27-20.31.15:659][899]LogModuleManager: Shutting down and abandoning module DerivedDataCache (114)
[2018.07.27-20.31.16:064][899]LogDerivedDataCache: Shutdown
[2018.07.27-20.31.16:064][899]LogModuleManager: Shutting down and abandoning module XGEController (112)
[2018.07.27-20.31.16:065][899]LogModuleManager: Shutting down and abandoning module TargetPlatform (110)
[2018.07.27-20.31.16:065][899]LogModuleManager: Shutting down and abandoning module VulkanShaderFormat (109)
[2018.07.27-20.31.16:065][899]LogModuleManager: Shutting down and abandoning module ShaderFormatVectorVM (107)
[2018.07.27-20.31.16:065][899]LogModuleManager: Shutting down and abandoning module ShaderFormatOpenGL (105)
[2018.07.27-20.31.16:065][899]LogModuleManager: Shutting down and abandoning module ShaderFormatD3D (103)
[2018.07.27-20.31.16:065][899]LogModuleManager: Shutting down and abandoning module MetalShaderFormat (101)
[2018.07.27-20.31.16:114][899]LogModuleManager: Shutting down and abandoning module TextureFormatUncompressed (99)
[2018.07.27-20.31.16:114][899]LogModuleManager: Shutting down and abandoning module TextureFormatPVR (97)
[2018.07.27-20.31.16:114][899]LogModuleManager: Shutting down and abandoning module TextureFormatDXT (95)
[2018.07.27-20.31.16:141][899]LogModuleManager: Shutting down and abandoning module TextureFormatIntelISPCTexComp (93)
[2018.07.27-20.31.16:164][899]LogModuleManager: Shutting down and abandoning module TextureFormatASTC (91)
[2018.07.27-20.31.16:164][899]LogModuleManager: Shutting down and abandoning module ImageWrapper (90)
[2018.07.27-20.31.16:164][899]LogModuleManager: Shutting down and abandoning module TextureFormatAndroid (87)
[2018.07.27-20.31.16:164][899]LogModuleManager: Shutting down and abandoning module AudioFormatOpus (85)
[2018.07.27-20.31.16:164][899]LogModuleManager: Shutting down and abandoning module AudioFormatOgg (83)
[2018.07.27-20.31.16:164][899]LogModuleManager: Shutting down and abandoning module AudioFormatADPCM (81)
[2018.07.27-20.31.16:164][899]LogModuleManager: Shutting down and abandoning module WindowsTargetPlatform (79)
[2018.07.27-20.31.16:164][899]LogModuleManager: Shutting down and abandoning module WindowsServerTargetPlatform (77)
[2018.07.27-20.31.16:164][899]LogModuleManager: Shutting down and abandoning module WindowsNoEditorTargetPlatform (75)
[2018.07.27-20.31.16:164][899]LogModuleManager: Shutting down and abandoning module WindowsClientTargetPlatform (73)
[2018.07.27-20.31.16:164][899]LogModuleManager: Shutting down and abandoning module InputCore (70)
[2018.07.27-20.31.16:164][899]LogModuleManager: Shutting down and abandoning module Settings (68)
[2018.07.27-20.31.16:165][899]LogModuleManager: Shutting down and abandoning module PhysXCooking (66)
[2018.07.27-20.31.16:165][899]LogModuleManager: Shutting down and abandoning module SteamVR (64)
[2018.07.27-20.31.16:165][899]LogModuleManager: Shutting down and abandoning module OculusHMD (62)
[2018.07.27-20.31.16:199][899]LogModuleManager: Shutting down and abandoning module ExampleDeviceProfileSelector (60)
[2018.07.27-20.31.16:199][899]LogModuleManager: Shutting down and abandoning module AppleARKit (58)
[2018.07.27-20.31.16:199][899]LogModuleManager: Shutting down and abandoning module AugmentedReality (57)
[2018.07.27-20.31.16:199][899]LogModuleManager: Shutting down and abandoning module OnlineBlueprintSupport (54)
[2018.07.27-20.31.16:199][899]LogModuleManager: Shutting down and abandoning module OnlineSubsystem (50)
[2018.07.27-20.31.16:199][899]LogOnline: Display: OSS: FOnlineSubsystemNull::Shutdown()
[2018.07.27-20.31.16:199][899]LogOnline: Display: OSS: FOnlineAsyncTaskManager::Stop() ActiveTask:0000000000000000 Tasks[0/0]
[2018.07.27-20.31.16:268][899]LogOnline: Display: OSS: FOnlineAsyncTaskManager::Exit() started
[2018.07.27-20.31.16:268][899]LogOnline: Display: OSS: FOnlineAsyncTaskManager::Exit() finished
[2018.07.27-20.31.16:268][899]LogModuleManager: Shutting down and abandoning module XMPP (43)
[2018.07.27-20.31.16:592][899]LogModuleManager: Shutting down and abandoning module HTTP (41)
[2018.07.27-20.31.16:663][899]LogModuleManager: Shutting down and abandoning module SSL (40)
[2018.07.27-20.31.16:696][899]LogModuleManager: Shutting down and abandoning module AnimationModifiers (36)
[2018.07.27-20.31.16:727][899]LogModuleManager: Shutting down and abandoning module PropertyEditor (35)
[2018.07.27-20.31.16:765][899]LogModuleManager: Shutting down and abandoning module AudioEditor (32)
[2018.07.27-20.31.16:845][899]LogModuleManager: Shutting down and abandoning module TextureCompressor (30)
[2018.07.27-20.31.16:889][899]LogModuleManager: Shutting down and abandoning module ShaderCore (28)
[2018.07.27-20.31.16:890][899]LogModuleManager: Shutting down and abandoning module Landscape (26)
[2018.07.27-20.31.16:890][899]LogModuleManager: Shutting down and abandoning module SlateRHIRenderer (24)
[2018.07.27-20.31.16:926][899]LogModuleManager: Shutting down and abandoning module OpenGLDrv (22)
[2018.07.27-20.31.16:943][899]LogModuleManager: Shutting down and abandoning module D3D11RHI (20)
[2018.07.27-20.31.16:943][899]LogModuleManager: Shutting down and abandoning module AnimGraphRuntime (18)
[2018.07.27-20.31.16:979][899]LogModuleManager: Shutting down and abandoning module Renderer (16)
[2018.07.27-20.31.16:979][899]LogModuleManager: Shutting down and abandoning module Engine (14)
[2018.07.27-20.31.16:979][899]LogModuleManager: Shutting down and abandoning module CoreUObject (12)
[2018.07.27-20.31.16:979][899]LogModuleManager: Shutting down and abandoning module NetworkFile (10)
[2018.07.27-20.31.16:990][899]LogModuleManager: Shutting down and abandoning module CookedIterativeFile (8)
[2018.07.27-20.31.16:990][899]LogModuleManager: Shutting down and abandoning module StreamingFile (6)
[2018.07.27-20.31.16:997][899]LogModuleManager: Shutting down and abandoning module SandboxFile (4)
[2018.07.27-20.31.16:999][899]LogModuleManager: Shutting down and abandoning module PakFile (2)
[2018.07.27-20.31.17:065][899]LogExit: Exiting.
[2018.07.27-20.31.17:183][899]Log file closed, 07/27/18 21:31:17
