Log file open, 07/27/18 21:33:59
LogWindows: Failed to load 'aqProf.dll' (GetLastError=126)
LogWindows: File 'aqProf.dll' does not exist
LogWindows: Failed to load 'VtuneApi.dll' (GetLastError=126)
LogWindows: File 'VtuneApi.dll' does not exist
LogWindows: Failed to load 'VtuneApi32e.dll' (GetLastError=126)
LogWindows: File 'VtuneApi32e.dll' does not exist
LogInit: Display: Running engine for game: FPBG
LogPlatformFile: Not using cached read wrapper
LogInit: Display: RandInit(527686811) SRandInit(527686811).
LogInit: Read version file with build ID '3944462'
LogInit: Overriding engine version to CL 4033788, compatible CL 3944462
LogInit: Registered custom module enumerator with build ID '3944462'
LogTaskGraph: Started task graph with 5 named threads and 14 total threads with 3 sets of task threads.
LogStats: Stats thread started at 0.300139
LogD3D11RHI: Aftermath initialized
LogICUInternationalization: Display: ICU TimeZone Detection - Raw Offset: +0:00, Platform Override: ''
LogModuleManager: Display: Found up-to-date module file ../../../Engine/Plugins/Online/OnlineSubsystemSteam/Binaries/Win64/UE4Editor-OnlineSubsystemSteam.dll (API version 3944462).
LogModuleManager: Display: Found up-to-date module file ../../../Engine/Plugins/Online/OnlineSubsystem/Binaries/Win64/UE4Editor-OnlineSubsystem.dll (API version 3944462).
LogModuleManager: Display: Found up-to-date module file ../../../Engine/Plugins/Online/OnlineSubsystemUtils/Binaries/Win64/UE4Editor-OnlineSubsystemUtils.dll (API version 3944462).
LogModuleManager: Display: Found up-to-date module file ../../../Engine/Plugins/Online/OnlineSubsystemUtils/Binaries/Win64/UE4Editor-OnlineBlueprintSupport.dll (API version 3944462).
LogModuleManager: Display: Found up-to-date module file ../../../Engine/Plugins/2D/Paper2D/Binaries/Win64/UE4Editor-Paper2D.dll (API version 3944462).
LogModuleManager: Display: Found up-to-date module file ../../../Engine/Plugins/2D/Paper2D/Binaries/Win64/UE4Editor-Paper2DEditor.dll (API version 3944462).
LogModuleManager: Display: Found up-to-date module file ../../../Engine/Plugins/2D/Paper2D/Binaries/Win64/UE4Editor-PaperSpriteSheetImporter.dll (API version 3944462).
LogModuleManager: Display: Found up-to-date module file ../../../Engine/Plugins/2D/Paper2D/Binaries/Win64/UE4Editor-PaperTiledImporter.dll (API version 3944462).
LogModuleManager: Display: Found up-to-date module file ../../../Engine/Plugins/2D/Paper2D/Binaries/Win64/UE4Editor-SmartSnapping.dll (API version 3944462).
LogModuleManager: Display: Found up-to-date module file ../../../Engine/Plugins/Blendables/LightPropagationVolume/Binaries/Win64/UE4Editor-LightPropagationVolumeRuntime.dll (API version 3944462).
LogModuleManager: Display: Found up-to-date module file ../../../Engine/Plugins/Blendables/LightPropagationVolume/Binaries/Win64/UE4Editor-LightPropagationVolumeEditor.dll (API version 3944462).
LogModuleManager: Display: Found up-to-date module file ../../../Engine/Plugins/Developer/CLionSourceCodeAccess/Binaries/Win64/UE4Editor-CLionSourceCodeAccess.dll (API version 3944462).
LogModuleManager: Display: Found up-to-date module file ../../../Engine/Plugins/Developer/GitSourceControl/Binaries/Win64/UE4Editor-GitSourceControl.dll (API version 3944462).
LogModuleManager: Display: Found up-to-date module file ../../../Engine/Plugins/Developer/PerforceSourceControl/Binaries/Win64/UE4Editor-PerforceSourceControl.dll (API version 3944462).
LogModuleManager: Display: Found up-to-date module file ../../../Engine/Plugins/Developer/SubversionSourceControl/Binaries/Win64/UE4Editor-SubversionSourceControl.dll (API version 3944462).
LogModuleManager: Display: Found up-to-date module file ../../../Engine/Plugins/Developer/UObjectPlugin/Binaries/Win64/UE4Editor-UObjectPlugin.dll (API version 3944462).
LogModuleManager: Display: Found up-to-date module file ../../../Engine/Plugins/Developer/VisualStudioCodeSourceCodeAccess/Binaries/Win64/UE4Editor-VisualStudioCodeSourceCodeAccess.dll (API version 3944462).
LogModuleManager: Display: Found up-to-date module file ../../../Engine/Plugins/Developer/VisualStudioSourceCodeAccess/Binaries/Win64/UE4Editor-VisualStudioSourceCodeAccess.dll (API version 3944462).
LogModuleManager: Display: Found up-to-date module file ../../../Engine/Plugins/Editor/AssetManagerEditor/Binaries/Win64/UE4Editor-AssetManagerEditor.dll (API version 3944462).
LogModuleManager: Display: Found up-to-date module file ../../../Engine/Plugins/Editor/CryptoKeys/Binaries/Win64/UE4Editor-CryptoKeys.dll (API version 3944462).
LogModuleManager: Display: Found up-to-date module file ../../../Engine/Plugins/Editor/CryptoKeys/Binaries/Win64/UE4Editor-CryptoKeysOpenSSL.dll (API version 3944462).
LogModuleManager: Display: Found up-to-date module file ../../../Engine/Plugins/Editor/DataValidation/Binaries/Win64/UE4Editor-DataValidation.dll (API version 3944462).
LogModuleManager: Display: Found up-to-date module file ../../../Engine/Plugins/Editor/FacialAnimation/Binaries/Win64/UE4Editor-FacialAnimation.dll (API version 3944462).
LogModuleManager: Display: Found up-to-date module file ../../../Engine/Plugins/Editor/FacialAnimation/Binaries/Win64/UE4Editor-FacialAnimationEditor.dll (API version 3944462).
LogModuleManager: Display: Found up-to-date module file ../../../Engine/Plugins/Editor/GameplayTagsEditor/Binaries/Win64/UE4Editor-GameplayTagsEditor.dll (API version 3944462).
LogModuleManager: Display: Found up-to-date module file ../../../Engine/Plugins/Editor/MobileLauncherProfileWizard/Binaries/Win64/UE4Editor-MobileLauncherProfileWizard.dll (API version 3944462).
LogModuleManager: Display: Found up-to-date module file ../../../Engine/Plugins/Editor/PluginBrowser/Binaries/Win64/UE4Editor-PluginBrowser.dll (API version 3944462).
LogModuleManager: Display: Found up-to-date module file ../../../Engine/Plugins/Editor/SpeedTreeImporter/Binaries/Win64/UE4Editor-SpeedTreeImporter.dll (API version 3944462).
LogModuleManager: Display: Found up-to-date module file ../../../Engine/Plugins/Enterprise/DatasmithContent/Binaries/Win64/UE4Editor-DatasmithContent.dll (API version 3944462).
LogModuleManager: Display: Found up-to-date module file ../../../Engine/Plugins/Experimental/AlembicImporter/Binaries/Win64/UE4Editor-AlembicImporter.dll (API version 3944462).
LogModuleManager: Display: Found up-to-date module file ../../../Engine/Plugins/Experimental/AlembicImporter/Binaries/Win64/UE4Editor-AlembicLibrary.dll (API version 3944462).
LogModuleManager: Display: Found up-to-date module file ../../../Engine/Plugins/Experimental/CharacterAI/Binaries/Win64/UE4Editor-CharacterAI.dll (API version 3944462).
LogModuleManager: Display: Found up-to-date module file ../../../Engine/Plugins/Experimental/HTML5Networking/Binaries/Win64/UE4Editor-HTML5Networking.dll (API version 3944462).
LogModuleManager: Display: Found up-to-date module file ../../../Engine/Plugins/Media/AndroidMedia/Binaries/Win64/UE4Editor-AndroidMediaEditor.dll (API version 3944462).
LogModuleManager: Display: Found up-to-date module file ../../../Engine/Plugins/Media/AndroidMedia/Binaries/Win64/UE4Editor-AndroidMediaFactory.dll (API version 3944462).
LogModuleManager: Display: Found up-to-date module file ../../../Engine/Plugins/Media/AvfMedia/Binaries/Win64/UE4Editor-AvfMediaEditor.dll (API version 3944462).
LogModuleManager: Display: Found up-to-date module file ../../../Engine/Plugins/Media/AvfMedia/Binaries/Win64/UE4Editor-AvfMediaFactory.dll (API version 3944462).
LogModuleManager: Display: Found up-to-date module file ../../../Engine/Plugins/Media/AvfMedia/Binaries/Win64/UE4Editor-AvfMediaFactory.dll (API version 3944462).
LogModuleManager: Display: Found up-to-date module file ../../../Engine/Plugins/Media/ImgMedia/Binaries/Win64/UE4Editor-ImgMedia.dll (API version 3944462).
LogModuleManager: Display: Found up-to-date module file ../../../Engine/Plugins/Media/ImgMedia/Binaries/Win64/UE4Editor-ImgMediaEditor.dll (API version 3944462).
LogModuleManager: Display: Found up-to-date module file ../../../Engine/Plugins/Media/ImgMedia/Binaries/Win64/UE4Editor-ImgMediaFactory.dll (API version 3944462).
LogModuleManager: Display: Found up-to-date module file ../../../Engine/Plugins/Media/ImgMedia/Binaries/Win64/UE4Editor-ImgMediaFactory.dll (API version 3944462).
LogModuleManager: Display: Found up-to-date module file ../../../Engine/Plugins/Media/ImgMedia/Binaries/Win64/UE4Editor-OpenExrWrapper.dll (API version 3944462).
LogModuleManager: Display: Found up-to-date module file ../../../Engine/Plugins/Media/LinearTimecode/Binaries/Win64/UE4Editor-LinearTimecode.dll (API version 3944462).
LogModuleManager: Display: Found up-to-date module file ../../../Engine/Plugins/Media/MediaCompositing/Binaries/Win64/UE4Editor-MediaCompositing.dll (API version 3944462).
LogModuleManager: Display: Found up-to-date module file ../../../Engine/Plugins/Media/MediaCompositing/Binaries/Win64/UE4Editor-MediaCompositingEditor.dll (API version 3944462).
LogModuleManager: Display: Found up-to-date module file ../../../Engine/Plugins/Media/MediaPlayerEditor/Binaries/Win64/UE4Editor-MediaPlayerEditor.dll (API version 3944462).
LogModuleManager: Display: Found up-to-date module file ../../../Engine/Plugins/Media/WmfMedia/Binaries/Win64/UE4Editor-WmfMedia.dll (API version 3944462).
LogModuleManager: Display: Found up-to-date module file ../../../Engine/Plugins/Media/WmfMedia/Binaries/Win64/UE4Editor-WmfMediaEditor.dll (API version 3944462).
LogModuleManager: Display: Found up-to-date module file ../../../Engine/Plugins/Media/WmfMedia/Binaries/Win64/UE4Editor-WmfMediaFactory.dll (API version 3944462).
LogModuleManager: Display: Found up-to-date module file ../../../Engine/Plugins/Media/WmfMedia/Binaries/Win64/UE4Editor-WmfMediaFactory.dll (API version 3944462).
LogModuleManager: Display: Found up-to-date module file ../../../Engine/Plugins/Messaging/TcpMessaging/Binaries/Win64/UE4Editor-TcpMessaging.dll (API version 3944462).
LogModuleManager: Display: Found up-to-date module file ../../../Engine/Plugins/Messaging/UdpMessaging/Binaries/Win64/UE4Editor-UdpMessaging.dll (API version 3944462).
LogModuleManager: Display: Found up-to-date module file ../../../Engine/Plugins/MovieScene/ActorSequence/Binaries/Win64/UE4Editor-ActorSequence.dll (API version 3944462).
LogModuleManager: Display: Found up-to-date module file ../../../Engine/Plugins/MovieScene/LevelSequenceEditor/Binaries/Win64/UE4Editor-LevelSequenceEditor.dll (API version 3944462).
LogModuleManager: Display: Found up-to-date module file ../../../Engine/Plugins/MovieScene/MatineeToLevelSequence/Binaries/Win64/UE4Editor-MatineeToLevelSequence.dll (API version 3944462).
LogModuleManager: Display: Found up-to-date module file ../../../Engine/Plugins/NetcodeUnitTest/NetcodeUnitTest/Binaries/Win64/UE4Editor-NetcodeUnitTest.dll (API version 3944462).
LogModuleManager: Display: Found up-to-date module file ../../../Engine/Plugins/NetcodeUnitTest/NUTUnrealEngine4/Binaries/Win64/UE4Editor-NUTUnrealEngine4.dll (API version 3944462).
LogModuleManager: Display: Found up-to-date module file ../../../Engine/Plugins/Runtime/AndroidPermission/Binaries/Win64/UE4Editor-AndroidPermission.dll (API version 3944462).
LogModuleManager: Display: Found up-to-date module file ../../../Engine/Plugins/Online/OnlineSubsystemNull/Binaries/Win64/UE4Editor-OnlineSubsystemNull.dll (API version 3944462).
LogModuleManager: Display: Found up-to-date module file ../../../Engine/Plugins/Runtime/AndroidDeviceProfileSelector/Binaries/Win64/UE4Editor-AndroidDeviceProfileSelector.dll (API version 3944462).
LogModuleManager: Display: Found up-to-date module file ../../../Engine/Plugins/Runtime/AppleARKit/Binaries/Win64/UE4Editor-AppleARKit.dll (API version 3944462).
LogModuleManager: Display: Found up-to-date module file ../../../Engine/Plugins/Runtime/ProceduralMeshComponent/Binaries/Win64/UE4Editor-ProceduralMeshComponent.dll (API version 3944462).
LogModuleManager: Display: Found up-to-date module file ../../../Engine/Plugins/Runtime/ProceduralMeshComponent/Binaries/Win64/UE4Editor-ProceduralMeshComponentEditor.dll (API version 3944462).
LogModuleManager: Display: Found up-to-date module file ../../../Engine/Plugins/Animation/LiveLink/Binaries/Win64/UE4Editor-LiveLink.dll (API version 3944462).
LogModuleManager: Display: Found up-to-date module file ../../../Engine/Plugins/Animation/LiveLink/Binaries/Win64/UE4Editor-LiveLinkEditor.dll (API version 3944462).
LogModuleManager: Display: Found up-to-date module file ../../../Engine/Plugins/Runtime/ArchVisCharacter/Binaries/Win64/UE4Editor-ArchVisCharacter.dll (API version 3944462).
LogModuleManager: Display: Found up-to-date module file ../../../Engine/Plugins/Runtime/AudioCapture/Binaries/Win64/UE4Editor-AudioCapture.dll (API version 3944462).
LogModuleManager: Display: Found up-to-date module file ../../../Engine/Plugins/Runtime/AudioCapture/Binaries/Win64/UE4Editor-AudioCaptureEditor.dll (API version 3944462).
LogModuleManager: Display: Found up-to-date module file ../../../Engine/Plugins/Runtime/CableComponent/Binaries/Win64/UE4Editor-CableComponent.dll (API version 3944462).
LogModuleManager: Display: Found up-to-date module file ../../../Engine/Plugins/Runtime/CustomMeshComponent/Binaries/Win64/UE4Editor-CustomMeshComponent.dll (API version 3944462).
LogModuleManager: Display: Found up-to-date module file ../../../Engine/Plugins/Runtime/ExampleDeviceProfileSelector/Binaries/Win64/UE4Editor-ExampleDeviceProfileSelector.dll (API version 3944462).
LogModuleManager: Display: Found up-to-date module file ../../../Engine/Plugins/Runtime/ImmediatePhysics/Binaries/Win64/UE4Editor-ImmediatePhysics.dll (API version 3944462).
LogModuleManager: Display: Found up-to-date module file ../../../Engine/Plugins/Runtime/ImmediatePhysics/Binaries/Win64/UE4Editor-ImmediatePhysicsEditor.dll (API version 3944462).
LogModuleManager: Display: Found up-to-date module file ../../../Engine/Plugins/Runtime/LocationServicesBPLibrary/Binaries/Win64/UE4Editor-LocationServicesBPLibrary.dll (API version 3944462).
LogModuleManager: Display: Found up-to-date module file ../../../Engine/Plugins/Runtime/MobilePatchingUtils/Binaries/Win64/UE4Editor-MobilePatchingUtils.dll (API version 3944462).
LogModuleManager: Display: Found up-to-date module file ../../../Engine/Plugins/Runtime/Oculus/OculusVR/Binaries/Win64/UE4Editor-OculusHMD.dll (API version 3944462).
LogModuleManager: Display: Found up-to-date module file ../../../Engine/Plugins/Runtime/Oculus/OculusVR/Binaries/Win64/UE4Editor-OculusInput.dll (API version 3944462).
LogModuleManager: Display: Found up-to-date module file ../../../Engine/Plugins/Runtime/Oculus/OculusVR/Binaries/Win64/UE4Editor-OculusEditor.dll (API version 3944462).
LogModuleManager: Display: Found up-to-date module file ../../../Engine/Plugins/Runtime/PhysXVehicles/Binaries/Win64/UE4Editor-PhysXVehicles.dll (API version 3944462).
LogModuleManager: Display: Found up-to-date module file ../../../Engine/Plugins/Runtime/PhysXVehicles/Binaries/Win64/UE4Editor-PhysXVehiclesEditor.dll (API version 3944462).
LogModuleManager: Display: Found up-to-date module file ../../../Engine/Plugins/Runtime/RuntimePhysXCooking/Binaries/Win64/UE4Editor-RuntimePhysXCooking.dll (API version 3944462).
LogModuleManager: Display: Found up-to-date module file ../../../Engine/Plugins/Runtime/Steam/SteamVR/Binaries/Win64/UE4Editor-SteamVR.dll (API version 3944462).
LogModuleManager: Display: Found up-to-date module file ../../../Engine/Plugins/Runtime/Steam/SteamVR/Binaries/Win64/UE4Editor-SteamVRController.dll (API version 3944462).
LogModuleManager: Display: Found up-to-date module file ../../../Engine/Plugins/Runtime/WindowsMoviePlayer/Binaries/Win64/UE4Editor-WindowsMoviePlayer.dll (API version 3944462).
LogPluginManager: Mounting plugin Paper2D
LogPluginManager: Mounting plugin LiveLink
LogPluginManager: Mounting plugin LightPropagationVolume
LogPluginManager: Mounting plugin CLionSourceCodeAccess
LogPluginManager: Mounting plugin CodeLiteSourceCodeAccess
LogPluginManager: Mounting plugin GitSourceControl
LogPluginManager: Mounting plugin KDevelopSourceCodeAccess
LogPluginManager: Mounting plugin NullSourceCodeAccess
LogPluginManager: Mounting plugin PerforceSourceControl
LogPluginManager: Mounting plugin SubversionSourceControl
LogPluginManager: Mounting plugin UObjectPlugin
LogPluginManager: Mounting plugin VisualStudioCodeSourceCodeAccess
LogPluginManager: Mounting plugin VisualStudioSourceCodeAccess
LogPluginManager: Mounting plugin XCodeSourceCodeAccess
LogPluginManager: Mounting plugin AssetManagerEditor
LogPluginManager: Mounting plugin CryptoKeys
LogPluginManager: Mounting plugin DataValidation
LogPluginManager: Mounting plugin FacialAnimation
LogPluginManager: Mounting plugin GameplayTagsEditor
LogPluginManager: Mounting plugin MobileLauncherProfileWizard
LogPluginManager: Mounting plugin PluginBrowser
LogPluginManager: Mounting plugin SpeedTreeImporter
LogPluginManager: Mounting plugin DatasmithContent
LogPluginManager: Mounting plugin AlembicImporter
LogPluginManager: Mounting plugin CharacterAI
LogPluginManager: Mounting plugin HTML5Networking
LogPluginManager: Mounting plugin AndroidMedia
LogPluginManager: Mounting plugin AvfMedia
LogPluginManager: Mounting plugin ImgMedia
LogPluginManager: Mounting plugin LinearTimecode
LogPluginManager: Mounting plugin MediaCompositing
LogPluginManager: Mounting plugin MediaPlayerEditor
LogPluginManager: Mounting plugin WmfMedia
LogPluginManager: Mounting plugin TcpMessaging
LogPluginManager: Mounting plugin UdpMessaging
LogPluginManager: Mounting plugin ActorSequence
LogPluginManager: Mounting plugin LevelSequenceEditor
LogPluginManager: Mounting plugin MatineeToLevelSequence
LogPluginManager: Mounting plugin NetcodeUnitTest
LogPluginManager: Mounting plugin NUTUnrealEngine4
LogPluginManager: Mounting plugin OnlineSubsystemGooglePlay
LogPluginManager: Mounting plugin OnlineSubsystemIOS
LogPluginManager: Mounting plugin OnlineSubsystem
LogPluginManager: Mounting plugin OnlineSubsystemNull
LogPluginManager: Mounting plugin OnlineSubsystemSteam
LogPluginManager: Mounting plugin OnlineSubsystemUtils
LogPluginManager: Mounting plugin AndroidDeviceProfileSelector
LogPluginManager: Mounting plugin AndroidMoviePlayer
LogPluginManager: Mounting plugin AndroidPermission
LogPluginManager: Mounting plugin AppleARKit
LogPluginManager: Mounting plugin AppleMoviePlayer
LogPluginManager: Mounting plugin ArchVisCharacter
LogPluginManager: Mounting plugin AudioCapture
LogPluginManager: Mounting plugin CableComponent
LogPluginManager: Mounting plugin CustomMeshComponent
LogPluginManager: Mounting plugin ExampleDeviceProfileSelector
LogPluginManager: Mounting plugin GoogleCloudMessaging
LogPluginManager: Mounting plugin ImmediatePhysics
LogPluginManager: Mounting plugin IOSDeviceProfileSelector
LogPluginManager: Mounting plugin LinuxDeviceProfileSelector
LogPluginManager: Mounting plugin LocationServicesBPLibrary
LogPluginManager: Mounting plugin MobilePatchingUtils
LogPluginManager: Mounting plugin OculusVR
LogPluginManager: Plugin shader directory ../../../Engine/Plugins/Runtime/Oculus/OculusVR/Shaders found
LogPluginManager: Mapping shader source directory ../../../Engine/Plugins/Runtime/Oculus/OculusVR/Shaders to virtual directory /Plugin/OculusVR
LogPluginManager: Mounting plugin PhysXVehicles
LogPluginManager: Mounting plugin ProceduralMeshComponent
LogPluginManager: Mounting plugin RuntimePhysXCooking
LogPluginManager: Mounting plugin SteamVR
LogPluginManager: Mounting plugin WindowsMoviePlayer
LogStreaming: Display: Took  3.749s to configure plugins.
LogInit: Using libcurl 7.47.1
LogInit:  - built for x86_64-pc-win32
LogInit:  - supports SSL with OpenSSL/1.0.2g
LogInit:  - supports HTTP deflate (compression) using libz 1.2.8
LogInit:  - other features:
LogInit:      CURL_VERSION_SSL
LogInit:      CURL_VERSION_LIBZ
LogInit:      CURL_VERSION_IPV6
LogInit:      CURL_VERSION_ASYNCHDNS
LogInit:      CURL_VERSION_LARGEFILE
LogInit:      CURL_VERSION_IDN
LogInit:  CurlRequestOptions (configurable via config and command line):
LogInit:  - bVerifyPeer = false  - Libcurl will NOT verify peer certificate
LogInit:  - bUseHttpProxy = false  - Libcurl will NOT use HTTP proxy
LogInit:  - bDontReuseConnections = false  - Libcurl will reuse connections
LogInit:  - CertBundlePath = nullptr  - Libcurl will use whatever was configured at build time.
LogInit:  - MaxHostConnections = 16  - Libcurl will limit the number of connections to a host
LogInit:  - LocalHostAddr = Default
LogOnline: Display: STEAM: Loading Steam SDK 1.39
LogOnline: Warning: STEAM: Steam API disabled!
LogOnline: Display: STEAM: OnlineSubsystemSteam::Shutdown()
LogInit: WinSock: version 1.1 (2.2), MaxSocks=32767, MaxUdp=65467
LogInit: WinSock: I am Q6600 (192.168.1.42:0)
LogInit: Build: ++UE4+Release-4.19-CL-4033788
LogInit: Engine Version: 4.19.2-4033788+++UE4+Release-4.19
LogInit: Compatible Engine Version: 4.19.0-3944462+++UE4+Release-4.19
LogInit: Net CL: 3944462
LogDevObjectVersion: Number of dev versions registered: 18
LogDevObjectVersion:   Dev-Blueprints (B0D832E4-1F89-4F0D-ACCF-7EB736FD4AA2): 10
LogDevObjectVersion:   Dev-Build (E1C64328-A22C-4D53-A36C-8E866417BD8C): 0
LogDevObjectVersion:   Dev-Core (375EC13C-06E4-48FB-B500-84F0262A717E): 2
LogDevObjectVersion:   Dev-Editor (E4B068ED-F494-42E9-A231-DA0B2E46BB41): 23
LogDevObjectVersion:   Dev-Framework (CFFC743F-43B0-4480-9391-14DF171D2073): 33
LogDevObjectVersion:   Dev-Mobile (B02B49B5-BB20-44E9-A304-32B752E40360): 2
LogDevObjectVersion:   Dev-Networking (A4E4105C-59A1-49B5-A7C5-40C4547EDFEE): 0
LogDevObjectVersion:   Dev-Online (39C831C9-5AE6-47DC-9A44-9C173E1C8E7C): 0
LogDevObjectVersion:   Dev-Physics (78F01B33-EBEA-4F98-B9B4-84EACCB95AA2): 0
LogDevObjectVersion:   Dev-Platform (6631380F-2D4D-43E0-8009-CF276956A95A): 0
LogDevObjectVersion:   Dev-Rendering (12F88B9F-8875-4AFC-A67C-D90C383ABD29): 25
LogDevObjectVersion:   Dev-Sequencer (7B5AE74C-D270-4C10-A958-57980B212A5A): 6
LogDevObjectVersion:   Dev-VR (D7296918-1DD6-4BDD-9DE2-64A83CC13884): 1
LogDevObjectVersion:   Dev-LoadTimes (C2A15278-BFE7-4AFE-6C17-90FF531DF755): 1
LogDevObjectVersion:   Private-Geometry (6EACA3D4-40EC-4CC1-B786-8BED09428FC5): 2
LogDevObjectVersion:   Dev-AnimPhys (29E575DD-E0A3-4627-9D10-D276232CDCEA): 16
LogDevObjectVersion:   Dev-ReflectionCapture (6B266CEC-1EC7-4B8F-A30B-E4D90942FC07): 1
LogDevObjectVersion:   Dev-Automation (0DF73D61-A23F-47EA-B727-89E90C41499A): 1
LogInit: Compiled (64-bit): Apr 27 2018 02:06:57
LogInit: Compiled with Visual C++: 19.00.24215.01
LogInit: Build Configuration: Development
LogInit: Branch Name: ++UE4+Release-4.19
LogInit: Command Line:  127.0.0.1:17777 -game -PIEVIACONSOLE -ResX=640 -ResY=480  -Multiprocess -messaging -SessionName="Play in Standalone Game" -windowed GameUserSettingsINI="F:/Juegos/UE_Projects/FPBG/Saved/Config/Windows/PIEGameUserSettings1.ini" -MultiprocessSaveConfig  -MultiprocessOSS WinX=664 WinY=550 SAVEWINPOS=1
LogInit: Base Directory: F:/Juegos/UE_4.19/Engine/Binaries/Win64/
LogInit: Installed Engine Build: 1
LogStreaming: Display: Took  0.010s to delete old logs.
LogInit: Presizing for max 8388607 objects, including 0 objects not considered by GC, pre-allocating 0 bytes for permanent pool.
LogInit: Object subsystem initialized
[2018.07.27-20.34.04:773][  0]LogInit: Selected Device Profile: [Windows]
[2018.07.27-20.34.04:773][  0]LogInit: Applying CVar settings loaded from the selected device profile: [Windows]
[2018.07.27-20.34.04:784][  0]LogInit: Computer: Q6600
[2018.07.27-20.34.04:784][  0]LogInit: User: bitt3rman
[2018.07.27-20.34.04:784][  0]LogInit: CPU Page size=4096, Cores=4
[2018.07.27-20.34.04:784][  0]LogInit: High frequency timer resolution =2.343833 MHz
[2018.07.27-20.34.04:784][  0]LogMemory: Memory total: Physical=8.0GB (8GB approx)
[2018.07.27-20.34.04:784][  0]LogMemory: Platform Memory Stats for Windows
[2018.07.27-20.34.04:785][  0]LogMemory: Process Physical Memory: 274.84 MB used, 274.84 MB peak
[2018.07.27-20.34.04:785][  0]LogMemory: Process Virtual Memory: 270.16 MB used, 270.16 MB peak
[2018.07.27-20.34.04:785][  0]LogMemory: Physical Memory: 5857.52 MB used,  2332.97 MB free, 8190.49 MB total
[2018.07.27-20.34.04:785][  0]LogMemory: Virtual Memory: 4776.43 MB used,  2332.97 MB free, 134217728.00 MB total
[2018.07.27-20.34.04:835][  0]LogInit: Using OS detected language (es-ES).
[2018.07.27-20.34.04:835][  0]LogInit: Using OS detected locale (es-ES).
[2018.07.27-20.34.04:835][  0]LogTextLocalizationManager: No localization for 'es-ES' exists, so 'en' will be used for the language.
[2018.07.27-20.34.04:835][  0]LogTextLocalizationManager: No localization for 'es-ES' exists, so 'en' will be used for the locale.
[2018.07.27-20.34.05:931][  0]LogStreaming: Display: Took  1.096s to EndInitTextLocalization.
[2018.07.27-20.34.05:990][  0]LogSlate: New Slate User Created.  User Index 0, Is Virtual User: 0
[2018.07.27-20.34.05:990][  0]LogSlate: Slate User Registered.  User Index 0, Is Virtual User: 0
[2018.07.27-20.34.06:004][  0]LogD3D11RHI: D3D11 adapters:
[2018.07.27-20.34.06:149][  0]LogD3D11RHI:    0. 'NVIDIA GeForce GT 730' (Feature Level 11_0)
[2018.07.27-20.34.06:149][  0]LogD3D11RHI:       2018/0/4095 MB DedicatedVideo/DedicatedSystem/SharedSystem, Outputs:1, VendorId:0x10de
[2018.07.27-20.34.06:154][  0]LogD3D11RHI:    1. 'Microsoft Basic Render Driver' (Feature Level 11_0)
[2018.07.27-20.34.06:154][  0]LogD3D11RHI:       0/0/4095 MB DedicatedVideo/DedicatedSystem/SharedSystem, Outputs:0, VendorId:0x1414
[2018.07.27-20.34.06:154][  0]LogD3D11RHI: Chosen D3D11 Adapter: 0
[2018.07.27-20.34.06:178][  0]LogD3D11RHI: Creating new Direct3DDevice
[2018.07.27-20.34.06:178][  0]LogD3D11RHI:     GPU DeviceId: 0x1287 (for the marketing name, search the web for "GPU Device Id")
[2018.07.27-20.34.06:178][  0]LogWindows: EnumDisplayDevices:
[2018.07.27-20.34.06:178][  0]LogWindows:    0. 'NVIDIA GeForce GT 730' (P:1 D:1)
[2018.07.27-20.34.06:179][  0]LogWindows:    1. 'NVIDIA GeForce GT 730' (P:0 D:0)
[2018.07.27-20.34.06:180][  0]LogWindows:    2. 'NVIDIA GeForce GT 730' (P:0 D:0)
[2018.07.27-20.34.06:180][  0]LogWindows: DebugString: GetVideoDriverDetailsInvalid PrimaryIsNotTheChoosenAdapter GetVideoDriverDetailsInvalid PrimaryIsNotTheChoosenAdapter GetVideoDriverDetailsInvalid PrimaryIsNotTheChoosenAdapter FoundDriverCount:0 
[2018.07.27-20.34.06:180][  0]LogD3D11RHI:     Adapter Name: NVIDIA GeForce GT 730
[2018.07.27-20.34.06:180][  0]LogD3D11RHI:   Driver Version: Unknown (internal:Unknown, unified:Unknown)
[2018.07.27-20.34.06:180][  0]LogD3D11RHI:      Driver Date: Unknown
[2018.07.27-20.34.06:180][  0]LogRHI: Texture pool is 1413 MB (70% of 2018 MB)
[2018.07.27-20.34.06:261][  0]LogD3D11RHI: [Aftermath] Aftermath enabled but failed to initialize
[2018.07.27-20.34.06:261][  0]LogD3D11RHI: [Aftermath] Aftermath enabled and primed
[2018.07.27-20.34.06:261][  0]LogD3D11RHI: Async texture creation enabled
[2018.07.27-20.34.06:301][  0]LogD3D11RHI: GPU Timing Frequency: 1000.000000 (Debug: 2 1)
[2018.07.27-20.34.06:305][  0]LogShaderCompilers: Guid format shader working directory is 21 characters bigger than the processId version (../../../../UE_Projects/FPBG/Intermediate/Shaders/WorkingDirectory/12188/).
[2018.07.27-20.34.06:305][  0]LogShaderCompilers: Cleaned the shader compiler working directory 'C:/Users/bitt3rman/AppData/Local/Temp/UnrealShaderWorkingDir/5C23F4954F4307D2CAA81EAAF84A98FF/'.
[2018.07.27-20.34.07:349][  0]LogTemp: Display: Loaded TP WindowsClientTargetPlatform
[2018.07.27-20.34.07:393][  0]LogTemp: Display: Loaded TP WindowsNoEditorTargetPlatform
[2018.07.27-20.34.07:433][  0]LogTemp: Display: Loaded TP WindowsServerTargetPlatform
[2018.07.27-20.34.07:473][  0]LogTemp: Display: Loaded TP WindowsTargetPlatform
[2018.07.27-20.34.07:473][  0]LogTargetPlatformManager: Display: Building Assets For Windows
[2018.07.27-20.34.07:830][  0]LogXGEController: Cannot use XGE Controller as Incredibuild is not installed on this machine.
[2018.07.27-20.34.07:830][  0]LogShaderCompilers: Cannot use XGE Shader Compiler as Incredibuild is not installed on this machine.
[2018.07.27-20.34.07:830][  0]LogShaderCompilers: Display: Using Local Shader Compiler.
[2018.07.27-20.34.10:086][  0]LogDerivedDataCache: Display: Max Cache Size: 512 MB
[2018.07.27-20.34.10:424][  0]LogDerivedDataCache: Loaded boot cache 0.34s 74MB C:/Users/bitt3rman/AppData/Local/UnrealEngine/4.19/DerivedDataCache/Boot.ddc.
[2018.07.27-20.34.10:425][  0]LogDerivedDataCache: Display: Loaded Boot cache: C:/Users/bitt3rman/AppData/Local/UnrealEngine/4.19/DerivedDataCache/Boot.ddc
[2018.07.27-20.34.10:425][  0]LogDerivedDataCache: FDerivedDataBackendGraph:  Pak pak cache file ../../../../UE_Projects/FPBG/DerivedDataCache/DDC.ddp not found, will not use a pak cache.
[2018.07.27-20.34.10:425][  0]LogDerivedDataCache: Unable to find inner node Pak for hierarchical cache Hierarchy.
[2018.07.27-20.34.10:425][  0]LogDerivedDataCache: FDerivedDataBackendGraph:  CompressedPak pak cache file ../../../../UE_Projects/FPBG/DerivedDataCache/Compressed.ddp not found, will not use a pak cache.
[2018.07.27-20.34.10:425][  0]LogDerivedDataCache: Unable to find inner node CompressedPak for hierarchical cache Hierarchy.
[2018.07.27-20.34.10:458][  0]LogDerivedDataCache: Display: Pak cache opened for reading ../../../Engine/DerivedDataCache/Compressed.ddp.
[2018.07.27-20.34.10:476][  0]LogDerivedDataCache: Using Local data cache path C:/Users/bitt3rman/AppData/Local/UnrealEngine/Common/DerivedDataCache: Writable
[2018.07.27-20.34.10:476][  0]LogDerivedDataCache: Shared data cache path not found in *engine.ini, will not use an Shared cache.
[2018.07.27-20.34.10:476][  0]LogDerivedDataCache: Unable to find inner node Shared for hierarchical cache Hierarchy.
[2018.07.27-20.34.10:512][  0]LogMaterial: Verifying Global Shaders for PCD3D_SM5
[2018.07.27-20.34.10:513][  0]LogSlate: Using Freetype 2.6.0
[2018.07.27-20.34.10:515][  0]LogSlate: SlateFontCache - WITH_FREETYPE: 1, WITH_HARFBUZZ: 1
[2018.07.27-20.34.10:515][  0]LogSlate: SlateFontCache - WITH_FREETYPE: 1, WITH_HARFBUZZ: 1
[2018.07.27-20.34.12:163][  0]LogAssetRegistry: FAssetRegistry took 0.0139 seconds to start up
[2018.07.27-20.34.12:843][  0]LogPackageLocalizationCache: Processed 9 localized package path(s) for 1 prioritized culture(s) in 0.042329 seconds
[2018.07.27-20.34.13:125][  0]LogInit: Selected Device Profile: [Windows]
[2018.07.27-20.34.13:479][  0]LogSimplygon: Simplygon DLL not present - disabling.
[2018.07.27-20.34.13:486][  0]LogMeshReduction: Using SimplygonSwarm for distributed automatic mesh merging
[2018.07.27-20.34.13:486][  0]LogMeshReduction: Using QuadricMeshReduction for automatic static mesh reduction
[2018.07.27-20.34.13:486][  0]LogMeshReduction: No automatic skeletal mesh reduction module available
[2018.07.27-20.34.13:486][  0]LogMeshReduction: No automatic mesh merging module available
[2018.07.27-20.34.13:486][  0]LogMeshMerging: No automatic mesh merging module available
[2018.07.27-20.34.13:581][  0]LogNetVersion: FPBG , NetCL: 3944462, EngineNetVer: 2, GameNetVer: 0 (Checksum: 1413110598)
[2018.07.27-20.34.15:449][  0]LogMoviePlayer: Initializing movie player
[2018.07.27-20.34.16:388][  0]LogTcpMessaging: Initializing TcpMessaging bridge
[2018.07.27-20.34.16:475][  0]LogUdpMessaging: Initializing bridge on interface 0.0.0.0:0 to multicast group 230.0.0.1:6666.
[2018.07.27-20.34.17:252][  0]SourceControl: Source control is disabled
[2018.07.27-20.34.17:253][  0]SourceControl: Source control is disabled
[2018.07.27-20.34.17:316][  0]SourceControl: Source control is disabled
[2018.07.27-20.34.18:414][  0]LogAndroidPermission: UAndroidPermissionCallbackProxy::GetInstance
[2018.07.27-20.34.19:138][  0]LogOcInput: OculusInput pre-init called
[2018.07.27-20.34.19:302][  0]LogUObjectArray: 40131 objects as part of root set at end of initial load.
[2018.07.27-20.34.19:302][  0]LogUObjectAllocator: 8578472 out of 0 bytes used by permanent object pool.
[2018.07.27-20.34.19:302][  0]LogUObjectArray: CloseDisregardForGC: 0/0 objects in disregard for GC pool
[2018.07.27-20.34.19:448][  0]LogEngine: Initializing Engine...
[2018.07.27-20.34.19:452][  0]LogHMD: Failed to initialize OpenVR with code 110
[2018.07.27-20.34.19:474][  0]LogStats: UGameplayTagsManager::ConstructGameplayTagTree: Construct from data asset -  0.000 s
[2018.07.27-20.34.19:474][  0]LogStats: UGameplayTagsManager::ConstructGameplayTagTree: GameplayTagTreeChangedEvent.Broadcast -  0.000 s
[2018.07.27-20.34.20:176][  0]LogInit: XAudio2 using 'Speakers (High Definition Audio Device)' : 2 channels at 48 kHz using 16 bits per sample (channel mask 0x3)
[2018.07.27-20.34.20:257][  0]LogInit: FAudioDevice initialized.
[2018.07.27-20.34.20:386][  0]LogInit: Texture streaming: Enabled
[2018.07.27-20.34.20:695][  0]LogUObjectGlobals: Created PersistentFrame Addr=0x0000026035745a80, Size=632, Default__GameInfoInstance_C Function /Game/Blueprints/AllLevels/GameInfoInstance.GameInfoInstance_C:ExecuteUbergraph_GameInfoInstance
[2018.07.27-20.34.20:712][  0]LogUObjectGlobals: Created PersistentFrame Addr=0x0000026043701648, Size=40, Default__ErrorDialog_C Function /Game/UI/MainMenu/ErrorDialog.ErrorDialog_C:ExecuteUbergraph_ErrorDialog
[2018.07.27-20.34.20:734][  0]LogUObjectGlobals: Created PersistentFrame Addr=0x000002603579db40, Size=96, Default__HostMenu_C Function /Game/UI/MainMenu/HostMenu.HostMenu_C:ExecuteUbergraph_HostMenu
[2018.07.27-20.34.20:747][  0]LogUObjectGlobals: Created PersistentFrame Addr=0x000002603623ad40, Size=64, Default__MainMenu_C Function /Game/UI/MainMenu/MainMenu.MainMenu_C:ExecuteUbergraph_MainMenu
[2018.07.27-20.34.20:805][  0]LogUObjectGlobals: Created PersistentFrame Addr=0x0000026036226b70, Size=104, Default__OptionsMenu_C Function /Game/UI/MainMenu/OptionsMenu.OptionsMenu_C:ExecuteUbergraph_OptionsMenu
[2018.07.27-20.34.20:823][  0]LogUObjectGlobals: Created PersistentFrame Addr=0x0000026036249d00, Size=608, Default__ServerMenu_C Function /Game/UI/MainMenu/ServerMenu.ServerMenu_C:ExecuteUbergraph_ServerMenu
[2018.07.27-20.34.20:952][  0]LogUObjectGlobals: Destroyed PersistentFrame Addr=0x0000026035745a80, Size=632
[2018.07.27-20.34.20:952][  0]LogUObjectGlobals: Created PersistentFrame Addr=0x0000026036115d00, Size=632, Default__GameInfoInstance_C Function /Engine/Transient.REINST_GameInfoInstance_C_2:ExecuteUbergraph_GameInfoInstance
[2018.07.27-20.34.20:953][  0]LogUObjectGlobals: Destroyed PersistentFrame Addr=0x0000026043701648, Size=40
[2018.07.27-20.34.20:953][  0]LogUObjectGlobals: Created PersistentFrame Addr=0x0000026036151f58, Size=40, Default__ErrorDialog_C Function /Engine/Transient.REINST_ErrorDialog_C_0:ExecuteUbergraph_ErrorDialog
[2018.07.27-20.34.20:954][  0]LogUObjectGlobals: Destroyed PersistentFrame Addr=0x000002603579db40, Size=96
[2018.07.27-20.34.20:954][  0]LogUObjectGlobals: Created PersistentFrame Addr=0x00000260366c3e80, Size=96, Default__HostMenu_C Function /Engine/Transient.REINST_HostMenu_C_1:ExecuteUbergraph_HostMenu
[2018.07.27-20.34.20:955][  0]LogUObjectGlobals: Destroyed PersistentFrame Addr=0x000002603623ad40, Size=64
[2018.07.27-20.34.20:955][  0]LogUObjectGlobals: Created PersistentFrame Addr=0x0000026036594dc0, Size=64, Default__MainMenu_C Function /Engine/Transient.REINST_MainMenu_C_3:ExecuteUbergraph_MainMenu
[2018.07.27-20.34.20:956][  0]LogUObjectGlobals: Destroyed PersistentFrame Addr=0x0000026036226b70, Size=104
[2018.07.27-20.34.20:956][  0]LogUObjectGlobals: Created PersistentFrame Addr=0x00000260365741e0, Size=104, Default__OptionsMenu_C Function /Engine/Transient.REINST_OptionsMenu_C_4:ExecuteUbergraph_OptionsMenu
[2018.07.27-20.34.20:958][  0]LogUObjectGlobals: Destroyed PersistentFrame Addr=0x0000026036249d00, Size=608
[2018.07.27-20.34.20:958][  0]LogUObjectGlobals: Created PersistentFrame Addr=0x0000026036115800, Size=608, Default__ServerMenu_C Function /Engine/Transient.REINST_ServerMenu_C_5:ExecuteUbergraph_ServerMenu
[2018.07.27-20.34.21:074][  0]LogUObjectGlobals: Created PersistentFrame Addr=0x000002603466e700, Size=632, Default__GameInfoInstance_C Function /Game/Blueprints/AllLevels/GameInfoInstance.GameInfoInstance_C:ExecuteUbergraph_GameInfoInstance
[2018.07.27-20.34.21:079][  0]LogUObjectGlobals: Created PersistentFrame Addr=0x0000026036152840, Size=40, Default__ErrorDialog_C Function /Game/UI/MainMenu/ErrorDialog.ErrorDialog_C:ExecuteUbergraph_ErrorDialog
[2018.07.27-20.34.21:085][  0]LogUObjectGlobals: Created PersistentFrame Addr=0x0000026034740c40, Size=96, Default__HostMenu_C Function /Game/UI/MainMenu/HostMenu.HostMenu_C:ExecuteUbergraph_HostMenu
[2018.07.27-20.34.21:089][  0]LogUObjectGlobals: Created PersistentFrame Addr=0x0000026034607f58, Size=56, Default__MainMenu_C Function /Game/UI/MainMenu/MainMenu.MainMenu_C:ExecuteUbergraph_MainMenu
[2018.07.27-20.34.21:097][  0]LogUObjectGlobals: Created PersistentFrame Addr=0x00000260345e50c0, Size=104, Default__OptionsMenu_C Function /Game/UI/MainMenu/OptionsMenu.OptionsMenu_C:ExecuteUbergraph_OptionsMenu
[2018.07.27-20.34.21:108][  0]LogUObjectGlobals: Created PersistentFrame Addr=0x000002603466cb80, Size=592, Default__ServerMenu_C Function /Game/UI/MainMenu/ServerMenu.ServerMenu_C:ExecuteUbergraph_ServerMenu
[2018.07.27-20.34.21:195][  0]LogInit: Display: Game Engine Initialized.
[2018.07.27-20.34.21:195][  0]LogGameplayTags: Display: UGameplayTagsManager::DoneAddingNativeTags. DelegateIsBound: 0
[2018.07.27-20.34.21:195][  0]LogStats: UGameplayTagsManager::ConstructGameplayTagTree: Construct from data asset -  0.000 s
[2018.07.27-20.34.21:195][  0]LogStats: UGameplayTagsManager::ConstructGameplayTagTree: GameplayTagTreeChangedEvent.Broadcast -  0.000 s
[2018.07.27-20.34.22:278][  0]LogInit: Display: Starting Game.
[2018.07.27-20.34.22:278][  0]LogNet: Browse: 127.0.0.1:17777//Game/Maps/MainMenu?Name=Player
[2018.07.27-20.34.22:279][  0]LogOnline: Warning: STEAM: Steam API disabled!
[2018.07.27-20.34.22:279][  0]LogOnline: Display: STEAM: OnlineSubsystemSteam::Shutdown()
[2018.07.27-20.34.22:279][  0]LogTemp: Display: ParseSettings for GameNetDriver
[2018.07.27-20.34.22:279][  0]LogTemp: Display: ParseSettings for IpNetDriver_0
[2018.07.27-20.34.22:279][  0]LogTemp: Display: ParseSettings for PendingNetDriver
[2018.07.27-20.34.22:282][  0]LogInit: WinSock: Socket queue 32768 / 32768
[2018.07.27-20.34.22:285][  0]PacketHandlerLog: Loaded PacketHandler component: Engine.EngineHandlerComponentFactory (StatelessConnectHandlerComponent)
[2018.07.27-20.34.22:285][  0]LogNet: Game client on port 17777, rate 10000
[2018.07.27-20.34.23:781][  0]LogLoad: (Engine Initialization) Total time: 26.44 seconds
[2018.07.27-20.34.23:781][  0]LogLoad: (Engine Initialization) Total Blueprint compile time: 0.00 seconds
[2018.07.27-20.34.23:807][  0]LogContentStreaming: Texture pool size now 1000 MB
[2018.07.27-20.34.27:023][168]LogHandshake: SendChallengeResponse. Timestamp: 0.016131, Cookie: 204202064160013238115028191082120062120010045085005067017109
[2018.07.27-20.34.27:223][180]LogNetVersion: FPBG 1.0.0.0, NetCL: 3944462, EngineNetVer: 2, GameNetVer: 0 (Checksum: 272724767)
[2018.07.27-20.34.27:223][180]LogNet: UPendingNetGame::SendInitialJoin: Sending hello. [UNetConnection] RemoteAddr: 127.0.0.1:17777, Name: IpConnection_0, Driver: PendingNetDriver IpNetDriver_0, IsServer: NO, PC: NULL, Owner: NULL, UniqueId: INVALID
[2018.07.27-20.34.27:425][182]LogNet: Welcomed by server (Level: /Game/Maps/MainMenu, Game: /Game/FirstPersonBP/Blueprints/FirstPersonGameMode.FirstPersonGameMode_C)
[2018.07.27-20.34.27:427][182]LogLoad: LoadMap: 127.0.0.1:17777//Game/Maps/MainMenu?Name=Player?game=/Game/FirstPersonBP/Blueprints/FirstPersonGameMode.FirstPersonGameMode_C
[2018.07.27-20.34.27:462][182]LogUObjectGlobals: Destroyed PersistentFrame Addr=0x0000026036115d00, Size=632
[2018.07.27-20.34.27:462][182]LogUObjectGlobals: Destroyed PersistentFrame Addr=0x0000026036151f58, Size=40
[2018.07.27-20.34.27:462][182]LogUObjectGlobals: Destroyed PersistentFrame Addr=0x00000260366c3e80, Size=96
[2018.07.27-20.34.27:463][182]LogUObjectGlobals: Destroyed PersistentFrame Addr=0x0000026036594dc0, Size=64
[2018.07.27-20.34.27:463][182]LogUObjectGlobals: Destroyed PersistentFrame Addr=0x00000260365741e0, Size=104
[2018.07.27-20.34.27:463][182]LogUObjectGlobals: Destroyed PersistentFrame Addr=0x0000026036115800, Size=608
[2018.07.27-20.34.27:471][182]LogUObjectGlobals: Created PersistentFrame Addr=0x0000026034630e40, Size=32, Default__MainMenu_C Function /Game/Maps/MainMenu.MainMenu_C:ExecuteUbergraph_MainMenu
[2018.07.27-20.34.27:474][182]LogUObjectGlobals: Destroyed PersistentFrame Addr=0x0000026034630e40, Size=32
[2018.07.27-20.34.27:474][182]LogUObjectGlobals: Created PersistentFrame Addr=0x0000026034630e40, Size=32, Default__MainMenu_C Function /Engine/Transient.REINST_MainMenu_C_13:ExecuteUbergraph_MainMenu
[2018.07.27-20.34.27:477][182]LogUObjectGlobals: Created PersistentFrame Addr=0x0000026034631c20, Size=32, Default__MainMenu_C Function /Game/Maps/MainMenu.MainMenu_C:ExecuteUbergraph_MainMenu
[2018.07.27-20.34.27:506][182]LogAIModule: Creating AISystem for world MainMenu
[2018.07.27-20.34.27:506][182]LogTemp: Display: ParseSettings for GameNetDriver
[2018.07.27-20.34.27:508][182]LogWorld: Bringing World /Game/Maps/MainMenu.MainMenu up for play (max tick rate 0) at 2018.07.27-21.34.27
[2018.07.27-20.34.27:509][182]LogWorld: Bringing up level for play took: 0.000955
[2018.07.27-20.34.27:511][182]LogLoad: Took 0.084256 seconds to LoadMap(/Game/Maps/MainMenu)
[2018.07.27-20.34.27:732][183]LogRenderer: Reallocating scene render targets to support 640x480 Format 10 NumSamples 1 (Frame:1).
[2018.07.27-20.34.27:800][183]LogUObjectGlobals: Created PersistentFrame Addr=0x00000260346041e0, Size=52, Default__FirstPersonHUD_C Function /Game/FirstPersonBP/Blueprints/FirstPersonHUD.FirstPersonHUD_C:ExecuteUbergraph_FirstPersonHUD
[2018.07.27-20.34.27:811][183]LogUObjectGlobals: Destroyed PersistentFrame Addr=0x00000260346041e0, Size=52
[2018.07.27-20.34.27:811][183]LogUObjectGlobals: Created PersistentFrame Addr=0x00000260346041e0, Size=52, Default__FirstPersonHUD_C Function /Engine/Transient.REINST_FirstPersonHUD_C_15:ExecuteUbergraph_FirstPersonHUD
[2018.07.27-20.34.27:816][183]LogUObjectGlobals: Created PersistentFrame Addr=0x00000260365859f0, Size=52, Default__FirstPersonHUD_C Function /Game/FirstPersonBP/Blueprints/FirstPersonHUD.FirstPersonHUD_C:ExecuteUbergraph_FirstPersonHUD
[2018.07.27-20.34.27:867][183]LogUObjectGlobals: Created PersistentFrame Addr=0x000002603473a800, Size=688, Default__FirstPersonCharacter_C Function /Game/FirstPersonBP/Blueprints/FirstPersonCharacter.FirstPersonCharacter_C:ExecuteUbergraph_FirstPersonCharacter
[2018.07.27-20.34.27:873][183]LogUObjectGlobals: Created PersistentFrame Addr=0x0000026034610e00, Size=256, Default__FirstPersonProjectile_C Function /Game/FirstPersonBP/Blueprints/FirstPersonProjectile.FirstPersonProjectile_C:ExecuteUbergraph_FirstPersonProjectile
[2018.07.27-20.34.27:906][183]LogUObjectGlobals: Created PersistentFrame Addr=0x000002603471eb10, Size=72, Default__FirstPerson_AnimBP_C Function /Game/FirstPerson/Animations/FirstPerson_AnimBP.FirstPerson_AnimBP_C:ExecuteUbergraph_FirstPerson_AnimBP
[2018.07.27-20.34.27:983][183]LogUObjectGlobals: Destroyed PersistentFrame Addr=0x000002603471eb10, Size=72
[2018.07.27-20.34.27:984][183]LogUObjectGlobals: Created PersistentFrame Addr=0x0000026036598e00, Size=72, Default__FirstPerson_AnimBP_C Function /Engine/Transient.REINST_FirstPerson_AnimBP_C_0:ExecuteUbergraph_FirstPerson_AnimBP
[2018.07.27-20.34.27:985][183]LogUObjectGlobals: Destroyed PersistentFrame Addr=0x0000026034610e00, Size=256
[2018.07.27-20.34.27:985][183]LogUObjectGlobals: Created PersistentFrame Addr=0x0000026034610e00, Size=256, Default__FirstPersonProjectile_C Function /Engine/Transient.REINST_FirstPersonProjectile_C_17:ExecuteUbergraph_FirstPersonProjectile
[2018.07.27-20.34.27:986][183]LogUObjectGlobals: Destroyed PersistentFrame Addr=0x000002603473a800, Size=688
[2018.07.27-20.34.27:987][183]LogUObjectGlobals: Created PersistentFrame Addr=0x000002603e55c400, Size=688, Default__FirstPersonCharacter_C Function /Engine/Transient.REINST_FirstPersonCharacter_C_18:ExecuteUbergraph_FirstPersonCharacter
[2018.07.27-20.34.28:032][183]LogUObjectGlobals: Created PersistentFrame Addr=0x0000026034aa61c0, Size=64, Default__FirstPerson_AnimBP_C Function /Game/FirstPerson/Animations/FirstPerson_AnimBP.FirstPerson_AnimBP_C:ExecuteUbergraph_FirstPerson_AnimBP
[2018.07.27-20.34.28:035][183]LogUObjectGlobals: Created PersistentFrame Addr=0x0000026034670900, Size=256, Default__FirstPersonProjectile_C Function /Game/FirstPersonBP/Blueprints/FirstPersonProjectile.FirstPersonProjectile_C:ExecuteUbergraph_FirstPersonProjectile
[2018.07.27-20.34.28:044][183]LogUObjectGlobals: Created PersistentFrame Addr=0x0000026034ab5c00, Size=688, Default__FirstPersonCharacter_C Function /Game/FirstPersonBP/Blueprints/FirstPersonCharacter.FirstPersonCharacter_C:ExecuteUbergraph_FirstPersonCharacter
[2018.07.27-20.34.28:375][183]LogSkeletalMesh: Skeletal Mesh found in DDC [8.421675ms] /Game/FirstPerson/FPWeapon/Mesh/SK_FPGun.SK_FPGun
[2018.07.27-20.34.28:395][183]LogSkeletalMesh: Skeletal Mesh found in DDC [16.676956ms] /Game/FirstPerson/Character/Mesh/SK_Mannequin_Arms.SK_Mannequin_Arms
[2018.07.27-20.34.28:408][183]LogOnline: Warning: OSS: No game present to join for session (GameSession)
[2018.07.27-20.34.28:431][183]LogOnline: Warning: OSS: No game present to join for session (GameSession)
[2018.07.27-20.34.28:431][183]LogOnline: Warning: OSS: No game present to join for session (GameSession)
[2018.07.27-20.35.28:567][976]LogUObjectGlobals: Destroyed PersistentFrame Addr=0x0000026036598e00, Size=72
[2018.07.27-20.35.28:568][976]LogUObjectGlobals: Destroyed PersistentFrame Addr=0x0000026034610e00, Size=256
[2018.07.27-20.35.28:568][976]LogUObjectGlobals: Destroyed PersistentFrame Addr=0x000002603e55c400, Size=688
[2018.07.27-20.35.28:568][976]LogUObjectGlobals: Destroyed PersistentFrame Addr=0x00000260346041e0, Size=52
[2018.07.27-20.35.28:568][976]LogUObjectGlobals: Destroyed PersistentFrame Addr=0x0000026034630e40, Size=32
[2018.07.27-20.35.31:060][126]LogOnline: Warning: OSS: No game present to leave for session (GameSession)
[2018.07.27-20.36.00:303][488]LogNet: Warning: Network Failure: GameNetDriver[FailureReceived]: Host closed the connection.
[2018.07.27-20.36.00:303][488]LogNet: NetworkFailure: FailureReceived, Error: 'Host closed the connection.'
[2018.07.27-20.36.00:305][488]LogNet: UNetConnection::Close: [UNetConnection] RemoteAddr: 127.0.0.1:17777, Name: IpConnection_0, Driver: GameNetDriver IpNetDriver_0, IsServer: NO, PC: PlayerController_1, Owner: PlayerController_1, UniqueId: Q6600-2F9016E44001AC90C59F0D8F8E045332, Channels: 10, Time: 2018.07.27-20.36.00
[2018.07.27-20.36.00:305][488]LogNet: UChannel::Close: Sending CloseBunch. ChIndex == 0. Name: [UChannel] ChIndex: 0, Closing: 0 [UNetConnection] RemoteAddr: 127.0.0.1:17777, Name: IpConnection_0, Driver: GameNetDriver IpNetDriver_0, IsServer: NO, PC: PlayerController_1, Owner: PlayerController_1, UniqueId: Q6600-2F9016E44001AC90C59F0D8F8E045332
[2018.07.27-20.36.00:306][488]LogNet: Warning: Network Failure: GameNetDriver[ConnectionLost]: Your connection to the host has been lost.
[2018.07.27-20.36.00:306][488]LogNet: NetworkFailure: ConnectionLost, Error: 'Your connection to the host has been lost.'
[2018.07.27-20.36.00:330][489]LogNet: Browse: /Game/Maps/MainMenu?closed
[2018.07.27-20.36.00:330][489]LogNet: Failed; returning to Entry
[2018.07.27-20.36.00:354][489]LogLoad: LoadMap: /Game/Maps/MainMenu?closed
[2018.07.27-20.36.00:355][489]LogNet: World NetDriver shutdown IpNetDriver_0 [GameNetDriver]
[2018.07.27-20.36.00:355][489]LogNet: DestroyNamedNetDriver IpNetDriver_0 [GameNetDriver]
[2018.07.27-20.36.00:355][489]LogExit: GameNetDriver IpNetDriver_0 shut down
[2018.07.27-20.36.00:418][489]LogUObjectGlobals: Destroyed PersistentFrame Addr=0x00000260365859f0, Size=52
[2018.07.27-20.36.00:422][489]LogUObjectGlobals: Destroyed PersistentFrame Addr=0x0000026034631c20, Size=32
[2018.07.27-20.36.00:424][489]LogUObjectGlobals: Destroyed PersistentFrame Addr=0x0000026034aa61c0, Size=64
[2018.07.27-20.36.00:424][489]LogUObjectGlobals: Destroyed PersistentFrame Addr=0x0000026034670900, Size=256
[2018.07.27-20.36.00:424][489]LogUObjectGlobals: Destroyed PersistentFrame Addr=0x0000026034ab5c00, Size=688
[2018.07.27-20.36.00:441][489]LogUObjectGlobals: Created PersistentFrame Addr=0x00000260346a48e0, Size=32, Default__MainMenu_C Function /Game/Maps/MainMenu.MainMenu_C:ExecuteUbergraph_MainMenu
[2018.07.27-20.36.00:444][489]LogUObjectGlobals: Destroyed PersistentFrame Addr=0x00000260346a48e0, Size=32
[2018.07.27-20.36.00:444][489]LogUObjectGlobals: Created PersistentFrame Addr=0x00000260346a48e0, Size=32, Default__MainMenu_C Function /Engine/Transient.REINST_MainMenu_C_24:ExecuteUbergraph_MainMenu
[2018.07.27-20.36.00:446][489]LogUObjectGlobals: Created PersistentFrame Addr=0x00000260346a4d00, Size=32, Default__MainMenu_C Function /Game/Maps/MainMenu.MainMenu_C:ExecuteUbergraph_MainMenu
[2018.07.27-20.36.00:453][489]LogAIModule: Creating AISystem for world MainMenu
[2018.07.27-20.36.00:508][489]LogUObjectGlobals: Created PersistentFrame Addr=0x0000026053717700, Size=688, Default__FirstPersonCharacter_C Function /Game/FirstPersonBP/Blueprints/FirstPersonCharacter.FirstPersonCharacter_C:ExecuteUbergraph_FirstPersonCharacter
[2018.07.27-20.36.00:514][489]LogUObjectGlobals: Created PersistentFrame Addr=0x000002603479a700, Size=256, Default__FirstPersonProjectile_C Function /Game/FirstPersonBP/Blueprints/FirstPersonProjectile.FirstPersonProjectile_C:ExecuteUbergraph_FirstPersonProjectile
[2018.07.27-20.36.00:546][489]LogUObjectGlobals: Created PersistentFrame Addr=0x000002603675b6f0, Size=72, Default__FirstPerson_AnimBP_C Function /Game/FirstPerson/Animations/FirstPerson_AnimBP.FirstPerson_AnimBP_C:ExecuteUbergraph_FirstPerson_AnimBP
[2018.07.27-20.36.00:621][489]LogUObjectGlobals: Created PersistentFrame Addr=0x0000026034af7af8, Size=52, Default__FirstPersonHUD_C Function /Game/FirstPersonBP/Blueprints/FirstPersonHUD.FirstPersonHUD_C:ExecuteUbergraph_FirstPersonHUD
[2018.07.27-20.36.00:645][489]LogUObjectGlobals: Destroyed PersistentFrame Addr=0x000002603675b6f0, Size=72
[2018.07.27-20.36.00:645][489]LogUObjectGlobals: Created PersistentFrame Addr=0x0000026036149620, Size=72, Default__FirstPerson_AnimBP_C Function /Engine/Transient.REINST_FirstPerson_AnimBP_C_1:ExecuteUbergraph_FirstPerson_AnimBP
[2018.07.27-20.36.00:646][489]LogUObjectGlobals: Destroyed PersistentFrame Addr=0x000002603479a700, Size=256
[2018.07.27-20.36.00:646][489]LogUObjectGlobals: Created PersistentFrame Addr=0x000002603467f300, Size=256, Default__FirstPersonProjectile_C Function /Engine/Transient.REINST_FirstPersonProjectile_C_26:ExecuteUbergraph_FirstPersonProjectile
[2018.07.27-20.36.00:646][489]LogUObjectGlobals: Destroyed PersistentFrame Addr=0x0000026034af7af8, Size=52
[2018.07.27-20.36.00:647][489]LogUObjectGlobals: Created PersistentFrame Addr=0x0000026034af7af8, Size=52, Default__FirstPersonHUD_C Function /Engine/Transient.REINST_FirstPersonHUD_C_27:ExecuteUbergraph_FirstPersonHUD
[2018.07.27-20.36.00:648][489]LogUObjectGlobals: Destroyed PersistentFrame Addr=0x0000026053717700, Size=688
[2018.07.27-20.36.00:648][489]LogUObjectGlobals: Created PersistentFrame Addr=0x00000260345eb700, Size=688, Default__FirstPersonCharacter_C Function /Engine/Transient.REINST_FirstPersonCharacter_C_28:ExecuteUbergraph_FirstPersonCharacter
[2018.07.27-20.36.00:698][489]LogUObjectGlobals: Created PersistentFrame Addr=0x0000026033212b40, Size=64, Default__FirstPerson_AnimBP_C Function /Game/FirstPerson/Animations/FirstPerson_AnimBP.FirstPerson_AnimBP_C:ExecuteUbergraph_FirstPerson_AnimBP
[2018.07.27-20.36.00:703][489]LogUObjectGlobals: Created PersistentFrame Addr=0x0000026036579300, Size=256, Default__FirstPersonProjectile_C Function /Game/FirstPersonBP/Blueprints/FirstPersonProjectile.FirstPersonProjectile_C:ExecuteUbergraph_FirstPersonProjectile
[2018.07.27-20.36.00:705][489]LogUObjectGlobals: Created PersistentFrame Addr=0x00000260365860b8, Size=52, Default__FirstPersonHUD_C Function /Game/FirstPersonBP/Blueprints/FirstPersonHUD.FirstPersonHUD_C:ExecuteUbergraph_FirstPersonHUD
[2018.07.27-20.36.00:710][489]LogUObjectGlobals: Created PersistentFrame Addr=0x000002605360d600, Size=688, Default__FirstPersonCharacter_C Function /Game/FirstPersonBP/Blueprints/FirstPersonCharacter.FirstPersonCharacter_C:ExecuteUbergraph_FirstPersonCharacter
[2018.07.27-20.36.01:004][489]LogSkeletalMesh: Skeletal Mesh found in DDC [8.752757ms] /Game/FirstPerson/FPWeapon/Mesh/SK_FPGun.SK_FPGun
[2018.07.27-20.36.01:023][489]LogSkeletalMesh: Skeletal Mesh found in DDC [15.890210ms] /Game/FirstPerson/Character/Mesh/SK_Mannequin_Arms.SK_Mannequin_Arms
[2018.07.27-20.36.01:032][489]LogLoad: Game class is 'FirstPersonGameMode_C'
[2018.07.27-20.36.01:035][489]LogWorld: Bringing World /Game/Maps/MainMenu.MainMenu up for play (max tick rate 0) at 2018.07.27-21.36.01
[2018.07.27-20.36.01:036][489]LogWorld: Bringing up level for play took: 0.001881
[2018.07.27-20.36.01:038][489]LogGameMode: FindPlayerStart: PATHS NOT DEFINED or NO PLAYERSTART with positive rating
[2018.07.27-20.36.01:045][489]LogLoad: Took 0.691365 seconds to LoadMap(/Game/Maps/MainMenu)
[2018.07.27-20.36.01:079][489]LogUObjectGlobals: Destroyed PersistentFrame Addr=0x0000026034af7af8, Size=52
[2018.07.27-20.36.01:079][489]LogUObjectGlobals: Destroyed PersistentFrame Addr=0x0000026036149620, Size=72
[2018.07.27-20.36.01:079][489]LogUObjectGlobals: Destroyed PersistentFrame Addr=0x000002603467f300, Size=256
[2018.07.27-20.36.01:079][489]LogUObjectGlobals: Destroyed PersistentFrame Addr=0x00000260345eb700, Size=688
[2018.07.27-20.36.01:079][489]LogUObjectGlobals: Destroyed PersistentFrame Addr=0x00000260346a48e0, Size=32
[2018.07.27-20.38.34:169][202]LogSlate: Window 'FPBG (64-bit, PCD3D_SM5) ' being destroyed
[2018.07.27-20.38.34:170][202]LogWindowsTextInputMethodSystem: Display: IME system now deactivated.
[2018.07.27-20.38.34:174][202]LogEngine: All Windows Closed
[2018.07.27-20.38.34:175][202]LogWindows: FPlatformMisc::RequestExit(0)
[2018.07.27-20.38.34:748][203]LogSlate: Slate User Destroyed.  User Index 0, Is Virtual User: 0
[2018.07.27-20.38.34:749][203]LogExit: Preparing to exit.
[2018.07.27-20.38.34:749][203]LogMoviePlayer: Shutting down movie player
[2018.07.27-20.38.35:783][203]LogExit: Game engine shut down
[2018.07.27-20.38.35:811][203]LogUObjectGlobals: Destroyed PersistentFrame Addr=0x000002605360d600, Size=688
[2018.07.27-20.38.35:811][203]LogUObjectGlobals: Destroyed PersistentFrame Addr=0x00000260365860b8, Size=52
[2018.07.27-20.38.35:811][203]LogUObjectGlobals: Destroyed PersistentFrame Addr=0x0000026036579300, Size=256
[2018.07.27-20.38.35:811][203]LogUObjectGlobals: Destroyed PersistentFrame Addr=0x0000026033212b40, Size=64
[2018.07.27-20.38.35:811][203]LogUObjectGlobals: Destroyed PersistentFrame Addr=0x000002603466e700, Size=632
[2018.07.27-20.38.35:811][203]LogUObjectGlobals: Destroyed PersistentFrame Addr=0x0000026036152840, Size=40
[2018.07.27-20.38.35:811][203]LogUObjectGlobals: Destroyed PersistentFrame Addr=0x0000026034740c40, Size=96
[2018.07.27-20.38.35:812][203]LogUObjectGlobals: Destroyed PersistentFrame Addr=0x0000026034607f58, Size=56
[2018.07.27-20.38.35:812][203]LogUObjectGlobals: Destroyed PersistentFrame Addr=0x00000260345e50c0, Size=104
[2018.07.27-20.38.35:812][203]LogUObjectGlobals: Destroyed PersistentFrame Addr=0x000002603466cb80, Size=592
[2018.07.27-20.38.35:812][203]LogUObjectGlobals: Destroyed PersistentFrame Addr=0x00000260346a4d00, Size=32
[2018.07.27-20.38.35:958][203]LogExit: Object subsystem successfully closed.
[2018.07.27-20.38.35:973][203]LogShaderCompilers: Display: Shaders left to compile 0
[2018.07.27-20.38.35:979][203]LogD3D11RHI: Shutdown
[2018.07.27-20.38.35:979][203]LogD3D11RHI: CleanupD3DDevice
[2018.07.27-20.38.35:984][203]LogD3D11RHI: ~FD3D11DynamicRHI
[2018.07.27-20.38.35:999][203]LogModuleManager: Shutting down and abandoning module Voice (338)
[2018.07.27-20.38.35:999][203]LogModuleManager: Shutting down and abandoning module AIModule (334)
[2018.07.27-20.38.35:999][203]LogModuleManager: Shutting down and abandoning module GameplayDebugger (333)
[2018.07.27-20.38.35:999][203]LogModuleManager: Shutting down and abandoning module AITestSuite (331)
[2018.07.27-20.38.35:999][203]LogModuleManager: Shutting down and abandoning module SequenceRecorderSections (328)
[2018.07.27-20.38.36:000][203]LogModuleManager: Shutting down and abandoning module SequenceRecorder (326)
[2018.07.27-20.38.36:000][203]LogModuleManager: Shutting down and abandoning module AutomationController (324)
[2018.07.27-20.38.36:000][203]LogModuleManager: Shutting down and abandoning module AutomationWorker (322)
[2018.07.27-20.38.36:000][203]LogModuleManager: Shutting down and abandoning module WmfMediaFactory (320)
[2018.07.27-20.38.36:000][203]LogModuleManager: Shutting down and abandoning module OpenExrWrapper (318)
[2018.07.27-20.38.36:000][203]LogModuleManager: Shutting down and abandoning module ImgMediaFactory (316)
[2018.07.27-20.38.36:000][203]LogModuleManager: Shutting down and abandoning module AvfMediaFactory (314)
[2018.07.27-20.38.36:000][203]LogModuleManager: Shutting down and abandoning module CharacterAI (312)
[2018.07.27-20.38.36:000][203]LogModuleManager: Shutting down and abandoning module SessionServices (310)
[2018.07.27-20.38.36:000][203]LogModuleManager: Shutting down and abandoning module MovieSceneCapture (308)
[2018.07.27-20.38.36:000][203]LogModuleManager: Shutting down and abandoning module MovieSceneTracks (306)
[2018.07.27-20.38.36:000][203]LogModuleManager: Shutting down and abandoning module MovieScene (304)
[2018.07.27-20.38.36:000][203]LogModuleManager: Shutting down and abandoning module GeometryCache (302)
[2018.07.27-20.38.36:000][203]LogModuleManager: Shutting down and abandoning module GeometryCacheEd (301)
[2018.07.27-20.38.36:000][203]LogModuleManager: Shutting down and abandoning module StreamingPauseRendering (298)
[2018.07.27-20.38.36:000][203]LogModuleManager: Shutting down and abandoning module PortalServices (296)
[2018.07.27-20.38.36:000][203]LogModuleManager: Shutting down and abandoning module PortalRpc (294)
[2018.07.27-20.38.36:000][203]LogModuleManager: Shutting down and abandoning module MessagingRpc (292)
[2018.07.27-20.38.36:000][203]LogModuleManager: Shutting down and abandoning module ProfilerService (290)
[2018.07.27-20.38.36:020][203]LogModuleManager: Shutting down and abandoning module TaskGraph (288)
[2018.07.27-20.38.36:021][203]LogModuleManager: Shutting down and abandoning module SteamVRController (286)
[2018.07.27-20.38.36:021][203]LogModuleManager: Shutting down and abandoning module ProceduralMeshComponent (284)
[2018.07.27-20.38.36:021][203]LogModuleManager: Shutting down and abandoning module OculusInput (282)
[2018.07.27-20.38.36:021][203]LogModuleManager: Shutting down and abandoning module MobilePatchingUtils (280)
[2018.07.27-20.38.36:021][203]LogModuleManager: Shutting down and abandoning module CustomMeshComponent (278)
[2018.07.27-20.38.36:021][203]LogModuleManager: Shutting down and abandoning module CableComponent (276)
[2018.07.27-20.38.36:021][203]LogModuleManager: Shutting down and abandoning module AudioCapture (274)
[2018.07.27-20.38.36:021][203]LogModuleManager: Shutting down and abandoning module ArchVisCharacter (272)
[2018.07.27-20.38.36:021][203]LogModuleManager: Shutting down and abandoning module AndroidPermission (270)
[2018.07.27-20.38.36:021][203]LogModuleManager: Shutting down and abandoning module NUTUnrealEngine4 (268)
[2018.07.27-20.38.36:021][203]LogModuleManager: Shutting down and abandoning module NetcodeUnitTest (266)
[2018.07.27-20.38.36:021][203]LogModuleManager: Shutting down and abandoning module MediaCompositing (264)
[2018.07.27-20.38.36:021][203]LogModuleManager: Shutting down and abandoning module LinearTimecode (262)
[2018.07.27-20.38.36:021][203]LogModuleManager: Shutting down and abandoning module ImgMedia (260)
[2018.07.27-20.38.36:024][203]LogModuleManager: Shutting down and abandoning module HTML5Networking (258)
[2018.07.27-20.38.36:024][203]LogModuleManager: Shutting down and abandoning module DatasmithContent (256)
[2018.07.27-20.38.36:024][203]LogModuleManager: Shutting down and abandoning module CryptoKeysOpenSSL (254)
[2018.07.27-20.38.36:024][203]LogModuleManager: Shutting down and abandoning module CryptoKeys (252)
[2018.07.27-20.38.36:024][203]LogModuleManager: Shutting down and abandoning module VisualStudioSourceCodeAccess (250)
[2018.07.27-20.38.36:024][203]LogModuleManager: Shutting down and abandoning module HotReload (249)
[2018.07.27-20.38.36:025][203]LogModuleManager: Shutting down and abandoning module DirectoryWatcher (248)
[2018.07.27-20.38.36:025][203]LogModuleManager: Shutting down and abandoning module VisualStudioCodeSourceCodeAccess (244)
[2018.07.27-20.38.36:025][203]LogModuleManager: Shutting down and abandoning module UObjectPlugin (242)
[2018.07.27-20.38.36:025][203]LogModuleManager: Shutting down and abandoning module SubversionSourceControl (240)
[2018.07.27-20.38.36:025][203]LogModuleManager: Shutting down and abandoning module PerforceSourceControl (238)
[2018.07.27-20.38.36:025][203]LogModuleManager: Shutting down and abandoning module SourceControl (237)
[2018.07.27-20.38.36:025][203]LogModuleManager: Shutting down and abandoning module CLionSourceCodeAccess (234)
[2018.07.27-20.38.36:025][203]LogModuleManager: Shutting down and abandoning module RuntimePhysXCooking (232)
[2018.07.27-20.38.36:025][203]LogModuleManager: Shutting down and abandoning module PhysXVehiclesEditor (230)
[2018.07.27-20.38.36:025][203]LogModuleManager: Shutting down and abandoning module PhysXVehicles (228)
[2018.07.27-20.38.36:025][203]LogModuleManager: Shutting down and abandoning module LocationServicesBPLibrary (226)
[2018.07.27-20.38.36:025][203]LogModuleManager: Shutting down and abandoning module ImmediatePhysicsEditor (224)
[2018.07.27-20.38.36:025][203]LogModuleManager: Shutting down and abandoning module ImmediatePhysics (222)
[2018.07.27-20.38.36:025][203]LogModuleManager: Shutting down and abandoning module ActorSequence (220)
[2018.07.27-20.38.36:025][203]LogModuleManager: Shutting down and abandoning module UdpMessaging (218)
[2018.07.27-20.38.36:126][203]LogModuleManager: Shutting down and abandoning module TcpMessaging (216)
[2018.07.27-20.38.36:227][203]LogModuleManager: Shutting down and abandoning module GameplayTagsEditor (214)
[2018.07.27-20.38.36:227][203]LogModuleManager: Shutting down and abandoning module FacialAnimation (212)
[2018.07.27-20.38.36:227][203]LogModuleManager: Shutting down and abandoning module DataValidation (210)
[2018.07.27-20.38.36:227][203]LogModuleManager: Shutting down and abandoning module AssetManagerEditor (208)
[2018.07.27-20.38.36:227][203]LogModuleManager: Shutting down and abandoning module TreeMap (207)
[2018.07.27-20.38.36:227][203]LogModuleManager: Shutting down and abandoning module LightPropagationVolumeRuntime (204)
[2018.07.27-20.38.36:227][203]LogModuleManager: Shutting down and abandoning module LiveLink (202)
[2018.07.27-20.38.37:156][203]LogModuleManager: Shutting down and abandoning module Paper2D (200)
[2018.07.27-20.38.37:157][203]LogModuleManager: Shutting down and abandoning module PIEPreviewDeviceProfileSelector (198)
[2018.07.27-20.38.37:157][203]LogModuleManager: Shutting down and abandoning module WindowsMoviePlayer (196)
[2018.07.27-20.38.37:157][203]LogModuleManager: Shutting down and abandoning module WmfMedia (194)
[2018.07.27-20.38.37:158][203]LogModuleManager: Shutting down and abandoning module Media (193)
[2018.07.27-20.38.37:164][203]LogModuleManager: Shutting down and abandoning module PacketHandler (190)
[2018.07.27-20.38.37:164][203]LogModuleManager: Shutting down and abandoning module ClothingSystemEditor (188)
[2018.07.27-20.38.37:164][203]LogModuleManager: Shutting down and abandoning module ClothingSystemRuntime (186)
[2018.07.27-20.38.37:164][203]LogModuleManager: Shutting down and abandoning module MediaAssets (184)
[2018.07.27-20.38.37:164][203]LogModuleManager: Shutting down and abandoning module Overlay (182)
[2018.07.27-20.38.37:164][203]LogModuleManager: Shutting down and abandoning module OverlayEditor (181)
[2018.07.27-20.38.37:164][203]LogModuleManager: Shutting down and abandoning module VREditor (178)
[2018.07.27-20.38.37:164][203]LogModuleManager: Shutting down and abandoning module StringTableEditor (176)
[2018.07.27-20.38.37:164][203]LogModuleManager: Shutting down and abandoning module GameplayTasksEditor (174)
[2018.07.27-20.38.37:164][203]LogModuleManager: Shutting down and abandoning module BehaviorTreeEditor (172)
[2018.07.27-20.38.37:165][203]LogModuleManager: Shutting down and abandoning module FunctionalTesting (170)
[2018.07.27-20.38.37:165][203]LogModuleManager: Shutting down and abandoning module CollisionAnalyzer (168)
[2018.07.27-20.38.37:165][203]LogModuleManager: Shutting down and abandoning module WorkspaceMenuStructure (167)
[2018.07.27-20.38.37:165][203]LogModuleManager: Shutting down and abandoning module UMG (164)
[2018.07.27-20.38.37:165][203]LogModuleManager: Shutting down and abandoning module UMGEditor (163)
[2018.07.27-20.38.37:165][203]LogModuleManager: Shutting down and abandoning module Sequencer (162)
[2018.07.27-20.38.37:165][203]LogModuleManager: Shutting down and abandoning module MessageLog (159)
[2018.07.27-20.38.37:165][203]LogModuleManager: Shutting down and abandoning module SlateReflector (154)
[2018.07.27-20.38.37:165][203]LogModuleManager: Shutting down and abandoning module Slate (152)
[2018.07.27-20.38.37:165][203]LogModuleManager: Shutting down and abandoning module EditorStyle (150)
[2018.07.27-20.38.37:167][203]LogModuleManager: Shutting down and abandoning module MRMesh (148)
[2018.07.27-20.38.37:167][203]LogModuleManager: Shutting down and abandoning module Messaging (146)
[2018.07.27-20.38.37:167][203]LogModuleManager: Shutting down and abandoning module SourceCodeAccess (144)
[2018.07.27-20.38.37:167][203]LogModuleManager: Shutting down and abandoning module HeadMountedDisplay (142)
[2018.07.27-20.38.37:167][203]LogModuleManager: Shutting down and abandoning module XAudio2 (140)
[2018.07.27-20.38.37:167][203]LogModuleManager: Shutting down and abandoning module Networking (138)
[2018.07.27-20.38.37:167][203]LogModuleManager: Shutting down and abandoning module Core (136)
[2018.07.27-20.38.37:168][203]LogModuleManager: Shutting down and abandoning module LevelSequence (134)
[2018.07.27-20.38.37:168][203]LogModuleManager: Shutting down and abandoning module KismetCompiler (132)
[2018.07.27-20.38.37:168][203]LogModuleManager: Shutting down and abandoning module MeshUtilities (130)
[2018.07.27-20.38.37:168][203]LogModuleManager: Shutting down and abandoning module MeshMergeUtilities (129)
[2018.07.27-20.38.37:168][203]LogModuleManager: Shutting down and abandoning module MeshReductionInterface (128)
[2018.07.27-20.38.37:168][203]LogModuleManager: Shutting down and abandoning module SimplygonSwarm (127)
[2018.07.27-20.38.37:168][203]LogModuleManager: Shutting down and abandoning module SimplygonMeshReduction (125)
[2018.07.27-20.38.37:168][203]LogModuleManager: Shutting down and abandoning module QuadricMeshReduction (123)
[2018.07.27-20.38.37:168][203]LogModuleManager: Shutting down and abandoning module MaterialBaking (119)
[2018.07.27-20.38.37:168][203]LogModuleManager: Shutting down and abandoning module DerivedDataCache (114)
[2018.07.27-20.38.37:199][203]LogDerivedDataCache: Shutdown
[2018.07.27-20.38.37:199][203]LogModuleManager: Shutting down and abandoning module XGEController (112)
[2018.07.27-20.38.37:199][203]LogModuleManager: Shutting down and abandoning module TargetPlatform (110)
[2018.07.27-20.38.37:200][203]LogModuleManager: Shutting down and abandoning module VulkanShaderFormat (109)
[2018.07.27-20.38.37:200][203]LogModuleManager: Shutting down and abandoning module ShaderFormatVectorVM (107)
[2018.07.27-20.38.37:200][203]LogModuleManager: Shutting down and abandoning module ShaderFormatOpenGL (105)
[2018.07.27-20.38.37:200][203]LogModuleManager: Shutting down and abandoning module ShaderFormatD3D (103)
[2018.07.27-20.38.37:200][203]LogModuleManager: Shutting down and abandoning module MetalShaderFormat (101)
[2018.07.27-20.38.37:200][203]LogModuleManager: Shutting down and abandoning module TextureFormatUncompressed (99)
[2018.07.27-20.38.37:200][203]LogModuleManager: Shutting down and abandoning module TextureFormatPVR (97)
[2018.07.27-20.38.37:200][203]LogModuleManager: Shutting down and abandoning module TextureFormatDXT (95)
[2018.07.27-20.38.37:200][203]LogModuleManager: Shutting down and abandoning module TextureFormatIntelISPCTexComp (93)
[2018.07.27-20.38.37:200][203]LogModuleManager: Shutting down and abandoning module TextureFormatASTC (91)
[2018.07.27-20.38.37:200][203]LogModuleManager: Shutting down and abandoning module ImageWrapper (90)
[2018.07.27-20.38.37:200][203]LogModuleManager: Shutting down and abandoning module TextureFormatAndroid (87)
[2018.07.27-20.38.37:200][203]LogModuleManager: Shutting down and abandoning module AudioFormatOpus (85)
[2018.07.27-20.38.37:200][203]LogModuleManager: Shutting down and abandoning module AudioFormatOgg (83)
[2018.07.27-20.38.37:200][203]LogModuleManager: Shutting down and abandoning module AudioFormatADPCM (81)
[2018.07.27-20.38.37:200][203]LogModuleManager: Shutting down and abandoning module WindowsTargetPlatform (79)
[2018.07.27-20.38.37:200][203]LogModuleManager: Shutting down and abandoning module WindowsServerTargetPlatform (77)
[2018.07.27-20.38.37:200][203]LogModuleManager: Shutting down and abandoning module WindowsNoEditorTargetPlatform (75)
[2018.07.27-20.38.37:200][203]LogModuleManager: Shutting down and abandoning module WindowsClientTargetPlatform (73)
[2018.07.27-20.38.37:200][203]LogModuleManager: Shutting down and abandoning module InputCore (70)
[2018.07.27-20.38.37:200][203]LogModuleManager: Shutting down and abandoning module Settings (68)
[2018.07.27-20.38.37:200][203]LogModuleManager: Shutting down and abandoning module PhysXCooking (66)
[2018.07.27-20.38.37:200][203]LogModuleManager: Shutting down and abandoning module SteamVR (64)
[2018.07.27-20.38.37:200][203]LogModuleManager: Shutting down and abandoning module OculusHMD (62)
[2018.07.27-20.38.37:200][203]LogModuleManager: Shutting down and abandoning module ExampleDeviceProfileSelector (60)
[2018.07.27-20.38.37:200][203]LogModuleManager: Shutting down and abandoning module AppleARKit (58)
[2018.07.27-20.38.37:201][203]LogModuleManager: Shutting down and abandoning module AugmentedReality (57)
[2018.07.27-20.38.37:201][203]LogModuleManager: Shutting down and abandoning module OnlineBlueprintSupport (54)
[2018.07.27-20.38.37:201][203]LogModuleManager: Shutting down and abandoning module OnlineSubsystem (50)
[2018.07.27-20.38.37:201][203]LogOnline: Display: OSS: FOnlineSubsystemNull::Shutdown()
[2018.07.27-20.38.37:201][203]LogOnline: Display: OSS: FOnlineAsyncTaskManager::Stop() ActiveTask:0000000000000000 Tasks[0/0]
[2018.07.27-20.38.37:202][203]LogOnline: Display: OSS: FOnlineAsyncTaskManager::Exit() started
[2018.07.27-20.38.37:202][203]LogOnline: Display: OSS: FOnlineAsyncTaskManager::Exit() finished
[2018.07.27-20.38.37:202][203]LogModuleManager: Shutting down and abandoning module XMPP (43)
[2018.07.27-20.38.37:202][203]LogModuleManager: Shutting down and abandoning module HTTP (41)
[2018.07.27-20.38.37:208][203]LogModuleManager: Shutting down and abandoning module SSL (40)
[2018.07.27-20.38.37:210][203]LogModuleManager: Shutting down and abandoning module AnimationModifiers (36)
[2018.07.27-20.38.37:210][203]LogModuleManager: Shutting down and abandoning module PropertyEditor (35)
[2018.07.27-20.38.37:210][203]LogModuleManager: Shutting down and abandoning module AudioEditor (32)
[2018.07.27-20.38.37:210][203]LogModuleManager: Shutting down and abandoning module TextureCompressor (30)
[2018.07.27-20.38.37:211][203]LogModuleManager: Shutting down and abandoning module ShaderCore (28)
[2018.07.27-20.38.37:211][203]LogModuleManager: Shutting down and abandoning module Landscape (26)
[2018.07.27-20.38.37:211][203]LogModuleManager: Shutting down and abandoning module SlateRHIRenderer (24)
[2018.07.27-20.38.37:212][203]LogModuleManager: Shutting down and abandoning module OpenGLDrv (22)
[2018.07.27-20.38.37:212][203]LogModuleManager: Shutting down and abandoning module D3D11RHI (20)
[2018.07.27-20.38.37:212][203]LogModuleManager: Shutting down and abandoning module AnimGraphRuntime (18)
[2018.07.27-20.38.37:212][203]LogModuleManager: Shutting down and abandoning module Renderer (16)
[2018.07.27-20.38.37:212][203]LogModuleManager: Shutting down and abandoning module Engine (14)
[2018.07.27-20.38.37:212][203]LogModuleManager: Shutting down and abandoning module CoreUObject (12)
[2018.07.27-20.38.37:212][203]LogModuleManager: Shutting down and abandoning module NetworkFile (10)
[2018.07.27-20.38.37:212][203]LogModuleManager: Shutting down and abandoning module CookedIterativeFile (8)
[2018.07.27-20.38.37:212][203]LogModuleManager: Shutting down and abandoning module StreamingFile (6)
[2018.07.27-20.38.37:212][203]LogModuleManager: Shutting down and abandoning module SandboxFile (4)
[2018.07.27-20.38.37:212][203]LogModuleManager: Shutting down and abandoning module PakFile (2)
[2018.07.27-20.38.37:217][203]LogExit: Exiting.
[2018.07.27-20.38.37:304][203]Log file closed, 07/27/18 21:38:37
