Log file open, 07/21/18 11:56:10
LogWindows: Failed to load 'aqProf.dll' (GetLastError=126)
LogWindows: File 'aqProf.dll' does not exist
LogWindows: Failed to load 'VtuneApi.dll' (GetLastError=126)
LogWindows: File 'VtuneApi.dll' does not exist
LogWindows: Failed to load 'VtuneApi32e.dll' (GetLastError=126)
LogWindows: File 'VtuneApi32e.dll' does not exist
LogInit: Display: Running engine for game: FPBG
LogPlatformFile: Not using cached read wrapper
LogInit: Display: RandInit(1152936358) SRandInit(1152936358).
LogInit: Read version file with build ID '3944462'
LogInit: Overriding engine version to CL 4033788, compatible CL 3944462
LogInit: Registered custom module enumerator with build ID '3944462'
LogTaskGraph: Started task graph with 5 named threads and 14 total threads with 3 sets of task threads.
LogStats: Stats thread started at 0.268610
LogD3D11RHI: Aftermath initialized
LogICUInternationalization: Display: ICU TimeZone Detection - Raw Offset: +0:00, Platform Override: ''
LogModuleManager: Display: Found up-to-date module file ../../../Engine/Plugins/Online/OnlineSubsystemSteam/Binaries/Win64/UE4Editor-OnlineSubsystemSteam.dll (API version 3944462).
LogModuleManager: Display: Found up-to-date module file ../../../Engine/Plugins/Online/OnlineSubsystem/Binaries/Win64/UE4Editor-OnlineSubsystem.dll (API version 3944462).
LogModuleManager: Display: Found up-to-date module file ../../../Engine/Plugins/Online/OnlineSubsystemUtils/Binaries/Win64/UE4Editor-OnlineSubsystemUtils.dll (API version 3944462).
LogModuleManager: Display: Found up-to-date module file ../../../Engine/Plugins/Online/OnlineSubsystemUtils/Binaries/Win64/UE4Editor-OnlineBlueprintSupport.dll (API version 3944462).
LogModuleManager: Display: Found up-to-date module file ../../../Engine/Plugins/2D/Paper2D/Binaries/Win64/UE4Editor-Paper2D.dll (API version 3944462).
LogModuleManager: Display: Found up-to-date module file ../../../Engine/Plugins/2D/Paper2D/Binaries/Win64/UE4Editor-Paper2DEditor.dll (API version 3944462).
LogModuleManager: Display: Found up-to-date module file ../../../Engine/Plugins/2D/Paper2D/Binaries/Win64/UE4Editor-PaperSpriteSheetImporter.dll (API version 3944462).
LogModuleManager: Display: Found up-to-date module file ../../../Engine/Plugins/2D/Paper2D/Binaries/Win64/UE4Editor-PaperTiledImporter.dll (API version 3944462).
LogModuleManager: Display: Found up-to-date module file ../../../Engine/Plugins/2D/Paper2D/Binaries/Win64/UE4Editor-SmartSnapping.dll (API version 3944462).
LogModuleManager: Display: Found up-to-date module file ../../../Engine/Plugins/Blendables/LightPropagationVolume/Binaries/Win64/UE4Editor-LightPropagationVolumeRuntime.dll (API version 3944462).
LogModuleManager: Display: Found up-to-date module file ../../../Engine/Plugins/Blendables/LightPropagationVolume/Binaries/Win64/UE4Editor-LightPropagationVolumeEditor.dll (API version 3944462).
LogModuleManager: Display: Found up-to-date module file ../../../Engine/Plugins/Developer/CLionSourceCodeAccess/Binaries/Win64/UE4Editor-CLionSourceCodeAccess.dll (API version 3944462).
LogModuleManager: Display: Found up-to-date module file ../../../Engine/Plugins/Developer/GitSourceControl/Binaries/Win64/UE4Editor-GitSourceControl.dll (API version 3944462).
LogModuleManager: Display: Found up-to-date module file ../../../Engine/Plugins/Developer/PerforceSourceControl/Binaries/Win64/UE4Editor-PerforceSourceControl.dll (API version 3944462).
LogModuleManager: Display: Found up-to-date module file ../../../Engine/Plugins/Developer/SubversionSourceControl/Binaries/Win64/UE4Editor-SubversionSourceControl.dll (API version 3944462).
LogModuleManager: Display: Found up-to-date module file ../../../Engine/Plugins/Developer/UObjectPlugin/Binaries/Win64/UE4Editor-UObjectPlugin.dll (API version 3944462).
LogModuleManager: Display: Found up-to-date module file ../../../Engine/Plugins/Developer/VisualStudioCodeSourceCodeAccess/Binaries/Win64/UE4Editor-VisualStudioCodeSourceCodeAccess.dll (API version 3944462).
LogModuleManager: Display: Found up-to-date module file ../../../Engine/Plugins/Developer/VisualStudioSourceCodeAccess/Binaries/Win64/UE4Editor-VisualStudioSourceCodeAccess.dll (API version 3944462).
LogModuleManager: Display: Found up-to-date module file ../../../Engine/Plugins/Editor/AssetManagerEditor/Binaries/Win64/UE4Editor-AssetManagerEditor.dll (API version 3944462).
LogModuleManager: Display: Found up-to-date module file ../../../Engine/Plugins/Editor/CryptoKeys/Binaries/Win64/UE4Editor-CryptoKeys.dll (API version 3944462).
LogModuleManager: Display: Found up-to-date module file ../../../Engine/Plugins/Editor/CryptoKeys/Binaries/Win64/UE4Editor-CryptoKeysOpenSSL.dll (API version 3944462).
LogModuleManager: Display: Found up-to-date module file ../../../Engine/Plugins/Editor/DataValidation/Binaries/Win64/UE4Editor-DataValidation.dll (API version 3944462).
LogModuleManager: Display: Found up-to-date module file ../../../Engine/Plugins/Editor/FacialAnimation/Binaries/Win64/UE4Editor-FacialAnimation.dll (API version 3944462).
LogModuleManager: Display: Found up-to-date module file ../../../Engine/Plugins/Editor/FacialAnimation/Binaries/Win64/UE4Editor-FacialAnimationEditor.dll (API version 3944462).
LogModuleManager: Display: Found up-to-date module file ../../../Engine/Plugins/Editor/GameplayTagsEditor/Binaries/Win64/UE4Editor-GameplayTagsEditor.dll (API version 3944462).
LogModuleManager: Display: Found up-to-date module file ../../../Engine/Plugins/Editor/MobileLauncherProfileWizard/Binaries/Win64/UE4Editor-MobileLauncherProfileWizard.dll (API version 3944462).
LogModuleManager: Display: Found up-to-date module file ../../../Engine/Plugins/Editor/PluginBrowser/Binaries/Win64/UE4Editor-PluginBrowser.dll (API version 3944462).
LogModuleManager: Display: Found up-to-date module file ../../../Engine/Plugins/Editor/SpeedTreeImporter/Binaries/Win64/UE4Editor-SpeedTreeImporter.dll (API version 3944462).
LogModuleManager: Display: Found up-to-date module file ../../../Engine/Plugins/Enterprise/DatasmithContent/Binaries/Win64/UE4Editor-DatasmithContent.dll (API version 3944462).
LogModuleManager: Display: Found up-to-date module file ../../../Engine/Plugins/Experimental/AlembicImporter/Binaries/Win64/UE4Editor-AlembicImporter.dll (API version 3944462).
LogModuleManager: Display: Found up-to-date module file ../../../Engine/Plugins/Experimental/AlembicImporter/Binaries/Win64/UE4Editor-AlembicLibrary.dll (API version 3944462).
LogModuleManager: Display: Found up-to-date module file ../../../Engine/Plugins/Experimental/CharacterAI/Binaries/Win64/UE4Editor-CharacterAI.dll (API version 3944462).
LogModuleManager: Display: Found up-to-date module file ../../../Engine/Plugins/Experimental/HTML5Networking/Binaries/Win64/UE4Editor-HTML5Networking.dll (API version 3944462).
LogModuleManager: Display: Found up-to-date module file ../../../Engine/Plugins/Media/AndroidMedia/Binaries/Win64/UE4Editor-AndroidMediaEditor.dll (API version 3944462).
LogModuleManager: Display: Found up-to-date module file ../../../Engine/Plugins/Media/AndroidMedia/Binaries/Win64/UE4Editor-AndroidMediaFactory.dll (API version 3944462).
LogModuleManager: Display: Found up-to-date module file ../../../Engine/Plugins/Media/AvfMedia/Binaries/Win64/UE4Editor-AvfMediaEditor.dll (API version 3944462).
LogModuleManager: Display: Found up-to-date module file ../../../Engine/Plugins/Media/AvfMedia/Binaries/Win64/UE4Editor-AvfMediaFactory.dll (API version 3944462).
LogModuleManager: Display: Found up-to-date module file ../../../Engine/Plugins/Media/AvfMedia/Binaries/Win64/UE4Editor-AvfMediaFactory.dll (API version 3944462).
LogModuleManager: Display: Found up-to-date module file ../../../Engine/Plugins/Media/ImgMedia/Binaries/Win64/UE4Editor-ImgMedia.dll (API version 3944462).
LogModuleManager: Display: Found up-to-date module file ../../../Engine/Plugins/Media/ImgMedia/Binaries/Win64/UE4Editor-ImgMediaEditor.dll (API version 3944462).
LogModuleManager: Display: Found up-to-date module file ../../../Engine/Plugins/Media/ImgMedia/Binaries/Win64/UE4Editor-ImgMediaFactory.dll (API version 3944462).
LogModuleManager: Display: Found up-to-date module file ../../../Engine/Plugins/Media/ImgMedia/Binaries/Win64/UE4Editor-ImgMediaFactory.dll (API version 3944462).
LogModuleManager: Display: Found up-to-date module file ../../../Engine/Plugins/Media/ImgMedia/Binaries/Win64/UE4Editor-OpenExrWrapper.dll (API version 3944462).
LogModuleManager: Display: Found up-to-date module file ../../../Engine/Plugins/Media/LinearTimecode/Binaries/Win64/UE4Editor-LinearTimecode.dll (API version 3944462).
LogModuleManager: Display: Found up-to-date module file ../../../Engine/Plugins/Media/MediaCompositing/Binaries/Win64/UE4Editor-MediaCompositing.dll (API version 3944462).
LogModuleManager: Display: Found up-to-date module file ../../../Engine/Plugins/Media/MediaCompositing/Binaries/Win64/UE4Editor-MediaCompositingEditor.dll (API version 3944462).
LogModuleManager: Display: Found up-to-date module file ../../../Engine/Plugins/Media/MediaPlayerEditor/Binaries/Win64/UE4Editor-MediaPlayerEditor.dll (API version 3944462).
LogModuleManager: Display: Found up-to-date module file ../../../Engine/Plugins/Media/WmfMedia/Binaries/Win64/UE4Editor-WmfMedia.dll (API version 3944462).
LogModuleManager: Display: Found up-to-date module file ../../../Engine/Plugins/Media/WmfMedia/Binaries/Win64/UE4Editor-WmfMediaEditor.dll (API version 3944462).
LogModuleManager: Display: Found up-to-date module file ../../../Engine/Plugins/Media/WmfMedia/Binaries/Win64/UE4Editor-WmfMediaFactory.dll (API version 3944462).
LogModuleManager: Display: Found up-to-date module file ../../../Engine/Plugins/Media/WmfMedia/Binaries/Win64/UE4Editor-WmfMediaFactory.dll (API version 3944462).
LogModuleManager: Display: Found up-to-date module file ../../../Engine/Plugins/Messaging/TcpMessaging/Binaries/Win64/UE4Editor-TcpMessaging.dll (API version 3944462).
LogModuleManager: Display: Found up-to-date module file ../../../Engine/Plugins/Messaging/UdpMessaging/Binaries/Win64/UE4Editor-UdpMessaging.dll (API version 3944462).
LogModuleManager: Display: Found up-to-date module file ../../../Engine/Plugins/MovieScene/ActorSequence/Binaries/Win64/UE4Editor-ActorSequence.dll (API version 3944462).
LogModuleManager: Display: Found up-to-date module file ../../../Engine/Plugins/MovieScene/LevelSequenceEditor/Binaries/Win64/UE4Editor-LevelSequenceEditor.dll (API version 3944462).
LogModuleManager: Display: Found up-to-date module file ../../../Engine/Plugins/MovieScene/MatineeToLevelSequence/Binaries/Win64/UE4Editor-MatineeToLevelSequence.dll (API version 3944462).
LogModuleManager: Display: Found up-to-date module file ../../../Engine/Plugins/NetcodeUnitTest/NetcodeUnitTest/Binaries/Win64/UE4Editor-NetcodeUnitTest.dll (API version 3944462).
LogModuleManager: Display: Found up-to-date module file ../../../Engine/Plugins/NetcodeUnitTest/NUTUnrealEngine4/Binaries/Win64/UE4Editor-NUTUnrealEngine4.dll (API version 3944462).
LogModuleManager: Display: Found up-to-date module file ../../../Engine/Plugins/Runtime/AndroidPermission/Binaries/Win64/UE4Editor-AndroidPermission.dll (API version 3944462).
LogModuleManager: Display: Found up-to-date module file ../../../Engine/Plugins/Online/OnlineSubsystemNull/Binaries/Win64/UE4Editor-OnlineSubsystemNull.dll (API version 3944462).
LogModuleManager: Display: Found up-to-date module file ../../../Engine/Plugins/Runtime/AndroidDeviceProfileSelector/Binaries/Win64/UE4Editor-AndroidDeviceProfileSelector.dll (API version 3944462).
LogModuleManager: Display: Found up-to-date module file ../../../Engine/Plugins/Runtime/AppleARKit/Binaries/Win64/UE4Editor-AppleARKit.dll (API version 3944462).
LogModuleManager: Display: Found up-to-date module file ../../../Engine/Plugins/Runtime/ProceduralMeshComponent/Binaries/Win64/UE4Editor-ProceduralMeshComponent.dll (API version 3944462).
LogModuleManager: Display: Found up-to-date module file ../../../Engine/Plugins/Runtime/ProceduralMeshComponent/Binaries/Win64/UE4Editor-ProceduralMeshComponentEditor.dll (API version 3944462).
LogModuleManager: Display: Found up-to-date module file ../../../Engine/Plugins/Animation/LiveLink/Binaries/Win64/UE4Editor-LiveLink.dll (API version 3944462).
LogModuleManager: Display: Found up-to-date module file ../../../Engine/Plugins/Animation/LiveLink/Binaries/Win64/UE4Editor-LiveLinkEditor.dll (API version 3944462).
LogModuleManager: Display: Found up-to-date module file ../../../Engine/Plugins/Runtime/ArchVisCharacter/Binaries/Win64/UE4Editor-ArchVisCharacter.dll (API version 3944462).
LogModuleManager: Display: Found up-to-date module file ../../../Engine/Plugins/Runtime/AudioCapture/Binaries/Win64/UE4Editor-AudioCapture.dll (API version 3944462).
LogModuleManager: Display: Found up-to-date module file ../../../Engine/Plugins/Runtime/AudioCapture/Binaries/Win64/UE4Editor-AudioCaptureEditor.dll (API version 3944462).
LogModuleManager: Display: Found up-to-date module file ../../../Engine/Plugins/Runtime/CableComponent/Binaries/Win64/UE4Editor-CableComponent.dll (API version 3944462).
LogModuleManager: Display: Found up-to-date module file ../../../Engine/Plugins/Runtime/CustomMeshComponent/Binaries/Win64/UE4Editor-CustomMeshComponent.dll (API version 3944462).
LogModuleManager: Display: Found up-to-date module file ../../../Engine/Plugins/Runtime/ExampleDeviceProfileSelector/Binaries/Win64/UE4Editor-ExampleDeviceProfileSelector.dll (API version 3944462).
LogModuleManager: Display: Found up-to-date module file ../../../Engine/Plugins/Runtime/ImmediatePhysics/Binaries/Win64/UE4Editor-ImmediatePhysics.dll (API version 3944462).
LogModuleManager: Display: Found up-to-date module file ../../../Engine/Plugins/Runtime/ImmediatePhysics/Binaries/Win64/UE4Editor-ImmediatePhysicsEditor.dll (API version 3944462).
LogModuleManager: Display: Found up-to-date module file ../../../Engine/Plugins/Runtime/LocationServicesBPLibrary/Binaries/Win64/UE4Editor-LocationServicesBPLibrary.dll (API version 3944462).
LogModuleManager: Display: Found up-to-date module file ../../../Engine/Plugins/Runtime/MobilePatchingUtils/Binaries/Win64/UE4Editor-MobilePatchingUtils.dll (API version 3944462).
LogModuleManager: Display: Found up-to-date module file ../../../Engine/Plugins/Runtime/Oculus/OculusVR/Binaries/Win64/UE4Editor-OculusHMD.dll (API version 3944462).
LogModuleManager: Display: Found up-to-date module file ../../../Engine/Plugins/Runtime/Oculus/OculusVR/Binaries/Win64/UE4Editor-OculusInput.dll (API version 3944462).
LogModuleManager: Display: Found up-to-date module file ../../../Engine/Plugins/Runtime/Oculus/OculusVR/Binaries/Win64/UE4Editor-OculusEditor.dll (API version 3944462).
LogModuleManager: Display: Found up-to-date module file ../../../Engine/Plugins/Runtime/PhysXVehicles/Binaries/Win64/UE4Editor-PhysXVehicles.dll (API version 3944462).
LogModuleManager: Display: Found up-to-date module file ../../../Engine/Plugins/Runtime/PhysXVehicles/Binaries/Win64/UE4Editor-PhysXVehiclesEditor.dll (API version 3944462).
LogModuleManager: Display: Found up-to-date module file ../../../Engine/Plugins/Runtime/RuntimePhysXCooking/Binaries/Win64/UE4Editor-RuntimePhysXCooking.dll (API version 3944462).
LogModuleManager: Display: Found up-to-date module file ../../../Engine/Plugins/Runtime/Steam/SteamVR/Binaries/Win64/UE4Editor-SteamVR.dll (API version 3944462).
LogModuleManager: Display: Found up-to-date module file ../../../Engine/Plugins/Runtime/Steam/SteamVR/Binaries/Win64/UE4Editor-SteamVRController.dll (API version 3944462).
LogModuleManager: Display: Found up-to-date module file ../../../Engine/Plugins/Runtime/WindowsMoviePlayer/Binaries/Win64/UE4Editor-WindowsMoviePlayer.dll (API version 3944462).
LogPluginManager: Mounting plugin Paper2D
LogPluginManager: Mounting plugin LiveLink
LogPluginManager: Mounting plugin LightPropagationVolume
LogPluginManager: Mounting plugin CLionSourceCodeAccess
LogPluginManager: Mounting plugin CodeLiteSourceCodeAccess
LogPluginManager: Mounting plugin GitSourceControl
LogPluginManager: Mounting plugin KDevelopSourceCodeAccess
LogPluginManager: Mounting plugin NullSourceCodeAccess
LogPluginManager: Mounting plugin PerforceSourceControl
LogPluginManager: Mounting plugin SubversionSourceControl
LogPluginManager: Mounting plugin UObjectPlugin
LogPluginManager: Mounting plugin VisualStudioCodeSourceCodeAccess
LogPluginManager: Mounting plugin VisualStudioSourceCodeAccess
LogPluginManager: Mounting plugin XCodeSourceCodeAccess
LogPluginManager: Mounting plugin AssetManagerEditor
LogPluginManager: Mounting plugin CryptoKeys
LogPluginManager: Mounting plugin DataValidation
LogPluginManager: Mounting plugin FacialAnimation
LogPluginManager: Mounting plugin GameplayTagsEditor
LogPluginManager: Mounting plugin MobileLauncherProfileWizard
LogPluginManager: Mounting plugin PluginBrowser
LogPluginManager: Mounting plugin SpeedTreeImporter
LogPluginManager: Mounting plugin DatasmithContent
LogPluginManager: Mounting plugin AlembicImporter
LogPluginManager: Mounting plugin CharacterAI
LogPluginManager: Mounting plugin HTML5Networking
LogPluginManager: Mounting plugin AndroidMedia
LogPluginManager: Mounting plugin AvfMedia
LogPluginManager: Mounting plugin ImgMedia
LogPluginManager: Mounting plugin LinearTimecode
LogPluginManager: Mounting plugin MediaCompositing
LogPluginManager: Mounting plugin MediaPlayerEditor
LogPluginManager: Mounting plugin WmfMedia
LogPluginManager: Mounting plugin TcpMessaging
LogPluginManager: Mounting plugin UdpMessaging
LogPluginManager: Mounting plugin ActorSequence
LogPluginManager: Mounting plugin LevelSequenceEditor
LogPluginManager: Mounting plugin MatineeToLevelSequence
LogPluginManager: Mounting plugin NetcodeUnitTest
LogPluginManager: Mounting plugin NUTUnrealEngine4
LogPluginManager: Mounting plugin OnlineSubsystemGooglePlay
LogPluginManager: Mounting plugin OnlineSubsystemIOS
LogPluginManager: Mounting plugin OnlineSubsystem
LogPluginManager: Mounting plugin OnlineSubsystemNull
LogPluginManager: Mounting plugin OnlineSubsystemSteam
LogPluginManager: Mounting plugin OnlineSubsystemUtils
LogPluginManager: Mounting plugin AndroidDeviceProfileSelector
LogPluginManager: Mounting plugin AndroidMoviePlayer
LogPluginManager: Mounting plugin AndroidPermission
LogPluginManager: Mounting plugin AppleARKit
LogPluginManager: Mounting plugin AppleMoviePlayer
LogPluginManager: Mounting plugin ArchVisCharacter
LogPluginManager: Mounting plugin AudioCapture
LogPluginManager: Mounting plugin CableComponent
LogPluginManager: Mounting plugin CustomMeshComponent
LogPluginManager: Mounting plugin ExampleDeviceProfileSelector
LogPluginManager: Mounting plugin GoogleCloudMessaging
LogPluginManager: Mounting plugin ImmediatePhysics
LogPluginManager: Mounting plugin IOSDeviceProfileSelector
LogPluginManager: Mounting plugin LinuxDeviceProfileSelector
LogPluginManager: Mounting plugin LocationServicesBPLibrary
LogPluginManager: Mounting plugin MobilePatchingUtils
LogPluginManager: Mounting plugin OculusVR
LogPluginManager: Plugin shader directory ../../../Engine/Plugins/Runtime/Oculus/OculusVR/Shaders found
LogPluginManager: Mapping shader source directory ../../../Engine/Plugins/Runtime/Oculus/OculusVR/Shaders to virtual directory /Plugin/OculusVR
LogPluginManager: Mounting plugin PhysXVehicles
LogPluginManager: Mounting plugin ProceduralMeshComponent
LogPluginManager: Mounting plugin RuntimePhysXCooking
LogPluginManager: Mounting plugin SteamVR
LogPluginManager: Mounting plugin WindowsMoviePlayer
LogStreaming: Display: Took  2.887s to configure plugins.
LogInit: Using libcurl 7.47.1
LogInit:  - built for x86_64-pc-win32
LogInit:  - supports SSL with OpenSSL/1.0.2g
LogInit:  - supports HTTP deflate (compression) using libz 1.2.8
LogInit:  - other features:
LogInit:      CURL_VERSION_SSL
LogInit:      CURL_VERSION_LIBZ
LogInit:      CURL_VERSION_IPV6
LogInit:      CURL_VERSION_ASYNCHDNS
LogInit:      CURL_VERSION_LARGEFILE
LogInit:      CURL_VERSION_IDN
LogInit:  CurlRequestOptions (configurable via config and command line):
LogInit:  - bVerifyPeer = false  - Libcurl will NOT verify peer certificate
LogInit:  - bUseHttpProxy = false  - Libcurl will NOT use HTTP proxy
LogInit:  - bDontReuseConnections = false  - Libcurl will reuse connections
LogInit:  - CertBundlePath = nullptr  - Libcurl will use whatever was configured at build time.
LogInit:  - MaxHostConnections = 16  - Libcurl will limit the number of connections to a host
LogInit:  - LocalHostAddr = Default
LogOnline: Display: STEAM: Loading Steam SDK 1.39
LogOnline: Warning: STEAM: Steamworks: SteamUtils() failed!
LogOnline: Warning: STEAM: Steamworks: SteamUser() failed!
LogOnline: Warning: STEAM: Steamworks: SteamFriends() failed!
LogOnline: Warning: STEAM: Steamworks: SteamRemoteStorage() failed!
LogOnline: Warning: STEAM: Steamworks: SteamUserStats() failed!
LogOnline: Warning: STEAM: Steamworks: SteamMatchmakingServers() failed!
LogOnline: Warning: STEAM: Steamworks: SteamApps() failed!
LogOnline: Warning: STEAM: Steamworks: SteamNetworking() failed!
LogOnline: Warning: STEAM: Steamworks: SteamMatchmaking() failed!
LogOnline: Display: STEAM: OnlineSubsystemSteam::Shutdown()
LogOnline: Warning: STEAM: Steam API failed to initialize!
LogOnline: Display: STEAM: OnlineSubsystemSteam::Shutdown()
LogInit: WinSock: version 1.1 (2.2), MaxSocks=32767, MaxUdp=65467
LogInit: WinSock: I am Q6600 (192.168.1.42:0)
LogInit: Build: ++UE4+Release-4.19-CL-4033788
LogInit: Engine Version: 4.19.2-4033788+++UE4+Release-4.19
LogInit: Compatible Engine Version: 4.19.0-3944462+++UE4+Release-4.19
LogInit: Net CL: 3944462
LogDevObjectVersion: Number of dev versions registered: 18
LogDevObjectVersion:   Dev-Blueprints (B0D832E4-1F89-4F0D-ACCF-7EB736FD4AA2): 10
LogDevObjectVersion:   Dev-Build (E1C64328-A22C-4D53-A36C-8E866417BD8C): 0
LogDevObjectVersion:   Dev-Core (375EC13C-06E4-48FB-B500-84F0262A717E): 2
LogDevObjectVersion:   Dev-Editor (E4B068ED-F494-42E9-A231-DA0B2E46BB41): 23
LogDevObjectVersion:   Dev-Framework (CFFC743F-43B0-4480-9391-14DF171D2073): 33
LogDevObjectVersion:   Dev-Mobile (B02B49B5-BB20-44E9-A304-32B752E40360): 2
LogDevObjectVersion:   Dev-Networking (A4E4105C-59A1-49B5-A7C5-40C4547EDFEE): 0
LogDevObjectVersion:   Dev-Online (39C831C9-5AE6-47DC-9A44-9C173E1C8E7C): 0
LogDevObjectVersion:   Dev-Physics (78F01B33-EBEA-4F98-B9B4-84EACCB95AA2): 0
LogDevObjectVersion:   Dev-Platform (6631380F-2D4D-43E0-8009-CF276956A95A): 0
LogDevObjectVersion:   Dev-Rendering (12F88B9F-8875-4AFC-A67C-D90C383ABD29): 25
LogDevObjectVersion:   Dev-Sequencer (7B5AE74C-D270-4C10-A958-57980B212A5A): 6
LogDevObjectVersion:   Dev-VR (D7296918-1DD6-4BDD-9DE2-64A83CC13884): 1
LogDevObjectVersion:   Dev-LoadTimes (C2A15278-BFE7-4AFE-6C17-90FF531DF755): 1
LogDevObjectVersion:   Private-Geometry (6EACA3D4-40EC-4CC1-B786-8BED09428FC5): 2
LogDevObjectVersion:   Dev-AnimPhys (29E575DD-E0A3-4627-9D10-D276232CDCEA): 16
LogDevObjectVersion:   Dev-ReflectionCapture (6B266CEC-1EC7-4B8F-A30B-E4D90942FC07): 1
LogDevObjectVersion:   Dev-Automation (0DF73D61-A23F-47EA-B727-89E90C41499A): 1
LogInit: Compiled (64-bit): Apr 27 2018 02:06:57
LogInit: Compiled with Visual C++: 19.00.24215.01
LogInit: Build Configuration: Development
LogInit: Branch Name: ++UE4+Release-4.19
LogInit: Command Line:  /Game/Maps/MainMenu -game -PIEVIACONSOLE -ResX=1280 -ResY=720  -Multiprocess -messaging -SessionName="Play in Standalone Game" -windowed 
LogInit: Base Directory: F:/Juegos/UE_4.19/Engine/Binaries/Win64/
LogInit: Installed Engine Build: 1
LogStreaming: Display: Took  0.001s to delete old logs.
LogInit: Presizing for max 8388607 objects, including 0 objects not considered by GC, pre-allocating 0 bytes for permanent pool.
LogInit: Object subsystem initialized
[2018.07.21-10.56.14:190][  0]LogInit: Selected Device Profile: [Windows]
[2018.07.21-10.56.14:190][  0]LogInit: Applying CVar settings loaded from the selected device profile: [Windows]
[2018.07.21-10.56.14:200][  0]LogInit: Computer: Q6600
[2018.07.21-10.56.14:200][  0]LogInit: User: bitt3rman
[2018.07.21-10.56.14:200][  0]LogInit: CPU Page size=4096, Cores=4
[2018.07.21-10.56.14:200][  0]LogInit: High frequency timer resolution =2.343833 MHz
[2018.07.21-10.56.14:200][  0]LogMemory: Memory total: Physical=8.0GB (8GB approx)
[2018.07.21-10.56.14:201][  0]LogMemory: Platform Memory Stats for Windows
[2018.07.21-10.56.14:201][  0]LogMemory: Process Physical Memory: 275.27 MB used, 275.27 MB peak
[2018.07.21-10.56.14:201][  0]LogMemory: Process Virtual Memory: 274.18 MB used, 274.18 MB peak
[2018.07.21-10.56.14:201][  0]LogMemory: Physical Memory: 6338.04 MB used,  1852.45 MB free, 8190.49 MB total
[2018.07.21-10.56.14:201][  0]LogMemory: Virtual Memory: 4780.43 MB used,  1852.45 MB free, 134217728.00 MB total
[2018.07.21-10.56.14:246][  0]LogInit: Using OS detected language (es-ES).
[2018.07.21-10.56.14:246][  0]LogInit: Using OS detected locale (es-ES).
[2018.07.21-10.56.14:246][  0]LogTextLocalizationManager: No localization for 'es-ES' exists, so 'en' will be used for the language.
[2018.07.21-10.56.14:246][  0]LogTextLocalizationManager: No localization for 'es-ES' exists, so 'en' will be used for the locale.
[2018.07.21-10.56.15:490][  0]LogStreaming: Display: Took  1.244s to EndInitTextLocalization.
[2018.07.21-10.56.15:527][  0]LogSlate: New Slate User Created.  User Index 0, Is Virtual User: 0
[2018.07.21-10.56.15:527][  0]LogSlate: Slate User Registered.  User Index 0, Is Virtual User: 0
[2018.07.21-10.56.15:545][  0]LogD3D11RHI: D3D11 adapters:
[2018.07.21-10.56.15:630][  0]LogD3D11RHI:    0. 'NVIDIA GeForce GT 730' (Feature Level 11_0)
[2018.07.21-10.56.15:630][  0]LogD3D11RHI:       2018/0/4095 MB DedicatedVideo/DedicatedSystem/SharedSystem, Outputs:1, VendorId:0x10de
[2018.07.21-10.56.15:636][  0]LogD3D11RHI:    1. 'Microsoft Basic Render Driver' (Feature Level 11_0)
[2018.07.21-10.56.15:636][  0]LogD3D11RHI:       0/0/4095 MB DedicatedVideo/DedicatedSystem/SharedSystem, Outputs:0, VendorId:0x1414
[2018.07.21-10.56.15:636][  0]LogD3D11RHI: Chosen D3D11 Adapter: 0
[2018.07.21-10.56.15:651][  0]LogD3D11RHI: Creating new Direct3DDevice
[2018.07.21-10.56.15:652][  0]LogD3D11RHI:     GPU DeviceId: 0x1287 (for the marketing name, search the web for "GPU Device Id")
[2018.07.21-10.56.15:652][  0]LogWindows: EnumDisplayDevices:
[2018.07.21-10.56.15:652][  0]LogWindows:    0. 'NVIDIA GeForce GT 730' (P:1 D:1)
[2018.07.21-10.56.15:653][  0]LogWindows:    1. 'NVIDIA GeForce GT 730' (P:0 D:0)
[2018.07.21-10.56.15:653][  0]LogWindows:    2. 'NVIDIA GeForce GT 730' (P:0 D:0)
[2018.07.21-10.56.15:653][  0]LogWindows: DebugString: GetVideoDriverDetailsInvalid PrimaryIsNotTheChoosenAdapter GetVideoDriverDetailsInvalid PrimaryIsNotTheChoosenAdapter GetVideoDriverDetailsInvalid PrimaryIsNotTheChoosenAdapter FoundDriverCount:0 
[2018.07.21-10.56.15:653][  0]LogD3D11RHI:     Adapter Name: NVIDIA GeForce GT 730
[2018.07.21-10.56.15:653][  0]LogD3D11RHI:   Driver Version: Unknown (internal:Unknown, unified:Unknown)
[2018.07.21-10.56.15:653][  0]LogD3D11RHI:      Driver Date: Unknown
[2018.07.21-10.56.15:653][  0]LogRHI: Texture pool is 1413 MB (70% of 2018 MB)
[2018.07.21-10.56.15:725][  0]LogD3D11RHI: [Aftermath] Aftermath enabled but failed to initialize
[2018.07.21-10.56.15:725][  0]LogD3D11RHI: [Aftermath] Aftermath enabled and primed
[2018.07.21-10.56.15:725][  0]LogD3D11RHI: Async texture creation enabled
[2018.07.21-10.56.15:742][  0]LogD3D11RHI: GPU Timing Frequency: 1000.000000 (Debug: 2 1)
[2018.07.21-10.56.15:746][  0]LogShaderCompilers: Guid format shader working directory is 22 characters bigger than the processId version (../../../../UE_Projects/FPBG/Intermediate/Shaders/WorkingDirectory/6236/).
[2018.07.21-10.56.15:746][  0]LogShaderCompilers: Cleaned the shader compiler working directory 'C:/Users/bitt3rman/AppData/Local/Temp/UnrealShaderWorkingDir/768F8C7D4A1BEFFAAD5973AA782AA5F8/'.
[2018.07.21-10.56.16:596][  0]LogTemp: Display: Loaded TP WindowsClientTargetPlatform
[2018.07.21-10.56.16:629][  0]LogTemp: Display: Loaded TP WindowsNoEditorTargetPlatform
[2018.07.21-10.56.16:662][  0]LogTemp: Display: Loaded TP WindowsServerTargetPlatform
[2018.07.21-10.56.16:697][  0]LogTemp: Display: Loaded TP WindowsTargetPlatform
[2018.07.21-10.56.16:697][  0]LogTargetPlatformManager: Display: Building Assets For Windows
[2018.07.21-10.56.16:968][  0]LogXGEController: Cannot use XGE Controller as Incredibuild is not installed on this machine.
[2018.07.21-10.56.16:968][  0]LogShaderCompilers: Cannot use XGE Shader Compiler as Incredibuild is not installed on this machine.
[2018.07.21-10.56.16:968][  0]LogShaderCompilers: Display: Using Local Shader Compiler.
[2018.07.21-10.56.18:801][  0]LogDerivedDataCache: Display: Max Cache Size: 512 MB
[2018.07.21-10.56.19:126][  0]LogDerivedDataCache: Loaded boot cache 0.32s 74MB C:/Users/bitt3rman/AppData/Local/UnrealEngine/4.19/DerivedDataCache/Boot.ddc.
[2018.07.21-10.56.19:127][  0]LogDerivedDataCache: Display: Loaded Boot cache: C:/Users/bitt3rman/AppData/Local/UnrealEngine/4.19/DerivedDataCache/Boot.ddc
[2018.07.21-10.56.19:127][  0]LogDerivedDataCache: FDerivedDataBackendGraph:  Pak pak cache file ../../../../UE_Projects/FPBG/DerivedDataCache/DDC.ddp not found, will not use a pak cache.
[2018.07.21-10.56.19:127][  0]LogDerivedDataCache: Unable to find inner node Pak for hierarchical cache Hierarchy.
[2018.07.21-10.56.19:127][  0]LogDerivedDataCache: FDerivedDataBackendGraph:  CompressedPak pak cache file ../../../../UE_Projects/FPBG/DerivedDataCache/Compressed.ddp not found, will not use a pak cache.
[2018.07.21-10.56.19:127][  0]LogDerivedDataCache: Unable to find inner node CompressedPak for hierarchical cache Hierarchy.
[2018.07.21-10.56.19:156][  0]LogDerivedDataCache: Display: Pak cache opened for reading ../../../Engine/DerivedDataCache/Compressed.ddp.
[2018.07.21-10.56.19:172][  0]LogDerivedDataCache: Using Local data cache path C:/Users/bitt3rman/AppData/Local/UnrealEngine/Common/DerivedDataCache: Writable
[2018.07.21-10.56.19:172][  0]LogDerivedDataCache: Shared data cache path not found in *engine.ini, will not use an Shared cache.
[2018.07.21-10.56.19:172][  0]LogDerivedDataCache: Unable to find inner node Shared for hierarchical cache Hierarchy.
[2018.07.21-10.56.19:203][  0]LogMaterial: Verifying Global Shaders for PCD3D_SM5
[2018.07.21-10.56.19:223][  0]LogSlate: Using Freetype 2.6.0
[2018.07.21-10.56.19:225][  0]LogSlate: SlateFontCache - WITH_FREETYPE: 1, WITH_HARFBUZZ: 1
[2018.07.21-10.56.19:225][  0]LogSlate: SlateFontCache - WITH_FREETYPE: 1, WITH_HARFBUZZ: 1
[2018.07.21-10.56.19:486][  0]LogAssetRegistry: FAssetRegistry took 0.0106 seconds to start up
[2018.07.21-10.56.20:006][  0]LogPackageLocalizationCache: Processed 9 localized package path(s) for 1 prioritized culture(s) in 0.031318 seconds
[2018.07.21-10.56.20:263][  0]LogInit: Selected Device Profile: [Windows]
[2018.07.21-10.56.20:570][  0]LogSimplygon: Simplygon DLL not present - disabling.
[2018.07.21-10.56.20:576][  0]LogMeshReduction: Using SimplygonSwarm for distributed automatic mesh merging
[2018.07.21-10.56.20:576][  0]LogMeshReduction: Using QuadricMeshReduction for automatic static mesh reduction
[2018.07.21-10.56.20:576][  0]LogMeshReduction: No automatic skeletal mesh reduction module available
[2018.07.21-10.56.20:576][  0]LogMeshReduction: No automatic mesh merging module available
[2018.07.21-10.56.20:576][  0]LogMeshMerging: No automatic mesh merging module available
[2018.07.21-10.56.20:647][  0]LogNetVersion: FPBG , NetCL: 3944462, EngineNetVer: 2, GameNetVer: 0 (Checksum: 1413110598)
[2018.07.21-10.56.22:133][  0]LogMoviePlayer: Initializing movie player
[2018.07.21-10.56.22:747][  0]LogTcpMessaging: Initializing TcpMessaging bridge
[2018.07.21-10.56.22:808][  0]LogUdpMessaging: Initializing bridge on interface 0.0.0.0:0 to multicast group 230.0.0.1:6666.
[2018.07.21-10.56.23:378][  0]SourceControl: Source control is disabled
[2018.07.21-10.56.23:378][  0]SourceControl: Source control is disabled
[2018.07.21-10.56.23:428][  0]SourceControl: Source control is disabled
[2018.07.21-10.56.24:207][  0]LogAndroidPermission: UAndroidPermissionCallbackProxy::GetInstance
[2018.07.21-10.56.24:595][  0]LogOcInput: OculusInput pre-init called
[2018.07.21-10.56.24:708][  0]LogUObjectArray: 40131 objects as part of root set at end of initial load.
[2018.07.21-10.56.24:708][  0]LogUObjectAllocator: 8578472 out of 0 bytes used by permanent object pool.
[2018.07.21-10.56.24:708][  0]LogUObjectArray: CloseDisregardForGC: 0/0 objects in disregard for GC pool
[2018.07.21-10.56.24:801][  0]LogEngine: Initializing Engine...
[2018.07.21-10.56.24:804][  0]LogHMD: Failed to initialize OpenVR with code 110
[2018.07.21-10.56.24:818][  0]LogStats: UGameplayTagsManager::ConstructGameplayTagTree: Construct from data asset -  0.000 s
[2018.07.21-10.56.24:818][  0]LogStats: UGameplayTagsManager::ConstructGameplayTagTree: GameplayTagTreeChangedEvent.Broadcast -  0.000 s
[2018.07.21-10.56.25:341][  0]LogInit: XAudio2 using 'Speakers (High Definition Audio Device)' : 2 channels at 48 kHz using 16 bits per sample (channel mask 0x3)
[2018.07.21-10.56.25:426][  0]LogInit: FAudioDevice initialized.
[2018.07.21-10.56.25:520][  0]LogInit: Texture streaming: Enabled
[2018.07.21-10.56.26:349][  0]LogUObjectGlobals: Created PersistentFrame Addr=0x000002569e17ae80, Size=528, Default__GameInfoInstance_C Function /Game/Blueprints/AllLevels/GameInfoInstance.GameInfoInstance_C:ExecuteUbergraph_GameInfoInstance
[2018.07.21-10.56.26:360][  0]LogUObjectGlobals: Created PersistentFrame Addr=0x000002569e16fd60, Size=96, Default__HostMenu_C Function /Game/UI/MainMenu/HostMenu.HostMenu_C:ExecuteUbergraph_HostMenu
[2018.07.21-10.56.26:382][  0]LogUObjectGlobals: Created PersistentFrame Addr=0x000002569d609440, Size=40, Default__MainMenu_C Function /Game/UI/MainMenu/MainMenu.MainMenu_C:ExecuteUbergraph_MainMenu
[2018.07.21-10.56.26:392][  0]LogUObjectGlobals: Created PersistentFrame Addr=0x000002569e1374a0, Size=104, Default__OptionsMenu_C Function /Game/UI/MainMenu/OptionsMenu.OptionsMenu_C:ExecuteUbergraph_OptionsMenu
[2018.07.21-10.56.26:407][  0]LogUObjectGlobals: Created PersistentFrame Addr=0x000002569e178400, Size=608, Default__ServerMenu_C Function /Game/UI/MainMenu/ServerMenu.ServerMenu_C:ExecuteUbergraph_ServerMenu
[2018.07.21-10.56.26:548][  0]LogUObjectGlobals: Destroyed PersistentFrame Addr=0x000002569e17ae80, Size=528
[2018.07.21-10.56.26:548][  0]LogUObjectGlobals: Created PersistentFrame Addr=0x000002569e0f0400, Size=528, Default__GameInfoInstance_C Function /Engine/Transient.REINST_GameInfoInstance_C_2:ExecuteUbergraph_GameInfoInstance
[2018.07.21-10.56.26:549][  0]LogUObjectGlobals: Destroyed PersistentFrame Addr=0x000002569e16fd60, Size=96
[2018.07.21-10.56.26:549][  0]LogUObjectGlobals: Created PersistentFrame Addr=0x000002569e16fd60, Size=96, Default__HostMenu_C Function /Engine/Transient.REINST_HostMenu_C_0:ExecuteUbergraph_HostMenu
[2018.07.21-10.56.26:550][  0]LogUObjectGlobals: Destroyed PersistentFrame Addr=0x000002569d609440, Size=40
[2018.07.21-10.56.26:550][  0]LogUObjectGlobals: Created PersistentFrame Addr=0x000002569e06a1b0, Size=40, Default__MainMenu_C Function /Engine/Transient.REINST_MainMenu_C_2:ExecuteUbergraph_MainMenu
[2018.07.21-10.56.26:551][  0]LogUObjectGlobals: Destroyed PersistentFrame Addr=0x000002569e1374a0, Size=104
[2018.07.21-10.56.26:551][  0]LogUObjectGlobals: Created PersistentFrame Addr=0x000002569dfb4e20, Size=104, Default__OptionsMenu_C Function /Engine/Transient.REINST_OptionsMenu_C_3:ExecuteUbergraph_OptionsMenu
[2018.07.21-10.56.26:552][  0]LogUObjectGlobals: Destroyed PersistentFrame Addr=0x000002569e178400, Size=608
[2018.07.21-10.56.26:552][  0]LogUObjectGlobals: Created PersistentFrame Addr=0x000002569def3b00, Size=608, Default__ServerMenu_C Function /Engine/Transient.REINST_ServerMenu_C_4:ExecuteUbergraph_ServerMenu
[2018.07.21-10.56.26:615][  0]LogUObjectGlobals: Created PersistentFrame Addr=0x000002569dd07380, Size=528, Default__GameInfoInstance_C Function /Game/Blueprints/AllLevels/GameInfoInstance.GameInfoInstance_C:ExecuteUbergraph_GameInfoInstance
[2018.07.21-10.56.26:620][  0]LogUObjectGlobals: Created PersistentFrame Addr=0x000002569ddf0400, Size=96, Default__HostMenu_C Function /Game/UI/MainMenu/HostMenu.HostMenu_C:ExecuteUbergraph_HostMenu
[2018.07.21-10.56.26:624][  0]LogUObjectGlobals: Created PersistentFrame Addr=0x000002569e06b1a0, Size=40, Default__MainMenu_C Function /Game/UI/MainMenu/MainMenu.MainMenu_C:ExecuteUbergraph_MainMenu
[2018.07.21-10.56.26:629][  0]LogUObjectGlobals: Created PersistentFrame Addr=0x000002569dcb2b70, Size=104, Default__OptionsMenu_C Function /Game/UI/MainMenu/OptionsMenu.OptionsMenu_C:ExecuteUbergraph_OptionsMenu
[2018.07.21-10.56.26:636][  0]LogUObjectGlobals: Created PersistentFrame Addr=0x000002569dd05800, Size=592, Default__ServerMenu_C Function /Game/UI/MainMenu/ServerMenu.ServerMenu_C:ExecuteUbergraph_ServerMenu
[2018.07.21-10.56.26:931][  0]LogInit: Display: Game Engine Initialized.
[2018.07.21-10.56.26:931][  0]LogGameplayTags: Display: UGameplayTagsManager::DoneAddingNativeTags. DelegateIsBound: 0
[2018.07.21-10.56.26:931][  0]LogStats: UGameplayTagsManager::ConstructGameplayTagTree: Construct from data asset -  0.000 s
[2018.07.21-10.56.26:931][  0]LogStats: UGameplayTagsManager::ConstructGameplayTagTree: GameplayTagTreeChangedEvent.Broadcast -  0.000 s
[2018.07.21-10.56.27:257][  0]LogInit: Display: Starting Game.
[2018.07.21-10.56.27:272][  0]LogNet: Browse: /Game/Maps/MainMenu?Name=Player
[2018.07.21-10.56.27:281][  0]LogLoad: LoadMap: /Game/Maps/MainMenu?Name=Player
[2018.07.21-10.56.27:308][  0]LogUObjectGlobals: Destroyed PersistentFrame Addr=0x000002569e0f0400, Size=528
[2018.07.21-10.56.27:308][  0]LogUObjectGlobals: Destroyed PersistentFrame Addr=0x000002569e16fd60, Size=96
[2018.07.21-10.56.27:308][  0]LogUObjectGlobals: Destroyed PersistentFrame Addr=0x000002569e06a1b0, Size=40
[2018.07.21-10.56.27:308][  0]LogUObjectGlobals: Destroyed PersistentFrame Addr=0x000002569dfb4e20, Size=104
[2018.07.21-10.56.27:308][  0]LogUObjectGlobals: Destroyed PersistentFrame Addr=0x000002569def3b00, Size=608
[2018.07.21-10.56.27:332][  0]LogUObjectGlobals: Created PersistentFrame Addr=0x000002569dd106a0, Size=32, Default__MainMenu_C Function /Game/Maps/MainMenu.MainMenu_C:ExecuteUbergraph_MainMenu
[2018.07.21-10.56.27:334][  0]LogUObjectGlobals: Destroyed PersistentFrame Addr=0x000002569dd106a0, Size=32
[2018.07.21-10.56.27:334][  0]LogUObjectGlobals: Created PersistentFrame Addr=0x000002569dd106a0, Size=32, Default__MainMenu_C Function /Engine/Transient.REINST_MainMenu_C_12:ExecuteUbergraph_MainMenu
[2018.07.21-10.56.27:335][  0]LogUObjectGlobals: Created PersistentFrame Addr=0x000002569dd11560, Size=32, Default__MainMenu_C Function /Game/Maps/MainMenu.MainMenu_C:ExecuteUbergraph_MainMenu
[2018.07.21-10.56.27:359][  0]LogAIModule: Creating AISystem for world MainMenu
[2018.07.21-10.56.27:413][  0]LogUObjectGlobals: Created PersistentFrame Addr=0x000002569dc9e500, Size=688, Default__FirstPersonCharacter_C Function /Game/FirstPersonBP/Blueprints/FirstPersonCharacter.FirstPersonCharacter_C:ExecuteUbergraph_FirstPersonCharacter
[2018.07.21-10.56.27:417][  0]LogUObjectGlobals: Created PersistentFrame Addr=0x000002569dd09900, Size=256, Default__FirstPersonProjectile_C Function /Game/FirstPersonBP/Blueprints/FirstPersonProjectile.FirstPersonProjectile_C:ExecuteUbergraph_FirstPersonProjectile
[2018.07.21-10.56.27:439][  0]LogUObjectGlobals: Created PersistentFrame Addr=0x000002569dd8d3f0, Size=72, Default__FirstPerson_AnimBP_C Function /Game/FirstPerson/Animations/FirstPerson_AnimBP.FirstPerson_AnimBP_C:ExecuteUbergraph_FirstPerson_AnimBP
[2018.07.21-10.56.27:530][  0]LogUObjectGlobals: Created PersistentFrame Addr=0x000002569dc626d8, Size=52, Default__FirstPersonHUD_C Function /Game/FirstPersonBP/Blueprints/FirstPersonHUD.FirstPersonHUD_C:ExecuteUbergraph_FirstPersonHUD
[2018.07.21-10.56.27:550][  0]LogUObjectGlobals: Destroyed PersistentFrame Addr=0x000002569dd8d3f0, Size=72
[2018.07.21-10.56.27:550][  0]LogUObjectGlobals: Created PersistentFrame Addr=0x000002569dee1580, Size=72, Default__FirstPerson_AnimBP_C Function /Engine/Transient.REINST_FirstPerson_AnimBP_C_0:ExecuteUbergraph_FirstPerson_AnimBP
[2018.07.21-10.56.27:551][  0]LogUObjectGlobals: Destroyed PersistentFrame Addr=0x000002569dd09900, Size=256
[2018.07.21-10.56.27:551][  0]LogUObjectGlobals: Created PersistentFrame Addr=0x000002569dd09900, Size=256, Default__FirstPersonProjectile_C Function /Engine/Transient.REINST_FirstPersonProjectile_C_14:ExecuteUbergraph_FirstPersonProjectile
[2018.07.21-10.56.27:552][  0]LogUObjectGlobals: Destroyed PersistentFrame Addr=0x000002569dc626d8, Size=52
[2018.07.21-10.56.27:552][  0]LogUObjectGlobals: Created PersistentFrame Addr=0x000002569dc626d8, Size=52, Default__FirstPersonHUD_C Function /Engine/Transient.REINST_FirstPersonHUD_C_15:ExecuteUbergraph_FirstPersonHUD
[2018.07.21-10.56.27:553][  0]LogUObjectGlobals: Destroyed PersistentFrame Addr=0x000002569dc9e500, Size=688
[2018.07.21-10.56.27:553][  0]LogUObjectGlobals: Created PersistentFrame Addr=0x000002569deebd00, Size=688, Default__FirstPersonCharacter_C Function /Engine/Transient.REINST_FirstPersonCharacter_C_16:ExecuteUbergraph_FirstPersonCharacter
[2018.07.21-10.56.27:591][  0]LogUObjectGlobals: Created PersistentFrame Addr=0x000002569dfca100, Size=64, Default__FirstPerson_AnimBP_C Function /Game/FirstPerson/Animations/FirstPerson_AnimBP.FirstPerson_AnimBP_C:ExecuteUbergraph_FirstPerson_AnimBP
[2018.07.21-10.56.27:592][  0]LogUObjectGlobals: Created PersistentFrame Addr=0x000002569dc90400, Size=256, Default__FirstPersonProjectile_C Function /Game/FirstPersonBP/Blueprints/FirstPersonProjectile.FirstPersonProjectile_C:ExecuteUbergraph_FirstPersonProjectile
[2018.07.21-10.56.27:594][  0]LogUObjectGlobals: Created PersistentFrame Addr=0x000002569df74f38, Size=52, Default__FirstPersonHUD_C Function /Game/FirstPersonBP/Blueprints/FirstPersonHUD.FirstPersonHUD_C:ExecuteUbergraph_FirstPersonHUD
[2018.07.21-10.56.27:598][  0]LogUObjectGlobals: Created PersistentFrame Addr=0x000002569da09000, Size=688, Default__FirstPersonCharacter_C Function /Game/FirstPersonBP/Blueprints/FirstPersonCharacter.FirstPersonCharacter_C:ExecuteUbergraph_FirstPersonCharacter
[2018.07.21-10.56.27:837][  0]LogSkeletalMesh: Skeletal Mesh found in DDC [8.519379ms] /Game/FirstPerson/FPWeapon/Mesh/SK_FPGun.SK_FPGun
[2018.07.21-10.56.27:855][  0]LogSkeletalMesh: Skeletal Mesh found in DDC [15.085546ms] /Game/FirstPerson/Character/Mesh/SK_Mannequin_Arms.SK_Mannequin_Arms
[2018.07.21-10.56.27:863][  0]LogLoad: Game class is 'FirstPersonGameMode_C'
[2018.07.21-10.56.27:881][  0]LogWorld: Bringing World /Game/Maps/MainMenu.MainMenu up for play (max tick rate 0) at 2018.07.21-11.56.27
[2018.07.21-10.56.27:890][  0]LogWorld: Bringing up level for play took: 0.010459
[2018.07.21-10.56.27:915][  0]LogGameMode: FindPlayerStart: PATHS NOT DEFINED or NO PLAYERSTART with positive rating
[2018.07.21-10.56.28:544][  0]LogLoad: Took 1.263387 seconds to LoadMap(/Game/Maps/MainMenu)
[2018.07.21-10.56.28:709][  0]LogLoad: (Engine Initialization) Total time: 20.65 seconds
[2018.07.21-10.56.28:709][  0]LogLoad: (Engine Initialization) Total Blueprint compile time: 0.00 seconds
[2018.07.21-10.56.28:804][  0]LogRenderer: Reallocating scene render targets to support 1280x720 Format 10 NumSamples 1 (Frame:1).
[2018.07.21-10.56.29:084][  0]LogContentStreaming: Texture pool size now 1000 MB
[2018.07.21-10.56.32:044][162]LogAudio: Warning: Waited 46.644962ms for audio thread.
[2018.07.21-10.56.32:474][187]LogSlate: FSceneViewport::OnFocusLost() reason 0
[2018.07.21-10.56.32:596][194]LogSlate: Took 0.001640 seconds to synchronously load lazily loaded font '../../../Engine/Content/Slate/Fonts/Roboto-Regular.ttf' (155K)
[2018.07.21-10.56.38:154][534]LogNetVersion: FPBG 1.0.0.0, NetCL: 3944462, EngineNetVer: 2, GameNetVer: 0 (Checksum: 272724767)
[2018.07.21-10.56.38:395][534]LogPackageName: SearchForPackageOnDisk took   0.238s to resolve Lobby.umap.
[2018.07.21-10.56.38:594][534]LogPackageName: SearchForPackageOnDisk took   0.197s to resolve Lobby.umap.
[2018.07.21-10.56.38:594][534]LogNet: Browse: /Game/Maps/Lobby?listen
[2018.07.21-10.56.38:594][534]LogLoad: LoadMap: /Game/Maps/Lobby?listen
[2018.07.21-10.56.38:667][534]LogUObjectGlobals: Destroyed PersistentFrame Addr=0x000002569dc626d8, Size=52
[2018.07.21-10.56.38:668][534]LogUObjectGlobals: Destroyed PersistentFrame Addr=0x000002569dee1580, Size=72
[2018.07.21-10.56.38:668][534]LogUObjectGlobals: Destroyed PersistentFrame Addr=0x000002569dd09900, Size=256
[2018.07.21-10.56.38:668][534]LogUObjectGlobals: Destroyed PersistentFrame Addr=0x000002569deebd00, Size=688
[2018.07.21-10.56.38:668][534]LogUObjectGlobals: Destroyed PersistentFrame Addr=0x000002569dd11560, Size=32
[2018.07.21-10.56.38:668][534]LogUObjectGlobals: Destroyed PersistentFrame Addr=0x000002569dd106a0, Size=32
[2018.07.21-10.56.38:669][534]LogUObjectGlobals: Destroyed PersistentFrame Addr=0x000002569dfca100, Size=64
[2018.07.21-10.56.38:669][534]LogUObjectGlobals: Destroyed PersistentFrame Addr=0x000002569dc90400, Size=256
[2018.07.21-10.56.38:669][534]LogUObjectGlobals: Destroyed PersistentFrame Addr=0x000002569df74f38, Size=52
[2018.07.21-10.56.38:669][534]LogUObjectGlobals: Destroyed PersistentFrame Addr=0x000002569da09000, Size=688
[2018.07.21-10.56.38:943][534]LogUObjectGlobals: Created PersistentFrame Addr=0x000002568f4a5600, Size=480, Default__LobbyGM_C Function /Game/Blueprints/Lobby/LobbyGM.LobbyGM_C:ExecuteUbergraph_LobbyGM
[2018.07.21-10.56.38:949][534]LogUObjectGlobals: Created PersistentFrame Addr=0x000002569d77c400, Size=688, Default__0_Base_C Function /Game/Blueprints/Characters/0_Base.0_Base_C:ExecuteUbergraph_0_Base
[2018.07.21-10.56.38:952][534]LogUObjectGlobals: Created PersistentFrame Addr=0x000002569dc91e00, Size=256, Default__FirstPersonProjectile_C Function /Game/FirstPersonBP/Blueprints/FirstPersonProjectile.FirstPersonProjectile_C:ExecuteUbergraph_FirstPersonProjectile
[2018.07.21-10.56.38:972][534]LogUObjectGlobals: Created PersistentFrame Addr=0x00000256a5fc9990, Size=72, Default__FirstPerson_AnimBP_C Function /Game/FirstPerson/Animations/FirstPerson_AnimBP.FirstPerson_AnimBP_C:ExecuteUbergraph_FirstPerson_AnimBP
[2018.07.21-10.56.39:029][534]LogUObjectGlobals: Created PersistentFrame Addr=0x000002569def1800, Size=640, Default__LobbyPC_C Function /Game/Blueprints/Lobby/LobbyPC.LobbyPC_C:ExecuteUbergraph_LobbyPC
[2018.07.21-10.56.39:042][534]LogUObjectGlobals: Created PersistentFrame Addr=0x000002569dd35440, Size=320, Default__LobbyMenu_C Function /Game/UI/Lobby/LobbyMenu.LobbyMenu_C:ExecuteUbergraph_LobbyMenu
[2018.07.21-10.56.39:057][534]LogUObjectGlobals: Created PersistentFrame Addr=0x00000256a5e137b8, Size=4, Default__GameSettings_C Function /Game/UI/Lobby/GameSettings.GameSettings_C:ExecuteUbergraph_GameSettings
[2018.07.21-10.56.39:129][534]LogUObjectGlobals: Destroyed PersistentFrame Addr=0x00000256a5fc9990, Size=72
[2018.07.21-10.56.39:129][534]LogUObjectGlobals: Created PersistentFrame Addr=0x00000256a5cfa570, Size=72, Default__FirstPerson_AnimBP_C Function /Engine/Transient.REINST_FirstPerson_AnimBP_C_1:ExecuteUbergraph_FirstPerson_AnimBP
[2018.07.21-10.56.39:130][534]LogUObjectGlobals: Destroyed PersistentFrame Addr=0x000002569dc91e00, Size=256
[2018.07.21-10.56.39:130][534]LogUObjectGlobals: Created PersistentFrame Addr=0x000002569dd0a700, Size=256, Default__FirstPersonProjectile_C Function /Engine/Transient.REINST_FirstPersonProjectile_C_26:ExecuteUbergraph_FirstPersonProjectile
[2018.07.21-10.56.39:132][534]LogUObjectGlobals: Destroyed PersistentFrame Addr=0x000002569d77c400, Size=688
[2018.07.21-10.56.39:132][534]LogUObjectGlobals: Created PersistentFrame Addr=0x000002569deebd00, Size=688, Default__0_Base_C Function /Engine/Transient.REINST_0_Base_C_27:ExecuteUbergraph_0_Base
[2018.07.21-10.56.39:132][534]LogUObjectGlobals: Destroyed PersistentFrame Addr=0x00000256a5e137b8, Size=4
[2018.07.21-10.56.39:132][534]LogUObjectGlobals: Created PersistentFrame Addr=0x00000256a5e137b8, Size=4, Default__GameSettings_C Function /Engine/Transient.REINST_GameSettings_C_8:ExecuteUbergraph_GameSettings
[2018.07.21-10.56.39:133][534]LogUObjectGlobals: Destroyed PersistentFrame Addr=0x000002569dd35440, Size=320
[2018.07.21-10.56.39:133][534]LogUObjectGlobals: Created PersistentFrame Addr=0x000002569d95a840, Size=320, Default__LobbyMenu_C Function /Engine/Transient.REINST_LobbyMenu_C_9:ExecuteUbergraph_LobbyMenu
[2018.07.21-10.56.39:134][534]LogUObjectGlobals: Destroyed PersistentFrame Addr=0x000002569def1800, Size=640
[2018.07.21-10.56.39:134][534]LogUObjectGlobals: Created PersistentFrame Addr=0x00000256a5e0c680, Size=640, Default__LobbyPC_C Function /Engine/Transient.REINST_LobbyPC_C_28:ExecuteUbergraph_LobbyPC
[2018.07.21-10.56.39:135][534]LogUObjectGlobals: Destroyed PersistentFrame Addr=0x000002568f4a5600, Size=480
[2018.07.21-10.56.39:135][534]LogUObjectGlobals: Created PersistentFrame Addr=0x000002569dda3800, Size=480, Default__LobbyGM_C Function /Engine/Transient.REINST_LobbyGM_C_29:ExecuteUbergraph_LobbyGM
[2018.07.21-10.56.39:212][534]LogUObjectGlobals: Created PersistentFrame Addr=0x00000256b38f0bc0, Size=64, Default__FirstPerson_AnimBP_C Function /Game/FirstPerson/Animations/FirstPerson_AnimBP.FirstPerson_AnimBP_C:ExecuteUbergraph_FirstPerson_AnimBP
[2018.07.21-10.56.39:213][534]LogUObjectGlobals: Created PersistentFrame Addr=0x000002569dcc2a00, Size=256, Default__FirstPersonProjectile_C Function /Game/FirstPersonBP/Blueprints/FirstPersonProjectile.FirstPersonProjectile_C:ExecuteUbergraph_FirstPersonProjectile
[2018.07.21-10.56.39:217][534]LogUObjectGlobals: Created PersistentFrame Addr=0x00000256960db400, Size=688, Default__0_Base_C Function /Game/Blueprints/Characters/0_Base.0_Base_C:ExecuteUbergraph_0_Base
[2018.07.21-10.56.39:220][534]LogUObjectGlobals: Created PersistentFrame Addr=0x000002569df48860, Size=4, Default__GameSettings_C Function /Game/UI/Lobby/GameSettings.GameSettings_C:ExecuteUbergraph_GameSettings
[2018.07.21-10.56.39:226][534]LogUObjectGlobals: Created PersistentFrame Addr=0x000002569dc365c0, Size=320, Default__LobbyMenu_C Function /Game/UI/Lobby/LobbyMenu.LobbyMenu_C:ExecuteUbergraph_LobbyMenu
[2018.07.21-10.56.39:230][534]LogUObjectGlobals: Created PersistentFrame Addr=0x000002569c23bd80, Size=640, Default__LobbyPC_C Function /Game/Blueprints/Lobby/LobbyPC.LobbyPC_C:ExecuteUbergraph_LobbyPC
[2018.07.21-10.56.39:236][534]LogUObjectGlobals: Created PersistentFrame Addr=0x00000256fec3de00, Size=496, Default__LobbyGM_C Function /Game/Blueprints/Lobby/LobbyGM.LobbyGM_C:ExecuteUbergraph_LobbyGM
[2018.07.21-10.56.39:496][534]LogSkeletalMesh: Skeletal Mesh found in DDC [6.817892ms] /Game/FirstPerson/FPWeapon/Mesh/SK_FPGun.SK_FPGun
[2018.07.21-10.56.39:513][534]LogSkeletalMesh: Skeletal Mesh found in DDC [14.099128ms] /Game/FirstPerson/Character/Mesh/SK_Mannequin_Arms.SK_Mannequin_Arms
[2018.07.21-10.56.39:622][534]LogAIModule: Creating AISystem for world Lobby
[2018.07.21-10.56.39:623][534]LogLoad: Game class is 'LobbyGM_C'
[2018.07.21-10.56.39:628][534]LogOnline: Warning: STEAM: Steamworks: SteamUtils() failed!
[2018.07.21-10.56.39:628][534]LogOnline: Warning: STEAM: Steamworks: SteamUser() failed!
[2018.07.21-10.56.39:628][534]LogOnline: Warning: STEAM: Steamworks: SteamFriends() failed!
[2018.07.21-10.56.39:628][534]LogOnline: Warning: STEAM: Steamworks: SteamRemoteStorage() failed!
[2018.07.21-10.56.39:628][534]LogOnline: Warning: STEAM: Steamworks: SteamUserStats() failed!
[2018.07.21-10.56.39:628][534]LogOnline: Warning: STEAM: Steamworks: SteamMatchmakingServers() failed!
[2018.07.21-10.56.39:629][534]LogOnline: Warning: STEAM: Steamworks: SteamApps() failed!
[2018.07.21-10.56.39:629][534]LogOnline: Warning: STEAM: Steamworks: SteamNetworking() failed!
[2018.07.21-10.56.39:629][534]LogOnline: Warning: STEAM: Steamworks: SteamMatchmaking() failed!
[2018.07.21-10.56.39:629][534]LogOnline: Display: STEAM: OnlineSubsystemSteam::Shutdown()
[2018.07.21-10.56.39:644][534]LogOnline: Warning: STEAM: Steam API failed to initialize!
[2018.07.21-10.56.39:644][534]LogOnline: Display: STEAM: OnlineSubsystemSteam::Shutdown()
[2018.07.21-10.56.39:658][534]LogTemp: Display: ParseSettings for GameNetDriver
[2018.07.21-10.56.39:659][534]LogTemp: Display: ParseSettings for IpNetDriver_0
[2018.07.21-10.56.39:659][534]LogTemp: Display: ParseSettings for GameNetDriver
[2018.07.21-10.56.39:681][534]LogInit: WinSock: Socket queue 131072 / 131072
[2018.07.21-10.56.39:689][534]PacketHandlerLog: Loaded PacketHandler component: Engine.EngineHandlerComponentFactory (StatelessConnectHandlerComponent)
[2018.07.21-10.56.39:732][534]LogNet: GameNetDriver IpNetDriver_0 IpNetDriver listening on port 7777
[2018.07.21-10.56.39:736][534]LogWorld: Bringing World /Game/Maps/Lobby.Lobby up for play (max tick rate 0) at 2018.07.21-11.56.39
[2018.07.21-10.56.39:752][534]LogWorld: Bringing up level for play took: 0.018332
[2018.07.21-10.56.39:829][534]LogGameMode: Display: Match State Changed from EnteringMap to WaitingToStart
[2018.07.21-10.56.39:829][534]LogGameState: Match State Changed from EnteringMap to WaitingToStart
[2018.07.21-10.56.39:829][534]LogGameMode: Display: Match State Changed from WaitingToStart to InProgress
[2018.07.21-10.56.39:830][534]LogGameState: Match State Changed from WaitingToStart to InProgress
[2018.07.21-10.56.39:830][534]LogLoad: Took 1.235743 seconds to LoadMap(/Game/Maps/Lobby)
[2018.07.21-10.56.59:087][582]LogSlate: FSceneViewport::OnFocusLost() reason 0
[2018.07.21-10.57.00:354][652]PIE: Warning: This widget does not support focus.  If this is a UserWidget, you should set bIsFocusable to true.
[2018.07.21-10.57.01:432][712]LogSlate: FSceneViewport::OnFocusLost() reason 0
[2018.07.21-10.57.01:724][715]LogPackageName: SearchForPackageOnDisk took   0.202s to resolve MainMenu.umap.
[2018.07.21-10.57.01:733][715]LogGameMode: Display: Match State Changed from InProgress to LeavingMap
[2018.07.21-10.57.01:733][715]LogGameState: Match State Changed from InProgress to LeavingMap
[2018.07.21-10.57.01:934][715]LogPackageName: SearchForPackageOnDisk took   0.200s to resolve MainMenu.umap.
[2018.07.21-10.57.01:934][715]LogNet: Browse: /Game/Maps/MainMenu
[2018.07.21-10.57.01:934][715]LogLoad: LoadMap: /Game/Maps/MainMenu
[2018.07.21-10.57.01:934][715]LogNet: World NetDriver shutdown IpNetDriver_0 [GameNetDriver]
[2018.07.21-10.57.01:934][715]LogNet: DestroyNamedNetDriver IpNetDriver_0 [GameNetDriver]
[2018.07.21-10.57.01:944][715]LogExit: GameNetDriver IpNetDriver_0 shut down
[2018.07.21-10.57.01:945][715]LogScriptCore: Warning: Script Msg: DestroySession - Invalid player state
[2018.07.21-10.57.01:983][715]LogUObjectGlobals: Destroyed PersistentFrame Addr=0x000002569dd0a700, Size=256
[2018.07.21-10.57.01:983][715]LogUObjectGlobals: Destroyed PersistentFrame Addr=0x000002569deebd00, Size=688
[2018.07.21-10.57.01:983][715]LogUObjectGlobals: Destroyed PersistentFrame Addr=0x000002569dda3800, Size=480
[2018.07.21-10.57.01:985][715]LogUObjectGlobals: Destroyed PersistentFrame Addr=0x00000256a5cfa570, Size=72
[2018.07.21-10.57.01:985][715]LogUObjectGlobals: Destroyed PersistentFrame Addr=0x00000256a5e0c680, Size=640
[2018.07.21-10.57.01:985][715]LogUObjectGlobals: Destroyed PersistentFrame Addr=0x000002569d95a840, Size=320
[2018.07.21-10.57.01:985][715]LogUObjectGlobals: Destroyed PersistentFrame Addr=0x00000256a5e137b8, Size=4
[2018.07.21-10.57.01:987][715]LogUObjectGlobals: Destroyed PersistentFrame Addr=0x00000256b38f0bc0, Size=64
[2018.07.21-10.57.01:987][715]LogUObjectGlobals: Destroyed PersistentFrame Addr=0x000002569dcc2a00, Size=256
[2018.07.21-10.57.01:987][715]LogUObjectGlobals: Destroyed PersistentFrame Addr=0x00000256960db400, Size=688
[2018.07.21-10.57.01:987][715]LogUObjectGlobals: Destroyed PersistentFrame Addr=0x000002569df48860, Size=4
[2018.07.21-10.57.01:987][715]LogUObjectGlobals: Destroyed PersistentFrame Addr=0x000002569dc365c0, Size=320
[2018.07.21-10.57.01:987][715]LogUObjectGlobals: Destroyed PersistentFrame Addr=0x000002569c23bd80, Size=640
[2018.07.21-10.57.01:987][715]LogUObjectGlobals: Destroyed PersistentFrame Addr=0x00000256fec3de00, Size=496
[2018.07.21-10.57.01:999][715]LogUObjectGlobals: Created PersistentFrame Addr=0x000002569e1af060, Size=32, Default__MainMenu_C Function /Game/Maps/MainMenu.MainMenu_C:ExecuteUbergraph_MainMenu
[2018.07.21-10.57.02:001][715]LogUObjectGlobals: Destroyed PersistentFrame Addr=0x000002569e1af060, Size=32
[2018.07.21-10.57.02:001][715]LogUObjectGlobals: Created PersistentFrame Addr=0x000002569e1af060, Size=32, Default__MainMenu_C Function /Engine/Transient.REINST_MainMenu_C_41:ExecuteUbergraph_MainMenu
[2018.07.21-10.57.02:003][715]LogUObjectGlobals: Created PersistentFrame Addr=0x000002569e1ac420, Size=32, Default__MainMenu_C Function /Game/Maps/MainMenu.MainMenu_C:ExecuteUbergraph_MainMenu
[2018.07.21-10.57.02:009][715]LogAIModule: Creating AISystem for world MainMenu
[2018.07.21-10.57.02:033][715]LogUObjectGlobals: Created PersistentFrame Addr=0x000002569d77f100, Size=688, Default__FirstPersonCharacter_C Function /Game/FirstPersonBP/Blueprints/FirstPersonCharacter.FirstPersonCharacter_C:ExecuteUbergraph_FirstPersonCharacter
[2018.07.21-10.57.02:036][715]LogUObjectGlobals: Created PersistentFrame Addr=0x000002569e094d00, Size=256, Default__FirstPersonProjectile_C Function /Game/FirstPersonBP/Blueprints/FirstPersonProjectile.FirstPersonProjectile_C:ExecuteUbergraph_FirstPersonProjectile
[2018.07.21-10.57.02:055][715]LogUObjectGlobals: Created PersistentFrame Addr=0x000002569e00e160, Size=72, Default__FirstPerson_AnimBP_C Function /Game/FirstPerson/Animations/FirstPerson_AnimBP.FirstPerson_AnimBP_C:ExecuteUbergraph_FirstPerson_AnimBP
[2018.07.21-10.57.02:110][715]LogUObjectGlobals: Created PersistentFrame Addr=0x00000256a53cba88, Size=52, Default__FirstPersonHUD_C Function /Game/FirstPersonBP/Blueprints/FirstPersonHUD.FirstPersonHUD_C:ExecuteUbergraph_FirstPersonHUD
[2018.07.21-10.57.02:130][715]LogUObjectGlobals: Destroyed PersistentFrame Addr=0x000002569e00e160, Size=72
[2018.07.21-10.57.02:130][715]LogUObjectGlobals: Created PersistentFrame Addr=0x000002569dd8d9e0, Size=72, Default__FirstPerson_AnimBP_C Function /Engine/Transient.REINST_FirstPerson_AnimBP_C_2:ExecuteUbergraph_FirstPerson_AnimBP
[2018.07.21-10.57.02:131][715]LogUObjectGlobals: Destroyed PersistentFrame Addr=0x000002569e094d00, Size=256
[2018.07.21-10.57.02:131][715]LogUObjectGlobals: Created PersistentFrame Addr=0x000002569dd08500, Size=256, Default__FirstPersonProjectile_C Function /Engine/Transient.REINST_FirstPersonProjectile_C_43:ExecuteUbergraph_FirstPersonProjectile
[2018.07.21-10.57.02:131][715]LogUObjectGlobals: Destroyed PersistentFrame Addr=0x00000256a53cba88, Size=52
[2018.07.21-10.57.02:131][715]LogUObjectGlobals: Created PersistentFrame Addr=0x00000256a53cba88, Size=52, Default__FirstPersonHUD_C Function /Engine/Transient.REINST_FirstPersonHUD_C_44:ExecuteUbergraph_FirstPersonHUD
[2018.07.21-10.57.02:133][715]LogUObjectGlobals: Destroyed PersistentFrame Addr=0x000002569d77f100, Size=688
[2018.07.21-10.57.02:133][715]LogUObjectGlobals: Created PersistentFrame Addr=0x000002569deb8a00, Size=688, Default__FirstPersonCharacter_C Function /Engine/Transient.REINST_FirstPersonCharacter_C_45:ExecuteUbergraph_FirstPersonCharacter
[2018.07.21-10.57.02:167][715]LogUObjectGlobals: Created PersistentFrame Addr=0x000002569de82040, Size=64, Default__FirstPerson_AnimBP_C Function /Game/FirstPerson/Animations/FirstPerson_AnimBP.FirstPerson_AnimBP_C:ExecuteUbergraph_FirstPerson_AnimBP
[2018.07.21-10.57.02:169][715]LogUObjectGlobals: Created PersistentFrame Addr=0x000002568c90e300, Size=256, Default__FirstPersonProjectile_C Function /Game/FirstPersonBP/Blueprints/FirstPersonProjectile.FirstPersonProjectile_C:ExecuteUbergraph_FirstPersonProjectile
[2018.07.21-10.57.02:170][715]LogUObjectGlobals: Created PersistentFrame Addr=0x000002569df75168, Size=52, Default__FirstPersonHUD_C Function /Game/FirstPersonBP/Blueprints/FirstPersonHUD.FirstPersonHUD_C:ExecuteUbergraph_FirstPersonHUD
[2018.07.21-10.57.02:175][715]LogUObjectGlobals: Created PersistentFrame Addr=0x000002569dfd4700, Size=688, Default__FirstPersonCharacter_C Function /Game/FirstPersonBP/Blueprints/FirstPersonCharacter.FirstPersonCharacter_C:ExecuteUbergraph_FirstPersonCharacter
[2018.07.21-10.57.02:389][715]LogSkeletalMesh: Skeletal Mesh found in DDC [6.490650ms] /Game/FirstPerson/FPWeapon/Mesh/SK_FPGun.SK_FPGun
[2018.07.21-10.57.02:403][715]LogSkeletalMesh: Skeletal Mesh found in DDC [11.947097ms] /Game/FirstPerson/Character/Mesh/SK_Mannequin_Arms.SK_Mannequin_Arms
[2018.07.21-10.57.02:412][715]LogLoad: Game class is 'FirstPersonGameMode_C'
[2018.07.21-10.57.02:414][715]LogWorld: Bringing World /Game/Maps/MainMenu.MainMenu up for play (max tick rate 0) at 2018.07.21-11.57.02
[2018.07.21-10.57.02:415][715]LogWorld: Bringing up level for play took: 0.000930
[2018.07.21-10.57.02:415][715]LogGameMode: FindPlayerStart: PATHS NOT DEFINED or NO PLAYERSTART with positive rating
[2018.07.21-10.57.02:419][715]LogLoad: Took 0.485395 seconds to LoadMap(/Game/Maps/MainMenu)
[2018.07.21-10.57.28:474][299]LogPackageName: SearchForPackageOnDisk took   0.209s to resolve Lobby.umap.
[2018.07.21-10.57.28:679][299]LogPackageName: SearchForPackageOnDisk took   0.203s to resolve Lobby.umap.
[2018.07.21-10.57.28:679][299]LogNet: Browse: /Game/Maps/Lobby?listen
[2018.07.21-10.57.28:679][299]LogLoad: LoadMap: /Game/Maps/Lobby?listen
[2018.07.21-10.57.28:714][299]LogUObjectGlobals: Destroyed PersistentFrame Addr=0x000002569dfd4700, Size=688
[2018.07.21-10.57.28:714][299]LogUObjectGlobals: Destroyed PersistentFrame Addr=0x000002569df75168, Size=52
[2018.07.21-10.57.28:714][299]LogUObjectGlobals: Destroyed PersistentFrame Addr=0x000002568c90e300, Size=256
[2018.07.21-10.57.28:714][299]LogUObjectGlobals: Destroyed PersistentFrame Addr=0x000002569de82040, Size=64
[2018.07.21-10.57.28:715][299]LogUObjectGlobals: Destroyed PersistentFrame Addr=0x00000256a53cba88, Size=52
[2018.07.21-10.57.28:715][299]LogUObjectGlobals: Destroyed PersistentFrame Addr=0x000002569dd8d9e0, Size=72
[2018.07.21-10.57.28:715][299]LogUObjectGlobals: Destroyed PersistentFrame Addr=0x000002569dd08500, Size=256
[2018.07.21-10.57.28:715][299]LogUObjectGlobals: Destroyed PersistentFrame Addr=0x000002569deb8a00, Size=688
[2018.07.21-10.57.28:715][299]LogUObjectGlobals: Destroyed PersistentFrame Addr=0x000002569e1ac420, Size=32
[2018.07.21-10.57.28:715][299]LogUObjectGlobals: Destroyed PersistentFrame Addr=0x000002569e1af060, Size=32
[2018.07.21-10.57.28:884][299]LogUObjectGlobals: Created PersistentFrame Addr=0x00000256b41c4c00, Size=480, Default__LobbyGM_C Function /Game/Blueprints/Lobby/LobbyGM.LobbyGM_C:ExecuteUbergraph_LobbyGM
[2018.07.21-10.57.28:890][299]LogUObjectGlobals: Created PersistentFrame Addr=0x00000256b4207d00, Size=688, Default__0_Base_C Function /Game/Blueprints/Characters/0_Base.0_Base_C:ExecuteUbergraph_0_Base
[2018.07.21-10.57.28:893][299]LogUObjectGlobals: Created PersistentFrame Addr=0x000002569dd18d00, Size=256, Default__FirstPersonProjectile_C Function /Game/FirstPersonBP/Blueprints/FirstPersonProjectile.FirstPersonProjectile_C:ExecuteUbergraph_FirstPersonProjectile
[2018.07.21-10.57.28:913][299]LogUObjectGlobals: Created PersistentFrame Addr=0x00000256b3941710, Size=72, Default__FirstPerson_AnimBP_C Function /Game/FirstPerson/Animations/FirstPerson_AnimBP.FirstPerson_AnimBP_C:ExecuteUbergraph_FirstPerson_AnimBP
[2018.07.21-10.57.28:969][299]LogUObjectGlobals: Created PersistentFrame Addr=0x00000256a5d7c400, Size=640, Default__LobbyPC_C Function /Game/Blueprints/Lobby/LobbyPC.LobbyPC_C:ExecuteUbergraph_LobbyPC
[2018.07.21-10.57.28:982][299]LogUObjectGlobals: Created PersistentFrame Addr=0x000002568efe2200, Size=320, Default__LobbyMenu_C Function /Game/UI/Lobby/LobbyMenu.LobbyMenu_C:ExecuteUbergraph_LobbyMenu
[2018.07.21-10.57.28:998][299]LogUObjectGlobals: Created PersistentFrame Addr=0x00000256a5e13098, Size=4, Default__GameSettings_C Function /Game/UI/Lobby/GameSettings.GameSettings_C:ExecuteUbergraph_GameSettings
[2018.07.21-10.57.29:069][299]LogUObjectGlobals: Destroyed PersistentFrame Addr=0x00000256b3941710, Size=72
[2018.07.21-10.57.29:070][299]LogUObjectGlobals: Created PersistentFrame Addr=0x00000256b3998b30, Size=72, Default__FirstPerson_AnimBP_C Function /Engine/Transient.REINST_FirstPerson_AnimBP_C_3:ExecuteUbergraph_FirstPerson_AnimBP
[2018.07.21-10.57.29:070][299]LogUObjectGlobals: Destroyed PersistentFrame Addr=0x000002569dd18d00, Size=256
[2018.07.21-10.57.29:070][299]LogUObjectGlobals: Created PersistentFrame Addr=0x000002569de68800, Size=256, Default__FirstPersonProjectile_C Function /Engine/Transient.REINST_FirstPersonProjectile_C_55:ExecuteUbergraph_FirstPersonProjectile
[2018.07.21-10.57.29:072][299]LogUObjectGlobals: Destroyed PersistentFrame Addr=0x00000256b4207d00, Size=688
[2018.07.21-10.57.29:072][299]LogUObjectGlobals: Created PersistentFrame Addr=0x000002569dc9c100, Size=688, Default__0_Base_C Function /Engine/Transient.REINST_0_Base_C_56:ExecuteUbergraph_0_Base
[2018.07.21-10.57.29:072][299]LogUObjectGlobals: Destroyed PersistentFrame Addr=0x00000256a5e13098, Size=4
[2018.07.21-10.57.29:072][299]LogUObjectGlobals: Created PersistentFrame Addr=0x00000256a5e13098, Size=4, Default__GameSettings_C Function /Engine/Transient.REINST_GameSettings_C_13:ExecuteUbergraph_GameSettings
[2018.07.21-10.57.29:073][299]LogUObjectGlobals: Destroyed PersistentFrame Addr=0x000002568efe2200, Size=320
[2018.07.21-10.57.29:073][299]LogUObjectGlobals: Created PersistentFrame Addr=0x000002569dc34180, Size=320, Default__LobbyMenu_C Function /Engine/Transient.REINST_LobbyMenu_C_14:ExecuteUbergraph_LobbyMenu
[2018.07.21-10.57.29:075][299]LogUObjectGlobals: Destroyed PersistentFrame Addr=0x00000256a5d7c400, Size=640
[2018.07.21-10.57.29:075][299]LogUObjectGlobals: Created PersistentFrame Addr=0x000002569dd9a700, Size=640, Default__LobbyPC_C Function /Engine/Transient.REINST_LobbyPC_C_57:ExecuteUbergraph_LobbyPC
[2018.07.21-10.57.29:076][299]LogUObjectGlobals: Destroyed PersistentFrame Addr=0x00000256b41c4c00, Size=480
[2018.07.21-10.57.29:076][299]LogUObjectGlobals: Created PersistentFrame Addr=0x000002569d9c0a00, Size=480, Default__LobbyGM_C Function /Engine/Transient.REINST_LobbyGM_C_58:ExecuteUbergraph_LobbyGM
[2018.07.21-10.57.29:151][299]LogUObjectGlobals: Created PersistentFrame Addr=0x0000025690004a80, Size=64, Default__FirstPerson_AnimBP_C Function /Game/FirstPerson/Animations/FirstPerson_AnimBP.FirstPerson_AnimBP_C:ExecuteUbergraph_FirstPerson_AnimBP
[2018.07.21-10.57.29:152][299]LogUObjectGlobals: Created PersistentFrame Addr=0x000002569dd09c00, Size=256, Default__FirstPersonProjectile_C Function /Game/FirstPersonBP/Blueprints/FirstPersonProjectile.FirstPersonProjectile_C:ExecuteUbergraph_FirstPersonProjectile
[2018.07.21-10.57.29:157][299]LogUObjectGlobals: Created PersistentFrame Addr=0x00000256a5d1dc00, Size=688, Default__0_Base_C Function /Game/Blueprints/Characters/0_Base.0_Base_C:ExecuteUbergraph_0_Base
[2018.07.21-10.57.29:159][299]LogUObjectGlobals: Created PersistentFrame Addr=0x00000256a5370e88, Size=4, Default__GameSettings_C Function /Game/UI/Lobby/GameSettings.GameSettings_C:ExecuteUbergraph_GameSettings
[2018.07.21-10.57.29:165][299]LogUObjectGlobals: Created PersistentFrame Addr=0x000002569ded0900, Size=320, Default__LobbyMenu_C Function /Game/UI/Lobby/LobbyMenu.LobbyMenu_C:ExecuteUbergraph_LobbyMenu
[2018.07.21-10.57.29:169][299]LogUObjectGlobals: Created PersistentFrame Addr=0x00000256966e1080, Size=640, Default__LobbyPC_C Function /Game/Blueprints/Lobby/LobbyPC.LobbyPC_C:ExecuteUbergraph_LobbyPC
[2018.07.21-10.57.29:175][299]LogUObjectGlobals: Created PersistentFrame Addr=0x000002568f4a5600, Size=496, Default__LobbyGM_C Function /Game/Blueprints/Lobby/LobbyGM.LobbyGM_C:ExecuteUbergraph_LobbyGM
[2018.07.21-10.57.29:412][299]LogSkeletalMesh: Skeletal Mesh found in DDC [6.645098ms] /Game/FirstPerson/FPWeapon/Mesh/SK_FPGun.SK_FPGun
[2018.07.21-10.57.29:494][299]LogSkeletalMesh: Skeletal Mesh found in DDC [11.677879ms] /Game/FirstPerson/Character/Mesh/SK_Mannequin_Arms.SK_Mannequin_Arms
[2018.07.21-10.57.29:508][299]LogAIModule: Creating AISystem for world Lobby
[2018.07.21-10.57.29:508][299]LogLoad: Game class is 'LobbyGM_C'
[2018.07.21-10.57.29:509][299]LogOnline: Warning: STEAM: Steamworks: SteamUtils() failed!
[2018.07.21-10.57.29:510][299]LogOnline: Warning: STEAM: Steamworks: SteamUser() failed!
[2018.07.21-10.57.29:510][299]LogOnline: Warning: STEAM: Steamworks: SteamFriends() failed!
[2018.07.21-10.57.29:510][299]LogOnline: Warning: STEAM: Steamworks: SteamRemoteStorage() failed!
[2018.07.21-10.57.29:510][299]LogOnline: Warning: STEAM: Steamworks: SteamUserStats() failed!
[2018.07.21-10.57.29:510][299]LogOnline: Warning: STEAM: Steamworks: SteamMatchmakingServers() failed!
[2018.07.21-10.57.29:510][299]LogOnline: Warning: STEAM: Steamworks: SteamApps() failed!
[2018.07.21-10.57.29:510][299]LogOnline: Warning: STEAM: Steamworks: SteamNetworking() failed!
[2018.07.21-10.57.29:510][299]LogOnline: Warning: STEAM: Steamworks: SteamMatchmaking() failed!
[2018.07.21-10.57.29:510][299]LogOnline: Display: STEAM: OnlineSubsystemSteam::Shutdown()
[2018.07.21-10.57.29:510][299]LogOnline: Warning: STEAM: Steam API failed to initialize!
[2018.07.21-10.57.29:510][299]LogOnline: Display: STEAM: OnlineSubsystemSteam::Shutdown()
[2018.07.21-10.57.29:510][299]LogTemp: Display: ParseSettings for GameNetDriver
[2018.07.21-10.57.29:511][299]LogTemp: Display: ParseSettings for IpNetDriver_1
[2018.07.21-10.57.29:511][299]LogTemp: Display: ParseSettings for GameNetDriver
[2018.07.21-10.57.29:511][299]LogInit: WinSock: Socket queue 131072 / 131072
[2018.07.21-10.57.29:511][299]PacketHandlerLog: Loaded PacketHandler component: Engine.EngineHandlerComponentFactory (StatelessConnectHandlerComponent)
[2018.07.21-10.57.29:511][299]LogNet: GameNetDriver IpNetDriver_1 IpNetDriver listening on port 7777
[2018.07.21-10.57.29:515][299]LogWorld: Bringing World /Game/Maps/Lobby.Lobby up for play (max tick rate 0) at 2018.07.21-11.57.29
[2018.07.21-10.57.29:515][299]LogWorld: Bringing up level for play took: 0.002477
[2018.07.21-10.57.29:523][299]LogGameMode: Display: Match State Changed from EnteringMap to WaitingToStart
[2018.07.21-10.57.29:523][299]LogGameState: Match State Changed from EnteringMap to WaitingToStart
[2018.07.21-10.57.29:523][299]LogGameMode: Display: Match State Changed from WaitingToStart to InProgress
[2018.07.21-10.57.29:524][299]LogGameState: Match State Changed from WaitingToStart to InProgress
[2018.07.21-10.57.29:525][299]LogLoad: Took 0.845258 seconds to LoadMap(/Game/Maps/Lobby)
[2018.07.21-10.57.30:214][320]LogUObjectGlobals: Destroyed PersistentFrame Addr=0x00000256a5e13098, Size=4
[2018.07.21-10.57.30:214][320]LogUObjectGlobals: Destroyed PersistentFrame Addr=0x000002569dc34180, Size=320
[2018.07.21-10.57.30:214][320]LogUObjectGlobals: Destroyed PersistentFrame Addr=0x000002569dd9a700, Size=640
[2018.07.21-10.57.30:214][320]LogUObjectGlobals: Destroyed PersistentFrame Addr=0x00000256b3998b30, Size=72
[2018.07.21-10.57.30:214][320]LogUObjectGlobals: Destroyed PersistentFrame Addr=0x000002569de68800, Size=256
[2018.07.21-10.57.30:214][320]LogUObjectGlobals: Destroyed PersistentFrame Addr=0x000002569dc9c100, Size=688
[2018.07.21-10.57.30:214][320]LogUObjectGlobals: Destroyed PersistentFrame Addr=0x000002569d9c0a00, Size=480
[2018.07.21-10.57.41:968][973]LogSlate: FSceneViewport::OnFocusLost() reason 0
[2018.07.21-10.57.42:972][ 28]PIE: Warning: This widget does not support focus.  If this is a UserWidget, you should set bIsFocusable to true.
[2018.07.21-10.57.43:689][ 68]LogSlate: FSceneViewport::OnFocusLost() reason 0
[2018.07.21-10.57.43:965][ 72]LogPackageName: SearchForPackageOnDisk took   0.204s to resolve MainMenu.umap.
[2018.07.21-10.57.43:965][ 72]LogGameMode: Display: Match State Changed from InProgress to LeavingMap
[2018.07.21-10.57.43:965][ 72]LogGameState: Match State Changed from InProgress to LeavingMap
[2018.07.21-10.57.44:163][ 72]LogPackageName: SearchForPackageOnDisk took   0.197s to resolve MainMenu.umap.
[2018.07.21-10.57.44:163][ 72]LogNet: Browse: /Game/Maps/MainMenu
[2018.07.21-10.57.44:163][ 72]LogLoad: LoadMap: /Game/Maps/MainMenu
[2018.07.21-10.57.44:164][ 72]LogNet: World NetDriver shutdown IpNetDriver_1 [GameNetDriver]
[2018.07.21-10.57.44:164][ 72]LogNet: DestroyNamedNetDriver IpNetDriver_1 [GameNetDriver]
[2018.07.21-10.57.44:164][ 72]LogExit: GameNetDriver IpNetDriver_1 shut down
[2018.07.21-10.57.44:165][ 72]LogScriptCore: Warning: Script Msg: DestroySession - Invalid player state
[2018.07.21-10.57.44:201][ 72]LogUObjectGlobals: Destroyed PersistentFrame Addr=0x000002568f4a5600, Size=496
[2018.07.21-10.57.44:201][ 72]LogUObjectGlobals: Destroyed PersistentFrame Addr=0x00000256966e1080, Size=640
[2018.07.21-10.57.44:201][ 72]LogUObjectGlobals: Destroyed PersistentFrame Addr=0x000002569ded0900, Size=320
[2018.07.21-10.57.44:201][ 72]LogUObjectGlobals: Destroyed PersistentFrame Addr=0x00000256a5370e88, Size=4
[2018.07.21-10.57.44:201][ 72]LogUObjectGlobals: Destroyed PersistentFrame Addr=0x00000256a5d1dc00, Size=688
[2018.07.21-10.57.44:201][ 72]LogUObjectGlobals: Destroyed PersistentFrame Addr=0x000002569dd09c00, Size=256
[2018.07.21-10.57.44:201][ 72]LogUObjectGlobals: Destroyed PersistentFrame Addr=0x0000025690004a80, Size=64
[2018.07.21-10.57.44:213][ 72]LogUObjectGlobals: Created PersistentFrame Addr=0x000002569ddfeb60, Size=32, Default__MainMenu_C Function /Game/Maps/MainMenu.MainMenu_C:ExecuteUbergraph_MainMenu
[2018.07.21-10.57.44:214][ 72]LogUObjectGlobals: Destroyed PersistentFrame Addr=0x000002569ddfeb60, Size=32
[2018.07.21-10.57.44:215][ 72]LogUObjectGlobals: Created PersistentFrame Addr=0x000002569ddfeb60, Size=32, Default__MainMenu_C Function /Engine/Transient.REINST_MainMenu_C_70:ExecuteUbergraph_MainMenu
[2018.07.21-10.57.44:216][ 72]LogUObjectGlobals: Created PersistentFrame Addr=0x000002569ddfc5e0, Size=32, Default__MainMenu_C Function /Game/Maps/MainMenu.MainMenu_C:ExecuteUbergraph_MainMenu
[2018.07.21-10.57.44:222][ 72]LogAIModule: Creating AISystem for world MainMenu
[2018.07.21-10.57.44:247][ 72]LogUObjectGlobals: Created PersistentFrame Addr=0x000002568ffb5300, Size=688, Default__FirstPersonCharacter_C Function /Game/FirstPersonBP/Blueprints/FirstPersonCharacter.FirstPersonCharacter_C:ExecuteUbergraph_FirstPersonCharacter
[2018.07.21-10.57.44:250][ 72]LogUObjectGlobals: Created PersistentFrame Addr=0x00000256b4159500, Size=256, Default__FirstPersonProjectile_C Function /Game/FirstPersonBP/Blueprints/FirstPersonProjectile.FirstPersonProjectile_C:ExecuteUbergraph_FirstPersonProjectile
[2018.07.21-10.57.44:270][ 72]LogUObjectGlobals: Created PersistentFrame Addr=0x000002569d9e85e0, Size=72, Default__FirstPerson_AnimBP_C Function /Game/FirstPerson/Animations/FirstPerson_AnimBP.FirstPerson_AnimBP_C:ExecuteUbergraph_FirstPerson_AnimBP
[2018.07.21-10.57.44:326][ 72]LogUObjectGlobals: Created PersistentFrame Addr=0x00000256a85889f8, Size=52, Default__FirstPersonHUD_C Function /Game/FirstPersonBP/Blueprints/FirstPersonHUD.FirstPersonHUD_C:ExecuteUbergraph_FirstPersonHUD
[2018.07.21-10.57.44:345][ 72]LogUObjectGlobals: Destroyed PersistentFrame Addr=0x000002569d9e85e0, Size=72
[2018.07.21-10.57.44:345][ 72]LogUObjectGlobals: Created PersistentFrame Addr=0x00000256a5fb89a0, Size=72, Default__FirstPerson_AnimBP_C Function /Engine/Transient.REINST_FirstPerson_AnimBP_C_4:ExecuteUbergraph_FirstPerson_AnimBP
[2018.07.21-10.57.44:346][ 72]LogUObjectGlobals: Destroyed PersistentFrame Addr=0x00000256b4159500, Size=256
[2018.07.21-10.57.44:346][ 72]LogUObjectGlobals: Created PersistentFrame Addr=0x00000256b4159500, Size=256, Default__FirstPersonProjectile_C Function /Engine/Transient.REINST_FirstPersonProjectile_C_72:ExecuteUbergraph_FirstPersonProjectile
[2018.07.21-10.57.44:346][ 72]LogUObjectGlobals: Destroyed PersistentFrame Addr=0x00000256a85889f8, Size=52
[2018.07.21-10.57.44:346][ 72]LogUObjectGlobals: Created PersistentFrame Addr=0x00000256a85889f8, Size=52, Default__FirstPersonHUD_C Function /Engine/Transient.REINST_FirstPersonHUD_C_73:ExecuteUbergraph_FirstPersonHUD
[2018.07.21-10.57.44:348][ 72]LogUObjectGlobals: Destroyed PersistentFrame Addr=0x000002568ffb5300, Size=688
[2018.07.21-10.57.44:348][ 72]LogUObjectGlobals: Created PersistentFrame Addr=0x000002569816c100, Size=688, Default__FirstPersonCharacter_C Function /Engine/Transient.REINST_FirstPersonCharacter_C_74:ExecuteUbergraph_FirstPersonCharacter
[2018.07.21-10.57.44:382][ 72]LogUObjectGlobals: Created PersistentFrame Addr=0x00000256a5ec5cc0, Size=64, Default__FirstPerson_AnimBP_C Function /Game/FirstPerson/Animations/FirstPerson_AnimBP.FirstPerson_AnimBP_C:ExecuteUbergraph_FirstPerson_AnimBP
[2018.07.21-10.57.44:383][ 72]LogUObjectGlobals: Created PersistentFrame Addr=0x000002569dcc0800, Size=256, Default__FirstPersonProjectile_C Function /Game/FirstPersonBP/Blueprints/FirstPersonProjectile.FirstPersonProjectile_C:ExecuteUbergraph_FirstPersonProjectile
[2018.07.21-10.57.44:384][ 72]LogUObjectGlobals: Created PersistentFrame Addr=0x00000256a53c8918, Size=52, Default__FirstPersonHUD_C Function /Game/FirstPersonBP/Blueprints/FirstPersonHUD.FirstPersonHUD_C:ExecuteUbergraph_FirstPersonHUD
[2018.07.21-10.57.44:389][ 72]LogUObjectGlobals: Created PersistentFrame Addr=0x00000256a6044400, Size=688, Default__FirstPersonCharacter_C Function /Game/FirstPersonBP/Blueprints/FirstPersonCharacter.FirstPersonCharacter_C:ExecuteUbergraph_FirstPersonCharacter
[2018.07.21-10.57.44:599][ 72]LogSkeletalMesh: Skeletal Mesh found in DDC [6.583660ms] /Game/FirstPerson/FPWeapon/Mesh/SK_FPGun.SK_FPGun
[2018.07.21-10.57.44:615][ 72]LogSkeletalMesh: Skeletal Mesh found in DDC [10.909054ms] /Game/FirstPerson/Character/Mesh/SK_Mannequin_Arms.SK_Mannequin_Arms
[2018.07.21-10.57.44:621][ 72]LogLoad: Game class is 'FirstPersonGameMode_C'
[2018.07.21-10.57.44:624][ 72]LogWorld: Bringing World /Game/Maps/MainMenu.MainMenu up for play (max tick rate 0) at 2018.07.21-11.57.44
[2018.07.21-10.57.44:624][ 72]LogWorld: Bringing up level for play took: 0.001407
[2018.07.21-10.57.44:625][ 72]LogGameMode: FindPlayerStart: PATHS NOT DEFINED or NO PLAYERSTART with positive rating
[2018.07.21-10.57.44:630][ 72]LogLoad: Took 0.466476 seconds to LoadMap(/Game/Maps/MainMenu)
[2018.07.21-10.57.45:783][132]Closing by request
[2018.07.21-10.57.45:784][132]LogWindows: FPlatformMisc::RequestExit(0)
[2018.07.21-10.57.45:888][133]LogSlate: Window 'FPBG (64-bit, PCD3D_SM5) ' being destroyed
[2018.07.21-10.57.45:889][133]LogWindowsTextInputMethodSystem: Display: IME system now deactivated.
[2018.07.21-10.57.45:898][133]LogSlate: Slate User Destroyed.  User Index 0, Is Virtual User: 0
[2018.07.21-10.57.45:899][133]LogExit: Preparing to exit.
[2018.07.21-10.57.45:899][133]LogMoviePlayer: Shutting down movie player
[2018.07.21-10.57.47:024][133]LogExit: Game engine shut down
[2018.07.21-10.57.47:046][133]LogUObjectGlobals: Destroyed PersistentFrame Addr=0x000002569dd07380, Size=528
[2018.07.21-10.57.47:046][133]LogUObjectGlobals: Destroyed PersistentFrame Addr=0x000002569ddf0400, Size=96
[2018.07.21-10.57.47:046][133]LogUObjectGlobals: Destroyed PersistentFrame Addr=0x000002569e06b1a0, Size=40
[2018.07.21-10.57.47:046][133]LogUObjectGlobals: Destroyed PersistentFrame Addr=0x000002569dcb2b70, Size=104
[2018.07.21-10.57.47:046][133]LogUObjectGlobals: Destroyed PersistentFrame Addr=0x000002569dd05800, Size=592
[2018.07.21-10.57.47:047][133]LogUObjectGlobals: Destroyed PersistentFrame Addr=0x00000256a6044400, Size=688
[2018.07.21-10.57.47:047][133]LogUObjectGlobals: Destroyed PersistentFrame Addr=0x00000256a53c8918, Size=52
[2018.07.21-10.57.47:047][133]LogUObjectGlobals: Destroyed PersistentFrame Addr=0x000002569dcc0800, Size=256
[2018.07.21-10.57.47:047][133]LogUObjectGlobals: Destroyed PersistentFrame Addr=0x00000256a5ec5cc0, Size=64
[2018.07.21-10.57.47:047][133]LogUObjectGlobals: Destroyed PersistentFrame Addr=0x00000256a85889f8, Size=52
[2018.07.21-10.57.47:047][133]LogUObjectGlobals: Destroyed PersistentFrame Addr=0x00000256a5fb89a0, Size=72
[2018.07.21-10.57.47:048][133]LogUObjectGlobals: Destroyed PersistentFrame Addr=0x00000256b4159500, Size=256
[2018.07.21-10.57.47:048][133]LogUObjectGlobals: Destroyed PersistentFrame Addr=0x000002569816c100, Size=688
[2018.07.21-10.57.47:048][133]LogUObjectGlobals: Destroyed PersistentFrame Addr=0x000002569ddfc5e0, Size=32
[2018.07.21-10.57.47:048][133]LogUObjectGlobals: Destroyed PersistentFrame Addr=0x000002569ddfeb60, Size=32
[2018.07.21-10.57.47:177][133]LogExit: Object subsystem successfully closed.
[2018.07.21-10.57.47:193][133]LogShaderCompilers: Display: Shaders left to compile 0
[2018.07.21-10.57.47:199][133]LogD3D11RHI: Shutdown
[2018.07.21-10.57.47:199][133]LogD3D11RHI: CleanupD3DDevice
[2018.07.21-10.57.47:203][133]LogD3D11RHI: ~FD3D11DynamicRHI
[2018.07.21-10.57.47:224][133]LogModuleManager: Shutting down and abandoning module SequenceRecorderSections (336)
[2018.07.21-10.57.47:225][133]LogModuleManager: Shutting down and abandoning module SequenceRecorder (334)
[2018.07.21-10.57.47:225][133]LogModuleManager: Shutting down and abandoning module AutomationController (332)
[2018.07.21-10.57.47:225][133]LogModuleManager: Shutting down and abandoning module AutomationWorker (330)
[2018.07.21-10.57.47:225][133]LogModuleManager: Shutting down and abandoning module Voice (328)
[2018.07.21-10.57.47:225][133]LogModuleManager: Shutting down and abandoning module AIModule (326)
[2018.07.21-10.57.47:225][133]LogModuleManager: Shutting down and abandoning module GameplayDebugger (325)
[2018.07.21-10.57.47:243][133]LogModuleManager: Shutting down and abandoning module AITestSuite (323)
[2018.07.21-10.57.47:243][133]LogModuleManager: Shutting down and abandoning module WmfMediaFactory (320)
[2018.07.21-10.57.47:243][133]LogModuleManager: Shutting down and abandoning module OpenExrWrapper (318)
[2018.07.21-10.57.47:243][133]LogModuleManager: Shutting down and abandoning module ImgMediaFactory (316)
[2018.07.21-10.57.47:243][133]LogModuleManager: Shutting down and abandoning module AvfMediaFactory (314)
[2018.07.21-10.57.47:243][133]LogModuleManager: Shutting down and abandoning module CharacterAI (312)
[2018.07.21-10.57.47:243][133]LogModuleManager: Shutting down and abandoning module SessionServices (310)
[2018.07.21-10.57.47:243][133]LogModuleManager: Shutting down and abandoning module MovieSceneCapture (308)
[2018.07.21-10.57.47:244][133]LogModuleManager: Shutting down and abandoning module MovieSceneTracks (306)
[2018.07.21-10.57.47:244][133]LogModuleManager: Shutting down and abandoning module MovieScene (304)
[2018.07.21-10.57.47:244][133]LogModuleManager: Shutting down and abandoning module GeometryCache (302)
[2018.07.21-10.57.47:244][133]LogModuleManager: Shutting down and abandoning module GeometryCacheEd (301)
[2018.07.21-10.57.47:244][133]LogModuleManager: Shutting down and abandoning module StreamingPauseRendering (298)
[2018.07.21-10.57.47:244][133]LogModuleManager: Shutting down and abandoning module PortalServices (296)
[2018.07.21-10.57.47:244][133]LogModuleManager: Shutting down and abandoning module PortalRpc (294)
[2018.07.21-10.57.47:244][133]LogModuleManager: Shutting down and abandoning module MessagingRpc (292)
[2018.07.21-10.57.47:244][133]LogModuleManager: Shutting down and abandoning module ProfilerService (290)
[2018.07.21-10.57.47:448][133]LogModuleManager: Shutting down and abandoning module TaskGraph (288)
[2018.07.21-10.57.47:448][133]LogModuleManager: Shutting down and abandoning module SteamVRController (286)
[2018.07.21-10.57.47:448][133]LogModuleManager: Shutting down and abandoning module ProceduralMeshComponent (284)
[2018.07.21-10.57.47:448][133]LogModuleManager: Shutting down and abandoning module OculusInput (282)
[2018.07.21-10.57.47:448][133]LogModuleManager: Shutting down and abandoning module MobilePatchingUtils (280)
[2018.07.21-10.57.47:448][133]LogModuleManager: Shutting down and abandoning module CustomMeshComponent (278)
[2018.07.21-10.57.47:448][133]LogModuleManager: Shutting down and abandoning module CableComponent (276)
[2018.07.21-10.57.47:448][133]LogModuleManager: Shutting down and abandoning module AudioCapture (274)
[2018.07.21-10.57.47:448][133]LogModuleManager: Shutting down and abandoning module ArchVisCharacter (272)
[2018.07.21-10.57.47:448][133]LogModuleManager: Shutting down and abandoning module AndroidPermission (270)
[2018.07.21-10.57.47:448][133]LogModuleManager: Shutting down and abandoning module NUTUnrealEngine4 (268)
[2018.07.21-10.57.47:448][133]LogModuleManager: Shutting down and abandoning module NetcodeUnitTest (266)
[2018.07.21-10.57.47:448][133]LogModuleManager: Shutting down and abandoning module MediaCompositing (264)
[2018.07.21-10.57.47:448][133]LogModuleManager: Shutting down and abandoning module LinearTimecode (262)
[2018.07.21-10.57.47:448][133]LogModuleManager: Shutting down and abandoning module ImgMedia (260)
[2018.07.21-10.57.47:452][133]LogModuleManager: Shutting down and abandoning module HTML5Networking (258)
[2018.07.21-10.57.47:452][133]LogModuleManager: Shutting down and abandoning module DatasmithContent (256)
[2018.07.21-10.57.47:452][133]LogModuleManager: Shutting down and abandoning module CryptoKeysOpenSSL (254)
[2018.07.21-10.57.47:453][133]LogModuleManager: Shutting down and abandoning module CryptoKeys (252)
[2018.07.21-10.57.47:453][133]LogModuleManager: Shutting down and abandoning module VisualStudioSourceCodeAccess (250)
[2018.07.21-10.57.47:453][133]LogModuleManager: Shutting down and abandoning module HotReload (249)
[2018.07.21-10.57.47:453][133]LogModuleManager: Shutting down and abandoning module DirectoryWatcher (248)
[2018.07.21-10.57.47:453][133]LogModuleManager: Shutting down and abandoning module VisualStudioCodeSourceCodeAccess (244)
[2018.07.21-10.57.47:453][133]LogModuleManager: Shutting down and abandoning module UObjectPlugin (242)
[2018.07.21-10.57.47:453][133]LogModuleManager: Shutting down and abandoning module SubversionSourceControl (240)
[2018.07.21-10.57.47:453][133]LogModuleManager: Shutting down and abandoning module PerforceSourceControl (238)
[2018.07.21-10.57.47:453][133]LogModuleManager: Shutting down and abandoning module SourceControl (237)
[2018.07.21-10.57.47:453][133]LogModuleManager: Shutting down and abandoning module CLionSourceCodeAccess (234)
[2018.07.21-10.57.47:453][133]LogModuleManager: Shutting down and abandoning module RuntimePhysXCooking (232)
[2018.07.21-10.57.47:453][133]LogModuleManager: Shutting down and abandoning module PhysXVehiclesEditor (230)
[2018.07.21-10.57.47:453][133]LogModuleManager: Shutting down and abandoning module PhysXVehicles (228)
[2018.07.21-10.57.47:453][133]LogModuleManager: Shutting down and abandoning module LocationServicesBPLibrary (226)
[2018.07.21-10.57.47:453][133]LogModuleManager: Shutting down and abandoning module ImmediatePhysicsEditor (224)
[2018.07.21-10.57.47:454][133]LogModuleManager: Shutting down and abandoning module ImmediatePhysics (222)
[2018.07.21-10.57.47:454][133]LogModuleManager: Shutting down and abandoning module ActorSequence (220)
[2018.07.21-10.57.47:454][133]LogModuleManager: Shutting down and abandoning module UdpMessaging (218)
[2018.07.21-10.57.47:555][133]LogModuleManager: Shutting down and abandoning module TcpMessaging (216)
[2018.07.21-10.57.47:799][133]LogModuleManager: Shutting down and abandoning module GameplayTagsEditor (214)
[2018.07.21-10.57.47:800][133]LogModuleManager: Shutting down and abandoning module FacialAnimation (212)
[2018.07.21-10.57.47:800][133]LogModuleManager: Shutting down and abandoning module DataValidation (210)
[2018.07.21-10.57.47:800][133]LogModuleManager: Shutting down and abandoning module AssetManagerEditor (208)
[2018.07.21-10.57.47:800][133]LogModuleManager: Shutting down and abandoning module TreeMap (207)
[2018.07.21-10.57.47:800][133]LogModuleManager: Shutting down and abandoning module LightPropagationVolumeRuntime (204)
[2018.07.21-10.57.47:800][133]LogModuleManager: Shutting down and abandoning module LiveLink (202)
[2018.07.21-10.57.48:471][133]LogModuleManager: Shutting down and abandoning module Paper2D (200)
[2018.07.21-10.57.48:472][133]LogModuleManager: Shutting down and abandoning module PIEPreviewDeviceProfileSelector (198)
[2018.07.21-10.57.48:472][133]LogModuleManager: Shutting down and abandoning module WindowsMoviePlayer (196)
[2018.07.21-10.57.48:472][133]LogModuleManager: Shutting down and abandoning module WmfMedia (194)
[2018.07.21-10.57.48:473][133]LogModuleManager: Shutting down and abandoning module Media (193)
[2018.07.21-10.57.48:479][133]LogModuleManager: Shutting down and abandoning module PacketHandler (190)
[2018.07.21-10.57.48:479][133]LogModuleManager: Shutting down and abandoning module ClothingSystemEditor (188)
[2018.07.21-10.57.48:479][133]LogModuleManager: Shutting down and abandoning module ClothingSystemRuntime (186)
[2018.07.21-10.57.48:480][133]LogModuleManager: Shutting down and abandoning module MediaAssets (184)
[2018.07.21-10.57.48:480][133]LogModuleManager: Shutting down and abandoning module Overlay (182)
[2018.07.21-10.57.48:480][133]LogModuleManager: Shutting down and abandoning module OverlayEditor (181)
[2018.07.21-10.57.48:480][133]LogModuleManager: Shutting down and abandoning module VREditor (178)
[2018.07.21-10.57.48:480][133]LogModuleManager: Shutting down and abandoning module StringTableEditor (176)
[2018.07.21-10.57.48:480][133]LogModuleManager: Shutting down and abandoning module GameplayTasksEditor (174)
[2018.07.21-10.57.48:480][133]LogModuleManager: Shutting down and abandoning module BehaviorTreeEditor (172)
[2018.07.21-10.57.48:480][133]LogModuleManager: Shutting down and abandoning module FunctionalTesting (170)
[2018.07.21-10.57.48:480][133]LogModuleManager: Shutting down and abandoning module CollisionAnalyzer (168)
[2018.07.21-10.57.48:480][133]LogModuleManager: Shutting down and abandoning module WorkspaceMenuStructure (167)
[2018.07.21-10.57.48:480][133]LogModuleManager: Shutting down and abandoning module UMG (164)
[2018.07.21-10.57.48:480][133]LogModuleManager: Shutting down and abandoning module UMGEditor (163)
[2018.07.21-10.57.48:480][133]LogModuleManager: Shutting down and abandoning module Sequencer (162)
[2018.07.21-10.57.48:480][133]LogModuleManager: Shutting down and abandoning module MessageLog (159)
[2018.07.21-10.57.48:480][133]LogModuleManager: Shutting down and abandoning module SlateReflector (154)
[2018.07.21-10.57.48:481][133]LogModuleManager: Shutting down and abandoning module Slate (152)
[2018.07.21-10.57.48:481][133]LogModuleManager: Shutting down and abandoning module EditorStyle (150)
[2018.07.21-10.57.48:484][133]LogModuleManager: Shutting down and abandoning module MRMesh (148)
[2018.07.21-10.57.48:484][133]LogModuleManager: Shutting down and abandoning module Messaging (146)
[2018.07.21-10.57.48:484][133]LogModuleManager: Shutting down and abandoning module SourceCodeAccess (144)
[2018.07.21-10.57.48:484][133]LogModuleManager: Shutting down and abandoning module HeadMountedDisplay (142)
[2018.07.21-10.57.48:484][133]LogModuleManager: Shutting down and abandoning module XAudio2 (140)
[2018.07.21-10.57.48:484][133]LogModuleManager: Shutting down and abandoning module Networking (138)
[2018.07.21-10.57.48:484][133]LogModuleManager: Shutting down and abandoning module Core (136)
[2018.07.21-10.57.48:484][133]LogModuleManager: Shutting down and abandoning module LevelSequence (134)
[2018.07.21-10.57.48:484][133]LogModuleManager: Shutting down and abandoning module KismetCompiler (132)
[2018.07.21-10.57.48:484][133]LogModuleManager: Shutting down and abandoning module MeshUtilities (130)
[2018.07.21-10.57.48:484][133]LogModuleManager: Shutting down and abandoning module MeshMergeUtilities (129)
[2018.07.21-10.57.48:484][133]LogModuleManager: Shutting down and abandoning module MeshReductionInterface (128)
[2018.07.21-10.57.48:484][133]LogModuleManager: Shutting down and abandoning module SimplygonSwarm (127)
[2018.07.21-10.57.48:485][133]LogModuleManager: Shutting down and abandoning module SimplygonMeshReduction (125)
[2018.07.21-10.57.48:485][133]LogModuleManager: Shutting down and abandoning module QuadricMeshReduction (123)
[2018.07.21-10.57.48:485][133]LogModuleManager: Shutting down and abandoning module MaterialBaking (119)
[2018.07.21-10.57.48:485][133]LogModuleManager: Shutting down and abandoning module DerivedDataCache (114)
[2018.07.21-10.57.48:806][133]LogDerivedDataCache: Shutdown
[2018.07.21-10.57.48:806][133]LogModuleManager: Shutting down and abandoning module XGEController (112)
[2018.07.21-10.57.48:806][133]LogModuleManager: Shutting down and abandoning module TargetPlatform (110)
[2018.07.21-10.57.48:806][133]LogModuleManager: Shutting down and abandoning module VulkanShaderFormat (109)
[2018.07.21-10.57.48:806][133]LogModuleManager: Shutting down and abandoning module ShaderFormatVectorVM (107)
[2018.07.21-10.57.48:806][133]LogModuleManager: Shutting down and abandoning module ShaderFormatOpenGL (105)
[2018.07.21-10.57.48:806][133]LogModuleManager: Shutting down and abandoning module ShaderFormatD3D (103)
[2018.07.21-10.57.48:806][133]LogModuleManager: Shutting down and abandoning module MetalShaderFormat (101)
[2018.07.21-10.57.48:806][133]LogModuleManager: Shutting down and abandoning module TextureFormatUncompressed (99)
[2018.07.21-10.57.48:806][133]LogModuleManager: Shutting down and abandoning module TextureFormatPVR (97)
[2018.07.21-10.57.48:806][133]LogModuleManager: Shutting down and abandoning module TextureFormatDXT (95)
[2018.07.21-10.57.48:806][133]LogModuleManager: Shutting down and abandoning module TextureFormatIntelISPCTexComp (93)
[2018.07.21-10.57.48:807][133]LogModuleManager: Shutting down and abandoning module TextureFormatASTC (91)
[2018.07.21-10.57.48:807][133]LogModuleManager: Shutting down and abandoning module ImageWrapper (90)
[2018.07.21-10.57.48:807][133]LogModuleManager: Shutting down and abandoning module TextureFormatAndroid (87)
[2018.07.21-10.57.48:807][133]LogModuleManager: Shutting down and abandoning module AudioFormatOpus (85)
[2018.07.21-10.57.48:807][133]LogModuleManager: Shutting down and abandoning module AudioFormatOgg (83)
[2018.07.21-10.57.48:807][133]LogModuleManager: Shutting down and abandoning module AudioFormatADPCM (81)
[2018.07.21-10.57.48:807][133]LogModuleManager: Shutting down and abandoning module WindowsTargetPlatform (79)
[2018.07.21-10.57.48:807][133]LogModuleManager: Shutting down and abandoning module WindowsServerTargetPlatform (77)
[2018.07.21-10.57.48:807][133]LogModuleManager: Shutting down and abandoning module WindowsNoEditorTargetPlatform (75)
[2018.07.21-10.57.48:807][133]LogModuleManager: Shutting down and abandoning module WindowsClientTargetPlatform (73)
[2018.07.21-10.57.48:807][133]LogModuleManager: Shutting down and abandoning module InputCore (70)
[2018.07.21-10.57.48:807][133]LogModuleManager: Shutting down and abandoning module Settings (68)
[2018.07.21-10.57.48:807][133]LogModuleManager: Shutting down and abandoning module PhysXCooking (66)
[2018.07.21-10.57.48:807][133]LogModuleManager: Shutting down and abandoning module SteamVR (64)
[2018.07.21-10.57.48:807][133]LogModuleManager: Shutting down and abandoning module OculusHMD (62)
[2018.07.21-10.57.48:807][133]LogModuleManager: Shutting down and abandoning module ExampleDeviceProfileSelector (60)
[2018.07.21-10.57.48:807][133]LogModuleManager: Shutting down and abandoning module AppleARKit (58)
[2018.07.21-10.57.48:807][133]LogModuleManager: Shutting down and abandoning module AugmentedReality (57)
[2018.07.21-10.57.48:807][133]LogModuleManager: Shutting down and abandoning module OnlineBlueprintSupport (54)
[2018.07.21-10.57.48:807][133]LogModuleManager: Shutting down and abandoning module OnlineSubsystem (50)
[2018.07.21-10.57.48:808][133]LogOnline: Display: OSS: FOnlineSubsystemNull::Shutdown()
[2018.07.21-10.57.48:808][133]LogOnline: Display: OSS: FOnlineAsyncTaskManager::Stop() ActiveTask:0000000000000000 Tasks[0/0]
[2018.07.21-10.57.48:809][133]LogOnline: Display: OSS: FOnlineAsyncTaskManager::Exit() started
[2018.07.21-10.57.48:809][133]LogOnline: Display: OSS: FOnlineAsyncTaskManager::Exit() finished
[2018.07.21-10.57.48:809][133]LogModuleManager: Shutting down and abandoning module XMPP (43)
[2018.07.21-10.57.48:809][133]LogModuleManager: Shutting down and abandoning module HTTP (41)
[2018.07.21-10.57.48:825][133]LogModuleManager: Shutting down and abandoning module SSL (40)
[2018.07.21-10.57.48:828][133]LogModuleManager: Shutting down and abandoning module AnimationModifiers (36)
[2018.07.21-10.57.48:828][133]LogModuleManager: Shutting down and abandoning module PropertyEditor (35)
[2018.07.21-10.57.48:828][133]LogModuleManager: Shutting down and abandoning module AudioEditor (32)
[2018.07.21-10.57.48:828][133]LogModuleManager: Shutting down and abandoning module TextureCompressor (30)
[2018.07.21-10.57.48:829][133]LogModuleManager: Shutting down and abandoning module ShaderCore (28)
[2018.07.21-10.57.48:829][133]LogModuleManager: Shutting down and abandoning module Landscape (26)
[2018.07.21-10.57.48:829][133]LogModuleManager: Shutting down and abandoning module SlateRHIRenderer (24)
[2018.07.21-10.57.48:830][133]LogModuleManager: Shutting down and abandoning module OpenGLDrv (22)
[2018.07.21-10.57.48:830][133]LogModuleManager: Shutting down and abandoning module D3D11RHI (20)
[2018.07.21-10.57.48:830][133]LogModuleManager: Shutting down and abandoning module AnimGraphRuntime (18)
[2018.07.21-10.57.48:830][133]LogModuleManager: Shutting down and abandoning module Renderer (16)
[2018.07.21-10.57.48:830][133]LogModuleManager: Shutting down and abandoning module Engine (14)
[2018.07.21-10.57.48:830][133]LogModuleManager: Shutting down and abandoning module CoreUObject (12)
[2018.07.21-10.57.48:830][133]LogModuleManager: Shutting down and abandoning module NetworkFile (10)
[2018.07.21-10.57.48:830][133]LogModuleManager: Shutting down and abandoning module CookedIterativeFile (8)
[2018.07.21-10.57.48:830][133]LogModuleManager: Shutting down and abandoning module StreamingFile (6)
[2018.07.21-10.57.48:830][133]LogModuleManager: Shutting down and abandoning module SandboxFile (4)
[2018.07.21-10.57.48:830][133]LogModuleManager: Shutting down and abandoning module PakFile (2)
[2018.07.21-10.57.48:836][133]LogExit: Exiting.
[2018.07.21-10.57.48:840][133]Log file closed, 07/21/18 11:57:48
