Log file open, 07/27/18 21:31:51
LogWindows: Failed to load 'aqProf.dll' (GetLastError=126)
LogWindows: File 'aqProf.dll' does not exist
LogWindows: Failed to load 'VtuneApi.dll' (GetLastError=126)
LogWindows: File 'VtuneApi.dll' does not exist
LogWindows: Failed to load 'VtuneApi32e.dll' (GetLastError=126)
LogWindows: File 'VtuneApi32e.dll' does not exist
LogInit: Display: Running engine for game: FPBG
LogPlatformFile: Not using cached read wrapper
LogInit: Display: RandInit(227140335) SRandInit(227140335).
LogInit: Read version file with build ID '3944462'
LogInit: Overriding engine version to CL 4033788, compatible CL 3944462
LogInit: Registered custom module enumerator with build ID '3944462'
LogTaskGraph: Started task graph with 5 named threads and 14 total threads with 3 sets of task threads.
LogStats: Stats thread started at 0.292383
LogD3D11RHI: Aftermath initialized
LogICUInternationalization: Display: ICU TimeZone Detection - Raw Offset: +0:00, Platform Override: ''
LogModuleManager: Display: Found up-to-date module file ../../../Engine/Plugins/Online/OnlineSubsystemSteam/Binaries/Win64/UE4Editor-OnlineSubsystemSteam.dll (API version 3944462).
LogModuleManager: Display: Found up-to-date module file ../../../Engine/Plugins/Online/OnlineSubsystem/Binaries/Win64/UE4Editor-OnlineSubsystem.dll (API version 3944462).
LogModuleManager: Display: Found up-to-date module file ../../../Engine/Plugins/Online/OnlineSubsystemUtils/Binaries/Win64/UE4Editor-OnlineSubsystemUtils.dll (API version 3944462).
LogModuleManager: Display: Found up-to-date module file ../../../Engine/Plugins/Online/OnlineSubsystemUtils/Binaries/Win64/UE4Editor-OnlineBlueprintSupport.dll (API version 3944462).
LogModuleManager: Display: Found up-to-date module file ../../../Engine/Plugins/2D/Paper2D/Binaries/Win64/UE4Editor-Paper2D.dll (API version 3944462).
LogModuleManager: Display: Found up-to-date module file ../../../Engine/Plugins/2D/Paper2D/Binaries/Win64/UE4Editor-Paper2DEditor.dll (API version 3944462).
LogModuleManager: Display: Found up-to-date module file ../../../Engine/Plugins/2D/Paper2D/Binaries/Win64/UE4Editor-PaperSpriteSheetImporter.dll (API version 3944462).
LogModuleManager: Display: Found up-to-date module file ../../../Engine/Plugins/2D/Paper2D/Binaries/Win64/UE4Editor-PaperTiledImporter.dll (API version 3944462).
LogModuleManager: Display: Found up-to-date module file ../../../Engine/Plugins/2D/Paper2D/Binaries/Win64/UE4Editor-SmartSnapping.dll (API version 3944462).
LogModuleManager: Display: Found up-to-date module file ../../../Engine/Plugins/Blendables/LightPropagationVolume/Binaries/Win64/UE4Editor-LightPropagationVolumeRuntime.dll (API version 3944462).
LogModuleManager: Display: Found up-to-date module file ../../../Engine/Plugins/Blendables/LightPropagationVolume/Binaries/Win64/UE4Editor-LightPropagationVolumeEditor.dll (API version 3944462).
LogModuleManager: Display: Found up-to-date module file ../../../Engine/Plugins/Developer/CLionSourceCodeAccess/Binaries/Win64/UE4Editor-CLionSourceCodeAccess.dll (API version 3944462).
LogModuleManager: Display: Found up-to-date module file ../../../Engine/Plugins/Developer/GitSourceControl/Binaries/Win64/UE4Editor-GitSourceControl.dll (API version 3944462).
LogModuleManager: Display: Found up-to-date module file ../../../Engine/Plugins/Developer/PerforceSourceControl/Binaries/Win64/UE4Editor-PerforceSourceControl.dll (API version 3944462).
LogModuleManager: Display: Found up-to-date module file ../../../Engine/Plugins/Developer/SubversionSourceControl/Binaries/Win64/UE4Editor-SubversionSourceControl.dll (API version 3944462).
LogModuleManager: Display: Found up-to-date module file ../../../Engine/Plugins/Developer/UObjectPlugin/Binaries/Win64/UE4Editor-UObjectPlugin.dll (API version 3944462).
LogModuleManager: Display: Found up-to-date module file ../../../Engine/Plugins/Developer/VisualStudioCodeSourceCodeAccess/Binaries/Win64/UE4Editor-VisualStudioCodeSourceCodeAccess.dll (API version 3944462).
LogModuleManager: Display: Found up-to-date module file ../../../Engine/Plugins/Developer/VisualStudioSourceCodeAccess/Binaries/Win64/UE4Editor-VisualStudioSourceCodeAccess.dll (API version 3944462).
LogModuleManager: Display: Found up-to-date module file ../../../Engine/Plugins/Editor/AssetManagerEditor/Binaries/Win64/UE4Editor-AssetManagerEditor.dll (API version 3944462).
LogModuleManager: Display: Found up-to-date module file ../../../Engine/Plugins/Editor/CryptoKeys/Binaries/Win64/UE4Editor-CryptoKeys.dll (API version 3944462).
LogModuleManager: Display: Found up-to-date module file ../../../Engine/Plugins/Editor/CryptoKeys/Binaries/Win64/UE4Editor-CryptoKeysOpenSSL.dll (API version 3944462).
LogModuleManager: Display: Found up-to-date module file ../../../Engine/Plugins/Editor/DataValidation/Binaries/Win64/UE4Editor-DataValidation.dll (API version 3944462).
LogModuleManager: Display: Found up-to-date module file ../../../Engine/Plugins/Editor/FacialAnimation/Binaries/Win64/UE4Editor-FacialAnimation.dll (API version 3944462).
LogModuleManager: Display: Found up-to-date module file ../../../Engine/Plugins/Editor/FacialAnimation/Binaries/Win64/UE4Editor-FacialAnimationEditor.dll (API version 3944462).
LogModuleManager: Display: Found up-to-date module file ../../../Engine/Plugins/Editor/GameplayTagsEditor/Binaries/Win64/UE4Editor-GameplayTagsEditor.dll (API version 3944462).
LogModuleManager: Display: Found up-to-date module file ../../../Engine/Plugins/Editor/MobileLauncherProfileWizard/Binaries/Win64/UE4Editor-MobileLauncherProfileWizard.dll (API version 3944462).
LogModuleManager: Display: Found up-to-date module file ../../../Engine/Plugins/Editor/PluginBrowser/Binaries/Win64/UE4Editor-PluginBrowser.dll (API version 3944462).
LogModuleManager: Display: Found up-to-date module file ../../../Engine/Plugins/Editor/SpeedTreeImporter/Binaries/Win64/UE4Editor-SpeedTreeImporter.dll (API version 3944462).
LogModuleManager: Display: Found up-to-date module file ../../../Engine/Plugins/Enterprise/DatasmithContent/Binaries/Win64/UE4Editor-DatasmithContent.dll (API version 3944462).
LogModuleManager: Display: Found up-to-date module file ../../../Engine/Plugins/Experimental/AlembicImporter/Binaries/Win64/UE4Editor-AlembicImporter.dll (API version 3944462).
LogModuleManager: Display: Found up-to-date module file ../../../Engine/Plugins/Experimental/AlembicImporter/Binaries/Win64/UE4Editor-AlembicLibrary.dll (API version 3944462).
LogModuleManager: Display: Found up-to-date module file ../../../Engine/Plugins/Experimental/CharacterAI/Binaries/Win64/UE4Editor-CharacterAI.dll (API version 3944462).
LogModuleManager: Display: Found up-to-date module file ../../../Engine/Plugins/Experimental/HTML5Networking/Binaries/Win64/UE4Editor-HTML5Networking.dll (API version 3944462).
LogModuleManager: Display: Found up-to-date module file ../../../Engine/Plugins/Media/AndroidMedia/Binaries/Win64/UE4Editor-AndroidMediaEditor.dll (API version 3944462).
LogModuleManager: Display: Found up-to-date module file ../../../Engine/Plugins/Media/AndroidMedia/Binaries/Win64/UE4Editor-AndroidMediaFactory.dll (API version 3944462).
LogModuleManager: Display: Found up-to-date module file ../../../Engine/Plugins/Media/AvfMedia/Binaries/Win64/UE4Editor-AvfMediaEditor.dll (API version 3944462).
LogModuleManager: Display: Found up-to-date module file ../../../Engine/Plugins/Media/AvfMedia/Binaries/Win64/UE4Editor-AvfMediaFactory.dll (API version 3944462).
LogModuleManager: Display: Found up-to-date module file ../../../Engine/Plugins/Media/AvfMedia/Binaries/Win64/UE4Editor-AvfMediaFactory.dll (API version 3944462).
LogModuleManager: Display: Found up-to-date module file ../../../Engine/Plugins/Media/ImgMedia/Binaries/Win64/UE4Editor-ImgMedia.dll (API version 3944462).
LogModuleManager: Display: Found up-to-date module file ../../../Engine/Plugins/Media/ImgMedia/Binaries/Win64/UE4Editor-ImgMediaEditor.dll (API version 3944462).
LogModuleManager: Display: Found up-to-date module file ../../../Engine/Plugins/Media/ImgMedia/Binaries/Win64/UE4Editor-ImgMediaFactory.dll (API version 3944462).
LogModuleManager: Display: Found up-to-date module file ../../../Engine/Plugins/Media/ImgMedia/Binaries/Win64/UE4Editor-ImgMediaFactory.dll (API version 3944462).
LogModuleManager: Display: Found up-to-date module file ../../../Engine/Plugins/Media/ImgMedia/Binaries/Win64/UE4Editor-OpenExrWrapper.dll (API version 3944462).
LogModuleManager: Display: Found up-to-date module file ../../../Engine/Plugins/Media/LinearTimecode/Binaries/Win64/UE4Editor-LinearTimecode.dll (API version 3944462).
LogModuleManager: Display: Found up-to-date module file ../../../Engine/Plugins/Media/MediaCompositing/Binaries/Win64/UE4Editor-MediaCompositing.dll (API version 3944462).
LogModuleManager: Display: Found up-to-date module file ../../../Engine/Plugins/Media/MediaCompositing/Binaries/Win64/UE4Editor-MediaCompositingEditor.dll (API version 3944462).
LogModuleManager: Display: Found up-to-date module file ../../../Engine/Plugins/Media/MediaPlayerEditor/Binaries/Win64/UE4Editor-MediaPlayerEditor.dll (API version 3944462).
LogModuleManager: Display: Found up-to-date module file ../../../Engine/Plugins/Media/WmfMedia/Binaries/Win64/UE4Editor-WmfMedia.dll (API version 3944462).
LogModuleManager: Display: Found up-to-date module file ../../../Engine/Plugins/Media/WmfMedia/Binaries/Win64/UE4Editor-WmfMediaEditor.dll (API version 3944462).
LogModuleManager: Display: Found up-to-date module file ../../../Engine/Plugins/Media/WmfMedia/Binaries/Win64/UE4Editor-WmfMediaFactory.dll (API version 3944462).
LogModuleManager: Display: Found up-to-date module file ../../../Engine/Plugins/Media/WmfMedia/Binaries/Win64/UE4Editor-WmfMediaFactory.dll (API version 3944462).
LogModuleManager: Display: Found up-to-date module file ../../../Engine/Plugins/Messaging/TcpMessaging/Binaries/Win64/UE4Editor-TcpMessaging.dll (API version 3944462).
LogModuleManager: Display: Found up-to-date module file ../../../Engine/Plugins/Messaging/UdpMessaging/Binaries/Win64/UE4Editor-UdpMessaging.dll (API version 3944462).
LogModuleManager: Display: Found up-to-date module file ../../../Engine/Plugins/MovieScene/ActorSequence/Binaries/Win64/UE4Editor-ActorSequence.dll (API version 3944462).
LogModuleManager: Display: Found up-to-date module file ../../../Engine/Plugins/MovieScene/LevelSequenceEditor/Binaries/Win64/UE4Editor-LevelSequenceEditor.dll (API version 3944462).
LogModuleManager: Display: Found up-to-date module file ../../../Engine/Plugins/MovieScene/MatineeToLevelSequence/Binaries/Win64/UE4Editor-MatineeToLevelSequence.dll (API version 3944462).
LogModuleManager: Display: Found up-to-date module file ../../../Engine/Plugins/NetcodeUnitTest/NetcodeUnitTest/Binaries/Win64/UE4Editor-NetcodeUnitTest.dll (API version 3944462).
LogModuleManager: Display: Found up-to-date module file ../../../Engine/Plugins/NetcodeUnitTest/NUTUnrealEngine4/Binaries/Win64/UE4Editor-NUTUnrealEngine4.dll (API version 3944462).
LogModuleManager: Display: Found up-to-date module file ../../../Engine/Plugins/Runtime/AndroidPermission/Binaries/Win64/UE4Editor-AndroidPermission.dll (API version 3944462).
LogModuleManager: Display: Found up-to-date module file ../../../Engine/Plugins/Online/OnlineSubsystemNull/Binaries/Win64/UE4Editor-OnlineSubsystemNull.dll (API version 3944462).
LogModuleManager: Display: Found up-to-date module file ../../../Engine/Plugins/Runtime/AndroidDeviceProfileSelector/Binaries/Win64/UE4Editor-AndroidDeviceProfileSelector.dll (API version 3944462).
LogModuleManager: Display: Found up-to-date module file ../../../Engine/Plugins/Runtime/AppleARKit/Binaries/Win64/UE4Editor-AppleARKit.dll (API version 3944462).
LogModuleManager: Display: Found up-to-date module file ../../../Engine/Plugins/Runtime/ProceduralMeshComponent/Binaries/Win64/UE4Editor-ProceduralMeshComponent.dll (API version 3944462).
LogModuleManager: Display: Found up-to-date module file ../../../Engine/Plugins/Runtime/ProceduralMeshComponent/Binaries/Win64/UE4Editor-ProceduralMeshComponentEditor.dll (API version 3944462).
LogModuleManager: Display: Found up-to-date module file ../../../Engine/Plugins/Animation/LiveLink/Binaries/Win64/UE4Editor-LiveLink.dll (API version 3944462).
LogModuleManager: Display: Found up-to-date module file ../../../Engine/Plugins/Animation/LiveLink/Binaries/Win64/UE4Editor-LiveLinkEditor.dll (API version 3944462).
LogModuleManager: Display: Found up-to-date module file ../../../Engine/Plugins/Runtime/ArchVisCharacter/Binaries/Win64/UE4Editor-ArchVisCharacter.dll (API version 3944462).
LogModuleManager: Display: Found up-to-date module file ../../../Engine/Plugins/Runtime/AudioCapture/Binaries/Win64/UE4Editor-AudioCapture.dll (API version 3944462).
LogModuleManager: Display: Found up-to-date module file ../../../Engine/Plugins/Runtime/AudioCapture/Binaries/Win64/UE4Editor-AudioCaptureEditor.dll (API version 3944462).
LogModuleManager: Display: Found up-to-date module file ../../../Engine/Plugins/Runtime/CableComponent/Binaries/Win64/UE4Editor-CableComponent.dll (API version 3944462).
LogModuleManager: Display: Found up-to-date module file ../../../Engine/Plugins/Runtime/CustomMeshComponent/Binaries/Win64/UE4Editor-CustomMeshComponent.dll (API version 3944462).
LogModuleManager: Display: Found up-to-date module file ../../../Engine/Plugins/Runtime/ExampleDeviceProfileSelector/Binaries/Win64/UE4Editor-ExampleDeviceProfileSelector.dll (API version 3944462).
LogModuleManager: Display: Found up-to-date module file ../../../Engine/Plugins/Runtime/ImmediatePhysics/Binaries/Win64/UE4Editor-ImmediatePhysics.dll (API version 3944462).
LogModuleManager: Display: Found up-to-date module file ../../../Engine/Plugins/Runtime/ImmediatePhysics/Binaries/Win64/UE4Editor-ImmediatePhysicsEditor.dll (API version 3944462).
LogModuleManager: Display: Found up-to-date module file ../../../Engine/Plugins/Runtime/LocationServicesBPLibrary/Binaries/Win64/UE4Editor-LocationServicesBPLibrary.dll (API version 3944462).
LogModuleManager: Display: Found up-to-date module file ../../../Engine/Plugins/Runtime/MobilePatchingUtils/Binaries/Win64/UE4Editor-MobilePatchingUtils.dll (API version 3944462).
LogModuleManager: Display: Found up-to-date module file ../../../Engine/Plugins/Runtime/Oculus/OculusVR/Binaries/Win64/UE4Editor-OculusHMD.dll (API version 3944462).
LogModuleManager: Display: Found up-to-date module file ../../../Engine/Plugins/Runtime/Oculus/OculusVR/Binaries/Win64/UE4Editor-OculusInput.dll (API version 3944462).
LogModuleManager: Display: Found up-to-date module file ../../../Engine/Plugins/Runtime/Oculus/OculusVR/Binaries/Win64/UE4Editor-OculusEditor.dll (API version 3944462).
LogModuleManager: Display: Found up-to-date module file ../../../Engine/Plugins/Runtime/PhysXVehicles/Binaries/Win64/UE4Editor-PhysXVehicles.dll (API version 3944462).
LogModuleManager: Display: Found up-to-date module file ../../../Engine/Plugins/Runtime/PhysXVehicles/Binaries/Win64/UE4Editor-PhysXVehiclesEditor.dll (API version 3944462).
LogModuleManager: Display: Found up-to-date module file ../../../Engine/Plugins/Runtime/RuntimePhysXCooking/Binaries/Win64/UE4Editor-RuntimePhysXCooking.dll (API version 3944462).
LogModuleManager: Display: Found up-to-date module file ../../../Engine/Plugins/Runtime/Steam/SteamVR/Binaries/Win64/UE4Editor-SteamVR.dll (API version 3944462).
LogModuleManager: Display: Found up-to-date module file ../../../Engine/Plugins/Runtime/Steam/SteamVR/Binaries/Win64/UE4Editor-SteamVRController.dll (API version 3944462).
LogModuleManager: Display: Found up-to-date module file ../../../Engine/Plugins/Runtime/WindowsMoviePlayer/Binaries/Win64/UE4Editor-WindowsMoviePlayer.dll (API version 3944462).
LogPluginManager: Mounting plugin Paper2D
LogPluginManager: Mounting plugin LiveLink
LogPluginManager: Mounting plugin LightPropagationVolume
LogPluginManager: Mounting plugin CLionSourceCodeAccess
LogPluginManager: Mounting plugin CodeLiteSourceCodeAccess
LogPluginManager: Mounting plugin GitSourceControl
LogPluginManager: Mounting plugin KDevelopSourceCodeAccess
LogPluginManager: Mounting plugin NullSourceCodeAccess
LogPluginManager: Mounting plugin PerforceSourceControl
LogPluginManager: Mounting plugin SubversionSourceControl
LogPluginManager: Mounting plugin UObjectPlugin
LogPluginManager: Mounting plugin VisualStudioCodeSourceCodeAccess
LogPluginManager: Mounting plugin VisualStudioSourceCodeAccess
LogPluginManager: Mounting plugin XCodeSourceCodeAccess
LogPluginManager: Mounting plugin AssetManagerEditor
LogPluginManager: Mounting plugin CryptoKeys
LogPluginManager: Mounting plugin DataValidation
LogPluginManager: Mounting plugin FacialAnimation
LogPluginManager: Mounting plugin GameplayTagsEditor
LogPluginManager: Mounting plugin MobileLauncherProfileWizard
LogPluginManager: Mounting plugin PluginBrowser
LogPluginManager: Mounting plugin SpeedTreeImporter
LogPluginManager: Mounting plugin DatasmithContent
LogPluginManager: Mounting plugin AlembicImporter
LogPluginManager: Mounting plugin CharacterAI
LogPluginManager: Mounting plugin HTML5Networking
LogPluginManager: Mounting plugin AndroidMedia
LogPluginManager: Mounting plugin AvfMedia
LogPluginManager: Mounting plugin ImgMedia
LogPluginManager: Mounting plugin LinearTimecode
LogPluginManager: Mounting plugin MediaCompositing
LogPluginManager: Mounting plugin MediaPlayerEditor
LogPluginManager: Mounting plugin WmfMedia
LogPluginManager: Mounting plugin TcpMessaging
LogPluginManager: Mounting plugin UdpMessaging
LogPluginManager: Mounting plugin ActorSequence
LogPluginManager: Mounting plugin LevelSequenceEditor
LogPluginManager: Mounting plugin MatineeToLevelSequence
LogPluginManager: Mounting plugin NetcodeUnitTest
LogPluginManager: Mounting plugin NUTUnrealEngine4
LogPluginManager: Mounting plugin OnlineSubsystemGooglePlay
LogPluginManager: Mounting plugin OnlineSubsystemIOS
LogPluginManager: Mounting plugin OnlineSubsystem
LogPluginManager: Mounting plugin OnlineSubsystemNull
LogPluginManager: Mounting plugin OnlineSubsystemSteam
LogPluginManager: Mounting plugin OnlineSubsystemUtils
LogPluginManager: Mounting plugin AndroidDeviceProfileSelector
LogPluginManager: Mounting plugin AndroidMoviePlayer
LogPluginManager: Mounting plugin AndroidPermission
LogPluginManager: Mounting plugin AppleARKit
LogPluginManager: Mounting plugin AppleMoviePlayer
LogPluginManager: Mounting plugin ArchVisCharacter
LogPluginManager: Mounting plugin AudioCapture
LogPluginManager: Mounting plugin CableComponent
LogPluginManager: Mounting plugin CustomMeshComponent
LogPluginManager: Mounting plugin ExampleDeviceProfileSelector
LogPluginManager: Mounting plugin GoogleCloudMessaging
LogPluginManager: Mounting plugin ImmediatePhysics
LogPluginManager: Mounting plugin IOSDeviceProfileSelector
LogPluginManager: Mounting plugin LinuxDeviceProfileSelector
LogPluginManager: Mounting plugin LocationServicesBPLibrary
LogPluginManager: Mounting plugin MobilePatchingUtils
LogPluginManager: Mounting plugin OculusVR
LogPluginManager: Plugin shader directory ../../../Engine/Plugins/Runtime/Oculus/OculusVR/Shaders found
LogPluginManager: Mapping shader source directory ../../../Engine/Plugins/Runtime/Oculus/OculusVR/Shaders to virtual directory /Plugin/OculusVR
LogPluginManager: Mounting plugin PhysXVehicles
LogPluginManager: Mounting plugin ProceduralMeshComponent
LogPluginManager: Mounting plugin RuntimePhysXCooking
LogPluginManager: Mounting plugin SteamVR
LogPluginManager: Mounting plugin WindowsMoviePlayer
LogStreaming: Display: Took  3.145s to configure plugins.
LogInit: Using libcurl 7.47.1
LogInit:  - built for x86_64-pc-win32
LogInit:  - supports SSL with OpenSSL/1.0.2g
LogInit:  - supports HTTP deflate (compression) using libz 1.2.8
LogInit:  - other features:
LogInit:      CURL_VERSION_SSL
LogInit:      CURL_VERSION_LIBZ
LogInit:      CURL_VERSION_IPV6
LogInit:      CURL_VERSION_ASYNCHDNS
LogInit:      CURL_VERSION_LARGEFILE
LogInit:      CURL_VERSION_IDN
LogInit:  CurlRequestOptions (configurable via config and command line):
LogInit:  - bVerifyPeer = false  - Libcurl will NOT verify peer certificate
LogInit:  - bUseHttpProxy = false  - Libcurl will NOT use HTTP proxy
LogInit:  - bDontReuseConnections = false  - Libcurl will reuse connections
LogInit:  - CertBundlePath = nullptr  - Libcurl will use whatever was configured at build time.
LogInit:  - MaxHostConnections = 16  - Libcurl will limit the number of connections to a host
LogInit:  - LocalHostAddr = Default
LogOnline: Display: STEAM: Loading Steam SDK 1.39
LogOnline: Warning: STEAM: Steam API disabled!
LogOnline: Display: STEAM: OnlineSubsystemSteam::Shutdown()
LogInit: WinSock: version 1.1 (2.2), MaxSocks=32767, MaxUdp=65467
LogInit: WinSock: I am Q6600 (192.168.1.42:0)
LogInit: Build: ++UE4+Release-4.19-CL-4033788
LogInit: Engine Version: 4.19.2-4033788+++UE4+Release-4.19
LogInit: Compatible Engine Version: 4.19.0-3944462+++UE4+Release-4.19
LogInit: Net CL: 3944462
LogDevObjectVersion: Number of dev versions registered: 18
LogDevObjectVersion:   Dev-Blueprints (B0D832E4-1F89-4F0D-ACCF-7EB736FD4AA2): 10
LogDevObjectVersion:   Dev-Build (E1C64328-A22C-4D53-A36C-8E866417BD8C): 0
LogDevObjectVersion:   Dev-Core (375EC13C-06E4-48FB-B500-84F0262A717E): 2
LogDevObjectVersion:   Dev-Editor (E4B068ED-F494-42E9-A231-DA0B2E46BB41): 23
LogDevObjectVersion:   Dev-Framework (CFFC743F-43B0-4480-9391-14DF171D2073): 33
LogDevObjectVersion:   Dev-Mobile (B02B49B5-BB20-44E9-A304-32B752E40360): 2
LogDevObjectVersion:   Dev-Networking (A4E4105C-59A1-49B5-A7C5-40C4547EDFEE): 0
LogDevObjectVersion:   Dev-Online (39C831C9-5AE6-47DC-9A44-9C173E1C8E7C): 0
LogDevObjectVersion:   Dev-Physics (78F01B33-EBEA-4F98-B9B4-84EACCB95AA2): 0
LogDevObjectVersion:   Dev-Platform (6631380F-2D4D-43E0-8009-CF276956A95A): 0
LogDevObjectVersion:   Dev-Rendering (12F88B9F-8875-4AFC-A67C-D90C383ABD29): 25
LogDevObjectVersion:   Dev-Sequencer (7B5AE74C-D270-4C10-A958-57980B212A5A): 6
LogDevObjectVersion:   Dev-VR (D7296918-1DD6-4BDD-9DE2-64A83CC13884): 1
LogDevObjectVersion:   Dev-LoadTimes (C2A15278-BFE7-4AFE-6C17-90FF531DF755): 1
LogDevObjectVersion:   Private-Geometry (6EACA3D4-40EC-4CC1-B786-8BED09428FC5): 2
LogDevObjectVersion:   Dev-AnimPhys (29E575DD-E0A3-4627-9D10-D276232CDCEA): 16
LogDevObjectVersion:   Dev-ReflectionCapture (6B266CEC-1EC7-4B8F-A30B-E4D90942FC07): 1
LogDevObjectVersion:   Dev-Automation (0DF73D61-A23F-47EA-B727-89E90C41499A): 1
LogInit: Compiled (64-bit): Apr 27 2018 02:06:57
LogInit: Compiled with Visual C++: 19.00.24215.01
LogInit: Build Configuration: Development
LogInit: Branch Name: ++UE4+Release-4.19
LogInit: Command Line:  127.0.0.1:17777 -game -PIEVIACONSOLE -ResX=640 -ResY=480  -Multiprocess -messaging -SessionName="Play in Standalone Game" -windowed GameUserSettingsINI="F:/Juegos/UE_Projects/FPBG/Saved/Config/Windows/PIEGameUserSettings1.ini" -MultiprocessSaveConfig  -MultiprocessOSS WinX=664 WinY=550 SAVEWINPOS=1
LogInit: Base Directory: F:/Juegos/UE_4.19/Engine/Binaries/Win64/
LogInit: Installed Engine Build: 1
LogStreaming: Display: Took  0.010s to delete old logs.
LogInit: Presizing for max 8388607 objects, including 0 objects not considered by GC, pre-allocating 0 bytes for permanent pool.
LogInit: Object subsystem initialized
[2018.07.27-20.31.55:543][  0]LogInit: Selected Device Profile: [Windows]
[2018.07.27-20.31.55:543][  0]LogInit: Applying CVar settings loaded from the selected device profile: [Windows]
[2018.07.27-20.31.55:556][  0]LogInit: Computer: Q6600
[2018.07.27-20.31.55:556][  0]LogInit: User: bitt3rman
[2018.07.27-20.31.55:557][  0]LogInit: CPU Page size=4096, Cores=4
[2018.07.27-20.31.55:557][  0]LogInit: High frequency timer resolution =2.343833 MHz
[2018.07.27-20.31.55:557][  0]LogMemory: Memory total: Physical=8.0GB (8GB approx)
[2018.07.27-20.31.55:557][  0]LogMemory: Platform Memory Stats for Windows
[2018.07.27-20.31.55:557][  0]LogMemory: Process Physical Memory: 274.96 MB used, 274.96 MB peak
[2018.07.27-20.31.55:557][  0]LogMemory: Process Virtual Memory: 270.37 MB used, 270.37 MB peak
[2018.07.27-20.31.55:557][  0]LogMemory: Physical Memory: 5974.47 MB used,  2216.02 MB free, 8190.49 MB total
[2018.07.27-20.31.55:557][  0]LogMemory: Virtual Memory: 4776.68 MB used,  2216.02 MB free, 134217728.00 MB total
[2018.07.27-20.31.55:606][  0]LogInit: Using OS detected language (es-ES).
[2018.07.27-20.31.55:606][  0]LogInit: Using OS detected locale (es-ES).
[2018.07.27-20.31.55:606][  0]LogTextLocalizationManager: No localization for 'es-ES' exists, so 'en' will be used for the language.
[2018.07.27-20.31.55:606][  0]LogTextLocalizationManager: No localization for 'es-ES' exists, so 'en' will be used for the locale.
[2018.07.27-20.31.56:691][  0]LogStreaming: Display: Took  1.085s to EndInitTextLocalization.
[2018.07.27-20.31.56:751][  0]LogSlate: New Slate User Created.  User Index 0, Is Virtual User: 0
[2018.07.27-20.31.56:751][  0]LogSlate: Slate User Registered.  User Index 0, Is Virtual User: 0
[2018.07.27-20.31.56:759][  0]LogD3D11RHI: D3D11 adapters:
[2018.07.27-20.31.56:880][  0]LogD3D11RHI:    0. 'NVIDIA GeForce GT 730' (Feature Level 11_0)
[2018.07.27-20.31.56:880][  0]LogD3D11RHI:       2018/0/4095 MB DedicatedVideo/DedicatedSystem/SharedSystem, Outputs:1, VendorId:0x10de
[2018.07.27-20.31.56:888][  0]LogD3D11RHI:    1. 'Microsoft Basic Render Driver' (Feature Level 11_0)
[2018.07.27-20.31.56:888][  0]LogD3D11RHI:       0/0/4095 MB DedicatedVideo/DedicatedSystem/SharedSystem, Outputs:0, VendorId:0x1414
[2018.07.27-20.31.56:888][  0]LogD3D11RHI: Chosen D3D11 Adapter: 0
[2018.07.27-20.31.56:910][  0]LogD3D11RHI: Creating new Direct3DDevice
[2018.07.27-20.31.56:910][  0]LogD3D11RHI:     GPU DeviceId: 0x1287 (for the marketing name, search the web for "GPU Device Id")
[2018.07.27-20.31.56:910][  0]LogWindows: EnumDisplayDevices:
[2018.07.27-20.31.56:910][  0]LogWindows:    0. 'NVIDIA GeForce GT 730' (P:1 D:1)
[2018.07.27-20.31.56:911][  0]LogWindows:    1. 'NVIDIA GeForce GT 730' (P:0 D:0)
[2018.07.27-20.31.56:911][  0]LogWindows:    2. 'NVIDIA GeForce GT 730' (P:0 D:0)
[2018.07.27-20.31.56:912][  0]LogWindows: DebugString: GetVideoDriverDetailsInvalid PrimaryIsNotTheChoosenAdapter GetVideoDriverDetailsInvalid PrimaryIsNotTheChoosenAdapter GetVideoDriverDetailsInvalid PrimaryIsNotTheChoosenAdapter FoundDriverCount:0 
[2018.07.27-20.31.56:912][  0]LogD3D11RHI:     Adapter Name: NVIDIA GeForce GT 730
[2018.07.27-20.31.56:912][  0]LogD3D11RHI:   Driver Version: Unknown (internal:Unknown, unified:Unknown)
[2018.07.27-20.31.56:912][  0]LogD3D11RHI:      Driver Date: Unknown
[2018.07.27-20.31.56:912][  0]LogRHI: Texture pool is 1413 MB (70% of 2018 MB)
[2018.07.27-20.31.56:983][  0]LogD3D11RHI: [Aftermath] Aftermath enabled but failed to initialize
[2018.07.27-20.31.56:983][  0]LogD3D11RHI: [Aftermath] Aftermath enabled and primed
[2018.07.27-20.31.56:983][  0]LogD3D11RHI: Async texture creation enabled
[2018.07.27-20.31.57:003][  0]LogD3D11RHI: GPU Timing Frequency: 1000.000000 (Debug: 2 1)
[2018.07.27-20.31.57:007][  0]LogShaderCompilers: Guid format shader working directory is 21 characters bigger than the processId version (../../../../UE_Projects/FPBG/Intermediate/Shaders/WorkingDirectory/10860/).
[2018.07.27-20.31.57:008][  0]LogShaderCompilers: Cleaned the shader compiler working directory 'C:/Users/bitt3rman/AppData/Local/Temp/UnrealShaderWorkingDir/A5AE120A47CF60AB86941EA14B384E5B/'.
[2018.07.27-20.31.57:848][  0]LogTemp: Display: Loaded TP WindowsClientTargetPlatform
[2018.07.27-20.31.57:886][  0]LogTemp: Display: Loaded TP WindowsNoEditorTargetPlatform
[2018.07.27-20.31.57:922][  0]LogTemp: Display: Loaded TP WindowsServerTargetPlatform
[2018.07.27-20.31.57:962][  0]LogTemp: Display: Loaded TP WindowsTargetPlatform
[2018.07.27-20.31.57:962][  0]LogTargetPlatformManager: Display: Building Assets For Windows
[2018.07.27-20.31.58:312][  0]LogXGEController: Cannot use XGE Controller as Incredibuild is not installed on this machine.
[2018.07.27-20.31.58:313][  0]LogShaderCompilers: Cannot use XGE Shader Compiler as Incredibuild is not installed on this machine.
[2018.07.27-20.31.58:313][  0]LogShaderCompilers: Display: Using Local Shader Compiler.
[2018.07.27-20.32.00:677][  0]LogDerivedDataCache: Display: Max Cache Size: 512 MB
[2018.07.27-20.32.01:132][  0]LogDerivedDataCache: Loaded boot cache 0.45s 74MB C:/Users/bitt3rman/AppData/Local/UnrealEngine/4.19/DerivedDataCache/Boot.ddc.
[2018.07.27-20.32.01:132][  0]LogDerivedDataCache: Display: Loaded Boot cache: C:/Users/bitt3rman/AppData/Local/UnrealEngine/4.19/DerivedDataCache/Boot.ddc
[2018.07.27-20.32.01:133][  0]LogDerivedDataCache: FDerivedDataBackendGraph:  Pak pak cache file ../../../../UE_Projects/FPBG/DerivedDataCache/DDC.ddp not found, will not use a pak cache.
[2018.07.27-20.32.01:133][  0]LogDerivedDataCache: Unable to find inner node Pak for hierarchical cache Hierarchy.
[2018.07.27-20.32.01:133][  0]LogDerivedDataCache: FDerivedDataBackendGraph:  CompressedPak pak cache file ../../../../UE_Projects/FPBG/DerivedDataCache/Compressed.ddp not found, will not use a pak cache.
[2018.07.27-20.32.01:133][  0]LogDerivedDataCache: Unable to find inner node CompressedPak for hierarchical cache Hierarchy.
[2018.07.27-20.32.01:166][  0]LogDerivedDataCache: Display: Pak cache opened for reading ../../../Engine/DerivedDataCache/Compressed.ddp.
[2018.07.27-20.32.01:183][  0]LogDerivedDataCache: Using Local data cache path C:/Users/bitt3rman/AppData/Local/UnrealEngine/Common/DerivedDataCache: Writable
[2018.07.27-20.32.01:183][  0]LogDerivedDataCache: Shared data cache path not found in *engine.ini, will not use an Shared cache.
[2018.07.27-20.32.01:183][  0]LogDerivedDataCache: Unable to find inner node Shared for hierarchical cache Hierarchy.
[2018.07.27-20.32.01:218][  0]LogMaterial: Verifying Global Shaders for PCD3D_SM5
[2018.07.27-20.32.01:219][  0]LogSlate: Using Freetype 2.6.0
[2018.07.27-20.32.01:222][  0]LogSlate: SlateFontCache - WITH_FREETYPE: 1, WITH_HARFBUZZ: 1
[2018.07.27-20.32.01:222][  0]LogSlate: SlateFontCache - WITH_FREETYPE: 1, WITH_HARFBUZZ: 1
[2018.07.27-20.32.01:567][  0]LogAssetRegistry: FAssetRegistry took 0.0142 seconds to start up
[2018.07.27-20.32.02:145][  0]LogPackageLocalizationCache: Processed 9 localized package path(s) for 1 prioritized culture(s) in 0.048775 seconds
[2018.07.27-20.32.02:449][  0]LogInit: Selected Device Profile: [Windows]
[2018.07.27-20.32.02:801][  0]LogSimplygon: Simplygon DLL not present - disabling.
[2018.07.27-20.32.02:807][  0]LogMeshReduction: Using SimplygonSwarm for distributed automatic mesh merging
[2018.07.27-20.32.02:808][  0]LogMeshReduction: Using QuadricMeshReduction for automatic static mesh reduction
[2018.07.27-20.32.02:808][  0]LogMeshReduction: No automatic skeletal mesh reduction module available
[2018.07.27-20.32.02:808][  0]LogMeshReduction: No automatic mesh merging module available
[2018.07.27-20.32.02:808][  0]LogMeshMerging: No automatic mesh merging module available
[2018.07.27-20.32.02:894][  0]LogNetVersion: FPBG , NetCL: 3944462, EngineNetVer: 2, GameNetVer: 0 (Checksum: 1413110598)
[2018.07.27-20.32.04:690][  0]LogMoviePlayer: Initializing movie player
[2018.07.27-20.32.05:837][  0]LogTcpMessaging: Initializing TcpMessaging bridge
[2018.07.27-20.32.05:934][  0]LogUdpMessaging: Initializing bridge on interface 0.0.0.0:0 to multicast group 230.0.0.1:6666.
[2018.07.27-20.32.06:651][  0]SourceControl: Source control is disabled
[2018.07.27-20.32.06:652][  0]SourceControl: Source control is disabled
[2018.07.27-20.32.06:712][  0]SourceControl: Source control is disabled
[2018.07.27-20.32.07:703][  0]LogAndroidPermission: UAndroidPermissionCallbackProxy::GetInstance
[2018.07.27-20.32.08:201][  0]LogOcInput: OculusInput pre-init called
[2018.07.27-20.32.08:326][  0]LogUObjectArray: 40131 objects as part of root set at end of initial load.
[2018.07.27-20.32.08:327][  0]LogUObjectAllocator: 8578472 out of 0 bytes used by permanent object pool.
[2018.07.27-20.32.08:327][  0]LogUObjectArray: CloseDisregardForGC: 0/0 objects in disregard for GC pool
[2018.07.27-20.32.08:431][  0]LogEngine: Initializing Engine...
[2018.07.27-20.32.08:436][  0]LogHMD: Failed to initialize OpenVR with code 110
[2018.07.27-20.32.08:451][  0]LogStats: UGameplayTagsManager::ConstructGameplayTagTree: Construct from data asset -  0.000 s
[2018.07.27-20.32.08:451][  0]LogStats: UGameplayTagsManager::ConstructGameplayTagTree: GameplayTagTreeChangedEvent.Broadcast -  0.000 s
[2018.07.27-20.32.09:368][  0]LogInit: XAudio2 using 'Speakers (High Definition Audio Device)' : 2 channels at 48 kHz using 16 bits per sample (channel mask 0x3)
[2018.07.27-20.32.09:611][  0]LogInit: FAudioDevice initialized.
[2018.07.27-20.32.09:771][  0]LogInit: Texture streaming: Enabled
[2018.07.27-20.32.10:104][  0]LogUObjectGlobals: Created PersistentFrame Addr=0x000001e64217ae80, Size=632, Default__GameInfoInstance_C Function /Game/Blueprints/AllLevels/GameInfoInstance.GameInfoInstance_C:ExecuteUbergraph_GameInfoInstance
[2018.07.27-20.32.10:117][  0]LogUObjectGlobals: Created PersistentFrame Addr=0x000001e638f25648, Size=40, Default__ErrorDialog_C Function /Game/UI/MainMenu/ErrorDialog.ErrorDialog_C:ExecuteUbergraph_ErrorDialog
[2018.07.27-20.32.10:137][  0]LogUObjectGlobals: Created PersistentFrame Addr=0x000001e629499b40, Size=96, Default__HostMenu_C Function /Game/UI/MainMenu/HostMenu.HostMenu_C:ExecuteUbergraph_HostMenu
[2018.07.27-20.32.10:151][  0]LogUObjectGlobals: Created PersistentFrame Addr=0x000001e62c42ee80, Size=64, Default__MainMenu_C Function /Game/UI/MainMenu/MainMenu.MainMenu_C:ExecuteUbergraph_MainMenu
[2018.07.27-20.32.10:209][  0]LogUObjectGlobals: Created PersistentFrame Addr=0x000001e62c426b70, Size=104, Default__OptionsMenu_C Function /Game/UI/MainMenu/OptionsMenu.OptionsMenu_C:ExecuteUbergraph_OptionsMenu
[2018.07.27-20.32.10:230][  0]LogUObjectGlobals: Created PersistentFrame Addr=0x000001e62c3e7100, Size=608, Default__ServerMenu_C Function /Game/UI/MainMenu/ServerMenu.ServerMenu_C:ExecuteUbergraph_ServerMenu
[2018.07.27-20.32.10:365][  0]LogUObjectGlobals: Destroyed PersistentFrame Addr=0x000001e64217ae80, Size=632
[2018.07.27-20.32.10:365][  0]LogUObjectGlobals: Created PersistentFrame Addr=0x000001e6420cb380, Size=632, Default__GameInfoInstance_C Function /Engine/Transient.REINST_GameInfoInstance_C_2:ExecuteUbergraph_GameInfoInstance
[2018.07.27-20.32.10:366][  0]LogUObjectGlobals: Destroyed PersistentFrame Addr=0x000001e638f25648, Size=40
[2018.07.27-20.32.10:366][  0]LogUObjectGlobals: Created PersistentFrame Addr=0x000001e62c34a098, Size=40, Default__ErrorDialog_C Function /Engine/Transient.REINST_ErrorDialog_C_0:ExecuteUbergraph_ErrorDialog
[2018.07.27-20.32.10:367][  0]LogUObjectGlobals: Destroyed PersistentFrame Addr=0x000001e629499b40, Size=96
[2018.07.27-20.32.10:367][  0]LogUObjectGlobals: Created PersistentFrame Addr=0x000001e64205fe80, Size=96, Default__HostMenu_C Function /Engine/Transient.REINST_HostMenu_C_1:ExecuteUbergraph_HostMenu
[2018.07.27-20.32.10:367][  0]LogUObjectGlobals: Destroyed PersistentFrame Addr=0x000001e62c42ee80, Size=64
[2018.07.27-20.32.10:367][  0]LogUObjectGlobals: Created PersistentFrame Addr=0x000001e6420cd0c0, Size=64, Default__MainMenu_C Function /Engine/Transient.REINST_MainMenu_C_3:ExecuteUbergraph_MainMenu
[2018.07.27-20.32.10:368][  0]LogUObjectGlobals: Destroyed PersistentFrame Addr=0x000001e62c426b70, Size=104
[2018.07.27-20.32.10:368][  0]LogUObjectGlobals: Created PersistentFrame Addr=0x000001e6420f01e0, Size=104, Default__OptionsMenu_C Function /Engine/Transient.REINST_OptionsMenu_C_4:ExecuteUbergraph_OptionsMenu
[2018.07.27-20.32.10:370][  0]LogUObjectGlobals: Destroyed PersistentFrame Addr=0x000001e62c3e7100, Size=608
[2018.07.27-20.32.10:370][  0]LogUObjectGlobals: Created PersistentFrame Addr=0x000001e6420cae80, Size=608, Default__ServerMenu_C Function /Engine/Transient.REINST_ServerMenu_C_5:ExecuteUbergraph_ServerMenu
[2018.07.27-20.32.10:471][  0]LogUObjectGlobals: Created PersistentFrame Addr=0x000001e642c27d80, Size=632, Default__GameInfoInstance_C Function /Game/Blueprints/AllLevels/GameInfoInstance.GameInfoInstance_C:ExecuteUbergraph_GameInfoInstance
[2018.07.27-20.32.10:475][  0]LogUObjectGlobals: Created PersistentFrame Addr=0x000001e62c34a980, Size=40, Default__ErrorDialog_C Function /Game/UI/MainMenu/ErrorDialog.ErrorDialog_C:ExecuteUbergraph_ErrorDialog
[2018.07.27-20.32.10:481][  0]LogUObjectGlobals: Created PersistentFrame Addr=0x000001e642cf4c40, Size=96, Default__HostMenu_C Function /Game/UI/MainMenu/HostMenu.HostMenu_C:ExecuteUbergraph_HostMenu
[2018.07.27-20.32.10:486][  0]LogUObjectGlobals: Created PersistentFrame Addr=0x000001e642bcbf58, Size=56, Default__MainMenu_C Function /Game/UI/MainMenu/MainMenu.MainMenu_C:ExecuteUbergraph_MainMenu
[2018.07.27-20.32.10:494][  0]LogUObjectGlobals: Created PersistentFrame Addr=0x000001e642ba90c0, Size=104, Default__OptionsMenu_C Function /Game/UI/MainMenu/OptionsMenu.OptionsMenu_C:ExecuteUbergraph_OptionsMenu
[2018.07.27-20.32.10:506][  0]LogUObjectGlobals: Created PersistentFrame Addr=0x000001e642c25800, Size=592, Default__ServerMenu_C Function /Game/UI/MainMenu/ServerMenu.ServerMenu_C:ExecuteUbergraph_ServerMenu
[2018.07.27-20.32.10:561][  0]LogInit: Display: Game Engine Initialized.
[2018.07.27-20.32.10:561][  0]LogGameplayTags: Display: UGameplayTagsManager::DoneAddingNativeTags. DelegateIsBound: 0
[2018.07.27-20.32.10:561][  0]LogStats: UGameplayTagsManager::ConstructGameplayTagTree: Construct from data asset -  0.000 s
[2018.07.27-20.32.10:561][  0]LogStats: UGameplayTagsManager::ConstructGameplayTagTree: GameplayTagTreeChangedEvent.Broadcast -  0.000 s
[2018.07.27-20.32.11:011][  0]LogInit: Display: Starting Game.
[2018.07.27-20.32.11:011][  0]LogNet: Browse: 127.0.0.1:17777//Game/Maps/MainMenu?Name=Player
[2018.07.27-20.32.11:012][  0]LogOnline: Warning: STEAM: Steam API disabled!
[2018.07.27-20.32.11:012][  0]LogOnline: Display: STEAM: OnlineSubsystemSteam::Shutdown()
[2018.07.27-20.32.11:012][  0]LogTemp: Display: ParseSettings for GameNetDriver
[2018.07.27-20.32.11:012][  0]LogTemp: Display: ParseSettings for IpNetDriver_0
[2018.07.27-20.32.11:012][  0]LogTemp: Display: ParseSettings for PendingNetDriver
[2018.07.27-20.32.11:012][  0]LogInit: WinSock: Socket queue 32768 / 32768
[2018.07.27-20.32.11:014][  0]PacketHandlerLog: Loaded PacketHandler component: Engine.EngineHandlerComponentFactory (StatelessConnectHandlerComponent)
[2018.07.27-20.32.11:014][  0]LogNet: Game client on port 17777, rate 10000
[2018.07.27-20.32.11:128][  0]LogLoad: (Engine Initialization) Total time: 22.02 seconds
[2018.07.27-20.32.11:128][  0]LogLoad: (Engine Initialization) Total Blueprint compile time: 0.00 seconds
[2018.07.27-20.32.11:162][  0]LogContentStreaming: Texture pool size now 1000 MB
[2018.07.27-20.32.14:050][134]LogHandshake: SendChallengeResponse. Timestamp: 0.662093, Cookie: 168013033240085219167116226026234206025128143039017099255211
[2018.07.27-20.32.14:067][135]LogNetVersion: FPBG 1.0.0.0, NetCL: 3944462, EngineNetVer: 2, GameNetVer: 0 (Checksum: 272724767)
[2018.07.27-20.32.14:067][135]LogNet: UPendingNetGame::SendInitialJoin: Sending hello. [UNetConnection] RemoteAddr: 127.0.0.1:17777, Name: IpConnection_0, Driver: PendingNetDriver IpNetDriver_0, IsServer: NO, PC: NULL, Owner: NULL, UniqueId: INVALID
[2018.07.27-20.32.14:099][137]LogNet: Welcomed by server (Level: /Game/Maps/MainMenu, Game: /Game/FirstPersonBP/Blueprints/FirstPersonGameMode.FirstPersonGameMode_C)
[2018.07.27-20.32.14:100][137]LogLoad: LoadMap: 127.0.0.1:17777//Game/Maps/MainMenu?Name=Player?game=/Game/FirstPersonBP/Blueprints/FirstPersonGameMode.FirstPersonGameMode_C
[2018.07.27-20.32.14:129][137]LogUObjectGlobals: Destroyed PersistentFrame Addr=0x000001e6420cb380, Size=632
[2018.07.27-20.32.14:129][137]LogUObjectGlobals: Destroyed PersistentFrame Addr=0x000001e62c34a098, Size=40
[2018.07.27-20.32.14:129][137]LogUObjectGlobals: Destroyed PersistentFrame Addr=0x000001e64205fe80, Size=96
[2018.07.27-20.32.14:129][137]LogUObjectGlobals: Destroyed PersistentFrame Addr=0x000001e6420cd0c0, Size=64
[2018.07.27-20.32.14:130][137]LogUObjectGlobals: Destroyed PersistentFrame Addr=0x000001e6420f01e0, Size=104
[2018.07.27-20.32.14:130][137]LogUObjectGlobals: Destroyed PersistentFrame Addr=0x000001e6420cae80, Size=608
[2018.07.27-20.32.14:137][137]LogUObjectGlobals: Created PersistentFrame Addr=0x000001e642be8ea0, Size=32, Default__MainMenu_C Function /Game/Maps/MainMenu.MainMenu_C:ExecuteUbergraph_MainMenu
[2018.07.27-20.32.14:140][137]LogUObjectGlobals: Destroyed PersistentFrame Addr=0x000001e642be8ea0, Size=32
[2018.07.27-20.32.14:141][137]LogUObjectGlobals: Created PersistentFrame Addr=0x000001e642be8ea0, Size=32, Default__MainMenu_C Function /Engine/Transient.REINST_MainMenu_C_13:ExecuteUbergraph_MainMenu
[2018.07.27-20.32.14:142][137]LogUObjectGlobals: Created PersistentFrame Addr=0x000001e642be8c20, Size=32, Default__MainMenu_C Function /Game/Maps/MainMenu.MainMenu_C:ExecuteUbergraph_MainMenu
[2018.07.27-20.32.14:172][137]LogAIModule: Creating AISystem for world MainMenu
[2018.07.27-20.32.14:172][137]LogTemp: Display: ParseSettings for GameNetDriver
[2018.07.27-20.32.14:174][137]LogWorld: Bringing World /Game/Maps/MainMenu.MainMenu up for play (max tick rate 0) at 2018.07.27-21.32.14
[2018.07.27-20.32.14:174][137]LogWorld: Bringing up level for play took: 0.000775
[2018.07.27-20.32.14:176][137]LogLoad: Took 0.075402 seconds to LoadMap(/Game/Maps/MainMenu)
[2018.07.27-20.32.14:361][138]LogRenderer: Reallocating scene render targets to support 640x480 Format 10 NumSamples 1 (Frame:1).
[2018.07.27-20.32.14:837][138]LogUObjectGlobals: Created PersistentFrame Addr=0x000001e642bc81e0, Size=52, Default__FirstPersonHUD_C Function /Game/FirstPersonBP/Blueprints/FirstPersonHUD.FirstPersonHUD_C:ExecuteUbergraph_FirstPersonHUD
[2018.07.27-20.32.14:847][138]LogUObjectGlobals: Destroyed PersistentFrame Addr=0x000001e642bc81e0, Size=52
[2018.07.27-20.32.14:847][138]LogUObjectGlobals: Created PersistentFrame Addr=0x000001e642bc81e0, Size=52, Default__FirstPersonHUD_C Function /Engine/Transient.REINST_FirstPersonHUD_C_15:ExecuteUbergraph_FirstPersonHUD
[2018.07.27-20.32.14:852][138]LogUObjectGlobals: Created PersistentFrame Addr=0x000001e6420e19f0, Size=52, Default__FirstPersonHUD_C Function /Game/FirstPersonBP/Blueprints/FirstPersonHUD.FirstPersonHUD_C:ExecuteUbergraph_FirstPersonHUD
[2018.07.27-20.32.14:902][138]LogUObjectGlobals: Created PersistentFrame Addr=0x000001e641ff3100, Size=688, Default__FirstPersonCharacter_C Function /Game/FirstPersonBP/Blueprints/FirstPersonCharacter.FirstPersonCharacter_C:ExecuteUbergraph_FirstPersonCharacter
[2018.07.27-20.32.14:907][138]LogUObjectGlobals: Created PersistentFrame Addr=0x000001e642bc4e00, Size=256, Default__FirstPersonProjectile_C Function /Game/FirstPersonBP/Blueprints/FirstPersonProjectile.FirstPersonProjectile_C:ExecuteUbergraph_FirstPersonProjectile
[2018.07.27-20.32.14:951][138]LogUObjectGlobals: Created PersistentFrame Addr=0x000001e642ce1850, Size=72, Default__FirstPerson_AnimBP_C Function /Game/FirstPerson/Animations/FirstPerson_AnimBP.FirstPerson_AnimBP_C:ExecuteUbergraph_FirstPerson_AnimBP
[2018.07.27-20.32.15:045][138]LogUObjectGlobals: Destroyed PersistentFrame Addr=0x000001e642ce1850, Size=72
[2018.07.27-20.32.15:046][138]LogUObjectGlobals: Created PersistentFrame Addr=0x000001e6420d26b0, Size=72, Default__FirstPerson_AnimBP_C Function /Engine/Transient.REINST_FirstPerson_AnimBP_C_0:ExecuteUbergraph_FirstPerson_AnimBP
[2018.07.27-20.32.15:047][138]LogUObjectGlobals: Destroyed PersistentFrame Addr=0x000001e642bc4e00, Size=256
[2018.07.27-20.32.15:047][138]LogUObjectGlobals: Created PersistentFrame Addr=0x000001e642bc4e00, Size=256, Default__FirstPersonProjectile_C Function /Engine/Transient.REINST_FirstPersonProjectile_C_17:ExecuteUbergraph_FirstPersonProjectile
[2018.07.27-20.32.15:049][138]LogUObjectGlobals: Destroyed PersistentFrame Addr=0x000001e641ff3100, Size=688
[2018.07.27-20.32.15:049][138]LogUObjectGlobals: Created PersistentFrame Addr=0x000001e6424e3700, Size=688, Default__FirstPersonCharacter_C Function /Engine/Transient.REINST_FirstPersonCharacter_C_18:ExecuteUbergraph_FirstPersonCharacter
[2018.07.27-20.32.15:093][138]LogUObjectGlobals: Created PersistentFrame Addr=0x000001e6424963c0, Size=64, Default__FirstPerson_AnimBP_C Function /Game/FirstPerson/Animations/FirstPerson_AnimBP.FirstPerson_AnimBP_C:ExecuteUbergraph_FirstPerson_AnimBP
[2018.07.27-20.32.15:095][138]LogUObjectGlobals: Created PersistentFrame Addr=0x000001e642c30900, Size=256, Default__FirstPersonProjectile_C Function /Game/FirstPersonBP/Blueprints/FirstPersonProjectile.FirstPersonProjectile_C:ExecuteUbergraph_FirstPersonProjectile
[2018.07.27-20.32.15:103][138]LogUObjectGlobals: Created PersistentFrame Addr=0x000001e6424ad000, Size=688, Default__FirstPersonCharacter_C Function /Game/FirstPersonBP/Blueprints/FirstPersonCharacter.FirstPersonCharacter_C:ExecuteUbergraph_FirstPersonCharacter
[2018.07.27-20.32.15:477][138]LogSkeletalMesh: Skeletal Mesh found in DDC [10.185026ms] /Game/FirstPerson/FPWeapon/Mesh/SK_FPGun.SK_FPGun
[2018.07.27-20.32.15:506][138]LogSkeletalMesh: Skeletal Mesh found in DDC [22.703836ms] /Game/FirstPerson/Character/Mesh/SK_Mannequin_Arms.SK_Mannequin_Arms
[2018.07.27-20.32.15:559][138]LogOnline: Warning: OSS: No game present to join for session (GameSession)
[2018.07.27-20.32.15:560][138]LogOnline: Warning: OSS: No game present to join for session (GameSession)
[2018.07.27-20.32.15:560][138]LogOnline: Warning: OSS: No game present to join for session (GameSession)
[2018.07.27-20.32.37:357][283]LogOnline: Warning: OSS: No game present to leave for session (GameSession)
[2018.07.27-20.32.47:899][766]LogNet: Warning: Network Failure: GameNetDriver[FailureReceived]: Host closed the connection.
[2018.07.27-20.32.47:899][766]LogNet: NetworkFailure: FailureReceived, Error: 'Host closed the connection.'
[2018.07.27-20.32.47:902][766]LogNet: UNetConnection::Close: [UNetConnection] RemoteAddr: 127.0.0.1:17777, Name: IpConnection_0, Driver: GameNetDriver IpNetDriver_0, IsServer: NO, PC: PlayerController_1, Owner: PlayerController_1, UniqueId: Q6600-42ADADD5448C9BCA4A9FD49FECAE9107, Channels: 10, Time: 2018.07.27-20.32.47
[2018.07.27-20.32.47:902][766]LogNet: UChannel::Close: Sending CloseBunch. ChIndex == 0. Name: [UChannel] ChIndex: 0, Closing: 0 [UNetConnection] RemoteAddr: 127.0.0.1:17777, Name: IpConnection_0, Driver: GameNetDriver IpNetDriver_0, IsServer: NO, PC: PlayerController_1, Owner: PlayerController_1, UniqueId: Q6600-42ADADD5448C9BCA4A9FD49FECAE9107
[2018.07.27-20.32.47:903][766]LogNet: Warning: Network Failure: GameNetDriver[ConnectionLost]: Your connection to the host has been lost.
[2018.07.27-20.32.47:903][766]LogNet: NetworkFailure: ConnectionLost, Error: 'Your connection to the host has been lost.'
[2018.07.27-20.32.47:918][767]LogNet: Browse: /Game/Maps/MainMenu?closed
[2018.07.27-20.32.47:918][767]LogNet: Failed; returning to Entry
[2018.07.27-20.32.47:944][767]LogLoad: LoadMap: /Game/Maps/MainMenu?closed
[2018.07.27-20.32.47:944][767]LogNet: World NetDriver shutdown IpNetDriver_0 [GameNetDriver]
[2018.07.27-20.32.47:944][767]LogNet: DestroyNamedNetDriver IpNetDriver_0 [GameNetDriver]
[2018.07.27-20.32.47:945][767]LogExit: GameNetDriver IpNetDriver_0 shut down
[2018.07.27-20.32.48:018][767]LogUObjectGlobals: Destroyed PersistentFrame Addr=0x000001e6420d26b0, Size=72
[2018.07.27-20.32.48:018][767]LogUObjectGlobals: Destroyed PersistentFrame Addr=0x000001e642bc4e00, Size=256
[2018.07.27-20.32.48:018][767]LogUObjectGlobals: Destroyed PersistentFrame Addr=0x000001e6424e3700, Size=688
[2018.07.27-20.32.48:019][767]LogUObjectGlobals: Destroyed PersistentFrame Addr=0x000001e6420e19f0, Size=52
[2018.07.27-20.32.48:019][767]LogUObjectGlobals: Destroyed PersistentFrame Addr=0x000001e642bc81e0, Size=52
[2018.07.27-20.32.48:019][767]LogUObjectGlobals: Destroyed PersistentFrame Addr=0x000001e642be8c20, Size=32
[2018.07.27-20.32.48:019][767]LogUObjectGlobals: Destroyed PersistentFrame Addr=0x000001e642be8ea0, Size=32
[2018.07.27-20.32.48:021][767]LogUObjectGlobals: Destroyed PersistentFrame Addr=0x000001e6424963c0, Size=64
[2018.07.27-20.32.48:021][767]LogUObjectGlobals: Destroyed PersistentFrame Addr=0x000001e642c30900, Size=256
[2018.07.27-20.32.48:021][767]LogUObjectGlobals: Destroyed PersistentFrame Addr=0x000001e6424ad000, Size=688
[2018.07.27-20.32.48:036][767]LogUObjectGlobals: Created PersistentFrame Addr=0x000001e642c683a0, Size=32, Default__MainMenu_C Function /Game/Maps/MainMenu.MainMenu_C:ExecuteUbergraph_MainMenu
[2018.07.27-20.32.48:039][767]LogUObjectGlobals: Destroyed PersistentFrame Addr=0x000001e642c683a0, Size=32
[2018.07.27-20.32.48:039][767]LogUObjectGlobals: Created PersistentFrame Addr=0x000001e642c683a0, Size=32, Default__MainMenu_C Function /Engine/Transient.REINST_MainMenu_C_24:ExecuteUbergraph_MainMenu
[2018.07.27-20.32.48:043][767]LogUObjectGlobals: Created PersistentFrame Addr=0x000001e642c68a20, Size=32, Default__MainMenu_C Function /Game/Maps/MainMenu.MainMenu_C:ExecuteUbergraph_MainMenu
[2018.07.27-20.32.48:050][767]LogAIModule: Creating AISystem for world MainMenu
[2018.07.27-20.32.48:090][767]LogUObjectGlobals: Created PersistentFrame Addr=0x000001e64b398700, Size=688, Default__FirstPersonCharacter_C Function /Game/FirstPersonBP/Blueprints/FirstPersonCharacter.FirstPersonCharacter_C:ExecuteUbergraph_FirstPersonCharacter
[2018.07.27-20.32.48:093][767]LogUObjectGlobals: Created PersistentFrame Addr=0x000001e642d4ee00, Size=256, Default__FirstPersonProjectile_C Function /Game/FirstPersonBP/Blueprints/FirstPersonProjectile.FirstPersonProjectile_C:ExecuteUbergraph_FirstPersonProjectile
[2018.07.27-20.32.48:115][767]LogUObjectGlobals: Created PersistentFrame Addr=0x000001e642c42bb0, Size=72, Default__FirstPerson_AnimBP_C Function /Game/FirstPerson/Animations/FirstPerson_AnimBP.FirstPerson_AnimBP_C:ExecuteUbergraph_FirstPerson_AnimBP
[2018.07.27-20.32.48:184][767]LogUObjectGlobals: Created PersistentFrame Addr=0x000001e6424f3a50, Size=52, Default__FirstPersonHUD_C Function /Game/FirstPersonBP/Blueprints/FirstPersonHUD.FirstPersonHUD_C:ExecuteUbergraph_FirstPersonHUD
[2018.07.27-20.32.48:206][767]LogUObjectGlobals: Destroyed PersistentFrame Addr=0x000001e642c42bb0, Size=72
[2018.07.27-20.32.48:206][767]LogUObjectGlobals: Created PersistentFrame Addr=0x000001e6420d25c0, Size=72, Default__FirstPerson_AnimBP_C Function /Engine/Transient.REINST_FirstPerson_AnimBP_C_1:ExecuteUbergraph_FirstPerson_AnimBP
[2018.07.27-20.32.48:208][767]LogUObjectGlobals: Destroyed PersistentFrame Addr=0x000001e642d4ee00, Size=256
[2018.07.27-20.32.48:208][767]LogUObjectGlobals: Created PersistentFrame Addr=0x000001e642c37300, Size=256, Default__FirstPersonProjectile_C Function /Engine/Transient.REINST_FirstPersonProjectile_C_26:ExecuteUbergraph_FirstPersonProjectile
[2018.07.27-20.32.48:208][767]LogUObjectGlobals: Destroyed PersistentFrame Addr=0x000001e6424f3a50, Size=52
[2018.07.27-20.32.48:208][767]LogUObjectGlobals: Created PersistentFrame Addr=0x000001e6424f3a50, Size=52, Default__FirstPersonHUD_C Function /Engine/Transient.REINST_FirstPersonHUD_C_27:ExecuteUbergraph_FirstPersonHUD
[2018.07.27-20.32.48:210][767]LogUObjectGlobals: Destroyed PersistentFrame Addr=0x000001e64b398700, Size=688
[2018.07.27-20.32.48:210][767]LogUObjectGlobals: Created PersistentFrame Addr=0x000001e64252f100, Size=688, Default__FirstPersonCharacter_C Function /Engine/Transient.REINST_FirstPersonCharacter_C_28:ExecuteUbergraph_FirstPersonCharacter
[2018.07.27-20.32.48:261][767]LogUObjectGlobals: Created PersistentFrame Addr=0x000001e642d0c3c0, Size=64, Default__FirstPerson_AnimBP_C Function /Game/FirstPerson/Animations/FirstPerson_AnimBP.FirstPerson_AnimBP_C:ExecuteUbergraph_FirstPerson_AnimBP
[2018.07.27-20.32.48:265][767]LogUObjectGlobals: Created PersistentFrame Addr=0x000001e6420e5300, Size=256, Default__FirstPersonProjectile_C Function /Game/FirstPersonBP/Blueprints/FirstPersonProjectile.FirstPersonProjectile_C:ExecuteUbergraph_FirstPersonProjectile
[2018.07.27-20.32.48:267][767]LogUObjectGlobals: Created PersistentFrame Addr=0x000001e6420e1398, Size=52, Default__FirstPersonHUD_C Function /Game/FirstPersonBP/Blueprints/FirstPersonHUD.FirstPersonHUD_C:ExecuteUbergraph_FirstPersonHUD
[2018.07.27-20.32.48:273][767]LogUObjectGlobals: Created PersistentFrame Addr=0x000001e6424e0100, Size=688, Default__FirstPersonCharacter_C Function /Game/FirstPersonBP/Blueprints/FirstPersonCharacter.FirstPersonCharacter_C:ExecuteUbergraph_FirstPersonCharacter
[2018.07.27-20.32.48:562][767]LogSkeletalMesh: Skeletal Mesh found in DDC [7.390032ms] /Game/FirstPerson/FPWeapon/Mesh/SK_FPGun.SK_FPGun
[2018.07.27-20.32.48:581][767]LogSkeletalMesh: Skeletal Mesh found in DDC [16.335209ms] /Game/FirstPerson/Character/Mesh/SK_Mannequin_Arms.SK_Mannequin_Arms
[2018.07.27-20.32.48:597][767]LogLoad: Game class is 'FirstPersonGameMode_C'
[2018.07.27-20.32.48:599][767]LogWorld: Bringing World /Game/Maps/MainMenu.MainMenu up for play (max tick rate 0) at 2018.07.27-21.32.48
[2018.07.27-20.32.48:599][767]LogWorld: Bringing up level for play took: 0.000988
[2018.07.27-20.32.48:600][767]LogGameMode: FindPlayerStart: PATHS NOT DEFINED or NO PLAYERSTART with positive rating
[2018.07.27-20.32.48:607][767]LogLoad: Took 0.663027 seconds to LoadMap(/Game/Maps/MainMenu)
[2018.07.27-20.32.48:642][767]LogUObjectGlobals: Destroyed PersistentFrame Addr=0x000001e6424f3a50, Size=52
[2018.07.27-20.32.48:642][767]LogUObjectGlobals: Destroyed PersistentFrame Addr=0x000001e6420d25c0, Size=72
[2018.07.27-20.32.48:642][767]LogUObjectGlobals: Destroyed PersistentFrame Addr=0x000001e642c37300, Size=256
[2018.07.27-20.32.48:642][767]LogUObjectGlobals: Destroyed PersistentFrame Addr=0x000001e64252f100, Size=688
[2018.07.27-20.32.48:642][767]LogUObjectGlobals: Destroyed PersistentFrame Addr=0x000001e642c683a0, Size=32
[2018.07.27-20.33.04:595][440]LogSlate: Window 'FPBG (64-bit, PCD3D_SM5) ' being destroyed
[2018.07.27-20.33.04:596][440]LogWindowsTextInputMethodSystem: Display: IME system now deactivated.
[2018.07.27-20.33.04:604][440]LogEngine: All Windows Closed
[2018.07.27-20.33.04:604][440]LogWindows: FPlatformMisc::RequestExit(0)
[2018.07.27-20.33.05:532][441]LogSlate: Slate User Destroyed.  User Index 0, Is Virtual User: 0
[2018.07.27-20.33.05:532][441]LogExit: Preparing to exit.
[2018.07.27-20.33.05:532][441]LogMoviePlayer: Shutting down movie player
[2018.07.27-20.33.06:137][441]LogExit: Game engine shut down
[2018.07.27-20.33.06:172][441]LogUObjectGlobals: Destroyed PersistentFrame Addr=0x000001e6424e0100, Size=688
[2018.07.27-20.33.06:172][441]LogUObjectGlobals: Destroyed PersistentFrame Addr=0x000001e6420e1398, Size=52
[2018.07.27-20.33.06:172][441]LogUObjectGlobals: Destroyed PersistentFrame Addr=0x000001e6420e5300, Size=256
[2018.07.27-20.33.06:173][441]LogUObjectGlobals: Destroyed PersistentFrame Addr=0x000001e642d0c3c0, Size=64
[2018.07.27-20.33.06:173][441]LogUObjectGlobals: Destroyed PersistentFrame Addr=0x000001e642c27d80, Size=632
[2018.07.27-20.33.06:173][441]LogUObjectGlobals: Destroyed PersistentFrame Addr=0x000001e62c34a980, Size=40
[2018.07.27-20.33.06:173][441]LogUObjectGlobals: Destroyed PersistentFrame Addr=0x000001e642cf4c40, Size=96
[2018.07.27-20.33.06:173][441]LogUObjectGlobals: Destroyed PersistentFrame Addr=0x000001e642bcbf58, Size=56
[2018.07.27-20.33.06:173][441]LogUObjectGlobals: Destroyed PersistentFrame Addr=0x000001e642ba90c0, Size=104
[2018.07.27-20.33.06:173][441]LogUObjectGlobals: Destroyed PersistentFrame Addr=0x000001e642c25800, Size=592
[2018.07.27-20.33.06:173][441]LogUObjectGlobals: Destroyed PersistentFrame Addr=0x000001e642c68a20, Size=32
[2018.07.27-20.33.06:322][441]LogExit: Object subsystem successfully closed.
[2018.07.27-20.33.06:345][441]LogShaderCompilers: Display: Shaders left to compile 0
[2018.07.27-20.33.06:351][441]LogD3D11RHI: Shutdown
[2018.07.27-20.33.06:351][441]LogD3D11RHI: CleanupD3DDevice
[2018.07.27-20.33.06:357][441]LogD3D11RHI: ~FD3D11DynamicRHI
[2018.07.27-20.33.06:373][441]LogModuleManager: Shutting down and abandoning module Voice (338)
[2018.07.27-20.33.06:373][441]LogModuleManager: Shutting down and abandoning module AIModule (334)
[2018.07.27-20.33.06:373][441]LogModuleManager: Shutting down and abandoning module GameplayDebugger (333)
[2018.07.27-20.33.06:373][441]LogModuleManager: Shutting down and abandoning module AITestSuite (331)
[2018.07.27-20.33.06:373][441]LogModuleManager: Shutting down and abandoning module SequenceRecorderSections (328)
[2018.07.27-20.33.06:373][441]LogModuleManager: Shutting down and abandoning module SequenceRecorder (326)
[2018.07.27-20.33.06:373][441]LogModuleManager: Shutting down and abandoning module AutomationController (324)
[2018.07.27-20.33.06:373][441]LogModuleManager: Shutting down and abandoning module AutomationWorker (322)
[2018.07.27-20.33.06:373][441]LogModuleManager: Shutting down and abandoning module WmfMediaFactory (320)
[2018.07.27-20.33.06:373][441]LogModuleManager: Shutting down and abandoning module OpenExrWrapper (318)
[2018.07.27-20.33.06:373][441]LogModuleManager: Shutting down and abandoning module ImgMediaFactory (316)
[2018.07.27-20.33.06:373][441]LogModuleManager: Shutting down and abandoning module AvfMediaFactory (314)
[2018.07.27-20.33.06:373][441]LogModuleManager: Shutting down and abandoning module CharacterAI (312)
[2018.07.27-20.33.06:373][441]LogModuleManager: Shutting down and abandoning module SessionServices (310)
[2018.07.27-20.33.06:373][441]LogModuleManager: Shutting down and abandoning module MovieSceneCapture (308)
[2018.07.27-20.33.06:373][441]LogModuleManager: Shutting down and abandoning module MovieSceneTracks (306)
[2018.07.27-20.33.06:373][441]LogModuleManager: Shutting down and abandoning module MovieScene (304)
[2018.07.27-20.33.06:373][441]LogModuleManager: Shutting down and abandoning module GeometryCache (302)
[2018.07.27-20.33.06:373][441]LogModuleManager: Shutting down and abandoning module GeometryCacheEd (301)
[2018.07.27-20.33.06:373][441]LogModuleManager: Shutting down and abandoning module StreamingPauseRendering (298)
[2018.07.27-20.33.06:373][441]LogModuleManager: Shutting down and abandoning module PortalServices (296)
[2018.07.27-20.33.06:374][441]LogModuleManager: Shutting down and abandoning module PortalRpc (294)
[2018.07.27-20.33.06:374][441]LogModuleManager: Shutting down and abandoning module MessagingRpc (292)
[2018.07.27-20.33.06:374][441]LogModuleManager: Shutting down and abandoning module ProfilerService (290)
[2018.07.27-20.33.06:438][441]LogModuleManager: Shutting down and abandoning module TaskGraph (288)
[2018.07.27-20.33.06:439][441]LogModuleManager: Shutting down and abandoning module SteamVRController (286)
[2018.07.27-20.33.06:439][441]LogModuleManager: Shutting down and abandoning module ProceduralMeshComponent (284)
[2018.07.27-20.33.06:439][441]LogModuleManager: Shutting down and abandoning module OculusInput (282)
[2018.07.27-20.33.06:439][441]LogModuleManager: Shutting down and abandoning module MobilePatchingUtils (280)
[2018.07.27-20.33.06:439][441]LogModuleManager: Shutting down and abandoning module CustomMeshComponent (278)
[2018.07.27-20.33.06:439][441]LogModuleManager: Shutting down and abandoning module CableComponent (276)
[2018.07.27-20.33.06:439][441]LogModuleManager: Shutting down and abandoning module AudioCapture (274)
[2018.07.27-20.33.06:439][441]LogModuleManager: Shutting down and abandoning module ArchVisCharacter (272)
[2018.07.27-20.33.06:439][441]LogModuleManager: Shutting down and abandoning module AndroidPermission (270)
[2018.07.27-20.33.06:439][441]LogModuleManager: Shutting down and abandoning module NUTUnrealEngine4 (268)
[2018.07.27-20.33.06:439][441]LogModuleManager: Shutting down and abandoning module NetcodeUnitTest (266)
[2018.07.27-20.33.06:439][441]LogModuleManager: Shutting down and abandoning module MediaCompositing (264)
[2018.07.27-20.33.06:439][441]LogModuleManager: Shutting down and abandoning module LinearTimecode (262)
[2018.07.27-20.33.06:439][441]LogModuleManager: Shutting down and abandoning module ImgMedia (260)
[2018.07.27-20.33.06:443][441]LogModuleManager: Shutting down and abandoning module HTML5Networking (258)
[2018.07.27-20.33.06:443][441]LogModuleManager: Shutting down and abandoning module DatasmithContent (256)
[2018.07.27-20.33.06:443][441]LogModuleManager: Shutting down and abandoning module CryptoKeysOpenSSL (254)
[2018.07.27-20.33.06:443][441]LogModuleManager: Shutting down and abandoning module CryptoKeys (252)
[2018.07.27-20.33.06:443][441]LogModuleManager: Shutting down and abandoning module VisualStudioSourceCodeAccess (250)
[2018.07.27-20.33.06:443][441]LogModuleManager: Shutting down and abandoning module HotReload (249)
[2018.07.27-20.33.06:443][441]LogModuleManager: Shutting down and abandoning module DirectoryWatcher (248)
[2018.07.27-20.33.06:443][441]LogModuleManager: Shutting down and abandoning module VisualStudioCodeSourceCodeAccess (244)
[2018.07.27-20.33.06:443][441]LogModuleManager: Shutting down and abandoning module UObjectPlugin (242)
[2018.07.27-20.33.06:443][441]LogModuleManager: Shutting down and abandoning module SubversionSourceControl (240)
[2018.07.27-20.33.06:443][441]LogModuleManager: Shutting down and abandoning module PerforceSourceControl (238)
[2018.07.27-20.33.06:444][441]LogModuleManager: Shutting down and abandoning module SourceControl (237)
[2018.07.27-20.33.06:444][441]LogModuleManager: Shutting down and abandoning module CLionSourceCodeAccess (234)
[2018.07.27-20.33.06:444][441]LogModuleManager: Shutting down and abandoning module RuntimePhysXCooking (232)
[2018.07.27-20.33.06:444][441]LogModuleManager: Shutting down and abandoning module PhysXVehiclesEditor (230)
[2018.07.27-20.33.06:444][441]LogModuleManager: Shutting down and abandoning module PhysXVehicles (228)
[2018.07.27-20.33.06:444][441]LogModuleManager: Shutting down and abandoning module LocationServicesBPLibrary (226)
[2018.07.27-20.33.06:444][441]LogModuleManager: Shutting down and abandoning module ImmediatePhysicsEditor (224)
[2018.07.27-20.33.06:444][441]LogModuleManager: Shutting down and abandoning module ImmediatePhysics (222)
[2018.07.27-20.33.06:444][441]LogModuleManager: Shutting down and abandoning module ActorSequence (220)
[2018.07.27-20.33.06:444][441]LogModuleManager: Shutting down and abandoning module UdpMessaging (218)
[2018.07.27-20.33.06:545][441]LogModuleManager: Shutting down and abandoning module TcpMessaging (216)
[2018.07.27-20.33.06:910][441]LogModuleManager: Shutting down and abandoning module GameplayTagsEditor (214)
[2018.07.27-20.33.06:911][441]LogModuleManager: Shutting down and abandoning module FacialAnimation (212)
[2018.07.27-20.33.06:911][441]LogModuleManager: Shutting down and abandoning module DataValidation (210)
[2018.07.27-20.33.06:911][441]LogModuleManager: Shutting down and abandoning module AssetManagerEditor (208)
[2018.07.27-20.33.06:911][441]LogModuleManager: Shutting down and abandoning module TreeMap (207)
[2018.07.27-20.33.06:911][441]LogModuleManager: Shutting down and abandoning module LightPropagationVolumeRuntime (204)
[2018.07.27-20.33.06:911][441]LogModuleManager: Shutting down and abandoning module LiveLink (202)
[2018.07.27-20.33.07:486][441]LogModuleManager: Shutting down and abandoning module Paper2D (200)
[2018.07.27-20.33.07:486][441]LogModuleManager: Shutting down and abandoning module PIEPreviewDeviceProfileSelector (198)
[2018.07.27-20.33.07:486][441]LogModuleManager: Shutting down and abandoning module WindowsMoviePlayer (196)
[2018.07.27-20.33.07:486][441]LogModuleManager: Shutting down and abandoning module WmfMedia (194)
[2018.07.27-20.33.07:488][441]LogModuleManager: Shutting down and abandoning module Media (193)
[2018.07.27-20.33.07:494][441]LogModuleManager: Shutting down and abandoning module PacketHandler (190)
[2018.07.27-20.33.07:494][441]LogModuleManager: Shutting down and abandoning module ClothingSystemEditor (188)
[2018.07.27-20.33.07:494][441]LogModuleManager: Shutting down and abandoning module ClothingSystemRuntime (186)
[2018.07.27-20.33.07:494][441]LogModuleManager: Shutting down and abandoning module MediaAssets (184)
[2018.07.27-20.33.07:494][441]LogModuleManager: Shutting down and abandoning module Overlay (182)
[2018.07.27-20.33.07:494][441]LogModuleManager: Shutting down and abandoning module OverlayEditor (181)
[2018.07.27-20.33.07:494][441]LogModuleManager: Shutting down and abandoning module VREditor (178)
[2018.07.27-20.33.07:494][441]LogModuleManager: Shutting down and abandoning module StringTableEditor (176)
[2018.07.27-20.33.07:494][441]LogModuleManager: Shutting down and abandoning module GameplayTasksEditor (174)
[2018.07.27-20.33.07:494][441]LogModuleManager: Shutting down and abandoning module BehaviorTreeEditor (172)
[2018.07.27-20.33.07:494][441]LogModuleManager: Shutting down and abandoning module FunctionalTesting (170)
[2018.07.27-20.33.07:494][441]LogModuleManager: Shutting down and abandoning module CollisionAnalyzer (168)
[2018.07.27-20.33.07:494][441]LogModuleManager: Shutting down and abandoning module WorkspaceMenuStructure (167)
[2018.07.27-20.33.07:494][441]LogModuleManager: Shutting down and abandoning module UMG (164)
[2018.07.27-20.33.07:494][441]LogModuleManager: Shutting down and abandoning module UMGEditor (163)
[2018.07.27-20.33.07:495][441]LogModuleManager: Shutting down and abandoning module Sequencer (162)
[2018.07.27-20.33.07:495][441]LogModuleManager: Shutting down and abandoning module MessageLog (159)
[2018.07.27-20.33.07:495][441]LogModuleManager: Shutting down and abandoning module SlateReflector (154)
[2018.07.27-20.33.07:495][441]LogModuleManager: Shutting down and abandoning module Slate (152)
[2018.07.27-20.33.07:495][441]LogModuleManager: Shutting down and abandoning module EditorStyle (150)
[2018.07.27-20.33.07:497][441]LogModuleManager: Shutting down and abandoning module MRMesh (148)
[2018.07.27-20.33.07:497][441]LogModuleManager: Shutting down and abandoning module Messaging (146)
[2018.07.27-20.33.07:497][441]LogModuleManager: Shutting down and abandoning module SourceCodeAccess (144)
[2018.07.27-20.33.07:497][441]LogModuleManager: Shutting down and abandoning module HeadMountedDisplay (142)
[2018.07.27-20.33.07:497][441]LogModuleManager: Shutting down and abandoning module XAudio2 (140)
[2018.07.27-20.33.07:497][441]LogModuleManager: Shutting down and abandoning module Networking (138)
[2018.07.27-20.33.07:497][441]LogModuleManager: Shutting down and abandoning module Core (136)
[2018.07.27-20.33.07:497][441]LogModuleManager: Shutting down and abandoning module LevelSequence (134)
[2018.07.27-20.33.07:497][441]LogModuleManager: Shutting down and abandoning module KismetCompiler (132)
[2018.07.27-20.33.07:497][441]LogModuleManager: Shutting down and abandoning module MeshUtilities (130)
[2018.07.27-20.33.07:497][441]LogModuleManager: Shutting down and abandoning module MeshMergeUtilities (129)
[2018.07.27-20.33.07:497][441]LogModuleManager: Shutting down and abandoning module MeshReductionInterface (128)
[2018.07.27-20.33.07:497][441]LogModuleManager: Shutting down and abandoning module SimplygonSwarm (127)
[2018.07.27-20.33.07:497][441]LogModuleManager: Shutting down and abandoning module SimplygonMeshReduction (125)
[2018.07.27-20.33.07:497][441]LogModuleManager: Shutting down and abandoning module QuadricMeshReduction (123)
[2018.07.27-20.33.07:498][441]LogModuleManager: Shutting down and abandoning module MaterialBaking (119)
[2018.07.27-20.33.07:498][441]LogModuleManager: Shutting down and abandoning module DerivedDataCache (114)
[2018.07.27-20.33.07:806][441]LogDerivedDataCache: Shutdown
[2018.07.27-20.33.07:806][441]LogModuleManager: Shutting down and abandoning module XGEController (112)
[2018.07.27-20.33.07:806][441]LogModuleManager: Shutting down and abandoning module TargetPlatform (110)
[2018.07.27-20.33.07:806][441]LogModuleManager: Shutting down and abandoning module VulkanShaderFormat (109)
[2018.07.27-20.33.07:806][441]LogModuleManager: Shutting down and abandoning module ShaderFormatVectorVM (107)
[2018.07.27-20.33.07:806][441]LogModuleManager: Shutting down and abandoning module ShaderFormatOpenGL (105)
[2018.07.27-20.33.07:806][441]LogModuleManager: Shutting down and abandoning module ShaderFormatD3D (103)
[2018.07.27-20.33.07:806][441]LogModuleManager: Shutting down and abandoning module MetalShaderFormat (101)
[2018.07.27-20.33.07:806][441]LogModuleManager: Shutting down and abandoning module TextureFormatUncompressed (99)
[2018.07.27-20.33.07:806][441]LogModuleManager: Shutting down and abandoning module TextureFormatPVR (97)
[2018.07.27-20.33.07:806][441]LogModuleManager: Shutting down and abandoning module TextureFormatDXT (95)
[2018.07.27-20.33.07:806][441]LogModuleManager: Shutting down and abandoning module TextureFormatIntelISPCTexComp (93)
[2018.07.27-20.33.07:806][441]LogModuleManager: Shutting down and abandoning module TextureFormatASTC (91)
[2018.07.27-20.33.07:806][441]LogModuleManager: Shutting down and abandoning module ImageWrapper (90)
[2018.07.27-20.33.07:806][441]LogModuleManager: Shutting down and abandoning module TextureFormatAndroid (87)
[2018.07.27-20.33.07:806][441]LogModuleManager: Shutting down and abandoning module AudioFormatOpus (85)
[2018.07.27-20.33.07:806][441]LogModuleManager: Shutting down and abandoning module AudioFormatOgg (83)
[2018.07.27-20.33.07:806][441]LogModuleManager: Shutting down and abandoning module AudioFormatADPCM (81)
[2018.07.27-20.33.07:806][441]LogModuleManager: Shutting down and abandoning module WindowsTargetPlatform (79)
[2018.07.27-20.33.07:807][441]LogModuleManager: Shutting down and abandoning module WindowsServerTargetPlatform (77)
[2018.07.27-20.33.07:807][441]LogModuleManager: Shutting down and abandoning module WindowsNoEditorTargetPlatform (75)
[2018.07.27-20.33.07:807][441]LogModuleManager: Shutting down and abandoning module WindowsClientTargetPlatform (73)
[2018.07.27-20.33.07:807][441]LogModuleManager: Shutting down and abandoning module InputCore (70)
[2018.07.27-20.33.07:807][441]LogModuleManager: Shutting down and abandoning module Settings (68)
[2018.07.27-20.33.07:807][441]LogModuleManager: Shutting down and abandoning module PhysXCooking (66)
[2018.07.27-20.33.07:807][441]LogModuleManager: Shutting down and abandoning module SteamVR (64)
[2018.07.27-20.33.07:807][441]LogModuleManager: Shutting down and abandoning module OculusHMD (62)
[2018.07.27-20.33.07:807][441]LogModuleManager: Shutting down and abandoning module ExampleDeviceProfileSelector (60)
[2018.07.27-20.33.07:807][441]LogModuleManager: Shutting down and abandoning module AppleARKit (58)
[2018.07.27-20.33.07:807][441]LogModuleManager: Shutting down and abandoning module AugmentedReality (57)
[2018.07.27-20.33.07:807][441]LogModuleManager: Shutting down and abandoning module OnlineBlueprintSupport (54)
[2018.07.27-20.33.07:807][441]LogModuleManager: Shutting down and abandoning module OnlineSubsystem (50)
[2018.07.27-20.33.07:807][441]LogOnline: Display: OSS: FOnlineSubsystemNull::Shutdown()
[2018.07.27-20.33.07:807][441]LogOnline: Display: OSS: FOnlineAsyncTaskManager::Stop() ActiveTask:0000000000000000 Tasks[0/0]
[2018.07.27-20.33.07:808][441]LogOnline: Display: OSS: FOnlineAsyncTaskManager::Exit() started
[2018.07.27-20.33.07:808][441]LogOnline: Display: OSS: FOnlineAsyncTaskManager::Exit() finished
[2018.07.27-20.33.07:808][441]LogModuleManager: Shutting down and abandoning module XMPP (43)
[2018.07.27-20.33.07:808][441]LogModuleManager: Shutting down and abandoning module HTTP (41)
[2018.07.27-20.33.07:841][441]LogModuleManager: Shutting down and abandoning module SSL (40)
[2018.07.27-20.33.07:844][441]LogModuleManager: Shutting down and abandoning module AnimationModifiers (36)
[2018.07.27-20.33.07:844][441]LogModuleManager: Shutting down and abandoning module PropertyEditor (35)
[2018.07.27-20.33.07:844][441]LogModuleManager: Shutting down and abandoning module AudioEditor (32)
[2018.07.27-20.33.07:844][441]LogModuleManager: Shutting down and abandoning module TextureCompressor (30)
[2018.07.27-20.33.07:845][441]LogModuleManager: Shutting down and abandoning module ShaderCore (28)
[2018.07.27-20.33.07:845][441]LogModuleManager: Shutting down and abandoning module Landscape (26)
[2018.07.27-20.33.07:845][441]LogModuleManager: Shutting down and abandoning module SlateRHIRenderer (24)
[2018.07.27-20.33.07:845][441]LogModuleManager: Shutting down and abandoning module OpenGLDrv (22)
[2018.07.27-20.33.07:845][441]LogModuleManager: Shutting down and abandoning module D3D11RHI (20)
[2018.07.27-20.33.07:846][441]LogModuleManager: Shutting down and abandoning module AnimGraphRuntime (18)
[2018.07.27-20.33.07:846][441]LogModuleManager: Shutting down and abandoning module Renderer (16)
[2018.07.27-20.33.07:846][441]LogModuleManager: Shutting down and abandoning module Engine (14)
[2018.07.27-20.33.07:846][441]LogModuleManager: Shutting down and abandoning module CoreUObject (12)
[2018.07.27-20.33.07:846][441]LogModuleManager: Shutting down and abandoning module NetworkFile (10)
[2018.07.27-20.33.07:846][441]LogModuleManager: Shutting down and abandoning module CookedIterativeFile (8)
[2018.07.27-20.33.07:846][441]LogModuleManager: Shutting down and abandoning module StreamingFile (6)
[2018.07.27-20.33.07:846][441]LogModuleManager: Shutting down and abandoning module SandboxFile (4)
[2018.07.27-20.33.07:846][441]LogModuleManager: Shutting down and abandoning module PakFile (2)
[2018.07.27-20.33.07:850][441]LogExit: Exiting.
[2018.07.27-20.33.07:945][441]Log file closed, 07/27/18 21:33:07
