Log file open, 07/27/18 22:03:30
LogWindows: Failed to load 'aqProf.dll' (GetLastError=126)
LogWindows: File 'aqProf.dll' does not exist
LogWindows: Failed to load 'VtuneApi.dll' (GetLastError=126)
LogWindows: File 'VtuneApi.dll' does not exist
LogWindows: Failed to load 'VtuneApi32e.dll' (GetLastError=126)
LogWindows: File 'VtuneApi32e.dll' does not exist
LogInit: Display: Running engine for game: FPBG
LogPlatformFile: Not using cached read wrapper
LogInit: Display: RandInit(384566118) SRandInit(384566118).
LogInit: Read version file with build ID '3944462'
LogInit: Overriding engine version to CL 4033788, compatible CL 3944462
LogInit: Registered custom module enumerator with build ID '3944462'
LogTaskGraph: Started task graph with 5 named threads and 14 total threads with 3 sets of task threads.
LogStats: Stats thread started at 0.450835
LogD3D11RHI: Aftermath initialized
LogICUInternationalization: Display: ICU TimeZone Detection - Raw Offset: +0:00, Platform Override: ''
LogModuleManager: Display: Found up-to-date module file ../../../Engine/Plugins/Online/OnlineSubsystemSteam/Binaries/Win64/UE4Editor-OnlineSubsystemSteam.dll (API version 3944462).
LogModuleManager: Display: Found up-to-date module file ../../../Engine/Plugins/Online/OnlineSubsystem/Binaries/Win64/UE4Editor-OnlineSubsystem.dll (API version 3944462).
LogModuleManager: Display: Found up-to-date module file ../../../Engine/Plugins/Online/OnlineSubsystemUtils/Binaries/Win64/UE4Editor-OnlineSubsystemUtils.dll (API version 3944462).
LogModuleManager: Display: Found up-to-date module file ../../../Engine/Plugins/Online/OnlineSubsystemUtils/Binaries/Win64/UE4Editor-OnlineBlueprintSupport.dll (API version 3944462).
LogModuleManager: Display: Found up-to-date module file ../../../Engine/Plugins/2D/Paper2D/Binaries/Win64/UE4Editor-Paper2D.dll (API version 3944462).
LogModuleManager: Display: Found up-to-date module file ../../../Engine/Plugins/2D/Paper2D/Binaries/Win64/UE4Editor-Paper2DEditor.dll (API version 3944462).
LogModuleManager: Display: Found up-to-date module file ../../../Engine/Plugins/2D/Paper2D/Binaries/Win64/UE4Editor-PaperSpriteSheetImporter.dll (API version 3944462).
LogModuleManager: Display: Found up-to-date module file ../../../Engine/Plugins/2D/Paper2D/Binaries/Win64/UE4Editor-PaperTiledImporter.dll (API version 3944462).
LogModuleManager: Display: Found up-to-date module file ../../../Engine/Plugins/2D/Paper2D/Binaries/Win64/UE4Editor-SmartSnapping.dll (API version 3944462).
LogModuleManager: Display: Found up-to-date module file ../../../Engine/Plugins/Blendables/LightPropagationVolume/Binaries/Win64/UE4Editor-LightPropagationVolumeRuntime.dll (API version 3944462).
LogModuleManager: Display: Found up-to-date module file ../../../Engine/Plugins/Blendables/LightPropagationVolume/Binaries/Win64/UE4Editor-LightPropagationVolumeEditor.dll (API version 3944462).
LogModuleManager: Display: Found up-to-date module file ../../../Engine/Plugins/Developer/CLionSourceCodeAccess/Binaries/Win64/UE4Editor-CLionSourceCodeAccess.dll (API version 3944462).
LogModuleManager: Display: Found up-to-date module file ../../../Engine/Plugins/Developer/GitSourceControl/Binaries/Win64/UE4Editor-GitSourceControl.dll (API version 3944462).
LogModuleManager: Display: Found up-to-date module file ../../../Engine/Plugins/Developer/PerforceSourceControl/Binaries/Win64/UE4Editor-PerforceSourceControl.dll (API version 3944462).
LogModuleManager: Display: Found up-to-date module file ../../../Engine/Plugins/Developer/SubversionSourceControl/Binaries/Win64/UE4Editor-SubversionSourceControl.dll (API version 3944462).
LogModuleManager: Display: Found up-to-date module file ../../../Engine/Plugins/Developer/UObjectPlugin/Binaries/Win64/UE4Editor-UObjectPlugin.dll (API version 3944462).
LogModuleManager: Display: Found up-to-date module file ../../../Engine/Plugins/Developer/VisualStudioCodeSourceCodeAccess/Binaries/Win64/UE4Editor-VisualStudioCodeSourceCodeAccess.dll (API version 3944462).
LogModuleManager: Display: Found up-to-date module file ../../../Engine/Plugins/Developer/VisualStudioSourceCodeAccess/Binaries/Win64/UE4Editor-VisualStudioSourceCodeAccess.dll (API version 3944462).
LogModuleManager: Display: Found up-to-date module file ../../../Engine/Plugins/Editor/AssetManagerEditor/Binaries/Win64/UE4Editor-AssetManagerEditor.dll (API version 3944462).
LogModuleManager: Display: Found up-to-date module file ../../../Engine/Plugins/Editor/CryptoKeys/Binaries/Win64/UE4Editor-CryptoKeys.dll (API version 3944462).
LogModuleManager: Display: Found up-to-date module file ../../../Engine/Plugins/Editor/CryptoKeys/Binaries/Win64/UE4Editor-CryptoKeysOpenSSL.dll (API version 3944462).
LogModuleManager: Display: Found up-to-date module file ../../../Engine/Plugins/Editor/DataValidation/Binaries/Win64/UE4Editor-DataValidation.dll (API version 3944462).
LogModuleManager: Display: Found up-to-date module file ../../../Engine/Plugins/Editor/FacialAnimation/Binaries/Win64/UE4Editor-FacialAnimation.dll (API version 3944462).
LogModuleManager: Display: Found up-to-date module file ../../../Engine/Plugins/Editor/FacialAnimation/Binaries/Win64/UE4Editor-FacialAnimationEditor.dll (API version 3944462).
LogModuleManager: Display: Found up-to-date module file ../../../Engine/Plugins/Editor/GameplayTagsEditor/Binaries/Win64/UE4Editor-GameplayTagsEditor.dll (API version 3944462).
LogModuleManager: Display: Found up-to-date module file ../../../Engine/Plugins/Editor/MobileLauncherProfileWizard/Binaries/Win64/UE4Editor-MobileLauncherProfileWizard.dll (API version 3944462).
LogModuleManager: Display: Found up-to-date module file ../../../Engine/Plugins/Editor/PluginBrowser/Binaries/Win64/UE4Editor-PluginBrowser.dll (API version 3944462).
LogModuleManager: Display: Found up-to-date module file ../../../Engine/Plugins/Editor/SpeedTreeImporter/Binaries/Win64/UE4Editor-SpeedTreeImporter.dll (API version 3944462).
LogModuleManager: Display: Found up-to-date module file ../../../Engine/Plugins/Enterprise/DatasmithContent/Binaries/Win64/UE4Editor-DatasmithContent.dll (API version 3944462).
LogModuleManager: Display: Found up-to-date module file ../../../Engine/Plugins/Experimental/AlembicImporter/Binaries/Win64/UE4Editor-AlembicImporter.dll (API version 3944462).
LogModuleManager: Display: Found up-to-date module file ../../../Engine/Plugins/Experimental/AlembicImporter/Binaries/Win64/UE4Editor-AlembicLibrary.dll (API version 3944462).
LogModuleManager: Display: Found up-to-date module file ../../../Engine/Plugins/Experimental/CharacterAI/Binaries/Win64/UE4Editor-CharacterAI.dll (API version 3944462).
LogModuleManager: Display: Found up-to-date module file ../../../Engine/Plugins/Experimental/HTML5Networking/Binaries/Win64/UE4Editor-HTML5Networking.dll (API version 3944462).
LogModuleManager: Display: Found up-to-date module file ../../../Engine/Plugins/Media/AndroidMedia/Binaries/Win64/UE4Editor-AndroidMediaEditor.dll (API version 3944462).
LogModuleManager: Display: Found up-to-date module file ../../../Engine/Plugins/Media/AndroidMedia/Binaries/Win64/UE4Editor-AndroidMediaFactory.dll (API version 3944462).
LogModuleManager: Display: Found up-to-date module file ../../../Engine/Plugins/Media/AvfMedia/Binaries/Win64/UE4Editor-AvfMediaEditor.dll (API version 3944462).
LogModuleManager: Display: Found up-to-date module file ../../../Engine/Plugins/Media/AvfMedia/Binaries/Win64/UE4Editor-AvfMediaFactory.dll (API version 3944462).
LogModuleManager: Display: Found up-to-date module file ../../../Engine/Plugins/Media/AvfMedia/Binaries/Win64/UE4Editor-AvfMediaFactory.dll (API version 3944462).
LogModuleManager: Display: Found up-to-date module file ../../../Engine/Plugins/Media/ImgMedia/Binaries/Win64/UE4Editor-ImgMedia.dll (API version 3944462).
LogModuleManager: Display: Found up-to-date module file ../../../Engine/Plugins/Media/ImgMedia/Binaries/Win64/UE4Editor-ImgMediaEditor.dll (API version 3944462).
LogModuleManager: Display: Found up-to-date module file ../../../Engine/Plugins/Media/ImgMedia/Binaries/Win64/UE4Editor-ImgMediaFactory.dll (API version 3944462).
LogModuleManager: Display: Found up-to-date module file ../../../Engine/Plugins/Media/ImgMedia/Binaries/Win64/UE4Editor-ImgMediaFactory.dll (API version 3944462).
LogModuleManager: Display: Found up-to-date module file ../../../Engine/Plugins/Media/ImgMedia/Binaries/Win64/UE4Editor-OpenExrWrapper.dll (API version 3944462).
LogModuleManager: Display: Found up-to-date module file ../../../Engine/Plugins/Media/LinearTimecode/Binaries/Win64/UE4Editor-LinearTimecode.dll (API version 3944462).
LogModuleManager: Display: Found up-to-date module file ../../../Engine/Plugins/Media/MediaCompositing/Binaries/Win64/UE4Editor-MediaCompositing.dll (API version 3944462).
LogModuleManager: Display: Found up-to-date module file ../../../Engine/Plugins/Media/MediaCompositing/Binaries/Win64/UE4Editor-MediaCompositingEditor.dll (API version 3944462).
LogModuleManager: Display: Found up-to-date module file ../../../Engine/Plugins/Media/MediaPlayerEditor/Binaries/Win64/UE4Editor-MediaPlayerEditor.dll (API version 3944462).
LogModuleManager: Display: Found up-to-date module file ../../../Engine/Plugins/Media/WmfMedia/Binaries/Win64/UE4Editor-WmfMedia.dll (API version 3944462).
LogModuleManager: Display: Found up-to-date module file ../../../Engine/Plugins/Media/WmfMedia/Binaries/Win64/UE4Editor-WmfMediaEditor.dll (API version 3944462).
LogModuleManager: Display: Found up-to-date module file ../../../Engine/Plugins/Media/WmfMedia/Binaries/Win64/UE4Editor-WmfMediaFactory.dll (API version 3944462).
LogModuleManager: Display: Found up-to-date module file ../../../Engine/Plugins/Media/WmfMedia/Binaries/Win64/UE4Editor-WmfMediaFactory.dll (API version 3944462).
LogModuleManager: Display: Found up-to-date module file ../../../Engine/Plugins/Messaging/TcpMessaging/Binaries/Win64/UE4Editor-TcpMessaging.dll (API version 3944462).
LogModuleManager: Display: Found up-to-date module file ../../../Engine/Plugins/Messaging/UdpMessaging/Binaries/Win64/UE4Editor-UdpMessaging.dll (API version 3944462).
LogModuleManager: Display: Found up-to-date module file ../../../Engine/Plugins/MovieScene/ActorSequence/Binaries/Win64/UE4Editor-ActorSequence.dll (API version 3944462).
LogModuleManager: Display: Found up-to-date module file ../../../Engine/Plugins/MovieScene/LevelSequenceEditor/Binaries/Win64/UE4Editor-LevelSequenceEditor.dll (API version 3944462).
LogModuleManager: Display: Found up-to-date module file ../../../Engine/Plugins/MovieScene/MatineeToLevelSequence/Binaries/Win64/UE4Editor-MatineeToLevelSequence.dll (API version 3944462).
LogModuleManager: Display: Found up-to-date module file ../../../Engine/Plugins/NetcodeUnitTest/NetcodeUnitTest/Binaries/Win64/UE4Editor-NetcodeUnitTest.dll (API version 3944462).
LogModuleManager: Display: Found up-to-date module file ../../../Engine/Plugins/NetcodeUnitTest/NUTUnrealEngine4/Binaries/Win64/UE4Editor-NUTUnrealEngine4.dll (API version 3944462).
LogModuleManager: Display: Found up-to-date module file ../../../Engine/Plugins/Runtime/AndroidPermission/Binaries/Win64/UE4Editor-AndroidPermission.dll (API version 3944462).
LogModuleManager: Display: Found up-to-date module file ../../../Engine/Plugins/Online/OnlineSubsystemNull/Binaries/Win64/UE4Editor-OnlineSubsystemNull.dll (API version 3944462).
LogModuleManager: Display: Found up-to-date module file ../../../Engine/Plugins/Runtime/AndroidDeviceProfileSelector/Binaries/Win64/UE4Editor-AndroidDeviceProfileSelector.dll (API version 3944462).
LogModuleManager: Display: Found up-to-date module file ../../../Engine/Plugins/Runtime/AppleARKit/Binaries/Win64/UE4Editor-AppleARKit.dll (API version 3944462).
LogModuleManager: Display: Found up-to-date module file ../../../Engine/Plugins/Runtime/ProceduralMeshComponent/Binaries/Win64/UE4Editor-ProceduralMeshComponent.dll (API version 3944462).
LogModuleManager: Display: Found up-to-date module file ../../../Engine/Plugins/Runtime/ProceduralMeshComponent/Binaries/Win64/UE4Editor-ProceduralMeshComponentEditor.dll (API version 3944462).
LogModuleManager: Display: Found up-to-date module file ../../../Engine/Plugins/Animation/LiveLink/Binaries/Win64/UE4Editor-LiveLink.dll (API version 3944462).
LogModuleManager: Display: Found up-to-date module file ../../../Engine/Plugins/Animation/LiveLink/Binaries/Win64/UE4Editor-LiveLinkEditor.dll (API version 3944462).
LogModuleManager: Display: Found up-to-date module file ../../../Engine/Plugins/Runtime/ArchVisCharacter/Binaries/Win64/UE4Editor-ArchVisCharacter.dll (API version 3944462).
LogModuleManager: Display: Found up-to-date module file ../../../Engine/Plugins/Runtime/AudioCapture/Binaries/Win64/UE4Editor-AudioCapture.dll (API version 3944462).
LogModuleManager: Display: Found up-to-date module file ../../../Engine/Plugins/Runtime/AudioCapture/Binaries/Win64/UE4Editor-AudioCaptureEditor.dll (API version 3944462).
LogModuleManager: Display: Found up-to-date module file ../../../Engine/Plugins/Runtime/CableComponent/Binaries/Win64/UE4Editor-CableComponent.dll (API version 3944462).
LogModuleManager: Display: Found up-to-date module file ../../../Engine/Plugins/Runtime/CustomMeshComponent/Binaries/Win64/UE4Editor-CustomMeshComponent.dll (API version 3944462).
LogModuleManager: Display: Found up-to-date module file ../../../Engine/Plugins/Runtime/ExampleDeviceProfileSelector/Binaries/Win64/UE4Editor-ExampleDeviceProfileSelector.dll (API version 3944462).
LogModuleManager: Display: Found up-to-date module file ../../../Engine/Plugins/Runtime/ImmediatePhysics/Binaries/Win64/UE4Editor-ImmediatePhysics.dll (API version 3944462).
LogModuleManager: Display: Found up-to-date module file ../../../Engine/Plugins/Runtime/ImmediatePhysics/Binaries/Win64/UE4Editor-ImmediatePhysicsEditor.dll (API version 3944462).
LogModuleManager: Display: Found up-to-date module file ../../../Engine/Plugins/Runtime/LocationServicesBPLibrary/Binaries/Win64/UE4Editor-LocationServicesBPLibrary.dll (API version 3944462).
LogModuleManager: Display: Found up-to-date module file ../../../Engine/Plugins/Runtime/MobilePatchingUtils/Binaries/Win64/UE4Editor-MobilePatchingUtils.dll (API version 3944462).
LogModuleManager: Display: Found up-to-date module file ../../../Engine/Plugins/Runtime/Oculus/OculusVR/Binaries/Win64/UE4Editor-OculusHMD.dll (API version 3944462).
LogModuleManager: Display: Found up-to-date module file ../../../Engine/Plugins/Runtime/Oculus/OculusVR/Binaries/Win64/UE4Editor-OculusInput.dll (API version 3944462).
LogModuleManager: Display: Found up-to-date module file ../../../Engine/Plugins/Runtime/Oculus/OculusVR/Binaries/Win64/UE4Editor-OculusEditor.dll (API version 3944462).
LogModuleManager: Display: Found up-to-date module file ../../../Engine/Plugins/Runtime/PhysXVehicles/Binaries/Win64/UE4Editor-PhysXVehicles.dll (API version 3944462).
LogModuleManager: Display: Found up-to-date module file ../../../Engine/Plugins/Runtime/PhysXVehicles/Binaries/Win64/UE4Editor-PhysXVehiclesEditor.dll (API version 3944462).
LogModuleManager: Display: Found up-to-date module file ../../../Engine/Plugins/Runtime/RuntimePhysXCooking/Binaries/Win64/UE4Editor-RuntimePhysXCooking.dll (API version 3944462).
LogModuleManager: Display: Found up-to-date module file ../../../Engine/Plugins/Runtime/Steam/SteamVR/Binaries/Win64/UE4Editor-SteamVR.dll (API version 3944462).
LogModuleManager: Display: Found up-to-date module file ../../../Engine/Plugins/Runtime/Steam/SteamVR/Binaries/Win64/UE4Editor-SteamVRController.dll (API version 3944462).
LogModuleManager: Display: Found up-to-date module file ../../../Engine/Plugins/Runtime/WindowsMoviePlayer/Binaries/Win64/UE4Editor-WindowsMoviePlayer.dll (API version 3944462).
LogPluginManager: Mounting plugin Paper2D
LogPluginManager: Mounting plugin LiveLink
LogPluginManager: Mounting plugin LightPropagationVolume
LogPluginManager: Mounting plugin CLionSourceCodeAccess
LogPluginManager: Mounting plugin CodeLiteSourceCodeAccess
LogPluginManager: Mounting plugin GitSourceControl
LogPluginManager: Mounting plugin KDevelopSourceCodeAccess
LogPluginManager: Mounting plugin NullSourceCodeAccess
LogPluginManager: Mounting plugin PerforceSourceControl
LogPluginManager: Mounting plugin SubversionSourceControl
LogPluginManager: Mounting plugin UObjectPlugin
LogPluginManager: Mounting plugin VisualStudioCodeSourceCodeAccess
LogPluginManager: Mounting plugin VisualStudioSourceCodeAccess
LogPluginManager: Mounting plugin XCodeSourceCodeAccess
LogPluginManager: Mounting plugin AssetManagerEditor
LogPluginManager: Mounting plugin CryptoKeys
LogPluginManager: Mounting plugin DataValidation
LogPluginManager: Mounting plugin FacialAnimation
LogPluginManager: Mounting plugin GameplayTagsEditor
LogPluginManager: Mounting plugin MobileLauncherProfileWizard
LogPluginManager: Mounting plugin PluginBrowser
LogPluginManager: Mounting plugin SpeedTreeImporter
LogPluginManager: Mounting plugin DatasmithContent
LogPluginManager: Mounting plugin AlembicImporter
LogPluginManager: Mounting plugin CharacterAI
LogPluginManager: Mounting plugin HTML5Networking
LogPluginManager: Mounting plugin AndroidMedia
LogPluginManager: Mounting plugin AvfMedia
LogPluginManager: Mounting plugin ImgMedia
LogPluginManager: Mounting plugin LinearTimecode
LogPluginManager: Mounting plugin MediaCompositing
LogPluginManager: Mounting plugin MediaPlayerEditor
LogPluginManager: Mounting plugin WmfMedia
LogPluginManager: Mounting plugin TcpMessaging
LogPluginManager: Mounting plugin UdpMessaging
LogPluginManager: Mounting plugin ActorSequence
LogPluginManager: Mounting plugin LevelSequenceEditor
LogPluginManager: Mounting plugin MatineeToLevelSequence
LogPluginManager: Mounting plugin NetcodeUnitTest
LogPluginManager: Mounting plugin NUTUnrealEngine4
LogPluginManager: Mounting plugin OnlineSubsystemGooglePlay
LogPluginManager: Mounting plugin OnlineSubsystemIOS
LogPluginManager: Mounting plugin OnlineSubsystem
LogPluginManager: Mounting plugin OnlineSubsystemNull
LogPluginManager: Mounting plugin OnlineSubsystemSteam
LogPluginManager: Mounting plugin OnlineSubsystemUtils
LogPluginManager: Mounting plugin AndroidDeviceProfileSelector
LogPluginManager: Mounting plugin AndroidMoviePlayer
LogPluginManager: Mounting plugin AndroidPermission
LogPluginManager: Mounting plugin AppleARKit
LogPluginManager: Mounting plugin AppleMoviePlayer
LogPluginManager: Mounting plugin ArchVisCharacter
LogPluginManager: Mounting plugin AudioCapture
LogPluginManager: Mounting plugin CableComponent
LogPluginManager: Mounting plugin CustomMeshComponent
LogPluginManager: Mounting plugin ExampleDeviceProfileSelector
LogPluginManager: Mounting plugin GoogleCloudMessaging
LogPluginManager: Mounting plugin ImmediatePhysics
LogPluginManager: Mounting plugin IOSDeviceProfileSelector
LogPluginManager: Mounting plugin LinuxDeviceProfileSelector
LogPluginManager: Mounting plugin LocationServicesBPLibrary
LogPluginManager: Mounting plugin MobilePatchingUtils
LogPluginManager: Mounting plugin OculusVR
LogPluginManager: Plugin shader directory ../../../Engine/Plugins/Runtime/Oculus/OculusVR/Shaders found
LogPluginManager: Mapping shader source directory ../../../Engine/Plugins/Runtime/Oculus/OculusVR/Shaders to virtual directory /Plugin/OculusVR
LogPluginManager: Mounting plugin PhysXVehicles
LogPluginManager: Mounting plugin ProceduralMeshComponent
LogPluginManager: Mounting plugin RuntimePhysXCooking
LogPluginManager: Mounting plugin SteamVR
LogPluginManager: Mounting plugin WindowsMoviePlayer
LogStreaming: Display: Took  2.909s to configure plugins.
LogInit: Using libcurl 7.47.1
LogInit:  - built for x86_64-pc-win32
LogInit:  - supports SSL with OpenSSL/1.0.2g
LogInit:  - supports HTTP deflate (compression) using libz 1.2.8
LogInit:  - other features:
LogInit:      CURL_VERSION_SSL
LogInit:      CURL_VERSION_LIBZ
LogInit:      CURL_VERSION_IPV6
LogInit:      CURL_VERSION_ASYNCHDNS
LogInit:      CURL_VERSION_LARGEFILE
LogInit:      CURL_VERSION_IDN
LogInit:  CurlRequestOptions (configurable via config and command line):
LogInit:  - bVerifyPeer = false  - Libcurl will NOT verify peer certificate
LogInit:  - bUseHttpProxy = false  - Libcurl will NOT use HTTP proxy
LogInit:  - bDontReuseConnections = false  - Libcurl will reuse connections
LogInit:  - CertBundlePath = nullptr  - Libcurl will use whatever was configured at build time.
LogInit:  - MaxHostConnections = 16  - Libcurl will limit the number of connections to a host
LogInit:  - LocalHostAddr = Default
LogOnline: Display: STEAM: Loading Steam SDK 1.39
LogOnline: Warning: STEAM: Steam API disabled!
LogOnline: Display: STEAM: OnlineSubsystemSteam::Shutdown()
LogInit: WinSock: version 1.1 (2.2), MaxSocks=32767, MaxUdp=65467
LogInit: WinSock: I am Q6600 (192.168.1.42:0)
LogInit: Build: ++UE4+Release-4.19-CL-4033788
LogInit: Engine Version: 4.19.2-4033788+++UE4+Release-4.19
LogInit: Compatible Engine Version: 4.19.0-3944462+++UE4+Release-4.19
LogInit: Net CL: 3944462
LogDevObjectVersion: Number of dev versions registered: 18
LogDevObjectVersion:   Dev-Blueprints (B0D832E4-1F89-4F0D-ACCF-7EB736FD4AA2): 10
LogDevObjectVersion:   Dev-Build (E1C64328-A22C-4D53-A36C-8E866417BD8C): 0
LogDevObjectVersion:   Dev-Core (375EC13C-06E4-48FB-B500-84F0262A717E): 2
LogDevObjectVersion:   Dev-Editor (E4B068ED-F494-42E9-A231-DA0B2E46BB41): 23
LogDevObjectVersion:   Dev-Framework (CFFC743F-43B0-4480-9391-14DF171D2073): 33
LogDevObjectVersion:   Dev-Mobile (B02B49B5-BB20-44E9-A304-32B752E40360): 2
LogDevObjectVersion:   Dev-Networking (A4E4105C-59A1-49B5-A7C5-40C4547EDFEE): 0
LogDevObjectVersion:   Dev-Online (39C831C9-5AE6-47DC-9A44-9C173E1C8E7C): 0
LogDevObjectVersion:   Dev-Physics (78F01B33-EBEA-4F98-B9B4-84EACCB95AA2): 0
LogDevObjectVersion:   Dev-Platform (6631380F-2D4D-43E0-8009-CF276956A95A): 0
LogDevObjectVersion:   Dev-Rendering (12F88B9F-8875-4AFC-A67C-D90C383ABD29): 25
LogDevObjectVersion:   Dev-Sequencer (7B5AE74C-D270-4C10-A958-57980B212A5A): 6
LogDevObjectVersion:   Dev-VR (D7296918-1DD6-4BDD-9DE2-64A83CC13884): 1
LogDevObjectVersion:   Dev-LoadTimes (C2A15278-BFE7-4AFE-6C17-90FF531DF755): 1
LogDevObjectVersion:   Private-Geometry (6EACA3D4-40EC-4CC1-B786-8BED09428FC5): 2
LogDevObjectVersion:   Dev-AnimPhys (29E575DD-E0A3-4627-9D10-D276232CDCEA): 16
LogDevObjectVersion:   Dev-ReflectionCapture (6B266CEC-1EC7-4B8F-A30B-E4D90942FC07): 1
LogDevObjectVersion:   Dev-Automation (0DF73D61-A23F-47EA-B727-89E90C41499A): 1
LogInit: Compiled (64-bit): Apr 27 2018 02:06:57
LogInit: Compiled with Visual C++: 19.00.24215.01
LogInit: Build Configuration: Development
LogInit: Branch Name: ++UE4+Release-4.19
LogInit: Command Line:  127.0.0.1:17777 -game -PIEVIACONSOLE -ResX=640 -ResY=480  -Multiprocess -messaging -SessionName="Play in Standalone Game" -windowed GameUserSettingsINI="F:/Juegos/UE_Projects/FPBG/Saved/Config/Windows/PIEGameUserSettings1.ini" -MultiprocessSaveConfig  -MultiprocessOSS WinX=664 WinY=550 SAVEWINPOS=1
LogInit: Base Directory: F:/Juegos/UE_4.19/Engine/Binaries/Win64/
LogInit: Installed Engine Build: 1
LogStreaming: Display: Took  0.010s to delete old logs.
LogInit: Presizing for max 8388607 objects, including 0 objects not considered by GC, pre-allocating 0 bytes for permanent pool.
LogInit: Object subsystem initialized
[2018.07.27-21.03.34:936][  0]LogInit: Selected Device Profile: [Windows]
[2018.07.27-21.03.34:936][  0]LogInit: Applying CVar settings loaded from the selected device profile: [Windows]
[2018.07.27-21.03.34:951][  0]LogInit: Computer: Q6600
[2018.07.27-21.03.34:951][  0]LogInit: User: bitt3rman
[2018.07.27-21.03.34:952][  0]LogInit: CPU Page size=4096, Cores=4
[2018.07.27-21.03.34:952][  0]LogInit: High frequency timer resolution =2.343833 MHz
[2018.07.27-21.03.34:953][  0]LogMemory: Memory total: Physical=8.0GB (8GB approx)
[2018.07.27-21.03.34:953][  0]LogMemory: Platform Memory Stats for Windows
[2018.07.27-21.03.34:953][  0]LogMemory: Process Physical Memory: 274.82 MB used, 274.82 MB peak
[2018.07.27-21.03.34:954][  0]LogMemory: Process Virtual Memory: 270.14 MB used, 270.14 MB peak
[2018.07.27-21.03.34:954][  0]LogMemory: Physical Memory: 5343.31 MB used,  2847.18 MB free, 8190.49 MB total
[2018.07.27-21.03.34:954][  0]LogMemory: Virtual Memory: 4776.43 MB used,  2847.18 MB free, 134217728.00 MB total
[2018.07.27-21.03.35:005][  0]LogInit: Using OS detected language (es-ES).
[2018.07.27-21.03.35:006][  0]LogInit: Using OS detected locale (es-ES).
[2018.07.27-21.03.35:006][  0]LogTextLocalizationManager: No localization for 'es-ES' exists, so 'en' will be used for the language.
[2018.07.27-21.03.35:006][  0]LogTextLocalizationManager: No localization for 'es-ES' exists, so 'en' will be used for the locale.
[2018.07.27-21.03.36:090][  0]LogStreaming: Display: Took  1.085s to EndInitTextLocalization.
[2018.07.27-21.03.36:153][  0]LogSlate: New Slate User Created.  User Index 0, Is Virtual User: 0
[2018.07.27-21.03.36:153][  0]LogSlate: Slate User Registered.  User Index 0, Is Virtual User: 0
[2018.07.27-21.03.36:163][  0]LogD3D11RHI: D3D11 adapters:
[2018.07.27-21.03.36:285][  0]LogD3D11RHI:    0. 'NVIDIA GeForce GT 730' (Feature Level 11_0)
[2018.07.27-21.03.36:285][  0]LogD3D11RHI:       2018/0/4095 MB DedicatedVideo/DedicatedSystem/SharedSystem, Outputs:1, VendorId:0x10de
[2018.07.27-21.03.36:291][  0]LogD3D11RHI:    1. 'Microsoft Basic Render Driver' (Feature Level 11_0)
[2018.07.27-21.03.36:291][  0]LogD3D11RHI:       0/0/4095 MB DedicatedVideo/DedicatedSystem/SharedSystem, Outputs:0, VendorId:0x1414
[2018.07.27-21.03.36:291][  0]LogD3D11RHI: Chosen D3D11 Adapter: 0
[2018.07.27-21.03.36:310][  0]LogD3D11RHI: Creating new Direct3DDevice
[2018.07.27-21.03.36:311][  0]LogD3D11RHI:     GPU DeviceId: 0x1287 (for the marketing name, search the web for "GPU Device Id")
[2018.07.27-21.03.36:311][  0]LogWindows: EnumDisplayDevices:
[2018.07.27-21.03.36:311][  0]LogWindows:    0. 'NVIDIA GeForce GT 730' (P:1 D:1)
[2018.07.27-21.03.36:312][  0]LogWindows:    1. 'NVIDIA GeForce GT 730' (P:0 D:0)
[2018.07.27-21.03.36:312][  0]LogWindows:    2. 'NVIDIA GeForce GT 730' (P:0 D:0)
[2018.07.27-21.03.36:312][  0]LogWindows: DebugString: GetVideoDriverDetailsInvalid PrimaryIsNotTheChoosenAdapter GetVideoDriverDetailsInvalid PrimaryIsNotTheChoosenAdapter GetVideoDriverDetailsInvalid PrimaryIsNotTheChoosenAdapter FoundDriverCount:0 
[2018.07.27-21.03.36:312][  0]LogD3D11RHI:     Adapter Name: NVIDIA GeForce GT 730
[2018.07.27-21.03.36:312][  0]LogD3D11RHI:   Driver Version: Unknown (internal:Unknown, unified:Unknown)
[2018.07.27-21.03.36:313][  0]LogD3D11RHI:      Driver Date: Unknown
[2018.07.27-21.03.36:313][  0]LogRHI: Texture pool is 1413 MB (70% of 2018 MB)
[2018.07.27-21.03.36:386][  0]LogD3D11RHI: [Aftermath] Aftermath enabled but failed to initialize
[2018.07.27-21.03.36:386][  0]LogD3D11RHI: [Aftermath] Aftermath enabled and primed
[2018.07.27-21.03.36:386][  0]LogD3D11RHI: Async texture creation enabled
[2018.07.27-21.03.36:407][  0]LogD3D11RHI: GPU Timing Frequency: 1000.000000 (Debug: 2 1)
[2018.07.27-21.03.36:412][  0]LogShaderCompilers: Guid format shader working directory is 21 characters bigger than the processId version (../../../../UE_Projects/FPBG/Intermediate/Shaders/WorkingDirectory/10744/).
[2018.07.27-21.03.36:413][  0]LogShaderCompilers: Cleaned the shader compiler working directory 'C:/Users/bitt3rman/AppData/Local/Temp/UnrealShaderWorkingDir/49CB90954BEEB5357EC889BAA60157C3/'.
[2018.07.27-21.03.37:205][  0]LogTemp: Display: Loaded TP WindowsClientTargetPlatform
[2018.07.27-21.03.37:246][  0]LogTemp: Display: Loaded TP WindowsNoEditorTargetPlatform
[2018.07.27-21.03.37:284][  0]LogTemp: Display: Loaded TP WindowsServerTargetPlatform
[2018.07.27-21.03.37:328][  0]LogTemp: Display: Loaded TP WindowsTargetPlatform
[2018.07.27-21.03.37:329][  0]LogTargetPlatformManager: Display: Building Assets For Windows
[2018.07.27-21.03.37:643][  0]LogXGEController: Cannot use XGE Controller as Incredibuild is not installed on this machine.
[2018.07.27-21.03.37:644][  0]LogShaderCompilers: Cannot use XGE Shader Compiler as Incredibuild is not installed on this machine.
[2018.07.27-21.03.37:644][  0]LogShaderCompilers: Display: Using Local Shader Compiler.
[2018.07.27-21.03.40:111][  0]LogDerivedDataCache: Display: Max Cache Size: 512 MB
[2018.07.27-21.03.40:522][  0]LogDerivedDataCache: Loaded boot cache 0.41s 74MB C:/Users/bitt3rman/AppData/Local/UnrealEngine/4.19/DerivedDataCache/Boot.ddc.
[2018.07.27-21.03.40:522][  0]LogDerivedDataCache: Display: Loaded Boot cache: C:/Users/bitt3rman/AppData/Local/UnrealEngine/4.19/DerivedDataCache/Boot.ddc
[2018.07.27-21.03.40:523][  0]LogDerivedDataCache: FDerivedDataBackendGraph:  Pak pak cache file ../../../../UE_Projects/FPBG/DerivedDataCache/DDC.ddp not found, will not use a pak cache.
[2018.07.27-21.03.40:523][  0]LogDerivedDataCache: Unable to find inner node Pak for hierarchical cache Hierarchy.
[2018.07.27-21.03.40:523][  0]LogDerivedDataCache: FDerivedDataBackendGraph:  CompressedPak pak cache file ../../../../UE_Projects/FPBG/DerivedDataCache/Compressed.ddp not found, will not use a pak cache.
[2018.07.27-21.03.40:523][  0]LogDerivedDataCache: Unable to find inner node CompressedPak for hierarchical cache Hierarchy.
[2018.07.27-21.03.40:559][  0]LogDerivedDataCache: Display: Pak cache opened for reading ../../../Engine/DerivedDataCache/Compressed.ddp.
[2018.07.27-21.03.40:578][  0]LogDerivedDataCache: Using Local data cache path C:/Users/bitt3rman/AppData/Local/UnrealEngine/Common/DerivedDataCache: Writable
[2018.07.27-21.03.40:578][  0]LogDerivedDataCache: Shared data cache path not found in *engine.ini, will not use an Shared cache.
[2018.07.27-21.03.40:578][  0]LogDerivedDataCache: Unable to find inner node Shared for hierarchical cache Hierarchy.
[2018.07.27-21.03.40:617][  0]LogMaterial: Verifying Global Shaders for PCD3D_SM5
[2018.07.27-21.03.40:618][  0]LogSlate: Using Freetype 2.6.0
[2018.07.27-21.03.40:620][  0]LogSlate: SlateFontCache - WITH_FREETYPE: 1, WITH_HARFBUZZ: 1
[2018.07.27-21.03.40:620][  0]LogSlate: SlateFontCache - WITH_FREETYPE: 1, WITH_HARFBUZZ: 1
[2018.07.27-21.03.40:943][  0]LogAssetRegistry: FAssetRegistry took 0.0123 seconds to start up
[2018.07.27-21.03.41:558][  0]LogPackageLocalizationCache: Processed 9 localized package path(s) for 1 prioritized culture(s) in 0.041293 seconds
[2018.07.27-21.03.41:860][  0]LogInit: Selected Device Profile: [Windows]
[2018.07.27-21.03.42:243][  0]LogSimplygon: Simplygon DLL not present - disabling.
[2018.07.27-21.03.42:252][  0]LogMeshReduction: Using SimplygonSwarm for distributed automatic mesh merging
[2018.07.27-21.03.42:252][  0]LogMeshReduction: Using QuadricMeshReduction for automatic static mesh reduction
[2018.07.27-21.03.42:252][  0]LogMeshReduction: No automatic skeletal mesh reduction module available
[2018.07.27-21.03.42:252][  0]LogMeshReduction: No automatic mesh merging module available
[2018.07.27-21.03.42:252][  0]LogMeshMerging: No automatic mesh merging module available
[2018.07.27-21.03.42:339][  0]LogNetVersion: FPBG , NetCL: 3944462, EngineNetVer: 2, GameNetVer: 0 (Checksum: 1413110598)
[2018.07.27-21.03.44:316][  0]LogMoviePlayer: Initializing movie player
[2018.07.27-21.03.45:075][  0]LogTcpMessaging: Initializing TcpMessaging bridge
[2018.07.27-21.03.45:145][  0]LogUdpMessaging: Initializing bridge on interface 0.0.0.0:0 to multicast group 230.0.0.1:6666.
[2018.07.27-21.03.45:882][  0]SourceControl: Source control is disabled
[2018.07.27-21.03.45:882][  0]SourceControl: Source control is disabled
[2018.07.27-21.03.45:957][  0]SourceControl: Source control is disabled
[2018.07.27-21.03.46:989][  0]LogAndroidPermission: UAndroidPermissionCallbackProxy::GetInstance
[2018.07.27-21.03.47:517][  0]LogOcInput: OculusInput pre-init called
[2018.07.27-21.03.47:655][  0]LogUObjectArray: 40131 objects as part of root set at end of initial load.
[2018.07.27-21.03.47:655][  0]LogUObjectAllocator: 8578472 out of 0 bytes used by permanent object pool.
[2018.07.27-21.03.47:655][  0]LogUObjectArray: CloseDisregardForGC: 0/0 objects in disregard for GC pool
[2018.07.27-21.03.47:798][  0]LogEngine: Initializing Engine...
[2018.07.27-21.03.47:801][  0]LogHMD: Failed to initialize OpenVR with code 110
[2018.07.27-21.03.47:817][  0]LogStats: UGameplayTagsManager::ConstructGameplayTagTree: Construct from data asset -  0.000 s
[2018.07.27-21.03.47:817][  0]LogStats: UGameplayTagsManager::ConstructGameplayTagTree: GameplayTagTreeChangedEvent.Broadcast -  0.000 s
[2018.07.27-21.03.48:469][  0]LogInit: XAudio2 using 'Speakers (High Definition Audio Device)' : 2 channels at 48 kHz using 16 bits per sample (channel mask 0x3)
[2018.07.27-21.03.48:636][  0]LogInit: FAudioDevice initialized.
[2018.07.27-21.03.48:766][  0]LogInit: Texture streaming: Enabled
[2018.07.27-21.03.49:143][  0]LogUObjectGlobals: Created PersistentFrame Addr=0x000001c444b26e80, Size=632, Default__GameInfoInstance_C Function /Game/Blueprints/AllLevels/GameInfoInstance.GameInfoInstance_C:ExecuteUbergraph_GameInfoInstance
[2018.07.27-21.03.49:162][  0]LogUObjectGlobals: Created PersistentFrame Addr=0x000001c451b55648, Size=40, Default__ErrorDialog_C Function /Game/UI/MainMenu/ErrorDialog.ErrorDialog_C:ExecuteUbergraph_ErrorDialog
[2018.07.27-21.03.49:187][  0]LogUObjectGlobals: Created PersistentFrame Addr=0x000001c4509b5b40, Size=96, Default__HostMenu_C Function /Game/UI/MainMenu/HostMenu.HostMenu_C:ExecuteUbergraph_HostMenu
[2018.07.27-21.03.49:203][  0]LogUObjectGlobals: Created PersistentFrame Addr=0x000001c444ad6fc0, Size=64, Default__MainMenu_C Function /Game/UI/MainMenu/MainMenu.MainMenu_C:ExecuteUbergraph_MainMenu
[2018.07.27-21.03.49:266][  0]LogUObjectGlobals: Created PersistentFrame Addr=0x000001c444adab70, Size=104, Default__OptionsMenu_C Function /Game/UI/MainMenu/OptionsMenu.OptionsMenu_C:ExecuteUbergraph_OptionsMenu
[2018.07.27-21.03.49:283][  0]LogUObjectGlobals: Created PersistentFrame Addr=0x000001c444a97100, Size=608, Default__ServerMenu_C Function /Game/UI/MainMenu/ServerMenu.ServerMenu_C:ExecuteUbergraph_ServerMenu
[2018.07.27-21.03.49:437][  0]LogUObjectGlobals: Destroyed PersistentFrame Addr=0x000001c444b26e80, Size=632
[2018.07.27-21.03.49:437][  0]LogUObjectGlobals: Created PersistentFrame Addr=0x000001c45042b380, Size=632, Default__GameInfoInstance_C Function /Engine/Transient.REINST_GameInfoInstance_C_2:ExecuteUbergraph_GameInfoInstance
[2018.07.27-21.03.49:438][  0]LogUObjectGlobals: Destroyed PersistentFrame Addr=0x000001c451b55648, Size=40
[2018.07.27-21.03.49:438][  0]LogUObjectGlobals: Created PersistentFrame Addr=0x000001c451186098, Size=40, Default__ErrorDialog_C Function /Engine/Transient.REINST_ErrorDialog_C_0:ExecuteUbergraph_ErrorDialog
[2018.07.27-21.03.49:440][  0]LogUObjectGlobals: Destroyed PersistentFrame Addr=0x000001c4509b5b40, Size=96
[2018.07.27-21.03.49:440][  0]LogUObjectGlobals: Created PersistentFrame Addr=0x000001c45048be80, Size=96, Default__HostMenu_C Function /Engine/Transient.REINST_HostMenu_C_1:ExecuteUbergraph_HostMenu
[2018.07.27-21.03.49:441][  0]LogUObjectGlobals: Destroyed PersistentFrame Addr=0x000001c444ad6fc0, Size=64
[2018.07.27-21.03.49:441][  0]LogUObjectGlobals: Created PersistentFrame Addr=0x000001c4504210c0, Size=64, Default__MainMenu_C Function /Engine/Transient.REINST_MainMenu_C_3:ExecuteUbergraph_MainMenu
[2018.07.27-21.03.49:442][  0]LogUObjectGlobals: Destroyed PersistentFrame Addr=0x000001c444adab70, Size=104
[2018.07.27-21.03.49:442][  0]LogUObjectGlobals: Created PersistentFrame Addr=0x000001c4510f81e0, Size=104, Default__OptionsMenu_C Function /Engine/Transient.REINST_OptionsMenu_C_4:ExecuteUbergraph_OptionsMenu
[2018.07.27-21.03.49:444][  0]LogUObjectGlobals: Destroyed PersistentFrame Addr=0x000001c444a97100, Size=608
[2018.07.27-21.03.49:444][  0]LogUObjectGlobals: Created PersistentFrame Addr=0x000001c45042ae80, Size=608, Default__ServerMenu_C Function /Engine/Transient.REINST_ServerMenu_C_5:ExecuteUbergraph_ServerMenu
[2018.07.27-21.03.49:568][  0]LogUObjectGlobals: Created PersistentFrame Addr=0x000001c442f9fd80, Size=632, Default__GameInfoInstance_C Function /Game/Blueprints/AllLevels/GameInfoInstance.GameInfoInstance_C:ExecuteUbergraph_GameInfoInstance
[2018.07.27-21.03.49:572][  0]LogUObjectGlobals: Created PersistentFrame Addr=0x000001c451186980, Size=40, Default__ErrorDialog_C Function /Game/UI/MainMenu/ErrorDialog.ErrorDialog_C:ExecuteUbergraph_ErrorDialog
[2018.07.27-21.03.49:578][  0]LogUObjectGlobals: Created PersistentFrame Addr=0x000001c44306cc40, Size=96, Default__HostMenu_C Function /Game/UI/MainMenu/HostMenu.HostMenu_C:ExecuteUbergraph_HostMenu
[2018.07.27-21.03.49:583][  0]LogUObjectGlobals: Created PersistentFrame Addr=0x000001c442f43f58, Size=56, Default__MainMenu_C Function /Game/UI/MainMenu/MainMenu.MainMenu_C:ExecuteUbergraph_MainMenu
[2018.07.27-21.03.49:590][  0]LogUObjectGlobals: Created PersistentFrame Addr=0x000001c442f1d0c0, Size=104, Default__OptionsMenu_C Function /Game/UI/MainMenu/OptionsMenu.OptionsMenu_C:ExecuteUbergraph_OptionsMenu
[2018.07.27-21.03.49:603][  0]LogUObjectGlobals: Created PersistentFrame Addr=0x000001c442f9d800, Size=592, Default__ServerMenu_C Function /Game/UI/MainMenu/ServerMenu.ServerMenu_C:ExecuteUbergraph_ServerMenu
[2018.07.27-21.03.49:676][  0]LogInit: Display: Game Engine Initialized.
[2018.07.27-21.03.49:676][  0]LogGameplayTags: Display: UGameplayTagsManager::DoneAddingNativeTags. DelegateIsBound: 0
[2018.07.27-21.03.49:676][  0]LogStats: UGameplayTagsManager::ConstructGameplayTagTree: Construct from data asset -  0.000 s
[2018.07.27-21.03.49:676][  0]LogStats: UGameplayTagsManager::ConstructGameplayTagTree: GameplayTagTreeChangedEvent.Broadcast -  0.000 s
[2018.07.27-21.03.50:077][  0]LogInit: Display: Starting Game.
[2018.07.27-21.03.50:077][  0]LogNet: Browse: 127.0.0.1:17777//Game/Maps/MainMenu?Name=Player
[2018.07.27-21.03.50:078][  0]LogOnline: Warning: STEAM: Steam API disabled!
[2018.07.27-21.03.50:078][  0]LogOnline: Display: STEAM: OnlineSubsystemSteam::Shutdown()
[2018.07.27-21.03.50:078][  0]LogTemp: Display: ParseSettings for GameNetDriver
[2018.07.27-21.03.50:078][  0]LogTemp: Display: ParseSettings for IpNetDriver_0
[2018.07.27-21.03.50:078][  0]LogTemp: Display: ParseSettings for PendingNetDriver
[2018.07.27-21.03.50:078][  0]LogInit: WinSock: Socket queue 32768 / 32768
[2018.07.27-21.03.50:079][  0]PacketHandlerLog: Loaded PacketHandler component: Engine.EngineHandlerComponentFactory (StatelessConnectHandlerComponent)
[2018.07.27-21.03.50:080][  0]LogNet: Game client on port 17777, rate 10000
[2018.07.27-21.03.50:221][  0]LogLoad: (Engine Initialization) Total time: 21.57 seconds
[2018.07.27-21.03.50:221][  0]LogLoad: (Engine Initialization) Total Blueprint compile time: 0.00 seconds
[2018.07.27-21.03.50:256][  0]LogContentStreaming: Texture pool size now 1000 MB
[2018.07.27-21.03.56:256][342]LogHandshake: SendChallengeResponse. Timestamp: 0.016130, Cookie: 079096121166142140139215240145181127050081130075133047196192
[2018.07.27-21.03.56:304][345]LogNetVersion: FPBG 1.0.0.0, NetCL: 3944462, EngineNetVer: 2, GameNetVer: 0 (Checksum: 272724767)
[2018.07.27-21.03.56:304][345]LogNet: UPendingNetGame::SendInitialJoin: Sending hello. [UNetConnection] RemoteAddr: 127.0.0.1:17777, Name: IpConnection_0, Driver: PendingNetDriver IpNetDriver_0, IsServer: NO, PC: NULL, Owner: NULL, UniqueId: INVALID
[2018.07.27-21.03.56:505][347]LogNet: Welcomed by server (Level: /Game/Maps/MainMenu, Game: /Game/FirstPersonBP/Blueprints/FirstPersonGameMode.FirstPersonGameMode_C)
[2018.07.27-21.03.56:507][347]LogLoad: LoadMap: 127.0.0.1:17777//Game/Maps/MainMenu?Name=Player?game=/Game/FirstPersonBP/Blueprints/FirstPersonGameMode.FirstPersonGameMode_C
[2018.07.27-21.03.56:577][347]LogUObjectGlobals: Destroyed PersistentFrame Addr=0x000001c45042b380, Size=632
[2018.07.27-21.03.56:577][347]LogUObjectGlobals: Destroyed PersistentFrame Addr=0x000001c451186098, Size=40
[2018.07.27-21.03.56:577][347]LogUObjectGlobals: Destroyed PersistentFrame Addr=0x000001c45048be80, Size=96
[2018.07.27-21.03.56:577][347]LogUObjectGlobals: Destroyed PersistentFrame Addr=0x000001c4504210c0, Size=64
[2018.07.27-21.03.56:577][347]LogUObjectGlobals: Destroyed PersistentFrame Addr=0x000001c4510f81e0, Size=104
[2018.07.27-21.03.56:577][347]LogUObjectGlobals: Destroyed PersistentFrame Addr=0x000001c45042ae80, Size=608
[2018.07.27-21.03.56:586][347]LogUObjectGlobals: Created PersistentFrame Addr=0x000001c442f68f20, Size=32, Default__MainMenu_C Function /Game/Maps/MainMenu.MainMenu_C:ExecuteUbergraph_MainMenu
[2018.07.27-21.03.56:588][347]LogUObjectGlobals: Destroyed PersistentFrame Addr=0x000001c442f68f20, Size=32
[2018.07.27-21.03.56:588][347]LogUObjectGlobals: Created PersistentFrame Addr=0x000001c442f68f20, Size=32, Default__MainMenu_C Function /Engine/Transient.REINST_MainMenu_C_13:ExecuteUbergraph_MainMenu
[2018.07.27-21.03.56:590][347]LogUObjectGlobals: Created PersistentFrame Addr=0x000001c442f69240, Size=32, Default__MainMenu_C Function /Game/Maps/MainMenu.MainMenu_C:ExecuteUbergraph_MainMenu
[2018.07.27-21.03.56:622][347]LogAIModule: Creating AISystem for world MainMenu
[2018.07.27-21.03.56:623][347]LogTemp: Display: ParseSettings for GameNetDriver
[2018.07.27-21.03.56:626][347]LogWorld: Bringing World /Game/Maps/MainMenu.MainMenu up for play (max tick rate 0) at 2018.07.27-22.03.56
[2018.07.27-21.03.56:626][347]LogWorld: Bringing up level for play took: 0.001707
[2018.07.27-21.03.56:627][347]LogLoad: Took 0.120988 seconds to LoadMap(/Game/Maps/MainMenu)
[2018.07.27-21.03.56:855][348]LogRenderer: Reallocating scene render targets to support 640x480 Format 10 NumSamples 1 (Frame:1).
[2018.07.27-21.03.57:094][348]LogUObjectGlobals: Created PersistentFrame Addr=0x000001c442f401e0, Size=52, Default__FirstPersonHUD_C Function /Game/FirstPersonBP/Blueprints/FirstPersonHUD.FirstPersonHUD_C:ExecuteUbergraph_FirstPersonHUD
[2018.07.27-21.03.57:105][348]LogUObjectGlobals: Destroyed PersistentFrame Addr=0x000001c442f401e0, Size=52
[2018.07.27-21.03.57:105][348]LogUObjectGlobals: Created PersistentFrame Addr=0x000001c442f401e0, Size=52, Default__FirstPersonHUD_C Function /Engine/Transient.REINST_FirstPersonHUD_C_15:ExecuteUbergraph_FirstPersonHUD
[2018.07.27-21.03.57:110][348]LogUObjectGlobals: Created PersistentFrame Addr=0x000001c4504119f0, Size=52, Default__FirstPersonHUD_C Function /Game/FirstPersonBP/Blueprints/FirstPersonHUD.FirstPersonHUD_C:ExecuteUbergraph_FirstPersonHUD
[2018.07.27-21.03.57:158][348]LogUObjectGlobals: Created PersistentFrame Addr=0x000001c450503a00, Size=688, Default__FirstPersonCharacter_C Function /Game/FirstPersonBP/Blueprints/FirstPersonCharacter.FirstPersonCharacter_C:ExecuteUbergraph_FirstPersonCharacter
[2018.07.27-21.03.57:162][348]LogUObjectGlobals: Created PersistentFrame Addr=0x000001c442f3ce00, Size=256, Default__FirstPersonProjectile_C Function /Game/FirstPersonBP/Blueprints/FirstPersonProjectile.FirstPersonProjectile_C:ExecuteUbergraph_FirstPersonProjectile
[2018.07.27-21.03.57:201][348]LogUObjectGlobals: Created PersistentFrame Addr=0x000001c44304f100, Size=72, Default__FirstPerson_AnimBP_C Function /Game/FirstPerson/Animations/FirstPerson_AnimBP.FirstPerson_AnimBP_C:ExecuteUbergraph_FirstPerson_AnimBP
[2018.07.27-21.03.57:314][348]LogUObjectGlobals: Destroyed PersistentFrame Addr=0x000001c44304f100, Size=72
[2018.07.27-21.03.57:314][348]LogUObjectGlobals: Created PersistentFrame Addr=0x000001c4504265c0, Size=72, Default__FirstPerson_AnimBP_C Function /Engine/Transient.REINST_FirstPerson_AnimBP_C_0:ExecuteUbergraph_FirstPerson_AnimBP
[2018.07.27-21.03.57:317][348]LogUObjectGlobals: Destroyed PersistentFrame Addr=0x000001c442f3ce00, Size=256
[2018.07.27-21.03.57:317][348]LogUObjectGlobals: Created PersistentFrame Addr=0x000001c442f3ce00, Size=256, Default__FirstPersonProjectile_C Function /Engine/Transient.REINST_FirstPersonProjectile_C_17:ExecuteUbergraph_FirstPersonProjectile
[2018.07.27-21.03.57:319][348]LogUObjectGlobals: Destroyed PersistentFrame Addr=0x000001c450503a00, Size=688
[2018.07.27-21.03.57:319][348]LogUObjectGlobals: Created PersistentFrame Addr=0x000001c4433d2b00, Size=688, Default__FirstPersonCharacter_C Function /Engine/Transient.REINST_FirstPersonCharacter_C_18:ExecuteUbergraph_FirstPersonCharacter
[2018.07.27-21.03.57:406][348]LogUObjectGlobals: Created PersistentFrame Addr=0x000001c442f13dc0, Size=64, Default__FirstPerson_AnimBP_C Function /Game/FirstPerson/Animations/FirstPerson_AnimBP.FirstPerson_AnimBP_C:ExecuteUbergraph_FirstPerson_AnimBP
[2018.07.27-21.03.57:409][348]LogUObjectGlobals: Created PersistentFrame Addr=0x000001c442fa4900, Size=256, Default__FirstPersonProjectile_C Function /Game/FirstPersonBP/Blueprints/FirstPersonProjectile.FirstPersonProjectile_C:ExecuteUbergraph_FirstPersonProjectile
[2018.07.27-21.03.57:421][348]LogUObjectGlobals: Created PersistentFrame Addr=0x000001c4433a4100, Size=688, Default__FirstPersonCharacter_C Function /Game/FirstPersonBP/Blueprints/FirstPersonCharacter.FirstPersonCharacter_C:ExecuteUbergraph_FirstPersonCharacter
[2018.07.27-21.03.57:769][348]LogSkeletalMesh: Skeletal Mesh found in DDC [11.487166ms] /Game/FirstPerson/FPWeapon/Mesh/SK_FPGun.SK_FPGun
[2018.07.27-21.03.57:796][348]LogSkeletalMesh: Skeletal Mesh found in DDC [23.483328ms] /Game/FirstPerson/Character/Mesh/SK_Mannequin_Arms.SK_Mannequin_Arms
[2018.07.27-21.03.57:833][348]LogOnline: Warning: OSS: No game present to join for session (GameSession)
[2018.07.27-21.03.57:848][348]LogOnline: Warning: OSS: No game present to join for session (GameSession)
[2018.07.27-21.03.57:853][348]LogOnline: Warning: OSS: No game present to join for session (GameSession)
[2018.07.27-21.04.01:830][524]LogOnline: Warning: OSS: No game present to leave for session (GameSession)
[2018.07.27-21.04.12:403][ 35]LogNet: Warning: Network Failure: GameNetDriver[FailureReceived]: Host closed the connection.
[2018.07.27-21.04.12:404][ 35]LogNet: NetworkFailure: FailureReceived, Error: 'Host closed the connection.'
[2018.07.27-21.04.12:408][ 35]LogNet: UNetConnection::Close: [UNetConnection] RemoteAddr: 127.0.0.1:17777, Name: IpConnection_0, Driver: GameNetDriver IpNetDriver_0, IsServer: NO, PC: PlayerController_1, Owner: PlayerController_1, UniqueId: Q6600-AB9B94C44FAF0ACB7C50FDB3053C2B05, Channels: 10, Time: 2018.07.27-21.04.12
[2018.07.27-21.04.12:408][ 35]LogNet: UChannel::Close: Sending CloseBunch. ChIndex == 0. Name: [UChannel] ChIndex: 0, Closing: 0 [UNetConnection] RemoteAddr: 127.0.0.1:17777, Name: IpConnection_0, Driver: GameNetDriver IpNetDriver_0, IsServer: NO, PC: PlayerController_1, Owner: PlayerController_1, UniqueId: Q6600-AB9B94C44FAF0ACB7C50FDB3053C2B05
[2018.07.27-21.04.12:408][ 35]LogNet: Warning: Network Failure: GameNetDriver[ConnectionLost]: Your connection to the host has been lost.
[2018.07.27-21.04.12:408][ 35]LogNet: NetworkFailure: ConnectionLost, Error: 'Your connection to the host has been lost.'
[2018.07.27-21.04.12:420][ 36]LogNet: Browse: /Game/Maps/MainMenu?closed
[2018.07.27-21.04.12:420][ 36]LogNet: Failed; returning to Entry
[2018.07.27-21.04.12:438][ 36]LogLoad: LoadMap: /Game/Maps/MainMenu?closed
[2018.07.27-21.04.12:438][ 36]LogNet: World NetDriver shutdown IpNetDriver_0 [GameNetDriver]
[2018.07.27-21.04.12:439][ 36]LogNet: DestroyNamedNetDriver IpNetDriver_0 [GameNetDriver]
[2018.07.27-21.04.12:439][ 36]LogExit: GameNetDriver IpNetDriver_0 shut down
[2018.07.27-21.04.12:495][ 36]LogUObjectGlobals: Destroyed PersistentFrame Addr=0x000001c4504265c0, Size=72
[2018.07.27-21.04.12:495][ 36]LogUObjectGlobals: Destroyed PersistentFrame Addr=0x000001c442f3ce00, Size=256
[2018.07.27-21.04.12:495][ 36]LogUObjectGlobals: Destroyed PersistentFrame Addr=0x000001c4433d2b00, Size=688
[2018.07.27-21.04.12:495][ 36]LogUObjectGlobals: Destroyed PersistentFrame Addr=0x000001c4504119f0, Size=52
[2018.07.27-21.04.12:496][ 36]LogUObjectGlobals: Destroyed PersistentFrame Addr=0x000001c442f401e0, Size=52
[2018.07.27-21.04.12:496][ 36]LogUObjectGlobals: Destroyed PersistentFrame Addr=0x000001c442f69240, Size=32
[2018.07.27-21.04.12:496][ 36]LogUObjectGlobals: Destroyed PersistentFrame Addr=0x000001c442f68f20, Size=32
[2018.07.27-21.04.12:498][ 36]LogUObjectGlobals: Destroyed PersistentFrame Addr=0x000001c442f13dc0, Size=64
[2018.07.27-21.04.12:498][ 36]LogUObjectGlobals: Destroyed PersistentFrame Addr=0x000001c442fa4900, Size=256
[2018.07.27-21.04.12:498][ 36]LogUObjectGlobals: Destroyed PersistentFrame Addr=0x000001c4433a4100, Size=688
[2018.07.27-21.04.12:512][ 36]LogUObjectGlobals: Created PersistentFrame Addr=0x000001c442fe3fc0, Size=32, Default__MainMenu_C Function /Game/Maps/MainMenu.MainMenu_C:ExecuteUbergraph_MainMenu
[2018.07.27-21.04.12:514][ 36]LogUObjectGlobals: Destroyed PersistentFrame Addr=0x000001c442fe3fc0, Size=32
[2018.07.27-21.04.12:514][ 36]LogUObjectGlobals: Created PersistentFrame Addr=0x000001c442fe3fc0, Size=32, Default__MainMenu_C Function /Engine/Transient.REINST_MainMenu_C_24:ExecuteUbergraph_MainMenu
[2018.07.27-21.04.12:516][ 36]LogUObjectGlobals: Created PersistentFrame Addr=0x000001c442fe0b60, Size=32, Default__MainMenu_C Function /Game/Maps/MainMenu.MainMenu_C:ExecuteUbergraph_MainMenu
[2018.07.27-21.04.12:522][ 36]LogAIModule: Creating AISystem for world MainMenu
[2018.07.27-21.04.12:565][ 36]LogUObjectGlobals: Created PersistentFrame Addr=0x000001c4505e9300, Size=688, Default__FirstPersonCharacter_C Function /Game/FirstPersonBP/Blueprints/FirstPersonCharacter.FirstPersonCharacter_C:ExecuteUbergraph_FirstPersonCharacter
[2018.07.27-21.04.12:571][ 36]LogUObjectGlobals: Created PersistentFrame Addr=0x000001c4505dee00, Size=256, Default__FirstPersonProjectile_C Function /Game/FirstPersonBP/Blueprints/FirstPersonProjectile.FirstPersonProjectile_C:ExecuteUbergraph_FirstPersonProjectile
[2018.07.27-21.04.12:605][ 36]LogUObjectGlobals: Created PersistentFrame Addr=0x000001c444a25670, Size=72, Default__FirstPerson_AnimBP_C Function /Game/FirstPerson/Animations/FirstPerson_AnimBP.FirstPerson_AnimBP_C:ExecuteUbergraph_FirstPerson_AnimBP
[2018.07.27-21.04.12:679][ 36]LogUObjectGlobals: Created PersistentFrame Addr=0x000001c4433dba50, Size=52, Default__FirstPersonHUD_C Function /Game/FirstPersonBP/Blueprints/FirstPersonHUD.FirstPersonHUD_C:ExecuteUbergraph_FirstPersonHUD
[2018.07.27-21.04.12:702][ 36]LogUObjectGlobals: Destroyed PersistentFrame Addr=0x000001c444a25670, Size=72
[2018.07.27-21.04.12:702][ 36]LogUObjectGlobals: Created PersistentFrame Addr=0x000001c450523330, Size=72, Default__FirstPerson_AnimBP_C Function /Engine/Transient.REINST_FirstPerson_AnimBP_C_1:ExecuteUbergraph_FirstPerson_AnimBP
[2018.07.27-21.04.12:703][ 36]LogUObjectGlobals: Destroyed PersistentFrame Addr=0x000001c4505dee00, Size=256
[2018.07.27-21.04.12:703][ 36]LogUObjectGlobals: Created PersistentFrame Addr=0x000001c442fb7300, Size=256, Default__FirstPersonProjectile_C Function /Engine/Transient.REINST_FirstPersonProjectile_C_26:ExecuteUbergraph_FirstPersonProjectile
[2018.07.27-21.04.12:704][ 36]LogUObjectGlobals: Destroyed PersistentFrame Addr=0x000001c4433dba50, Size=52
[2018.07.27-21.04.12:704][ 36]LogUObjectGlobals: Created PersistentFrame Addr=0x000001c4433dba50, Size=52, Default__FirstPersonHUD_C Function /Engine/Transient.REINST_FirstPersonHUD_C_27:ExecuteUbergraph_FirstPersonHUD
[2018.07.27-21.04.12:706][ 36]LogUObjectGlobals: Destroyed PersistentFrame Addr=0x000001c4505e9300, Size=688
[2018.07.27-21.04.12:706][ 36]LogUObjectGlobals: Created PersistentFrame Addr=0x000001c444a54100, Size=688, Default__FirstPersonCharacter_C Function /Engine/Transient.REINST_FirstPersonCharacter_C_28:ExecuteUbergraph_FirstPersonCharacter
[2018.07.27-21.04.12:751][ 36]LogUObjectGlobals: Created PersistentFrame Addr=0x000001c443065e40, Size=64, Default__FirstPerson_AnimBP_C Function /Game/FirstPerson/Animations/FirstPerson_AnimBP.FirstPerson_AnimBP_C:ExecuteUbergraph_FirstPerson_AnimBP
[2018.07.27-21.04.12:752][ 36]LogUObjectGlobals: Created PersistentFrame Addr=0x000001c450405300, Size=256, Default__FirstPersonProjectile_C Function /Game/FirstPersonBP/Blueprints/FirstPersonProjectile.FirstPersonProjectile_C:ExecuteUbergraph_FirstPersonProjectile
[2018.07.27-21.04.12:757][ 36]LogUObjectGlobals: Created PersistentFrame Addr=0x000001c450411398, Size=52, Default__FirstPersonHUD_C Function /Game/FirstPersonBP/Blueprints/FirstPersonHUD.FirstPersonHUD_C:ExecuteUbergraph_FirstPersonHUD
[2018.07.27-21.04.12:763][ 36]LogUObjectGlobals: Created PersistentFrame Addr=0x000001c45f974700, Size=688, Default__FirstPersonCharacter_C Function /Game/FirstPersonBP/Blueprints/FirstPersonCharacter.FirstPersonCharacter_C:ExecuteUbergraph_FirstPersonCharacter
[2018.07.27-21.04.13:046][ 36]LogSkeletalMesh: Skeletal Mesh found in DDC [7.075163ms] /Game/FirstPerson/FPWeapon/Mesh/SK_FPGun.SK_FPGun
[2018.07.27-21.04.13:073][ 36]LogSkeletalMesh: Skeletal Mesh found in DDC [23.476929ms] /Game/FirstPerson/Character/Mesh/SK_Mannequin_Arms.SK_Mannequin_Arms
[2018.07.27-21.04.13:089][ 36]LogLoad: Game class is 'FirstPersonGameMode_C'
[2018.07.27-21.04.13:091][ 36]LogWorld: Bringing World /Game/Maps/MainMenu.MainMenu up for play (max tick rate 0) at 2018.07.27-22.04.13
[2018.07.27-21.04.13:092][ 36]LogWorld: Bringing up level for play took: 0.000952
[2018.07.27-21.04.13:092][ 36]LogGameMode: FindPlayerStart: PATHS NOT DEFINED or NO PLAYERSTART with positive rating
[2018.07.27-21.04.13:098][ 36]LogLoad: Took 0.660299 seconds to LoadMap(/Game/Maps/MainMenu)
[2018.07.27-21.04.13:133][ 36]LogUObjectGlobals: Destroyed PersistentFrame Addr=0x000001c4433dba50, Size=52
[2018.07.27-21.04.13:133][ 36]LogUObjectGlobals: Destroyed PersistentFrame Addr=0x000001c450523330, Size=72
[2018.07.27-21.04.13:133][ 36]LogUObjectGlobals: Destroyed PersistentFrame Addr=0x000001c442fb7300, Size=256
[2018.07.27-21.04.13:133][ 36]LogUObjectGlobals: Destroyed PersistentFrame Addr=0x000001c442fe3fc0, Size=32
[2018.07.27-21.04.13:133][ 36]LogUObjectGlobals: Destroyed PersistentFrame Addr=0x000001c444a54100, Size=688
[2018.07.27-21.04.42:208][ 98]LogSlate: Window 'FPBG (64-bit, PCD3D_SM5) ' being destroyed
[2018.07.27-21.04.42:209][ 98]LogWindowsTextInputMethodSystem: Display: IME system now deactivated.
[2018.07.27-21.04.42:216][ 98]LogEngine: All Windows Closed
[2018.07.27-21.04.42:216][ 98]LogWindows: FPlatformMisc::RequestExit(0)
