Log file open, 07/27/18 22:03:31
LogWindows: Failed to load 'aqProf.dll' (GetLastError=126)
LogWindows: File 'aqProf.dll' does not exist
LogWindows: Failed to load 'VtuneApi.dll' (GetLastError=126)
LogWindows: File 'VtuneApi.dll' does not exist
LogWindows: Failed to load 'VtuneApi32e.dll' (GetLastError=126)
LogWindows: File 'VtuneApi32e.dll' does not exist
LogInit: Display: Running engine for game: FPBG
LogPlatformFile: Not using cached read wrapper
LogInit: Display: RandInit(385933917) SRandInit(385933917).
LogInit: Read version file with build ID '3944462'
LogInit: Overriding engine version to CL 4033788, compatible CL 3944462
LogInit: Registered custom module enumerator with build ID '3944462'
LogTaskGraph: Started task graph with 5 named threads and 14 total threads with 3 sets of task threads.
LogStats: Stats thread started at 0.352357
LogD3D11RHI: Aftermath initialized
LogICUInternationalization: Display: ICU TimeZone Detection - Raw Offset: +0:00, Platform Override: ''
LogModuleManager: Display: Found up-to-date module file ../../../Engine/Plugins/Online/OnlineSubsystemSteam/Binaries/Win64/UE4Editor-OnlineSubsystemSteam.dll (API version 3944462).
LogModuleManager: Display: Found up-to-date module file ../../../Engine/Plugins/Online/OnlineSubsystem/Binaries/Win64/UE4Editor-OnlineSubsystem.dll (API version 3944462).
LogModuleManager: Display: Found up-to-date module file ../../../Engine/Plugins/Online/OnlineSubsystemUtils/Binaries/Win64/UE4Editor-OnlineSubsystemUtils.dll (API version 3944462).
LogModuleManager: Display: Found up-to-date module file ../../../Engine/Plugins/Online/OnlineSubsystemUtils/Binaries/Win64/UE4Editor-OnlineBlueprintSupport.dll (API version 3944462).
LogModuleManager: Display: Found up-to-date module file ../../../Engine/Plugins/2D/Paper2D/Binaries/Win64/UE4Editor-Paper2D.dll (API version 3944462).
LogModuleManager: Display: Found up-to-date module file ../../../Engine/Plugins/2D/Paper2D/Binaries/Win64/UE4Editor-Paper2DEditor.dll (API version 3944462).
LogModuleManager: Display: Found up-to-date module file ../../../Engine/Plugins/2D/Paper2D/Binaries/Win64/UE4Editor-PaperSpriteSheetImporter.dll (API version 3944462).
LogModuleManager: Display: Found up-to-date module file ../../../Engine/Plugins/2D/Paper2D/Binaries/Win64/UE4Editor-PaperTiledImporter.dll (API version 3944462).
LogModuleManager: Display: Found up-to-date module file ../../../Engine/Plugins/2D/Paper2D/Binaries/Win64/UE4Editor-SmartSnapping.dll (API version 3944462).
LogModuleManager: Display: Found up-to-date module file ../../../Engine/Plugins/Blendables/LightPropagationVolume/Binaries/Win64/UE4Editor-LightPropagationVolumeRuntime.dll (API version 3944462).
LogModuleManager: Display: Found up-to-date module file ../../../Engine/Plugins/Blendables/LightPropagationVolume/Binaries/Win64/UE4Editor-LightPropagationVolumeEditor.dll (API version 3944462).
LogModuleManager: Display: Found up-to-date module file ../../../Engine/Plugins/Developer/CLionSourceCodeAccess/Binaries/Win64/UE4Editor-CLionSourceCodeAccess.dll (API version 3944462).
LogModuleManager: Display: Found up-to-date module file ../../../Engine/Plugins/Developer/GitSourceControl/Binaries/Win64/UE4Editor-GitSourceControl.dll (API version 3944462).
LogModuleManager: Display: Found up-to-date module file ../../../Engine/Plugins/Developer/PerforceSourceControl/Binaries/Win64/UE4Editor-PerforceSourceControl.dll (API version 3944462).
LogModuleManager: Display: Found up-to-date module file ../../../Engine/Plugins/Developer/SubversionSourceControl/Binaries/Win64/UE4Editor-SubversionSourceControl.dll (API version 3944462).
LogModuleManager: Display: Found up-to-date module file ../../../Engine/Plugins/Developer/UObjectPlugin/Binaries/Win64/UE4Editor-UObjectPlugin.dll (API version 3944462).
LogModuleManager: Display: Found up-to-date module file ../../../Engine/Plugins/Developer/VisualStudioCodeSourceCodeAccess/Binaries/Win64/UE4Editor-VisualStudioCodeSourceCodeAccess.dll (API version 3944462).
LogModuleManager: Display: Found up-to-date module file ../../../Engine/Plugins/Developer/VisualStudioSourceCodeAccess/Binaries/Win64/UE4Editor-VisualStudioSourceCodeAccess.dll (API version 3944462).
LogModuleManager: Display: Found up-to-date module file ../../../Engine/Plugins/Editor/AssetManagerEditor/Binaries/Win64/UE4Editor-AssetManagerEditor.dll (API version 3944462).
LogModuleManager: Display: Found up-to-date module file ../../../Engine/Plugins/Editor/CryptoKeys/Binaries/Win64/UE4Editor-CryptoKeys.dll (API version 3944462).
LogModuleManager: Display: Found up-to-date module file ../../../Engine/Plugins/Editor/CryptoKeys/Binaries/Win64/UE4Editor-CryptoKeysOpenSSL.dll (API version 3944462).
LogModuleManager: Display: Found up-to-date module file ../../../Engine/Plugins/Editor/DataValidation/Binaries/Win64/UE4Editor-DataValidation.dll (API version 3944462).
LogModuleManager: Display: Found up-to-date module file ../../../Engine/Plugins/Editor/FacialAnimation/Binaries/Win64/UE4Editor-FacialAnimation.dll (API version 3944462).
LogModuleManager: Display: Found up-to-date module file ../../../Engine/Plugins/Editor/FacialAnimation/Binaries/Win64/UE4Editor-FacialAnimationEditor.dll (API version 3944462).
LogModuleManager: Display: Found up-to-date module file ../../../Engine/Plugins/Editor/GameplayTagsEditor/Binaries/Win64/UE4Editor-GameplayTagsEditor.dll (API version 3944462).
LogModuleManager: Display: Found up-to-date module file ../../../Engine/Plugins/Editor/MobileLauncherProfileWizard/Binaries/Win64/UE4Editor-MobileLauncherProfileWizard.dll (API version 3944462).
LogModuleManager: Display: Found up-to-date module file ../../../Engine/Plugins/Editor/PluginBrowser/Binaries/Win64/UE4Editor-PluginBrowser.dll (API version 3944462).
LogModuleManager: Display: Found up-to-date module file ../../../Engine/Plugins/Editor/SpeedTreeImporter/Binaries/Win64/UE4Editor-SpeedTreeImporter.dll (API version 3944462).
LogModuleManager: Display: Found up-to-date module file ../../../Engine/Plugins/Enterprise/DatasmithContent/Binaries/Win64/UE4Editor-DatasmithContent.dll (API version 3944462).
LogModuleManager: Display: Found up-to-date module file ../../../Engine/Plugins/Experimental/AlembicImporter/Binaries/Win64/UE4Editor-AlembicImporter.dll (API version 3944462).
LogModuleManager: Display: Found up-to-date module file ../../../Engine/Plugins/Experimental/AlembicImporter/Binaries/Win64/UE4Editor-AlembicLibrary.dll (API version 3944462).
LogModuleManager: Display: Found up-to-date module file ../../../Engine/Plugins/Experimental/CharacterAI/Binaries/Win64/UE4Editor-CharacterAI.dll (API version 3944462).
LogModuleManager: Display: Found up-to-date module file ../../../Engine/Plugins/Experimental/HTML5Networking/Binaries/Win64/UE4Editor-HTML5Networking.dll (API version 3944462).
LogModuleManager: Display: Found up-to-date module file ../../../Engine/Plugins/Media/AndroidMedia/Binaries/Win64/UE4Editor-AndroidMediaEditor.dll (API version 3944462).
LogModuleManager: Display: Found up-to-date module file ../../../Engine/Plugins/Media/AndroidMedia/Binaries/Win64/UE4Editor-AndroidMediaFactory.dll (API version 3944462).
LogModuleManager: Display: Found up-to-date module file ../../../Engine/Plugins/Media/AvfMedia/Binaries/Win64/UE4Editor-AvfMediaEditor.dll (API version 3944462).
LogModuleManager: Display: Found up-to-date module file ../../../Engine/Plugins/Media/AvfMedia/Binaries/Win64/UE4Editor-AvfMediaFactory.dll (API version 3944462).
LogModuleManager: Display: Found up-to-date module file ../../../Engine/Plugins/Media/AvfMedia/Binaries/Win64/UE4Editor-AvfMediaFactory.dll (API version 3944462).
LogModuleManager: Display: Found up-to-date module file ../../../Engine/Plugins/Media/ImgMedia/Binaries/Win64/UE4Editor-ImgMedia.dll (API version 3944462).
LogModuleManager: Display: Found up-to-date module file ../../../Engine/Plugins/Media/ImgMedia/Binaries/Win64/UE4Editor-ImgMediaEditor.dll (API version 3944462).
LogModuleManager: Display: Found up-to-date module file ../../../Engine/Plugins/Media/ImgMedia/Binaries/Win64/UE4Editor-ImgMediaFactory.dll (API version 3944462).
LogModuleManager: Display: Found up-to-date module file ../../../Engine/Plugins/Media/ImgMedia/Binaries/Win64/UE4Editor-ImgMediaFactory.dll (API version 3944462).
LogModuleManager: Display: Found up-to-date module file ../../../Engine/Plugins/Media/ImgMedia/Binaries/Win64/UE4Editor-OpenExrWrapper.dll (API version 3944462).
LogModuleManager: Display: Found up-to-date module file ../../../Engine/Plugins/Media/LinearTimecode/Binaries/Win64/UE4Editor-LinearTimecode.dll (API version 3944462).
LogModuleManager: Display: Found up-to-date module file ../../../Engine/Plugins/Media/MediaCompositing/Binaries/Win64/UE4Editor-MediaCompositing.dll (API version 3944462).
LogModuleManager: Display: Found up-to-date module file ../../../Engine/Plugins/Media/MediaCompositing/Binaries/Win64/UE4Editor-MediaCompositingEditor.dll (API version 3944462).
LogModuleManager: Display: Found up-to-date module file ../../../Engine/Plugins/Media/MediaPlayerEditor/Binaries/Win64/UE4Editor-MediaPlayerEditor.dll (API version 3944462).
LogModuleManager: Display: Found up-to-date module file ../../../Engine/Plugins/Media/WmfMedia/Binaries/Win64/UE4Editor-WmfMedia.dll (API version 3944462).
LogModuleManager: Display: Found up-to-date module file ../../../Engine/Plugins/Media/WmfMedia/Binaries/Win64/UE4Editor-WmfMediaEditor.dll (API version 3944462).
LogModuleManager: Display: Found up-to-date module file ../../../Engine/Plugins/Media/WmfMedia/Binaries/Win64/UE4Editor-WmfMediaFactory.dll (API version 3944462).
LogModuleManager: Display: Found up-to-date module file ../../../Engine/Plugins/Media/WmfMedia/Binaries/Win64/UE4Editor-WmfMediaFactory.dll (API version 3944462).
LogModuleManager: Display: Found up-to-date module file ../../../Engine/Plugins/Messaging/TcpMessaging/Binaries/Win64/UE4Editor-TcpMessaging.dll (API version 3944462).
LogModuleManager: Display: Found up-to-date module file ../../../Engine/Plugins/Messaging/UdpMessaging/Binaries/Win64/UE4Editor-UdpMessaging.dll (API version 3944462).
LogModuleManager: Display: Found up-to-date module file ../../../Engine/Plugins/MovieScene/ActorSequence/Binaries/Win64/UE4Editor-ActorSequence.dll (API version 3944462).
LogModuleManager: Display: Found up-to-date module file ../../../Engine/Plugins/MovieScene/LevelSequenceEditor/Binaries/Win64/UE4Editor-LevelSequenceEditor.dll (API version 3944462).
LogModuleManager: Display: Found up-to-date module file ../../../Engine/Plugins/MovieScene/MatineeToLevelSequence/Binaries/Win64/UE4Editor-MatineeToLevelSequence.dll (API version 3944462).
LogModuleManager: Display: Found up-to-date module file ../../../Engine/Plugins/NetcodeUnitTest/NetcodeUnitTest/Binaries/Win64/UE4Editor-NetcodeUnitTest.dll (API version 3944462).
LogModuleManager: Display: Found up-to-date module file ../../../Engine/Plugins/NetcodeUnitTest/NUTUnrealEngine4/Binaries/Win64/UE4Editor-NUTUnrealEngine4.dll (API version 3944462).
LogModuleManager: Display: Found up-to-date module file ../../../Engine/Plugins/Runtime/AndroidPermission/Binaries/Win64/UE4Editor-AndroidPermission.dll (API version 3944462).
LogModuleManager: Display: Found up-to-date module file ../../../Engine/Plugins/Online/OnlineSubsystemNull/Binaries/Win64/UE4Editor-OnlineSubsystemNull.dll (API version 3944462).
LogModuleManager: Display: Found up-to-date module file ../../../Engine/Plugins/Runtime/AndroidDeviceProfileSelector/Binaries/Win64/UE4Editor-AndroidDeviceProfileSelector.dll (API version 3944462).
LogModuleManager: Display: Found up-to-date module file ../../../Engine/Plugins/Runtime/AppleARKit/Binaries/Win64/UE4Editor-AppleARKit.dll (API version 3944462).
LogModuleManager: Display: Found up-to-date module file ../../../Engine/Plugins/Runtime/ProceduralMeshComponent/Binaries/Win64/UE4Editor-ProceduralMeshComponent.dll (API version 3944462).
LogModuleManager: Display: Found up-to-date module file ../../../Engine/Plugins/Runtime/ProceduralMeshComponent/Binaries/Win64/UE4Editor-ProceduralMeshComponentEditor.dll (API version 3944462).
LogModuleManager: Display: Found up-to-date module file ../../../Engine/Plugins/Animation/LiveLink/Binaries/Win64/UE4Editor-LiveLink.dll (API version 3944462).
LogModuleManager: Display: Found up-to-date module file ../../../Engine/Plugins/Animation/LiveLink/Binaries/Win64/UE4Editor-LiveLinkEditor.dll (API version 3944462).
LogModuleManager: Display: Found up-to-date module file ../../../Engine/Plugins/Runtime/ArchVisCharacter/Binaries/Win64/UE4Editor-ArchVisCharacter.dll (API version 3944462).
LogModuleManager: Display: Found up-to-date module file ../../../Engine/Plugins/Runtime/AudioCapture/Binaries/Win64/UE4Editor-AudioCapture.dll (API version 3944462).
LogModuleManager: Display: Found up-to-date module file ../../../Engine/Plugins/Runtime/AudioCapture/Binaries/Win64/UE4Editor-AudioCaptureEditor.dll (API version 3944462).
LogModuleManager: Display: Found up-to-date module file ../../../Engine/Plugins/Runtime/CableComponent/Binaries/Win64/UE4Editor-CableComponent.dll (API version 3944462).
LogModuleManager: Display: Found up-to-date module file ../../../Engine/Plugins/Runtime/CustomMeshComponent/Binaries/Win64/UE4Editor-CustomMeshComponent.dll (API version 3944462).
LogModuleManager: Display: Found up-to-date module file ../../../Engine/Plugins/Runtime/ExampleDeviceProfileSelector/Binaries/Win64/UE4Editor-ExampleDeviceProfileSelector.dll (API version 3944462).
LogModuleManager: Display: Found up-to-date module file ../../../Engine/Plugins/Runtime/ImmediatePhysics/Binaries/Win64/UE4Editor-ImmediatePhysics.dll (API version 3944462).
LogModuleManager: Display: Found up-to-date module file ../../../Engine/Plugins/Runtime/ImmediatePhysics/Binaries/Win64/UE4Editor-ImmediatePhysicsEditor.dll (API version 3944462).
LogModuleManager: Display: Found up-to-date module file ../../../Engine/Plugins/Runtime/LocationServicesBPLibrary/Binaries/Win64/UE4Editor-LocationServicesBPLibrary.dll (API version 3944462).
LogModuleManager: Display: Found up-to-date module file ../../../Engine/Plugins/Runtime/MobilePatchingUtils/Binaries/Win64/UE4Editor-MobilePatchingUtils.dll (API version 3944462).
LogModuleManager: Display: Found up-to-date module file ../../../Engine/Plugins/Runtime/Oculus/OculusVR/Binaries/Win64/UE4Editor-OculusHMD.dll (API version 3944462).
LogModuleManager: Display: Found up-to-date module file ../../../Engine/Plugins/Runtime/Oculus/OculusVR/Binaries/Win64/UE4Editor-OculusInput.dll (API version 3944462).
LogModuleManager: Display: Found up-to-date module file ../../../Engine/Plugins/Runtime/Oculus/OculusVR/Binaries/Win64/UE4Editor-OculusEditor.dll (API version 3944462).
LogModuleManager: Display: Found up-to-date module file ../../../Engine/Plugins/Runtime/PhysXVehicles/Binaries/Win64/UE4Editor-PhysXVehicles.dll (API version 3944462).
LogModuleManager: Display: Found up-to-date module file ../../../Engine/Plugins/Runtime/PhysXVehicles/Binaries/Win64/UE4Editor-PhysXVehiclesEditor.dll (API version 3944462).
LogModuleManager: Display: Found up-to-date module file ../../../Engine/Plugins/Runtime/RuntimePhysXCooking/Binaries/Win64/UE4Editor-RuntimePhysXCooking.dll (API version 3944462).
LogModuleManager: Display: Found up-to-date module file ../../../Engine/Plugins/Runtime/Steam/SteamVR/Binaries/Win64/UE4Editor-SteamVR.dll (API version 3944462).
LogModuleManager: Display: Found up-to-date module file ../../../Engine/Plugins/Runtime/Steam/SteamVR/Binaries/Win64/UE4Editor-SteamVRController.dll (API version 3944462).
LogModuleManager: Display: Found up-to-date module file ../../../Engine/Plugins/Runtime/WindowsMoviePlayer/Binaries/Win64/UE4Editor-WindowsMoviePlayer.dll (API version 3944462).
LogPluginManager: Mounting plugin Paper2D
LogPluginManager: Mounting plugin LiveLink
LogPluginManager: Mounting plugin LightPropagationVolume
LogPluginManager: Mounting plugin CLionSourceCodeAccess
LogPluginManager: Mounting plugin CodeLiteSourceCodeAccess
LogPluginManager: Mounting plugin GitSourceControl
LogPluginManager: Mounting plugin KDevelopSourceCodeAccess
LogPluginManager: Mounting plugin NullSourceCodeAccess
LogPluginManager: Mounting plugin PerforceSourceControl
LogPluginManager: Mounting plugin SubversionSourceControl
LogPluginManager: Mounting plugin UObjectPlugin
LogPluginManager: Mounting plugin VisualStudioCodeSourceCodeAccess
LogPluginManager: Mounting plugin VisualStudioSourceCodeAccess
LogPluginManager: Mounting plugin XCodeSourceCodeAccess
LogPluginManager: Mounting plugin AssetManagerEditor
LogPluginManager: Mounting plugin CryptoKeys
LogPluginManager: Mounting plugin DataValidation
LogPluginManager: Mounting plugin FacialAnimation
LogPluginManager: Mounting plugin GameplayTagsEditor
LogPluginManager: Mounting plugin MobileLauncherProfileWizard
LogPluginManager: Mounting plugin PluginBrowser
LogPluginManager: Mounting plugin SpeedTreeImporter
LogPluginManager: Mounting plugin DatasmithContent
LogPluginManager: Mounting plugin AlembicImporter
LogPluginManager: Mounting plugin CharacterAI
LogPluginManager: Mounting plugin HTML5Networking
LogPluginManager: Mounting plugin AndroidMedia
LogPluginManager: Mounting plugin AvfMedia
LogPluginManager: Mounting plugin ImgMedia
LogPluginManager: Mounting plugin LinearTimecode
LogPluginManager: Mounting plugin MediaCompositing
LogPluginManager: Mounting plugin MediaPlayerEditor
LogPluginManager: Mounting plugin WmfMedia
LogPluginManager: Mounting plugin TcpMessaging
LogPluginManager: Mounting plugin UdpMessaging
LogPluginManager: Mounting plugin ActorSequence
LogPluginManager: Mounting plugin LevelSequenceEditor
LogPluginManager: Mounting plugin MatineeToLevelSequence
LogPluginManager: Mounting plugin NetcodeUnitTest
LogPluginManager: Mounting plugin NUTUnrealEngine4
LogPluginManager: Mounting plugin OnlineSubsystemGooglePlay
LogPluginManager: Mounting plugin OnlineSubsystemIOS
LogPluginManager: Mounting plugin OnlineSubsystem
LogPluginManager: Mounting plugin OnlineSubsystemNull
LogPluginManager: Mounting plugin OnlineSubsystemSteam
LogPluginManager: Mounting plugin OnlineSubsystemUtils
LogPluginManager: Mounting plugin AndroidDeviceProfileSelector
LogPluginManager: Mounting plugin AndroidMoviePlayer
LogPluginManager: Mounting plugin AndroidPermission
LogPluginManager: Mounting plugin AppleARKit
LogPluginManager: Mounting plugin AppleMoviePlayer
LogPluginManager: Mounting plugin ArchVisCharacter
LogPluginManager: Mounting plugin AudioCapture
LogPluginManager: Mounting plugin CableComponent
LogPluginManager: Mounting plugin CustomMeshComponent
LogPluginManager: Mounting plugin ExampleDeviceProfileSelector
LogPluginManager: Mounting plugin GoogleCloudMessaging
LogPluginManager: Mounting plugin ImmediatePhysics
LogPluginManager: Mounting plugin IOSDeviceProfileSelector
LogPluginManager: Mounting plugin LinuxDeviceProfileSelector
LogPluginManager: Mounting plugin LocationServicesBPLibrary
LogPluginManager: Mounting plugin MobilePatchingUtils
LogPluginManager: Mounting plugin OculusVR
LogPluginManager: Plugin shader directory ../../../Engine/Plugins/Runtime/Oculus/OculusVR/Shaders found
LogPluginManager: Mapping shader source directory ../../../Engine/Plugins/Runtime/Oculus/OculusVR/Shaders to virtual directory /Plugin/OculusVR
LogPluginManager: Mounting plugin PhysXVehicles
LogPluginManager: Mounting plugin ProceduralMeshComponent
LogPluginManager: Mounting plugin RuntimePhysXCooking
LogPluginManager: Mounting plugin SteamVR
LogPluginManager: Mounting plugin WindowsMoviePlayer
LogStreaming: Display: Took  4.260s to configure plugins.
LogInit: Using libcurl 7.47.1
LogInit:  - built for x86_64-pc-win32
LogInit:  - supports SSL with OpenSSL/1.0.2g
LogInit:  - supports HTTP deflate (compression) using libz 1.2.8
LogInit:  - other features:
LogInit:      CURL_VERSION_SSL
LogInit:      CURL_VERSION_LIBZ
LogInit:      CURL_VERSION_IPV6
LogInit:      CURL_VERSION_ASYNCHDNS
LogInit:      CURL_VERSION_LARGEFILE
LogInit:      CURL_VERSION_IDN
LogInit:  CurlRequestOptions (configurable via config and command line):
LogInit:  - bVerifyPeer = false  - Libcurl will NOT verify peer certificate
LogInit:  - bUseHttpProxy = false  - Libcurl will NOT use HTTP proxy
LogInit:  - bDontReuseConnections = false  - Libcurl will reuse connections
LogInit:  - CertBundlePath = nullptr  - Libcurl will use whatever was configured at build time.
LogInit:  - MaxHostConnections = 16  - Libcurl will limit the number of connections to a host
LogInit:  - LocalHostAddr = Default
LogOnline: Display: STEAM: Loading Steam SDK 1.39
LogOnline: Warning: STEAM: Steam API disabled!
LogOnline: Display: STEAM: OnlineSubsystemSteam::Shutdown()
LogInit: WinSock: version 1.1 (2.2), MaxSocks=32767, MaxUdp=65467
LogInit: WinSock: I am Q6600 (192.168.1.42:0)
LogInit: Build: ++UE4+Release-4.19-CL-4033788
LogInit: Engine Version: 4.19.2-4033788+++UE4+Release-4.19
LogInit: Compatible Engine Version: 4.19.0-3944462+++UE4+Release-4.19
LogInit: Net CL: 3944462
LogDevObjectVersion: Number of dev versions registered: 18
LogDevObjectVersion:   Dev-Blueprints (B0D832E4-1F89-4F0D-ACCF-7EB736FD4AA2): 10
LogDevObjectVersion:   Dev-Build (E1C64328-A22C-4D53-A36C-8E866417BD8C): 0
LogDevObjectVersion:   Dev-Core (375EC13C-06E4-48FB-B500-84F0262A717E): 2
LogDevObjectVersion:   Dev-Editor (E4B068ED-F494-42E9-A231-DA0B2E46BB41): 23
LogDevObjectVersion:   Dev-Framework (CFFC743F-43B0-4480-9391-14DF171D2073): 33
LogDevObjectVersion:   Dev-Mobile (B02B49B5-BB20-44E9-A304-32B752E40360): 2
LogDevObjectVersion:   Dev-Networking (A4E4105C-59A1-49B5-A7C5-40C4547EDFEE): 0
LogDevObjectVersion:   Dev-Online (39C831C9-5AE6-47DC-9A44-9C173E1C8E7C): 0
LogDevObjectVersion:   Dev-Physics (78F01B33-EBEA-4F98-B9B4-84EACCB95AA2): 0
LogDevObjectVersion:   Dev-Platform (6631380F-2D4D-43E0-8009-CF276956A95A): 0
LogDevObjectVersion:   Dev-Rendering (12F88B9F-8875-4AFC-A67C-D90C383ABD29): 25
LogDevObjectVersion:   Dev-Sequencer (7B5AE74C-D270-4C10-A958-57980B212A5A): 6
LogDevObjectVersion:   Dev-VR (D7296918-1DD6-4BDD-9DE2-64A83CC13884): 1
LogDevObjectVersion:   Dev-LoadTimes (C2A15278-BFE7-4AFE-6C17-90FF531DF755): 1
LogDevObjectVersion:   Private-Geometry (6EACA3D4-40EC-4CC1-B786-8BED09428FC5): 2
LogDevObjectVersion:   Dev-AnimPhys (29E575DD-E0A3-4627-9D10-D276232CDCEA): 16
LogDevObjectVersion:   Dev-ReflectionCapture (6B266CEC-1EC7-4B8F-A30B-E4D90942FC07): 1
LogDevObjectVersion:   Dev-Automation (0DF73D61-A23F-47EA-B727-89E90C41499A): 1
LogInit: Compiled (64-bit): Apr 27 2018 02:06:57
LogInit: Compiled with Visual C++: 19.00.24215.01
LogInit: Build Configuration: Development
LogInit: Branch Name: ++UE4+Release-4.19
LogInit: Command Line:  /Game/Maps/MainMenu?Listen -game -PIEVIACONSOLE -ResX=640 -ResY=480  -Multiprocess -messaging -SessionName="Play in Standalone Game" -port=17777 -windowed GameUserSettingsINI="F:/Juegos/UE_Projects/FPBG/Saved/Config/Windows/PIEGameUserSettings0.ini" -MultiprocessSaveConfig  -MultiprocessOSS WinX=8 WinY=550 SAVEWINPOS=1
LogInit: Base Directory: F:/Juegos/UE_4.19/Engine/Binaries/Win64/
LogInit: Installed Engine Build: 1
LogStreaming: Display: Took  0.007s to delete old logs.
LogInit: Presizing for max 8388607 objects, including 0 objects not considered by GC, pre-allocating 0 bytes for permanent pool.
LogInit: Object subsystem initialized
[2018.07.27-21.03.37:189][  0]LogInit: Selected Device Profile: [Windows]
[2018.07.27-21.03.37:189][  0]LogInit: Applying CVar settings loaded from the selected device profile: [Windows]
[2018.07.27-21.03.37:201][  0]LogInit: Computer: Q6600
[2018.07.27-21.03.37:201][  0]LogInit: User: bitt3rman
[2018.07.27-21.03.37:201][  0]LogInit: CPU Page size=4096, Cores=4
[2018.07.27-21.03.37:202][  0]LogInit: High frequency timer resolution =2.343833 MHz
[2018.07.27-21.03.37:202][  0]LogMemory: Memory total: Physical=8.0GB (8GB approx)
[2018.07.27-21.03.37:202][  0]LogMemory: Platform Memory Stats for Windows
[2018.07.27-21.03.37:202][  0]LogMemory: Process Physical Memory: 274.85 MB used, 274.85 MB peak
[2018.07.27-21.03.37:202][  0]LogMemory: Process Virtual Memory: 270.14 MB used, 270.14 MB peak
[2018.07.27-21.03.37:202][  0]LogMemory: Physical Memory: 5763.98 MB used,  2426.50 MB free, 8190.49 MB total
[2018.07.27-21.03.37:202][  0]LogMemory: Virtual Memory: 4776.43 MB used,  2426.50 MB free, 134217728.00 MB total
[2018.07.27-21.03.37:253][  0]LogInit: Using OS detected language (es-ES).
[2018.07.27-21.03.37:253][  0]LogInit: Using OS detected locale (es-ES).
[2018.07.27-21.03.37:253][  0]LogTextLocalizationManager: No localization for 'es-ES' exists, so 'en' will be used for the language.
[2018.07.27-21.03.37:253][  0]LogTextLocalizationManager: No localization for 'es-ES' exists, so 'en' will be used for the locale.
[2018.07.27-21.03.38:329][  0]LogStreaming: Display: Took  1.076s to EndInitTextLocalization.
[2018.07.27-21.03.38:391][  0]LogSlate: New Slate User Created.  User Index 0, Is Virtual User: 0
[2018.07.27-21.03.38:391][  0]LogSlate: Slate User Registered.  User Index 0, Is Virtual User: 0
[2018.07.27-21.03.38:397][  0]LogD3D11RHI: D3D11 adapters:
[2018.07.27-21.03.38:508][  0]LogD3D11RHI:    0. 'NVIDIA GeForce GT 730' (Feature Level 11_0)
[2018.07.27-21.03.38:509][  0]LogD3D11RHI:       2018/0/4095 MB DedicatedVideo/DedicatedSystem/SharedSystem, Outputs:1, VendorId:0x10de
[2018.07.27-21.03.38:515][  0]LogD3D11RHI:    1. 'Microsoft Basic Render Driver' (Feature Level 11_0)
[2018.07.27-21.03.38:515][  0]LogD3D11RHI:       0/0/4095 MB DedicatedVideo/DedicatedSystem/SharedSystem, Outputs:0, VendorId:0x1414
[2018.07.27-21.03.38:515][  0]LogD3D11RHI: Chosen D3D11 Adapter: 0
[2018.07.27-21.03.38:537][  0]LogD3D11RHI: Creating new Direct3DDevice
[2018.07.27-21.03.38:538][  0]LogD3D11RHI:     GPU DeviceId: 0x1287 (for the marketing name, search the web for "GPU Device Id")
[2018.07.27-21.03.38:538][  0]LogWindows: EnumDisplayDevices:
[2018.07.27-21.03.38:538][  0]LogWindows:    0. 'NVIDIA GeForce GT 730' (P:1 D:1)
[2018.07.27-21.03.38:539][  0]LogWindows:    1. 'NVIDIA GeForce GT 730' (P:0 D:0)
[2018.07.27-21.03.38:539][  0]LogWindows:    2. 'NVIDIA GeForce GT 730' (P:0 D:0)
[2018.07.27-21.03.38:539][  0]LogWindows: DebugString: GetVideoDriverDetailsInvalid PrimaryIsNotTheChoosenAdapter GetVideoDriverDetailsInvalid PrimaryIsNotTheChoosenAdapter GetVideoDriverDetailsInvalid PrimaryIsNotTheChoosenAdapter FoundDriverCount:0 
[2018.07.27-21.03.38:539][  0]LogD3D11RHI:     Adapter Name: NVIDIA GeForce GT 730
[2018.07.27-21.03.38:539][  0]LogD3D11RHI:   Driver Version: Unknown (internal:Unknown, unified:Unknown)
[2018.07.27-21.03.38:540][  0]LogD3D11RHI:      Driver Date: Unknown
[2018.07.27-21.03.38:540][  0]LogRHI: Texture pool is 1413 MB (70% of 2018 MB)
[2018.07.27-21.03.38:619][  0]LogD3D11RHI: [Aftermath] Aftermath enabled but failed to initialize
[2018.07.27-21.03.38:619][  0]LogD3D11RHI: [Aftermath] Aftermath enabled and primed
[2018.07.27-21.03.38:619][  0]LogD3D11RHI: Async texture creation enabled
[2018.07.27-21.03.38:639][  0]LogD3D11RHI: GPU Timing Frequency: 1000.000000 (Debug: 2 1)
[2018.07.27-21.03.38:644][  0]LogShaderCompilers: Guid format shader working directory is 22 characters bigger than the processId version (../../../../UE_Projects/FPBG/Intermediate/Shaders/WorkingDirectory/6440/).
[2018.07.27-21.03.38:645][  0]LogShaderCompilers: Cleaned the shader compiler working directory 'C:/Users/bitt3rman/AppData/Local/Temp/UnrealShaderWorkingDir/5A252EE3445E7DFB5F05B29E5AD98266/'.
[2018.07.27-21.03.39:485][  0]LogTemp: Display: Loaded TP WindowsClientTargetPlatform
[2018.07.27-21.03.39:531][  0]LogTemp: Display: Loaded TP WindowsNoEditorTargetPlatform
[2018.07.27-21.03.39:575][  0]LogTemp: Display: Loaded TP WindowsServerTargetPlatform
[2018.07.27-21.03.39:622][  0]LogTemp: Display: Loaded TP WindowsTargetPlatform
[2018.07.27-21.03.39:622][  0]LogTargetPlatformManager: Display: Building Assets For Windows
[2018.07.27-21.03.40:056][  0]LogXGEController: Cannot use XGE Controller as Incredibuild is not installed on this machine.
[2018.07.27-21.03.40:056][  0]LogShaderCompilers: Cannot use XGE Shader Compiler as Incredibuild is not installed on this machine.
[2018.07.27-21.03.40:056][  0]LogShaderCompilers: Display: Using Local Shader Compiler.
[2018.07.27-21.03.42:798][  0]LogDerivedDataCache: Display: Max Cache Size: 512 MB
[2018.07.27-21.03.43:342][  0]LogDerivedDataCache: Loaded boot cache 0.54s 74MB C:/Users/bitt3rman/AppData/Local/UnrealEngine/4.19/DerivedDataCache/Boot.ddc.
[2018.07.27-21.03.43:342][  0]LogDerivedDataCache: Display: Loaded Boot cache: C:/Users/bitt3rman/AppData/Local/UnrealEngine/4.19/DerivedDataCache/Boot.ddc
[2018.07.27-21.03.43:342][  0]LogDerivedDataCache: FDerivedDataBackendGraph:  Pak pak cache file ../../../../UE_Projects/FPBG/DerivedDataCache/DDC.ddp not found, will not use a pak cache.
[2018.07.27-21.03.43:343][  0]LogDerivedDataCache: Unable to find inner node Pak for hierarchical cache Hierarchy.
[2018.07.27-21.03.43:343][  0]LogDerivedDataCache: FDerivedDataBackendGraph:  CompressedPak pak cache file ../../../../UE_Projects/FPBG/DerivedDataCache/Compressed.ddp not found, will not use a pak cache.
[2018.07.27-21.03.43:343][  0]LogDerivedDataCache: Unable to find inner node CompressedPak for hierarchical cache Hierarchy.
[2018.07.27-21.03.43:386][  0]LogDerivedDataCache: Display: Pak cache opened for reading ../../../Engine/DerivedDataCache/Compressed.ddp.
[2018.07.27-21.03.43:408][  0]LogDerivedDataCache: Using Local data cache path C:/Users/bitt3rman/AppData/Local/UnrealEngine/Common/DerivedDataCache: Writable
[2018.07.27-21.03.43:408][  0]LogDerivedDataCache: Shared data cache path not found in *engine.ini, will not use an Shared cache.
[2018.07.27-21.03.43:408][  0]LogDerivedDataCache: Unable to find inner node Shared for hierarchical cache Hierarchy.
[2018.07.27-21.03.43:459][  0]LogMaterial: Verifying Global Shaders for PCD3D_SM5
[2018.07.27-21.03.43:460][  0]LogSlate: Using Freetype 2.6.0
[2018.07.27-21.03.43:463][  0]LogSlate: SlateFontCache - WITH_FREETYPE: 1, WITH_HARFBUZZ: 1
[2018.07.27-21.03.43:463][  0]LogSlate: SlateFontCache - WITH_FREETYPE: 1, WITH_HARFBUZZ: 1
[2018.07.27-21.03.44:107][  0]LogAssetRegistry: FAssetRegistry took 0.0215 seconds to start up
[2018.07.27-21.03.44:848][  0]LogPackageLocalizationCache: Processed 9 localized package path(s) for 1 prioritized culture(s) in 0.045352 seconds
[2018.07.27-21.03.45:160][  0]LogInit: Selected Device Profile: [Windows]
[2018.07.27-21.03.45:579][  0]LogSimplygon: Simplygon DLL not present - disabling.
[2018.07.27-21.03.45:585][  0]LogMeshReduction: Using SimplygonSwarm for distributed automatic mesh merging
[2018.07.27-21.03.45:585][  0]LogMeshReduction: Using QuadricMeshReduction for automatic static mesh reduction
[2018.07.27-21.03.45:585][  0]LogMeshReduction: No automatic skeletal mesh reduction module available
[2018.07.27-21.03.45:585][  0]LogMeshReduction: No automatic mesh merging module available
[2018.07.27-21.03.45:585][  0]LogMeshMerging: No automatic mesh merging module available
[2018.07.27-21.03.45:721][  0]LogNetVersion: FPBG , NetCL: 3944462, EngineNetVer: 2, GameNetVer: 0 (Checksum: 1413110598)
[2018.07.27-21.03.47:599][  0]LogMoviePlayer: Initializing movie player
[2018.07.27-21.03.49:093][  0]LogTcpMessaging: Initializing TcpMessaging bridge
[2018.07.27-21.03.49:318][  0]LogUdpMessaging: Initializing bridge on interface 0.0.0.0:0 to multicast group 230.0.0.1:6666.
[2018.07.27-21.03.50:529][  0]SourceControl: Source control is disabled
[2018.07.27-21.03.50:529][  0]SourceControl: Source control is disabled
[2018.07.27-21.03.50:648][  0]SourceControl: Source control is disabled
[2018.07.27-21.03.52:041][  0]LogAndroidPermission: UAndroidPermissionCallbackProxy::GetInstance
[2018.07.27-21.03.52:805][  0]LogOcInput: OculusInput pre-init called
[2018.07.27-21.03.52:995][  0]LogUObjectArray: 40131 objects as part of root set at end of initial load.
[2018.07.27-21.03.52:995][  0]LogUObjectAllocator: 8578472 out of 0 bytes used by permanent object pool.
[2018.07.27-21.03.52:995][  0]LogUObjectArray: CloseDisregardForGC: 0/0 objects in disregard for GC pool
[2018.07.27-21.03.53:111][  0]LogEngine: Initializing Engine...
[2018.07.27-21.03.53:115][  0]LogHMD: Failed to initialize OpenVR with code 110
[2018.07.27-21.03.53:131][  0]LogStats: UGameplayTagsManager::ConstructGameplayTagTree: Construct from data asset -  0.000 s
[2018.07.27-21.03.53:131][  0]LogStats: UGameplayTagsManager::ConstructGameplayTagTree: GameplayTagTreeChangedEvent.Broadcast -  0.000 s
[2018.07.27-21.03.53:777][  0]LogInit: XAudio2 using 'Speakers (High Definition Audio Device)' : 2 channels at 48 kHz using 16 bits per sample (channel mask 0x3)
[2018.07.27-21.03.53:841][  0]LogInit: FAudioDevice initialized.
[2018.07.27-21.03.53:965][  0]LogInit: Texture streaming: Enabled
[2018.07.27-21.03.54:284][  0]LogUObjectGlobals: Created PersistentFrame Addr=0x000001ae6e46ae80, Size=632, Default__GameInfoInstance_C Function /Game/Blueprints/AllLevels/GameInfoInstance.GameInfoInstance_C:ExecuteUbergraph_GameInfoInstance
[2018.07.27-21.03.54:297][  0]LogUObjectGlobals: Created PersistentFrame Addr=0x000001ae65c3d648, Size=40, Default__ErrorDialog_C Function /Game/UI/MainMenu/ErrorDialog.ErrorDialog_C:ExecuteUbergraph_ErrorDialog
[2018.07.27-21.03.54:318][  0]LogUObjectGlobals: Created PersistentFrame Addr=0x000001ae6e4e1c00, Size=96, Default__HostMenu_C Function /Game/UI/MainMenu/HostMenu.HostMenu_C:ExecuteUbergraph_HostMenu
[2018.07.27-21.03.54:331][  0]LogUObjectGlobals: Created PersistentFrame Addr=0x000001ae6e42b080, Size=64, Default__MainMenu_C Function /Game/UI/MainMenu/MainMenu.MainMenu_C:ExecuteUbergraph_MainMenu
[2018.07.27-21.03.54:383][  0]LogUObjectGlobals: Created PersistentFrame Addr=0x000001ae6e41eb70, Size=104, Default__OptionsMenu_C Function /Game/UI/MainMenu/OptionsMenu.OptionsMenu_C:ExecuteUbergraph_OptionsMenu
[2018.07.27-21.03.54:399][  0]LogUObjectGlobals: Created PersistentFrame Addr=0x000001ae6e3e3100, Size=608, Default__ServerMenu_C Function /Game/UI/MainMenu/ServerMenu.ServerMenu_C:ExecuteUbergraph_ServerMenu
[2018.07.27-21.03.54:525][  0]LogUObjectGlobals: Destroyed PersistentFrame Addr=0x000001ae6e46ae80, Size=632
[2018.07.27-21.03.54:525][  0]LogUObjectGlobals: Created PersistentFrame Addr=0x000001ae6e40b380, Size=632, Default__GameInfoInstance_C Function /Engine/Transient.REINST_GameInfoInstance_C_2:ExecuteUbergraph_GameInfoInstance
[2018.07.27-21.03.54:525][  0]LogUObjectGlobals: Destroyed PersistentFrame Addr=0x000001ae65c3d648, Size=40
[2018.07.27-21.03.54:525][  0]LogUObjectGlobals: Created PersistentFrame Addr=0x000001ae6f0b2098, Size=40, Default__ErrorDialog_C Function /Engine/Transient.REINST_ErrorDialog_C_0:ExecuteUbergraph_ErrorDialog
[2018.07.27-21.03.54:527][  0]LogUObjectGlobals: Destroyed PersistentFrame Addr=0x000001ae6e4e1c00, Size=96
[2018.07.27-21.03.54:527][  0]LogUObjectGlobals: Created PersistentFrame Addr=0x000001ae6ef7fee0, Size=96, Default__HostMenu_C Function /Engine/Transient.REINST_HostMenu_C_1:ExecuteUbergraph_HostMenu
[2018.07.27-21.03.54:527][  0]LogUObjectGlobals: Destroyed PersistentFrame Addr=0x000001ae6e42b080, Size=64
[2018.07.27-21.03.54:527][  0]LogUObjectGlobals: Created PersistentFrame Addr=0x000001ae6efe51c0, Size=64, Default__MainMenu_C Function /Engine/Transient.REINST_MainMenu_C_3:ExecuteUbergraph_MainMenu
[2018.07.27-21.03.54:528][  0]LogUObjectGlobals: Destroyed PersistentFrame Addr=0x000001ae6e41eb70, Size=104
[2018.07.27-21.03.54:528][  0]LogUObjectGlobals: Created PersistentFrame Addr=0x000001ae6f0041e0, Size=104, Default__OptionsMenu_C Function /Engine/Transient.REINST_OptionsMenu_C_4:ExecuteUbergraph_OptionsMenu
[2018.07.27-21.03.54:529][  0]LogUObjectGlobals: Destroyed PersistentFrame Addr=0x000001ae6e3e3100, Size=608
[2018.07.27-21.03.54:529][  0]LogUObjectGlobals: Created PersistentFrame Addr=0x000001ae6e40ae80, Size=608, Default__ServerMenu_C Function /Engine/Transient.REINST_ServerMenu_C_5:ExecuteUbergraph_ServerMenu
[2018.07.27-21.03.54:618][  0]LogUObjectGlobals: Created PersistentFrame Addr=0x000001ae6ecf7d80, Size=632, Default__GameInfoInstance_C Function /Game/Blueprints/AllLevels/GameInfoInstance.GameInfoInstance_C:ExecuteUbergraph_GameInfoInstance
[2018.07.27-21.03.54:622][  0]LogUObjectGlobals: Created PersistentFrame Addr=0x000001ae6f0b2980, Size=40, Default__ErrorDialog_C Function /Game/UI/MainMenu/ErrorDialog.ErrorDialog_C:ExecuteUbergraph_ErrorDialog
[2018.07.27-21.03.54:627][  0]LogUObjectGlobals: Created PersistentFrame Addr=0x000001ae6edccca0, Size=96, Default__HostMenu_C Function /Game/UI/MainMenu/HostMenu.HostMenu_C:ExecuteUbergraph_HostMenu
[2018.07.27-21.03.54:631][  0]LogUObjectGlobals: Created PersistentFrame Addr=0x000001ae6ec97f58, Size=56, Default__MainMenu_C Function /Game/UI/MainMenu/MainMenu.MainMenu_C:ExecuteUbergraph_MainMenu
[2018.07.27-21.03.54:636][  0]LogUObjectGlobals: Created PersistentFrame Addr=0x000001ae6ec810c0, Size=104, Default__OptionsMenu_C Function /Game/UI/MainMenu/OptionsMenu.OptionsMenu_C:ExecuteUbergraph_OptionsMenu
[2018.07.27-21.03.54:645][  0]LogUObjectGlobals: Created PersistentFrame Addr=0x000001ae6ecf5800, Size=592, Default__ServerMenu_C Function /Game/UI/MainMenu/ServerMenu.ServerMenu_C:ExecuteUbergraph_ServerMenu
[2018.07.27-21.03.54:720][  0]LogInit: Display: Game Engine Initialized.
[2018.07.27-21.03.54:720][  0]LogGameplayTags: Display: UGameplayTagsManager::DoneAddingNativeTags. DelegateIsBound: 0
[2018.07.27-21.03.54:720][  0]LogStats: UGameplayTagsManager::ConstructGameplayTagTree: Construct from data asset -  0.000 s
[2018.07.27-21.03.54:721][  0]LogStats: UGameplayTagsManager::ConstructGameplayTagTree: GameplayTagTreeChangedEvent.Broadcast -  0.000 s
[2018.07.27-21.03.55:222][  0]LogInit: Display: Starting Game.
[2018.07.27-21.03.55:222][  0]LogNet: Browse: /Game/Maps/MainMenu?Name=Player?Listen
[2018.07.27-21.03.55:222][  0]LogLoad: LoadMap: /Game/Maps/MainMenu?Name=Player?Listen
[2018.07.27-21.03.55:256][  0]LogUObjectGlobals: Destroyed PersistentFrame Addr=0x000001ae6e40b380, Size=632
[2018.07.27-21.03.55:256][  0]LogUObjectGlobals: Destroyed PersistentFrame Addr=0x000001ae6f0b2098, Size=40
[2018.07.27-21.03.55:256][  0]LogUObjectGlobals: Destroyed PersistentFrame Addr=0x000001ae6ef7fee0, Size=96
[2018.07.27-21.03.55:256][  0]LogUObjectGlobals: Destroyed PersistentFrame Addr=0x000001ae6efe51c0, Size=64
[2018.07.27-21.03.55:256][  0]LogUObjectGlobals: Destroyed PersistentFrame Addr=0x000001ae6f0041e0, Size=104
[2018.07.27-21.03.55:257][  0]LogUObjectGlobals: Destroyed PersistentFrame Addr=0x000001ae6e40ae80, Size=608
[2018.07.27-21.03.55:265][  0]LogUObjectGlobals: Created PersistentFrame Addr=0x000001ae6ecc43e0, Size=32, Default__MainMenu_C Function /Game/Maps/MainMenu.MainMenu_C:ExecuteUbergraph_MainMenu
[2018.07.27-21.03.55:267][  0]LogUObjectGlobals: Destroyed PersistentFrame Addr=0x000001ae6ecc43e0, Size=32
[2018.07.27-21.03.55:267][  0]LogUObjectGlobals: Created PersistentFrame Addr=0x000001ae6ecc43e0, Size=32, Default__MainMenu_C Function /Engine/Transient.REINST_MainMenu_C_13:ExecuteUbergraph_MainMenu
[2018.07.27-21.03.55:269][  0]LogUObjectGlobals: Created PersistentFrame Addr=0x000001ae6ecc5920, Size=32, Default__MainMenu_C Function /Game/Maps/MainMenu.MainMenu_C:ExecuteUbergraph_MainMenu
[2018.07.27-21.03.55:297][  0]LogAIModule: Creating AISystem for world MainMenu
[2018.07.27-21.03.55:335][  0]LogUObjectGlobals: Created PersistentFrame Addr=0x000001ae6f014100, Size=688, Default__FirstPersonCharacter_C Function /Game/FirstPersonBP/Blueprints/FirstPersonCharacter.FirstPersonCharacter_C:ExecuteUbergraph_FirstPersonCharacter
[2018.07.27-21.03.55:341][  0]LogUObjectGlobals: Created PersistentFrame Addr=0x000001ae6ecd0400, Size=256, Default__FirstPersonProjectile_C Function /Game/FirstPersonBP/Blueprints/FirstPersonProjectile.FirstPersonProjectile_C:ExecuteUbergraph_FirstPersonProjectile
[2018.07.27-21.03.55:373][  0]LogUObjectGlobals: Created PersistentFrame Addr=0x000001ae6eedf330, Size=72, Default__FirstPerson_AnimBP_C Function /Game/FirstPerson/Animations/FirstPerson_AnimBP.FirstPerson_AnimBP_C:ExecuteUbergraph_FirstPerson_AnimBP
[2018.07.27-21.03.55:453][  0]LogUObjectGlobals: Created PersistentFrame Addr=0x000001ae6ec95fa0, Size=52, Default__FirstPersonHUD_C Function /Game/FirstPersonBP/Blueprints/FirstPersonHUD.FirstPersonHUD_C:ExecuteUbergraph_FirstPersonHUD
[2018.07.27-21.03.55:476][  0]LogUObjectGlobals: Destroyed PersistentFrame Addr=0x000001ae6eedf330, Size=72
[2018.07.27-21.03.55:476][  0]LogUObjectGlobals: Created PersistentFrame Addr=0x000001ae6ee830b0, Size=72, Default__FirstPerson_AnimBP_C Function /Engine/Transient.REINST_FirstPerson_AnimBP_C_0:ExecuteUbergraph_FirstPerson_AnimBP
[2018.07.27-21.03.55:478][  0]LogUObjectGlobals: Destroyed PersistentFrame Addr=0x000001ae6ecd0400, Size=256
[2018.07.27-21.03.55:478][  0]LogUObjectGlobals: Created PersistentFrame Addr=0x000001ae6ec9f700, Size=256, Default__FirstPersonProjectile_C Function /Engine/Transient.REINST_FirstPersonProjectile_C_15:ExecuteUbergraph_FirstPersonProjectile
[2018.07.27-21.03.55:479][  0]LogUObjectGlobals: Destroyed PersistentFrame Addr=0x000001ae6ec95fa0, Size=52
[2018.07.27-21.03.55:479][  0]LogUObjectGlobals: Created PersistentFrame Addr=0x000001ae6ec95fa0, Size=52, Default__FirstPersonHUD_C Function /Engine/Transient.REINST_FirstPersonHUD_C_16:ExecuteUbergraph_FirstPersonHUD
[2018.07.27-21.03.55:481][  0]LogUObjectGlobals: Destroyed PersistentFrame Addr=0x000001ae6f014100, Size=688
[2018.07.27-21.03.55:481][  0]LogUObjectGlobals: Created PersistentFrame Addr=0x000001ae6f0f7d00, Size=688, Default__FirstPersonCharacter_C Function /Engine/Transient.REINST_FirstPersonCharacter_C_17:ExecuteUbergraph_FirstPersonCharacter
[2018.07.27-21.03.55:532][  0]LogUObjectGlobals: Created PersistentFrame Addr=0x000001ae6ed0d780, Size=64, Default__FirstPerson_AnimBP_C Function /Game/FirstPerson/Animations/FirstPerson_AnimBP.FirstPerson_AnimBP_C:ExecuteUbergraph_FirstPerson_AnimBP
[2018.07.27-21.03.55:534][  0]LogUObjectGlobals: Created PersistentFrame Addr=0x000001ae6ec6b800, Size=256, Default__FirstPersonProjectile_C Function /Game/FirstPersonBP/Blueprints/FirstPersonProjectile.FirstPersonProjectile_C:ExecuteUbergraph_FirstPersonProjectile
[2018.07.27-21.03.55:535][  0]LogUObjectGlobals: Created PersistentFrame Addr=0x000001ae6cd6bee8, Size=52, Default__FirstPersonHUD_C Function /Game/FirstPersonBP/Blueprints/FirstPersonHUD.FirstPersonHUD_C:ExecuteUbergraph_FirstPersonHUD
[2018.07.27-21.03.55:541][  0]LogUObjectGlobals: Created PersistentFrame Addr=0x000001ae553b0a00, Size=688, Default__FirstPersonCharacter_C Function /Game/FirstPersonBP/Blueprints/FirstPersonCharacter.FirstPersonCharacter_C:ExecuteUbergraph_FirstPersonCharacter
[2018.07.27-21.03.55:936][  0]LogSkeletalMesh: Skeletal Mesh found in DDC [7.597384ms] /Game/FirstPerson/FPWeapon/Mesh/SK_FPGun.SK_FPGun
[2018.07.27-21.03.55:954][  0]LogSkeletalMesh: Skeletal Mesh found in DDC [15.086825ms] /Game/FirstPerson/Character/Mesh/SK_Mannequin_Arms.SK_Mannequin_Arms
[2018.07.27-21.03.55:962][  0]LogLoad: Game class is 'FirstPersonGameMode_C'
[2018.07.27-21.03.55:962][  0]LogOnline: Warning: STEAM: Steam API disabled!
[2018.07.27-21.03.55:962][  0]LogOnline: Display: STEAM: OnlineSubsystemSteam::Shutdown()
[2018.07.27-21.03.55:962][  0]LogTemp: Display: ParseSettings for GameNetDriver
[2018.07.27-21.03.55:963][  0]LogTemp: Display: ParseSettings for IpNetDriver_0
[2018.07.27-21.03.55:963][  0]LogTemp: Display: ParseSettings for GameNetDriver
[2018.07.27-21.03.55:963][  0]LogInit: WinSock: Socket queue 131072 / 131072
[2018.07.27-21.03.55:964][  0]PacketHandlerLog: Loaded PacketHandler component: Engine.EngineHandlerComponentFactory (StatelessConnectHandlerComponent)
[2018.07.27-21.03.55:964][  0]LogNet: GameNetDriver IpNetDriver_0 IpNetDriver listening on port 17777
[2018.07.27-21.03.55:966][  0]LogWorld: Bringing World /Game/Maps/MainMenu.MainMenu up for play (max tick rate 0) at 2018.07.27-22.03.55
[2018.07.27-21.03.55:966][  0]LogOnline: Warning: OSS: AutoLogin missing AUTH_LOGIN=<login id>.
[2018.07.27-21.03.55:966][  0]LogWorld: Bringing up level for play took: 0.001274
[2018.07.27-21.03.55:967][  0]LogOnline: Warning: OSS: No game present to join for session (GameSession)
[2018.07.27-21.03.55:967][  0]LogGameMode: FindPlayerStart: PATHS NOT DEFINED or NO PLAYERSTART with positive rating
[2018.07.27-21.03.55:984][  0]LogLoad: Took 0.761734 seconds to LoadMap(/Game/Maps/MainMenu)
[2018.07.27-21.03.56:063][  0]LogLoad: (Engine Initialization) Total time: 26.79 seconds
[2018.07.27-21.03.56:064][  0]LogLoad: (Engine Initialization) Total Blueprint compile time: 0.00 seconds
[2018.07.27-21.03.56:190][  0]LogRenderer: Reallocating scene render targets to support 640x480 Format 10 NumSamples 1 (Frame:1).
[2018.07.27-21.03.56:247][  0]LogNet: NotifyAcceptingConnection accepted from: 127.0.0.1:49878
[2018.07.27-21.03.56:248][  0]LogHandshake: SendConnectChallenge. Timestamp: 0.016130, Cookie: 079096121166142140139215240145181127050081130075133047196192
[2018.07.27-21.03.56:259][  0]LogContentStreaming: Texture pool size now 1000 MB
[2018.07.27-21.03.56:295][  1]LogNet: NotifyAcceptingConnection accepted from: 127.0.0.1:49878
[2018.07.27-21.03.56:295][  1]LogHandshake: SendChallengeAck. InCookie: 079096121166142140139215240145181127050081130075133047196192
[2018.07.27-21.03.56:295][  1]LogNet: Server accepting post-challenge connection from: 127.0.0.1:49878
[2018.07.27-21.03.56:296][  1]PacketHandlerLog: Loaded PacketHandler component: Engine.EngineHandlerComponentFactory (StatelessConnectHandlerComponent)
[2018.07.27-21.03.56:296][  1]LogNet: NotifyAcceptedConnection: Name: MainMenu, TimeStamp: 07/27/18 22:03:56, [UNetConnection] RemoteAddr: 127.0.0.1:49878, Name: IpConnection_0, Driver: GameNetDriver IpNetDriver_0, IsServer: YES, PC: NULL, Owner: NULL, UniqueId: INVALID
[2018.07.27-21.03.56:296][  1]LogNet: AddClientConnection: Added client connection: [UNetConnection] RemoteAddr: 127.0.0.1:49878, Name: IpConnection_0, Driver: GameNetDriver IpNetDriver_0, IsServer: YES, PC: NULL, Owner: NULL, UniqueId: INVALID
[2018.07.27-21.03.56:322][  2]LogNet: NotifyAcceptingChannel Control 0 server World /Game/Maps/MainMenu.MainMenu: Accepted
[2018.07.27-21.03.56:322][  2]LogNet: Remote platform little endian=1
[2018.07.27-21.03.56:322][  2]LogNet: This platform little endian=1
[2018.07.27-21.03.56:322][  2]LogNetVersion: FPBG 1.0.0.0, NetCL: 3944462, EngineNetVer: 2, GameNetVer: 0 (Checksum: 272724767)
[2018.07.27-21.03.56:493][  3]LogNet: Login request: /Game/Maps/MainMenu?Name=Q6600-AB9B94C44FAF0ACB7C50FDB3053C2B05 userId: Q6600-AB9B94C44FAF0ACB7C50FDB3053C2B05
[2018.07.27-21.03.56:509][  4]LogNet: Client netspeed is 10000
[2018.07.27-21.03.56:639][ 12]LogNet: Join request: /Game/Maps/MainMenu?Name=Q6600-AB9B94C44FAF0ACB7C50FDB3053C2B05?SplitscreenCount=1
[2018.07.27-21.03.56:640][ 12]LogOnline: Warning: OSS: No game present to join for session (GameSession)
[2018.07.27-21.03.56:640][ 12]LogGameMode: FindPlayerStart: PATHS NOT DEFINED or NO PLAYERSTART with positive rating
[2018.07.27-21.03.56:645][ 12]LogNet: Join succeeded: Q6600-AB9B94C44FAF0A
[2018.07.27-21.03.56:657][ 13]LogNet: NotifyAcceptingConnection accepted from: 127.0.0.1:49880
[2018.07.27-21.03.56:657][ 13]LogHandshake: SendConnectChallenge. Timestamp: 0.426663, Cookie: 027013023138140231199219127160018106195025159127191046150108
[2018.07.27-21.03.56:671][ 14]LogNet: NotifyAcceptingConnection accepted from: 127.0.0.1:49880
[2018.07.27-21.03.56:671][ 14]LogHandshake: SendChallengeAck. InCookie: 027013023138140231199219127160018106195025159127191046150108
[2018.07.27-21.03.56:672][ 14]LogNet: Server accepting post-challenge connection from: 127.0.0.1:49880
[2018.07.27-21.03.56:672][ 14]PacketHandlerLog: Loaded PacketHandler component: Engine.EngineHandlerComponentFactory (StatelessConnectHandlerComponent)
[2018.07.27-21.03.56:672][ 14]LogNet: NotifyAcceptedConnection: Name: MainMenu, TimeStamp: 07/27/18 22:03:56, [UNetConnection] RemoteAddr: 127.0.0.1:49880, Name: IpConnection_1, Driver: GameNetDriver IpNetDriver_0, IsServer: YES, PC: NULL, Owner: NULL, UniqueId: INVALID
[2018.07.27-21.03.56:672][ 14]LogNet: AddClientConnection: Added client connection: [UNetConnection] RemoteAddr: 127.0.0.1:49880, Name: IpConnection_1, Driver: GameNetDriver IpNetDriver_0, IsServer: YES, PC: NULL, Owner: NULL, UniqueId: INVALID
[2018.07.27-21.03.56:688][ 15]LogNet: NotifyAcceptingChannel Control 0 server World /Game/Maps/MainMenu.MainMenu: Accepted
[2018.07.27-21.03.56:688][ 15]LogNet: Remote platform little endian=1
[2018.07.27-21.03.56:688][ 15]LogNet: This platform little endian=1
[2018.07.27-21.03.56:704][ 16]LogNet: Login request: /Game/Maps/MainMenu?Name=Q6600-9C6A66D9495946786F4B138D8767BADB userId: Q6600-9C6A66D9495946786F4B138D8767BADB
[2018.07.27-21.03.56:721][ 17]LogNet: Client netspeed is 10000
[2018.07.27-21.03.57:149][ 22]LogNet: Join request: /Game/Maps/MainMenu?Name=Q6600-9C6A66D9495946786F4B138D8767BADB?SplitscreenCount=1
[2018.07.27-21.03.57:150][ 22]LogOnline: Warning: OSS: No game present to join for session (GameSession)
[2018.07.27-21.03.57:150][ 22]LogGameMode: FindPlayerStart: PATHS NOT DEFINED or NO PLAYERSTART with positive rating
[2018.07.27-21.03.57:155][ 22]LogNet: Join succeeded: Q6600-9C6A66D9495946
[2018.07.27-21.04.01:812][240]LogNet: UChannel::ReceivedSequencedBunch: Bunch.bClose == true. ChIndex == 0. Calling ConditionalCleanUp.
[2018.07.27-21.04.01:812][240]LogNet: UChannel::CleanUp: ChIndex == 0. Closing connection. [UChannel] ChIndex: 0, Closing: 0 [UNetConnection] RemoteAddr: 127.0.0.1:49880, Name: IpConnection_1, Driver: GameNetDriver IpNetDriver_0, IsServer: YES, PC: PlayerController_2, Owner: PlayerController_2, UniqueId: Q6600-9C6A66D9495946786F4B138D8767BADB
[2018.07.27-21.04.01:812][240]LogNet: UNetConnection::Close: [UNetConnection] RemoteAddr: 127.0.0.1:49880, Name: IpConnection_1, Driver: GameNetDriver IpNetDriver_0, IsServer: YES, PC: PlayerController_2, Owner: PlayerController_2, UniqueId: Q6600-9C6A66D9495946786F4B138D8767BADB, Channels: 12, Time: 2018.07.27-21.04.01
[2018.07.27-21.04.01:812][240]LogNet: UChannel::Close: Sending CloseBunch. ChIndex == 0. Name: [UChannel] ChIndex: 0, Closing: 0 [UNetConnection] RemoteAddr: 127.0.0.1:49880, Name: IpConnection_1, Driver: GameNetDriver IpNetDriver_0, IsServer: YES, PC: PlayerController_2, Owner: PlayerController_2, UniqueId: Q6600-9C6A66D9495946786F4B138D8767BADB
[2018.07.27-21.04.01:814][240]LogOnline: Warning: OSS: No game present to leave for session (GameSession)
[2018.07.27-21.04.04:689][389]LogSlate: FSceneViewport::OnFocusLost() reason 0
[2018.07.27-21.04.12:395][861]LogNet: Browse: 192.168.1.42:7777//Game/Maps/MainMenu
[2018.07.27-21.04.12:396][861]LogNet: World NetDriver shutdown IpNetDriver_0 [GameNetDriver]
[2018.07.27-21.04.12:396][861]LogNet: DestroyNamedNetDriver IpNetDriver_0 [GameNetDriver]
[2018.07.27-21.04.12:396][861]LogNet: UNetConnection::Cleanup: Closing open connection. [UNetConnection] RemoteAddr: 127.0.0.1:49878, Name: IpConnection_0, Driver: GameNetDriver IpNetDriver_0, IsServer: YES, PC: PlayerController_1, Owner: PlayerController_1, UniqueId: Q6600-AB9B94C44FAF0ACB7C50FDB3053C2B05
[2018.07.27-21.04.12:396][861]LogNet: UNetConnection::Close: [UNetConnection] RemoteAddr: 127.0.0.1:49878, Name: IpConnection_0, Driver: GameNetDriver IpNetDriver_0, IsServer: YES, PC: PlayerController_1, Owner: PlayerController_1, UniqueId: Q6600-AB9B94C44FAF0ACB7C50FDB3053C2B05, Channels: 10, Time: 2018.07.27-21.04.12
[2018.07.27-21.04.12:396][861]LogNet: UChannel::Close: Sending CloseBunch. ChIndex == 0. Name: [UChannel] ChIndex: 0, Closing: 0 [UNetConnection] RemoteAddr: 127.0.0.1:49878, Name: IpConnection_0, Driver: GameNetDriver IpNetDriver_0, IsServer: YES, PC: PlayerController_1, Owner: PlayerController_1, UniqueId: Q6600-AB9B94C44FAF0ACB7C50FDB3053C2B05
[2018.07.27-21.04.12:397][861]LogExit: GameNetDriver IpNetDriver_0 shut down
[2018.07.27-21.04.12:397][861]LogOnline: Warning: STEAM: Steam API disabled!
[2018.07.27-21.04.12:397][861]LogOnline: Display: STEAM: OnlineSubsystemSteam::Shutdown()
[2018.07.27-21.04.12:397][861]LogTemp: Display: ParseSettings for GameNetDriver
[2018.07.27-21.04.12:398][861]LogTemp: Display: ParseSettings for IpNetDriver_1
[2018.07.27-21.04.12:398][861]LogTemp: Display: ParseSettings for PendingNetDriver
[2018.07.27-21.04.12:398][861]LogInit: WinSock: Socket queue 32768 / 32768
[2018.07.27-21.04.12:399][861]PacketHandlerLog: Loaded PacketHandler component: Engine.EngineHandlerComponentFactory (StatelessConnectHandlerComponent)
[2018.07.27-21.04.12:399][861]LogNet: Game client on port 7777, rate 10000
[2018.07.27-21.04.12:400][861]LogWorld: Warning: SetActiveLevelCollection attempted to use an out of date NetDriver: GameNetDriver
[2018.07.27-21.04.12:408][862]LogHandshake: SendChallengeResponse. Timestamp: 11.149043, Cookie: 078171249038180243001027206099154027031130058075068043220024
[2018.07.27-21.04.12:409][862]LogWorld: Warning: SetActiveLevelCollection attempted to use an out of date NetDriver: GameNetDriver
[2018.07.27-21.04.12:425][863]LogWorld: Warning: SetActiveLevelCollection attempted to use an out of date NetDriver: GameNetDriver
[2018.07.27-21.04.12:446][864]LogNet: UPendingNetGame::SendInitialJoin: Sending hello. [UNetConnection] RemoteAddr: 192.168.1.42:7777, Name: IpConnection_2, Driver: PendingNetDriver IpNetDriver_1, IsServer: NO, PC: NULL, Owner: NULL, UniqueId: INVALID
[2018.07.27-21.04.12:447][864]LogWorld: Warning: SetActiveLevelCollection attempted to use an out of date NetDriver: GameNetDriver
[2018.07.27-21.04.12:462][865]LogWorld: Warning: SetActiveLevelCollection attempted to use an out of date NetDriver: GameNetDriver
[2018.07.27-21.04.12:479][866]LogWorld: Warning: SetActiveLevelCollection attempted to use an out of date NetDriver: GameNetDriver
[2018.07.27-21.04.12:495][867]LogNet: Welcomed by server (Level: /Game/Maps/Lobby, Game: /Game/Blueprints/Lobby/LobbyGM.LobbyGM_C)
[2018.07.27-21.04.12:497][867]LogLoad: LoadMap: 192.168.1.42:7777//Game/Maps/Lobby?game=/Game/Blueprints/Lobby/LobbyGM.LobbyGM_C
[2018.07.27-21.04.12:545][867]LogUObjectGlobals: Destroyed PersistentFrame Addr=0x000001ae6ed0d780, Size=64
[2018.07.27-21.04.12:546][867]LogUObjectGlobals: Destroyed PersistentFrame Addr=0x000001ae6ec95fa0, Size=52
[2018.07.27-21.04.12:546][867]LogUObjectGlobals: Destroyed PersistentFrame Addr=0x000001ae6ee830b0, Size=72
[2018.07.27-21.04.12:546][867]LogUObjectGlobals: Destroyed PersistentFrame Addr=0x000001ae6ec9f700, Size=256
[2018.07.27-21.04.12:546][867]LogUObjectGlobals: Destroyed PersistentFrame Addr=0x000001ae6f0f7d00, Size=688
[2018.07.27-21.04.12:546][867]LogUObjectGlobals: Destroyed PersistentFrame Addr=0x000001ae6ecc5920, Size=32
[2018.07.27-21.04.12:546][867]LogUObjectGlobals: Destroyed PersistentFrame Addr=0x000001ae6ecc43e0, Size=32
[2018.07.27-21.04.12:548][867]LogUObjectGlobals: Destroyed PersistentFrame Addr=0x000001ae6ec6b800, Size=256
[2018.07.27-21.04.12:548][867]LogUObjectGlobals: Destroyed PersistentFrame Addr=0x000001ae6cd6bee8, Size=52
[2018.07.27-21.04.12:548][867]LogUObjectGlobals: Destroyed PersistentFrame Addr=0x000001ae553b0a00, Size=688
[2018.07.27-21.04.12:769][867]LogUObjectGlobals: Created PersistentFrame Addr=0x000001ae71521600, Size=864, Default__LobbyGM_C Function /Game/Blueprints/Lobby/LobbyGM.LobbyGM_C:ExecuteUbergraph_LobbyGM
[2018.07.27-21.04.12:778][867]LogUObjectGlobals: Created PersistentFrame Addr=0x000001ae6eccae00, Size=656, Default__0_Base_C Function /Game/Blueprints/Characters/0_Base.0_Base_C:ExecuteUbergraph_0_Base
[2018.07.27-21.04.12:782][867]LogUObjectGlobals: Created PersistentFrame Addr=0x000001ae6ec9fd00, Size=256, Default__FirstPersonProjectile_C Function /Game/FirstPersonBP/Blueprints/FirstPersonProjectile.FirstPersonProjectile_C:ExecuteUbergraph_FirstPersonProjectile
[2018.07.27-21.04.12:812][867]LogUObjectGlobals: Created PersistentFrame Addr=0x000001ae63f95ee0, Size=72, Default__FirstPerson_AnimBP_C Function /Game/FirstPerson/Animations/FirstPerson_AnimBP.FirstPerson_AnimBP_C:ExecuteUbergraph_FirstPerson_AnimBP
[2018.07.27-21.04.12:891][867]LogUObjectGlobals: Created PersistentFrame Addr=0x000001ae6efe1280, Size=880, Default__LobbyPC_C Function /Game/Blueprints/Lobby/LobbyPC.LobbyPC_C:ExecuteUbergraph_LobbyPC
[2018.07.27-21.04.12:911][867]LogUObjectGlobals: Created PersistentFrame Addr=0x000001ae6d165580, Size=320, Default__LobbyMenu_C Function /Game/UI/Lobby/LobbyMenu.LobbyMenu_C:ExecuteUbergraph_LobbyMenu
[2018.07.27-21.04.12:933][867]LogUObjectGlobals: Created PersistentFrame Addr=0x000001ae6d166ac0, Size=320, Default__ChatWindow_C Function /Game/UI/AllLevels/ChatWindow.ChatWindow_C:ExecuteUbergraph_ChatWindow
[2018.07.27-21.04.12:944][867]LogUObjectGlobals: Created PersistentFrame Addr=0x000001ae6eddf380, Size=536, Default__GameplayPC_C Function /Game/Blueprints/Gameplay/GameplayPC.GameplayPC_C:ExecuteUbergraph_GameplayPC
[2018.07.27-21.04.12:953][867]LogUObjectGlobals: Created PersistentFrame Addr=0x000001ae6ec18f00, Size=400, Default__GameplayGM_C Function /Game/Blueprints/Gameplay/GameplayGM.GameplayGM_C:ExecuteUbergraph_GameplayGM
[2018.07.27-21.04.12:990][867]LogUObjectGlobals: Created PersistentFrame Addr=0x000001ae6d74b358, Size=8, Default__TurnPlayerList_C Function /Game/UI/AllLevels/TurnPlayerList.TurnPlayerList_C:ExecuteUbergraph_TurnPlayerList
[2018.07.27-21.04.13:005][867]LogUObjectGlobals: Created PersistentFrame Addr=0x000001ae6f0747f0, Size=48, Default__TurnPlayerInfo_C Function /Game/UI/AllLevels/TurnPlayerInfo.TurnPlayerInfo_C:ExecuteUbergraph_TurnPlayerInfo
[2018.07.27-21.04.13:016][867]LogUObjectGlobals: Created PersistentFrame Addr=0x000001ae6412f6a0, Size=80, Default__CharacterSelect_C Function /Game/UI/Lobby/CharacterSelect.CharacterSelect_C:ExecuteUbergraph_CharacterSelect
[2018.07.27-21.04.13:032][867]LogUObjectGlobals: Created PersistentFrame Addr=0x000001ae6f053340, Size=192, Default__GameSettings_C Function /Game/UI/Lobby/GameSettings.GameSettings_C:ExecuteUbergraph_GameSettings
[2018.07.27-21.04.13:037][867]LogUObjectGlobals: Created PersistentFrame Addr=0x000001ae6ee95520, Size=32, Default__PlayerButton_C Function /Game/UI/Lobby/PlayerButton.PlayerButton_C:ExecuteUbergraph_PlayerButton
[2018.07.27-21.04.13:121][867]LogUObjectGlobals: Created PersistentFrame Addr=0x000001ae6d748bd8, Size=4, Default__ConnectedPlayer_C Function /Game/UI/Lobby/ConnectedPlayer.ConnectedPlayer_C:ExecuteUbergraph_ConnectedPlayer
[2018.07.27-21.04.13:159][867]LogUObjectGlobals: Created PersistentFrame Addr=0x000001ae553b2500, Size=656, Default__Character_1_C Function /Game/Blueprints/Characters/0_Base.0_Base_C:ExecuteUbergraph_0_Base
[2018.07.27-21.04.13:167][867]LogUObjectGlobals: Created PersistentFrame Addr=0x000001ae553b3100, Size=656, Default__Character_2_C Function /Game/Blueprints/Characters/0_Base.0_Base_C:ExecuteUbergraph_0_Base
[2018.07.27-21.04.13:174][867]LogUObjectGlobals: Created PersistentFrame Addr=0x000001ae553b2800, Size=656, Default__Character_3_C Function /Game/Blueprints/Characters/0_Base.0_Base_C:ExecuteUbergraph_0_Base
[2018.07.27-21.04.13:183][867]LogUObjectGlobals: Created PersistentFrame Addr=0x000001ae553b0d00, Size=656, Default__Character_4_C Function /Game/Blueprints/Characters/0_Base.0_Base_C:ExecuteUbergraph_0_Base
[2018.07.27-21.04.13:189][867]LogUObjectGlobals: Created PersistentFrame Addr=0x000001ae553b1c00, Size=656, Default__Character_5_C Function /Game/Blueprints/Characters/0_Base.0_Base_C:ExecuteUbergraph_0_Base
[2018.07.27-21.04.13:197][867]LogUObjectGlobals: Created PersistentFrame Addr=0x000001ae6ec76200, Size=656, Default__Character_6_C Function /Game/Blueprints/Characters/0_Base.0_Base_C:ExecuteUbergraph_0_Base
[2018.07.27-21.04.13:312][867]LogUObjectGlobals: Destroyed PersistentFrame Addr=0x000001ae63f95ee0, Size=72
[2018.07.27-21.04.13:312][867]LogUObjectGlobals: Created PersistentFrame Addr=0x000001ae77d56430, Size=72, Default__FirstPerson_AnimBP_C Function /Engine/Transient.REINST_FirstPerson_AnimBP_C_1:ExecuteUbergraph_FirstPerson_AnimBP
[2018.07.27-21.04.13:313][867]LogUObjectGlobals: Destroyed PersistentFrame Addr=0x000001ae6ec9fd00, Size=256
[2018.07.27-21.04.13:313][867]LogUObjectGlobals: Created PersistentFrame Addr=0x000001ae6ed19700, Size=256, Default__FirstPersonProjectile_C Function /Engine/Transient.REINST_FirstPersonProjectile_C_27:ExecuteUbergraph_FirstPersonProjectile
[2018.07.27-21.04.13:314][867]LogUObjectGlobals: Destroyed PersistentFrame Addr=0x000001ae6eccae00, Size=656
[2018.07.27-21.04.13:314][867]LogUObjectGlobals: Created PersistentFrame Addr=0x000001ae6d73b100, Size=656, Default__0_Base_C Function /Engine/Transient.REINST_0_Base_C_28:ExecuteUbergraph_0_Base
[2018.07.27-21.04.13:316][867]LogUObjectGlobals: Destroyed PersistentFrame Addr=0x000001ae6412f6a0, Size=80
[2018.07.27-21.04.13:316][867]LogUObjectGlobals: Created PersistentFrame Addr=0x000001ae77d55300, Size=80, Default__CharacterSelect_C Function /Engine/Transient.REINST_CharacterSelect_C_6:ExecuteUbergraph_CharacterSelect
[2018.07.27-21.04.13:317][867]LogUObjectGlobals: Destroyed PersistentFrame Addr=0x000001ae6d166ac0, Size=320
[2018.07.27-21.04.13:317][867]LogUObjectGlobals: Created PersistentFrame Addr=0x000001ae6cfc87c0, Size=320, Default__ChatWindow_C Function /Engine/Transient.REINST_ChatWindow_C_8:ExecuteUbergraph_ChatWindow
[2018.07.27-21.04.13:317][867]LogUObjectGlobals: Destroyed PersistentFrame Addr=0x000001ae6d748bd8, Size=4
[2018.07.27-21.04.13:317][867]LogUObjectGlobals: Created PersistentFrame Addr=0x000001ae6efb68f0, Size=4, Default__ConnectedPlayer_C Function /Engine/Transient.REINST_ConnectedPlayer_C_9:ExecuteUbergraph_ConnectedPlayer
[2018.07.27-21.04.13:319][867]LogUObjectGlobals: Destroyed PersistentFrame Addr=0x000001ae6eddf380, Size=536
[2018.07.27-21.04.13:319][867]LogUObjectGlobals: Created PersistentFrame Addr=0x000001ae48a73880, Size=536, Default__GameplayPC_C Function /Engine/Transient.REINST_GameplayPC_C_29:ExecuteUbergraph_GameplayPC
[2018.07.27-21.04.13:321][867]LogUObjectGlobals: Destroyed PersistentFrame Addr=0x000001ae6f053340, Size=192
[2018.07.27-21.04.13:321][867]LogUObjectGlobals: Created PersistentFrame Addr=0x000001ae77befa00, Size=192, Default__GameSettings_C Function /Engine/Transient.REINST_GameSettings_C_11:ExecuteUbergraph_GameSettings
[2018.07.27-21.04.13:322][867]LogUObjectGlobals: Destroyed PersistentFrame Addr=0x000001ae6d165580, Size=320
[2018.07.27-21.04.13:322][867]LogUObjectGlobals: Created PersistentFrame Addr=0x000001ae6cfc8cc0, Size=320, Default__LobbyMenu_C Function /Engine/Transient.REINST_LobbyMenu_C_12:ExecuteUbergraph_LobbyMenu
[2018.07.27-21.04.13:325][867]LogUObjectGlobals: Destroyed PersistentFrame Addr=0x000001ae6efe1280, Size=880
[2018.07.27-21.04.13:325][867]LogUObjectGlobals: Created PersistentFrame Addr=0x000001ae77d78800, Size=880, Default__LobbyPC_C Function /Engine/Transient.REINST_LobbyPC_C_30:ExecuteUbergraph_LobbyPC
[2018.07.27-21.04.13:325][867]LogUObjectGlobals: Destroyed PersistentFrame Addr=0x000001ae6ee95520, Size=32
[2018.07.27-21.04.13:325][867]LogUObjectGlobals: Created PersistentFrame Addr=0x000001ae77c13b60, Size=32, Default__PlayerButton_C Function /Engine/Transient.REINST_PlayerButton_C_13:ExecuteUbergraph_PlayerButton
[2018.07.27-21.04.13:326][867]LogUObjectGlobals: Destroyed PersistentFrame Addr=0x000001ae6f0747f0, Size=48
[2018.07.27-21.04.13:326][867]LogUObjectGlobals: Created PersistentFrame Addr=0x000001ae6ecd7490, Size=48, Default__TurnPlayerInfo_C Function /Engine/Transient.REINST_TurnPlayerInfo_C_14:ExecuteUbergraph_TurnPlayerInfo
[2018.07.27-21.04.13:326][867]LogUObjectGlobals: Destroyed PersistentFrame Addr=0x000001ae6d74b358, Size=8
[2018.07.27-21.04.13:326][867]LogUObjectGlobals: Created PersistentFrame Addr=0x000001ae6efb6918, Size=8, Default__TurnPlayerList_C Function /Engine/Transient.REINST_TurnPlayerList_C_15:ExecuteUbergraph_TurnPlayerList
[2018.07.27-21.04.13:326][867]LogUObjectGlobals: Destroyed PersistentFrame Addr=0x000001ae553b2500, Size=656
[2018.07.27-21.04.13:326][867]LogUObjectGlobals: Created PersistentFrame Addr=0x000001ae77bbf400, Size=656, Default__Character_1_C Function /Engine/Transient.REINST_0_Base_C_28:ExecuteUbergraph_0_Base
[2018.07.27-21.04.13:327][867]LogUObjectGlobals: Destroyed PersistentFrame Addr=0x000001ae553b3100, Size=656
[2018.07.27-21.04.13:327][867]LogUObjectGlobals: Created PersistentFrame Addr=0x000001ae77bbf100, Size=656, Default__Character_2_C Function /Engine/Transient.REINST_0_Base_C_28:ExecuteUbergraph_0_Base
[2018.07.27-21.04.13:327][867]LogUObjectGlobals: Destroyed PersistentFrame Addr=0x000001ae553b2800, Size=656
[2018.07.27-21.04.13:327][867]LogUObjectGlobals: Created PersistentFrame Addr=0x000001ae77bbeb00, Size=656, Default__Character_3_C Function /Engine/Transient.REINST_0_Base_C_28:ExecuteUbergraph_0_Base
[2018.07.27-21.04.13:327][867]LogUObjectGlobals: Destroyed PersistentFrame Addr=0x000001ae553b0d00, Size=656
[2018.07.27-21.04.13:327][867]LogUObjectGlobals: Created PersistentFrame Addr=0x000001ae77bbe500, Size=656, Default__Character_4_C Function /Engine/Transient.REINST_0_Base_C_28:ExecuteUbergraph_0_Base
[2018.07.27-21.04.13:328][867]LogUObjectGlobals: Destroyed PersistentFrame Addr=0x000001ae553b1c00, Size=656
[2018.07.27-21.04.13:328][867]LogUObjectGlobals: Created PersistentFrame Addr=0x000001ae77bbe200, Size=656, Default__Character_5_C Function /Engine/Transient.REINST_0_Base_C_28:ExecuteUbergraph_0_Base
[2018.07.27-21.04.13:328][867]LogUObjectGlobals: Destroyed PersistentFrame Addr=0x000001ae6ec76200, Size=656
[2018.07.27-21.04.13:328][867]LogUObjectGlobals: Created PersistentFrame Addr=0x000001ae77bbdf00, Size=656, Default__Character_6_C Function /Engine/Transient.REINST_0_Base_C_28:ExecuteUbergraph_0_Base
[2018.07.27-21.04.13:329][867]LogUObjectGlobals: Destroyed PersistentFrame Addr=0x000001ae6ec18f00, Size=400
[2018.07.27-21.04.13:329][867]LogUObjectGlobals: Created PersistentFrame Addr=0x000001ae77bf5b40, Size=400, Default__GameplayGM_C Function /Engine/Transient.REINST_GameplayGM_C_37:ExecuteUbergraph_GameplayGM
[2018.07.27-21.04.13:331][867]LogUObjectGlobals: Destroyed PersistentFrame Addr=0x000001ae71521600, Size=864
[2018.07.27-21.04.13:331][867]LogUObjectGlobals: Created PersistentFrame Addr=0x000001ae77ba7580, Size=864, Default__LobbyGM_C Function /Engine/Transient.REINST_LobbyGM_C_38:ExecuteUbergraph_LobbyGM
[2018.07.27-21.04.13:534][867]LogUObjectGlobals: Created PersistentFrame Addr=0x000001ae79ae9f80, Size=64, Default__FirstPerson_AnimBP_C Function /Game/FirstPerson/Animations/FirstPerson_AnimBP.FirstPerson_AnimBP_C:ExecuteUbergraph_FirstPerson_AnimBP
[2018.07.27-21.04.13:535][867]LogUObjectGlobals: Created PersistentFrame Addr=0x000001ae79a3b600, Size=256, Default__FirstPersonProjectile_C Function /Game/FirstPersonBP/Blueprints/FirstPersonProjectile.FirstPersonProjectile_C:ExecuteUbergraph_FirstPersonProjectile
[2018.07.27-21.04.13:541][867]LogUObjectGlobals: Created PersistentFrame Addr=0x000001ae79a2b700, Size=656, Default__0_Base_C Function /Game/Blueprints/Characters/0_Base.0_Base_C:ExecuteUbergraph_0_Base
[2018.07.27-21.04.13:547][867]LogUObjectGlobals: Created PersistentFrame Addr=0x000001ae79a34270, Size=80, Default__CharacterSelect_C Function /Game/UI/Lobby/CharacterSelect.CharacterSelect_C:ExecuteUbergraph_CharacterSelect
[2018.07.27-21.04.13:550][867]LogUObjectGlobals: Created PersistentFrame Addr=0x000001ae79aa2480, Size=320, Default__ChatWindow_C Function /Game/UI/AllLevels/ChatWindow.ChatWindow_C:ExecuteUbergraph_ChatWindow
[2018.07.27-21.04.13:552][867]LogUObjectGlobals: Created PersistentFrame Addr=0x000001ae79df9c58, Size=4, Default__ConnectedPlayer_C Function /Game/UI/Lobby/ConnectedPlayer.ConnectedPlayer_C:ExecuteUbergraph_ConnectedPlayer
[2018.07.27-21.04.13:560][867]LogUObjectGlobals: Created PersistentFrame Addr=0x000001ae79a21300, Size=544, Default__GameplayPC_C Function /Game/Blueprints/Gameplay/GameplayPC.GameplayPC_C:ExecuteUbergraph_GameplayPC
[2018.07.27-21.04.13:567][867]LogUObjectGlobals: Created PersistentFrame Addr=0x000001ae799c8580, Size=192, Default__GameSettings_C Function /Game/UI/Lobby/GameSettings.GameSettings_C:ExecuteUbergraph_GameSettings
[2018.07.27-21.04.13:576][867]LogUObjectGlobals: Created PersistentFrame Addr=0x000001ae79aa1f80, Size=320, Default__LobbyMenu_C Function /Game/UI/Lobby/LobbyMenu.LobbyMenu_C:ExecuteUbergraph_LobbyMenu
[2018.07.27-21.04.13:586][867]LogUObjectGlobals: Created PersistentFrame Addr=0x000001ae79936780, Size=880, Default__LobbyPC_C Function /Game/Blueprints/Lobby/LobbyPC.LobbyPC_C:ExecuteUbergraph_LobbyPC
[2018.07.27-21.04.13:590][867]LogUObjectGlobals: Created PersistentFrame Addr=0x000001ae798eeda0, Size=32, Default__PlayerButton_C Function /Game/UI/Lobby/PlayerButton.PlayerButton_C:ExecuteUbergraph_PlayerButton
[2018.07.27-21.04.13:592][867]LogUObjectGlobals: Created PersistentFrame Addr=0x000001ae799015d0, Size=48, Default__TurnPlayerInfo_C Function /Game/UI/AllLevels/TurnPlayerInfo.TurnPlayerInfo_C:ExecuteUbergraph_TurnPlayerInfo
[2018.07.27-21.04.13:593][867]LogUObjectGlobals: Created PersistentFrame Addr=0x000001ae79df9378, Size=8, Default__TurnPlayerList_C Function /Game/UI/AllLevels/TurnPlayerList.TurnPlayerList_C:ExecuteUbergraph_TurnPlayerList
[2018.07.27-21.04.13:593][867]LogUObjectGlobals: Created PersistentFrame Addr=0x000001ae798d3a00, Size=656, Default__Character_1_C Function /Game/Blueprints/Characters/0_Base.0_Base_C:ExecuteUbergraph_0_Base
[2018.07.27-21.04.13:594][867]LogUObjectGlobals: Created PersistentFrame Addr=0x000001ae798d3400, Size=656, Default__Character_2_C Function /Game/Blueprints/Characters/0_Base.0_Base_C:ExecuteUbergraph_0_Base
[2018.07.27-21.04.13:594][867]LogUObjectGlobals: Created PersistentFrame Addr=0x000001ae798d3100, Size=656, Default__Character_3_C Function /Game/Blueprints/Characters/0_Base.0_Base_C:ExecuteUbergraph_0_Base
[2018.07.27-21.04.13:594][867]LogUObjectGlobals: Created PersistentFrame Addr=0x000001ae798d2800, Size=656, Default__Character_4_C Function /Game/Blueprints/Characters/0_Base.0_Base_C:ExecuteUbergraph_0_Base
[2018.07.27-21.04.13:594][867]LogUObjectGlobals: Created PersistentFrame Addr=0x000001ae798d2200, Size=656, Default__Character_5_C Function /Game/Blueprints/Characters/0_Base.0_Base_C:ExecuteUbergraph_0_Base
[2018.07.27-21.04.13:594][867]LogUObjectGlobals: Created PersistentFrame Addr=0x000001ae798d1f00, Size=656, Default__Character_6_C Function /Game/Blueprints/Characters/0_Base.0_Base_C:ExecuteUbergraph_0_Base
[2018.07.27-21.04.13:601][867]LogUObjectGlobals: Created PersistentFrame Addr=0x000001ae798d8e80, Size=384, Default__GameplayGM_C Function /Game/Blueprints/Gameplay/GameplayGM.GameplayGM_C:ExecuteUbergraph_GameplayGM
[2018.07.27-21.04.13:612][867]LogUObjectGlobals: Created PersistentFrame Addr=0x000001ae77ba5280, Size=896, Default__LobbyGM_C Function /Game/Blueprints/Lobby/LobbyGM.LobbyGM_C:ExecuteUbergraph_LobbyGM
[2018.07.27-21.04.14:028][867]LogSkeletalMesh: Skeletal Mesh found in DDC [13.201452ms] /Game/FirstPerson/Character/Mesh/SK_Mannequin_Arms.SK_Mannequin_Arms
[2018.07.27-21.04.14:078][867]LogSkeletalMesh: Skeletal Mesh found in DDC [9.627819ms] /Game/FirstPerson/FPWeapon/Mesh/SK_FPGun.SK_FPGun
[2018.07.27-21.04.14:164][867]LogAIModule: Creating AISystem for world Lobby
[2018.07.27-21.04.14:165][867]LogTemp: Display: ParseSettings for GameNetDriver
[2018.07.27-21.04.14:168][867]LogWorld: Bringing World /Game/Maps/Lobby.Lobby up for play (max tick rate 0) at 2018.07.27-22.04.14
[2018.07.27-21.04.14:169][867]LogWorld: Bringing up level for play took: 0.002501
[2018.07.27-21.04.14:169][867]LogLoad: Took 1.672669 seconds to LoadMap(/Game/Maps/Lobby)
[2018.07.27-21.04.14:312][869]LogSlate: Took 0.001798 seconds to synchronously load lazily loaded font '../../../Engine/Content/Slate/Fonts/Roboto-Regular.ttf' (155K)
[2018.07.27-21.04.17:899][ 41]LogSlate: FSceneViewport::OnFocusLost() reason 0
[2018.07.27-21.04.17:930][ 43]PIE: Warning: This widget does not support focus.  If this is a UserWidget, you should set bIsFocusable to true.
[2018.07.27-21.04.18:415][ 73]LogSlate: FSceneViewport::OnFocusLost() reason 0
[2018.07.27-21.04.19:529][139]LogWorld: SeamlessTravel to: /Game/Maps/Map01
[2018.07.27-21.04.19:614][140]LogUObjectGlobals: Destroyed PersistentFrame Addr=0x000001ae77d56430, Size=72
[2018.07.27-21.04.19:614][140]LogUObjectGlobals: Destroyed PersistentFrame Addr=0x000001ae6ed19700, Size=256
[2018.07.27-21.04.19:614][140]LogUObjectGlobals: Destroyed PersistentFrame Addr=0x000001ae6d73b100, Size=656
[2018.07.27-21.04.19:614][140]LogUObjectGlobals: Destroyed PersistentFrame Addr=0x000001ae77ba7580, Size=864
[2018.07.27-21.04.19:618][140]LogUObjectGlobals: Destroyed PersistentFrame Addr=0x000001ae77d78800, Size=880
[2018.07.27-21.04.19:618][140]LogUObjectGlobals: Destroyed PersistentFrame Addr=0x000001ae6cfc8cc0, Size=320
[2018.07.27-21.04.19:618][140]LogUObjectGlobals: Destroyed PersistentFrame Addr=0x000001ae6cfc87c0, Size=320
[2018.07.27-21.04.19:618][140]LogUObjectGlobals: Destroyed PersistentFrame Addr=0x000001ae48a73880, Size=536
[2018.07.27-21.04.19:618][140]LogUObjectGlobals: Destroyed PersistentFrame Addr=0x000001ae77bf5b40, Size=400
[2018.07.27-21.04.19:618][140]LogUObjectGlobals: Destroyed PersistentFrame Addr=0x000001ae6efb6918, Size=8
[2018.07.27-21.04.19:619][140]LogUObjectGlobals: Destroyed PersistentFrame Addr=0x000001ae6ecd7490, Size=48
[2018.07.27-21.04.19:619][140]LogUObjectGlobals: Destroyed PersistentFrame Addr=0x000001ae77d55300, Size=80
[2018.07.27-21.04.19:619][140]LogUObjectGlobals: Destroyed PersistentFrame Addr=0x000001ae77befa00, Size=192
[2018.07.27-21.04.19:619][140]LogUObjectGlobals: Destroyed PersistentFrame Addr=0x000001ae77c13b60, Size=32
[2018.07.27-21.04.19:619][140]LogUObjectGlobals: Destroyed PersistentFrame Addr=0x000001ae6efb68f0, Size=4
[2018.07.27-21.04.19:619][140]LogUObjectGlobals: Destroyed PersistentFrame Addr=0x000001ae77bbf400, Size=656
[2018.07.27-21.04.19:619][140]LogUObjectGlobals: Destroyed PersistentFrame Addr=0x000001ae77bbf100, Size=656
[2018.07.27-21.04.19:619][140]LogUObjectGlobals: Destroyed PersistentFrame Addr=0x000001ae77bbeb00, Size=656
[2018.07.27-21.04.19:619][140]LogUObjectGlobals: Destroyed PersistentFrame Addr=0x000001ae77bbe500, Size=656
[2018.07.27-21.04.19:619][140]LogUObjectGlobals: Destroyed PersistentFrame Addr=0x000001ae77bbe200, Size=656
[2018.07.27-21.04.19:619][140]LogUObjectGlobals: Destroyed PersistentFrame Addr=0x000001ae77bbdf00, Size=656
[2018.07.27-21.04.19:631][140]LogStats:     SeamlessTravel FlushLevelStreaming  -  0.003 s
[2018.07.27-21.04.19:636][140]LogWorld: Bringing World /Game/Maps/TravelMap.TravelMap up for play (max tick rate 0) at 2018.07.27-22.04.19
[2018.07.27-21.04.19:636][140]LogWorld: Bringing up level for play took: 0.004534
[2018.07.27-21.04.19:636][140]LogWorld: Sending NotifyLoadedWorld for LP: LocalPlayer_0 PC: LobbyPC_C_0
[2018.07.27-21.04.19:636][140]LogNet: Verbose: NotifyLoadedWorld Begin
[2018.07.27-21.04.19:636][140]LogNet: VeryVerbose: GetFunctionCallspace RemoteRole Remote ServerNotifyLoadedWorld
[2018.07.27-21.04.19:638][140]LogNetTraffic:       Sent RPC: LobbyPC_C_0::ServerNotifyLoadedWorld [34.4 bytes]
[2018.07.27-21.04.19:639][140]LogNetTraffic: VeryVerbose: Sending: FOutBunch: Channel[2] ChSequence: 772 NumBits: 275 PacketId: 0 bOpen: 0 bClose: 0 bDormant: 0 bIsReplicationPaused: 0 bReliable: 1 bPartial: 0//0//0 bHasPackageMapExports: 0 
[2018.07.27-21.04.19:639][140]LogNetTraffic: Verbose: UNetConnection::SendRawBunch. ChIndex: 2. Bits: 275. PacketId: 10248
[2018.07.27-21.04.19:639][140]LogNet: Verbose: NotifyLoadedWorld End
[2018.07.27-21.04.19:639][140]LogWorld: StartLoadingDestination to: /Game/Maps/Map01
[2018.07.27-21.04.19:779][144]LogStreaming: Warning: FArchiveAsync2::PrecacheInternal Canceled read for ../../../../UE_Projects/FPBG/Content/Maps/Map01_BuiltData.uasset  Offset = 1151648   Size = 1136576
[2018.07.27-21.04.20:256][149]LogStats:     SeamlessTravel FlushLevelStreaming  -  0.002 s
[2018.07.27-21.04.20:261][149]LogWorld: Bringing World /Game/Maps/Map01.Map01 up for play (max tick rate 0) at 2018.07.27-22.04.20
[2018.07.27-21.04.20:261][149]LogWorld: Bringing up level for play took: 0.004883
[2018.07.27-21.04.20:261][149]LogWorld: Sending NotifyLoadedWorld for LP: LocalPlayer_0 PC: LobbyPC_C_0
[2018.07.27-21.04.20:261][149]LogNet: Verbose: NotifyLoadedWorld Begin
[2018.07.27-21.04.20:261][149]LogNet: VeryVerbose: GetFunctionCallspace RemoteRole Remote ServerNotifyLoadedWorld
[2018.07.27-21.04.20:261][149]LogNetTraffic:       Sent RPC: LobbyPC_C_0::ServerNotifyLoadedWorld [30.4 bytes]
[2018.07.27-21.04.20:261][149]LogNetTraffic: VeryVerbose: Sending: FOutBunch: Channel[2] ChSequence: 773 NumBits: 243 PacketId: 0 bOpen: 0 bClose: 0 bDormant: 0 bIsReplicationPaused: 0 bReliable: 1 bPartial: 0//0//0 bHasPackageMapExports: 0 
[2018.07.27-21.04.20:261][149]LogNetTraffic: Verbose: UNetConnection::SendRawBunch. ChIndex: 2. Bits: 243. PacketId: 10256
[2018.07.27-21.04.20:261][149]LogNet: Verbose: NotifyLoadedWorld End
[2018.07.27-21.04.20:262][149]LogWorld: ----SeamlessTravel finished in 0.73 seconds ------
[2018.07.27-21.04.38:938][937]LogNet: Warning: Network Failure: GameNetDriver[FailureReceived]: Host closed the connection.
[2018.07.27-21.04.38:938][937]LogNet: NetworkFailure: FailureReceived, Error: 'Host closed the connection.'
[2018.07.27-21.04.38:939][937]LogNet: UNetConnection::Close: [UNetConnection] RemoteAddr: 192.168.1.42:7777, Name: IpConnection_2, Driver: GameNetDriver IpNetDriver_1, IsServer: NO, PC: GameplayPC_C_0, Owner: GameplayPC_C_0, UniqueId: Q6600-3FCC1FE74952BBDFCEA02198132F1762, Channels: 10, Time: 2018.07.27-21.04.38
[2018.07.27-21.04.38:939][937]LogNet: UChannel::Close: Sending CloseBunch. ChIndex == 0. Name: [UChannel] ChIndex: 0, Closing: 0 [UNetConnection] RemoteAddr: 192.168.1.42:7777, Name: IpConnection_2, Driver: GameNetDriver IpNetDriver_1, IsServer: NO, PC: GameplayPC_C_0, Owner: GameplayPC_C_0, UniqueId: Q6600-3FCC1FE74952BBDFCEA02198132F1762
[2018.07.27-21.04.38:939][937]LogNet: Warning: Network Failure: GameNetDriver[ConnectionLost]: Your connection to the host has been lost.
[2018.07.27-21.04.38:939][937]LogNet: NetworkFailure: ConnectionLost, Error: 'Your connection to the host has been lost.'
[2018.07.27-21.04.38:955][938]LogNet: Browse: /Game/Maps/MainMenu?closed
[2018.07.27-21.04.38:955][938]LogNet: Failed; returning to Entry
[2018.07.27-21.04.38:993][938]LogLoad: LoadMap: /Game/Maps/MainMenu?closed
[2018.07.27-21.04.38:993][938]LogNet: World NetDriver shutdown IpNetDriver_1 [GameNetDriver]
[2018.07.27-21.04.38:993][938]LogNet: DestroyNamedNetDriver IpNetDriver_1 [GameNetDriver]
[2018.07.27-21.04.38:994][938]LogExit: GameNetDriver IpNetDriver_1 shut down
[2018.07.27-21.04.39:040][938]LogUObjectGlobals: Created PersistentFrame Addr=0x000001ae79b26620, Size=32, Default__MainMenu_C Function /Game/Maps/MainMenu.MainMenu_C:ExecuteUbergraph_MainMenu
[2018.07.27-21.04.39:042][938]LogUObjectGlobals: Destroyed PersistentFrame Addr=0x000001ae79b26620, Size=32
[2018.07.27-21.04.39:042][938]LogUObjectGlobals: Created PersistentFrame Addr=0x000001ae79b26620, Size=32, Default__MainMenu_C Function /Engine/Transient.REINST_MainMenu_C_59:ExecuteUbergraph_MainMenu
[2018.07.27-21.04.39:043][938]LogUObjectGlobals: Created PersistentFrame Addr=0x000001ae79b25a60, Size=32, Default__MainMenu_C Function /Game/Maps/MainMenu.MainMenu_C:ExecuteUbergraph_MainMenu
[2018.07.27-21.04.39:049][938]LogAIModule: Creating AISystem for world MainMenu
[2018.07.27-21.04.39:082][938]LogUObjectGlobals: Created PersistentFrame Addr=0x000001ae554a1000, Size=688, Default__FirstPersonCharacter_C Function /Game/FirstPersonBP/Blueprints/FirstPersonCharacter.FirstPersonCharacter_C:ExecuteUbergraph_FirstPersonCharacter
[2018.07.27-21.04.39:105][938]LogUObjectGlobals: Created PersistentFrame Addr=0x000001ae77d10db0, Size=52, Default__FirstPersonHUD_C Function /Game/FirstPersonBP/Blueprints/FirstPersonHUD.FirstPersonHUD_C:ExecuteUbergraph_FirstPersonHUD
[2018.07.27-21.04.39:120][938]LogUObjectGlobals: Destroyed PersistentFrame Addr=0x000001ae77d10db0, Size=52
[2018.07.27-21.04.39:120][938]LogUObjectGlobals: Created PersistentFrame Addr=0x000001ae77d10db0, Size=52, Default__FirstPersonHUD_C Function /Engine/Transient.REINST_FirstPersonHUD_C_61:ExecuteUbergraph_FirstPersonHUD
[2018.07.27-21.04.39:122][938]LogUObjectGlobals: Destroyed PersistentFrame Addr=0x000001ae554a1000, Size=688
[2018.07.27-21.04.39:122][938]LogUObjectGlobals: Created PersistentFrame Addr=0x000001ae77b14100, Size=688, Default__FirstPersonCharacter_C Function /Engine/Transient.REINST_FirstPersonCharacter_C_62:ExecuteUbergraph_FirstPersonCharacter
[2018.07.27-21.04.39:141][938]LogUObjectGlobals: Created PersistentFrame Addr=0x000001ae77d12a58, Size=52, Default__FirstPersonHUD_C Function /Game/FirstPersonBP/Blueprints/FirstPersonHUD.FirstPersonHUD_C:ExecuteUbergraph_FirstPersonHUD
[2018.07.27-21.04.39:146][938]LogUObjectGlobals: Created PersistentFrame Addr=0x000001ae7b1c6800, Size=688, Default__FirstPersonCharacter_C Function /Game/FirstPersonBP/Blueprints/FirstPersonCharacter.FirstPersonCharacter_C:ExecuteUbergraph_FirstPersonCharacter
[2018.07.27-21.04.39:156][938]LogLoad: Game class is 'FirstPersonGameMode_C'
[2018.07.27-21.04.39:157][938]LogWorld: Bringing World /Game/Maps/MainMenu.MainMenu up for play (max tick rate 0) at 2018.07.27-22.04.39
[2018.07.27-21.04.39:158][938]LogWorld: Bringing up level for play took: 0.000936
[2018.07.27-21.04.39:158][938]LogGameMode: FindPlayerStart: PATHS NOT DEFINED or NO PLAYERSTART with positive rating
[2018.07.27-21.04.39:163][938]LogLoad: Took 0.170153 seconds to LoadMap(/Game/Maps/MainMenu)
[2018.07.27-21.04.39:195][938]LogUObjectGlobals: Destroyed PersistentFrame Addr=0x000001ae79a2b700, Size=656
[2018.07.27-21.04.39:195][938]LogUObjectGlobals: Destroyed PersistentFrame Addr=0x000001ae79a34270, Size=80
[2018.07.27-21.04.39:195][938]LogUObjectGlobals: Destroyed PersistentFrame Addr=0x000001ae79aa2480, Size=320
[2018.07.27-21.04.39:195][938]LogUObjectGlobals: Destroyed PersistentFrame Addr=0x000001ae79df9c58, Size=4
[2018.07.27-21.04.39:196][938]LogUObjectGlobals: Destroyed PersistentFrame Addr=0x000001ae79a21300, Size=544
[2018.07.27-21.04.39:196][938]LogUObjectGlobals: Destroyed PersistentFrame Addr=0x000001ae799c8580, Size=192
[2018.07.27-21.04.39:196][938]LogUObjectGlobals: Destroyed PersistentFrame Addr=0x000001ae79aa1f80, Size=320
[2018.07.27-21.04.39:196][938]LogUObjectGlobals: Destroyed PersistentFrame Addr=0x000001ae79936780, Size=880
[2018.07.27-21.04.39:196][938]LogUObjectGlobals: Destroyed PersistentFrame Addr=0x000001ae798eeda0, Size=32
[2018.07.27-21.04.39:196][938]LogUObjectGlobals: Destroyed PersistentFrame Addr=0x000001ae799015d0, Size=48
[2018.07.27-21.04.39:196][938]LogUObjectGlobals: Destroyed PersistentFrame Addr=0x000001ae79df9378, Size=8
[2018.07.27-21.04.39:196][938]LogUObjectGlobals: Destroyed PersistentFrame Addr=0x000001ae798d3a00, Size=656
[2018.07.27-21.04.39:196][938]LogUObjectGlobals: Destroyed PersistentFrame Addr=0x000001ae798d3400, Size=656
[2018.07.27-21.04.39:196][938]LogUObjectGlobals: Destroyed PersistentFrame Addr=0x000001ae798d3100, Size=656
[2018.07.27-21.04.39:196][938]LogUObjectGlobals: Destroyed PersistentFrame Addr=0x000001ae798d2800, Size=656
[2018.07.27-21.04.39:196][938]LogUObjectGlobals: Destroyed PersistentFrame Addr=0x000001ae798d2200, Size=656
[2018.07.27-21.04.39:196][938]LogUObjectGlobals: Destroyed PersistentFrame Addr=0x000001ae798d1f00, Size=656
[2018.07.27-21.04.39:196][938]LogUObjectGlobals: Destroyed PersistentFrame Addr=0x000001ae798d8e80, Size=384
[2018.07.27-21.04.39:196][938]LogUObjectGlobals: Destroyed PersistentFrame Addr=0x000001ae77ba5280, Size=896
[2018.07.27-21.04.39:196][938]LogUObjectGlobals: Destroyed PersistentFrame Addr=0x000001ae77d10db0, Size=52
[2018.07.27-21.04.39:196][938]LogUObjectGlobals: Destroyed PersistentFrame Addr=0x000001ae77b14100, Size=688
[2018.07.27-21.04.39:196][938]LogUObjectGlobals: Destroyed PersistentFrame Addr=0x000001ae79b26620, Size=32
[2018.07.27-21.04.40:715][ 21]LogSlate: Window 'FPBG (64-bit, PCD3D_SM5) ' being destroyed
[2018.07.27-21.04.40:716][ 21]LogWindowsTextInputMethodSystem: Display: IME system now deactivated.
[2018.07.27-21.04.40:724][ 21]LogEngine: All Windows Closed
[2018.07.27-21.04.40:724][ 21]LogWindows: FPlatformMisc::RequestExit(0)
[2018.07.27-21.04.41:191][ 22]LogSlate: Slate User Destroyed.  User Index 0, Is Virtual User: 0
[2018.07.27-21.04.41:192][ 22]LogExit: Preparing to exit.
[2018.07.27-21.04.41:192][ 22]LogMoviePlayer: Shutting down movie player
[2018.07.27-21.04.42:503][ 22]LogExit: Game engine shut down
[2018.07.27-21.04.42:527][ 22]LogUObjectGlobals: Destroyed PersistentFrame Addr=0x000001ae6ecf7d80, Size=632
[2018.07.27-21.04.42:527][ 22]LogUObjectGlobals: Destroyed PersistentFrame Addr=0x000001ae6f0b2980, Size=40
[2018.07.27-21.04.42:527][ 22]LogUObjectGlobals: Destroyed PersistentFrame Addr=0x000001ae6edccca0, Size=96
[2018.07.27-21.04.42:527][ 22]LogUObjectGlobals: Destroyed PersistentFrame Addr=0x000001ae6ec97f58, Size=56
[2018.07.27-21.04.42:527][ 22]LogUObjectGlobals: Destroyed PersistentFrame Addr=0x000001ae6ec810c0, Size=104
[2018.07.27-21.04.42:527][ 22]LogUObjectGlobals: Destroyed PersistentFrame Addr=0x000001ae6ecf5800, Size=592
[2018.07.27-21.04.42:528][ 22]LogUObjectGlobals: Destroyed PersistentFrame Addr=0x000001ae7b1c6800, Size=688
[2018.07.27-21.04.42:528][ 22]LogUObjectGlobals: Destroyed PersistentFrame Addr=0x000001ae77d12a58, Size=52
[2018.07.27-21.04.42:529][ 22]LogUObjectGlobals: Destroyed PersistentFrame Addr=0x000001ae79ae9f80, Size=64
[2018.07.27-21.04.42:529][ 22]LogUObjectGlobals: Destroyed PersistentFrame Addr=0x000001ae79a3b600, Size=256
[2018.07.27-21.04.42:529][ 22]LogUObjectGlobals: Destroyed PersistentFrame Addr=0x000001ae79b25a60, Size=32
[2018.07.27-21.04.42:695][ 22]LogExit: Object subsystem successfully closed.
[2018.07.27-21.04.42:732][ 22]LogShaderCompilers: Display: Shaders left to compile 0
[2018.07.27-21.04.42:742][ 22]LogD3D11RHI: Shutdown
[2018.07.27-21.04.42:742][ 22]LogD3D11RHI: CleanupD3DDevice
[2018.07.27-21.04.42:749][ 22]LogD3D11RHI: ~FD3D11DynamicRHI
[2018.07.27-21.04.42:769][ 22]LogModuleManager: Shutting down and abandoning module SequenceRecorderSections (336)
[2018.07.27-21.04.42:769][ 22]LogModuleManager: Shutting down and abandoning module SequenceRecorder (334)
[2018.07.27-21.04.42:769][ 22]LogModuleManager: Shutting down and abandoning module AutomationController (332)
[2018.07.27-21.04.42:769][ 22]LogModuleManager: Shutting down and abandoning module AutomationWorker (330)
[2018.07.27-21.04.42:769][ 22]LogModuleManager: Shutting down and abandoning module Voice (328)
[2018.07.27-21.04.42:769][ 22]LogModuleManager: Shutting down and abandoning module AIModule (326)
[2018.07.27-21.04.42:770][ 22]LogModuleManager: Shutting down and abandoning module GameplayDebugger (325)
[2018.07.27-21.04.42:770][ 22]LogModuleManager: Shutting down and abandoning module AITestSuite (323)
[2018.07.27-21.04.42:770][ 22]LogModuleManager: Shutting down and abandoning module WmfMediaFactory (320)
[2018.07.27-21.04.42:770][ 22]LogModuleManager: Shutting down and abandoning module OpenExrWrapper (318)
[2018.07.27-21.04.42:770][ 22]LogModuleManager: Shutting down and abandoning module ImgMediaFactory (316)
[2018.07.27-21.04.42:770][ 22]LogModuleManager: Shutting down and abandoning module AvfMediaFactory (314)
[2018.07.27-21.04.42:770][ 22]LogModuleManager: Shutting down and abandoning module CharacterAI (312)
[2018.07.27-21.04.42:770][ 22]LogModuleManager: Shutting down and abandoning module SessionServices (310)
[2018.07.27-21.04.42:770][ 22]LogModuleManager: Shutting down and abandoning module MovieSceneCapture (308)
[2018.07.27-21.04.42:770][ 22]LogModuleManager: Shutting down and abandoning module MovieSceneTracks (306)
[2018.07.27-21.04.42:770][ 22]LogModuleManager: Shutting down and abandoning module MovieScene (304)
[2018.07.27-21.04.42:770][ 22]LogModuleManager: Shutting down and abandoning module GeometryCache (302)
[2018.07.27-21.04.42:771][ 22]LogModuleManager: Shutting down and abandoning module GeometryCacheEd (301)
[2018.07.27-21.04.42:771][ 22]LogModuleManager: Shutting down and abandoning module StreamingPauseRendering (298)
[2018.07.27-21.04.42:771][ 22]LogModuleManager: Shutting down and abandoning module PortalServices (296)
[2018.07.27-21.04.42:771][ 22]LogModuleManager: Shutting down and abandoning module PortalRpc (294)
[2018.07.27-21.04.42:771][ 22]LogModuleManager: Shutting down and abandoning module MessagingRpc (292)
[2018.07.27-21.04.42:771][ 22]LogModuleManager: Shutting down and abandoning module ProfilerService (290)
[2018.07.27-21.04.42:861][ 22]LogModuleManager: Shutting down and abandoning module TaskGraph (288)
[2018.07.27-21.04.42:861][ 22]LogModuleManager: Shutting down and abandoning module SteamVRController (286)
[2018.07.27-21.04.42:861][ 22]LogModuleManager: Shutting down and abandoning module ProceduralMeshComponent (284)
[2018.07.27-21.04.42:861][ 22]LogModuleManager: Shutting down and abandoning module OculusInput (282)
[2018.07.27-21.04.42:861][ 22]LogModuleManager: Shutting down and abandoning module MobilePatchingUtils (280)
[2018.07.27-21.04.42:861][ 22]LogModuleManager: Shutting down and abandoning module CustomMeshComponent (278)
[2018.07.27-21.04.42:861][ 22]LogModuleManager: Shutting down and abandoning module CableComponent (276)
[2018.07.27-21.04.42:861][ 22]LogModuleManager: Shutting down and abandoning module AudioCapture (274)
[2018.07.27-21.04.42:861][ 22]LogModuleManager: Shutting down and abandoning module ArchVisCharacter (272)
[2018.07.27-21.04.42:861][ 22]LogModuleManager: Shutting down and abandoning module AndroidPermission (270)
[2018.07.27-21.04.42:861][ 22]LogModuleManager: Shutting down and abandoning module NUTUnrealEngine4 (268)
[2018.07.27-21.04.42:861][ 22]LogModuleManager: Shutting down and abandoning module NetcodeUnitTest (266)
[2018.07.27-21.04.42:861][ 22]LogModuleManager: Shutting down and abandoning module MediaCompositing (264)
[2018.07.27-21.04.42:861][ 22]LogModuleManager: Shutting down and abandoning module LinearTimecode (262)
[2018.07.27-21.04.42:862][ 22]LogModuleManager: Shutting down and abandoning module ImgMedia (260)
[2018.07.27-21.04.42:866][ 22]LogModuleManager: Shutting down and abandoning module HTML5Networking (258)
[2018.07.27-21.04.42:866][ 22]LogModuleManager: Shutting down and abandoning module DatasmithContent (256)
[2018.07.27-21.04.42:866][ 22]LogModuleManager: Shutting down and abandoning module CryptoKeysOpenSSL (254)
[2018.07.27-21.04.42:866][ 22]LogModuleManager: Shutting down and abandoning module CryptoKeys (252)
[2018.07.27-21.04.42:866][ 22]LogModuleManager: Shutting down and abandoning module VisualStudioSourceCodeAccess (250)
[2018.07.27-21.04.42:866][ 22]LogModuleManager: Shutting down and abandoning module HotReload (249)
[2018.07.27-21.04.42:866][ 22]LogModuleManager: Shutting down and abandoning module DirectoryWatcher (248)
[2018.07.27-21.04.42:866][ 22]LogModuleManager: Shutting down and abandoning module VisualStudioCodeSourceCodeAccess (244)
[2018.07.27-21.04.42:866][ 22]LogModuleManager: Shutting down and abandoning module UObjectPlugin (242)
[2018.07.27-21.04.42:866][ 22]LogModuleManager: Shutting down and abandoning module SubversionSourceControl (240)
[2018.07.27-21.04.42:866][ 22]LogModuleManager: Shutting down and abandoning module PerforceSourceControl (238)
[2018.07.27-21.04.42:866][ 22]LogModuleManager: Shutting down and abandoning module SourceControl (237)
[2018.07.27-21.04.42:866][ 22]LogModuleManager: Shutting down and abandoning module CLionSourceCodeAccess (234)
[2018.07.27-21.04.42:866][ 22]LogModuleManager: Shutting down and abandoning module RuntimePhysXCooking (232)
[2018.07.27-21.04.42:867][ 22]LogModuleManager: Shutting down and abandoning module PhysXVehiclesEditor (230)
[2018.07.27-21.04.42:867][ 22]LogModuleManager: Shutting down and abandoning module PhysXVehicles (228)
[2018.07.27-21.04.42:867][ 22]LogModuleManager: Shutting down and abandoning module LocationServicesBPLibrary (226)
[2018.07.27-21.04.42:867][ 22]LogModuleManager: Shutting down and abandoning module ImmediatePhysicsEditor (224)
[2018.07.27-21.04.42:867][ 22]LogModuleManager: Shutting down and abandoning module ImmediatePhysics (222)
[2018.07.27-21.04.42:867][ 22]LogModuleManager: Shutting down and abandoning module ActorSequence (220)
[2018.07.27-21.04.42:867][ 22]LogModuleManager: Shutting down and abandoning module UdpMessaging (218)
