Log file open, 07/26/18 21:53:22
LogWindows: Failed to load 'aqProf.dll' (GetLastError=126)
LogWindows: File 'aqProf.dll' does not exist
LogWindows: Failed to load 'VtuneApi.dll' (GetLastError=126)
LogWindows: File 'VtuneApi.dll' does not exist
LogWindows: Failed to load 'VtuneApi32e.dll' (GetLastError=126)
LogWindows: File 'VtuneApi32e.dll' does not exist
LogInit: Display: Running engine for game: FPBG
LogPlatformFile: Not using cached read wrapper
LogInit: Display: RandInit(-1710259681) SRandInit(-1710259680).
LogInit: Read version file with build ID '3944462'
LogInit: Overriding engine version to CL 4033788, compatible CL 3944462
LogInit: Registered custom module enumerator with build ID '3944462'
LogTaskGraph: Started task graph with 5 named threads and 14 total threads with 3 sets of task threads.
LogStats: Stats thread started at 0.284520
LogD3D11RHI: Aftermath initialized
LogICUInternationalization: Display: ICU TimeZone Detection - Raw Offset: +0:00, Platform Override: ''
LogModuleManager: Display: Found up-to-date module file ../../../Engine/Plugins/Online/OnlineSubsystemSteam/Binaries/Win64/UE4Editor-OnlineSubsystemSteam.dll (API version 3944462).
LogModuleManager: Display: Found up-to-date module file ../../../Engine/Plugins/Online/OnlineSubsystem/Binaries/Win64/UE4Editor-OnlineSubsystem.dll (API version 3944462).
LogModuleManager: Display: Found up-to-date module file ../../../Engine/Plugins/Online/OnlineSubsystemUtils/Binaries/Win64/UE4Editor-OnlineSubsystemUtils.dll (API version 3944462).
LogModuleManager: Display: Found up-to-date module file ../../../Engine/Plugins/Online/OnlineSubsystemUtils/Binaries/Win64/UE4Editor-OnlineBlueprintSupport.dll (API version 3944462).
LogModuleManager: Display: Found up-to-date module file ../../../Engine/Plugins/2D/Paper2D/Binaries/Win64/UE4Editor-Paper2D.dll (API version 3944462).
LogModuleManager: Display: Found up-to-date module file ../../../Engine/Plugins/2D/Paper2D/Binaries/Win64/UE4Editor-Paper2DEditor.dll (API version 3944462).
LogModuleManager: Display: Found up-to-date module file ../../../Engine/Plugins/2D/Paper2D/Binaries/Win64/UE4Editor-PaperSpriteSheetImporter.dll (API version 3944462).
LogModuleManager: Display: Found up-to-date module file ../../../Engine/Plugins/2D/Paper2D/Binaries/Win64/UE4Editor-PaperTiledImporter.dll (API version 3944462).
LogModuleManager: Display: Found up-to-date module file ../../../Engine/Plugins/2D/Paper2D/Binaries/Win64/UE4Editor-SmartSnapping.dll (API version 3944462).
LogModuleManager: Display: Found up-to-date module file ../../../Engine/Plugins/Blendables/LightPropagationVolume/Binaries/Win64/UE4Editor-LightPropagationVolumeRuntime.dll (API version 3944462).
LogModuleManager: Display: Found up-to-date module file ../../../Engine/Plugins/Blendables/LightPropagationVolume/Binaries/Win64/UE4Editor-LightPropagationVolumeEditor.dll (API version 3944462).
LogModuleManager: Display: Found up-to-date module file ../../../Engine/Plugins/Developer/CLionSourceCodeAccess/Binaries/Win64/UE4Editor-CLionSourceCodeAccess.dll (API version 3944462).
LogModuleManager: Display: Found up-to-date module file ../../../Engine/Plugins/Developer/GitSourceControl/Binaries/Win64/UE4Editor-GitSourceControl.dll (API version 3944462).
LogModuleManager: Display: Found up-to-date module file ../../../Engine/Plugins/Developer/PerforceSourceControl/Binaries/Win64/UE4Editor-PerforceSourceControl.dll (API version 3944462).
LogModuleManager: Display: Found up-to-date module file ../../../Engine/Plugins/Developer/SubversionSourceControl/Binaries/Win64/UE4Editor-SubversionSourceControl.dll (API version 3944462).
LogModuleManager: Display: Found up-to-date module file ../../../Engine/Plugins/Developer/UObjectPlugin/Binaries/Win64/UE4Editor-UObjectPlugin.dll (API version 3944462).
LogModuleManager: Display: Found up-to-date module file ../../../Engine/Plugins/Developer/VisualStudioCodeSourceCodeAccess/Binaries/Win64/UE4Editor-VisualStudioCodeSourceCodeAccess.dll (API version 3944462).
LogModuleManager: Display: Found up-to-date module file ../../../Engine/Plugins/Developer/VisualStudioSourceCodeAccess/Binaries/Win64/UE4Editor-VisualStudioSourceCodeAccess.dll (API version 3944462).
LogModuleManager: Display: Found up-to-date module file ../../../Engine/Plugins/Editor/AssetManagerEditor/Binaries/Win64/UE4Editor-AssetManagerEditor.dll (API version 3944462).
LogModuleManager: Display: Found up-to-date module file ../../../Engine/Plugins/Editor/CryptoKeys/Binaries/Win64/UE4Editor-CryptoKeys.dll (API version 3944462).
LogModuleManager: Display: Found up-to-date module file ../../../Engine/Plugins/Editor/CryptoKeys/Binaries/Win64/UE4Editor-CryptoKeysOpenSSL.dll (API version 3944462).
LogModuleManager: Display: Found up-to-date module file ../../../Engine/Plugins/Editor/DataValidation/Binaries/Win64/UE4Editor-DataValidation.dll (API version 3944462).
LogModuleManager: Display: Found up-to-date module file ../../../Engine/Plugins/Editor/FacialAnimation/Binaries/Win64/UE4Editor-FacialAnimation.dll (API version 3944462).
LogModuleManager: Display: Found up-to-date module file ../../../Engine/Plugins/Editor/FacialAnimation/Binaries/Win64/UE4Editor-FacialAnimationEditor.dll (API version 3944462).
LogModuleManager: Display: Found up-to-date module file ../../../Engine/Plugins/Editor/GameplayTagsEditor/Binaries/Win64/UE4Editor-GameplayTagsEditor.dll (API version 3944462).
LogModuleManager: Display: Found up-to-date module file ../../../Engine/Plugins/Editor/MobileLauncherProfileWizard/Binaries/Win64/UE4Editor-MobileLauncherProfileWizard.dll (API version 3944462).
LogModuleManager: Display: Found up-to-date module file ../../../Engine/Plugins/Editor/PluginBrowser/Binaries/Win64/UE4Editor-PluginBrowser.dll (API version 3944462).
LogModuleManager: Display: Found up-to-date module file ../../../Engine/Plugins/Editor/SpeedTreeImporter/Binaries/Win64/UE4Editor-SpeedTreeImporter.dll (API version 3944462).
LogModuleManager: Display: Found up-to-date module file ../../../Engine/Plugins/Enterprise/DatasmithContent/Binaries/Win64/UE4Editor-DatasmithContent.dll (API version 3944462).
LogModuleManager: Display: Found up-to-date module file ../../../Engine/Plugins/Experimental/AlembicImporter/Binaries/Win64/UE4Editor-AlembicImporter.dll (API version 3944462).
LogModuleManager: Display: Found up-to-date module file ../../../Engine/Plugins/Experimental/AlembicImporter/Binaries/Win64/UE4Editor-AlembicLibrary.dll (API version 3944462).
LogModuleManager: Display: Found up-to-date module file ../../../Engine/Plugins/Experimental/CharacterAI/Binaries/Win64/UE4Editor-CharacterAI.dll (API version 3944462).
LogModuleManager: Display: Found up-to-date module file ../../../Engine/Plugins/Experimental/HTML5Networking/Binaries/Win64/UE4Editor-HTML5Networking.dll (API version 3944462).
LogModuleManager: Display: Found up-to-date module file ../../../Engine/Plugins/Media/AndroidMedia/Binaries/Win64/UE4Editor-AndroidMediaEditor.dll (API version 3944462).
LogModuleManager: Display: Found up-to-date module file ../../../Engine/Plugins/Media/AndroidMedia/Binaries/Win64/UE4Editor-AndroidMediaFactory.dll (API version 3944462).
LogModuleManager: Display: Found up-to-date module file ../../../Engine/Plugins/Media/AvfMedia/Binaries/Win64/UE4Editor-AvfMediaEditor.dll (API version 3944462).
LogModuleManager: Display: Found up-to-date module file ../../../Engine/Plugins/Media/AvfMedia/Binaries/Win64/UE4Editor-AvfMediaFactory.dll (API version 3944462).
LogModuleManager: Display: Found up-to-date module file ../../../Engine/Plugins/Media/AvfMedia/Binaries/Win64/UE4Editor-AvfMediaFactory.dll (API version 3944462).
LogModuleManager: Display: Found up-to-date module file ../../../Engine/Plugins/Media/ImgMedia/Binaries/Win64/UE4Editor-ImgMedia.dll (API version 3944462).
LogModuleManager: Display: Found up-to-date module file ../../../Engine/Plugins/Media/ImgMedia/Binaries/Win64/UE4Editor-ImgMediaEditor.dll (API version 3944462).
LogModuleManager: Display: Found up-to-date module file ../../../Engine/Plugins/Media/ImgMedia/Binaries/Win64/UE4Editor-ImgMediaFactory.dll (API version 3944462).
LogModuleManager: Display: Found up-to-date module file ../../../Engine/Plugins/Media/ImgMedia/Binaries/Win64/UE4Editor-ImgMediaFactory.dll (API version 3944462).
LogModuleManager: Display: Found up-to-date module file ../../../Engine/Plugins/Media/ImgMedia/Binaries/Win64/UE4Editor-OpenExrWrapper.dll (API version 3944462).
LogModuleManager: Display: Found up-to-date module file ../../../Engine/Plugins/Media/LinearTimecode/Binaries/Win64/UE4Editor-LinearTimecode.dll (API version 3944462).
LogModuleManager: Display: Found up-to-date module file ../../../Engine/Plugins/Media/MediaCompositing/Binaries/Win64/UE4Editor-MediaCompositing.dll (API version 3944462).
LogModuleManager: Display: Found up-to-date module file ../../../Engine/Plugins/Media/MediaCompositing/Binaries/Win64/UE4Editor-MediaCompositingEditor.dll (API version 3944462).
LogModuleManager: Display: Found up-to-date module file ../../../Engine/Plugins/Media/MediaPlayerEditor/Binaries/Win64/UE4Editor-MediaPlayerEditor.dll (API version 3944462).
LogModuleManager: Display: Found up-to-date module file ../../../Engine/Plugins/Media/WmfMedia/Binaries/Win64/UE4Editor-WmfMedia.dll (API version 3944462).
LogModuleManager: Display: Found up-to-date module file ../../../Engine/Plugins/Media/WmfMedia/Binaries/Win64/UE4Editor-WmfMediaEditor.dll (API version 3944462).
LogModuleManager: Display: Found up-to-date module file ../../../Engine/Plugins/Media/WmfMedia/Binaries/Win64/UE4Editor-WmfMediaFactory.dll (API version 3944462).
LogModuleManager: Display: Found up-to-date module file ../../../Engine/Plugins/Media/WmfMedia/Binaries/Win64/UE4Editor-WmfMediaFactory.dll (API version 3944462).
LogModuleManager: Display: Found up-to-date module file ../../../Engine/Plugins/Messaging/TcpMessaging/Binaries/Win64/UE4Editor-TcpMessaging.dll (API version 3944462).
LogModuleManager: Display: Found up-to-date module file ../../../Engine/Plugins/Messaging/UdpMessaging/Binaries/Win64/UE4Editor-UdpMessaging.dll (API version 3944462).
LogModuleManager: Display: Found up-to-date module file ../../../Engine/Plugins/MovieScene/ActorSequence/Binaries/Win64/UE4Editor-ActorSequence.dll (API version 3944462).
LogModuleManager: Display: Found up-to-date module file ../../../Engine/Plugins/MovieScene/LevelSequenceEditor/Binaries/Win64/UE4Editor-LevelSequenceEditor.dll (API version 3944462).
LogModuleManager: Display: Found up-to-date module file ../../../Engine/Plugins/MovieScene/MatineeToLevelSequence/Binaries/Win64/UE4Editor-MatineeToLevelSequence.dll (API version 3944462).
LogModuleManager: Display: Found up-to-date module file ../../../Engine/Plugins/NetcodeUnitTest/NetcodeUnitTest/Binaries/Win64/UE4Editor-NetcodeUnitTest.dll (API version 3944462).
LogModuleManager: Display: Found up-to-date module file ../../../Engine/Plugins/NetcodeUnitTest/NUTUnrealEngine4/Binaries/Win64/UE4Editor-NUTUnrealEngine4.dll (API version 3944462).
LogModuleManager: Display: Found up-to-date module file ../../../Engine/Plugins/Runtime/AndroidPermission/Binaries/Win64/UE4Editor-AndroidPermission.dll (API version 3944462).
LogModuleManager: Display: Found up-to-date module file ../../../Engine/Plugins/Online/OnlineSubsystemNull/Binaries/Win64/UE4Editor-OnlineSubsystemNull.dll (API version 3944462).
LogModuleManager: Display: Found up-to-date module file ../../../Engine/Plugins/Runtime/AndroidDeviceProfileSelector/Binaries/Win64/UE4Editor-AndroidDeviceProfileSelector.dll (API version 3944462).
LogModuleManager: Display: Found up-to-date module file ../../../Engine/Plugins/Runtime/AppleARKit/Binaries/Win64/UE4Editor-AppleARKit.dll (API version 3944462).
LogModuleManager: Display: Found up-to-date module file ../../../Engine/Plugins/Runtime/ProceduralMeshComponent/Binaries/Win64/UE4Editor-ProceduralMeshComponent.dll (API version 3944462).
LogModuleManager: Display: Found up-to-date module file ../../../Engine/Plugins/Runtime/ProceduralMeshComponent/Binaries/Win64/UE4Editor-ProceduralMeshComponentEditor.dll (API version 3944462).
LogModuleManager: Display: Found up-to-date module file ../../../Engine/Plugins/Animation/LiveLink/Binaries/Win64/UE4Editor-LiveLink.dll (API version 3944462).
LogModuleManager: Display: Found up-to-date module file ../../../Engine/Plugins/Animation/LiveLink/Binaries/Win64/UE4Editor-LiveLinkEditor.dll (API version 3944462).
LogModuleManager: Display: Found up-to-date module file ../../../Engine/Plugins/Runtime/ArchVisCharacter/Binaries/Win64/UE4Editor-ArchVisCharacter.dll (API version 3944462).
LogModuleManager: Display: Found up-to-date module file ../../../Engine/Plugins/Runtime/AudioCapture/Binaries/Win64/UE4Editor-AudioCapture.dll (API version 3944462).
LogModuleManager: Display: Found up-to-date module file ../../../Engine/Plugins/Runtime/AudioCapture/Binaries/Win64/UE4Editor-AudioCaptureEditor.dll (API version 3944462).
LogModuleManager: Display: Found up-to-date module file ../../../Engine/Plugins/Runtime/CableComponent/Binaries/Win64/UE4Editor-CableComponent.dll (API version 3944462).
LogModuleManager: Display: Found up-to-date module file ../../../Engine/Plugins/Runtime/CustomMeshComponent/Binaries/Win64/UE4Editor-CustomMeshComponent.dll (API version 3944462).
LogModuleManager: Display: Found up-to-date module file ../../../Engine/Plugins/Runtime/ExampleDeviceProfileSelector/Binaries/Win64/UE4Editor-ExampleDeviceProfileSelector.dll (API version 3944462).
LogModuleManager: Display: Found up-to-date module file ../../../Engine/Plugins/Runtime/ImmediatePhysics/Binaries/Win64/UE4Editor-ImmediatePhysics.dll (API version 3944462).
LogModuleManager: Display: Found up-to-date module file ../../../Engine/Plugins/Runtime/ImmediatePhysics/Binaries/Win64/UE4Editor-ImmediatePhysicsEditor.dll (API version 3944462).
LogModuleManager: Display: Found up-to-date module file ../../../Engine/Plugins/Runtime/LocationServicesBPLibrary/Binaries/Win64/UE4Editor-LocationServicesBPLibrary.dll (API version 3944462).
LogModuleManager: Display: Found up-to-date module file ../../../Engine/Plugins/Runtime/MobilePatchingUtils/Binaries/Win64/UE4Editor-MobilePatchingUtils.dll (API version 3944462).
LogModuleManager: Display: Found up-to-date module file ../../../Engine/Plugins/Runtime/Oculus/OculusVR/Binaries/Win64/UE4Editor-OculusHMD.dll (API version 3944462).
LogModuleManager: Display: Found up-to-date module file ../../../Engine/Plugins/Runtime/Oculus/OculusVR/Binaries/Win64/UE4Editor-OculusInput.dll (API version 3944462).
LogModuleManager: Display: Found up-to-date module file ../../../Engine/Plugins/Runtime/Oculus/OculusVR/Binaries/Win64/UE4Editor-OculusEditor.dll (API version 3944462).
LogModuleManager: Display: Found up-to-date module file ../../../Engine/Plugins/Runtime/PhysXVehicles/Binaries/Win64/UE4Editor-PhysXVehicles.dll (API version 3944462).
LogModuleManager: Display: Found up-to-date module file ../../../Engine/Plugins/Runtime/PhysXVehicles/Binaries/Win64/UE4Editor-PhysXVehiclesEditor.dll (API version 3944462).
LogModuleManager: Display: Found up-to-date module file ../../../Engine/Plugins/Runtime/RuntimePhysXCooking/Binaries/Win64/UE4Editor-RuntimePhysXCooking.dll (API version 3944462).
LogModuleManager: Display: Found up-to-date module file ../../../Engine/Plugins/Runtime/Steam/SteamVR/Binaries/Win64/UE4Editor-SteamVR.dll (API version 3944462).
LogModuleManager: Display: Found up-to-date module file ../../../Engine/Plugins/Runtime/Steam/SteamVR/Binaries/Win64/UE4Editor-SteamVRController.dll (API version 3944462).
LogModuleManager: Display: Found up-to-date module file ../../../Engine/Plugins/Runtime/WindowsMoviePlayer/Binaries/Win64/UE4Editor-WindowsMoviePlayer.dll (API version 3944462).
LogPluginManager: Mounting plugin Paper2D
LogPluginManager: Mounting plugin LiveLink
LogPluginManager: Mounting plugin LightPropagationVolume
LogPluginManager: Mounting plugin CLionSourceCodeAccess
LogPluginManager: Mounting plugin CodeLiteSourceCodeAccess
LogPluginManager: Mounting plugin GitSourceControl
LogPluginManager: Mounting plugin KDevelopSourceCodeAccess
LogPluginManager: Mounting plugin NullSourceCodeAccess
LogPluginManager: Mounting plugin PerforceSourceControl
LogPluginManager: Mounting plugin SubversionSourceControl
LogPluginManager: Mounting plugin UObjectPlugin
LogPluginManager: Mounting plugin VisualStudioCodeSourceCodeAccess
LogPluginManager: Mounting plugin VisualStudioSourceCodeAccess
LogPluginManager: Mounting plugin XCodeSourceCodeAccess
LogPluginManager: Mounting plugin AssetManagerEditor
LogPluginManager: Mounting plugin CryptoKeys
LogPluginManager: Mounting plugin DataValidation
LogPluginManager: Mounting plugin FacialAnimation
LogPluginManager: Mounting plugin GameplayTagsEditor
LogPluginManager: Mounting plugin MobileLauncherProfileWizard
LogPluginManager: Mounting plugin PluginBrowser
LogPluginManager: Mounting plugin SpeedTreeImporter
LogPluginManager: Mounting plugin DatasmithContent
LogPluginManager: Mounting plugin AlembicImporter
LogPluginManager: Mounting plugin CharacterAI
LogPluginManager: Mounting plugin HTML5Networking
LogPluginManager: Mounting plugin AndroidMedia
LogPluginManager: Mounting plugin AvfMedia
LogPluginManager: Mounting plugin ImgMedia
LogPluginManager: Mounting plugin LinearTimecode
LogPluginManager: Mounting plugin MediaCompositing
LogPluginManager: Mounting plugin MediaPlayerEditor
LogPluginManager: Mounting plugin WmfMedia
LogPluginManager: Mounting plugin TcpMessaging
LogPluginManager: Mounting plugin UdpMessaging
LogPluginManager: Mounting plugin ActorSequence
LogPluginManager: Mounting plugin LevelSequenceEditor
LogPluginManager: Mounting plugin MatineeToLevelSequence
LogPluginManager: Mounting plugin NetcodeUnitTest
LogPluginManager: Mounting plugin NUTUnrealEngine4
LogPluginManager: Mounting plugin OnlineSubsystemGooglePlay
LogPluginManager: Mounting plugin OnlineSubsystemIOS
LogPluginManager: Mounting plugin OnlineSubsystem
LogPluginManager: Mounting plugin OnlineSubsystemNull
LogPluginManager: Mounting plugin OnlineSubsystemSteam
LogPluginManager: Mounting plugin OnlineSubsystemUtils
LogPluginManager: Mounting plugin AndroidDeviceProfileSelector
LogPluginManager: Mounting plugin AndroidMoviePlayer
LogPluginManager: Mounting plugin AndroidPermission
LogPluginManager: Mounting plugin AppleARKit
LogPluginManager: Mounting plugin AppleMoviePlayer
LogPluginManager: Mounting plugin ArchVisCharacter
LogPluginManager: Mounting plugin AudioCapture
LogPluginManager: Mounting plugin CableComponent
LogPluginManager: Mounting plugin CustomMeshComponent
LogPluginManager: Mounting plugin ExampleDeviceProfileSelector
LogPluginManager: Mounting plugin GoogleCloudMessaging
LogPluginManager: Mounting plugin ImmediatePhysics
LogPluginManager: Mounting plugin IOSDeviceProfileSelector
LogPluginManager: Mounting plugin LinuxDeviceProfileSelector
LogPluginManager: Mounting plugin LocationServicesBPLibrary
LogPluginManager: Mounting plugin MobilePatchingUtils
LogPluginManager: Mounting plugin OculusVR
LogPluginManager: Plugin shader directory ../../../Engine/Plugins/Runtime/Oculus/OculusVR/Shaders found
LogPluginManager: Mapping shader source directory ../../../Engine/Plugins/Runtime/Oculus/OculusVR/Shaders to virtual directory /Plugin/OculusVR
LogPluginManager: Mounting plugin PhysXVehicles
LogPluginManager: Mounting plugin ProceduralMeshComponent
LogPluginManager: Mounting plugin RuntimePhysXCooking
LogPluginManager: Mounting plugin SteamVR
LogPluginManager: Mounting plugin WindowsMoviePlayer
LogStreaming: Display: Took  3.166s to configure plugins.
LogInit: Using libcurl 7.47.1
LogInit:  - built for x86_64-pc-win32
LogInit:  - supports SSL with OpenSSL/1.0.2g
LogInit:  - supports HTTP deflate (compression) using libz 1.2.8
LogInit:  - other features:
LogInit:      CURL_VERSION_SSL
LogInit:      CURL_VERSION_LIBZ
LogInit:      CURL_VERSION_IPV6
LogInit:      CURL_VERSION_ASYNCHDNS
LogInit:      CURL_VERSION_LARGEFILE
LogInit:      CURL_VERSION_IDN
LogInit:  CurlRequestOptions (configurable via config and command line):
LogInit:  - bVerifyPeer = false  - Libcurl will NOT verify peer certificate
LogInit:  - bUseHttpProxy = false  - Libcurl will NOT use HTTP proxy
LogInit:  - bDontReuseConnections = false  - Libcurl will reuse connections
LogInit:  - CertBundlePath = nullptr  - Libcurl will use whatever was configured at build time.
LogInit:  - MaxHostConnections = 16  - Libcurl will limit the number of connections to a host
LogInit:  - LocalHostAddr = Default
LogOnline: Display: STEAM: Loading Steam SDK 1.39
LogOnline: Warning: STEAM: Steam API disabled!
LogOnline: Display: STEAM: OnlineSubsystemSteam::Shutdown()
LogInit: WinSock: version 1.1 (2.2), MaxSocks=32767, MaxUdp=65467
LogInit: WinSock: I am Q6600 (192.168.1.42:0)
LogInit: Build: ++UE4+Release-4.19-CL-4033788
LogInit: Engine Version: 4.19.2-4033788+++UE4+Release-4.19
LogInit: Compatible Engine Version: 4.19.0-3944462+++UE4+Release-4.19
LogInit: Net CL: 3944462
LogDevObjectVersion: Number of dev versions registered: 18
LogDevObjectVersion:   Dev-Blueprints (B0D832E4-1F89-4F0D-ACCF-7EB736FD4AA2): 10
LogDevObjectVersion:   Dev-Build (E1C64328-A22C-4D53-A36C-8E866417BD8C): 0
LogDevObjectVersion:   Dev-Core (375EC13C-06E4-48FB-B500-84F0262A717E): 2
LogDevObjectVersion:   Dev-Editor (E4B068ED-F494-42E9-A231-DA0B2E46BB41): 23
LogDevObjectVersion:   Dev-Framework (CFFC743F-43B0-4480-9391-14DF171D2073): 33
LogDevObjectVersion:   Dev-Mobile (B02B49B5-BB20-44E9-A304-32B752E40360): 2
LogDevObjectVersion:   Dev-Networking (A4E4105C-59A1-49B5-A7C5-40C4547EDFEE): 0
LogDevObjectVersion:   Dev-Online (39C831C9-5AE6-47DC-9A44-9C173E1C8E7C): 0
LogDevObjectVersion:   Dev-Physics (78F01B33-EBEA-4F98-B9B4-84EACCB95AA2): 0
LogDevObjectVersion:   Dev-Platform (6631380F-2D4D-43E0-8009-CF276956A95A): 0
LogDevObjectVersion:   Dev-Rendering (12F88B9F-8875-4AFC-A67C-D90C383ABD29): 25
LogDevObjectVersion:   Dev-Sequencer (7B5AE74C-D270-4C10-A958-57980B212A5A): 6
LogDevObjectVersion:   Dev-VR (D7296918-1DD6-4BDD-9DE2-64A83CC13884): 1
LogDevObjectVersion:   Dev-LoadTimes (C2A15278-BFE7-4AFE-6C17-90FF531DF755): 1
LogDevObjectVersion:   Private-Geometry (6EACA3D4-40EC-4CC1-B786-8BED09428FC5): 2
LogDevObjectVersion:   Dev-AnimPhys (29E575DD-E0A3-4627-9D10-D276232CDCEA): 16
LogDevObjectVersion:   Dev-ReflectionCapture (6B266CEC-1EC7-4B8F-A30B-E4D90942FC07): 1
LogDevObjectVersion:   Dev-Automation (0DF73D61-A23F-47EA-B727-89E90C41499A): 1
LogInit: Compiled (64-bit): Apr 27 2018 02:06:57
LogInit: Compiled with Visual C++: 19.00.24215.01
LogInit: Build Configuration: Development
LogInit: Branch Name: ++UE4+Release-4.19
LogInit: Command Line:  127.0.0.1:17777 -game -PIEVIACONSOLE -ResX=640 -ResY=480  -Multiprocess -messaging -SessionName="Play in Standalone Game" -windowed GameUserSettingsINI="F:/Juegos/UE_Projects/FPBG/Saved/Config/Windows/PIEGameUserSettings2.ini" -MultiprocessSaveConfig  -MultiprocessOSS WinX=8 WinY=31 SAVEWINPOS=1
LogInit: Base Directory: F:/Juegos/UE_4.19/Engine/Binaries/Win64/
LogInit: Installed Engine Build: 1
LogStreaming: Display: Took  0.010s to delete old logs.
LogInit: Presizing for max 8388607 objects, including 0 objects not considered by GC, pre-allocating 0 bytes for permanent pool.
LogInit: Object subsystem initialized
[2018.07.26-20.53.26:208][  0]LogInit: Selected Device Profile: [Windows]
[2018.07.26-20.53.26:208][  0]LogInit: Applying CVar settings loaded from the selected device profile: [Windows]
[2018.07.26-20.53.26:218][  0]LogInit: Computer: Q6600
[2018.07.26-20.53.26:218][  0]LogInit: User: bitt3rman
[2018.07.26-20.53.26:218][  0]LogInit: CPU Page size=4096, Cores=4
[2018.07.26-20.53.26:218][  0]LogInit: High frequency timer resolution =2.343833 MHz
[2018.07.26-20.53.26:218][  0]LogMemory: Memory total: Physical=8.0GB (8GB approx)
[2018.07.26-20.53.26:218][  0]LogMemory: Platform Memory Stats for Windows
[2018.07.26-20.53.26:218][  0]LogMemory: Process Physical Memory: 274.76 MB used, 274.76 MB peak
[2018.07.26-20.53.26:218][  0]LogMemory: Process Virtual Memory: 270.21 MB used, 270.21 MB peak
[2018.07.26-20.53.26:219][  0]LogMemory: Physical Memory: 5200.81 MB used,  2989.68 MB free, 8190.49 MB total
[2018.07.26-20.53.26:219][  0]LogMemory: Virtual Memory: 4776.43 MB used,  2989.68 MB free, 134217728.00 MB total
[2018.07.26-20.53.26:271][  0]LogInit: Using OS detected language (es-ES).
[2018.07.26-20.53.26:272][  0]LogInit: Using OS detected locale (es-ES).
[2018.07.26-20.53.26:272][  0]LogTextLocalizationManager: No localization for 'es-ES' exists, so 'en' will be used for the language.
[2018.07.26-20.53.26:272][  0]LogTextLocalizationManager: No localization for 'es-ES' exists, so 'en' will be used for the locale.
[2018.07.26-20.53.27:427][  0]LogStreaming: Display: Took  1.155s to EndInitTextLocalization.
[2018.07.26-20.53.27:480][  0]LogSlate: New Slate User Created.  User Index 0, Is Virtual User: 0
[2018.07.26-20.53.27:480][  0]LogSlate: Slate User Registered.  User Index 0, Is Virtual User: 0
[2018.07.26-20.53.27:487][  0]LogD3D11RHI: D3D11 adapters:
[2018.07.26-20.53.27:608][  0]LogD3D11RHI:    0. 'NVIDIA GeForce GT 730' (Feature Level 11_0)
[2018.07.26-20.53.27:608][  0]LogD3D11RHI:       2018/0/4095 MB DedicatedVideo/DedicatedSystem/SharedSystem, Outputs:1, VendorId:0x10de
[2018.07.26-20.53.27:613][  0]LogD3D11RHI:    1. 'Microsoft Basic Render Driver' (Feature Level 11_0)
[2018.07.26-20.53.27:613][  0]LogD3D11RHI:       0/0/4095 MB DedicatedVideo/DedicatedSystem/SharedSystem, Outputs:0, VendorId:0x1414
[2018.07.26-20.53.27:613][  0]LogD3D11RHI: Chosen D3D11 Adapter: 0
[2018.07.26-20.53.27:634][  0]LogD3D11RHI: Creating new Direct3DDevice
[2018.07.26-20.53.27:634][  0]LogD3D11RHI:     GPU DeviceId: 0x1287 (for the marketing name, search the web for "GPU Device Id")
[2018.07.26-20.53.27:634][  0]LogWindows: EnumDisplayDevices:
[2018.07.26-20.53.27:634][  0]LogWindows:    0. 'NVIDIA GeForce GT 730' (P:1 D:1)
[2018.07.26-20.53.27:635][  0]LogWindows:    1. 'NVIDIA GeForce GT 730' (P:0 D:0)
[2018.07.26-20.53.27:635][  0]LogWindows:    2. 'NVIDIA GeForce GT 730' (P:0 D:0)
[2018.07.26-20.53.27:635][  0]LogWindows: DebugString: GetVideoDriverDetailsInvalid PrimaryIsNotTheChoosenAdapter GetVideoDriverDetailsInvalid PrimaryIsNotTheChoosenAdapter GetVideoDriverDetailsInvalid PrimaryIsNotTheChoosenAdapter FoundDriverCount:0 
[2018.07.26-20.53.27:635][  0]LogD3D11RHI:     Adapter Name: NVIDIA GeForce GT 730
[2018.07.26-20.53.27:636][  0]LogD3D11RHI:   Driver Version: Unknown (internal:Unknown, unified:Unknown)
[2018.07.26-20.53.27:636][  0]LogD3D11RHI:      Driver Date: Unknown
[2018.07.26-20.53.27:636][  0]LogRHI: Texture pool is 1413 MB (70% of 2018 MB)
[2018.07.26-20.53.27:715][  0]LogD3D11RHI: [Aftermath] Aftermath enabled but failed to initialize
[2018.07.26-20.53.27:715][  0]LogD3D11RHI: [Aftermath] Aftermath enabled and primed
[2018.07.26-20.53.27:715][  0]LogD3D11RHI: Async texture creation enabled
[2018.07.26-20.53.27:739][  0]LogD3D11RHI: GPU Timing Frequency: 1000.000000 (Debug: 2 1)
[2018.07.26-20.53.27:744][  0]LogShaderCompilers: Guid format shader working directory is 22 characters bigger than the processId version (../../../../UE_Projects/FPBG/Intermediate/Shaders/WorkingDirectory/8368/).
[2018.07.26-20.53.27:744][  0]LogShaderCompilers: Cleaned the shader compiler working directory 'C:/Users/bitt3rman/AppData/Local/Temp/UnrealShaderWorkingDir/8DB3D4734431E6499D92B7985AA33023/'.
[2018.07.26-20.53.28:803][  0]LogTemp: Display: Loaded TP WindowsClientTargetPlatform
[2018.07.26-20.53.28:841][  0]LogTemp: Display: Loaded TP WindowsNoEditorTargetPlatform
[2018.07.26-20.53.28:879][  0]LogTemp: Display: Loaded TP WindowsServerTargetPlatform
[2018.07.26-20.53.28:920][  0]LogTemp: Display: Loaded TP WindowsTargetPlatform
[2018.07.26-20.53.28:920][  0]LogTargetPlatformManager: Display: Building Assets For Windows
[2018.07.26-20.53.29:281][  0]LogXGEController: Cannot use XGE Controller as Incredibuild is not installed on this machine.
[2018.07.26-20.53.29:281][  0]LogShaderCompilers: Cannot use XGE Shader Compiler as Incredibuild is not installed on this machine.
[2018.07.26-20.53.29:281][  0]LogShaderCompilers: Display: Using Local Shader Compiler.
[2018.07.26-20.53.31:493][  0]LogDerivedDataCache: Display: Max Cache Size: 512 MB
[2018.07.26-20.53.31:846][  0]LogDerivedDataCache: Loaded boot cache 0.35s 74MB C:/Users/bitt3rman/AppData/Local/UnrealEngine/4.19/DerivedDataCache/Boot.ddc.
[2018.07.26-20.53.31:846][  0]LogDerivedDataCache: Display: Loaded Boot cache: C:/Users/bitt3rman/AppData/Local/UnrealEngine/4.19/DerivedDataCache/Boot.ddc
[2018.07.26-20.53.31:846][  0]LogDerivedDataCache: FDerivedDataBackendGraph:  Pak pak cache file ../../../../UE_Projects/FPBG/DerivedDataCache/DDC.ddp not found, will not use a pak cache.
[2018.07.26-20.53.31:846][  0]LogDerivedDataCache: Unable to find inner node Pak for hierarchical cache Hierarchy.
[2018.07.26-20.53.31:846][  0]LogDerivedDataCache: FDerivedDataBackendGraph:  CompressedPak pak cache file ../../../../UE_Projects/FPBG/DerivedDataCache/Compressed.ddp not found, will not use a pak cache.
[2018.07.26-20.53.31:846][  0]LogDerivedDataCache: Unable to find inner node CompressedPak for hierarchical cache Hierarchy.
[2018.07.26-20.53.31:877][  0]LogDerivedDataCache: Display: Pak cache opened for reading ../../../Engine/DerivedDataCache/Compressed.ddp.
[2018.07.26-20.53.31:902][  0]LogDerivedDataCache: Using Local data cache path C:/Users/bitt3rman/AppData/Local/UnrealEngine/Common/DerivedDataCache: Writable
[2018.07.26-20.53.31:902][  0]LogDerivedDataCache: Shared data cache path not found in *engine.ini, will not use an Shared cache.
[2018.07.26-20.53.31:902][  0]LogDerivedDataCache: Unable to find inner node Shared for hierarchical cache Hierarchy.
[2018.07.26-20.53.31:934][  0]LogMaterial: Verifying Global Shaders for PCD3D_SM5
[2018.07.26-20.53.31:934][  0]LogSlate: Using Freetype 2.6.0
[2018.07.26-20.53.31:936][  0]LogSlate: SlateFontCache - WITH_FREETYPE: 1, WITH_HARFBUZZ: 1
[2018.07.26-20.53.31:936][  0]LogSlate: SlateFontCache - WITH_FREETYPE: 1, WITH_HARFBUZZ: 1
[2018.07.26-20.53.32:264][  0]LogAssetRegistry: FAssetRegistry took 0.0141 seconds to start up
[2018.07.26-20.53.32:995][  0]LogPackageLocalizationCache: Processed 9 localized package path(s) for 1 prioritized culture(s) in 0.043071 seconds
[2018.07.26-20.53.33:289][  0]LogInit: Selected Device Profile: [Windows]
[2018.07.26-20.53.33:677][  0]LogSimplygon: Simplygon DLL not present - disabling.
[2018.07.26-20.53.33:684][  0]LogMeshReduction: Using SimplygonSwarm for distributed automatic mesh merging
[2018.07.26-20.53.33:684][  0]LogMeshReduction: Using QuadricMeshReduction for automatic static mesh reduction
[2018.07.26-20.53.33:684][  0]LogMeshReduction: No automatic skeletal mesh reduction module available
[2018.07.26-20.53.33:684][  0]LogMeshReduction: No automatic mesh merging module available
[2018.07.26-20.53.33:684][  0]LogMeshMerging: No automatic mesh merging module available
[2018.07.26-20.53.33:771][  0]LogNetVersion: FPBG , NetCL: 3944462, EngineNetVer: 2, GameNetVer: 0 (Checksum: 1413110598)
[2018.07.26-20.53.35:901][  0]LogMoviePlayer: Initializing movie player
[2018.07.26-20.53.36:897][  0]LogTcpMessaging: Initializing TcpMessaging bridge
[2018.07.26-20.53.36:986][  0]LogUdpMessaging: Initializing bridge on interface 0.0.0.0:0 to multicast group 230.0.0.1:6666.
[2018.07.26-20.53.37:745][  0]SourceControl: Source control is disabled
[2018.07.26-20.53.37:745][  0]SourceControl: Source control is disabled
[2018.07.26-20.53.37:809][  0]SourceControl: Source control is disabled
[2018.07.26-20.53.38:925][  0]LogAndroidPermission: UAndroidPermissionCallbackProxy::GetInstance
[2018.07.26-20.53.39:522][  0]LogOcInput: OculusInput pre-init called
[2018.07.26-20.53.39:662][  0]LogUObjectArray: 40131 objects as part of root set at end of initial load.
[2018.07.26-20.53.39:663][  0]LogUObjectAllocator: 8578472 out of 0 bytes used by permanent object pool.
[2018.07.26-20.53.39:663][  0]LogUObjectArray: CloseDisregardForGC: 0/0 objects in disregard for GC pool
[2018.07.26-20.53.39:767][  0]LogEngine: Initializing Engine...
[2018.07.26-20.53.39:771][  0]LogHMD: Failed to initialize OpenVR with code 110
[2018.07.26-20.53.39:787][  0]LogStats: UGameplayTagsManager::ConstructGameplayTagTree: Construct from data asset -  0.000 s
[2018.07.26-20.53.39:787][  0]LogStats: UGameplayTagsManager::ConstructGameplayTagTree: GameplayTagTreeChangedEvent.Broadcast -  0.000 s
[2018.07.26-20.53.40:436][  0]LogInit: XAudio2 using 'Speakers (High Definition Audio Device)' : 2 channels at 48 kHz using 16 bits per sample (channel mask 0x3)
[2018.07.26-20.53.40:565][  0]LogInit: FAudioDevice initialized.
[2018.07.26-20.53.40:677][  0]LogInit: Texture streaming: Enabled
[2018.07.26-20.53.41:047][  0]LogUObjectGlobals: Created PersistentFrame Addr=0x0000019e9ab32e80, Size=632, Default__GameInfoInstance_C Function /Game/Blueprints/AllLevels/GameInfoInstance.GameInfoInstance_C:ExecuteUbergraph_GameInfoInstance
[2018.07.26-20.53.41:067][  0]LogUObjectGlobals: Created PersistentFrame Addr=0x0000019e9a28d648, Size=40, Default__ErrorDialog_C Function /Game/UI/MainMenu/ErrorDialog.ErrorDialog_C:ExecuteUbergraph_ErrorDialog
[2018.07.26-20.53.41:090][  0]LogUObjectGlobals: Created PersistentFrame Addr=0x0000019e9ab1bee0, Size=96, Default__HostMenu_C Function /Game/UI/MainMenu/HostMenu.HostMenu_C:ExecuteUbergraph_HostMenu
[2018.07.26-20.53.41:104][  0]LogUObjectGlobals: Created PersistentFrame Addr=0x0000019e8c842ec0, Size=64, Default__MainMenu_C Function /Game/UI/MainMenu/MainMenu.MainMenu_C:ExecuteUbergraph_MainMenu
[2018.07.26-20.53.41:150][  0]LogUObjectGlobals: Created PersistentFrame Addr=0x0000019e8c836b70, Size=104, Default__OptionsMenu_C Function /Game/UI/MainMenu/OptionsMenu.OptionsMenu_C:ExecuteUbergraph_OptionsMenu
[2018.07.26-20.53.41:166][  0]LogUObjectGlobals: Created PersistentFrame Addr=0x0000019e8c803100, Size=608, Default__ServerMenu_C Function /Game/UI/MainMenu/ServerMenu.ServerMenu_C:ExecuteUbergraph_ServerMenu
[2018.07.26-20.53.41:297][  0]LogUObjectGlobals: Destroyed PersistentFrame Addr=0x0000019e9ab32e80, Size=632
[2018.07.26-20.53.41:297][  0]LogUObjectGlobals: Created PersistentFrame Addr=0x0000019e8c823380, Size=632, Default__GameInfoInstance_C Function /Engine/Transient.REINST_GameInfoInstance_C_2:ExecuteUbergraph_GameInfoInstance
[2018.07.26-20.53.41:298][  0]LogUObjectGlobals: Destroyed PersistentFrame Addr=0x0000019e9a28d648, Size=40
[2018.07.26-20.53.41:298][  0]LogUObjectGlobals: Created PersistentFrame Addr=0x0000019e9ab0e098, Size=40, Default__ErrorDialog_C Function /Engine/Transient.REINST_ErrorDialog_C_0:ExecuteUbergraph_ErrorDialog
[2018.07.26-20.53.41:299][  0]LogUObjectGlobals: Destroyed PersistentFrame Addr=0x0000019e9ab1bee0, Size=96
[2018.07.26-20.53.41:299][  0]LogUObjectGlobals: Created PersistentFrame Addr=0x0000019e9ab1bee0, Size=96, Default__HostMenu_C Function /Engine/Transient.REINST_HostMenu_C_1:ExecuteUbergraph_HostMenu
[2018.07.26-20.53.41:300][  0]LogUObjectGlobals: Destroyed PersistentFrame Addr=0x0000019e8c842ec0, Size=64
[2018.07.26-20.53.41:300][  0]LogUObjectGlobals: Created PersistentFrame Addr=0x0000019e9aa4d1c0, Size=64, Default__MainMenu_C Function /Engine/Transient.REINST_MainMenu_C_3:ExecuteUbergraph_MainMenu
[2018.07.26-20.53.41:301][  0]LogUObjectGlobals: Destroyed PersistentFrame Addr=0x0000019e8c836b70, Size=104
[2018.07.26-20.53.41:301][  0]LogUObjectGlobals: Created PersistentFrame Addr=0x0000019e9aa70170, Size=104, Default__OptionsMenu_C Function /Engine/Transient.REINST_OptionsMenu_C_4:ExecuteUbergraph_OptionsMenu
[2018.07.26-20.53.41:303][  0]LogUObjectGlobals: Destroyed PersistentFrame Addr=0x0000019e8c803100, Size=608
[2018.07.26-20.53.41:303][  0]LogUObjectGlobals: Created PersistentFrame Addr=0x0000019e8c822e80, Size=608, Default__ServerMenu_C Function /Engine/Transient.REINST_ServerMenu_C_5:ExecuteUbergraph_ServerMenu
[2018.07.26-20.53.41:399][  0]LogUObjectGlobals: Created PersistentFrame Addr=0x0000019e9a674400, Size=632, Default__GameInfoInstance_C Function /Game/Blueprints/AllLevels/GameInfoInstance.GameInfoInstance_C:ExecuteUbergraph_GameInfoInstance
[2018.07.26-20.53.41:403][  0]LogUObjectGlobals: Created PersistentFrame Addr=0x0000019e9ab0e980, Size=40, Default__ErrorDialog_C Function /Game/UI/MainMenu/ErrorDialog.ErrorDialog_C:ExecuteUbergraph_ErrorDialog
[2018.07.26-20.53.41:410][  0]LogUObjectGlobals: Created PersistentFrame Addr=0x0000019e9a63f340, Size=96, Default__HostMenu_C Function /Game/UI/MainMenu/HostMenu.HostMenu_C:ExecuteUbergraph_HostMenu
[2018.07.26-20.53.41:415][  0]LogUObjectGlobals: Created PersistentFrame Addr=0x0000019e9aa60100, Size=56, Default__MainMenu_C Function /Game/UI/MainMenu/MainMenu.MainMenu_C:ExecuteUbergraph_MainMenu
[2018.07.26-20.53.41:421][  0]LogUObjectGlobals: Created PersistentFrame Addr=0x0000019e9a5b9670, Size=104, Default__OptionsMenu_C Function /Game/UI/MainMenu/OptionsMenu.OptionsMenu_C:ExecuteUbergraph_OptionsMenu
[2018.07.26-20.53.41:430][  0]LogUObjectGlobals: Created PersistentFrame Addr=0x0000019e9a5e6700, Size=592, Default__ServerMenu_C Function /Game/UI/MainMenu/ServerMenu.ServerMenu_C:ExecuteUbergraph_ServerMenu
[2018.07.26-20.53.41:505][  0]LogInit: Display: Game Engine Initialized.
[2018.07.26-20.53.41:505][  0]LogGameplayTags: Display: UGameplayTagsManager::DoneAddingNativeTags. DelegateIsBound: 0
[2018.07.26-20.53.41:505][  0]LogStats: UGameplayTagsManager::ConstructGameplayTagTree: Construct from data asset -  0.000 s
[2018.07.26-20.53.41:506][  0]LogStats: UGameplayTagsManager::ConstructGameplayTagTree: GameplayTagTreeChangedEvent.Broadcast -  0.000 s
[2018.07.26-20.53.41:939][  0]LogInit: Display: Starting Game.
[2018.07.26-20.53.41:940][  0]LogNet: Browse: 127.0.0.1:17777//Game/Maps/MainMenu?Name=Player
[2018.07.26-20.53.41:940][  0]LogOnline: Warning: STEAM: Steam API disabled!
[2018.07.26-20.53.41:940][  0]LogOnline: Display: STEAM: OnlineSubsystemSteam::Shutdown()
[2018.07.26-20.53.41:940][  0]LogTemp: Display: ParseSettings for GameNetDriver
[2018.07.26-20.53.41:940][  0]LogTemp: Display: ParseSettings for IpNetDriver_0
[2018.07.26-20.53.41:940][  0]LogTemp: Display: ParseSettings for PendingNetDriver
[2018.07.26-20.53.41:941][  0]LogInit: WinSock: Socket queue 32768 / 32768
[2018.07.26-20.53.41:943][  0]PacketHandlerLog: Loaded PacketHandler component: Engine.EngineHandlerComponentFactory (StatelessConnectHandlerComponent)
[2018.07.26-20.53.41:943][  0]LogNet: Game client on port 17777, rate 10000
[2018.07.26-20.53.42:095][  0]LogLoad: (Engine Initialization) Total time: 22.16 seconds
[2018.07.26-20.53.42:096][  0]LogLoad: (Engine Initialization) Total Blueprint compile time: 0.00 seconds
[2018.07.26-20.53.42:134][  0]LogContentStreaming: Texture pool size now 1000 MB
[2018.07.26-20.53.44:247][ 28]LogHandshake: SendChallengeResponse. Timestamp: 0.600646, Cookie: 132174154054102060194014137054100255250016231167031092077102
[2018.07.26-20.53.44:263][ 29]LogNetVersion: FPBG 1.0.0.0, NetCL: 3944462, EngineNetVer: 2, GameNetVer: 0 (Checksum: 272724767)
[2018.07.26-20.53.44:263][ 29]LogNet: UPendingNetGame::SendInitialJoin: Sending hello. [UNetConnection] RemoteAddr: 127.0.0.1:17777, Name: IpConnection_0, Driver: PendingNetDriver IpNetDriver_0, IsServer: NO, PC: NULL, Owner: NULL, UniqueId: INVALID
[2018.07.26-20.53.44:300][ 31]LogNet: Welcomed by server (Level: /Game/Maps/MainMenu, Game: /Game/FirstPersonBP/Blueprints/FirstPersonGameMode.FirstPersonGameMode_C)
[2018.07.26-20.53.44:302][ 31]LogLoad: LoadMap: 127.0.0.1:17777//Game/Maps/MainMenu?Name=Player?game=/Game/FirstPersonBP/Blueprints/FirstPersonGameMode.FirstPersonGameMode_C
[2018.07.26-20.53.44:331][ 31]LogUObjectGlobals: Destroyed PersistentFrame Addr=0x0000019e8c823380, Size=632
[2018.07.26-20.53.44:331][ 31]LogUObjectGlobals: Destroyed PersistentFrame Addr=0x0000019e9ab0e098, Size=40
[2018.07.26-20.53.44:331][ 31]LogUObjectGlobals: Destroyed PersistentFrame Addr=0x0000019e9ab1bee0, Size=96
[2018.07.26-20.53.44:331][ 31]LogUObjectGlobals: Destroyed PersistentFrame Addr=0x0000019e9aa4d1c0, Size=64
[2018.07.26-20.53.44:331][ 31]LogUObjectGlobals: Destroyed PersistentFrame Addr=0x0000019e9aa70170, Size=104
[2018.07.26-20.53.44:331][ 31]LogUObjectGlobals: Destroyed PersistentFrame Addr=0x0000019e8c822e80, Size=608
[2018.07.26-20.53.44:340][ 31]LogUObjectGlobals: Created PersistentFrame Addr=0x0000019e9a67b500, Size=32, Default__MainMenu_C Function /Game/Maps/MainMenu.MainMenu_C:ExecuteUbergraph_MainMenu
[2018.07.26-20.53.44:342][ 31]LogUObjectGlobals: Destroyed PersistentFrame Addr=0x0000019e9a67b500, Size=32
[2018.07.26-20.53.44:342][ 31]LogUObjectGlobals: Created PersistentFrame Addr=0x0000019e9a67b500, Size=32, Default__MainMenu_C Function /Engine/Transient.REINST_MainMenu_C_13:ExecuteUbergraph_MainMenu
[2018.07.26-20.53.44:344][ 31]LogUObjectGlobals: Created PersistentFrame Addr=0x0000019e9a6782c0, Size=32, Default__MainMenu_C Function /Game/Maps/MainMenu.MainMenu_C:ExecuteUbergraph_MainMenu
[2018.07.26-20.53.44:372][ 31]LogAIModule: Creating AISystem for world MainMenu
[2018.07.26-20.53.44:372][ 31]LogTemp: Display: ParseSettings for GameNetDriver
[2018.07.26-20.53.44:374][ 31]LogWorld: Bringing World /Game/Maps/MainMenu.MainMenu up for play (max tick rate 0) at 2018.07.26-21.53.44
[2018.07.26-20.53.44:374][ 31]LogWorld: Bringing up level for play took: 0.000803
[2018.07.26-20.53.44:376][ 31]LogLoad: Took 0.074292 seconds to LoadMap(/Game/Maps/MainMenu)
[2018.07.26-20.53.44:555][ 32]LogRenderer: Reallocating scene render targets to support 640x480 Format 10 NumSamples 1 (Frame:1).
[2018.07.26-20.53.44:762][ 39]LogUObjectGlobals: Created PersistentFrame Addr=0x0000019e9a5d8288, Size=52, Default__FirstPersonHUD_C Function /Game/FirstPersonBP/Blueprints/FirstPersonHUD.FirstPersonHUD_C:ExecuteUbergraph_FirstPersonHUD
[2018.07.26-20.53.44:772][ 39]LogUObjectGlobals: Destroyed PersistentFrame Addr=0x0000019e9a5d8288, Size=52
[2018.07.26-20.53.44:772][ 39]LogUObjectGlobals: Created PersistentFrame Addr=0x0000019e9a5d8288, Size=52, Default__FirstPersonHUD_C Function /Engine/Transient.REINST_FirstPersonHUD_C_15:ExecuteUbergraph_FirstPersonHUD
[2018.07.26-20.53.44:778][ 39]LogUObjectGlobals: Created PersistentFrame Addr=0x0000019e9aa61a28, Size=52, Default__FirstPersonHUD_C Function /Game/FirstPersonBP/Blueprints/FirstPersonHUD.FirstPersonHUD_C:ExecuteUbergraph_FirstPersonHUD
[2018.07.26-20.53.44:849][ 40]LogUObjectGlobals: Created PersistentFrame Addr=0x0000019e9a6fe200, Size=688, Default__FirstPersonCharacter_C Function /Game/FirstPersonBP/Blueprints/FirstPersonCharacter.FirstPersonCharacter_C:ExecuteUbergraph_FirstPersonCharacter
[2018.07.26-20.53.44:854][ 40]LogUObjectGlobals: Created PersistentFrame Addr=0x0000019e9a5dcb00, Size=256, Default__FirstPersonProjectile_C Function /Game/FirstPersonBP/Blueprints/FirstPersonProjectile.FirstPersonProjectile_C:ExecuteUbergraph_FirstPersonProjectile
[2018.07.26-20.53.44:891][ 40]LogUObjectGlobals: Created PersistentFrame Addr=0x0000019e9a91e0c0, Size=72, Default__FirstPerson_AnimBP_C Function /Game/FirstPerson/Animations/FirstPerson_AnimBP.FirstPerson_AnimBP_C:ExecuteUbergraph_FirstPerson_AnimBP
[2018.07.26-20.53.44:980][ 40]LogUObjectGlobals: Destroyed PersistentFrame Addr=0x0000019e9a91e0c0, Size=72
[2018.07.26-20.53.44:980][ 40]LogUObjectGlobals: Created PersistentFrame Addr=0x0000019e9a97c680, Size=72, Default__FirstPerson_AnimBP_C Function /Engine/Transient.REINST_FirstPerson_AnimBP_C_0:ExecuteUbergraph_FirstPerson_AnimBP
[2018.07.26-20.53.44:982][ 40]LogUObjectGlobals: Destroyed PersistentFrame Addr=0x0000019e9a5dcb00, Size=256
[2018.07.26-20.53.44:982][ 40]LogUObjectGlobals: Created PersistentFrame Addr=0x0000019e9a5dcb00, Size=256, Default__FirstPersonProjectile_C Function /Engine/Transient.REINST_FirstPersonProjectile_C_17:ExecuteUbergraph_FirstPersonProjectile
[2018.07.26-20.53.44:985][ 40]LogUObjectGlobals: Destroyed PersistentFrame Addr=0x0000019e9a6fe200, Size=688
[2018.07.26-20.53.44:985][ 40]LogUObjectGlobals: Created PersistentFrame Addr=0x0000019e9dc18d00, Size=688, Default__FirstPersonCharacter_C Function /Engine/Transient.REINST_FirstPersonCharacter_C_18:ExecuteUbergraph_FirstPersonCharacter
[2018.07.26-20.53.45:032][ 40]LogUObjectGlobals: Created PersistentFrame Addr=0x0000019e9db8f240, Size=64, Default__FirstPerson_AnimBP_C Function /Game/FirstPerson/Animations/FirstPerson_AnimBP.FirstPerson_AnimBP_C:ExecuteUbergraph_FirstPerson_AnimBP
[2018.07.26-20.53.45:034][ 40]LogUObjectGlobals: Created PersistentFrame Addr=0x0000019e9a640100, Size=256, Default__FirstPersonProjectile_C Function /Game/FirstPersonBP/Blueprints/FirstPersonProjectile.FirstPersonProjectile_C:ExecuteUbergraph_FirstPersonProjectile
[2018.07.26-20.53.45:041][ 40]LogUObjectGlobals: Created PersistentFrame Addr=0x0000019e9dba9f00, Size=688, Default__FirstPersonCharacter_C Function /Game/FirstPersonBP/Blueprints/FirstPersonCharacter.FirstPersonCharacter_C:ExecuteUbergraph_FirstPersonCharacter
[2018.07.26-20.53.45:394][ 40]LogSkeletalMesh: Skeletal Mesh found in DDC [9.804879ms] /Game/FirstPerson/FPWeapon/Mesh/SK_FPGun.SK_FPGun
[2018.07.26-20.53.45:417][ 40]LogSkeletalMesh: Skeletal Mesh found in DDC [19.853376ms] /Game/FirstPerson/Character/Mesh/SK_Mannequin_Arms.SK_Mannequin_Arms
[2018.07.26-20.53.45:441][ 40]LogOnline: Warning: OSS: No game present to join for session (GameSession)
[2018.07.26-20.53.45:456][ 40]LogOnline: Warning: OSS: No game present to join for session (GameSession)
[2018.07.26-20.53.45:456][ 40]LogOnline: Warning: OSS: No game present to join for session (GameSession)
[2018.07.26-20.54.09:702][401]LogSlate: FSceneViewport::OnFocusLost() reason 0
[2018.07.26-20.54.09:802][406]LogSlate: Took 0.000768 seconds to synchronously load lazily loaded font '../../../Engine/Content/Slate/Fonts/Roboto-Regular.ttf' (155K)
[2018.07.26-20.54.11:686][507]LogPackageName: SearchForPackageOnDisk took   0.243s to resolve Lobby.umap.
[2018.07.26-20.54.11:916][507]LogPackageName: SearchForPackageOnDisk took   0.227s to resolve Lobby.umap.
[2018.07.26-20.54.11:916][507]LogNet: Browse: /Game/Maps/Lobby?listen
[2018.07.26-20.54.11:917][507]LogLoad: LoadMap: /Game/Maps/Lobby?listen
[2018.07.26-20.54.11:917][507]LogNet: World NetDriver shutdown IpNetDriver_0 [GameNetDriver]
[2018.07.26-20.54.11:917][507]LogNet: DestroyNamedNetDriver IpNetDriver_0 [GameNetDriver]
[2018.07.26-20.54.11:917][507]LogNet: UNetConnection::Close: [UNetConnection] RemoteAddr: 127.0.0.1:17777, Name: IpConnection_0, Driver: GameNetDriver IpNetDriver_0, IsServer: NO, PC: PlayerController_1, Owner: PlayerController_1, UniqueId: Q6600-E4D30E9145B63DD343F3C08AD2CCECDC, Channels: 12, Time: 2018.07.26-20.54.11
[2018.07.26-20.54.11:917][507]LogNet: UChannel::Close: Sending CloseBunch. ChIndex == 0. Name: [UChannel] ChIndex: 0, Closing: 0 [UNetConnection] RemoteAddr: 127.0.0.1:17777, Name: IpConnection_0, Driver: GameNetDriver IpNetDriver_0, IsServer: NO, PC: PlayerController_1, Owner: PlayerController_1, UniqueId: Q6600-E4D30E9145B63DD343F3C08AD2CCECDC
[2018.07.26-20.54.11:918][507]LogExit: GameNetDriver IpNetDriver_0 shut down
[2018.07.26-20.54.11:967][507]LogUObjectGlobals: Destroyed PersistentFrame Addr=0x0000019e9a97c680, Size=72
[2018.07.26-20.54.11:967][507]LogUObjectGlobals: Destroyed PersistentFrame Addr=0x0000019e9a5dcb00, Size=256
[2018.07.26-20.54.11:967][507]LogUObjectGlobals: Destroyed PersistentFrame Addr=0x0000019e9dc18d00, Size=688
[2018.07.26-20.54.11:967][507]LogUObjectGlobals: Destroyed PersistentFrame Addr=0x0000019e9aa61a28, Size=52
[2018.07.26-20.54.11:967][507]LogUObjectGlobals: Destroyed PersistentFrame Addr=0x0000019e9a5d8288, Size=52
[2018.07.26-20.54.11:967][507]LogUObjectGlobals: Destroyed PersistentFrame Addr=0x0000019e9a6782c0, Size=32
[2018.07.26-20.54.11:967][507]LogUObjectGlobals: Destroyed PersistentFrame Addr=0x0000019e9a67b500, Size=32
[2018.07.26-20.54.11:969][507]LogUObjectGlobals: Destroyed PersistentFrame Addr=0x0000019e9db8f240, Size=64
[2018.07.26-20.54.11:969][507]LogUObjectGlobals: Destroyed PersistentFrame Addr=0x0000019e9a640100, Size=256
[2018.07.26-20.54.11:969][507]LogUObjectGlobals: Destroyed PersistentFrame Addr=0x0000019e9dba9f00, Size=688
[2018.07.26-20.54.12:194][507]LogUObjectGlobals: Created PersistentFrame Addr=0x0000019e9a6b7580, Size=832, Default__LobbyGM_C Function /Game/Blueprints/Lobby/LobbyGM.LobbyGM_C:ExecuteUbergraph_LobbyGM
[2018.07.26-20.54.12:203][507]LogUObjectGlobals: Created PersistentFrame Addr=0x0000019e9dbce500, Size=656, Default__0_Base_C Function /Game/Blueprints/Characters/0_Base.0_Base_C:ExecuteUbergraph_0_Base
[2018.07.26-20.54.12:208][507]LogUObjectGlobals: Created PersistentFrame Addr=0x0000019e9a643900, Size=256, Default__FirstPersonProjectile_C Function /Game/FirstPersonBP/Blueprints/FirstPersonProjectile.FirstPersonProjectile_C:ExecuteUbergraph_FirstPersonProjectile
[2018.07.26-20.54.12:254][507]LogUObjectGlobals: Created PersistentFrame Addr=0x0000019e9a65d530, Size=72, Default__FirstPerson_AnimBP_C Function /Game/FirstPerson/Animations/FirstPerson_AnimBP.FirstPerson_AnimBP_C:ExecuteUbergraph_FirstPerson_AnimBP
[2018.07.26-20.54.12:339][507]LogUObjectGlobals: Created PersistentFrame Addr=0x0000019e9aaaa780, Size=880, Default__LobbyPC_C Function /Game/Blueprints/Lobby/LobbyPC.LobbyPC_C:ExecuteUbergraph_LobbyPC
[2018.07.26-20.54.12:360][507]LogUObjectGlobals: Created PersistentFrame Addr=0x0000019e937916c0, Size=320, Default__LobbyMenu_C Function /Game/UI/Lobby/LobbyMenu.LobbyMenu_C:ExecuteUbergraph_LobbyMenu
[2018.07.26-20.54.12:380][507]LogUObjectGlobals: Created PersistentFrame Addr=0x0000019e93793740, Size=320, Default__ChatWindow_C Function /Game/UI/AllLevels/ChatWindow.ChatWindow_C:ExecuteUbergraph_ChatWindow
[2018.07.26-20.54.12:389][507]LogUObjectGlobals: Created PersistentFrame Addr=0x0000019e8c821a80, Size=536, Default__GameplayPC_C Function /Game/Blueprints/Gameplay/GameplayPC.GameplayPC_C:ExecuteUbergraph_GameplayPC
[2018.07.26-20.54.12:396][507]LogUObjectGlobals: Created PersistentFrame Addr=0x0000019e9a775600, Size=384, Default__GameplayGM_C Function /Game/Blueprints/Gameplay/GameplayGM.GameplayGM_C:ExecuteUbergraph_GameplayGM
[2018.07.26-20.54.12:425][507]LogUObjectGlobals: Created PersistentFrame Addr=0x0000019e9d63f3a0, Size=8, Default__TurnPlayerList_C Function /Game/UI/AllLevels/TurnPlayerList.TurnPlayerList_C:ExecuteUbergraph_TurnPlayerList
[2018.07.26-20.54.12:441][507]LogUObjectGlobals: Created PersistentFrame Addr=0x0000019e9aae6680, Size=48, Default__TurnPlayerInfo_C Function /Game/UI/AllLevels/TurnPlayerInfo.TurnPlayerInfo_C:ExecuteUbergraph_TurnPlayerInfo
[2018.07.26-20.54.12:457][507]LogUObjectGlobals: Created PersistentFrame Addr=0x0000019efd261ee0, Size=80, Default__CharacterSelect_C Function /Game/UI/Lobby/CharacterSelect.CharacterSelect_C:ExecuteUbergraph_CharacterSelect
[2018.07.26-20.54.12:476][507]LogUObjectGlobals: Created PersistentFrame Addr=0x0000019e9dbddb40, Size=192, Default__GameSettings_C Function /Game/UI/Lobby/GameSettings.GameSettings_C:ExecuteUbergraph_GameSettings
[2018.07.26-20.54.12:481][507]LogUObjectGlobals: Created PersistentFrame Addr=0x0000019e9a7503c0, Size=32, Default__PlayerButton_C Function /Game/UI/Lobby/PlayerButton.PlayerButton_C:ExecuteUbergraph_PlayerButton
[2018.07.26-20.54.12:567][507]LogUObjectGlobals: Created PersistentFrame Addr=0x0000019e9d63cdd0, Size=4, Default__ConnectedPlayer_C Function /Game/UI/Lobby/ConnectedPlayer.ConnectedPlayer_C:ExecuteUbergraph_ConnectedPlayer
[2018.07.26-20.54.12:611][507]LogUObjectGlobals: Created PersistentFrame Addr=0x0000019e92cebd00, Size=656, Default__Character_1_C Function /Game/Blueprints/Characters/0_Base.0_Base_C:ExecuteUbergraph_0_Base
[2018.07.26-20.54.12:620][507]LogUObjectGlobals: Created PersistentFrame Addr=0x0000019e92ce8d00, Size=656, Default__Character_2_C Function /Game/Blueprints/Characters/0_Base.0_Base_C:ExecuteUbergraph_0_Base
[2018.07.26-20.54.12:628][507]LogUObjectGlobals: Created PersistentFrame Addr=0x0000019e92ceb100, Size=656, Default__Character_3_C Function /Game/Blueprints/Characters/0_Base.0_Base_C:ExecuteUbergraph_0_Base
[2018.07.26-20.54.12:637][507]LogUObjectGlobals: Created PersistentFrame Addr=0x0000019e92ce8100, Size=656, Default__Character_4_C Function /Game/Blueprints/Characters/0_Base.0_Base_C:ExecuteUbergraph_0_Base
[2018.07.26-20.54.12:645][507]LogUObjectGlobals: Created PersistentFrame Addr=0x0000019e9dba8d00, Size=656, Default__Character_5_C Function /Game/Blueprints/Characters/0_Base.0_Base_C:ExecuteUbergraph_0_Base
[2018.07.26-20.54.12:654][507]LogUObjectGlobals: Created PersistentFrame Addr=0x0000019e9dbaa500, Size=656, Default__Character_6_C Function /Game/Blueprints/Characters/0_Base.0_Base_C:ExecuteUbergraph_0_Base
[2018.07.26-20.54.12:804][507]LogUObjectGlobals: Destroyed PersistentFrame Addr=0x0000019e9a65d530, Size=72
[2018.07.26-20.54.12:804][507]LogUObjectGlobals: Created PersistentFrame Addr=0x0000019e9d7c2570, Size=72, Default__FirstPerson_AnimBP_C Function /Engine/Transient.REINST_FirstPerson_AnimBP_C_1:ExecuteUbergraph_FirstPerson_AnimBP
[2018.07.26-20.54.12:805][507]LogUObjectGlobals: Destroyed PersistentFrame Addr=0x0000019e9a643900, Size=256
[2018.07.26-20.54.12:805][507]LogUObjectGlobals: Created PersistentFrame Addr=0x0000019e9a5de100, Size=256, Default__FirstPersonProjectile_C Function /Engine/Transient.REINST_FirstPersonProjectile_C_27:ExecuteUbergraph_FirstPersonProjectile
[2018.07.26-20.54.12:807][507]LogUObjectGlobals: Destroyed PersistentFrame Addr=0x0000019e9dbce500, Size=656
[2018.07.26-20.54.12:808][507]LogUObjectGlobals: Created PersistentFrame Addr=0x0000019e9326c100, Size=656, Default__0_Base_C Function /Engine/Transient.REINST_0_Base_C_28:ExecuteUbergraph_0_Base
[2018.07.26-20.54.12:810][507]LogUObjectGlobals: Destroyed PersistentFrame Addr=0x0000019efd261ee0, Size=80
[2018.07.26-20.54.12:810][507]LogUObjectGlobals: Created PersistentFrame Addr=0x0000019e9d7c1350, Size=80, Default__CharacterSelect_C Function /Engine/Transient.REINST_CharacterSelect_C_6:ExecuteUbergraph_CharacterSelect
[2018.07.26-20.54.12:811][507]LogUObjectGlobals: Destroyed PersistentFrame Addr=0x0000019e93793740, Size=320
[2018.07.26-20.54.12:811][507]LogUObjectGlobals: Created PersistentFrame Addr=0x0000019e9d847740, Size=320, Default__ChatWindow_C Function /Engine/Transient.REINST_ChatWindow_C_8:ExecuteUbergraph_ChatWindow
[2018.07.26-20.54.12:812][507]LogUObjectGlobals: Destroyed PersistentFrame Addr=0x0000019e9d63cdd0, Size=4
[2018.07.26-20.54.12:812][507]LogUObjectGlobals: Created PersistentFrame Addr=0x0000019e9aa1f820, Size=4, Default__ConnectedPlayer_C Function /Engine/Transient.REINST_ConnectedPlayer_C_9:ExecuteUbergraph_ConnectedPlayer
[2018.07.26-20.54.12:814][507]LogUObjectGlobals: Destroyed PersistentFrame Addr=0x0000019e8c821a80, Size=536
[2018.07.26-20.54.12:814][507]LogUObjectGlobals: Created PersistentFrame Addr=0x0000019ea2aae200, Size=536, Default__GameplayPC_C Function /Engine/Transient.REINST_GameplayPC_C_29:ExecuteUbergraph_GameplayPC
[2018.07.26-20.54.12:815][507]LogUObjectGlobals: Destroyed PersistentFrame Addr=0x0000019e9dbddb40, Size=192
[2018.07.26-20.54.12:815][507]LogUObjectGlobals: Created PersistentFrame Addr=0x0000019e8bd0bac0, Size=192, Default__GameSettings_C Function /Engine/Transient.REINST_GameSettings_C_11:ExecuteUbergraph_GameSettings
[2018.07.26-20.54.12:817][507]LogUObjectGlobals: Destroyed PersistentFrame Addr=0x0000019e937916c0, Size=320
[2018.07.26-20.54.12:817][507]LogUObjectGlobals: Created PersistentFrame Addr=0x0000019e9d8479c0, Size=320, Default__LobbyMenu_C Function /Engine/Transient.REINST_LobbyMenu_C_12:ExecuteUbergraph_LobbyMenu
[2018.07.26-20.54.12:820][507]LogUObjectGlobals: Destroyed PersistentFrame Addr=0x0000019e9aaaa780, Size=880
[2018.07.26-20.54.12:821][507]LogUObjectGlobals: Created PersistentFrame Addr=0x0000019e8bcef200, Size=880, Default__LobbyPC_C Function /Engine/Transient.REINST_LobbyPC_C_30:ExecuteUbergraph_LobbyPC
[2018.07.26-20.54.12:822][507]LogUObjectGlobals: Destroyed PersistentFrame Addr=0x0000019e9a7503c0, Size=32
[2018.07.26-20.54.12:823][507]LogUObjectGlobals: Created PersistentFrame Addr=0x0000019e8bd510c0, Size=32, Default__PlayerButton_C Function /Engine/Transient.REINST_PlayerButton_C_13:ExecuteUbergraph_PlayerButton
[2018.07.26-20.54.12:823][507]LogUObjectGlobals: Destroyed PersistentFrame Addr=0x0000019e9aae6680, Size=48
[2018.07.26-20.54.12:823][507]LogUObjectGlobals: Created PersistentFrame Addr=0x0000019e9a61d540, Size=48, Default__TurnPlayerInfo_C Function /Engine/Transient.REINST_TurnPlayerInfo_C_14:ExecuteUbergraph_TurnPlayerInfo
[2018.07.26-20.54.12:823][507]LogUObjectGlobals: Destroyed PersistentFrame Addr=0x0000019e9d63f3a0, Size=8
[2018.07.26-20.54.12:823][507]LogUObjectGlobals: Created PersistentFrame Addr=0x0000019e9aa1f848, Size=8, Default__TurnPlayerList_C Function /Engine/Transient.REINST_TurnPlayerList_C_15:ExecuteUbergraph_TurnPlayerList
[2018.07.26-20.54.12:824][507]LogUObjectGlobals: Destroyed PersistentFrame Addr=0x0000019e92cebd00, Size=656
[2018.07.26-20.54.12:825][507]LogUObjectGlobals: Created PersistentFrame Addr=0x0000019e98274a00, Size=656, Default__Character_1_C Function /Engine/Transient.REINST_0_Base_C_28:ExecuteUbergraph_0_Base
[2018.07.26-20.54.12:825][507]LogUObjectGlobals: Destroyed PersistentFrame Addr=0x0000019e92ce8d00, Size=656
[2018.07.26-20.54.12:825][507]LogUObjectGlobals: Created PersistentFrame Addr=0x0000019e98274d00, Size=656, Default__Character_2_C Function /Engine/Transient.REINST_0_Base_C_28:ExecuteUbergraph_0_Base
[2018.07.26-20.54.12:826][507]LogUObjectGlobals: Destroyed PersistentFrame Addr=0x0000019e92ceb100, Size=656
[2018.07.26-20.54.12:826][507]LogUObjectGlobals: Created PersistentFrame Addr=0x0000019e98275300, Size=656, Default__Character_3_C Function /Engine/Transient.REINST_0_Base_C_28:ExecuteUbergraph_0_Base
[2018.07.26-20.54.12:826][507]LogUObjectGlobals: Destroyed PersistentFrame Addr=0x0000019e92ce8100, Size=656
[2018.07.26-20.54.12:826][507]LogUObjectGlobals: Created PersistentFrame Addr=0x0000019e98275900, Size=656, Default__Character_4_C Function /Engine/Transient.REINST_0_Base_C_28:ExecuteUbergraph_0_Base
[2018.07.26-20.54.12:826][507]LogUObjectGlobals: Destroyed PersistentFrame Addr=0x0000019e9dba8d00, Size=656
[2018.07.26-20.54.12:826][507]LogUObjectGlobals: Created PersistentFrame Addr=0x0000019e98275c00, Size=656, Default__Character_5_C Function /Engine/Transient.REINST_0_Base_C_28:ExecuteUbergraph_0_Base
[2018.07.26-20.54.12:826][507]LogUObjectGlobals: Destroyed PersistentFrame Addr=0x0000019e9dbaa500, Size=656
[2018.07.26-20.54.12:827][507]LogUObjectGlobals: Created PersistentFrame Addr=0x0000019e98275f00, Size=656, Default__Character_6_C Function /Engine/Transient.REINST_0_Base_C_28:ExecuteUbergraph_0_Base
[2018.07.26-20.54.12:828][507]LogUObjectGlobals: Destroyed PersistentFrame Addr=0x0000019e9a775600, Size=384
[2018.07.26-20.54.12:829][507]LogUObjectGlobals: Created PersistentFrame Addr=0x0000019e8bcd9c00, Size=384, Default__GameplayGM_C Function /Engine/Transient.REINST_GameplayGM_C_37:ExecuteUbergraph_GameplayGM
[2018.07.26-20.54.12:833][507]LogUObjectGlobals: Destroyed PersistentFrame Addr=0x0000019e9a6b7580, Size=832
[2018.07.26-20.54.12:833][507]LogUObjectGlobals: Created PersistentFrame Addr=0x0000019e8bcee080, Size=832, Default__LobbyGM_C Function /Engine/Transient.REINST_LobbyGM_C_38:ExecuteUbergraph_LobbyGM
[2018.07.26-20.54.13:143][507]LogUObjectGlobals: Created PersistentFrame Addr=0x0000019eac5ecb00, Size=64, Default__FirstPerson_AnimBP_C Function /Game/FirstPerson/Animations/FirstPerson_AnimBP.FirstPerson_AnimBP_C:ExecuteUbergraph_FirstPerson_AnimBP
[2018.07.26-20.54.13:146][507]LogUObjectGlobals: Created PersistentFrame Addr=0x0000019eacb8e500, Size=256, Default__FirstPersonProjectile_C Function /Game/FirstPersonBP/Blueprints/FirstPersonProjectile.FirstPersonProjectile_C:ExecuteUbergraph_FirstPersonProjectile
[2018.07.26-20.54.13:152][507]LogUObjectGlobals: Created PersistentFrame Addr=0x0000019e9a6ff100, Size=656, Default__0_Base_C Function /Game/Blueprints/Characters/0_Base.0_Base_C:ExecuteUbergraph_0_Base
[2018.07.26-20.54.13:158][507]LogUObjectGlobals: Created PersistentFrame Addr=0x0000019eacb52340, Size=80, Default__CharacterSelect_C Function /Game/UI/Lobby/CharacterSelect.CharacterSelect_C:ExecuteUbergraph_CharacterSelect
[2018.07.26-20.54.13:162][507]LogUObjectGlobals: Created PersistentFrame Addr=0x0000019eacbd2980, Size=320, Default__ChatWindow_C Function /Game/UI/AllLevels/ChatWindow.ChatWindow_C:ExecuteUbergraph_ChatWindow
[2018.07.26-20.54.13:164][507]LogUObjectGlobals: Created PersistentFrame Addr=0x0000019eac7c62d8, Size=4, Default__ConnectedPlayer_C Function /Game/UI/Lobby/ConnectedPlayer.ConnectedPlayer_C:ExecuteUbergraph_ConnectedPlayer
[2018.07.26-20.54.13:171][507]LogUObjectGlobals: Created PersistentFrame Addr=0x0000019eacad7880, Size=536, Default__GameplayPC_C Function /Game/Blueprints/Gameplay/GameplayPC.GameplayPC_C:ExecuteUbergraph_GameplayPC
[2018.07.26-20.54.13:180][507]LogUObjectGlobals: Created PersistentFrame Addr=0x0000019eacae5000, Size=192, Default__GameSettings_C Function /Game/UI/Lobby/GameSettings.GameSettings_C:ExecuteUbergraph_GameSettings
[2018.07.26-20.54.13:188][507]LogUObjectGlobals: Created PersistentFrame Addr=0x0000019eacbd2480, Size=320, Default__LobbyMenu_C Function /Game/UI/Lobby/LobbyMenu.LobbyMenu_C:ExecuteUbergraph_LobbyMenu
[2018.07.26-20.54.13:200][507]LogUObjectGlobals: Created PersistentFrame Addr=0x0000019eaca7d600, Size=880, Default__LobbyPC_C Function /Game/Blueprints/Lobby/LobbyPC.LobbyPC_C:ExecuteUbergraph_LobbyPC
[2018.07.26-20.54.13:203][507]LogUObjectGlobals: Created PersistentFrame Addr=0x0000019eaca49600, Size=32, Default__PlayerButton_C Function /Game/UI/Lobby/PlayerButton.PlayerButton_C:ExecuteUbergraph_PlayerButton
[2018.07.26-20.54.13:203][507]LogUObjectGlobals: Created PersistentFrame Addr=0x0000019eaca38f70, Size=48, Default__TurnPlayerInfo_C Function /Game/UI/AllLevels/TurnPlayerInfo.TurnPlayerInfo_C:ExecuteUbergraph_TurnPlayerInfo
[2018.07.26-20.54.13:205][507]LogUObjectGlobals: Created PersistentFrame Addr=0x0000019eac7c5a38, Size=8, Default__TurnPlayerList_C Function /Game/UI/AllLevels/TurnPlayerList.TurnPlayerList_C:ExecuteUbergraph_TurnPlayerList
[2018.07.26-20.54.13:205][507]LogUObjectGlobals: Created PersistentFrame Addr=0x0000019eaca44700, Size=656, Default__Character_1_C Function /Game/Blueprints/Characters/0_Base.0_Base_C:ExecuteUbergraph_0_Base
[2018.07.26-20.54.13:206][507]LogUObjectGlobals: Created PersistentFrame Addr=0x0000019eaca44100, Size=656, Default__Character_2_C Function /Game/Blueprints/Characters/0_Base.0_Base_C:ExecuteUbergraph_0_Base
[2018.07.26-20.54.13:206][507]LogUObjectGlobals: Created PersistentFrame Addr=0x0000019e9dba9000, Size=656, Default__Character_3_C Function /Game/Blueprints/Characters/0_Base.0_Base_C:ExecuteUbergraph_0_Base
[2018.07.26-20.54.13:206][507]LogUObjectGlobals: Created PersistentFrame Addr=0x0000019e9dbaae00, Size=656, Default__Character_4_C Function /Game/Blueprints/Characters/0_Base.0_Base_C:ExecuteUbergraph_0_Base
[2018.07.26-20.54.13:206][507]LogUObjectGlobals: Created PersistentFrame Addr=0x0000019e9dba8d00, Size=656, Default__Character_5_C Function /Game/Blueprints/Characters/0_Base.0_Base_C:ExecuteUbergraph_0_Base
[2018.07.26-20.54.13:206][507]LogUObjectGlobals: Created PersistentFrame Addr=0x0000019eac9f3d00, Size=656, Default__Character_6_C Function /Game/Blueprints/Characters/0_Base.0_Base_C:ExecuteUbergraph_0_Base
[2018.07.26-20.54.13:214][507]LogUObjectGlobals: Created PersistentFrame Addr=0x0000019e9a990700, Size=384, Default__GameplayGM_C Function /Game/Blueprints/Gameplay/GameplayGM.GameplayGM_C:ExecuteUbergraph_GameplayGM
[2018.07.26-20.54.13:225][507]LogUObjectGlobals: Created PersistentFrame Addr=0x0000019eaca06400, Size=864, Default__LobbyGM_C Function /Game/Blueprints/Lobby/LobbyGM.LobbyGM_C:ExecuteUbergraph_LobbyGM
[2018.07.26-20.54.13:712][507]LogSkeletalMesh: Skeletal Mesh found in DDC [16.236652ms] /Game/FirstPerson/Character/Mesh/SK_Mannequin_Arms.SK_Mannequin_Arms
[2018.07.26-20.54.13:750][507]LogSkeletalMesh: Skeletal Mesh found in DDC [16.476004ms] /Game/FirstPerson/FPWeapon/Mesh/SK_FPGun.SK_FPGun
[2018.07.26-20.54.13:886][507]LogAIModule: Creating AISystem for world Lobby
[2018.07.26-20.54.13:887][507]LogLoad: Game class is 'LobbyGM_C'
[2018.07.26-20.54.13:887][507]LogOnline: Warning: STEAM: Steam API disabled!
[2018.07.26-20.54.13:887][507]LogOnline: Display: STEAM: OnlineSubsystemSteam::Shutdown()
[2018.07.26-20.54.13:888][507]LogTemp: Display: ParseSettings for GameNetDriver
[2018.07.26-20.54.13:888][507]LogTemp: Display: ParseSettings for IpNetDriver_1
[2018.07.26-20.54.13:888][507]LogTemp: Display: ParseSettings for GameNetDriver
[2018.07.26-20.54.13:888][507]LogInit: WinSock: Socket queue 131072 / 131072
[2018.07.26-20.54.13:889][507]PacketHandlerLog: Loaded PacketHandler component: Engine.EngineHandlerComponentFactory (StatelessConnectHandlerComponent)
[2018.07.26-20.54.13:889][507]LogNet: GameNetDriver IpNetDriver_1 IpNetDriver listening on port 7777
[2018.07.26-20.54.13:893][507]LogWorld: Bringing World /Game/Maps/Lobby.Lobby up for play (max tick rate 0) at 2018.07.26-21.54.13
[2018.07.26-20.54.13:894][507]LogWorld: Bringing up level for play took: 0.003465
[2018.07.26-20.54.13:932][507]LogGameMode: Display: Match State Changed from EnteringMap to WaitingToStart
[2018.07.26-20.54.13:932][507]LogGameState: Match State Changed from EnteringMap to WaitingToStart
[2018.07.26-20.54.13:932][507]LogGameMode: Display: Match State Changed from WaitingToStart to InProgress
[2018.07.26-20.54.13:933][507]LogGameState: Match State Changed from WaitingToStart to InProgress
[2018.07.26-20.54.13:934][507]LogLoad: Took 2.018009 seconds to LoadMap(/Game/Maps/Lobby)
[2018.07.26-20.54.23:534][981]LogNet: NotifyAcceptingConnection accepted from: 192.168.1.42:59768
[2018.07.26-20.54.23:534][981]LogHandshake: SendConnectChallenge. Timestamp: 12.112999, Cookie: 076025135193190085217168086205015082063119002061084012036067
[2018.07.26-20.54.23:565][982]LogNet: NotifyAcceptingConnection accepted from: 192.168.1.42:59768
[2018.07.26-20.54.23:565][982]LogHandshake: SendChallengeAck. InCookie: 076025135193190085217168086205015082063119002061084012036067
[2018.07.26-20.54.23:566][982]LogNet: Server accepting post-challenge connection from: 192.168.1.42:59768
[2018.07.26-20.54.23:566][982]PacketHandlerLog: Loaded PacketHandler component: Engine.EngineHandlerComponentFactory (StatelessConnectHandlerComponent)
[2018.07.26-20.54.23:566][982]LogNet: NotifyAcceptedConnection: Name: Lobby, TimeStamp: 07/26/18 21:54:23, [UNetConnection] RemoteAddr: 192.168.1.42:59768, Name: IpConnection_1, Driver: GameNetDriver IpNetDriver_1, IsServer: YES, PC: NULL, Owner: NULL, UniqueId: INVALID
[2018.07.26-20.54.23:566][982]LogNet: AddClientConnection: Added client connection: [UNetConnection] RemoteAddr: 192.168.1.42:59768, Name: IpConnection_1, Driver: GameNetDriver IpNetDriver_1, IsServer: YES, PC: NULL, Owner: NULL, UniqueId: INVALID
[2018.07.26-20.54.23:582][983]LogNet: NotifyAcceptingChannel Control 0 server World /Game/Maps/Lobby.Lobby: Accepted
[2018.07.26-20.54.23:582][983]LogNet: Remote platform little endian=1
[2018.07.26-20.54.23:582][983]LogNet: This platform little endian=1
[2018.07.26-20.54.23:599][984]LogNet: Login request: /Game/Maps/MainMenu?Name=Q6600-DBF49A6F4AD095E2D7B0A5A0AFC95002 userId: Q6600-DBF49A6F4AD095E2D7B0A5A0AFC95002
[2018.07.26-20.54.23:614][985]LogNet: Client netspeed is 10000
[2018.07.26-20.54.25:236][ 84]LogNet: Join request: /Game/Maps/MainMenu?Name=Q6600-DBF49A6F4AD095E2D7B0A5A0AFC95002?SplitscreenCount=1
[2018.07.26-20.54.25:249][ 84]LogNet: Join succeeded: Q6600-DBF49A6F4AD095
[2018.07.26-20.54.25:371][ 89]LogNetPackageMap: Warning: SanityCheckExport: CacheObject == NULL. NetGUID: 1, Object: /Game/FirstPerson/Character/Textures/UE4_LOGO_CARD.UE4_LOGO_CARD, Expected: Character2_Thumbnail
[2018.07.26-20.54.25:371][ 89]LogNetPackageMap: Warning: SanityCheckExport: Name mismatch. NetGUID: 1, Object: /Game/FirstPerson/Character/Textures/UE4_LOGO_CARD.UE4_LOGO_CARD, Expected: Character2_Thumbnail
[2018.07.26-20.54.25:371][ 89]LogNetPackageMap: Warning: SanityCheckExport: Outer mismatch. Object: /Game/FirstPerson/Character/Textures/UE4_LOGO_CARD.UE4_LOGO_CARD, NetGUID: 1, Current: /Game/FirstPerson/Character/Textures/UE4_LOGO_CARD, Expected: /Game/Textures/Character2_Thumbnail
[2018.07.26-20.54.28:263][187]LogSlate: FSceneViewport::OnFocusLost() reason 0
[2018.07.26-20.54.28:332][191]PIE: Warning: This widget does not support focus.  If this is a UserWidget, you should set bIsFocusable to true.
[2018.07.26-20.54.28:801][220]LogSlate: FSceneViewport::OnFocusLost() reason 0
[2018.07.26-20.54.29:454][260]LogGameMode: Display: Match State Changed from InProgress to LeavingMap
[2018.07.26-20.54.29:454][260]LogGameState: Match State Changed from InProgress to LeavingMap
[2018.07.26-20.54.29:460][260]LogGameMode: ProcessServerTravel: /Game/Maps/Map01
[2018.07.26-20.54.29:460][260]LogWorld: SeamlessTravel to: /Game/Maps/Map01
[2018.07.26-20.54.29:521][261]LogUObjectGlobals: Destroyed PersistentFrame Addr=0x0000019e9a5de100, Size=256
[2018.07.26-20.54.29:521][261]LogUObjectGlobals: Destroyed PersistentFrame Addr=0x0000019e9326c100, Size=656
[2018.07.26-20.54.29:521][261]LogUObjectGlobals: Destroyed PersistentFrame Addr=0x0000019e8bcee080, Size=832
[2018.07.26-20.54.29:523][261]LogUObjectGlobals: Destroyed PersistentFrame Addr=0x0000019e9d7c2570, Size=72
[2018.07.26-20.54.29:523][261]LogUObjectGlobals: Destroyed PersistentFrame Addr=0x0000019e8bcef200, Size=880
[2018.07.26-20.54.29:523][261]LogUObjectGlobals: Destroyed PersistentFrame Addr=0x0000019e9d8479c0, Size=320
[2018.07.26-20.54.29:523][261]LogUObjectGlobals: Destroyed PersistentFrame Addr=0x0000019e9d847740, Size=320
[2018.07.26-20.54.29:524][261]LogUObjectGlobals: Destroyed PersistentFrame Addr=0x0000019ea2aae200, Size=536
[2018.07.26-20.54.29:524][261]LogUObjectGlobals: Destroyed PersistentFrame Addr=0x0000019e8bcd9c00, Size=384
[2018.07.26-20.54.29:524][261]LogUObjectGlobals: Destroyed PersistentFrame Addr=0x0000019e9aa1f848, Size=8
[2018.07.26-20.54.29:524][261]LogUObjectGlobals: Destroyed PersistentFrame Addr=0x0000019e9a61d540, Size=48
[2018.07.26-20.54.29:524][261]LogUObjectGlobals: Destroyed PersistentFrame Addr=0x0000019e9d7c1350, Size=80
[2018.07.26-20.54.29:524][261]LogUObjectGlobals: Destroyed PersistentFrame Addr=0x0000019e8bd0bac0, Size=192
[2018.07.26-20.54.29:524][261]LogUObjectGlobals: Destroyed PersistentFrame Addr=0x0000019e8bd510c0, Size=32
[2018.07.26-20.54.29:524][261]LogUObjectGlobals: Destroyed PersistentFrame Addr=0x0000019e9aa1f820, Size=4
[2018.07.26-20.54.29:524][261]LogUObjectGlobals: Destroyed PersistentFrame Addr=0x0000019e98274a00, Size=656
[2018.07.26-20.54.29:524][261]LogUObjectGlobals: Destroyed PersistentFrame Addr=0x0000019e98274d00, Size=656
[2018.07.26-20.54.29:524][261]LogUObjectGlobals: Destroyed PersistentFrame Addr=0x0000019e98275300, Size=656
[2018.07.26-20.54.29:524][261]LogUObjectGlobals: Destroyed PersistentFrame Addr=0x0000019e98275900, Size=656
[2018.07.26-20.54.29:524][261]LogUObjectGlobals: Destroyed PersistentFrame Addr=0x0000019e98275c00, Size=656
[2018.07.26-20.54.29:524][261]LogUObjectGlobals: Destroyed PersistentFrame Addr=0x0000019e98275f00, Size=656
[2018.07.26-20.54.29:535][261]LogAIModule: Creating AISystem for world TravelMap
[2018.07.26-20.54.29:537][261]LogStats:     SeamlessTravel FlushLevelStreaming  -  0.001 s
[2018.07.26-20.54.29:537][261]LogWorld: Bringing World /Game/Maps/TravelMap.TravelMap up for play (max tick rate 0) at 2018.07.26-21.54.29
[2018.07.26-20.54.29:538][261]LogWorld: Bringing up level for play took: 0.000779
[2018.07.26-20.54.29:538][261]LogWorld: Sending NotifyLoadedWorld for LP: LocalPlayer_0 PC: LobbyPC_C_0
[2018.07.26-20.54.29:538][261]LogNet: Verbose: NotifyLoadedWorld Begin
[2018.07.26-20.54.29:538][261]LogNet: VeryVerbose: GetFunctionCallspace Server calling Server function: ServerNotifyLoadedWorld Local
[2018.07.26-20.54.29:538][261]LogNet: Verbose: NotifyLoadedWorld End
[2018.07.26-20.54.29:538][261]LogWorld: StartLoadingDestination to: /Game/Maps/Map01
[2018.07.26-20.54.29:996][269]LogAIModule: Creating AISystem for world Map01
[2018.07.26-20.54.29:996][269]LogLoad: Game class is 'GameplayGM_C'
[2018.07.26-20.54.29:998][269]LogStats:     SeamlessTravel FlushLevelStreaming  -  0.002 s
[2018.07.26-20.54.30:004][269]LogWorld: Bringing World /Game/Maps/Map01.Map01 up for play (max tick rate 0) at 2018.07.26-21.54.30
[2018.07.26-20.54.30:006][269]LogWorld: Bringing up level for play took: 0.007338
[2018.07.26-20.54.30:006][269]LogWorld: Sending NotifyLoadedWorld for LP: LocalPlayer_0 PC: LobbyPC_C_0
[2018.07.26-20.54.30:007][269]LogNet: Verbose: NotifyLoadedWorld Begin
[2018.07.26-20.54.30:007][269]LogNet: VeryVerbose: GetFunctionCallspace Server calling Server function: ServerNotifyLoadedWorld Local
[2018.07.26-20.54.30:007][269]LogNet: Verbose: NotifyLoadedWorld End
[2018.07.26-20.54.30:007][269]LogWorld: ----SeamlessTravel finished in 0.55 seconds ------
[2018.07.26-20.54.30:007][269]LogGameMode: >> GameMode::HandleSeamlessTravelPlayer: LobbyPC_C_0 
[2018.07.26-20.54.30:012][269]LogGameMode: << GameMode::HandleSeamlessTravelPlayer: GameplayPC_C_0
[2018.07.26-20.54.30:012][269]LogGameMode: Display: Match State Changed from EnteringMap to WaitingToStart
[2018.07.26-20.54.30:012][269]LogGameState: Match State Changed from EnteringMap to WaitingToStart
[2018.07.26-20.54.30:012][269]LogGameMode: Display: Match State Changed from WaitingToStart to InProgress
[2018.07.26-20.54.30:028][269]LogGameState: Match State Changed from WaitingToStart to InProgress
[2018.07.26-20.54.30:166][273]LogGameMode: >> GameMode::HandleSeamlessTravelPlayer: LobbyPC_C_1 
[2018.07.26-20.54.30:178][273]LogGameMode: << GameMode::HandleSeamlessTravelPlayer: GameplayPC_C_1
[2018.07.26-20.54.30:366][279]LogScriptCore: Warning: Script Msg: DestroySession - Invalid player state
[2018.07.26-20.54.30:410][281]LogNetPackageMap: Warning: SanityCheckExport: CacheObject == NULL. NetGUID: 1, Object: /Game/FirstPerson/Character/Textures/UE4_LOGO_CARD.UE4_LOGO_CARD, Expected: Character2_Thumbnail
[2018.07.26-20.54.30:410][281]LogNetPackageMap: Warning: SanityCheckExport: Name mismatch. NetGUID: 1, Object: /Game/FirstPerson/Character/Textures/UE4_LOGO_CARD.UE4_LOGO_CARD, Expected: Character2_Thumbnail
[2018.07.26-20.54.30:410][281]LogNetPackageMap: Warning: SanityCheckExport: Outer mismatch. Object: /Game/FirstPerson/Character/Textures/UE4_LOGO_CARD.UE4_LOGO_CARD, NetGUID: 1, Current: /Game/FirstPerson/Character/Textures/UE4_LOGO_CARD, Expected: /Game/Textures/Character2_Thumbnail
[2018.07.26-20.54.37:717][724]LogSlate: FSceneViewport::OnFocusLost() reason 2
[2018.07.26-20.54.44:963][100]LogSlate: FSceneViewport::OnFocusLost() reason 2
[2018.07.26-20.54.53:170][410]LogNet: UChannel::ReceivedSequencedBunch: Bunch.bClose == true. ChIndex == 0. Calling ConditionalCleanUp.
[2018.07.26-20.54.53:170][410]LogNet: UChannel::CleanUp: ChIndex == 0. Closing connection. [UChannel] ChIndex: 0, Closing: 0 [UNetConnection] RemoteAddr: 192.168.1.42:59768, Name: IpConnection_1, Driver: GameNetDriver IpNetDriver_1, IsServer: YES, PC: GameplayPC_C_1, Owner: GameplayPC_C_1, UniqueId: Q6600-DBF49A6F4AD095E2D7B0A5A0AFC95002
[2018.07.26-20.54.53:170][410]LogNet: UNetConnection::Close: [UNetConnection] RemoteAddr: 192.168.1.42:59768, Name: IpConnection_1, Driver: GameNetDriver IpNetDriver_1, IsServer: YES, PC: GameplayPC_C_1, Owner: GameplayPC_C_1, UniqueId: Q6600-DBF49A6F4AD095E2D7B0A5A0AFC95002, Channels: 11, Time: 2018.07.26-20.54.53
[2018.07.26-20.54.53:170][410]LogNet: UChannel::Close: Sending CloseBunch. ChIndex == 0. Name: [UChannel] ChIndex: 0, Closing: 0 [UNetConnection] RemoteAddr: 192.168.1.42:59768, Name: IpConnection_1, Driver: GameNetDriver IpNetDriver_1, IsServer: YES, PC: GameplayPC_C_1, Owner: GameplayPC_C_1, UniqueId: Q6600-DBF49A6F4AD095E2D7B0A5A0AFC95002
[2018.07.26-20.54.53:172][410]LogOnline: Warning: OSS: No game present to leave for session (GameSession)
[2018.07.26-20.54.53:729][435]LogSlate: Window 'FPBG (64-bit, PCD3D_SM5) ' being destroyed
[2018.07.26-20.54.53:730][435]LogWindowsTextInputMethodSystem: Display: IME system now deactivated.
[2018.07.26-20.54.53:740][435]LogOnline: Warning: OSS: Can't destroy a null online session (GameSession)
[2018.07.26-20.54.53:740][435]LogOnline: Warning: OSS: No game present to leave for session (GameSession)
[2018.07.26-20.54.53:741][435]LogEngine: All Windows Closed
[2018.07.26-20.54.53:742][435]LogWindows: FPlatformMisc::RequestExit(0)
[2018.07.26-20.54.53:767][436]LogNet: World NetDriver shutdown IpNetDriver_1 [GameNetDriver]
[2018.07.26-20.54.53:767][436]LogNet: DestroyNamedNetDriver IpNetDriver_1 [GameNetDriver]
[2018.07.26-20.54.53:768][436]LogExit: GameNetDriver IpNetDriver_1 shut down
[2018.07.26-20.54.53:879][436]LogSlate: Slate User Destroyed.  User Index 0, Is Virtual User: 0
[2018.07.26-20.54.53:880][436]LogExit: Preparing to exit.
[2018.07.26-20.54.53:880][436]LogMoviePlayer: Shutting down movie player
[2018.07.26-20.54.54:165][436]LogExit: Game engine shut down
[2018.07.26-20.54.54:184][436]LogUObjectGlobals: Destroyed PersistentFrame Addr=0x0000019e9a674400, Size=632
[2018.07.26-20.54.54:184][436]LogUObjectGlobals: Destroyed PersistentFrame Addr=0x0000019e9ab0e980, Size=40
[2018.07.26-20.54.54:184][436]LogUObjectGlobals: Destroyed PersistentFrame Addr=0x0000019e9a63f340, Size=96
[2018.07.26-20.54.54:184][436]LogUObjectGlobals: Destroyed PersistentFrame Addr=0x0000019e9aa60100, Size=56
[2018.07.26-20.54.54:184][436]LogUObjectGlobals: Destroyed PersistentFrame Addr=0x0000019e9a5b9670, Size=104
[2018.07.26-20.54.54:185][436]LogUObjectGlobals: Destroyed PersistentFrame Addr=0x0000019e9a5e6700, Size=592
[2018.07.26-20.54.54:188][436]LogUObjectGlobals: Destroyed PersistentFrame Addr=0x0000019eac5ecb00, Size=64
[2018.07.26-20.54.54:188][436]LogUObjectGlobals: Destroyed PersistentFrame Addr=0x0000019eacb8e500, Size=256
[2018.07.26-20.54.54:188][436]LogUObjectGlobals: Destroyed PersistentFrame Addr=0x0000019e9a6ff100, Size=656
[2018.07.26-20.54.54:188][436]LogUObjectGlobals: Destroyed PersistentFrame Addr=0x0000019eacb52340, Size=80
[2018.07.26-20.54.54:188][436]LogUObjectGlobals: Destroyed PersistentFrame Addr=0x0000019eacbd2980, Size=320
[2018.07.26-20.54.54:188][436]LogUObjectGlobals: Destroyed PersistentFrame Addr=0x0000019eac7c62d8, Size=4
[2018.07.26-20.54.54:188][436]LogUObjectGlobals: Destroyed PersistentFrame Addr=0x0000019eacad7880, Size=536
[2018.07.26-20.54.54:188][436]LogUObjectGlobals: Destroyed PersistentFrame Addr=0x0000019eacae5000, Size=192
[2018.07.26-20.54.54:188][436]LogUObjectGlobals: Destroyed PersistentFrame Addr=0x0000019eacbd2480, Size=320
[2018.07.26-20.54.54:188][436]LogUObjectGlobals: Destroyed PersistentFrame Addr=0x0000019eaca7d600, Size=880
[2018.07.26-20.54.54:188][436]LogUObjectGlobals: Destroyed PersistentFrame Addr=0x0000019eaca49600, Size=32
[2018.07.26-20.54.54:189][436]LogUObjectGlobals: Destroyed PersistentFrame Addr=0x0000019eaca38f70, Size=48
[2018.07.26-20.54.54:189][436]LogUObjectGlobals: Destroyed PersistentFrame Addr=0x0000019eac7c5a38, Size=8
[2018.07.26-20.54.54:189][436]LogUObjectGlobals: Destroyed PersistentFrame Addr=0x0000019eaca44700, Size=656
[2018.07.26-20.54.54:189][436]LogUObjectGlobals: Destroyed PersistentFrame Addr=0x0000019eaca44100, Size=656
[2018.07.26-20.54.54:189][436]LogUObjectGlobals: Destroyed PersistentFrame Addr=0x0000019e9dba9000, Size=656
[2018.07.26-20.54.54:189][436]LogUObjectGlobals: Destroyed PersistentFrame Addr=0x0000019e9dbaae00, Size=656
[2018.07.26-20.54.54:189][436]LogUObjectGlobals: Destroyed PersistentFrame Addr=0x0000019e9dba8d00, Size=656
[2018.07.26-20.54.54:189][436]LogUObjectGlobals: Destroyed PersistentFrame Addr=0x0000019eac9f3d00, Size=656
[2018.07.26-20.54.54:189][436]LogUObjectGlobals: Destroyed PersistentFrame Addr=0x0000019e9a990700, Size=384
[2018.07.26-20.54.54:189][436]LogUObjectGlobals: Destroyed PersistentFrame Addr=0x0000019eaca06400, Size=864
[2018.07.26-20.54.54:331][436]LogExit: Object subsystem successfully closed.
[2018.07.26-20.54.54:355][436]LogShaderCompilers: Display: Shaders left to compile 0
[2018.07.26-20.54.54:361][436]LogD3D11RHI: Shutdown
[2018.07.26-20.54.54:361][436]LogD3D11RHI: CleanupD3DDevice
[2018.07.26-20.54.54:365][436]LogD3D11RHI: ~FD3D11DynamicRHI
[2018.07.26-20.54.54:380][436]LogModuleManager: Shutting down and abandoning module Voice (338)
[2018.07.26-20.54.54:380][436]LogModuleManager: Shutting down and abandoning module AIModule (334)
[2018.07.26-20.54.54:380][436]LogModuleManager: Shutting down and abandoning module GameplayDebugger (333)
[2018.07.26-20.54.54:380][436]LogModuleManager: Shutting down and abandoning module AITestSuite (331)
[2018.07.26-20.54.54:380][436]LogModuleManager: Shutting down and abandoning module SequenceRecorderSections (328)
[2018.07.26-20.54.54:380][436]LogModuleManager: Shutting down and abandoning module SequenceRecorder (326)
[2018.07.26-20.54.54:380][436]LogModuleManager: Shutting down and abandoning module AutomationController (324)
[2018.07.26-20.54.54:380][436]LogModuleManager: Shutting down and abandoning module AutomationWorker (322)
[2018.07.26-20.54.54:380][436]LogModuleManager: Shutting down and abandoning module WmfMediaFactory (320)
[2018.07.26-20.54.54:380][436]LogModuleManager: Shutting down and abandoning module OpenExrWrapper (318)
[2018.07.26-20.54.54:380][436]LogModuleManager: Shutting down and abandoning module ImgMediaFactory (316)
[2018.07.26-20.54.54:380][436]LogModuleManager: Shutting down and abandoning module AvfMediaFactory (314)
[2018.07.26-20.54.54:381][436]LogModuleManager: Shutting down and abandoning module CharacterAI (312)
[2018.07.26-20.54.54:381][436]LogModuleManager: Shutting down and abandoning module SessionServices (310)
[2018.07.26-20.54.54:381][436]LogModuleManager: Shutting down and abandoning module MovieSceneCapture (308)
[2018.07.26-20.54.54:381][436]LogModuleManager: Shutting down and abandoning module MovieSceneTracks (306)
[2018.07.26-20.54.54:381][436]LogModuleManager: Shutting down and abandoning module MovieScene (304)
[2018.07.26-20.54.54:381][436]LogModuleManager: Shutting down and abandoning module GeometryCache (302)
[2018.07.26-20.54.54:381][436]LogModuleManager: Shutting down and abandoning module GeometryCacheEd (301)
[2018.07.26-20.54.54:381][436]LogModuleManager: Shutting down and abandoning module StreamingPauseRendering (298)
[2018.07.26-20.54.54:381][436]LogModuleManager: Shutting down and abandoning module PortalServices (296)
[2018.07.26-20.54.54:381][436]LogModuleManager: Shutting down and abandoning module PortalRpc (294)
[2018.07.26-20.54.54:381][436]LogModuleManager: Shutting down and abandoning module MessagingRpc (292)
[2018.07.26-20.54.54:381][436]LogModuleManager: Shutting down and abandoning module ProfilerService (290)
[2018.07.26-20.54.54:541][436]LogModuleManager: Shutting down and abandoning module TaskGraph (288)
[2018.07.26-20.54.54:541][436]LogModuleManager: Shutting down and abandoning module SteamVRController (286)
[2018.07.26-20.54.54:541][436]LogModuleManager: Shutting down and abandoning module ProceduralMeshComponent (284)
[2018.07.26-20.54.54:541][436]LogModuleManager: Shutting down and abandoning module OculusInput (282)
[2018.07.26-20.54.54:542][436]LogModuleManager: Shutting down and abandoning module MobilePatchingUtils (280)
[2018.07.26-20.54.54:542][436]LogModuleManager: Shutting down and abandoning module CustomMeshComponent (278)
[2018.07.26-20.54.54:542][436]LogModuleManager: Shutting down and abandoning module CableComponent (276)
[2018.07.26-20.54.54:542][436]LogModuleManager: Shutting down and abandoning module AudioCapture (274)
[2018.07.26-20.54.54:542][436]LogModuleManager: Shutting down and abandoning module ArchVisCharacter (272)
[2018.07.26-20.54.54:542][436]LogModuleManager: Shutting down and abandoning module AndroidPermission (270)
[2018.07.26-20.54.54:542][436]LogModuleManager: Shutting down and abandoning module NUTUnrealEngine4 (268)
[2018.07.26-20.54.54:542][436]LogModuleManager: Shutting down and abandoning module NetcodeUnitTest (266)
[2018.07.26-20.54.54:542][436]LogModuleManager: Shutting down and abandoning module MediaCompositing (264)
[2018.07.26-20.54.54:542][436]LogModuleManager: Shutting down and abandoning module LinearTimecode (262)
[2018.07.26-20.54.54:542][436]LogModuleManager: Shutting down and abandoning module ImgMedia (260)
[2018.07.26-20.54.54:552][436]LogModuleManager: Shutting down and abandoning module HTML5Networking (258)
[2018.07.26-20.54.54:552][436]LogModuleManager: Shutting down and abandoning module DatasmithContent (256)
[2018.07.26-20.54.54:552][436]LogModuleManager: Shutting down and abandoning module CryptoKeysOpenSSL (254)
[2018.07.26-20.54.54:552][436]LogModuleManager: Shutting down and abandoning module CryptoKeys (252)
[2018.07.26-20.54.54:552][436]LogModuleManager: Shutting down and abandoning module VisualStudioSourceCodeAccess (250)
[2018.07.26-20.54.54:552][436]LogModuleManager: Shutting down and abandoning module HotReload (249)
[2018.07.26-20.54.54:552][436]LogModuleManager: Shutting down and abandoning module DirectoryWatcher (248)
[2018.07.26-20.54.54:552][436]LogModuleManager: Shutting down and abandoning module VisualStudioCodeSourceCodeAccess (244)
[2018.07.26-20.54.54:552][436]LogModuleManager: Shutting down and abandoning module UObjectPlugin (242)
[2018.07.26-20.54.54:552][436]LogModuleManager: Shutting down and abandoning module SubversionSourceControl (240)
[2018.07.26-20.54.54:552][436]LogModuleManager: Shutting down and abandoning module PerforceSourceControl (238)
[2018.07.26-20.54.54:552][436]LogModuleManager: Shutting down and abandoning module SourceControl (237)
[2018.07.26-20.54.54:553][436]LogModuleManager: Shutting down and abandoning module CLionSourceCodeAccess (234)
[2018.07.26-20.54.54:553][436]LogModuleManager: Shutting down and abandoning module RuntimePhysXCooking (232)
[2018.07.26-20.54.54:553][436]LogModuleManager: Shutting down and abandoning module PhysXVehiclesEditor (230)
[2018.07.26-20.54.54:553][436]LogModuleManager: Shutting down and abandoning module PhysXVehicles (228)
[2018.07.26-20.54.54:553][436]LogModuleManager: Shutting down and abandoning module LocationServicesBPLibrary (226)
[2018.07.26-20.54.54:553][436]LogModuleManager: Shutting down and abandoning module ImmediatePhysicsEditor (224)
[2018.07.26-20.54.54:553][436]LogModuleManager: Shutting down and abandoning module ImmediatePhysics (222)
[2018.07.26-20.54.54:553][436]LogModuleManager: Shutting down and abandoning module ActorSequence (220)
[2018.07.26-20.54.54:553][436]LogModuleManager: Shutting down and abandoning module UdpMessaging (218)
[2018.07.26-20.54.54:654][436]LogModuleManager: Shutting down and abandoning module TcpMessaging (216)
[2018.07.26-20.54.54:999][436]LogModuleManager: Shutting down and abandoning module GameplayTagsEditor (214)
[2018.07.26-20.54.54:999][436]LogModuleManager: Shutting down and abandoning module FacialAnimation (212)
[2018.07.26-20.54.54:999][436]LogModuleManager: Shutting down and abandoning module DataValidation (210)
[2018.07.26-20.54.54:999][436]LogModuleManager: Shutting down and abandoning module AssetManagerEditor (208)
[2018.07.26-20.54.54:999][436]LogModuleManager: Shutting down and abandoning module TreeMap (207)
[2018.07.26-20.54.54:999][436]LogModuleManager: Shutting down and abandoning module LightPropagationVolumeRuntime (204)
[2018.07.26-20.54.54:999][436]LogModuleManager: Shutting down and abandoning module LiveLink (202)
[2018.07.26-20.54.55:474][436]LogModuleManager: Shutting down and abandoning module Paper2D (200)
[2018.07.26-20.54.55:474][436]LogModuleManager: Shutting down and abandoning module PIEPreviewDeviceProfileSelector (198)
[2018.07.26-20.54.55:474][436]LogModuleManager: Shutting down and abandoning module WindowsMoviePlayer (196)
[2018.07.26-20.54.55:474][436]LogModuleManager: Shutting down and abandoning module WmfMedia (194)
[2018.07.26-20.54.55:476][436]LogModuleManager: Shutting down and abandoning module Media (193)
[2018.07.26-20.54.55:482][436]LogModuleManager: Shutting down and abandoning module PacketHandler (190)
[2018.07.26-20.54.55:482][436]LogModuleManager: Shutting down and abandoning module ClothingSystemEditor (188)
[2018.07.26-20.54.55:482][436]LogModuleManager: Shutting down and abandoning module ClothingSystemRuntime (186)
[2018.07.26-20.54.55:482][436]LogModuleManager: Shutting down and abandoning module MediaAssets (184)
[2018.07.26-20.54.55:482][436]LogModuleManager: Shutting down and abandoning module Overlay (182)
[2018.07.26-20.54.55:482][436]LogModuleManager: Shutting down and abandoning module OverlayEditor (181)
[2018.07.26-20.54.55:482][436]LogModuleManager: Shutting down and abandoning module VREditor (178)
[2018.07.26-20.54.55:482][436]LogModuleManager: Shutting down and abandoning module StringTableEditor (176)
[2018.07.26-20.54.55:483][436]LogModuleManager: Shutting down and abandoning module GameplayTasksEditor (174)
[2018.07.26-20.54.55:483][436]LogModuleManager: Shutting down and abandoning module BehaviorTreeEditor (172)
[2018.07.26-20.54.55:483][436]LogModuleManager: Shutting down and abandoning module FunctionalTesting (170)
[2018.07.26-20.54.55:483][436]LogModuleManager: Shutting down and abandoning module CollisionAnalyzer (168)
[2018.07.26-20.54.55:483][436]LogModuleManager: Shutting down and abandoning module WorkspaceMenuStructure (167)
[2018.07.26-20.54.55:483][436]LogModuleManager: Shutting down and abandoning module UMG (164)
[2018.07.26-20.54.55:483][436]LogModuleManager: Shutting down and abandoning module UMGEditor (163)
[2018.07.26-20.54.55:483][436]LogModuleManager: Shutting down and abandoning module Sequencer (162)
[2018.07.26-20.54.55:483][436]LogModuleManager: Shutting down and abandoning module MessageLog (159)
[2018.07.26-20.54.55:483][436]LogModuleManager: Shutting down and abandoning module SlateReflector (154)
[2018.07.26-20.54.55:483][436]LogModuleManager: Shutting down and abandoning module Slate (152)
[2018.07.26-20.54.55:483][436]LogModuleManager: Shutting down and abandoning module EditorStyle (150)
[2018.07.26-20.54.55:486][436]LogModuleManager: Shutting down and abandoning module MRMesh (148)
[2018.07.26-20.54.55:486][436]LogModuleManager: Shutting down and abandoning module Messaging (146)
[2018.07.26-20.54.55:486][436]LogModuleManager: Shutting down and abandoning module SourceCodeAccess (144)
[2018.07.26-20.54.55:486][436]LogModuleManager: Shutting down and abandoning module HeadMountedDisplay (142)
[2018.07.26-20.54.55:486][436]LogModuleManager: Shutting down and abandoning module XAudio2 (140)
[2018.07.26-20.54.55:486][436]LogModuleManager: Shutting down and abandoning module Networking (138)
[2018.07.26-20.54.55:486][436]LogModuleManager: Shutting down and abandoning module Core (136)
[2018.07.26-20.54.55:486][436]LogModuleManager: Shutting down and abandoning module LevelSequence (134)
[2018.07.26-20.54.55:486][436]LogModuleManager: Shutting down and abandoning module KismetCompiler (132)
[2018.07.26-20.54.55:486][436]LogModuleManager: Shutting down and abandoning module MeshUtilities (130)
[2018.07.26-20.54.55:486][436]LogModuleManager: Shutting down and abandoning module MeshMergeUtilities (129)
[2018.07.26-20.54.55:486][436]LogModuleManager: Shutting down and abandoning module MeshReductionInterface (128)
[2018.07.26-20.54.55:486][436]LogModuleManager: Shutting down and abandoning module SimplygonSwarm (127)
[2018.07.26-20.54.55:486][436]LogModuleManager: Shutting down and abandoning module SimplygonMeshReduction (125)
[2018.07.26-20.54.55:486][436]LogModuleManager: Shutting down and abandoning module QuadricMeshReduction (123)
[2018.07.26-20.54.55:487][436]LogModuleManager: Shutting down and abandoning module MaterialBaking (119)
[2018.07.26-20.54.55:487][436]LogModuleManager: Shutting down and abandoning module DerivedDataCache (114)
[2018.07.26-20.54.55:979][436]LogDerivedDataCache: Shutdown
[2018.07.26-20.54.55:979][436]LogModuleManager: Shutting down and abandoning module XGEController (112)
[2018.07.26-20.54.55:979][436]LogModuleManager: Shutting down and abandoning module TargetPlatform (110)
[2018.07.26-20.54.55:979][436]LogModuleManager: Shutting down and abandoning module VulkanShaderFormat (109)
[2018.07.26-20.54.55:980][436]LogModuleManager: Shutting down and abandoning module ShaderFormatVectorVM (107)
[2018.07.26-20.54.55:980][436]LogModuleManager: Shutting down and abandoning module ShaderFormatOpenGL (105)
[2018.07.26-20.54.55:980][436]LogModuleManager: Shutting down and abandoning module ShaderFormatD3D (103)
[2018.07.26-20.54.55:980][436]LogModuleManager: Shutting down and abandoning module MetalShaderFormat (101)
[2018.07.26-20.54.55:980][436]LogModuleManager: Shutting down and abandoning module TextureFormatUncompressed (99)
[2018.07.26-20.54.55:980][436]LogModuleManager: Shutting down and abandoning module TextureFormatPVR (97)
[2018.07.26-20.54.55:980][436]LogModuleManager: Shutting down and abandoning module TextureFormatDXT (95)
[2018.07.26-20.54.55:980][436]LogModuleManager: Shutting down and abandoning module TextureFormatIntelISPCTexComp (93)
[2018.07.26-20.54.55:980][436]LogModuleManager: Shutting down and abandoning module TextureFormatASTC (91)
[2018.07.26-20.54.55:980][436]LogModuleManager: Shutting down and abandoning module ImageWrapper (90)
[2018.07.26-20.54.55:980][436]LogModuleManager: Shutting down and abandoning module TextureFormatAndroid (87)
[2018.07.26-20.54.55:980][436]LogModuleManager: Shutting down and abandoning module AudioFormatOpus (85)
[2018.07.26-20.54.55:980][436]LogModuleManager: Shutting down and abandoning module AudioFormatOgg (83)
[2018.07.26-20.54.55:980][436]LogModuleManager: Shutting down and abandoning module AudioFormatADPCM (81)
[2018.07.26-20.54.55:980][436]LogModuleManager: Shutting down and abandoning module WindowsTargetPlatform (79)
[2018.07.26-20.54.55:980][436]LogModuleManager: Shutting down and abandoning module WindowsServerTargetPlatform (77)
[2018.07.26-20.54.55:980][436]LogModuleManager: Shutting down and abandoning module WindowsNoEditorTargetPlatform (75)
[2018.07.26-20.54.55:980][436]LogModuleManager: Shutting down and abandoning module WindowsClientTargetPlatform (73)
[2018.07.26-20.54.55:980][436]LogModuleManager: Shutting down and abandoning module InputCore (70)
[2018.07.26-20.54.55:980][436]LogModuleManager: Shutting down and abandoning module Settings (68)
[2018.07.26-20.54.55:980][436]LogModuleManager: Shutting down and abandoning module PhysXCooking (66)
[2018.07.26-20.54.55:980][436]LogModuleManager: Shutting down and abandoning module SteamVR (64)
[2018.07.26-20.54.55:980][436]LogModuleManager: Shutting down and abandoning module OculusHMD (62)
[2018.07.26-20.54.55:980][436]LogModuleManager: Shutting down and abandoning module ExampleDeviceProfileSelector (60)
[2018.07.26-20.54.55:980][436]LogModuleManager: Shutting down and abandoning module AppleARKit (58)
[2018.07.26-20.54.55:980][436]LogModuleManager: Shutting down and abandoning module AugmentedReality (57)
[2018.07.26-20.54.55:980][436]LogModuleManager: Shutting down and abandoning module OnlineBlueprintSupport (54)
[2018.07.26-20.54.55:981][436]LogModuleManager: Shutting down and abandoning module OnlineSubsystem (50)
[2018.07.26-20.54.55:981][436]LogOnline: Display: OSS: FOnlineSubsystemNull::Shutdown()
[2018.07.26-20.54.55:981][436]LogOnline: Display: OSS: FOnlineAsyncTaskManager::Stop() ActiveTask:0000000000000000 Tasks[0/0]
[2018.07.26-20.54.55:981][436]LogOnline: Display: OSS: FOnlineAsyncTaskManager::Exit() started
[2018.07.26-20.54.55:981][436]LogOnline: Display: OSS: FOnlineAsyncTaskManager::Exit() finished
[2018.07.26-20.54.55:981][436]LogModuleManager: Shutting down and abandoning module XMPP (43)
[2018.07.26-20.54.55:981][436]LogModuleManager: Shutting down and abandoning module HTTP (41)
[2018.07.26-20.54.55:994][436]LogModuleManager: Shutting down and abandoning module SSL (40)
[2018.07.26-20.54.55:997][436]LogModuleManager: Shutting down and abandoning module AnimationModifiers (36)
[2018.07.26-20.54.55:997][436]LogModuleManager: Shutting down and abandoning module PropertyEditor (35)
[2018.07.26-20.54.55:997][436]LogModuleManager: Shutting down and abandoning module AudioEditor (32)
[2018.07.26-20.54.55:997][436]LogModuleManager: Shutting down and abandoning module TextureCompressor (30)
[2018.07.26-20.54.55:997][436]LogModuleManager: Shutting down and abandoning module ShaderCore (28)
[2018.07.26-20.54.55:997][436]LogModuleManager: Shutting down and abandoning module Landscape (26)
[2018.07.26-20.54.55:997][436]LogModuleManager: Shutting down and abandoning module SlateRHIRenderer (24)
[2018.07.26-20.54.55:998][436]LogModuleManager: Shutting down and abandoning module OpenGLDrv (22)
[2018.07.26-20.54.55:999][436]LogModuleManager: Shutting down and abandoning module D3D11RHI (20)
[2018.07.26-20.54.55:999][436]LogModuleManager: Shutting down and abandoning module AnimGraphRuntime (18)
[2018.07.26-20.54.55:999][436]LogModuleManager: Shutting down and abandoning module Renderer (16)
[2018.07.26-20.54.55:999][436]LogModuleManager: Shutting down and abandoning module Engine (14)
[2018.07.26-20.54.55:999][436]LogModuleManager: Shutting down and abandoning module CoreUObject (12)
[2018.07.26-20.54.55:999][436]LogModuleManager: Shutting down and abandoning module NetworkFile (10)
[2018.07.26-20.54.55:999][436]LogModuleManager: Shutting down and abandoning module CookedIterativeFile (8)
[2018.07.26-20.54.55:999][436]LogModuleManager: Shutting down and abandoning module StreamingFile (6)
[2018.07.26-20.54.55:999][436]LogModuleManager: Shutting down and abandoning module SandboxFile (4)
[2018.07.26-20.54.55:999][436]LogModuleManager: Shutting down and abandoning module PakFile (2)
[2018.07.26-20.54.56:005][436]LogExit: Exiting.
[2018.07.26-20.54.56:090][436]Log file closed, 07/26/18 21:54:56
