Log file open, 07/26/18 21:23:10
LogWindows: Failed to load 'aqProf.dll' (GetLastError=126)
LogWindows: File 'aqProf.dll' does not exist
LogWindows: Failed to load 'VtuneApi.dll' (GetLastError=126)
LogWindows: File 'VtuneApi.dll' does not exist
LogWindows: Failed to load 'VtuneApi32e.dll' (GetLastError=126)
LogWindows: File 'VtuneApi32e.dll' does not exist
LogInit: Display: Running engine for game: FPBG
LogPlatformFile: Not using cached read wrapper
LogInit: Display: RandInit(-1661640477) SRandInit(-1661640477).
LogInit: Read version file with build ID '3944462'
LogInit: Overriding engine version to CL 4033788, compatible CL 3944462
LogInit: Registered custom module enumerator with build ID '3944462'
LogTaskGraph: Started task graph with 5 named threads and 14 total threads with 3 sets of task threads.
LogStats: Stats thread started at 0.352296
LogD3D11RHI: Aftermath initialized
LogICUInternationalization: Display: ICU TimeZone Detection - Raw Offset: +0:00, Platform Override: ''
LogModuleManager: Display: Found up-to-date module file ../../../Engine/Plugins/Online/OnlineSubsystemSteam/Binaries/Win64/UE4Editor-OnlineSubsystemSteam.dll (API version 3944462).
LogModuleManager: Display: Found up-to-date module file ../../../Engine/Plugins/Online/OnlineSubsystem/Binaries/Win64/UE4Editor-OnlineSubsystem.dll (API version 3944462).
LogModuleManager: Display: Found up-to-date module file ../../../Engine/Plugins/Online/OnlineSubsystemUtils/Binaries/Win64/UE4Editor-OnlineSubsystemUtils.dll (API version 3944462).
LogModuleManager: Display: Found up-to-date module file ../../../Engine/Plugins/Online/OnlineSubsystemUtils/Binaries/Win64/UE4Editor-OnlineBlueprintSupport.dll (API version 3944462).
LogModuleManager: Display: Found up-to-date module file ../../../Engine/Plugins/2D/Paper2D/Binaries/Win64/UE4Editor-Paper2D.dll (API version 3944462).
LogModuleManager: Display: Found up-to-date module file ../../../Engine/Plugins/2D/Paper2D/Binaries/Win64/UE4Editor-Paper2DEditor.dll (API version 3944462).
LogModuleManager: Display: Found up-to-date module file ../../../Engine/Plugins/2D/Paper2D/Binaries/Win64/UE4Editor-PaperSpriteSheetImporter.dll (API version 3944462).
LogModuleManager: Display: Found up-to-date module file ../../../Engine/Plugins/2D/Paper2D/Binaries/Win64/UE4Editor-PaperTiledImporter.dll (API version 3944462).
LogModuleManager: Display: Found up-to-date module file ../../../Engine/Plugins/2D/Paper2D/Binaries/Win64/UE4Editor-SmartSnapping.dll (API version 3944462).
LogModuleManager: Display: Found up-to-date module file ../../../Engine/Plugins/Blendables/LightPropagationVolume/Binaries/Win64/UE4Editor-LightPropagationVolumeRuntime.dll (API version 3944462).
LogModuleManager: Display: Found up-to-date module file ../../../Engine/Plugins/Blendables/LightPropagationVolume/Binaries/Win64/UE4Editor-LightPropagationVolumeEditor.dll (API version 3944462).
LogModuleManager: Display: Found up-to-date module file ../../../Engine/Plugins/Developer/CLionSourceCodeAccess/Binaries/Win64/UE4Editor-CLionSourceCodeAccess.dll (API version 3944462).
LogModuleManager: Display: Found up-to-date module file ../../../Engine/Plugins/Developer/GitSourceControl/Binaries/Win64/UE4Editor-GitSourceControl.dll (API version 3944462).
LogModuleManager: Display: Found up-to-date module file ../../../Engine/Plugins/Developer/PerforceSourceControl/Binaries/Win64/UE4Editor-PerforceSourceControl.dll (API version 3944462).
LogModuleManager: Display: Found up-to-date module file ../../../Engine/Plugins/Developer/SubversionSourceControl/Binaries/Win64/UE4Editor-SubversionSourceControl.dll (API version 3944462).
LogModuleManager: Display: Found up-to-date module file ../../../Engine/Plugins/Developer/UObjectPlugin/Binaries/Win64/UE4Editor-UObjectPlugin.dll (API version 3944462).
LogModuleManager: Display: Found up-to-date module file ../../../Engine/Plugins/Developer/VisualStudioCodeSourceCodeAccess/Binaries/Win64/UE4Editor-VisualStudioCodeSourceCodeAccess.dll (API version 3944462).
LogModuleManager: Display: Found up-to-date module file ../../../Engine/Plugins/Developer/VisualStudioSourceCodeAccess/Binaries/Win64/UE4Editor-VisualStudioSourceCodeAccess.dll (API version 3944462).
LogModuleManager: Display: Found up-to-date module file ../../../Engine/Plugins/Editor/AssetManagerEditor/Binaries/Win64/UE4Editor-AssetManagerEditor.dll (API version 3944462).
LogModuleManager: Display: Found up-to-date module file ../../../Engine/Plugins/Editor/CryptoKeys/Binaries/Win64/UE4Editor-CryptoKeys.dll (API version 3944462).
LogModuleManager: Display: Found up-to-date module file ../../../Engine/Plugins/Editor/CryptoKeys/Binaries/Win64/UE4Editor-CryptoKeysOpenSSL.dll (API version 3944462).
LogModuleManager: Display: Found up-to-date module file ../../../Engine/Plugins/Editor/DataValidation/Binaries/Win64/UE4Editor-DataValidation.dll (API version 3944462).
LogModuleManager: Display: Found up-to-date module file ../../../Engine/Plugins/Editor/FacialAnimation/Binaries/Win64/UE4Editor-FacialAnimation.dll (API version 3944462).
LogModuleManager: Display: Found up-to-date module file ../../../Engine/Plugins/Editor/FacialAnimation/Binaries/Win64/UE4Editor-FacialAnimationEditor.dll (API version 3944462).
LogModuleManager: Display: Found up-to-date module file ../../../Engine/Plugins/Editor/GameplayTagsEditor/Binaries/Win64/UE4Editor-GameplayTagsEditor.dll (API version 3944462).
LogModuleManager: Display: Found up-to-date module file ../../../Engine/Plugins/Editor/MobileLauncherProfileWizard/Binaries/Win64/UE4Editor-MobileLauncherProfileWizard.dll (API version 3944462).
LogModuleManager: Display: Found up-to-date module file ../../../Engine/Plugins/Editor/PluginBrowser/Binaries/Win64/UE4Editor-PluginBrowser.dll (API version 3944462).
LogModuleManager: Display: Found up-to-date module file ../../../Engine/Plugins/Editor/SpeedTreeImporter/Binaries/Win64/UE4Editor-SpeedTreeImporter.dll (API version 3944462).
LogModuleManager: Display: Found up-to-date module file ../../../Engine/Plugins/Enterprise/DatasmithContent/Binaries/Win64/UE4Editor-DatasmithContent.dll (API version 3944462).
LogModuleManager: Display: Found up-to-date module file ../../../Engine/Plugins/Experimental/AlembicImporter/Binaries/Win64/UE4Editor-AlembicImporter.dll (API version 3944462).
LogModuleManager: Display: Found up-to-date module file ../../../Engine/Plugins/Experimental/AlembicImporter/Binaries/Win64/UE4Editor-AlembicLibrary.dll (API version 3944462).
LogModuleManager: Display: Found up-to-date module file ../../../Engine/Plugins/Experimental/CharacterAI/Binaries/Win64/UE4Editor-CharacterAI.dll (API version 3944462).
LogModuleManager: Display: Found up-to-date module file ../../../Engine/Plugins/Experimental/HTML5Networking/Binaries/Win64/UE4Editor-HTML5Networking.dll (API version 3944462).
LogModuleManager: Display: Found up-to-date module file ../../../Engine/Plugins/Media/AndroidMedia/Binaries/Win64/UE4Editor-AndroidMediaEditor.dll (API version 3944462).
LogModuleManager: Display: Found up-to-date module file ../../../Engine/Plugins/Media/AndroidMedia/Binaries/Win64/UE4Editor-AndroidMediaFactory.dll (API version 3944462).
LogModuleManager: Display: Found up-to-date module file ../../../Engine/Plugins/Media/AvfMedia/Binaries/Win64/UE4Editor-AvfMediaEditor.dll (API version 3944462).
LogModuleManager: Display: Found up-to-date module file ../../../Engine/Plugins/Media/AvfMedia/Binaries/Win64/UE4Editor-AvfMediaFactory.dll (API version 3944462).
LogModuleManager: Display: Found up-to-date module file ../../../Engine/Plugins/Media/AvfMedia/Binaries/Win64/UE4Editor-AvfMediaFactory.dll (API version 3944462).
LogModuleManager: Display: Found up-to-date module file ../../../Engine/Plugins/Media/ImgMedia/Binaries/Win64/UE4Editor-ImgMedia.dll (API version 3944462).
LogModuleManager: Display: Found up-to-date module file ../../../Engine/Plugins/Media/ImgMedia/Binaries/Win64/UE4Editor-ImgMediaEditor.dll (API version 3944462).
LogModuleManager: Display: Found up-to-date module file ../../../Engine/Plugins/Media/ImgMedia/Binaries/Win64/UE4Editor-ImgMediaFactory.dll (API version 3944462).
LogModuleManager: Display: Found up-to-date module file ../../../Engine/Plugins/Media/ImgMedia/Binaries/Win64/UE4Editor-ImgMediaFactory.dll (API version 3944462).
LogModuleManager: Display: Found up-to-date module file ../../../Engine/Plugins/Media/ImgMedia/Binaries/Win64/UE4Editor-OpenExrWrapper.dll (API version 3944462).
LogModuleManager: Display: Found up-to-date module file ../../../Engine/Plugins/Media/LinearTimecode/Binaries/Win64/UE4Editor-LinearTimecode.dll (API version 3944462).
LogModuleManager: Display: Found up-to-date module file ../../../Engine/Plugins/Media/MediaCompositing/Binaries/Win64/UE4Editor-MediaCompositing.dll (API version 3944462).
LogModuleManager: Display: Found up-to-date module file ../../../Engine/Plugins/Media/MediaCompositing/Binaries/Win64/UE4Editor-MediaCompositingEditor.dll (API version 3944462).
LogModuleManager: Display: Found up-to-date module file ../../../Engine/Plugins/Media/MediaPlayerEditor/Binaries/Win64/UE4Editor-MediaPlayerEditor.dll (API version 3944462).
LogModuleManager: Display: Found up-to-date module file ../../../Engine/Plugins/Media/WmfMedia/Binaries/Win64/UE4Editor-WmfMedia.dll (API version 3944462).
LogModuleManager: Display: Found up-to-date module file ../../../Engine/Plugins/Media/WmfMedia/Binaries/Win64/UE4Editor-WmfMediaEditor.dll (API version 3944462).
LogModuleManager: Display: Found up-to-date module file ../../../Engine/Plugins/Media/WmfMedia/Binaries/Win64/UE4Editor-WmfMediaFactory.dll (API version 3944462).
LogModuleManager: Display: Found up-to-date module file ../../../Engine/Plugins/Media/WmfMedia/Binaries/Win64/UE4Editor-WmfMediaFactory.dll (API version 3944462).
LogModuleManager: Display: Found up-to-date module file ../../../Engine/Plugins/Messaging/TcpMessaging/Binaries/Win64/UE4Editor-TcpMessaging.dll (API version 3944462).
LogModuleManager: Display: Found up-to-date module file ../../../Engine/Plugins/Messaging/UdpMessaging/Binaries/Win64/UE4Editor-UdpMessaging.dll (API version 3944462).
LogModuleManager: Display: Found up-to-date module file ../../../Engine/Plugins/MovieScene/ActorSequence/Binaries/Win64/UE4Editor-ActorSequence.dll (API version 3944462).
LogModuleManager: Display: Found up-to-date module file ../../../Engine/Plugins/MovieScene/LevelSequenceEditor/Binaries/Win64/UE4Editor-LevelSequenceEditor.dll (API version 3944462).
LogModuleManager: Display: Found up-to-date module file ../../../Engine/Plugins/MovieScene/MatineeToLevelSequence/Binaries/Win64/UE4Editor-MatineeToLevelSequence.dll (API version 3944462).
LogModuleManager: Display: Found up-to-date module file ../../../Engine/Plugins/NetcodeUnitTest/NetcodeUnitTest/Binaries/Win64/UE4Editor-NetcodeUnitTest.dll (API version 3944462).
LogModuleManager: Display: Found up-to-date module file ../../../Engine/Plugins/NetcodeUnitTest/NUTUnrealEngine4/Binaries/Win64/UE4Editor-NUTUnrealEngine4.dll (API version 3944462).
LogModuleManager: Display: Found up-to-date module file ../../../Engine/Plugins/Runtime/AndroidPermission/Binaries/Win64/UE4Editor-AndroidPermission.dll (API version 3944462).
LogModuleManager: Display: Found up-to-date module file ../../../Engine/Plugins/Online/OnlineSubsystemNull/Binaries/Win64/UE4Editor-OnlineSubsystemNull.dll (API version 3944462).
LogModuleManager: Display: Found up-to-date module file ../../../Engine/Plugins/Runtime/AndroidDeviceProfileSelector/Binaries/Win64/UE4Editor-AndroidDeviceProfileSelector.dll (API version 3944462).
LogModuleManager: Display: Found up-to-date module file ../../../Engine/Plugins/Runtime/AppleARKit/Binaries/Win64/UE4Editor-AppleARKit.dll (API version 3944462).
LogModuleManager: Display: Found up-to-date module file ../../../Engine/Plugins/Runtime/ProceduralMeshComponent/Binaries/Win64/UE4Editor-ProceduralMeshComponent.dll (API version 3944462).
LogModuleManager: Display: Found up-to-date module file ../../../Engine/Plugins/Runtime/ProceduralMeshComponent/Binaries/Win64/UE4Editor-ProceduralMeshComponentEditor.dll (API version 3944462).
LogModuleManager: Display: Found up-to-date module file ../../../Engine/Plugins/Animation/LiveLink/Binaries/Win64/UE4Editor-LiveLink.dll (API version 3944462).
LogModuleManager: Display: Found up-to-date module file ../../../Engine/Plugins/Animation/LiveLink/Binaries/Win64/UE4Editor-LiveLinkEditor.dll (API version 3944462).
LogModuleManager: Display: Found up-to-date module file ../../../Engine/Plugins/Runtime/ArchVisCharacter/Binaries/Win64/UE4Editor-ArchVisCharacter.dll (API version 3944462).
LogModuleManager: Display: Found up-to-date module file ../../../Engine/Plugins/Runtime/AudioCapture/Binaries/Win64/UE4Editor-AudioCapture.dll (API version 3944462).
LogModuleManager: Display: Found up-to-date module file ../../../Engine/Plugins/Runtime/AudioCapture/Binaries/Win64/UE4Editor-AudioCaptureEditor.dll (API version 3944462).
LogModuleManager: Display: Found up-to-date module file ../../../Engine/Plugins/Runtime/CableComponent/Binaries/Win64/UE4Editor-CableComponent.dll (API version 3944462).
LogModuleManager: Display: Found up-to-date module file ../../../Engine/Plugins/Runtime/CustomMeshComponent/Binaries/Win64/UE4Editor-CustomMeshComponent.dll (API version 3944462).
LogModuleManager: Display: Found up-to-date module file ../../../Engine/Plugins/Runtime/ExampleDeviceProfileSelector/Binaries/Win64/UE4Editor-ExampleDeviceProfileSelector.dll (API version 3944462).
LogModuleManager: Display: Found up-to-date module file ../../../Engine/Plugins/Runtime/ImmediatePhysics/Binaries/Win64/UE4Editor-ImmediatePhysics.dll (API version 3944462).
LogModuleManager: Display: Found up-to-date module file ../../../Engine/Plugins/Runtime/ImmediatePhysics/Binaries/Win64/UE4Editor-ImmediatePhysicsEditor.dll (API version 3944462).
LogModuleManager: Display: Found up-to-date module file ../../../Engine/Plugins/Runtime/LocationServicesBPLibrary/Binaries/Win64/UE4Editor-LocationServicesBPLibrary.dll (API version 3944462).
LogModuleManager: Display: Found up-to-date module file ../../../Engine/Plugins/Runtime/MobilePatchingUtils/Binaries/Win64/UE4Editor-MobilePatchingUtils.dll (API version 3944462).
LogModuleManager: Display: Found up-to-date module file ../../../Engine/Plugins/Runtime/Oculus/OculusVR/Binaries/Win64/UE4Editor-OculusHMD.dll (API version 3944462).
LogModuleManager: Display: Found up-to-date module file ../../../Engine/Plugins/Runtime/Oculus/OculusVR/Binaries/Win64/UE4Editor-OculusInput.dll (API version 3944462).
LogModuleManager: Display: Found up-to-date module file ../../../Engine/Plugins/Runtime/Oculus/OculusVR/Binaries/Win64/UE4Editor-OculusEditor.dll (API version 3944462).
LogModuleManager: Display: Found up-to-date module file ../../../Engine/Plugins/Runtime/PhysXVehicles/Binaries/Win64/UE4Editor-PhysXVehicles.dll (API version 3944462).
LogModuleManager: Display: Found up-to-date module file ../../../Engine/Plugins/Runtime/PhysXVehicles/Binaries/Win64/UE4Editor-PhysXVehiclesEditor.dll (API version 3944462).
LogModuleManager: Display: Found up-to-date module file ../../../Engine/Plugins/Runtime/RuntimePhysXCooking/Binaries/Win64/UE4Editor-RuntimePhysXCooking.dll (API version 3944462).
LogModuleManager: Display: Found up-to-date module file ../../../Engine/Plugins/Runtime/Steam/SteamVR/Binaries/Win64/UE4Editor-SteamVR.dll (API version 3944462).
LogModuleManager: Display: Found up-to-date module file ../../../Engine/Plugins/Runtime/Steam/SteamVR/Binaries/Win64/UE4Editor-SteamVRController.dll (API version 3944462).
LogModuleManager: Display: Found up-to-date module file ../../../Engine/Plugins/Runtime/WindowsMoviePlayer/Binaries/Win64/UE4Editor-WindowsMoviePlayer.dll (API version 3944462).
LogPluginManager: Mounting plugin Paper2D
LogPluginManager: Mounting plugin LiveLink
LogPluginManager: Mounting plugin LightPropagationVolume
LogPluginManager: Mounting plugin CLionSourceCodeAccess
LogPluginManager: Mounting plugin CodeLiteSourceCodeAccess
LogPluginManager: Mounting plugin GitSourceControl
LogPluginManager: Mounting plugin KDevelopSourceCodeAccess
LogPluginManager: Mounting plugin NullSourceCodeAccess
LogPluginManager: Mounting plugin PerforceSourceControl
LogPluginManager: Mounting plugin SubversionSourceControl
LogPluginManager: Mounting plugin UObjectPlugin
LogPluginManager: Mounting plugin VisualStudioCodeSourceCodeAccess
LogPluginManager: Mounting plugin VisualStudioSourceCodeAccess
LogPluginManager: Mounting plugin XCodeSourceCodeAccess
LogPluginManager: Mounting plugin AssetManagerEditor
LogPluginManager: Mounting plugin CryptoKeys
LogPluginManager: Mounting plugin DataValidation
LogPluginManager: Mounting plugin FacialAnimation
LogPluginManager: Mounting plugin GameplayTagsEditor
LogPluginManager: Mounting plugin MobileLauncherProfileWizard
LogPluginManager: Mounting plugin PluginBrowser
LogPluginManager: Mounting plugin SpeedTreeImporter
LogPluginManager: Mounting plugin DatasmithContent
LogPluginManager: Mounting plugin AlembicImporter
LogPluginManager: Mounting plugin CharacterAI
LogPluginManager: Mounting plugin HTML5Networking
LogPluginManager: Mounting plugin AndroidMedia
LogPluginManager: Mounting plugin AvfMedia
LogPluginManager: Mounting plugin ImgMedia
LogPluginManager: Mounting plugin LinearTimecode
LogPluginManager: Mounting plugin MediaCompositing
LogPluginManager: Mounting plugin MediaPlayerEditor
LogPluginManager: Mounting plugin WmfMedia
LogPluginManager: Mounting plugin TcpMessaging
LogPluginManager: Mounting plugin UdpMessaging
LogPluginManager: Mounting plugin ActorSequence
LogPluginManager: Mounting plugin LevelSequenceEditor
LogPluginManager: Mounting plugin MatineeToLevelSequence
LogPluginManager: Mounting plugin NetcodeUnitTest
LogPluginManager: Mounting plugin NUTUnrealEngine4
LogPluginManager: Mounting plugin OnlineSubsystemGooglePlay
LogPluginManager: Mounting plugin OnlineSubsystemIOS
LogPluginManager: Mounting plugin OnlineSubsystem
LogPluginManager: Mounting plugin OnlineSubsystemNull
LogPluginManager: Mounting plugin OnlineSubsystemSteam
LogPluginManager: Mounting plugin OnlineSubsystemUtils
LogPluginManager: Mounting plugin AndroidDeviceProfileSelector
LogPluginManager: Mounting plugin AndroidMoviePlayer
LogPluginManager: Mounting plugin AndroidPermission
LogPluginManager: Mounting plugin AppleARKit
LogPluginManager: Mounting plugin AppleMoviePlayer
LogPluginManager: Mounting plugin ArchVisCharacter
LogPluginManager: Mounting plugin AudioCapture
LogPluginManager: Mounting plugin CableComponent
LogPluginManager: Mounting plugin CustomMeshComponent
LogPluginManager: Mounting plugin ExampleDeviceProfileSelector
LogPluginManager: Mounting plugin GoogleCloudMessaging
LogPluginManager: Mounting plugin ImmediatePhysics
LogPluginManager: Mounting plugin IOSDeviceProfileSelector
LogPluginManager: Mounting plugin LinuxDeviceProfileSelector
LogPluginManager: Mounting plugin LocationServicesBPLibrary
LogPluginManager: Mounting plugin MobilePatchingUtils
LogPluginManager: Mounting plugin OculusVR
LogPluginManager: Plugin shader directory ../../../Engine/Plugins/Runtime/Oculus/OculusVR/Shaders found
LogPluginManager: Mapping shader source directory ../../../Engine/Plugins/Runtime/Oculus/OculusVR/Shaders to virtual directory /Plugin/OculusVR
LogPluginManager: Mounting plugin PhysXVehicles
LogPluginManager: Mounting plugin ProceduralMeshComponent
LogPluginManager: Mounting plugin RuntimePhysXCooking
LogPluginManager: Mounting plugin SteamVR
LogPluginManager: Mounting plugin WindowsMoviePlayer
LogStreaming: Display: Took  4.087s to configure plugins.
LogInit: Using libcurl 7.47.1
LogInit:  - built for x86_64-pc-win32
LogInit:  - supports SSL with OpenSSL/1.0.2g
LogInit:  - supports HTTP deflate (compression) using libz 1.2.8
LogInit:  - other features:
LogInit:      CURL_VERSION_SSL
LogInit:      CURL_VERSION_LIBZ
LogInit:      CURL_VERSION_IPV6
LogInit:      CURL_VERSION_ASYNCHDNS
LogInit:      CURL_VERSION_LARGEFILE
LogInit:      CURL_VERSION_IDN
LogInit:  CurlRequestOptions (configurable via config and command line):
LogInit:  - bVerifyPeer = false  - Libcurl will NOT verify peer certificate
LogInit:  - bUseHttpProxy = false  - Libcurl will NOT use HTTP proxy
LogInit:  - bDontReuseConnections = false  - Libcurl will reuse connections
LogInit:  - CertBundlePath = nullptr  - Libcurl will use whatever was configured at build time.
LogInit:  - MaxHostConnections = 16  - Libcurl will limit the number of connections to a host
LogInit:  - LocalHostAddr = Default
LogOnline: Display: STEAM: Loading Steam SDK 1.39
LogOnline: Warning: STEAM: Steam API disabled!
LogOnline: Display: STEAM: OnlineSubsystemSteam::Shutdown()
LogInit: WinSock: version 1.1 (2.2), MaxSocks=32767, MaxUdp=65467
LogInit: WinSock: I am Q6600 (192.168.1.42:0)
LogInit: Build: ++UE4+Release-4.19-CL-4033788
LogInit: Engine Version: 4.19.2-4033788+++UE4+Release-4.19
LogInit: Compatible Engine Version: 4.19.0-3944462+++UE4+Release-4.19
LogInit: Net CL: 3944462
LogDevObjectVersion: Number of dev versions registered: 18
LogDevObjectVersion:   Dev-Blueprints (B0D832E4-1F89-4F0D-ACCF-7EB736FD4AA2): 10
LogDevObjectVersion:   Dev-Build (E1C64328-A22C-4D53-A36C-8E866417BD8C): 0
LogDevObjectVersion:   Dev-Core (375EC13C-06E4-48FB-B500-84F0262A717E): 2
LogDevObjectVersion:   Dev-Editor (E4B068ED-F494-42E9-A231-DA0B2E46BB41): 23
LogDevObjectVersion:   Dev-Framework (CFFC743F-43B0-4480-9391-14DF171D2073): 33
LogDevObjectVersion:   Dev-Mobile (B02B49B5-BB20-44E9-A304-32B752E40360): 2
LogDevObjectVersion:   Dev-Networking (A4E4105C-59A1-49B5-A7C5-40C4547EDFEE): 0
LogDevObjectVersion:   Dev-Online (39C831C9-5AE6-47DC-9A44-9C173E1C8E7C): 0
LogDevObjectVersion:   Dev-Physics (78F01B33-EBEA-4F98-B9B4-84EACCB95AA2): 0
LogDevObjectVersion:   Dev-Platform (6631380F-2D4D-43E0-8009-CF276956A95A): 0
LogDevObjectVersion:   Dev-Rendering (12F88B9F-8875-4AFC-A67C-D90C383ABD29): 25
LogDevObjectVersion:   Dev-Sequencer (7B5AE74C-D270-4C10-A958-57980B212A5A): 6
LogDevObjectVersion:   Dev-VR (D7296918-1DD6-4BDD-9DE2-64A83CC13884): 1
LogDevObjectVersion:   Dev-LoadTimes (C2A15278-BFE7-4AFE-6C17-90FF531DF755): 1
LogDevObjectVersion:   Private-Geometry (6EACA3D4-40EC-4CC1-B786-8BED09428FC5): 2
LogDevObjectVersion:   Dev-AnimPhys (29E575DD-E0A3-4627-9D10-D276232CDCEA): 16
LogDevObjectVersion:   Dev-ReflectionCapture (6B266CEC-1EC7-4B8F-A30B-E4D90942FC07): 1
LogDevObjectVersion:   Dev-Automation (0DF73D61-A23F-47EA-B727-89E90C41499A): 1
LogInit: Compiled (64-bit): Apr 27 2018 02:06:57
LogInit: Compiled with Visual C++: 19.00.24215.01
LogInit: Build Configuration: Development
LogInit: Branch Name: ++UE4+Release-4.19
LogInit: Command Line:  127.0.0.1:17777 -game -PIEVIACONSOLE -ResX=640 -ResY=480  -Multiprocess -messaging -SessionName="Play in Standalone Game" -windowed GameUserSettingsINI="F:/Juegos/UE_Projects/FPBG/Saved/Config/Windows/PIEGameUserSettings1.ini" -MultiprocessSaveConfig  -MultiprocessOSS WinX=664 WinY=550 SAVEWINPOS=1
LogInit: Base Directory: F:/Juegos/UE_4.19/Engine/Binaries/Win64/
LogInit: Installed Engine Build: 1
LogStreaming: Display: Took  0.013s to delete old logs.
LogInit: Presizing for max 8388607 objects, including 0 objects not considered by GC, pre-allocating 0 bytes for permanent pool.
LogInit: Object subsystem initialized
[2018.07.26-20.23.16:070][  0]LogInit: Selected Device Profile: [Windows]
[2018.07.26-20.23.16:070][  0]LogInit: Applying CVar settings loaded from the selected device profile: [Windows]
[2018.07.26-20.23.16:088][  0]LogInit: Computer: Q6600
[2018.07.26-20.23.16:089][  0]LogInit: User: bitt3rman
[2018.07.26-20.23.16:089][  0]LogInit: CPU Page size=4096, Cores=4
[2018.07.26-20.23.16:089][  0]LogInit: High frequency timer resolution =2.343833 MHz
[2018.07.26-20.23.16:089][  0]LogMemory: Memory total: Physical=8.0GB (8GB approx)
[2018.07.26-20.23.16:089][  0]LogMemory: Platform Memory Stats for Windows
[2018.07.26-20.23.16:090][  0]LogMemory: Process Physical Memory: 274.72 MB used, 274.72 MB peak
[2018.07.26-20.23.16:090][  0]LogMemory: Process Virtual Memory: 270.20 MB used, 270.20 MB peak
[2018.07.26-20.23.16:090][  0]LogMemory: Physical Memory: 5418.53 MB used,  2771.96 MB free, 8190.49 MB total
[2018.07.26-20.23.16:090][  0]LogMemory: Virtual Memory: 4776.43 MB used,  2771.96 MB free, 134217728.00 MB total
[2018.07.26-20.23.16:165][  0]LogInit: Using OS detected language (es-ES).
[2018.07.26-20.23.16:165][  0]LogInit: Using OS detected locale (es-ES).
[2018.07.26-20.23.16:165][  0]LogTextLocalizationManager: No localization for 'es-ES' exists, so 'en' will be used for the language.
[2018.07.26-20.23.16:165][  0]LogTextLocalizationManager: No localization for 'es-ES' exists, so 'en' will be used for the locale.
[2018.07.26-20.23.17:370][  0]LogStreaming: Display: Took  1.205s to EndInitTextLocalization.
[2018.07.26-20.23.17:426][  0]LogSlate: New Slate User Created.  User Index 0, Is Virtual User: 0
[2018.07.26-20.23.17:426][  0]LogSlate: Slate User Registered.  User Index 0, Is Virtual User: 0
[2018.07.26-20.23.17:481][  0]LogD3D11RHI: D3D11 adapters:
[2018.07.26-20.23.17:635][  0]LogD3D11RHI:    0. 'NVIDIA GeForce GT 730' (Feature Level 11_0)
[2018.07.26-20.23.17:635][  0]LogD3D11RHI:       2018/0/4095 MB DedicatedVideo/DedicatedSystem/SharedSystem, Outputs:1, VendorId:0x10de
[2018.07.26-20.23.17:643][  0]LogD3D11RHI:    1. 'Microsoft Basic Render Driver' (Feature Level 11_0)
[2018.07.26-20.23.17:643][  0]LogD3D11RHI:       0/0/4095 MB DedicatedVideo/DedicatedSystem/SharedSystem, Outputs:0, VendorId:0x1414
[2018.07.26-20.23.17:643][  0]LogD3D11RHI: Chosen D3D11 Adapter: 0
[2018.07.26-20.23.17:680][  0]LogD3D11RHI: Creating new Direct3DDevice
[2018.07.26-20.23.17:680][  0]LogD3D11RHI:     GPU DeviceId: 0x1287 (for the marketing name, search the web for "GPU Device Id")
[2018.07.26-20.23.17:680][  0]LogWindows: EnumDisplayDevices:
[2018.07.26-20.23.17:681][  0]LogWindows:    0. 'NVIDIA GeForce GT 730' (P:1 D:1)
[2018.07.26-20.23.17:682][  0]LogWindows:    1. 'NVIDIA GeForce GT 730' (P:0 D:0)
[2018.07.26-20.23.17:682][  0]LogWindows:    2. 'NVIDIA GeForce GT 730' (P:0 D:0)
[2018.07.26-20.23.17:682][  0]LogWindows: DebugString: GetVideoDriverDetailsInvalid PrimaryIsNotTheChoosenAdapter GetVideoDriverDetailsInvalid PrimaryIsNotTheChoosenAdapter GetVideoDriverDetailsInvalid PrimaryIsNotTheChoosenAdapter FoundDriverCount:0 
[2018.07.26-20.23.17:682][  0]LogD3D11RHI:     Adapter Name: NVIDIA GeForce GT 730
[2018.07.26-20.23.17:682][  0]LogD3D11RHI:   Driver Version: Unknown (internal:Unknown, unified:Unknown)
[2018.07.26-20.23.17:682][  0]LogD3D11RHI:      Driver Date: Unknown
[2018.07.26-20.23.17:682][  0]LogRHI: Texture pool is 1413 MB (70% of 2018 MB)
[2018.07.26-20.23.17:792][  0]LogD3D11RHI: [Aftermath] Aftermath enabled but failed to initialize
[2018.07.26-20.23.17:792][  0]LogD3D11RHI: [Aftermath] Aftermath enabled and primed
[2018.07.26-20.23.17:792][  0]LogD3D11RHI: Async texture creation enabled
[2018.07.26-20.23.17:815][  0]LogD3D11RHI: GPU Timing Frequency: 1000.000000 (Debug: 2 1)
[2018.07.26-20.23.17:820][  0]LogShaderCompilers: Guid format shader working directory is 21 characters bigger than the processId version (../../../../UE_Projects/FPBG/Intermediate/Shaders/WorkingDirectory/13336/).
[2018.07.26-20.23.17:820][  0]LogShaderCompilers: Cleaned the shader compiler working directory 'C:/Users/bitt3rman/AppData/Local/Temp/UnrealShaderWorkingDir/E67B7CE44164D9BE5363A5B488B3F77A/'.
[2018.07.26-20.23.18:557][  0]LogTemp: Display: Loaded TP WindowsClientTargetPlatform
[2018.07.26-20.23.18:598][  0]LogTemp: Display: Loaded TP WindowsNoEditorTargetPlatform
[2018.07.26-20.23.18:636][  0]LogTemp: Display: Loaded TP WindowsServerTargetPlatform
[2018.07.26-20.23.18:678][  0]LogTemp: Display: Loaded TP WindowsTargetPlatform
[2018.07.26-20.23.18:678][  0]LogTargetPlatformManager: Display: Building Assets For Windows
[2018.07.26-20.23.19:023][  0]LogXGEController: Cannot use XGE Controller as Incredibuild is not installed on this machine.
[2018.07.26-20.23.19:024][  0]LogShaderCompilers: Cannot use XGE Shader Compiler as Incredibuild is not installed on this machine.
[2018.07.26-20.23.19:024][  0]LogShaderCompilers: Display: Using Local Shader Compiler.
[2018.07.26-20.23.21:504][  0]LogDerivedDataCache: Display: Max Cache Size: 512 MB
[2018.07.26-20.23.22:000][  0]LogDerivedDataCache: Loaded boot cache 0.49s 74MB C:/Users/bitt3rman/AppData/Local/UnrealEngine/4.19/DerivedDataCache/Boot.ddc.
[2018.07.26-20.23.22:000][  0]LogDerivedDataCache: Display: Loaded Boot cache: C:/Users/bitt3rman/AppData/Local/UnrealEngine/4.19/DerivedDataCache/Boot.ddc
[2018.07.26-20.23.22:000][  0]LogDerivedDataCache: FDerivedDataBackendGraph:  Pak pak cache file ../../../../UE_Projects/FPBG/DerivedDataCache/DDC.ddp not found, will not use a pak cache.
[2018.07.26-20.23.22:000][  0]LogDerivedDataCache: Unable to find inner node Pak for hierarchical cache Hierarchy.
[2018.07.26-20.23.22:000][  0]LogDerivedDataCache: FDerivedDataBackendGraph:  CompressedPak pak cache file ../../../../UE_Projects/FPBG/DerivedDataCache/Compressed.ddp not found, will not use a pak cache.
[2018.07.26-20.23.22:000][  0]LogDerivedDataCache: Unable to find inner node CompressedPak for hierarchical cache Hierarchy.
[2018.07.26-20.23.22:035][  0]LogDerivedDataCache: Display: Pak cache opened for reading ../../../Engine/DerivedDataCache/Compressed.ddp.
[2018.07.26-20.23.22:083][  0]LogDerivedDataCache: Using Local data cache path C:/Users/bitt3rman/AppData/Local/UnrealEngine/Common/DerivedDataCache: Writable
[2018.07.26-20.23.22:083][  0]LogDerivedDataCache: Shared data cache path not found in *engine.ini, will not use an Shared cache.
[2018.07.26-20.23.22:083][  0]LogDerivedDataCache: Unable to find inner node Shared for hierarchical cache Hierarchy.
[2018.07.26-20.23.22:140][  0]LogMaterial: Verifying Global Shaders for PCD3D_SM5
[2018.07.26-20.23.22:142][  0]LogSlate: Using Freetype 2.6.0
[2018.07.26-20.23.22:150][  0]LogSlate: SlateFontCache - WITH_FREETYPE: 1, WITH_HARFBUZZ: 1
[2018.07.26-20.23.22:150][  0]LogSlate: SlateFontCache - WITH_FREETYPE: 1, WITH_HARFBUZZ: 1
[2018.07.26-20.23.22:733][  0]LogAssetRegistry: FAssetRegistry took 0.0151 seconds to start up
[2018.07.26-20.23.23:399][  0]LogPackageLocalizationCache: Processed 9 localized package path(s) for 1 prioritized culture(s) in 0.044770 seconds
[2018.07.26-20.23.23:700][  0]LogInit: Selected Device Profile: [Windows]
[2018.07.26-20.23.24:126][  0]LogSimplygon: Simplygon DLL not present - disabling.
[2018.07.26-20.23.24:134][  0]LogMeshReduction: Using SimplygonSwarm for distributed automatic mesh merging
[2018.07.26-20.23.24:134][  0]LogMeshReduction: Using QuadricMeshReduction for automatic static mesh reduction
[2018.07.26-20.23.24:134][  0]LogMeshReduction: No automatic skeletal mesh reduction module available
[2018.07.26-20.23.24:134][  0]LogMeshReduction: No automatic mesh merging module available
[2018.07.26-20.23.24:134][  0]LogMeshMerging: No automatic mesh merging module available
[2018.07.26-20.23.24:239][  0]LogNetVersion: FPBG , NetCL: 3944462, EngineNetVer: 2, GameNetVer: 0 (Checksum: 1413110598)
[2018.07.26-20.23.26:549][  0]LogMoviePlayer: Initializing movie player
[2018.07.26-20.23.27:503][  0]LogTcpMessaging: Initializing TcpMessaging bridge
[2018.07.26-20.23.27:585][  0]LogUdpMessaging: Initializing bridge on interface 0.0.0.0:0 to multicast group 230.0.0.1:6666.
[2018.07.26-20.23.28:411][  0]SourceControl: Source control is disabled
[2018.07.26-20.23.28:411][  0]SourceControl: Source control is disabled
[2018.07.26-20.23.28:480][  0]SourceControl: Source control is disabled
[2018.07.26-20.23.29:539][  0]LogAndroidPermission: UAndroidPermissionCallbackProxy::GetInstance
[2018.07.26-20.23.30:132][  0]LogOcInput: OculusInput pre-init called
[2018.07.26-20.23.30:287][  0]LogUObjectArray: 40131 objects as part of root set at end of initial load.
[2018.07.26-20.23.30:287][  0]LogUObjectAllocator: 8578472 out of 0 bytes used by permanent object pool.
[2018.07.26-20.23.30:287][  0]LogUObjectArray: CloseDisregardForGC: 0/0 objects in disregard for GC pool
[2018.07.26-20.23.30:403][  0]LogEngine: Initializing Engine...
[2018.07.26-20.23.30:407][  0]LogHMD: Failed to initialize OpenVR with code 110
[2018.07.26-20.23.30:422][  0]LogStats: UGameplayTagsManager::ConstructGameplayTagTree: Construct from data asset -  0.000 s
[2018.07.26-20.23.30:422][  0]LogStats: UGameplayTagsManager::ConstructGameplayTagTree: GameplayTagTreeChangedEvent.Broadcast -  0.000 s
[2018.07.26-20.23.31:223][  0]LogInit: XAudio2 using 'Speakers (High Definition Audio Device)' : 2 channels at 48 kHz using 16 bits per sample (channel mask 0x3)
[2018.07.26-20.23.31:506][  0]LogInit: FAudioDevice initialized.
[2018.07.26-20.23.31:655][  0]LogAudio: Warning: Waited 44.311176ms for audio thread.
[2018.07.26-20.23.31:688][  0]LogAudio: Warning: Waited 77.231613ms for audio thread.
[2018.07.26-20.23.31:795][  0]LogInit: Texture streaming: Enabled
[2018.07.26-20.23.32:233][  0]LogUObjectGlobals: Created PersistentFrame Addr=0x00000111b7502e80, Size=632, Default__GameInfoInstance_C Function /Game/Blueprints/AllLevels/GameInfoInstance.GameInfoInstance_C:ExecuteUbergraph_GameInfoInstance
[2018.07.26-20.23.32:249][  0]LogUObjectGlobals: Created PersistentFrame Addr=0x00000111ad9e5648, Size=40, Default__ErrorDialog_C Function /Game/UI/MainMenu/ErrorDialog.ErrorDialog_C:ExecuteUbergraph_ErrorDialog
[2018.07.26-20.23.32:297][  0]LogUObjectGlobals: Created PersistentFrame Addr=0x00000111b756db40, Size=96, Default__HostMenu_C Function /Game/UI/MainMenu/HostMenu.HostMenu_C:ExecuteUbergraph_HostMenu
[2018.07.26-20.23.32:313][  0]LogUObjectGlobals: Created PersistentFrame Addr=0x00000111b74baf40, Size=64, Default__MainMenu_C Function /Game/UI/MainMenu/MainMenu.MainMenu_C:ExecuteUbergraph_MainMenu
[2018.07.26-20.23.32:371][  0]LogUObjectGlobals: Created PersistentFrame Addr=0x00000111b74aeb70, Size=104, Default__OptionsMenu_C Function /Game/UI/MainMenu/OptionsMenu.OptionsMenu_C:ExecuteUbergraph_OptionsMenu
[2018.07.26-20.23.32:391][  0]LogUObjectGlobals: Created PersistentFrame Addr=0x00000111a16d3100, Size=608, Default__ServerMenu_C Function /Game/UI/MainMenu/ServerMenu.ServerMenu_C:ExecuteUbergraph_ServerMenu
[2018.07.26-20.23.32:566][  0]LogUObjectGlobals: Destroyed PersistentFrame Addr=0x00000111b7502e80, Size=632
[2018.07.26-20.23.32:567][  0]LogUObjectGlobals: Created PersistentFrame Addr=0x00000111a156b380, Size=632, Default__GameInfoInstance_C Function /Engine/Transient.REINST_GameInfoInstance_C_2:ExecuteUbergraph_GameInfoInstance
[2018.07.26-20.23.32:569][  0]LogUObjectGlobals: Destroyed PersistentFrame Addr=0x00000111ad9e5648, Size=40
[2018.07.26-20.23.32:570][  0]LogUObjectGlobals: Created PersistentFrame Addr=0x00000111a162a098, Size=40, Default__ErrorDialog_C Function /Engine/Transient.REINST_ErrorDialog_C_0:ExecuteUbergraph_ErrorDialog
[2018.07.26-20.23.32:571][  0]LogUObjectGlobals: Destroyed PersistentFrame Addr=0x00000111b756db40, Size=96
[2018.07.26-20.23.32:571][  0]LogUObjectGlobals: Created PersistentFrame Addr=0x0000011180954ca0, Size=96, Default__HostMenu_C Function /Engine/Transient.REINST_HostMenu_C_1:ExecuteUbergraph_HostMenu
[2018.07.26-20.23.32:573][  0]LogUObjectGlobals: Destroyed PersistentFrame Addr=0x00000111b74baf40, Size=64
[2018.07.26-20.23.32:573][  0]LogUObjectGlobals: Created PersistentFrame Addr=0x00000111a15712c0, Size=64, Default__MainMenu_C Function /Engine/Transient.REINST_MainMenu_C_3:ExecuteUbergraph_MainMenu
[2018.07.26-20.23.32:574][  0]LogUObjectGlobals: Destroyed PersistentFrame Addr=0x00000111b74aeb70, Size=104
[2018.07.26-20.23.32:574][  0]LogUObjectGlobals: Created PersistentFrame Addr=0x00000111a1588170, Size=104, Default__OptionsMenu_C Function /Engine/Transient.REINST_OptionsMenu_C_4:ExecuteUbergraph_OptionsMenu
[2018.07.26-20.23.32:576][  0]LogUObjectGlobals: Destroyed PersistentFrame Addr=0x00000111a16d3100, Size=608
[2018.07.26-20.23.32:576][  0]LogUObjectGlobals: Created PersistentFrame Addr=0x00000111a156ae80, Size=608, Default__ServerMenu_C Function /Engine/Transient.REINST_ServerMenu_C_5:ExecuteUbergraph_ServerMenu
[2018.07.26-20.23.32:706][  0]LogUObjectGlobals: Created PersistentFrame Addr=0x00000111b7f44400, Size=632, Default__GameInfoInstance_C Function /Game/Blueprints/AllLevels/GameInfoInstance.GameInfoInstance_C:ExecuteUbergraph_GameInfoInstance
[2018.07.26-20.23.32:715][  0]LogUObjectGlobals: Created PersistentFrame Addr=0x00000111a162a980, Size=40, Default__ErrorDialog_C Function /Game/UI/MainMenu/ErrorDialog.ErrorDialog_C:ExecuteUbergraph_ErrorDialog
[2018.07.26-20.23.32:724][  0]LogUObjectGlobals: Created PersistentFrame Addr=0x00000111b7f75c60, Size=96, Default__HostMenu_C Function /Game/UI/MainMenu/HostMenu.HostMenu_C:ExecuteUbergraph_HostMenu
[2018.07.26-20.23.32:730][  0]LogUObjectGlobals: Created PersistentFrame Addr=0x00000111a1574100, Size=56, Default__MainMenu_C Function /Game/UI/MainMenu/MainMenu.MainMenu_C:ExecuteUbergraph_MainMenu
[2018.07.26-20.23.32:736][  0]LogUObjectGlobals: Created PersistentFrame Addr=0x00000111b7e7d670, Size=104, Default__OptionsMenu_C Function /Game/UI/MainMenu/OptionsMenu.OptionsMenu_C:ExecuteUbergraph_OptionsMenu
[2018.07.26-20.23.32:746][  0]LogUObjectGlobals: Created PersistentFrame Addr=0x00000111b7eae700, Size=592, Default__ServerMenu_C Function /Game/UI/MainMenu/ServerMenu.ServerMenu_C:ExecuteUbergraph_ServerMenu
[2018.07.26-20.23.32:830][  0]LogInit: Display: Game Engine Initialized.
[2018.07.26-20.23.32:830][  0]LogGameplayTags: Display: UGameplayTagsManager::DoneAddingNativeTags. DelegateIsBound: 0
[2018.07.26-20.23.32:830][  0]LogStats: UGameplayTagsManager::ConstructGameplayTagTree: Construct from data asset -  0.000 s
[2018.07.26-20.23.32:830][  0]LogStats: UGameplayTagsManager::ConstructGameplayTagTree: GameplayTagTreeChangedEvent.Broadcast -  0.000 s
[2018.07.26-20.23.33:357][  0]LogInit: Display: Starting Game.
[2018.07.26-20.23.33:357][  0]LogNet: Browse: 127.0.0.1:17777//Game/Maps/MainMenu?Name=Player
[2018.07.26-20.23.33:357][  0]LogOnline: Warning: STEAM: Steam API disabled!
[2018.07.26-20.23.33:357][  0]LogOnline: Display: STEAM: OnlineSubsystemSteam::Shutdown()
[2018.07.26-20.23.33:357][  0]LogTemp: Display: ParseSettings for GameNetDriver
[2018.07.26-20.23.33:358][  0]LogTemp: Display: ParseSettings for IpNetDriver_0
[2018.07.26-20.23.33:358][  0]LogTemp: Display: ParseSettings for PendingNetDriver
[2018.07.26-20.23.33:358][  0]LogInit: WinSock: Socket queue 32768 / 32768
[2018.07.26-20.23.33:359][  0]PacketHandlerLog: Loaded PacketHandler component: Engine.EngineHandlerComponentFactory (StatelessConnectHandlerComponent)
[2018.07.26-20.23.33:359][  0]LogNet: Game client on port 17777, rate 10000
[2018.07.26-20.23.33:452][  0]LogLoad: (Engine Initialization) Total time: 25.29 seconds
[2018.07.26-20.23.33:452][  0]LogLoad: (Engine Initialization) Total Blueprint compile time: 0.00 seconds
[2018.07.26-20.23.33:481][  0]LogContentStreaming: Texture pool size now 1000 MB
[2018.07.26-20.23.34:676][ 45]LogHandshake: SendChallengeResponse. Timestamp: 0.016130, Cookie: 066140011190112028098001174153153039187063226050114148063212
[2018.07.26-20.23.34:723][ 48]LogNetVersion: FPBG 1.0.0.0, NetCL: 3944462, EngineNetVer: 2, GameNetVer: 0 (Checksum: 272724767)
[2018.07.26-20.23.34:723][ 48]LogNet: UPendingNetGame::SendInitialJoin: Sending hello. [UNetConnection] RemoteAddr: 127.0.0.1:17777, Name: IpConnection_0, Driver: PendingNetDriver IpNetDriver_0, IsServer: NO, PC: NULL, Owner: NULL, UniqueId: INVALID
[2018.07.26-20.23.34:932][ 51]LogNet: Welcomed by server (Level: /Game/Maps/MainMenu, Game: /Game/FirstPersonBP/Blueprints/FirstPersonGameMode.FirstPersonGameMode_C)
[2018.07.26-20.23.34:934][ 51]LogLoad: LoadMap: 127.0.0.1:17777//Game/Maps/MainMenu?Name=Player?game=/Game/FirstPersonBP/Blueprints/FirstPersonGameMode.FirstPersonGameMode_C
[2018.07.26-20.23.34:991][ 51]LogUObjectGlobals: Destroyed PersistentFrame Addr=0x00000111a156b380, Size=632
[2018.07.26-20.23.34:991][ 51]LogUObjectGlobals: Destroyed PersistentFrame Addr=0x00000111a162a098, Size=40
[2018.07.26-20.23.34:991][ 51]LogUObjectGlobals: Destroyed PersistentFrame Addr=0x0000011180954ca0, Size=96
[2018.07.26-20.23.34:991][ 51]LogUObjectGlobals: Destroyed PersistentFrame Addr=0x00000111a15712c0, Size=64
[2018.07.26-20.23.34:991][ 51]LogUObjectGlobals: Destroyed PersistentFrame Addr=0x00000111a1588170, Size=104
[2018.07.26-20.23.34:992][ 51]LogUObjectGlobals: Destroyed PersistentFrame Addr=0x00000111a156ae80, Size=608
[2018.07.26-20.23.35:001][ 51]LogUObjectGlobals: Created PersistentFrame Addr=0x00000111b7f4b4e0, Size=32, Default__MainMenu_C Function /Game/Maps/MainMenu.MainMenu_C:ExecuteUbergraph_MainMenu
[2018.07.26-20.23.35:004][ 51]LogUObjectGlobals: Destroyed PersistentFrame Addr=0x00000111b7f4b4e0, Size=32
[2018.07.26-20.23.35:005][ 51]LogUObjectGlobals: Created PersistentFrame Addr=0x00000111b7f4b4e0, Size=32, Default__MainMenu_C Function /Engine/Transient.REINST_MainMenu_C_13:ExecuteUbergraph_MainMenu
[2018.07.26-20.23.35:007][ 51]LogUObjectGlobals: Created PersistentFrame Addr=0x00000111b7f48420, Size=32, Default__MainMenu_C Function /Game/Maps/MainMenu.MainMenu_C:ExecuteUbergraph_MainMenu
[2018.07.26-20.23.35:039][ 51]LogAIModule: Creating AISystem for world MainMenu
[2018.07.26-20.23.35:040][ 51]LogTemp: Display: ParseSettings for GameNetDriver
[2018.07.26-20.23.35:043][ 51]LogWorld: Bringing World /Game/Maps/MainMenu.MainMenu up for play (max tick rate 0) at 2018.07.26-21.23.35
[2018.07.26-20.23.35:043][ 51]LogWorld: Bringing up level for play took: 0.000843
[2018.07.26-20.23.35:045][ 51]LogLoad: Took 0.110418 seconds to LoadMap(/Game/Maps/MainMenu)
[2018.07.26-20.23.35:227][ 52]LogRenderer: Reallocating scene render targets to support 640x480 Format 10 NumSamples 1 (Frame:1).
[2018.07.26-20.23.35:641][ 52]LogUObjectGlobals: Created PersistentFrame Addr=0x00000111b7e9c288, Size=52, Default__FirstPersonHUD_C Function /Game/FirstPersonBP/Blueprints/FirstPersonHUD.FirstPersonHUD_C:ExecuteUbergraph_FirstPersonHUD
[2018.07.26-20.23.35:652][ 52]LogUObjectGlobals: Destroyed PersistentFrame Addr=0x00000111b7e9c288, Size=52
[2018.07.26-20.23.35:652][ 52]LogUObjectGlobals: Created PersistentFrame Addr=0x00000111b7e9c288, Size=52, Default__FirstPersonHUD_C Function /Engine/Transient.REINST_FirstPersonHUD_C_15:ExecuteUbergraph_FirstPersonHUD
[2018.07.26-20.23.35:658][ 52]LogUObjectGlobals: Created PersistentFrame Addr=0x00000111a1575a28, Size=52, Default__FirstPersonHUD_C Function /Game/FirstPersonBP/Blueprints/FirstPersonHUD.FirstPersonHUD_C:ExecuteUbergraph_FirstPersonHUD
[2018.07.26-20.23.35:715][ 52]LogUObjectGlobals: Created PersistentFrame Addr=0x00000111a8124700, Size=688, Default__FirstPersonCharacter_C Function /Game/FirstPersonBP/Blueprints/FirstPersonCharacter.FirstPersonCharacter_C:ExecuteUbergraph_FirstPersonCharacter
[2018.07.26-20.23.35:719][ 52]LogUObjectGlobals: Created PersistentFrame Addr=0x00000111b7eb0800, Size=256, Default__FirstPersonProjectile_C Function /Game/FirstPersonBP/Blueprints/FirstPersonProjectile.FirstPersonProjectile_C:ExecuteUbergraph_FirstPersonProjectile
[2018.07.26-20.23.35:763][ 52]LogUObjectGlobals: Created PersistentFrame Addr=0x00000111b80b9df0, Size=72, Default__FirstPerson_AnimBP_C Function /Game/FirstPerson/Animations/FirstPerson_AnimBP.FirstPerson_AnimBP_C:ExecuteUbergraph_FirstPerson_AnimBP
[2018.07.26-20.23.35:859][ 52]LogUObjectGlobals: Destroyed PersistentFrame Addr=0x00000111b80b9df0, Size=72
[2018.07.26-20.23.35:859][ 52]LogUObjectGlobals: Created PersistentFrame Addr=0x00000111b81182c0, Size=72, Default__FirstPerson_AnimBP_C Function /Engine/Transient.REINST_FirstPerson_AnimBP_C_0:ExecuteUbergraph_FirstPerson_AnimBP
[2018.07.26-20.23.35:861][ 52]LogUObjectGlobals: Destroyed PersistentFrame Addr=0x00000111b7eb0800, Size=256
[2018.07.26-20.23.35:861][ 52]LogUObjectGlobals: Created PersistentFrame Addr=0x00000111b7eb0800, Size=256, Default__FirstPersonProjectile_C Function /Engine/Transient.REINST_FirstPersonProjectile_C_17:ExecuteUbergraph_FirstPersonProjectile
[2018.07.26-20.23.35:863][ 52]LogUObjectGlobals: Destroyed PersistentFrame Addr=0x00000111a8124700, Size=688
[2018.07.26-20.23.35:863][ 52]LogUObjectGlobals: Created PersistentFrame Addr=0x00000111b1c5dc00, Size=688, Default__FirstPersonCharacter_C Function /Engine/Transient.REINST_FirstPersonCharacter_C_18:ExecuteUbergraph_FirstPersonCharacter
[2018.07.26-20.23.35:910][ 52]LogUObjectGlobals: Created PersistentFrame Addr=0x00000111b1bf72c0, Size=64, Default__FirstPerson_AnimBP_C Function /Game/FirstPerson/Animations/FirstPerson_AnimBP.FirstPerson_AnimBP_C:ExecuteUbergraph_FirstPerson_AnimBP
[2018.07.26-20.23.35:913][ 52]LogUObjectGlobals: Created PersistentFrame Addr=0x00000111b7f10100, Size=256, Default__FirstPersonProjectile_C Function /Game/FirstPersonBP/Blueprints/FirstPersonProjectile.FirstPersonProjectile_C:ExecuteUbergraph_FirstPersonProjectile
[2018.07.26-20.23.35:919][ 52]LogUObjectGlobals: Created PersistentFrame Addr=0x00000111b1bfb100, Size=688, Default__FirstPersonCharacter_C Function /Game/FirstPersonBP/Blueprints/FirstPersonCharacter.FirstPersonCharacter_C:ExecuteUbergraph_FirstPersonCharacter
[2018.07.26-20.23.36:279][ 52]LogSkeletalMesh: Skeletal Mesh found in DDC [11.594683ms] /Game/FirstPerson/FPWeapon/Mesh/SK_FPGun.SK_FPGun
[2018.07.26-20.23.36:307][ 52]LogSkeletalMesh: Skeletal Mesh found in DDC [22.078365ms] /Game/FirstPerson/Character/Mesh/SK_Mannequin_Arms.SK_Mannequin_Arms
[2018.07.26-20.23.36:347][ 52]LogOnline: Warning: OSS: No game present to join for session (GameSession)
[2018.07.26-20.23.36:348][ 52]LogOnline: Warning: OSS: No game present to join for session (GameSession)
[2018.07.26-20.23.36:349][ 52]LogOnline: Warning: OSS: No game present to join for session (GameSession)
[2018.07.26-20.23.51:628][862]LogOnline: Warning: OSS: No game present to leave for session (GameSession)
[2018.07.26-20.24.10:699][788]LogNet: Warning: Network Failure: GameNetDriver[FailureReceived]: Host closed the connection.
[2018.07.26-20.24.10:699][788]LogNet: NetworkFailure: FailureReceived, Error: 'Host closed the connection.'
[2018.07.26-20.24.10:701][788]LogNet: UNetConnection::Close: [UNetConnection] RemoteAddr: 127.0.0.1:17777, Name: IpConnection_0, Driver: GameNetDriver IpNetDriver_0, IsServer: NO, PC: PlayerController_1, Owner: PlayerController_1, UniqueId: Q6600-FDE076334B955A0631FCBCB668396D67, Channels: 10, Time: 2018.07.26-20.24.10
[2018.07.26-20.24.10:701][788]LogNet: UChannel::Close: Sending CloseBunch. ChIndex == 0. Name: [UChannel] ChIndex: 0, Closing: 0 [UNetConnection] RemoteAddr: 127.0.0.1:17777, Name: IpConnection_0, Driver: GameNetDriver IpNetDriver_0, IsServer: NO, PC: PlayerController_1, Owner: PlayerController_1, UniqueId: Q6600-FDE076334B955A0631FCBCB668396D67
[2018.07.26-20.24.10:702][788]LogNet: Warning: Network Failure: GameNetDriver[ConnectionLost]: Your connection to the host has been lost.
[2018.07.26-20.24.10:702][788]LogNet: NetworkFailure: ConnectionLost, Error: 'Your connection to the host has been lost.'
[2018.07.26-20.24.10:716][789]LogNet: Browse: /Game/Maps/MainMenu?closed
[2018.07.26-20.24.10:716][789]LogNet: Failed; returning to Entry
[2018.07.26-20.24.10:732][789]LogLoad: LoadMap: /Game/Maps/MainMenu?closed
[2018.07.26-20.24.10:733][789]LogNet: World NetDriver shutdown IpNetDriver_0 [GameNetDriver]
[2018.07.26-20.24.10:733][789]LogNet: DestroyNamedNetDriver IpNetDriver_0 [GameNetDriver]
[2018.07.26-20.24.10:733][789]LogExit: GameNetDriver IpNetDriver_0 shut down
[2018.07.26-20.24.10:802][789]LogUObjectGlobals: Destroyed PersistentFrame Addr=0x00000111b81182c0, Size=72
[2018.07.26-20.24.10:802][789]LogUObjectGlobals: Destroyed PersistentFrame Addr=0x00000111b7eb0800, Size=256
[2018.07.26-20.24.10:802][789]LogUObjectGlobals: Destroyed PersistentFrame Addr=0x00000111b1c5dc00, Size=688
[2018.07.26-20.24.10:802][789]LogUObjectGlobals: Destroyed PersistentFrame Addr=0x00000111a1575a28, Size=52
[2018.07.26-20.24.10:802][789]LogUObjectGlobals: Destroyed PersistentFrame Addr=0x00000111b7e9c288, Size=52
[2018.07.26-20.24.10:802][789]LogUObjectGlobals: Destroyed PersistentFrame Addr=0x00000111b7f48420, Size=32
[2018.07.26-20.24.10:802][789]LogUObjectGlobals: Destroyed PersistentFrame Addr=0x00000111b7f4b4e0, Size=32
[2018.07.26-20.24.10:804][789]LogUObjectGlobals: Destroyed PersistentFrame Addr=0x00000111b1bf72c0, Size=64
[2018.07.26-20.24.10:804][789]LogUObjectGlobals: Destroyed PersistentFrame Addr=0x00000111b7f10100, Size=256
[2018.07.26-20.24.10:804][789]LogUObjectGlobals: Destroyed PersistentFrame Addr=0x00000111b1bfb100, Size=688
[2018.07.26-20.24.10:823][789]LogUObjectGlobals: Created PersistentFrame Addr=0x00000111a16b0120, Size=32, Default__MainMenu_C Function /Game/Maps/MainMenu.MainMenu_C:ExecuteUbergraph_MainMenu
[2018.07.26-20.24.10:826][789]LogUObjectGlobals: Destroyed PersistentFrame Addr=0x00000111a16b0120, Size=32
[2018.07.26-20.24.10:826][789]LogUObjectGlobals: Created PersistentFrame Addr=0x00000111a16b0120, Size=32, Default__MainMenu_C Function /Engine/Transient.REINST_MainMenu_C_24:ExecuteUbergraph_MainMenu
[2018.07.26-20.24.10:828][789]LogUObjectGlobals: Created PersistentFrame Addr=0x00000111a16b3ba0, Size=32, Default__MainMenu_C Function /Game/Maps/MainMenu.MainMenu_C:ExecuteUbergraph_MainMenu
[2018.07.26-20.24.10:834][789]LogAIModule: Creating AISystem for world MainMenu
[2018.07.26-20.24.10:897][789]LogUObjectGlobals: Created PersistentFrame Addr=0x00000111a159b700, Size=688, Default__FirstPersonCharacter_C Function /Game/FirstPersonBP/Blueprints/FirstPersonCharacter.FirstPersonCharacter_C:ExecuteUbergraph_FirstPersonCharacter
[2018.07.26-20.24.10:904][789]LogUObjectGlobals: Created PersistentFrame Addr=0x00000111b8033000, Size=256, Default__FirstPersonProjectile_C Function /Game/FirstPersonBP/Blueprints/FirstPersonProjectile.FirstPersonProjectile_C:ExecuteUbergraph_FirstPersonProjectile
[2018.07.26-20.24.10:946][789]LogUObjectGlobals: Created PersistentFrame Addr=0x00000111a15cd490, Size=72, Default__FirstPerson_AnimBP_C Function /Game/FirstPerson/Animations/FirstPerson_AnimBP.FirstPerson_AnimBP_C:ExecuteUbergraph_FirstPerson_AnimBP
[2018.07.26-20.24.11:018][789]LogUObjectGlobals: Created PersistentFrame Addr=0x00000111b1c4fa50, Size=52, Default__FirstPersonHUD_C Function /Game/FirstPersonBP/Blueprints/FirstPersonHUD.FirstPersonHUD_C:ExecuteUbergraph_FirstPersonHUD
[2018.07.26-20.24.11:043][789]LogUObjectGlobals: Destroyed PersistentFrame Addr=0x00000111a15cd490, Size=72
[2018.07.26-20.24.11:043][789]LogUObjectGlobals: Created PersistentFrame Addr=0x00000111b804dcb0, Size=72, Default__FirstPerson_AnimBP_C Function /Engine/Transient.REINST_FirstPerson_AnimBP_C_1:ExecuteUbergraph_FirstPerson_AnimBP
[2018.07.26-20.24.11:045][789]LogUObjectGlobals: Destroyed PersistentFrame Addr=0x00000111b8033000, Size=256
[2018.07.26-20.24.11:045][789]LogUObjectGlobals: Created PersistentFrame Addr=0x00000111b7f1ea00, Size=256, Default__FirstPersonProjectile_C Function /Engine/Transient.REINST_FirstPersonProjectile_C_26:ExecuteUbergraph_FirstPersonProjectile
[2018.07.26-20.24.11:046][789]LogUObjectGlobals: Destroyed PersistentFrame Addr=0x00000111b1c4fa50, Size=52
[2018.07.26-20.24.11:046][789]LogUObjectGlobals: Created PersistentFrame Addr=0x00000111b1c4fa50, Size=52, Default__FirstPersonHUD_C Function /Engine/Transient.REINST_FirstPersonHUD_C_27:ExecuteUbergraph_FirstPersonHUD
[2018.07.26-20.24.11:048][789]LogUObjectGlobals: Destroyed PersistentFrame Addr=0x00000111a159b700, Size=688
[2018.07.26-20.24.11:048][789]LogUObjectGlobals: Created PersistentFrame Addr=0x00000111b1bae500, Size=688, Default__FirstPersonCharacter_C Function /Engine/Transient.REINST_FirstPersonCharacter_C_28:ExecuteUbergraph_FirstPersonCharacter
[2018.07.26-20.24.11:110][789]LogUObjectGlobals: Created PersistentFrame Addr=0x00000111b1bf5300, Size=64, Default__FirstPerson_AnimBP_C Function /Game/FirstPerson/Animations/FirstPerson_AnimBP.FirstPerson_AnimBP_C:ExecuteUbergraph_FirstPerson_AnimBP
[2018.07.26-20.24.11:116][789]LogUObjectGlobals: Created PersistentFrame Addr=0x00000111a157cd00, Size=256, Default__FirstPersonProjectile_C Function /Game/FirstPersonBP/Blueprints/FirstPersonProjectile.FirstPersonProjectile_C:ExecuteUbergraph_FirstPersonProjectile
[2018.07.26-20.24.11:118][789]LogUObjectGlobals: Created PersistentFrame Addr=0x00000111a1575da8, Size=52, Default__FirstPersonHUD_C Function /Game/FirstPersonBP/Blueprints/FirstPersonHUD.FirstPersonHUD_C:ExecuteUbergraph_FirstPersonHUD
[2018.07.26-20.24.11:128][789]LogUObjectGlobals: Created PersistentFrame Addr=0x00000111b74f3700, Size=688, Default__FirstPersonCharacter_C Function /Game/FirstPersonBP/Blueprints/FirstPersonCharacter.FirstPersonCharacter_C:ExecuteUbergraph_FirstPersonCharacter
[2018.07.26-20.24.11:460][789]LogSkeletalMesh: Skeletal Mesh found in DDC [8.925550ms] /Game/FirstPerson/FPWeapon/Mesh/SK_FPGun.SK_FPGun
[2018.07.26-20.24.11:486][789]LogSkeletalMesh: Skeletal Mesh found in DDC [22.883030ms] /Game/FirstPerson/Character/Mesh/SK_Mannequin_Arms.SK_Mannequin_Arms
[2018.07.26-20.24.11:499][789]LogLoad: Game class is 'FirstPersonGameMode_C'
[2018.07.26-20.24.11:502][789]LogWorld: Bringing World /Game/Maps/MainMenu.MainMenu up for play (max tick rate 0) at 2018.07.26-21.24.11
[2018.07.26-20.24.11:503][789]LogWorld: Bringing up level for play took: 0.001080
[2018.07.26-20.24.11:504][789]LogGameMode: FindPlayerStart: PATHS NOT DEFINED or NO PLAYERSTART with positive rating
[2018.07.26-20.24.11:511][789]LogLoad: Took 0.778613 seconds to LoadMap(/Game/Maps/MainMenu)
[2018.07.26-20.24.11:558][789]LogUObjectGlobals: Destroyed PersistentFrame Addr=0x00000111b1c4fa50, Size=52
[2018.07.26-20.24.11:558][789]LogUObjectGlobals: Destroyed PersistentFrame Addr=0x00000111b804dcb0, Size=72
[2018.07.26-20.24.11:558][789]LogUObjectGlobals: Destroyed PersistentFrame Addr=0x00000111b7f1ea00, Size=256
[2018.07.26-20.24.11:558][789]LogUObjectGlobals: Destroyed PersistentFrame Addr=0x00000111b1bae500, Size=688
[2018.07.26-20.24.11:558][789]LogUObjectGlobals: Destroyed PersistentFrame Addr=0x00000111a16b0120, Size=32
[2018.07.26-20.24.32:553][715]LogSlate: Window 'FPBG (64-bit, PCD3D_SM5) ' being destroyed
[2018.07.26-20.24.32:554][715]LogWindowsTextInputMethodSystem: Display: IME system now deactivated.
[2018.07.26-20.24.32:562][715]LogEngine: All Windows Closed
[2018.07.26-20.24.32:562][715]LogWindows: FPlatformMisc::RequestExit(0)
[2018.07.26-20.24.33:545][716]LogSlate: Slate User Destroyed.  User Index 0, Is Virtual User: 0
[2018.07.26-20.24.33:545][716]LogExit: Preparing to exit.
[2018.07.26-20.24.33:546][716]LogMoviePlayer: Shutting down movie player
[2018.07.26-20.24.34:801][716]LogExit: Game engine shut down
[2018.07.26-20.24.34:832][716]LogUObjectGlobals: Destroyed PersistentFrame Addr=0x00000111b74f3700, Size=688
[2018.07.26-20.24.34:832][716]LogUObjectGlobals: Destroyed PersistentFrame Addr=0x00000111a1575da8, Size=52
[2018.07.26-20.24.34:832][716]LogUObjectGlobals: Destroyed PersistentFrame Addr=0x00000111a157cd00, Size=256
[2018.07.26-20.24.34:832][716]LogUObjectGlobals: Destroyed PersistentFrame Addr=0x00000111b1bf5300, Size=64
[2018.07.26-20.24.34:832][716]LogUObjectGlobals: Destroyed PersistentFrame Addr=0x00000111b7f44400, Size=632
[2018.07.26-20.24.34:833][716]LogUObjectGlobals: Destroyed PersistentFrame Addr=0x00000111a162a980, Size=40
[2018.07.26-20.24.34:833][716]LogUObjectGlobals: Destroyed PersistentFrame Addr=0x00000111b7f75c60, Size=96
[2018.07.26-20.24.34:833][716]LogUObjectGlobals: Destroyed PersistentFrame Addr=0x00000111a1574100, Size=56
[2018.07.26-20.24.34:833][716]LogUObjectGlobals: Destroyed PersistentFrame Addr=0x00000111b7e7d670, Size=104
[2018.07.26-20.24.34:833][716]LogUObjectGlobals: Destroyed PersistentFrame Addr=0x00000111b7eae700, Size=592
[2018.07.26-20.24.34:834][716]LogUObjectGlobals: Destroyed PersistentFrame Addr=0x00000111a16b3ba0, Size=32
[2018.07.26-20.24.35:018][716]LogExit: Object subsystem successfully closed.
[2018.07.26-20.24.35:037][716]LogShaderCompilers: Display: Shaders left to compile 0
[2018.07.26-20.24.35:044][716]LogD3D11RHI: Shutdown
[2018.07.26-20.24.35:044][716]LogD3D11RHI: CleanupD3DDevice
[2018.07.26-20.24.35:051][716]LogD3D11RHI: ~FD3D11DynamicRHI
[2018.07.26-20.24.35:068][716]LogModuleManager: Shutting down and abandoning module Voice (338)
[2018.07.26-20.24.35:068][716]LogModuleManager: Shutting down and abandoning module AIModule (334)
[2018.07.26-20.24.35:068][716]LogModuleManager: Shutting down and abandoning module GameplayDebugger (333)
[2018.07.26-20.24.35:068][716]LogModuleManager: Shutting down and abandoning module AITestSuite (331)
[2018.07.26-20.24.35:069][716]LogModuleManager: Shutting down and abandoning module SequenceRecorderSections (328)
[2018.07.26-20.24.35:069][716]LogModuleManager: Shutting down and abandoning module SequenceRecorder (326)
[2018.07.26-20.24.35:069][716]LogModuleManager: Shutting down and abandoning module AutomationController (324)
[2018.07.26-20.24.35:069][716]LogModuleManager: Shutting down and abandoning module AutomationWorker (322)
[2018.07.26-20.24.35:069][716]LogModuleManager: Shutting down and abandoning module WmfMediaFactory (320)
[2018.07.26-20.24.35:069][716]LogModuleManager: Shutting down and abandoning module OpenExrWrapper (318)
[2018.07.26-20.24.35:069][716]LogModuleManager: Shutting down and abandoning module ImgMediaFactory (316)
[2018.07.26-20.24.35:069][716]LogModuleManager: Shutting down and abandoning module AvfMediaFactory (314)
[2018.07.26-20.24.35:069][716]LogModuleManager: Shutting down and abandoning module CharacterAI (312)
[2018.07.26-20.24.35:069][716]LogModuleManager: Shutting down and abandoning module SessionServices (310)
[2018.07.26-20.24.35:069][716]LogModuleManager: Shutting down and abandoning module MovieSceneCapture (308)
[2018.07.26-20.24.35:069][716]LogModuleManager: Shutting down and abandoning module MovieSceneTracks (306)
[2018.07.26-20.24.35:069][716]LogModuleManager: Shutting down and abandoning module MovieScene (304)
[2018.07.26-20.24.35:069][716]LogModuleManager: Shutting down and abandoning module GeometryCache (302)
[2018.07.26-20.24.35:069][716]LogModuleManager: Shutting down and abandoning module GeometryCacheEd (301)
[2018.07.26-20.24.35:069][716]LogModuleManager: Shutting down and abandoning module StreamingPauseRendering (298)
[2018.07.26-20.24.35:069][716]LogModuleManager: Shutting down and abandoning module PortalServices (296)
[2018.07.26-20.24.35:069][716]LogModuleManager: Shutting down and abandoning module PortalRpc (294)
[2018.07.26-20.24.35:069][716]LogModuleManager: Shutting down and abandoning module MessagingRpc (292)
[2018.07.26-20.24.35:069][716]LogModuleManager: Shutting down and abandoning module ProfilerService (290)
[2018.07.26-20.24.35:105][716]LogModuleManager: Shutting down and abandoning module TaskGraph (288)
[2018.07.26-20.24.35:106][716]LogModuleManager: Shutting down and abandoning module SteamVRController (286)
[2018.07.26-20.24.35:106][716]LogModuleManager: Shutting down and abandoning module ProceduralMeshComponent (284)
[2018.07.26-20.24.35:106][716]LogModuleManager: Shutting down and abandoning module OculusInput (282)
[2018.07.26-20.24.35:106][716]LogModuleManager: Shutting down and abandoning module MobilePatchingUtils (280)
[2018.07.26-20.24.35:106][716]LogModuleManager: Shutting down and abandoning module CustomMeshComponent (278)
[2018.07.26-20.24.35:106][716]LogModuleManager: Shutting down and abandoning module CableComponent (276)
[2018.07.26-20.24.35:106][716]LogModuleManager: Shutting down and abandoning module AudioCapture (274)
[2018.07.26-20.24.35:106][716]LogModuleManager: Shutting down and abandoning module ArchVisCharacter (272)
[2018.07.26-20.24.35:106][716]LogModuleManager: Shutting down and abandoning module AndroidPermission (270)
[2018.07.26-20.24.35:107][716]LogModuleManager: Shutting down and abandoning module NUTUnrealEngine4 (268)
[2018.07.26-20.24.35:107][716]LogModuleManager: Shutting down and abandoning module NetcodeUnitTest (266)
[2018.07.26-20.24.35:107][716]LogModuleManager: Shutting down and abandoning module MediaCompositing (264)
[2018.07.26-20.24.35:107][716]LogModuleManager: Shutting down and abandoning module LinearTimecode (262)
[2018.07.26-20.24.35:107][716]LogModuleManager: Shutting down and abandoning module ImgMedia (260)
[2018.07.26-20.24.35:115][716]LogModuleManager: Shutting down and abandoning module HTML5Networking (258)
[2018.07.26-20.24.35:115][716]LogModuleManager: Shutting down and abandoning module DatasmithContent (256)
[2018.07.26-20.24.35:115][716]LogModuleManager: Shutting down and abandoning module CryptoKeysOpenSSL (254)
[2018.07.26-20.24.35:116][716]LogModuleManager: Shutting down and abandoning module CryptoKeys (252)
[2018.07.26-20.24.35:116][716]LogModuleManager: Shutting down and abandoning module VisualStudioSourceCodeAccess (250)
[2018.07.26-20.24.35:116][716]LogModuleManager: Shutting down and abandoning module HotReload (249)
[2018.07.26-20.24.35:116][716]LogModuleManager: Shutting down and abandoning module DirectoryWatcher (248)
[2018.07.26-20.24.35:116][716]LogModuleManager: Shutting down and abandoning module VisualStudioCodeSourceCodeAccess (244)
[2018.07.26-20.24.35:116][716]LogModuleManager: Shutting down and abandoning module UObjectPlugin (242)
[2018.07.26-20.24.35:116][716]LogModuleManager: Shutting down and abandoning module SubversionSourceControl (240)
[2018.07.26-20.24.35:116][716]LogModuleManager: Shutting down and abandoning module PerforceSourceControl (238)
[2018.07.26-20.24.35:117][716]LogModuleManager: Shutting down and abandoning module SourceControl (237)
[2018.07.26-20.24.35:117][716]LogModuleManager: Shutting down and abandoning module CLionSourceCodeAccess (234)
[2018.07.26-20.24.35:117][716]LogModuleManager: Shutting down and abandoning module RuntimePhysXCooking (232)
[2018.07.26-20.24.35:117][716]LogModuleManager: Shutting down and abandoning module PhysXVehiclesEditor (230)
[2018.07.26-20.24.35:117][716]LogModuleManager: Shutting down and abandoning module PhysXVehicles (228)
[2018.07.26-20.24.35:117][716]LogModuleManager: Shutting down and abandoning module LocationServicesBPLibrary (226)
[2018.07.26-20.24.35:117][716]LogModuleManager: Shutting down and abandoning module ImmediatePhysicsEditor (224)
[2018.07.26-20.24.35:117][716]LogModuleManager: Shutting down and abandoning module ImmediatePhysics (222)
[2018.07.26-20.24.35:117][716]LogModuleManager: Shutting down and abandoning module ActorSequence (220)
[2018.07.26-20.24.35:117][716]LogModuleManager: Shutting down and abandoning module UdpMessaging (218)
[2018.07.26-20.24.35:218][716]LogModuleManager: Shutting down and abandoning module TcpMessaging (216)
[2018.07.26-20.24.35:597][716]LogModuleManager: Shutting down and abandoning module GameplayTagsEditor (214)
[2018.07.26-20.24.35:597][716]LogModuleManager: Shutting down and abandoning module FacialAnimation (212)
[2018.07.26-20.24.35:597][716]LogModuleManager: Shutting down and abandoning module DataValidation (210)
[2018.07.26-20.24.35:597][716]LogModuleManager: Shutting down and abandoning module AssetManagerEditor (208)
[2018.07.26-20.24.35:597][716]LogModuleManager: Shutting down and abandoning module TreeMap (207)
[2018.07.26-20.24.35:597][716]LogModuleManager: Shutting down and abandoning module LightPropagationVolumeRuntime (204)
[2018.07.26-20.24.35:597][716]LogModuleManager: Shutting down and abandoning module LiveLink (202)
[2018.07.26-20.24.36:119][716]LogModuleManager: Shutting down and abandoning module Paper2D (200)
[2018.07.26-20.24.36:119][716]LogModuleManager: Shutting down and abandoning module PIEPreviewDeviceProfileSelector (198)
[2018.07.26-20.24.36:120][716]LogModuleManager: Shutting down and abandoning module WindowsMoviePlayer (196)
[2018.07.26-20.24.36:120][716]LogModuleManager: Shutting down and abandoning module WmfMedia (194)
[2018.07.26-20.24.36:121][716]LogModuleManager: Shutting down and abandoning module Media (193)
[2018.07.26-20.24.36:129][716]LogModuleManager: Shutting down and abandoning module PacketHandler (190)
[2018.07.26-20.24.36:129][716]LogModuleManager: Shutting down and abandoning module ClothingSystemEditor (188)
[2018.07.26-20.24.36:129][716]LogModuleManager: Shutting down and abandoning module ClothingSystemRuntime (186)
[2018.07.26-20.24.36:129][716]LogModuleManager: Shutting down and abandoning module MediaAssets (184)
[2018.07.26-20.24.36:129][716]LogModuleManager: Shutting down and abandoning module Overlay (182)
[2018.07.26-20.24.36:129][716]LogModuleManager: Shutting down and abandoning module OverlayEditor (181)
[2018.07.26-20.24.36:129][716]LogModuleManager: Shutting down and abandoning module VREditor (178)
[2018.07.26-20.24.36:129][716]LogModuleManager: Shutting down and abandoning module StringTableEditor (176)
[2018.07.26-20.24.36:129][716]LogModuleManager: Shutting down and abandoning module GameplayTasksEditor (174)
[2018.07.26-20.24.36:129][716]LogModuleManager: Shutting down and abandoning module BehaviorTreeEditor (172)
[2018.07.26-20.24.36:129][716]LogModuleManager: Shutting down and abandoning module FunctionalTesting (170)
[2018.07.26-20.24.36:129][716]LogModuleManager: Shutting down and abandoning module CollisionAnalyzer (168)
[2018.07.26-20.24.36:129][716]LogModuleManager: Shutting down and abandoning module WorkspaceMenuStructure (167)
[2018.07.26-20.24.36:129][716]LogModuleManager: Shutting down and abandoning module UMG (164)
[2018.07.26-20.24.36:129][716]LogModuleManager: Shutting down and abandoning module UMGEditor (163)
[2018.07.26-20.24.36:129][716]LogModuleManager: Shutting down and abandoning module Sequencer (162)
[2018.07.26-20.24.36:130][716]LogModuleManager: Shutting down and abandoning module MessageLog (159)
[2018.07.26-20.24.36:130][716]LogModuleManager: Shutting down and abandoning module SlateReflector (154)
[2018.07.26-20.24.36:130][716]LogModuleManager: Shutting down and abandoning module Slate (152)
[2018.07.26-20.24.36:130][716]LogModuleManager: Shutting down and abandoning module EditorStyle (150)
[2018.07.26-20.24.36:132][716]LogModuleManager: Shutting down and abandoning module MRMesh (148)
[2018.07.26-20.24.36:132][716]LogModuleManager: Shutting down and abandoning module Messaging (146)
[2018.07.26-20.24.36:132][716]LogModuleManager: Shutting down and abandoning module SourceCodeAccess (144)
[2018.07.26-20.24.36:132][716]LogModuleManager: Shutting down and abandoning module HeadMountedDisplay (142)
[2018.07.26-20.24.36:132][716]LogModuleManager: Shutting down and abandoning module XAudio2 (140)
[2018.07.26-20.24.36:132][716]LogModuleManager: Shutting down and abandoning module Networking (138)
[2018.07.26-20.24.36:132][716]LogModuleManager: Shutting down and abandoning module Core (136)
[2018.07.26-20.24.36:132][716]LogModuleManager: Shutting down and abandoning module LevelSequence (134)
[2018.07.26-20.24.36:132][716]LogModuleManager: Shutting down and abandoning module KismetCompiler (132)
[2018.07.26-20.24.36:132][716]LogModuleManager: Shutting down and abandoning module MeshUtilities (130)
[2018.07.26-20.24.36:132][716]LogModuleManager: Shutting down and abandoning module MeshMergeUtilities (129)
[2018.07.26-20.24.36:132][716]LogModuleManager: Shutting down and abandoning module MeshReductionInterface (128)
[2018.07.26-20.24.36:132][716]LogModuleManager: Shutting down and abandoning module SimplygonSwarm (127)
[2018.07.26-20.24.36:133][716]LogModuleManager: Shutting down and abandoning module SimplygonMeshReduction (125)
[2018.07.26-20.24.36:133][716]LogModuleManager: Shutting down and abandoning module QuadricMeshReduction (123)
[2018.07.26-20.24.36:133][716]LogModuleManager: Shutting down and abandoning module MaterialBaking (119)
[2018.07.26-20.24.36:133][716]LogModuleManager: Shutting down and abandoning module DerivedDataCache (114)
[2018.07.26-20.24.36:334][716]LogDerivedDataCache: Shutdown
[2018.07.26-20.24.36:334][716]LogModuleManager: Shutting down and abandoning module XGEController (112)
[2018.07.26-20.24.36:334][716]LogModuleManager: Shutting down and abandoning module TargetPlatform (110)
[2018.07.26-20.24.36:334][716]LogModuleManager: Shutting down and abandoning module VulkanShaderFormat (109)
[2018.07.26-20.24.36:334][716]LogModuleManager: Shutting down and abandoning module ShaderFormatVectorVM (107)
[2018.07.26-20.24.36:334][716]LogModuleManager: Shutting down and abandoning module ShaderFormatOpenGL (105)
[2018.07.26-20.24.36:334][716]LogModuleManager: Shutting down and abandoning module ShaderFormatD3D (103)
[2018.07.26-20.24.36:334][716]LogModuleManager: Shutting down and abandoning module MetalShaderFormat (101)
[2018.07.26-20.24.36:334][716]LogModuleManager: Shutting down and abandoning module TextureFormatUncompressed (99)
[2018.07.26-20.24.36:334][716]LogModuleManager: Shutting down and abandoning module TextureFormatPVR (97)
[2018.07.26-20.24.36:334][716]LogModuleManager: Shutting down and abandoning module TextureFormatDXT (95)
[2018.07.26-20.24.36:334][716]LogModuleManager: Shutting down and abandoning module TextureFormatIntelISPCTexComp (93)
[2018.07.26-20.24.36:334][716]LogModuleManager: Shutting down and abandoning module TextureFormatASTC (91)
[2018.07.26-20.24.36:334][716]LogModuleManager: Shutting down and abandoning module ImageWrapper (90)
[2018.07.26-20.24.36:334][716]LogModuleManager: Shutting down and abandoning module TextureFormatAndroid (87)
[2018.07.26-20.24.36:334][716]LogModuleManager: Shutting down and abandoning module AudioFormatOpus (85)
[2018.07.26-20.24.36:334][716]LogModuleManager: Shutting down and abandoning module AudioFormatOgg (83)
[2018.07.26-20.24.36:334][716]LogModuleManager: Shutting down and abandoning module AudioFormatADPCM (81)
[2018.07.26-20.24.36:334][716]LogModuleManager: Shutting down and abandoning module WindowsTargetPlatform (79)
[2018.07.26-20.24.36:334][716]LogModuleManager: Shutting down and abandoning module WindowsServerTargetPlatform (77)
[2018.07.26-20.24.36:334][716]LogModuleManager: Shutting down and abandoning module WindowsNoEditorTargetPlatform (75)
[2018.07.26-20.24.36:334][716]LogModuleManager: Shutting down and abandoning module WindowsClientTargetPlatform (73)
[2018.07.26-20.24.36:335][716]LogModuleManager: Shutting down and abandoning module InputCore (70)
[2018.07.26-20.24.36:335][716]LogModuleManager: Shutting down and abandoning module Settings (68)
[2018.07.26-20.24.36:335][716]LogModuleManager: Shutting down and abandoning module PhysXCooking (66)
[2018.07.26-20.24.36:335][716]LogModuleManager: Shutting down and abandoning module SteamVR (64)
[2018.07.26-20.24.36:335][716]LogModuleManager: Shutting down and abandoning module OculusHMD (62)
[2018.07.26-20.24.36:335][716]LogModuleManager: Shutting down and abandoning module ExampleDeviceProfileSelector (60)
[2018.07.26-20.24.36:335][716]LogModuleManager: Shutting down and abandoning module AppleARKit (58)
[2018.07.26-20.24.36:335][716]LogModuleManager: Shutting down and abandoning module AugmentedReality (57)
[2018.07.26-20.24.36:335][716]LogModuleManager: Shutting down and abandoning module OnlineBlueprintSupport (54)
[2018.07.26-20.24.36:335][716]LogModuleManager: Shutting down and abandoning module OnlineSubsystem (50)
[2018.07.26-20.24.36:335][716]LogOnline: Display: OSS: FOnlineSubsystemNull::Shutdown()
[2018.07.26-20.24.36:335][716]LogOnline: Display: OSS: FOnlineAsyncTaskManager::Stop() ActiveTask:0000000000000000 Tasks[0/0]
[2018.07.26-20.24.36:336][716]LogOnline: Display: OSS: FOnlineAsyncTaskManager::Exit() started
[2018.07.26-20.24.36:336][716]LogOnline: Display: OSS: FOnlineAsyncTaskManager::Exit() finished
[2018.07.26-20.24.36:336][716]LogModuleManager: Shutting down and abandoning module XMPP (43)
[2018.07.26-20.24.36:337][716]LogModuleManager: Shutting down and abandoning module HTTP (41)
[2018.07.26-20.24.36:361][716]LogModuleManager: Shutting down and abandoning module SSL (40)
[2018.07.26-20.24.36:365][716]LogModuleManager: Shutting down and abandoning module AnimationModifiers (36)
[2018.07.26-20.24.36:365][716]LogModuleManager: Shutting down and abandoning module PropertyEditor (35)
[2018.07.26-20.24.36:366][716]LogModuleManager: Shutting down and abandoning module AudioEditor (32)
[2018.07.26-20.24.36:366][716]LogModuleManager: Shutting down and abandoning module TextureCompressor (30)
[2018.07.26-20.24.36:366][716]LogModuleManager: Shutting down and abandoning module ShaderCore (28)
[2018.07.26-20.24.36:366][716]LogModuleManager: Shutting down and abandoning module Landscape (26)
[2018.07.26-20.24.36:366][716]LogModuleManager: Shutting down and abandoning module SlateRHIRenderer (24)
[2018.07.26-20.24.36:367][716]LogModuleManager: Shutting down and abandoning module OpenGLDrv (22)
[2018.07.26-20.24.36:368][716]LogModuleManager: Shutting down and abandoning module D3D11RHI (20)
[2018.07.26-20.24.36:368][716]LogModuleManager: Shutting down and abandoning module AnimGraphRuntime (18)
[2018.07.26-20.24.36:368][716]LogModuleManager: Shutting down and abandoning module Renderer (16)
[2018.07.26-20.24.36:368][716]LogModuleManager: Shutting down and abandoning module Engine (14)
[2018.07.26-20.24.36:368][716]LogModuleManager: Shutting down and abandoning module CoreUObject (12)
[2018.07.26-20.24.36:368][716]LogModuleManager: Shutting down and abandoning module NetworkFile (10)
[2018.07.26-20.24.36:368][716]LogModuleManager: Shutting down and abandoning module CookedIterativeFile (8)
[2018.07.26-20.24.36:368][716]LogModuleManager: Shutting down and abandoning module StreamingFile (6)
[2018.07.26-20.24.36:368][716]LogModuleManager: Shutting down and abandoning module SandboxFile (4)
[2018.07.26-20.24.36:368][716]LogModuleManager: Shutting down and abandoning module PakFile (2)
[2018.07.26-20.24.36:372][716]LogExit: Exiting.
[2018.07.26-20.24.36:484][716]Log file closed, 07/26/18 21:24:36
