Log file open, 07/22/18 18:52:00
LogWindows: Failed to load 'aqProf.dll' (GetLastError=126)
LogWindows: File 'aqProf.dll' does not exist
LogWindows: Failed to load 'VtuneApi.dll' (GetLastError=126)
LogWindows: File 'VtuneApi.dll' does not exist
LogWindows: Failed to load 'VtuneApi32e.dll' (GetLastError=126)
LogWindows: File 'VtuneApi32e.dll' does not exist
LogInit: Display: Running engine for game: FPBG
LogPlatformFile: Not using cached read wrapper
LogInit: Display: RandInit(171464496) SRandInit(171464496).
LogInit: Read version file with build ID '3944462'
LogInit: Overriding engine version to CL 4033788, compatible CL 3944462
LogInit: Registered custom module enumerator with build ID '3944462'
LogTaskGraph: Started task graph with 5 named threads and 14 total threads with 3 sets of task threads.
LogStats: Stats thread started at 0.268573
LogD3D11RHI: Aftermath initialized
LogICUInternationalization: Display: ICU TimeZone Detection - Raw Offset: +0:00, Platform Override: ''
LogModuleManager: Display: Found up-to-date module file ../../../Engine/Plugins/Online/OnlineSubsystemSteam/Binaries/Win64/UE4Editor-OnlineSubsystemSteam.dll (API version 3944462).
LogModuleManager: Display: Found up-to-date module file ../../../Engine/Plugins/Online/OnlineSubsystem/Binaries/Win64/UE4Editor-OnlineSubsystem.dll (API version 3944462).
LogModuleManager: Display: Found up-to-date module file ../../../Engine/Plugins/Online/OnlineSubsystemUtils/Binaries/Win64/UE4Editor-OnlineSubsystemUtils.dll (API version 3944462).
LogModuleManager: Display: Found up-to-date module file ../../../Engine/Plugins/Online/OnlineSubsystemUtils/Binaries/Win64/UE4Editor-OnlineBlueprintSupport.dll (API version 3944462).
LogModuleManager: Display: Found up-to-date module file ../../../Engine/Plugins/2D/Paper2D/Binaries/Win64/UE4Editor-Paper2D.dll (API version 3944462).
LogModuleManager: Display: Found up-to-date module file ../../../Engine/Plugins/2D/Paper2D/Binaries/Win64/UE4Editor-Paper2DEditor.dll (API version 3944462).
LogModuleManager: Display: Found up-to-date module file ../../../Engine/Plugins/2D/Paper2D/Binaries/Win64/UE4Editor-PaperSpriteSheetImporter.dll (API version 3944462).
LogModuleManager: Display: Found up-to-date module file ../../../Engine/Plugins/2D/Paper2D/Binaries/Win64/UE4Editor-PaperTiledImporter.dll (API version 3944462).
LogModuleManager: Display: Found up-to-date module file ../../../Engine/Plugins/2D/Paper2D/Binaries/Win64/UE4Editor-SmartSnapping.dll (API version 3944462).
LogModuleManager: Display: Found up-to-date module file ../../../Engine/Plugins/Blendables/LightPropagationVolume/Binaries/Win64/UE4Editor-LightPropagationVolumeRuntime.dll (API version 3944462).
LogModuleManager: Display: Found up-to-date module file ../../../Engine/Plugins/Blendables/LightPropagationVolume/Binaries/Win64/UE4Editor-LightPropagationVolumeEditor.dll (API version 3944462).
LogModuleManager: Display: Found up-to-date module file ../../../Engine/Plugins/Developer/CLionSourceCodeAccess/Binaries/Win64/UE4Editor-CLionSourceCodeAccess.dll (API version 3944462).
LogModuleManager: Display: Found up-to-date module file ../../../Engine/Plugins/Developer/GitSourceControl/Binaries/Win64/UE4Editor-GitSourceControl.dll (API version 3944462).
LogModuleManager: Display: Found up-to-date module file ../../../Engine/Plugins/Developer/PerforceSourceControl/Binaries/Win64/UE4Editor-PerforceSourceControl.dll (API version 3944462).
LogModuleManager: Display: Found up-to-date module file ../../../Engine/Plugins/Developer/SubversionSourceControl/Binaries/Win64/UE4Editor-SubversionSourceControl.dll (API version 3944462).
LogModuleManager: Display: Found up-to-date module file ../../../Engine/Plugins/Developer/UObjectPlugin/Binaries/Win64/UE4Editor-UObjectPlugin.dll (API version 3944462).
LogModuleManager: Display: Found up-to-date module file ../../../Engine/Plugins/Developer/VisualStudioCodeSourceCodeAccess/Binaries/Win64/UE4Editor-VisualStudioCodeSourceCodeAccess.dll (API version 3944462).
LogModuleManager: Display: Found up-to-date module file ../../../Engine/Plugins/Developer/VisualStudioSourceCodeAccess/Binaries/Win64/UE4Editor-VisualStudioSourceCodeAccess.dll (API version 3944462).
LogModuleManager: Display: Found up-to-date module file ../../../Engine/Plugins/Editor/AssetManagerEditor/Binaries/Win64/UE4Editor-AssetManagerEditor.dll (API version 3944462).
LogModuleManager: Display: Found up-to-date module file ../../../Engine/Plugins/Editor/CryptoKeys/Binaries/Win64/UE4Editor-CryptoKeys.dll (API version 3944462).
LogModuleManager: Display: Found up-to-date module file ../../../Engine/Plugins/Editor/CryptoKeys/Binaries/Win64/UE4Editor-CryptoKeysOpenSSL.dll (API version 3944462).
LogModuleManager: Display: Found up-to-date module file ../../../Engine/Plugins/Editor/DataValidation/Binaries/Win64/UE4Editor-DataValidation.dll (API version 3944462).
LogModuleManager: Display: Found up-to-date module file ../../../Engine/Plugins/Editor/FacialAnimation/Binaries/Win64/UE4Editor-FacialAnimation.dll (API version 3944462).
LogModuleManager: Display: Found up-to-date module file ../../../Engine/Plugins/Editor/FacialAnimation/Binaries/Win64/UE4Editor-FacialAnimationEditor.dll (API version 3944462).
LogModuleManager: Display: Found up-to-date module file ../../../Engine/Plugins/Editor/GameplayTagsEditor/Binaries/Win64/UE4Editor-GameplayTagsEditor.dll (API version 3944462).
LogModuleManager: Display: Found up-to-date module file ../../../Engine/Plugins/Editor/MobileLauncherProfileWizard/Binaries/Win64/UE4Editor-MobileLauncherProfileWizard.dll (API version 3944462).
LogModuleManager: Display: Found up-to-date module file ../../../Engine/Plugins/Editor/PluginBrowser/Binaries/Win64/UE4Editor-PluginBrowser.dll (API version 3944462).
LogModuleManager: Display: Found up-to-date module file ../../../Engine/Plugins/Editor/SpeedTreeImporter/Binaries/Win64/UE4Editor-SpeedTreeImporter.dll (API version 3944462).
LogModuleManager: Display: Found up-to-date module file ../../../Engine/Plugins/Enterprise/DatasmithContent/Binaries/Win64/UE4Editor-DatasmithContent.dll (API version 3944462).
LogModuleManager: Display: Found up-to-date module file ../../../Engine/Plugins/Experimental/AlembicImporter/Binaries/Win64/UE4Editor-AlembicImporter.dll (API version 3944462).
LogModuleManager: Display: Found up-to-date module file ../../../Engine/Plugins/Experimental/AlembicImporter/Binaries/Win64/UE4Editor-AlembicLibrary.dll (API version 3944462).
LogModuleManager: Display: Found up-to-date module file ../../../Engine/Plugins/Experimental/CharacterAI/Binaries/Win64/UE4Editor-CharacterAI.dll (API version 3944462).
LogModuleManager: Display: Found up-to-date module file ../../../Engine/Plugins/Experimental/HTML5Networking/Binaries/Win64/UE4Editor-HTML5Networking.dll (API version 3944462).
LogModuleManager: Display: Found up-to-date module file ../../../Engine/Plugins/Media/AndroidMedia/Binaries/Win64/UE4Editor-AndroidMediaEditor.dll (API version 3944462).
LogModuleManager: Display: Found up-to-date module file ../../../Engine/Plugins/Media/AndroidMedia/Binaries/Win64/UE4Editor-AndroidMediaFactory.dll (API version 3944462).
LogModuleManager: Display: Found up-to-date module file ../../../Engine/Plugins/Media/AvfMedia/Binaries/Win64/UE4Editor-AvfMediaEditor.dll (API version 3944462).
LogModuleManager: Display: Found up-to-date module file ../../../Engine/Plugins/Media/AvfMedia/Binaries/Win64/UE4Editor-AvfMediaFactory.dll (API version 3944462).
LogModuleManager: Display: Found up-to-date module file ../../../Engine/Plugins/Media/AvfMedia/Binaries/Win64/UE4Editor-AvfMediaFactory.dll (API version 3944462).
LogModuleManager: Display: Found up-to-date module file ../../../Engine/Plugins/Media/ImgMedia/Binaries/Win64/UE4Editor-ImgMedia.dll (API version 3944462).
LogModuleManager: Display: Found up-to-date module file ../../../Engine/Plugins/Media/ImgMedia/Binaries/Win64/UE4Editor-ImgMediaEditor.dll (API version 3944462).
LogModuleManager: Display: Found up-to-date module file ../../../Engine/Plugins/Media/ImgMedia/Binaries/Win64/UE4Editor-ImgMediaFactory.dll (API version 3944462).
LogModuleManager: Display: Found up-to-date module file ../../../Engine/Plugins/Media/ImgMedia/Binaries/Win64/UE4Editor-ImgMediaFactory.dll (API version 3944462).
LogModuleManager: Display: Found up-to-date module file ../../../Engine/Plugins/Media/ImgMedia/Binaries/Win64/UE4Editor-OpenExrWrapper.dll (API version 3944462).
LogModuleManager: Display: Found up-to-date module file ../../../Engine/Plugins/Media/LinearTimecode/Binaries/Win64/UE4Editor-LinearTimecode.dll (API version 3944462).
LogModuleManager: Display: Found up-to-date module file ../../../Engine/Plugins/Media/MediaCompositing/Binaries/Win64/UE4Editor-MediaCompositing.dll (API version 3944462).
LogModuleManager: Display: Found up-to-date module file ../../../Engine/Plugins/Media/MediaCompositing/Binaries/Win64/UE4Editor-MediaCompositingEditor.dll (API version 3944462).
LogModuleManager: Display: Found up-to-date module file ../../../Engine/Plugins/Media/MediaPlayerEditor/Binaries/Win64/UE4Editor-MediaPlayerEditor.dll (API version 3944462).
LogModuleManager: Display: Found up-to-date module file ../../../Engine/Plugins/Media/WmfMedia/Binaries/Win64/UE4Editor-WmfMedia.dll (API version 3944462).
LogModuleManager: Display: Found up-to-date module file ../../../Engine/Plugins/Media/WmfMedia/Binaries/Win64/UE4Editor-WmfMediaEditor.dll (API version 3944462).
LogModuleManager: Display: Found up-to-date module file ../../../Engine/Plugins/Media/WmfMedia/Binaries/Win64/UE4Editor-WmfMediaFactory.dll (API version 3944462).
LogModuleManager: Display: Found up-to-date module file ../../../Engine/Plugins/Media/WmfMedia/Binaries/Win64/UE4Editor-WmfMediaFactory.dll (API version 3944462).
LogModuleManager: Display: Found up-to-date module file ../../../Engine/Plugins/Messaging/TcpMessaging/Binaries/Win64/UE4Editor-TcpMessaging.dll (API version 3944462).
LogModuleManager: Display: Found up-to-date module file ../../../Engine/Plugins/Messaging/UdpMessaging/Binaries/Win64/UE4Editor-UdpMessaging.dll (API version 3944462).
LogModuleManager: Display: Found up-to-date module file ../../../Engine/Plugins/MovieScene/ActorSequence/Binaries/Win64/UE4Editor-ActorSequence.dll (API version 3944462).
LogModuleManager: Display: Found up-to-date module file ../../../Engine/Plugins/MovieScene/LevelSequenceEditor/Binaries/Win64/UE4Editor-LevelSequenceEditor.dll (API version 3944462).
LogModuleManager: Display: Found up-to-date module file ../../../Engine/Plugins/MovieScene/MatineeToLevelSequence/Binaries/Win64/UE4Editor-MatineeToLevelSequence.dll (API version 3944462).
LogModuleManager: Display: Found up-to-date module file ../../../Engine/Plugins/NetcodeUnitTest/NetcodeUnitTest/Binaries/Win64/UE4Editor-NetcodeUnitTest.dll (API version 3944462).
LogModuleManager: Display: Found up-to-date module file ../../../Engine/Plugins/NetcodeUnitTest/NUTUnrealEngine4/Binaries/Win64/UE4Editor-NUTUnrealEngine4.dll (API version 3944462).
LogModuleManager: Display: Found up-to-date module file ../../../Engine/Plugins/Runtime/AndroidPermission/Binaries/Win64/UE4Editor-AndroidPermission.dll (API version 3944462).
LogModuleManager: Display: Found up-to-date module file ../../../Engine/Plugins/Online/OnlineSubsystemNull/Binaries/Win64/UE4Editor-OnlineSubsystemNull.dll (API version 3944462).
LogModuleManager: Display: Found up-to-date module file ../../../Engine/Plugins/Runtime/AndroidDeviceProfileSelector/Binaries/Win64/UE4Editor-AndroidDeviceProfileSelector.dll (API version 3944462).
LogModuleManager: Display: Found up-to-date module file ../../../Engine/Plugins/Runtime/AppleARKit/Binaries/Win64/UE4Editor-AppleARKit.dll (API version 3944462).
LogModuleManager: Display: Found up-to-date module file ../../../Engine/Plugins/Runtime/ProceduralMeshComponent/Binaries/Win64/UE4Editor-ProceduralMeshComponent.dll (API version 3944462).
LogModuleManager: Display: Found up-to-date module file ../../../Engine/Plugins/Runtime/ProceduralMeshComponent/Binaries/Win64/UE4Editor-ProceduralMeshComponentEditor.dll (API version 3944462).
LogModuleManager: Display: Found up-to-date module file ../../../Engine/Plugins/Animation/LiveLink/Binaries/Win64/UE4Editor-LiveLink.dll (API version 3944462).
LogModuleManager: Display: Found up-to-date module file ../../../Engine/Plugins/Animation/LiveLink/Binaries/Win64/UE4Editor-LiveLinkEditor.dll (API version 3944462).
LogModuleManager: Display: Found up-to-date module file ../../../Engine/Plugins/Runtime/ArchVisCharacter/Binaries/Win64/UE4Editor-ArchVisCharacter.dll (API version 3944462).
LogModuleManager: Display: Found up-to-date module file ../../../Engine/Plugins/Runtime/AudioCapture/Binaries/Win64/UE4Editor-AudioCapture.dll (API version 3944462).
LogModuleManager: Display: Found up-to-date module file ../../../Engine/Plugins/Runtime/AudioCapture/Binaries/Win64/UE4Editor-AudioCaptureEditor.dll (API version 3944462).
LogModuleManager: Display: Found up-to-date module file ../../../Engine/Plugins/Runtime/CableComponent/Binaries/Win64/UE4Editor-CableComponent.dll (API version 3944462).
LogModuleManager: Display: Found up-to-date module file ../../../Engine/Plugins/Runtime/CustomMeshComponent/Binaries/Win64/UE4Editor-CustomMeshComponent.dll (API version 3944462).
LogModuleManager: Display: Found up-to-date module file ../../../Engine/Plugins/Runtime/ExampleDeviceProfileSelector/Binaries/Win64/UE4Editor-ExampleDeviceProfileSelector.dll (API version 3944462).
LogModuleManager: Display: Found up-to-date module file ../../../Engine/Plugins/Runtime/ImmediatePhysics/Binaries/Win64/UE4Editor-ImmediatePhysics.dll (API version 3944462).
LogModuleManager: Display: Found up-to-date module file ../../../Engine/Plugins/Runtime/ImmediatePhysics/Binaries/Win64/UE4Editor-ImmediatePhysicsEditor.dll (API version 3944462).
LogModuleManager: Display: Found up-to-date module file ../../../Engine/Plugins/Runtime/LocationServicesBPLibrary/Binaries/Win64/UE4Editor-LocationServicesBPLibrary.dll (API version 3944462).
LogModuleManager: Display: Found up-to-date module file ../../../Engine/Plugins/Runtime/MobilePatchingUtils/Binaries/Win64/UE4Editor-MobilePatchingUtils.dll (API version 3944462).
LogModuleManager: Display: Found up-to-date module file ../../../Engine/Plugins/Runtime/Oculus/OculusVR/Binaries/Win64/UE4Editor-OculusHMD.dll (API version 3944462).
LogModuleManager: Display: Found up-to-date module file ../../../Engine/Plugins/Runtime/Oculus/OculusVR/Binaries/Win64/UE4Editor-OculusInput.dll (API version 3944462).
LogModuleManager: Display: Found up-to-date module file ../../../Engine/Plugins/Runtime/Oculus/OculusVR/Binaries/Win64/UE4Editor-OculusEditor.dll (API version 3944462).
LogModuleManager: Display: Found up-to-date module file ../../../Engine/Plugins/Runtime/PhysXVehicles/Binaries/Win64/UE4Editor-PhysXVehicles.dll (API version 3944462).
LogModuleManager: Display: Found up-to-date module file ../../../Engine/Plugins/Runtime/PhysXVehicles/Binaries/Win64/UE4Editor-PhysXVehiclesEditor.dll (API version 3944462).
LogModuleManager: Display: Found up-to-date module file ../../../Engine/Plugins/Runtime/RuntimePhysXCooking/Binaries/Win64/UE4Editor-RuntimePhysXCooking.dll (API version 3944462).
LogModuleManager: Display: Found up-to-date module file ../../../Engine/Plugins/Runtime/Steam/SteamVR/Binaries/Win64/UE4Editor-SteamVR.dll (API version 3944462).
LogModuleManager: Display: Found up-to-date module file ../../../Engine/Plugins/Runtime/Steam/SteamVR/Binaries/Win64/UE4Editor-SteamVRController.dll (API version 3944462).
LogModuleManager: Display: Found up-to-date module file ../../../Engine/Plugins/Runtime/WindowsMoviePlayer/Binaries/Win64/UE4Editor-WindowsMoviePlayer.dll (API version 3944462).
LogPluginManager: Mounting plugin Paper2D
LogPluginManager: Mounting plugin LiveLink
LogPluginManager: Mounting plugin LightPropagationVolume
LogPluginManager: Mounting plugin CLionSourceCodeAccess
LogPluginManager: Mounting plugin CodeLiteSourceCodeAccess
LogPluginManager: Mounting plugin GitSourceControl
LogPluginManager: Mounting plugin KDevelopSourceCodeAccess
LogPluginManager: Mounting plugin NullSourceCodeAccess
LogPluginManager: Mounting plugin PerforceSourceControl
LogPluginManager: Mounting plugin SubversionSourceControl
LogPluginManager: Mounting plugin UObjectPlugin
LogPluginManager: Mounting plugin VisualStudioCodeSourceCodeAccess
LogPluginManager: Mounting plugin VisualStudioSourceCodeAccess
LogPluginManager: Mounting plugin XCodeSourceCodeAccess
LogPluginManager: Mounting plugin AssetManagerEditor
LogPluginManager: Mounting plugin CryptoKeys
LogPluginManager: Mounting plugin DataValidation
LogPluginManager: Mounting plugin FacialAnimation
LogPluginManager: Mounting plugin GameplayTagsEditor
LogPluginManager: Mounting plugin MobileLauncherProfileWizard
LogPluginManager: Mounting plugin PluginBrowser
LogPluginManager: Mounting plugin SpeedTreeImporter
LogPluginManager: Mounting plugin DatasmithContent
LogPluginManager: Mounting plugin AlembicImporter
LogPluginManager: Mounting plugin CharacterAI
LogPluginManager: Mounting plugin HTML5Networking
LogPluginManager: Mounting plugin AndroidMedia
LogPluginManager: Mounting plugin AvfMedia
LogPluginManager: Mounting plugin ImgMedia
LogPluginManager: Mounting plugin LinearTimecode
LogPluginManager: Mounting plugin MediaCompositing
LogPluginManager: Mounting plugin MediaPlayerEditor
LogPluginManager: Mounting plugin WmfMedia
LogPluginManager: Mounting plugin TcpMessaging
LogPluginManager: Mounting plugin UdpMessaging
LogPluginManager: Mounting plugin ActorSequence
LogPluginManager: Mounting plugin LevelSequenceEditor
LogPluginManager: Mounting plugin MatineeToLevelSequence
LogPluginManager: Mounting plugin NetcodeUnitTest
LogPluginManager: Mounting plugin NUTUnrealEngine4
LogPluginManager: Mounting plugin OnlineSubsystemGooglePlay
LogPluginManager: Mounting plugin OnlineSubsystemIOS
LogPluginManager: Mounting plugin OnlineSubsystem
LogPluginManager: Mounting plugin OnlineSubsystemNull
LogPluginManager: Mounting plugin OnlineSubsystemSteam
LogPluginManager: Mounting plugin OnlineSubsystemUtils
LogPluginManager: Mounting plugin AndroidDeviceProfileSelector
LogPluginManager: Mounting plugin AndroidMoviePlayer
LogPluginManager: Mounting plugin AndroidPermission
LogPluginManager: Mounting plugin AppleARKit
LogPluginManager: Mounting plugin AppleMoviePlayer
LogPluginManager: Mounting plugin ArchVisCharacter
LogPluginManager: Mounting plugin AudioCapture
LogPluginManager: Mounting plugin CableComponent
LogPluginManager: Mounting plugin CustomMeshComponent
LogPluginManager: Mounting plugin ExampleDeviceProfileSelector
LogPluginManager: Mounting plugin GoogleCloudMessaging
LogPluginManager: Mounting plugin ImmediatePhysics
LogPluginManager: Mounting plugin IOSDeviceProfileSelector
LogPluginManager: Mounting plugin LinuxDeviceProfileSelector
LogPluginManager: Mounting plugin LocationServicesBPLibrary
LogPluginManager: Mounting plugin MobilePatchingUtils
LogPluginManager: Mounting plugin OculusVR
LogPluginManager: Plugin shader directory ../../../Engine/Plugins/Runtime/Oculus/OculusVR/Shaders found
LogPluginManager: Mapping shader source directory ../../../Engine/Plugins/Runtime/Oculus/OculusVR/Shaders to virtual directory /Plugin/OculusVR
LogPluginManager: Mounting plugin PhysXVehicles
LogPluginManager: Mounting plugin ProceduralMeshComponent
LogPluginManager: Mounting plugin RuntimePhysXCooking
LogPluginManager: Mounting plugin SteamVR
LogPluginManager: Mounting plugin WindowsMoviePlayer
LogStreaming: Display: Took  3.002s to configure plugins.
LogInit: Using libcurl 7.47.1
LogInit:  - built for x86_64-pc-win32
LogInit:  - supports SSL with OpenSSL/1.0.2g
LogInit:  - supports HTTP deflate (compression) using libz 1.2.8
LogInit:  - other features:
LogInit:      CURL_VERSION_SSL
LogInit:      CURL_VERSION_LIBZ
LogInit:      CURL_VERSION_IPV6
LogInit:      CURL_VERSION_ASYNCHDNS
LogInit:      CURL_VERSION_LARGEFILE
LogInit:      CURL_VERSION_IDN
LogInit:  CurlRequestOptions (configurable via config and command line):
LogInit:  - bVerifyPeer = false  - Libcurl will NOT verify peer certificate
LogInit:  - bUseHttpProxy = false  - Libcurl will NOT use HTTP proxy
LogInit:  - bDontReuseConnections = false  - Libcurl will reuse connections
LogInit:  - CertBundlePath = nullptr  - Libcurl will use whatever was configured at build time.
LogInit:  - MaxHostConnections = 16  - Libcurl will limit the number of connections to a host
LogInit:  - LocalHostAddr = Default
LogOnline: Display: STEAM: Loading Steam SDK 1.39
LogOnline: Warning: STEAM: Steamworks: SteamUtils() failed!
LogOnline: Warning: STEAM: Steamworks: SteamUser() failed!
LogOnline: Warning: STEAM: Steamworks: SteamFriends() failed!
LogOnline: Warning: STEAM: Steamworks: SteamRemoteStorage() failed!
LogOnline: Warning: STEAM: Steamworks: SteamUserStats() failed!
LogOnline: Warning: STEAM: Steamworks: SteamMatchmakingServers() failed!
LogOnline: Warning: STEAM: Steamworks: SteamApps() failed!
LogOnline: Warning: STEAM: Steamworks: SteamNetworking() failed!
LogOnline: Warning: STEAM: Steamworks: SteamMatchmaking() failed!
LogOnline: Display: STEAM: OnlineSubsystemSteam::Shutdown()
LogOnline: Warning: STEAM: Steam API failed to initialize!
LogOnline: Display: STEAM: OnlineSubsystemSteam::Shutdown()
LogInit: WinSock: version 1.1 (2.2), MaxSocks=32767, MaxUdp=65467
LogInit: WinSock: I am Q6600 (192.168.1.42:0)
LogInit: Build: ++UE4+Release-4.19-CL-4033788
LogInit: Engine Version: 4.19.2-4033788+++UE4+Release-4.19
LogInit: Compatible Engine Version: 4.19.0-3944462+++UE4+Release-4.19
LogInit: Net CL: 3944462
LogDevObjectVersion: Number of dev versions registered: 18
LogDevObjectVersion:   Dev-Blueprints (B0D832E4-1F89-4F0D-ACCF-7EB736FD4AA2): 10
LogDevObjectVersion:   Dev-Build (E1C64328-A22C-4D53-A36C-8E866417BD8C): 0
LogDevObjectVersion:   Dev-Core (375EC13C-06E4-48FB-B500-84F0262A717E): 2
LogDevObjectVersion:   Dev-Editor (E4B068ED-F494-42E9-A231-DA0B2E46BB41): 23
LogDevObjectVersion:   Dev-Framework (CFFC743F-43B0-4480-9391-14DF171D2073): 33
LogDevObjectVersion:   Dev-Mobile (B02B49B5-BB20-44E9-A304-32B752E40360): 2
LogDevObjectVersion:   Dev-Networking (A4E4105C-59A1-49B5-A7C5-40C4547EDFEE): 0
LogDevObjectVersion:   Dev-Online (39C831C9-5AE6-47DC-9A44-9C173E1C8E7C): 0
LogDevObjectVersion:   Dev-Physics (78F01B33-EBEA-4F98-B9B4-84EACCB95AA2): 0
LogDevObjectVersion:   Dev-Platform (6631380F-2D4D-43E0-8009-CF276956A95A): 0
LogDevObjectVersion:   Dev-Rendering (12F88B9F-8875-4AFC-A67C-D90C383ABD29): 25
LogDevObjectVersion:   Dev-Sequencer (7B5AE74C-D270-4C10-A958-57980B212A5A): 6
LogDevObjectVersion:   Dev-VR (D7296918-1DD6-4BDD-9DE2-64A83CC13884): 1
LogDevObjectVersion:   Dev-LoadTimes (C2A15278-BFE7-4AFE-6C17-90FF531DF755): 1
LogDevObjectVersion:   Private-Geometry (6EACA3D4-40EC-4CC1-B786-8BED09428FC5): 2
LogDevObjectVersion:   Dev-AnimPhys (29E575DD-E0A3-4627-9D10-D276232CDCEA): 16
LogDevObjectVersion:   Dev-ReflectionCapture (6B266CEC-1EC7-4B8F-A30B-E4D90942FC07): 1
LogDevObjectVersion:   Dev-Automation (0DF73D61-A23F-47EA-B727-89E90C41499A): 1
LogInit: Compiled (64-bit): Apr 27 2018 02:06:57
LogInit: Compiled with Visual C++: 19.00.24215.01
LogInit: Build Configuration: Development
LogInit: Branch Name: ++UE4+Release-4.19
LogInit: Command Line:  /Game/Maps/MainMenu -game -PIEVIACONSOLE -ResX=1280 -ResY=720  -Multiprocess -messaging -SessionName="Play in Standalone Game" -windowed 
LogInit: Base Directory: F:/Juegos/UE_4.19/Engine/Binaries/Win64/
LogInit: Installed Engine Build: 1
LogStreaming: Display: Took  0.003s to delete old logs.
LogInit: Presizing for max 8388607 objects, including 0 objects not considered by GC, pre-allocating 0 bytes for permanent pool.
LogInit: Object subsystem initialized
[2018.07.22-17.52.04:303][  0]LogInit: Selected Device Profile: [Windows]
[2018.07.22-17.52.04:304][  0]LogInit: Applying CVar settings loaded from the selected device profile: [Windows]
[2018.07.22-17.52.04:314][  0]LogInit: Computer: Q6600
[2018.07.22-17.52.04:314][  0]LogInit: User: bitt3rman
[2018.07.22-17.52.04:314][  0]LogInit: CPU Page size=4096, Cores=4
[2018.07.22-17.52.04:314][  0]LogInit: High frequency timer resolution =2.343833 MHz
[2018.07.22-17.52.04:315][  0]LogMemory: Memory total: Physical=8.0GB (8GB approx)
[2018.07.22-17.52.04:315][  0]LogMemory: Platform Memory Stats for Windows
[2018.07.22-17.52.04:315][  0]LogMemory: Process Physical Memory: 274.77 MB used, 274.77 MB peak
[2018.07.22-17.52.04:315][  0]LogMemory: Process Virtual Memory: 270.34 MB used, 270.34 MB peak
[2018.07.22-17.52.04:315][  0]LogMemory: Physical Memory: 5937.03 MB used,  2253.46 MB free, 8190.49 MB total
[2018.07.22-17.52.04:315][  0]LogMemory: Virtual Memory: 4776.43 MB used,  2253.46 MB free, 134217728.00 MB total
[2018.07.22-17.52.04:367][  0]LogInit: Using OS detected language (es-ES).
[2018.07.22-17.52.04:367][  0]LogInit: Using OS detected locale (es-ES).
[2018.07.22-17.52.04:368][  0]LogTextLocalizationManager: No localization for 'es-ES' exists, so 'en' will be used for the language.
[2018.07.22-17.52.04:368][  0]LogTextLocalizationManager: No localization for 'es-ES' exists, so 'en' will be used for the locale.
[2018.07.22-17.52.05:387][  0]LogStreaming: Display: Took  1.020s to EndInitTextLocalization.
[2018.07.22-17.52.05:436][  0]LogSlate: New Slate User Created.  User Index 0, Is Virtual User: 0
[2018.07.22-17.52.05:436][  0]LogSlate: Slate User Registered.  User Index 0, Is Virtual User: 0
[2018.07.22-17.52.05:443][  0]LogD3D11RHI: D3D11 adapters:
[2018.07.22-17.52.05:530][  0]LogD3D11RHI:    0. 'NVIDIA GeForce GT 730' (Feature Level 11_0)
[2018.07.22-17.52.05:530][  0]LogD3D11RHI:       2018/0/4095 MB DedicatedVideo/DedicatedSystem/SharedSystem, Outputs:1, VendorId:0x10de
[2018.07.22-17.52.05:535][  0]LogD3D11RHI:    1. 'Microsoft Basic Render Driver' (Feature Level 11_0)
[2018.07.22-17.52.05:535][  0]LogD3D11RHI:       0/0/4095 MB DedicatedVideo/DedicatedSystem/SharedSystem, Outputs:0, VendorId:0x1414
[2018.07.22-17.52.05:535][  0]LogD3D11RHI: Chosen D3D11 Adapter: 0
[2018.07.22-17.52.05:551][  0]LogD3D11RHI: Creating new Direct3DDevice
[2018.07.22-17.52.05:551][  0]LogD3D11RHI:     GPU DeviceId: 0x1287 (for the marketing name, search the web for "GPU Device Id")
[2018.07.22-17.52.05:551][  0]LogWindows: EnumDisplayDevices:
[2018.07.22-17.52.05:551][  0]LogWindows:    0. 'NVIDIA GeForce GT 730' (P:1 D:1)
[2018.07.22-17.52.05:552][  0]LogWindows:    1. 'NVIDIA GeForce GT 730' (P:0 D:0)
[2018.07.22-17.52.05:552][  0]LogWindows:    2. 'NVIDIA GeForce GT 730' (P:0 D:0)
[2018.07.22-17.52.05:552][  0]LogWindows: DebugString: GetVideoDriverDetailsInvalid PrimaryIsNotTheChoosenAdapter GetVideoDriverDetailsInvalid PrimaryIsNotTheChoosenAdapter GetVideoDriverDetailsInvalid PrimaryIsNotTheChoosenAdapter FoundDriverCount:0 
[2018.07.22-17.52.05:552][  0]LogD3D11RHI:     Adapter Name: NVIDIA GeForce GT 730
[2018.07.22-17.52.05:552][  0]LogD3D11RHI:   Driver Version: Unknown (internal:Unknown, unified:Unknown)
[2018.07.22-17.52.05:552][  0]LogD3D11RHI:      Driver Date: Unknown
[2018.07.22-17.52.05:552][  0]LogRHI: Texture pool is 1413 MB (70% of 2018 MB)
[2018.07.22-17.52.05:608][  0]LogD3D11RHI: [Aftermath] Aftermath enabled but failed to initialize
[2018.07.22-17.52.05:609][  0]LogD3D11RHI: [Aftermath] Aftermath enabled and primed
[2018.07.22-17.52.05:609][  0]LogD3D11RHI: Async texture creation enabled
[2018.07.22-17.52.05:624][  0]LogD3D11RHI: GPU Timing Frequency: 1000.000000 (Debug: 2 1)
[2018.07.22-17.52.05:628][  0]LogShaderCompilers: Guid format shader working directory is 21 characters bigger than the processId version (../../../../UE_Projects/FPBG/Intermediate/Shaders/WorkingDirectory/11772/).
[2018.07.22-17.52.05:628][  0]LogShaderCompilers: Cleaned the shader compiler working directory 'C:/Users/bitt3rman/AppData/Local/Temp/UnrealShaderWorkingDir/2E9A2DA34EB67878F774A7AF3E05F9F6/'.
[2018.07.22-17.52.06:056][  0]LogTemp: Display: Loaded TP WindowsClientTargetPlatform
[2018.07.22-17.52.06:088][  0]LogTemp: Display: Loaded TP WindowsNoEditorTargetPlatform
[2018.07.22-17.52.06:121][  0]LogTemp: Display: Loaded TP WindowsServerTargetPlatform
[2018.07.22-17.52.06:155][  0]LogTemp: Display: Loaded TP WindowsTargetPlatform
[2018.07.22-17.52.06:155][  0]LogTargetPlatformManager: Display: Building Assets For Windows
[2018.07.22-17.52.06:416][  0]LogXGEController: Cannot use XGE Controller as Incredibuild is not installed on this machine.
[2018.07.22-17.52.06:416][  0]LogShaderCompilers: Cannot use XGE Shader Compiler as Incredibuild is not installed on this machine.
[2018.07.22-17.52.06:416][  0]LogShaderCompilers: Display: Using Local Shader Compiler.
[2018.07.22-17.52.08:123][  0]LogDerivedDataCache: Display: Max Cache Size: 512 MB
[2018.07.22-17.52.08:351][  0]LogDerivedDataCache: Loaded boot cache 0.23s 74MB C:/Users/bitt3rman/AppData/Local/UnrealEngine/4.19/DerivedDataCache/Boot.ddc.
[2018.07.22-17.52.08:351][  0]LogDerivedDataCache: Display: Loaded Boot cache: C:/Users/bitt3rman/AppData/Local/UnrealEngine/4.19/DerivedDataCache/Boot.ddc
[2018.07.22-17.52.08:351][  0]LogDerivedDataCache: FDerivedDataBackendGraph:  Pak pak cache file ../../../../UE_Projects/FPBG/DerivedDataCache/DDC.ddp not found, will not use a pak cache.
[2018.07.22-17.52.08:351][  0]LogDerivedDataCache: Unable to find inner node Pak for hierarchical cache Hierarchy.
[2018.07.22-17.52.08:351][  0]LogDerivedDataCache: FDerivedDataBackendGraph:  CompressedPak pak cache file ../../../../UE_Projects/FPBG/DerivedDataCache/Compressed.ddp not found, will not use a pak cache.
[2018.07.22-17.52.08:351][  0]LogDerivedDataCache: Unable to find inner node CompressedPak for hierarchical cache Hierarchy.
[2018.07.22-17.52.08:379][  0]LogDerivedDataCache: Display: Pak cache opened for reading ../../../Engine/DerivedDataCache/Compressed.ddp.
[2018.07.22-17.52.08:394][  0]LogDerivedDataCache: Using Local data cache path C:/Users/bitt3rman/AppData/Local/UnrealEngine/Common/DerivedDataCache: Writable
[2018.07.22-17.52.08:394][  0]LogDerivedDataCache: Shared data cache path not found in *engine.ini, will not use an Shared cache.
[2018.07.22-17.52.08:394][  0]LogDerivedDataCache: Unable to find inner node Shared for hierarchical cache Hierarchy.
[2018.07.22-17.52.08:421][  0]LogMaterial: Verifying Global Shaders for PCD3D_SM5
[2018.07.22-17.52.08:422][  0]LogSlate: Using Freetype 2.6.0
[2018.07.22-17.52.08:424][  0]LogSlate: SlateFontCache - WITH_FREETYPE: 1, WITH_HARFBUZZ: 1
[2018.07.22-17.52.08:424][  0]LogSlate: SlateFontCache - WITH_FREETYPE: 1, WITH_HARFBUZZ: 1
[2018.07.22-17.52.08:660][  0]LogAssetRegistry: FAssetRegistry took 0.0108 seconds to start up
[2018.07.22-17.52.09:153][  0]LogPackageLocalizationCache: Processed 9 localized package path(s) for 1 prioritized culture(s) in 0.028302 seconds
[2018.07.22-17.52.09:385][  0]LogInit: Selected Device Profile: [Windows]
[2018.07.22-17.52.09:676][  0]LogSimplygon: Simplygon DLL not present - disabling.
[2018.07.22-17.52.09:682][  0]LogMeshReduction: Using SimplygonSwarm for distributed automatic mesh merging
[2018.07.22-17.52.09:682][  0]LogMeshReduction: Using QuadricMeshReduction for automatic static mesh reduction
[2018.07.22-17.52.09:682][  0]LogMeshReduction: No automatic skeletal mesh reduction module available
[2018.07.22-17.52.09:682][  0]LogMeshReduction: No automatic mesh merging module available
[2018.07.22-17.52.09:682][  0]LogMeshMerging: No automatic mesh merging module available
[2018.07.22-17.52.09:752][  0]LogNetVersion: FPBG , NetCL: 3944462, EngineNetVer: 2, GameNetVer: 0 (Checksum: 1413110598)
[2018.07.22-17.52.11:054][  0]LogMoviePlayer: Initializing movie player
[2018.07.22-17.52.11:640][  0]LogTcpMessaging: Initializing TcpMessaging bridge
[2018.07.22-17.52.11:698][  0]LogUdpMessaging: Initializing bridge on interface 0.0.0.0:0 to multicast group 230.0.0.1:6666.
[2018.07.22-17.52.12:233][  0]SourceControl: Source control is disabled
[2018.07.22-17.52.12:233][  0]SourceControl: Source control is disabled
[2018.07.22-17.52.12:279][  0]SourceControl: Source control is disabled
[2018.07.22-17.52.13:017][  0]LogAndroidPermission: UAndroidPermissionCallbackProxy::GetInstance
[2018.07.22-17.52.13:383][  0]LogOcInput: OculusInput pre-init called
[2018.07.22-17.52.13:493][  0]LogUObjectArray: 40131 objects as part of root set at end of initial load.
[2018.07.22-17.52.13:493][  0]LogUObjectAllocator: 8578480 out of 0 bytes used by permanent object pool.
[2018.07.22-17.52.13:493][  0]LogUObjectArray: CloseDisregardForGC: 0/0 objects in disregard for GC pool
[2018.07.22-17.52.13:582][  0]LogEngine: Initializing Engine...
[2018.07.22-17.52.13:585][  0]LogHMD: Failed to initialize OpenVR with code 110
[2018.07.22-17.52.13:599][  0]LogStats: UGameplayTagsManager::ConstructGameplayTagTree: Construct from data asset -  0.000 s
[2018.07.22-17.52.13:599][  0]LogStats: UGameplayTagsManager::ConstructGameplayTagTree: GameplayTagTreeChangedEvent.Broadcast -  0.000 s
[2018.07.22-17.52.14:042][  0]LogInit: XAudio2 using 'Speakers (High Definition Audio Device)' : 2 channels at 48 kHz using 16 bits per sample (channel mask 0x3)
[2018.07.22-17.52.14:087][  0]LogInit: FAudioDevice initialized.
[2018.07.22-17.52.14:176][  0]LogInit: Texture streaming: Enabled
[2018.07.22-17.52.14:391][  0]LogUObjectGlobals: Created PersistentFrame Addr=0x0000024953a3ae80, Size=600, Default__GameInfoInstance_C Function /Game/Blueprints/AllLevels/GameInfoInstance.GameInfoInstance_C:ExecuteUbergraph_GameInfoInstance
[2018.07.22-17.52.14:402][  0]LogUObjectGlobals: Created PersistentFrame Addr=0x00000249486353f0, Size=40, Default__ErrorDialog_C Function /Game/UI/MainMenu/ErrorDialog.ErrorDialog_C:ExecuteUbergraph_ErrorDialog
[2018.07.22-17.52.14:419][  0]LogUObjectGlobals: Created PersistentFrame Addr=0x000002495facdb40, Size=96, Default__HostMenu_C Function /Game/UI/MainMenu/HostMenu.HostMenu_C:ExecuteUbergraph_HostMenu
[2018.07.22-17.52.14:430][  0]LogUObjectGlobals: Created PersistentFrame Addr=0x0000024953a0e6c0, Size=64, Default__MainMenu_C Function /Game/UI/MainMenu/MainMenu.MainMenu_C:ExecuteUbergraph_MainMenu
[2018.07.22-17.52.14:470][  0]LogUObjectGlobals: Created PersistentFrame Addr=0x00000249539f6b70, Size=104, Default__OptionsMenu_C Function /Game/UI/MainMenu/OptionsMenu.OptionsMenu_C:ExecuteUbergraph_OptionsMenu
[2018.07.22-17.52.14:484][  0]LogUObjectGlobals: Created PersistentFrame Addr=0x00000249539b7100, Size=608, Default__ServerMenu_C Function /Game/UI/MainMenu/ServerMenu.ServerMenu_C:ExecuteUbergraph_ServerMenu
[2018.07.22-17.52.14:581][  0]LogUObjectGlobals: Destroyed PersistentFrame Addr=0x0000024953a3ae80, Size=600
[2018.07.22-17.52.14:581][  0]LogUObjectGlobals: Created PersistentFrame Addr=0x0000024951f3f380, Size=600, Default__GameInfoInstance_C Function /Engine/Transient.REINST_GameInfoInstance_C_2:ExecuteUbergraph_GameInfoInstance
[2018.07.22-17.52.14:582][  0]LogUObjectGlobals: Destroyed PersistentFrame Addr=0x00000249486353f0, Size=40
[2018.07.22-17.52.14:582][  0]LogUObjectGlobals: Created PersistentFrame Addr=0x0000024954011dc8, Size=40, Default__ErrorDialog_C Function /Engine/Transient.REINST_ErrorDialog_C_0:ExecuteUbergraph_ErrorDialog
[2018.07.22-17.52.14:582][  0]LogUObjectGlobals: Destroyed PersistentFrame Addr=0x000002495facdb40, Size=96
[2018.07.22-17.52.14:582][  0]LogUObjectGlobals: Created PersistentFrame Addr=0x0000024951ec7e80, Size=96, Default__HostMenu_C Function /Engine/Transient.REINST_HostMenu_C_1:ExecuteUbergraph_HostMenu
[2018.07.22-17.52.14:583][  0]LogUObjectGlobals: Destroyed PersistentFrame Addr=0x0000024953a0e6c0, Size=64
[2018.07.22-17.52.14:583][  0]LogUObjectGlobals: Created PersistentFrame Addr=0x0000024951f4cb00, Size=64, Default__MainMenu_C Function /Engine/Transient.REINST_MainMenu_C_3:ExecuteUbergraph_MainMenu
[2018.07.22-17.52.14:584][  0]LogUObjectGlobals: Destroyed PersistentFrame Addr=0x00000249539f6b70, Size=104
[2018.07.22-17.52.14:584][  0]LogUObjectGlobals: Created PersistentFrame Addr=0x0000024951f58170, Size=104, Default__OptionsMenu_C Function /Engine/Transient.REINST_OptionsMenu_C_4:ExecuteUbergraph_OptionsMenu
[2018.07.22-17.52.14:585][  0]LogUObjectGlobals: Destroyed PersistentFrame Addr=0x00000249539b7100, Size=608
[2018.07.22-17.52.14:585][  0]LogUObjectGlobals: Created PersistentFrame Addr=0x0000024951f3ee80, Size=608, Default__ServerMenu_C Function /Engine/Transient.REINST_ServerMenu_C_5:ExecuteUbergraph_ServerMenu
[2018.07.22-17.52.14:652][  0]LogUObjectGlobals: Created PersistentFrame Addr=0x0000024952ab0900, Size=608, Default__GameInfoInstance_C Function /Game/Blueprints/AllLevels/GameInfoInstance.GameInfoInstance_C:ExecuteUbergraph_GameInfoInstance
[2018.07.22-17.52.14:655][  0]LogUObjectGlobals: Created PersistentFrame Addr=0x00000249540126b0, Size=40, Default__ErrorDialog_C Function /Game/UI/MainMenu/ErrorDialog.ErrorDialog_C:ExecuteUbergraph_ErrorDialog
[2018.07.22-17.52.14:658][  0]LogUObjectGlobals: Created PersistentFrame Addr=0x0000024952b3ce20, Size=96, Default__HostMenu_C Function /Game/UI/MainMenu/HostMenu.HostMenu_C:ExecuteUbergraph_HostMenu
[2018.07.22-17.52.14:661][  0]LogUObjectGlobals: Created PersistentFrame Addr=0x0000024951f40410, Size=56, Default__MainMenu_C Function /Game/UI/MainMenu/MainMenu.MainMenu_C:ExecuteUbergraph_MainMenu
[2018.07.22-17.52.14:665][  0]LogUObjectGlobals: Created PersistentFrame Addr=0x00000249529e6390, Size=104, Default__OptionsMenu_C Function /Game/UI/MainMenu/OptionsMenu.OptionsMenu_C:ExecuteUbergraph_OptionsMenu
[2018.07.22-17.52.14:671][  0]LogUObjectGlobals: Created PersistentFrame Addr=0x0000024952a22c00, Size=592, Default__ServerMenu_C Function /Game/UI/MainMenu/ServerMenu.ServerMenu_C:ExecuteUbergraph_ServerMenu
[2018.07.22-17.52.14:734][  0]LogInit: Display: Game Engine Initialized.
[2018.07.22-17.52.14:734][  0]LogGameplayTags: Display: UGameplayTagsManager::DoneAddingNativeTags. DelegateIsBound: 0
[2018.07.22-17.52.14:734][  0]LogStats: UGameplayTagsManager::ConstructGameplayTagTree: Construct from data asset -  0.000 s
[2018.07.22-17.52.14:734][  0]LogStats: UGameplayTagsManager::ConstructGameplayTagTree: GameplayTagTreeChangedEvent.Broadcast -  0.000 s
[2018.07.22-17.52.14:987][  0]LogInit: Display: Starting Game.
[2018.07.22-17.52.14:987][  0]LogNet: Browse: /Game/Maps/MainMenu?Name=Player
[2018.07.22-17.52.14:988][  0]LogLoad: LoadMap: /Game/Maps/MainMenu?Name=Player
[2018.07.22-17.52.15:012][  0]LogUObjectGlobals: Destroyed PersistentFrame Addr=0x0000024951f3f380, Size=600
[2018.07.22-17.52.15:012][  0]LogUObjectGlobals: Destroyed PersistentFrame Addr=0x0000024954011dc8, Size=40
[2018.07.22-17.52.15:012][  0]LogUObjectGlobals: Destroyed PersistentFrame Addr=0x0000024951ec7e80, Size=96
[2018.07.22-17.52.15:012][  0]LogUObjectGlobals: Destroyed PersistentFrame Addr=0x0000024951f4cb00, Size=64
[2018.07.22-17.52.15:012][  0]LogUObjectGlobals: Destroyed PersistentFrame Addr=0x0000024951f58170, Size=104
[2018.07.22-17.52.15:012][  0]LogUObjectGlobals: Destroyed PersistentFrame Addr=0x0000024951f3ee80, Size=608
[2018.07.22-17.52.15:018][  0]LogUObjectGlobals: Created PersistentFrame Addr=0x0000024952a97d60, Size=32, Default__MainMenu_C Function /Game/Maps/MainMenu.MainMenu_C:ExecuteUbergraph_MainMenu
[2018.07.22-17.52.15:019][  0]LogUObjectGlobals: Destroyed PersistentFrame Addr=0x0000024952a97d60, Size=32
[2018.07.22-17.52.15:020][  0]LogUObjectGlobals: Created PersistentFrame Addr=0x0000024952a97d60, Size=32, Default__MainMenu_C Function /Engine/Transient.REINST_MainMenu_C_13:ExecuteUbergraph_MainMenu
[2018.07.22-17.52.15:021][  0]LogUObjectGlobals: Created PersistentFrame Addr=0x0000024952a97a20, Size=32, Default__MainMenu_C Function /Game/Maps/MainMenu.MainMenu_C:ExecuteUbergraph_MainMenu
[2018.07.22-17.52.15:043][  0]LogAIModule: Creating AISystem for world MainMenu
[2018.07.22-17.52.15:067][  0]LogUObjectGlobals: Created PersistentFrame Addr=0x0000024951f64400, Size=688, Default__FirstPersonCharacter_C Function /Game/FirstPersonBP/Blueprints/FirstPersonCharacter.FirstPersonCharacter_C:ExecuteUbergraph_FirstPersonCharacter
[2018.07.22-17.52.15:070][  0]LogUObjectGlobals: Created PersistentFrame Addr=0x0000024952a38f00, Size=256, Default__FirstPersonProjectile_C Function /Game/FirstPersonBP/Blueprints/FirstPersonProjectile.FirstPersonProjectile_C:ExecuteUbergraph_FirstPersonProjectile
[2018.07.22-17.52.15:091][  0]LogUObjectGlobals: Created PersistentFrame Addr=0x0000024951e22200, Size=72, Default__FirstPerson_AnimBP_C Function /Game/FirstPerson/Animations/FirstPerson_AnimBP.FirstPerson_AnimBP_C:ExecuteUbergraph_FirstPerson_AnimBP
[2018.07.22-17.52.15:148][  0]LogUObjectGlobals: Created PersistentFrame Addr=0x00000249529fa048, Size=52, Default__FirstPersonHUD_C Function /Game/FirstPersonBP/Blueprints/FirstPersonHUD.FirstPersonHUD_C:ExecuteUbergraph_FirstPersonHUD
[2018.07.22-17.52.15:167][  0]LogUObjectGlobals: Destroyed PersistentFrame Addr=0x0000024951e22200, Size=72
[2018.07.22-17.52.15:167][  0]LogUObjectGlobals: Created PersistentFrame Addr=0x0000024952bf1b70, Size=72, Default__FirstPerson_AnimBP_C Function /Engine/Transient.REINST_FirstPerson_AnimBP_C_0:ExecuteUbergraph_FirstPerson_AnimBP
[2018.07.22-17.52.15:168][  0]LogUObjectGlobals: Destroyed PersistentFrame Addr=0x0000024952a38f00, Size=256
[2018.07.22-17.52.15:168][  0]LogUObjectGlobals: Created PersistentFrame Addr=0x0000024952a03a00, Size=256, Default__FirstPersonProjectile_C Function /Engine/Transient.REINST_FirstPersonProjectile_C_15:ExecuteUbergraph_FirstPersonProjectile
[2018.07.22-17.52.15:168][  0]LogUObjectGlobals: Destroyed PersistentFrame Addr=0x00000249529fa048, Size=52
[2018.07.22-17.52.15:168][  0]LogUObjectGlobals: Created PersistentFrame Addr=0x00000249529fa048, Size=52, Default__FirstPersonHUD_C Function /Engine/Transient.REINST_FirstPersonHUD_C_16:ExecuteUbergraph_FirstPersonHUD
[2018.07.22-17.52.15:170][  0]LogUObjectGlobals: Destroyed PersistentFrame Addr=0x0000024951f64400, Size=688
[2018.07.22-17.52.15:170][  0]LogUObjectGlobals: Created PersistentFrame Addr=0x000002495396ba00, Size=688, Default__FirstPersonCharacter_C Function /Engine/Transient.REINST_FirstPersonCharacter_C_17:ExecuteUbergraph_FirstPersonCharacter
[2018.07.22-17.52.15:204][  0]LogUObjectGlobals: Created PersistentFrame Addr=0x0000024953980ec0, Size=64, Default__FirstPerson_AnimBP_C Function /Game/FirstPerson/Animations/FirstPerson_AnimBP.FirstPerson_AnimBP_C:ExecuteUbergraph_FirstPerson_AnimBP
[2018.07.22-17.52.15:205][  0]LogUObjectGlobals: Created PersistentFrame Addr=0x00000249529b2e00, Size=256, Default__FirstPersonProjectile_C Function /Game/FirstPersonBP/Blueprints/FirstPersonProjectile.FirstPersonProjectile_C:ExecuteUbergraph_FirstPersonProjectile
[2018.07.22-17.52.15:207][  0]LogUObjectGlobals: Created PersistentFrame Addr=0x0000024951f41830, Size=52, Default__FirstPersonHUD_C Function /Game/FirstPersonBP/Blueprints/FirstPersonHUD.FirstPersonHUD_C:ExecuteUbergraph_FirstPersonHUD
[2018.07.22-17.52.15:211][  0]LogUObjectGlobals: Created PersistentFrame Addr=0x000002495ff28400, Size=688, Default__FirstPersonCharacter_C Function /Game/FirstPersonBP/Blueprints/FirstPersonCharacter.FirstPersonCharacter_C:ExecuteUbergraph_FirstPersonCharacter
[2018.07.22-17.52.15:405][  0]LogSkeletalMesh: Skeletal Mesh found in DDC [7.399845ms] /Game/FirstPerson/FPWeapon/Mesh/SK_FPGun.SK_FPGun
[2018.07.22-17.52.15:422][  0]LogSkeletalMesh: Skeletal Mesh found in DDC [13.719834ms] /Game/FirstPerson/Character/Mesh/SK_Mannequin_Arms.SK_Mannequin_Arms
[2018.07.22-17.52.15:455][  0]LogLoad: Game class is 'FirstPersonGameMode_C'
[2018.07.22-17.52.15:457][  0]LogWorld: Bringing World /Game/Maps/MainMenu.MainMenu up for play (max tick rate 0) at 2018.07.22-18.52.15
[2018.07.22-17.52.15:457][  0]LogWorld: Bringing up level for play took: 0.000898
[2018.07.22-17.52.15:458][  0]LogGameMode: FindPlayerStart: PATHS NOT DEFINED or NO PLAYERSTART with positive rating
[2018.07.22-17.52.15:472][  0]LogLoad: Took 0.483861 seconds to LoadMap(/Game/Maps/MainMenu)
[2018.07.22-17.52.15:547][  0]LogLoad: (Engine Initialization) Total time: 17.20 seconds
[2018.07.22-17.52.15:547][  0]LogLoad: (Engine Initialization) Total Blueprint compile time: 0.00 seconds
[2018.07.22-17.52.15:667][  0]LogRenderer: Reallocating scene render targets to support 1280x720 Format 10 NumSamples 1 (Frame:1).
[2018.07.22-17.52.15:723][  0]LogWindowsTextInputMethodSystem: Display: IME system now deactivated.
[2018.07.22-17.52.15:729][  0]LogContentStreaming: Texture pool size now 1000 MB
[2018.07.22-17.52.17:361][ 78]LogSlate: Took 0.000751 seconds to synchronously load lazily loaded font '../../../Engine/Content/Slate/Fonts/Roboto-Regular.ttf' (155K)
[2018.07.22-17.52.18:112][125]LogSlate: FSceneViewport::OnFocusLost() reason 0
[2018.07.22-17.52.18:903][174]LogNetVersion: FPBG 1.0.0.0, NetCL: 3944462, EngineNetVer: 2, GameNetVer: 0 (Checksum: 272724767)
[2018.07.22-17.52.19:118][174]LogPackageName: SearchForPackageOnDisk took   0.214s to resolve Lobby.umap.
[2018.07.22-17.52.19:320][174]LogPackageName: SearchForPackageOnDisk took   0.200s to resolve Lobby.umap.
[2018.07.22-17.52.19:320][174]LogNet: Browse: /Game/Maps/Lobby?listen
[2018.07.22-17.52.19:320][174]LogLoad: LoadMap: /Game/Maps/Lobby?listen
[2018.07.22-17.52.19:354][174]LogUObjectGlobals: Destroyed PersistentFrame Addr=0x00000249529fa048, Size=52
[2018.07.22-17.52.19:354][174]LogUObjectGlobals: Destroyed PersistentFrame Addr=0x0000024952bf1b70, Size=72
[2018.07.22-17.52.19:354][174]LogUObjectGlobals: Destroyed PersistentFrame Addr=0x0000024952a03a00, Size=256
[2018.07.22-17.52.19:354][174]LogUObjectGlobals: Destroyed PersistentFrame Addr=0x000002495396ba00, Size=688
[2018.07.22-17.52.19:354][174]LogUObjectGlobals: Destroyed PersistentFrame Addr=0x0000024952a97a20, Size=32
[2018.07.22-17.52.19:354][174]LogUObjectGlobals: Destroyed PersistentFrame Addr=0x0000024952a97d60, Size=32
[2018.07.22-17.52.19:355][174]LogUObjectGlobals: Destroyed PersistentFrame Addr=0x0000024953980ec0, Size=64
[2018.07.22-17.52.19:355][174]LogUObjectGlobals: Destroyed PersistentFrame Addr=0x00000249529b2e00, Size=256
[2018.07.22-17.52.19:355][174]LogUObjectGlobals: Destroyed PersistentFrame Addr=0x0000024951f41830, Size=52
[2018.07.22-17.52.19:356][174]LogUObjectGlobals: Destroyed PersistentFrame Addr=0x000002495ff28400, Size=688
[2018.07.22-17.52.19:524][174]LogUObjectGlobals: Created PersistentFrame Addr=0x0000024953968a00, Size=768, Default__LobbyGM_C Function /Game/Blueprints/Lobby/LobbyGM.LobbyGM_C:ExecuteUbergraph_LobbyGM
[2018.07.22-17.52.19:529][174]LogUObjectGlobals: Created PersistentFrame Addr=0x0000024953969900, Size=688, Default__0_Base_C Function /Game/Blueprints/Characters/0_Base.0_Base_C:ExecuteUbergraph_0_Base
[2018.07.22-17.52.19:532][174]LogUObjectGlobals: Created PersistentFrame Addr=0x0000024951ef8e00, Size=256, Default__FirstPersonProjectile_C Function /Game/FirstPersonBP/Blueprints/FirstPersonProjectile.FirstPersonProjectile_C:ExecuteUbergraph_FirstPersonProjectile
[2018.07.22-17.52.19:551][174]LogUObjectGlobals: Created PersistentFrame Addr=0x0000024952a28310, Size=72, Default__FirstPerson_AnimBP_C Function /Game/FirstPerson/Animations/FirstPerson_AnimBP.FirstPerson_AnimBP_C:ExecuteUbergraph_FirstPerson_AnimBP
[2018.07.22-17.52.19:607][174]LogUObjectGlobals: Created PersistentFrame Addr=0x0000024951e47900, Size=880, Default__LobbyPC_C Function /Game/Blueprints/Lobby/LobbyPC.LobbyPC_C:ExecuteUbergraph_LobbyPC
[2018.07.22-17.52.19:624][174]LogUObjectGlobals: Created PersistentFrame Addr=0x0000024952b7df80, Size=320, Default__LobbyMenu_C Function /Game/UI/Lobby/LobbyMenu.LobbyMenu_C:ExecuteUbergraph_LobbyMenu
[2018.07.22-17.52.19:639][174]LogUObjectGlobals: Created PersistentFrame Addr=0x0000024952b7c7c0, Size=320, Default__ChatWindow_C Function /Game/UI/AllLevels/ChatWindow.ChatWindow_C:ExecuteUbergraph_ChatWindow
[2018.07.22-17.52.19:643][174]LogUObjectGlobals: Created PersistentFrame Addr=0x0000024952b98b80, Size=336, Default__GameplayPC_C Function /Game/Blueprints/Gameplay/GameplayPC.GameplayPC_C:ExecuteUbergraph_GameplayPC
[2018.07.22-17.52.19:647][174]LogUObjectGlobals: Created PersistentFrame Addr=0x0000024951e3f3c0, Size=224, Default__GameplayGM_C Function /Game/Blueprints/Gameplay/GameplayGM.GameplayGM_C:ExecuteUbergraph_GameplayGM
[2018.07.22-17.52.19:670][174]LogUObjectGlobals: Created PersistentFrame Addr=0x000002496bbfcd10, Size=80, Default__CharacterSelect_C Function /Game/UI/Lobby/CharacterSelect.CharacterSelect_C:ExecuteUbergraph_CharacterSelect
[2018.07.22-17.52.19:683][174]LogUObjectGlobals: Created PersistentFrame Addr=0x00000249529a9240, Size=192, Default__GameSettings_C Function /Game/UI/Lobby/GameSettings.GameSettings_C:ExecuteUbergraph_GameSettings
[2018.07.22-17.52.19:686][174]LogUObjectGlobals: Created PersistentFrame Addr=0x0000024952b03520, Size=32, Default__PlayerButton_C Function /Game/UI/Lobby/PlayerButton.PlayerButton_C:ExecuteUbergraph_PlayerButton
[2018.07.22-17.52.19:741][174]LogUObjectGlobals: Created PersistentFrame Addr=0x000002496b831258, Size=4, Default__ConnectedPlayer_C Function /Game/UI/Lobby/ConnectedPlayer.ConnectedPlayer_C:ExecuteUbergraph_ConnectedPlayer
[2018.07.22-17.52.19:774][174]LogUObjectGlobals: Created PersistentFrame Addr=0x000002495fe85c00, Size=688, Default__Character_1_C Function /Game/Blueprints/Characters/0_Base.0_Base_C:ExecuteUbergraph_0_Base
[2018.07.22-17.52.19:779][174]LogUObjectGlobals: Created PersistentFrame Addr=0x000002495fe84400, Size=688, Default__Character_2_C Function /Game/Blueprints/Characters/0_Base.0_Base_C:ExecuteUbergraph_0_Base
[2018.07.22-17.52.19:784][174]LogUObjectGlobals: Created PersistentFrame Addr=0x000002495ff29900, Size=688, Default__Character_3_C Function /Game/Blueprints/Characters/0_Base.0_Base_C:ExecuteUbergraph_0_Base
[2018.07.22-17.52.19:790][174]LogUObjectGlobals: Created PersistentFrame Addr=0x000002495ff2ab00, Size=688, Default__Character_4_C Function /Game/Blueprints/Characters/0_Base.0_Base_C:ExecuteUbergraph_0_Base
[2018.07.22-17.52.19:794][174]LogUObjectGlobals: Created PersistentFrame Addr=0x000002495ff2b400, Size=688, Default__Character_5_C Function /Game/Blueprints/Characters/0_Base.0_Base_C:ExecuteUbergraph_0_Base
[2018.07.22-17.52.19:799][174]LogUObjectGlobals: Created PersistentFrame Addr=0x000002495ff28d00, Size=688, Default__Character_6_C Function /Game/Blueprints/Characters/0_Base.0_Base_C:ExecuteUbergraph_0_Base
[2018.07.22-17.52.19:878][174]LogUObjectGlobals: Destroyed PersistentFrame Addr=0x0000024952a28310, Size=72
[2018.07.22-17.52.19:878][174]LogUObjectGlobals: Created PersistentFrame Addr=0x00000249549ccb30, Size=72, Default__FirstPerson_AnimBP_C Function /Engine/Transient.REINST_FirstPerson_AnimBP_C_1:ExecuteUbergraph_FirstPerson_AnimBP
[2018.07.22-17.52.19:879][174]LogUObjectGlobals: Destroyed PersistentFrame Addr=0x0000024951ef8e00, Size=256
[2018.07.22-17.52.19:879][174]LogUObjectGlobals: Created PersistentFrame Addr=0x0000024952b5cc00, Size=256, Default__FirstPersonProjectile_C Function /Engine/Transient.REINST_FirstPersonProjectile_C_27:ExecuteUbergraph_FirstPersonProjectile
[2018.07.22-17.52.19:880][174]LogUObjectGlobals: Destroyed PersistentFrame Addr=0x0000024953969900, Size=688
[2018.07.22-17.52.19:880][174]LogUObjectGlobals: Created PersistentFrame Addr=0x000002496ba6b100, Size=688, Default__0_Base_C Function /Engine/Transient.REINST_0_Base_C_28:ExecuteUbergraph_0_Base
[2018.07.22-17.52.19:881][174]LogUObjectGlobals: Destroyed PersistentFrame Addr=0x000002496bbfcd10, Size=80
[2018.07.22-17.52.19:881][174]LogUObjectGlobals: Created PersistentFrame Addr=0x0000024952acf560, Size=80, Default__CharacterSelect_C Function /Engine/Transient.REINST_CharacterSelect_C_6:ExecuteUbergraph_CharacterSelect
[2018.07.22-17.52.19:882][174]LogUObjectGlobals: Destroyed PersistentFrame Addr=0x0000024952b7c7c0, Size=320
[2018.07.22-17.52.19:882][174]LogUObjectGlobals: Created PersistentFrame Addr=0x000002495ff1a480, Size=320, Default__ChatWindow_C Function /Engine/Transient.REINST_ChatWindow_C_8:ExecuteUbergraph_ChatWindow
[2018.07.22-17.52.19:882][174]LogUObjectGlobals: Destroyed PersistentFrame Addr=0x000002496b831258, Size=4
[2018.07.22-17.52.19:882][174]LogUObjectGlobals: Created PersistentFrame Addr=0x0000024951ec8868, Size=4, Default__ConnectedPlayer_C Function /Engine/Transient.REINST_ConnectedPlayer_C_9:ExecuteUbergraph_ConnectedPlayer
[2018.07.22-17.52.19:883][174]LogUObjectGlobals: Destroyed PersistentFrame Addr=0x0000024952b98b80, Size=336
[2018.07.22-17.52.19:883][174]LogUObjectGlobals: Created PersistentFrame Addr=0x000002496ba7b580, Size=336, Default__GameplayPC_C Function /Engine/Transient.REINST_GameplayPC_C_29:ExecuteUbergraph_GameplayPC
[2018.07.22-17.52.19:884][174]LogUObjectGlobals: Destroyed PersistentFrame Addr=0x00000249529a9240, Size=192
[2018.07.22-17.52.19:884][174]LogUObjectGlobals: Created PersistentFrame Addr=0x00000249521b9a80, Size=192, Default__GameSettings_C Function /Engine/Transient.REINST_GameSettings_C_11:ExecuteUbergraph_GameSettings
[2018.07.22-17.52.19:885][174]LogUObjectGlobals: Destroyed PersistentFrame Addr=0x0000024952b7df80, Size=320
[2018.07.22-17.52.19:885][174]LogUObjectGlobals: Created PersistentFrame Addr=0x000002495ff19440, Size=320, Default__LobbyMenu_C Function /Engine/Transient.REINST_LobbyMenu_C_12:ExecuteUbergraph_LobbyMenu
[2018.07.22-17.52.19:887][174]LogUObjectGlobals: Destroyed PersistentFrame Addr=0x0000024951e47900, Size=880
[2018.07.22-17.52.19:887][174]LogUObjectGlobals: Created PersistentFrame Addr=0x000002496ba9fc80, Size=880, Default__LobbyPC_C Function /Engine/Transient.REINST_LobbyPC_C_30:ExecuteUbergraph_LobbyPC
[2018.07.22-17.52.19:888][174]LogUObjectGlobals: Destroyed PersistentFrame Addr=0x0000024952b03520, Size=32
[2018.07.22-17.52.19:888][174]LogUObjectGlobals: Created PersistentFrame Addr=0x000002496baa7fc0, Size=32, Default__PlayerButton_C Function /Engine/Transient.REINST_PlayerButton_C_13:ExecuteUbergraph_PlayerButton
[2018.07.22-17.52.19:888][174]LogUObjectGlobals: Destroyed PersistentFrame Addr=0x000002495fe85c00, Size=688
[2018.07.22-17.52.19:888][174]LogUObjectGlobals: Created PersistentFrame Addr=0x000002496ba8ab00, Size=688, Default__Character_1_C Function /Engine/Transient.REINST_0_Base_C_28:ExecuteUbergraph_0_Base
[2018.07.22-17.52.19:888][174]LogUObjectGlobals: Destroyed PersistentFrame Addr=0x000002495fe84400, Size=688
[2018.07.22-17.52.19:888][174]LogUObjectGlobals: Created PersistentFrame Addr=0x000002496ba8a800, Size=688, Default__Character_2_C Function /Engine/Transient.REINST_0_Base_C_28:ExecuteUbergraph_0_Base
[2018.07.22-17.52.19:888][174]LogUObjectGlobals: Destroyed PersistentFrame Addr=0x000002495ff29900, Size=688
[2018.07.22-17.52.19:888][174]LogUObjectGlobals: Created PersistentFrame Addr=0x000002496ba8a200, Size=688, Default__Character_3_C Function /Engine/Transient.REINST_0_Base_C_28:ExecuteUbergraph_0_Base
[2018.07.22-17.52.19:889][174]LogUObjectGlobals: Destroyed PersistentFrame Addr=0x000002495ff2ab00, Size=688
[2018.07.22-17.52.19:889][174]LogUObjectGlobals: Created PersistentFrame Addr=0x000002496ba89c00, Size=688, Default__Character_4_C Function /Engine/Transient.REINST_0_Base_C_28:ExecuteUbergraph_0_Base
[2018.07.22-17.52.19:889][174]LogUObjectGlobals: Destroyed PersistentFrame Addr=0x000002495ff2b400, Size=688
[2018.07.22-17.52.19:889][174]LogUObjectGlobals: Created PersistentFrame Addr=0x000002496ba89900, Size=688, Default__Character_5_C Function /Engine/Transient.REINST_0_Base_C_28:ExecuteUbergraph_0_Base
[2018.07.22-17.52.19:889][174]LogUObjectGlobals: Destroyed PersistentFrame Addr=0x000002495ff28d00, Size=688
[2018.07.22-17.52.19:889][174]LogUObjectGlobals: Created PersistentFrame Addr=0x000002496ba89600, Size=688, Default__Character_6_C Function /Engine/Transient.REINST_0_Base_C_28:ExecuteUbergraph_0_Base
[2018.07.22-17.52.19:890][174]LogUObjectGlobals: Destroyed PersistentFrame Addr=0x0000024951e3f3c0, Size=224
[2018.07.22-17.52.19:890][174]LogUObjectGlobals: Created PersistentFrame Addr=0x000002496baaaf60, Size=224, Default__GameplayGM_C Function /Engine/Transient.REINST_GameplayGM_C_37:ExecuteUbergraph_GameplayGM
[2018.07.22-17.52.19:891][174]LogUObjectGlobals: Destroyed PersistentFrame Addr=0x0000024953968a00, Size=768
[2018.07.22-17.52.19:891][174]LogUObjectGlobals: Created PersistentFrame Addr=0x000002496ba88a00, Size=768, Default__LobbyGM_C Function /Engine/Transient.REINST_LobbyGM_C_38:ExecuteUbergraph_LobbyGM
[2018.07.22-17.52.20:027][174]LogUObjectGlobals: Created PersistentFrame Addr=0x000002495622f2c0, Size=64, Default__FirstPerson_AnimBP_C Function /Game/FirstPerson/Animations/FirstPerson_AnimBP.FirstPerson_AnimBP_C:ExecuteUbergraph_FirstPerson_AnimBP
[2018.07.22-17.52.20:028][174]LogUObjectGlobals: Created PersistentFrame Addr=0x000002495620b800, Size=256, Default__FirstPersonProjectile_C Function /Game/FirstPersonBP/Blueprints/FirstPersonProjectile.FirstPersonProjectile_C:ExecuteUbergraph_FirstPersonProjectile
[2018.07.22-17.52.20:033][174]LogUObjectGlobals: Created PersistentFrame Addr=0x00000249562cd600, Size=688, Default__0_Base_C Function /Game/Blueprints/Characters/0_Base.0_Base_C:ExecuteUbergraph_0_Base
[2018.07.22-17.52.20:037][174]LogUObjectGlobals: Created PersistentFrame Addr=0x00000249561f93f0, Size=80, Default__CharacterSelect_C Function /Game/UI/Lobby/CharacterSelect.CharacterSelect_C:ExecuteUbergraph_CharacterSelect
[2018.07.22-17.52.20:040][174]LogUObjectGlobals: Created PersistentFrame Addr=0x00000249562b4cc0, Size=320, Default__ChatWindow_C Function /Game/UI/AllLevels/ChatWindow.ChatWindow_C:ExecuteUbergraph_ChatWindow
[2018.07.22-17.52.20:041][174]LogUObjectGlobals: Created PersistentFrame Addr=0x0000024956337190, Size=4, Default__ConnectedPlayer_C Function /Game/UI/Lobby/ConnectedPlayer.ConnectedPlayer_C:ExecuteUbergraph_ConnectedPlayer
[2018.07.22-17.52.20:045][174]LogUObjectGlobals: Created PersistentFrame Addr=0x000002495619bd00, Size=344, Default__GameplayPC_C Function /Game/Blueprints/Gameplay/GameplayPC.GameplayPC_C:ExecuteUbergraph_GameplayPC
[2018.07.22-17.52.20:050][174]LogUObjectGlobals: Created PersistentFrame Addr=0x000002495617e740, Size=192, Default__GameSettings_C Function /Game/UI/Lobby/GameSettings.GameSettings_C:ExecuteUbergraph_GameSettings
[2018.07.22-17.52.20:057][174]LogUObjectGlobals: Created PersistentFrame Addr=0x00000249562b4540, Size=320, Default__LobbyMenu_C Function /Game/UI/Lobby/LobbyMenu.LobbyMenu_C:ExecuteUbergraph_LobbyMenu
[2018.07.22-17.52.20:066][174]LogUObjectGlobals: Created PersistentFrame Addr=0x0000024957122400, Size=880, Default__LobbyPC_C Function /Game/Blueprints/Lobby/LobbyPC.LobbyPC_C:ExecuteUbergraph_LobbyPC
[2018.07.22-17.52.20:068][174]LogUObjectGlobals: Created PersistentFrame Addr=0x000002495712c0e0, Size=32, Default__PlayerButton_C Function /Game/UI/Lobby/PlayerButton.PlayerButton_C:ExecuteUbergraph_PlayerButton
[2018.07.22-17.52.20:069][174]LogUObjectGlobals: Created PersistentFrame Addr=0x000002496bfa1000, Size=688, Default__Character_1_C Function /Game/Blueprints/Characters/0_Base.0_Base_C:ExecuteUbergraph_0_Base
[2018.07.22-17.52.20:069][174]LogUObjectGlobals: Created PersistentFrame Addr=0x000002496bfa2e00, Size=688, Default__Character_2_C Function /Game/Blueprints/Characters/0_Base.0_Base_C:ExecuteUbergraph_0_Base
[2018.07.22-17.52.20:069][174]LogUObjectGlobals: Created PersistentFrame Addr=0x000002496bfa1f00, Size=688, Default__Character_3_C Function /Game/Blueprints/Characters/0_Base.0_Base_C:ExecuteUbergraph_0_Base
[2018.07.22-17.52.20:069][174]LogUObjectGlobals: Created PersistentFrame Addr=0x00000249570ab700, Size=688, Default__Character_4_C Function /Game/Blueprints/Characters/0_Base.0_Base_C:ExecuteUbergraph_0_Base
[2018.07.22-17.52.20:070][174]LogUObjectGlobals: Created PersistentFrame Addr=0x00000249570ab100, Size=688, Default__Character_5_C Function /Game/Blueprints/Characters/0_Base.0_Base_C:ExecuteUbergraph_0_Base
[2018.07.22-17.52.20:070][174]LogUObjectGlobals: Created PersistentFrame Addr=0x00000249570aae00, Size=688, Default__Character_6_C Function /Game/Blueprints/Characters/0_Base.0_Base_C:ExecuteUbergraph_0_Base
[2018.07.22-17.52.20:071][174]LogUObjectGlobals: Created PersistentFrame Addr=0x0000024956249600, Size=208, Default__GameplayGM_C Function /Game/Blueprints/Gameplay/GameplayGM.GameplayGM_C:ExecuteUbergraph_GameplayGM
[2018.07.22-17.52.20:081][174]LogUObjectGlobals: Created PersistentFrame Addr=0x0000024957120480, Size=784, Default__LobbyGM_C Function /Game/Blueprints/Lobby/LobbyGM.LobbyGM_C:ExecuteUbergraph_LobbyGM
[2018.07.22-17.52.20:435][174]LogSkeletalMesh: Skeletal Mesh found in DDC [11.075021ms] /Game/FirstPerson/Character/Mesh/SK_Mannequin_Arms.SK_Mannequin_Arms
[2018.07.22-17.52.20:448][174]LogSkeletalMesh: Skeletal Mesh found in DDC [8.015076ms] /Game/FirstPerson/FPWeapon/Mesh/SK_FPGun.SK_FPGun
[2018.07.22-17.52.20:479][174]LogAIModule: Creating AISystem for world Lobby
[2018.07.22-17.52.20:480][174]LogLoad: Game class is 'LobbyGM_C'
[2018.07.22-17.52.20:481][174]LogOnline: Warning: STEAM: Steamworks: SteamUtils() failed!
[2018.07.22-17.52.20:481][174]LogOnline: Warning: STEAM: Steamworks: SteamUser() failed!
[2018.07.22-17.52.20:481][174]LogOnline: Warning: STEAM: Steamworks: SteamFriends() failed!
[2018.07.22-17.52.20:481][174]LogOnline: Warning: STEAM: Steamworks: SteamRemoteStorage() failed!
[2018.07.22-17.52.20:481][174]LogOnline: Warning: STEAM: Steamworks: SteamUserStats() failed!
[2018.07.22-17.52.20:481][174]LogOnline: Warning: STEAM: Steamworks: SteamMatchmakingServers() failed!
[2018.07.22-17.52.20:481][174]LogOnline: Warning: STEAM: Steamworks: SteamApps() failed!
[2018.07.22-17.52.20:481][174]LogOnline: Warning: STEAM: Steamworks: SteamNetworking() failed!
[2018.07.22-17.52.20:482][174]LogOnline: Warning: STEAM: Steamworks: SteamMatchmaking() failed!
[2018.07.22-17.52.20:482][174]LogOnline: Display: STEAM: OnlineSubsystemSteam::Shutdown()
[2018.07.22-17.52.20:482][174]LogOnline: Warning: STEAM: Steam API failed to initialize!
[2018.07.22-17.52.20:482][174]LogOnline: Display: STEAM: OnlineSubsystemSteam::Shutdown()
[2018.07.22-17.52.20:483][174]LogTemp: Display: ParseSettings for GameNetDriver
[2018.07.22-17.52.20:483][174]LogTemp: Display: ParseSettings for IpNetDriver_0
[2018.07.22-17.52.20:483][174]LogTemp: Display: ParseSettings for GameNetDriver
[2018.07.22-17.52.20:483][174]LogInit: WinSock: Socket queue 131072 / 131072
[2018.07.22-17.52.20:484][174]PacketHandlerLog: Loaded PacketHandler component: Engine.EngineHandlerComponentFactory (StatelessConnectHandlerComponent)
[2018.07.22-17.52.20:484][174]LogNet: GameNetDriver IpNetDriver_0 IpNetDriver listening on port 7777
[2018.07.22-17.52.20:488][174]LogWorld: Bringing World /Game/Maps/Lobby.Lobby up for play (max tick rate 0) at 2018.07.22-18.52.20
[2018.07.22-17.52.20:488][174]LogWorld: Bringing up level for play took: 0.002896
[2018.07.22-17.52.20:510][174]LogGameMode: Display: Match State Changed from EnteringMap to WaitingToStart
[2018.07.22-17.52.20:510][174]LogGameState: Match State Changed from EnteringMap to WaitingToStart
[2018.07.22-17.52.20:510][174]LogGameMode: Display: Match State Changed from WaitingToStart to InProgress
[2018.07.22-17.52.20:510][174]LogGameState: Match State Changed from WaitingToStart to InProgress
[2018.07.22-17.52.20:511][174]LogLoad: Took 1.190689 seconds to LoadMap(/Game/Maps/Lobby)
[2018.07.22-17.52.22:219][247]LogSlate: FSceneViewport::OnFocusLost() reason 0
[2018.07.22-17.52.22:276][250]PIE: Warning: This widget does not support focus.  If this is a UserWidget, you should set bIsFocusable to true.
[2018.07.22-17.52.22:879][281]LogSlate: FSceneViewport::OnFocusLost() reason 0
[2018.07.22-17.52.24:658][373]LogGameMode: Display: Match State Changed from InProgress to LeavingMap
[2018.07.22-17.52.24:658][373]LogGameState: Match State Changed from InProgress to LeavingMap
[2018.07.22-17.52.24:663][373]LogGameMode: ProcessServerTravel: /Game/Maps/Map01
[2018.07.22-17.52.24:663][373]LogWorld: SeamlessTravel to: /Game/Maps/Map01
[2018.07.22-17.52.24:724][374]LogUObjectGlobals: Destroyed PersistentFrame Addr=0x000002496ba6b100, Size=688
[2018.07.22-17.52.24:724][374]LogUObjectGlobals: Destroyed PersistentFrame Addr=0x000002496ba88a00, Size=768
[2018.07.22-17.52.24:726][374]LogUObjectGlobals: Destroyed PersistentFrame Addr=0x0000024952b5cc00, Size=256
[2018.07.22-17.52.24:726][374]LogUObjectGlobals: Destroyed PersistentFrame Addr=0x00000249549ccb30, Size=72
[2018.07.22-17.52.24:726][374]LogUObjectGlobals: Destroyed PersistentFrame Addr=0x000002496ba9fc80, Size=880
[2018.07.22-17.52.24:726][374]LogUObjectGlobals: Destroyed PersistentFrame Addr=0x000002495ff19440, Size=320
[2018.07.22-17.52.24:726][374]LogUObjectGlobals: Destroyed PersistentFrame Addr=0x000002495ff1a480, Size=320
[2018.07.22-17.52.24:726][374]LogUObjectGlobals: Destroyed PersistentFrame Addr=0x000002496ba7b580, Size=336
[2018.07.22-17.52.24:726][374]LogUObjectGlobals: Destroyed PersistentFrame Addr=0x000002496baaaf60, Size=224
[2018.07.22-17.52.24:726][374]LogUObjectGlobals: Destroyed PersistentFrame Addr=0x0000024952acf560, Size=80
[2018.07.22-17.52.24:726][374]LogUObjectGlobals: Destroyed PersistentFrame Addr=0x00000249521b9a80, Size=192
[2018.07.22-17.52.24:726][374]LogUObjectGlobals: Destroyed PersistentFrame Addr=0x000002496baa7fc0, Size=32
[2018.07.22-17.52.24:726][374]LogUObjectGlobals: Destroyed PersistentFrame Addr=0x0000024951ec8868, Size=4
[2018.07.22-17.52.24:726][374]LogUObjectGlobals: Destroyed PersistentFrame Addr=0x000002496ba8ab00, Size=688
[2018.07.22-17.52.24:726][374]LogUObjectGlobals: Destroyed PersistentFrame Addr=0x000002496ba8a800, Size=688
[2018.07.22-17.52.24:726][374]LogUObjectGlobals: Destroyed PersistentFrame Addr=0x000002496ba8a200, Size=688
[2018.07.22-17.52.24:726][374]LogUObjectGlobals: Destroyed PersistentFrame Addr=0x000002496ba89c00, Size=688
[2018.07.22-17.52.24:726][374]LogUObjectGlobals: Destroyed PersistentFrame Addr=0x000002496ba89900, Size=688
[2018.07.22-17.52.24:726][374]LogUObjectGlobals: Destroyed PersistentFrame Addr=0x000002496ba89600, Size=688
[2018.07.22-17.52.24:733][374]LogAIModule: Creating AISystem for world TravelMap
[2018.07.22-17.52.24:735][374]LogStats:     SeamlessTravel FlushLevelStreaming  -  0.001 s
[2018.07.22-17.52.24:736][374]LogWorld: Bringing World /Game/Maps/TravelMap.TravelMap up for play (max tick rate 0) at 2018.07.22-18.52.24
[2018.07.22-17.52.24:736][374]LogWorld: Bringing up level for play took: 0.000661
[2018.07.22-17.52.24:736][374]LogWorld: Sending NotifyLoadedWorld for LP: LocalPlayer_0 PC: LobbyPC_C_0
[2018.07.22-17.52.24:736][374]LogNet: Verbose: NotifyLoadedWorld Begin
[2018.07.22-17.52.24:736][374]LogNet: VeryVerbose: GetFunctionCallspace Server calling Server function: ServerNotifyLoadedWorld Local
[2018.07.22-17.52.24:736][374]LogNet: Verbose: NotifyLoadedWorld End
[2018.07.22-17.52.24:736][374]LogWorld: StartLoadingDestination to: /Game/Maps/Map01
[2018.07.22-17.52.24:763][375]LogStreaming: Warning: FArchiveAsync2::PrecacheInternal Canceled read for ../../../../UE_Projects/FPBG/Content/Maps/Map01_BuiltData.uasset  Offset = 1151648   Size = 1048576
[2018.07.22-17.52.25:082][381]LogAIModule: Creating AISystem for world Map01
[2018.07.22-17.52.25:082][381]LogLoad: Game class is 'GameplayGM_C'
[2018.07.22-17.52.25:084][381]LogStats:     SeamlessTravel FlushLevelStreaming  -  0.001 s
[2018.07.22-17.52.25:088][381]LogWorld: Bringing World /Game/Maps/Map01.Map01 up for play (max tick rate 0) at 2018.07.22-18.52.25
[2018.07.22-17.52.25:088][381]LogWorld: Bringing up level for play took: 0.004598
[2018.07.22-17.52.25:089][381]LogWorld: Sending NotifyLoadedWorld for LP: LocalPlayer_0 PC: LobbyPC_C_0
[2018.07.22-17.52.25:089][381]LogNet: Verbose: NotifyLoadedWorld Begin
[2018.07.22-17.52.25:089][381]LogNet: VeryVerbose: GetFunctionCallspace Server calling Server function: ServerNotifyLoadedWorld Local
[2018.07.22-17.52.25:089][381]LogNet: Verbose: NotifyLoadedWorld End
[2018.07.22-17.52.25:089][381]LogWorld: ----SeamlessTravel finished in 0.43 seconds ------
[2018.07.22-17.52.25:089][381]LogGameMode: >> GameMode::HandleSeamlessTravelPlayer: LobbyPC_C_0 
[2018.07.22-17.52.25:090][381]LogGameMode: << GameMode::HandleSeamlessTravelPlayer: GameplayPC_C_0
[2018.07.22-17.52.25:090][381]LogGameMode: Display: Match State Changed from EnteringMap to WaitingToStart
[2018.07.22-17.52.25:090][381]LogGameState: Match State Changed from EnteringMap to WaitingToStart
[2018.07.22-17.52.25:090][381]LogGameMode: Display: Match State Changed from WaitingToStart to InProgress
[2018.07.22-17.52.25:099][381]LogGameState: Match State Changed from WaitingToStart to InProgress
[2018.07.22-17.52.27:579][502]LogSlate: FSceneViewport::OnFocusLost() reason 2
[2018.07.22-17.52.36:381][945]LogSlate: Window 'FPBG (64-bit, PCD3D_SM5) ' being destroyed
[2018.07.22-17.52.36:382][945]LogWindowsTextInputMethodSystem: Display: IME system now deactivated.
[2018.07.22-17.52.36:384][945]LogWindowsTextInputMethodSystem: Display: IME system now deactivated.
[2018.07.22-17.52.36:387][945]LogOnline: Warning: OSS: No game present to leave for session (GameSession)
[2018.07.22-17.52.36:388][945]LogEngine: All Windows Closed
[2018.07.22-17.52.36:388][945]LogWindows: FPlatformMisc::RequestExit(0)
[2018.07.22-17.52.36:403][946]LogNet: World NetDriver shutdown IpNetDriver_0 [GameNetDriver]
[2018.07.22-17.52.36:403][946]LogNet: DestroyNamedNetDriver IpNetDriver_0 [GameNetDriver]
[2018.07.22-17.52.36:403][946]LogExit: GameNetDriver IpNetDriver_0 shut down
[2018.07.22-17.52.36:601][946]LogSlate: Slate User Destroyed.  User Index 0, Is Virtual User: 0
[2018.07.22-17.52.36:601][946]LogExit: Preparing to exit.
[2018.07.22-17.52.36:601][946]LogMoviePlayer: Shutting down movie player
[2018.07.22-17.52.36:821][946]LogExit: Game engine shut down
[2018.07.22-17.52.36:836][946]LogUObjectGlobals: Destroyed PersistentFrame Addr=0x0000024952ab0900, Size=608
[2018.07.22-17.52.36:836][946]LogUObjectGlobals: Destroyed PersistentFrame Addr=0x00000249540126b0, Size=40
[2018.07.22-17.52.36:836][946]LogUObjectGlobals: Destroyed PersistentFrame Addr=0x0000024952b3ce20, Size=96
[2018.07.22-17.52.36:836][946]LogUObjectGlobals: Destroyed PersistentFrame Addr=0x0000024951f40410, Size=56
[2018.07.22-17.52.36:836][946]LogUObjectGlobals: Destroyed PersistentFrame Addr=0x00000249529e6390, Size=104
[2018.07.22-17.52.36:836][946]LogUObjectGlobals: Destroyed PersistentFrame Addr=0x0000024952a22c00, Size=592
[2018.07.22-17.52.36:840][946]LogUObjectGlobals: Destroyed PersistentFrame Addr=0x000002495622f2c0, Size=64
[2018.07.22-17.52.36:840][946]LogUObjectGlobals: Destroyed PersistentFrame Addr=0x000002495620b800, Size=256
[2018.07.22-17.52.36:840][946]LogUObjectGlobals: Destroyed PersistentFrame Addr=0x00000249562cd600, Size=688
[2018.07.22-17.52.36:840][946]LogUObjectGlobals: Destroyed PersistentFrame Addr=0x00000249561f93f0, Size=80
[2018.07.22-17.52.36:840][946]LogUObjectGlobals: Destroyed PersistentFrame Addr=0x00000249562b4cc0, Size=320
[2018.07.22-17.52.36:840][946]LogUObjectGlobals: Destroyed PersistentFrame Addr=0x0000024956337190, Size=4
[2018.07.22-17.52.36:840][946]LogUObjectGlobals: Destroyed PersistentFrame Addr=0x000002495619bd00, Size=344
[2018.07.22-17.52.36:840][946]LogUObjectGlobals: Destroyed PersistentFrame Addr=0x000002495617e740, Size=192
[2018.07.22-17.52.36:840][946]LogUObjectGlobals: Destroyed PersistentFrame Addr=0x00000249562b4540, Size=320
[2018.07.22-17.52.36:840][946]LogUObjectGlobals: Destroyed PersistentFrame Addr=0x0000024957122400, Size=880
[2018.07.22-17.52.36:840][946]LogUObjectGlobals: Destroyed PersistentFrame Addr=0x000002495712c0e0, Size=32
[2018.07.22-17.52.36:840][946]LogUObjectGlobals: Destroyed PersistentFrame Addr=0x000002496bfa1000, Size=688
[2018.07.22-17.52.36:841][946]LogUObjectGlobals: Destroyed PersistentFrame Addr=0x000002496bfa2e00, Size=688
[2018.07.22-17.52.36:841][946]LogUObjectGlobals: Destroyed PersistentFrame Addr=0x000002496bfa1f00, Size=688
[2018.07.22-17.52.36:841][946]LogUObjectGlobals: Destroyed PersistentFrame Addr=0x00000249570ab700, Size=688
[2018.07.22-17.52.36:841][946]LogUObjectGlobals: Destroyed PersistentFrame Addr=0x00000249570ab100, Size=688
[2018.07.22-17.52.36:841][946]LogUObjectGlobals: Destroyed PersistentFrame Addr=0x00000249570aae00, Size=688
[2018.07.22-17.52.36:841][946]LogUObjectGlobals: Destroyed PersistentFrame Addr=0x0000024956249600, Size=208
[2018.07.22-17.52.36:841][946]LogUObjectGlobals: Destroyed PersistentFrame Addr=0x0000024957120480, Size=784
[2018.07.22-17.52.36:958][946]LogExit: Object subsystem successfully closed.
[2018.07.22-17.52.36:975][946]LogShaderCompilers: Display: Shaders left to compile 0
[2018.07.22-17.52.36:980][946]LogD3D11RHI: Shutdown
[2018.07.22-17.52.36:980][946]LogD3D11RHI: CleanupD3DDevice
[2018.07.22-17.52.36:985][946]LogD3D11RHI: ~FD3D11DynamicRHI
[2018.07.22-17.52.36:998][946]LogModuleManager: Shutting down and abandoning module SequenceRecorderSections (336)
[2018.07.22-17.52.36:998][946]LogModuleManager: Shutting down and abandoning module SequenceRecorder (334)
[2018.07.22-17.52.36:998][946]LogModuleManager: Shutting down and abandoning module AutomationController (332)
[2018.07.22-17.52.36:998][946]LogModuleManager: Shutting down and abandoning module AutomationWorker (330)
[2018.07.22-17.52.36:998][946]LogModuleManager: Shutting down and abandoning module Voice (328)
[2018.07.22-17.52.36:998][946]LogModuleManager: Shutting down and abandoning module AIModule (326)
[2018.07.22-17.52.36:998][946]LogModuleManager: Shutting down and abandoning module GameplayDebugger (325)
[2018.07.22-17.52.36:998][946]LogModuleManager: Shutting down and abandoning module AITestSuite (323)
[2018.07.22-17.52.36:998][946]LogModuleManager: Shutting down and abandoning module WmfMediaFactory (320)
[2018.07.22-17.52.36:998][946]LogModuleManager: Shutting down and abandoning module OpenExrWrapper (318)
[2018.07.22-17.52.36:998][946]LogModuleManager: Shutting down and abandoning module ImgMediaFactory (316)
[2018.07.22-17.52.36:999][946]LogModuleManager: Shutting down and abandoning module AvfMediaFactory (314)
[2018.07.22-17.52.36:999][946]LogModuleManager: Shutting down and abandoning module CharacterAI (312)
[2018.07.22-17.52.36:999][946]LogModuleManager: Shutting down and abandoning module SessionServices (310)
[2018.07.22-17.52.36:999][946]LogModuleManager: Shutting down and abandoning module MovieSceneCapture (308)
[2018.07.22-17.52.36:999][946]LogModuleManager: Shutting down and abandoning module MovieSceneTracks (306)
[2018.07.22-17.52.36:999][946]LogModuleManager: Shutting down and abandoning module MovieScene (304)
[2018.07.22-17.52.36:999][946]LogModuleManager: Shutting down and abandoning module GeometryCache (302)
[2018.07.22-17.52.36:999][946]LogModuleManager: Shutting down and abandoning module GeometryCacheEd (301)
[2018.07.22-17.52.36:999][946]LogModuleManager: Shutting down and abandoning module StreamingPauseRendering (298)
[2018.07.22-17.52.36:999][946]LogModuleManager: Shutting down and abandoning module PortalServices (296)
[2018.07.22-17.52.36:999][946]LogModuleManager: Shutting down and abandoning module PortalRpc (294)
[2018.07.22-17.52.36:999][946]LogModuleManager: Shutting down and abandoning module MessagingRpc (292)
[2018.07.22-17.52.36:999][946]LogModuleManager: Shutting down and abandoning module ProfilerService (290)
[2018.07.22-17.52.37:063][946]LogModuleManager: Shutting down and abandoning module TaskGraph (288)
[2018.07.22-17.52.37:063][946]LogModuleManager: Shutting down and abandoning module SteamVRController (286)
[2018.07.22-17.52.37:064][946]LogModuleManager: Shutting down and abandoning module ProceduralMeshComponent (284)
[2018.07.22-17.52.37:064][946]LogModuleManager: Shutting down and abandoning module OculusInput (282)
[2018.07.22-17.52.37:064][946]LogModuleManager: Shutting down and abandoning module MobilePatchingUtils (280)
[2018.07.22-17.52.37:064][946]LogModuleManager: Shutting down and abandoning module CustomMeshComponent (278)
[2018.07.22-17.52.37:064][946]LogModuleManager: Shutting down and abandoning module CableComponent (276)
[2018.07.22-17.52.37:064][946]LogModuleManager: Shutting down and abandoning module AudioCapture (274)
[2018.07.22-17.52.37:064][946]LogModuleManager: Shutting down and abandoning module ArchVisCharacter (272)
[2018.07.22-17.52.37:064][946]LogModuleManager: Shutting down and abandoning module AndroidPermission (270)
[2018.07.22-17.52.37:064][946]LogModuleManager: Shutting down and abandoning module NUTUnrealEngine4 (268)
[2018.07.22-17.52.37:064][946]LogModuleManager: Shutting down and abandoning module NetcodeUnitTest (266)
[2018.07.22-17.52.37:064][946]LogModuleManager: Shutting down and abandoning module MediaCompositing (264)
[2018.07.22-17.52.37:064][946]LogModuleManager: Shutting down and abandoning module LinearTimecode (262)
[2018.07.22-17.52.37:064][946]LogModuleManager: Shutting down and abandoning module ImgMedia (260)
[2018.07.22-17.52.37:068][946]LogModuleManager: Shutting down and abandoning module HTML5Networking (258)
[2018.07.22-17.52.37:068][946]LogModuleManager: Shutting down and abandoning module DatasmithContent (256)
[2018.07.22-17.52.37:068][946]LogModuleManager: Shutting down and abandoning module CryptoKeysOpenSSL (254)
[2018.07.22-17.52.37:068][946]LogModuleManager: Shutting down and abandoning module CryptoKeys (252)
[2018.07.22-17.52.37:068][946]LogModuleManager: Shutting down and abandoning module VisualStudioSourceCodeAccess (250)
[2018.07.22-17.52.37:068][946]LogModuleManager: Shutting down and abandoning module HotReload (249)
[2018.07.22-17.52.37:069][946]LogModuleManager: Shutting down and abandoning module DirectoryWatcher (248)
[2018.07.22-17.52.37:069][946]LogModuleManager: Shutting down and abandoning module VisualStudioCodeSourceCodeAccess (244)
[2018.07.22-17.52.37:069][946]LogModuleManager: Shutting down and abandoning module UObjectPlugin (242)
[2018.07.22-17.52.37:069][946]LogModuleManager: Shutting down and abandoning module SubversionSourceControl (240)
[2018.07.22-17.52.37:069][946]LogModuleManager: Shutting down and abandoning module PerforceSourceControl (238)
[2018.07.22-17.52.37:069][946]LogModuleManager: Shutting down and abandoning module SourceControl (237)
[2018.07.22-17.52.37:069][946]LogModuleManager: Shutting down and abandoning module CLionSourceCodeAccess (234)
[2018.07.22-17.52.37:069][946]LogModuleManager: Shutting down and abandoning module RuntimePhysXCooking (232)
[2018.07.22-17.52.37:069][946]LogModuleManager: Shutting down and abandoning module PhysXVehiclesEditor (230)
[2018.07.22-17.52.37:069][946]LogModuleManager: Shutting down and abandoning module PhysXVehicles (228)
[2018.07.22-17.52.37:069][946]LogModuleManager: Shutting down and abandoning module LocationServicesBPLibrary (226)
[2018.07.22-17.52.37:069][946]LogModuleManager: Shutting down and abandoning module ImmediatePhysicsEditor (224)
[2018.07.22-17.52.37:069][946]LogModuleManager: Shutting down and abandoning module ImmediatePhysics (222)
[2018.07.22-17.52.37:069][946]LogModuleManager: Shutting down and abandoning module ActorSequence (220)
[2018.07.22-17.52.37:069][946]LogModuleManager: Shutting down and abandoning module UdpMessaging (218)
[2018.07.22-17.52.37:171][946]LogModuleManager: Shutting down and abandoning module TcpMessaging (216)
[2018.07.22-17.52.37:656][946]LogModuleManager: Shutting down and abandoning module GameplayTagsEditor (214)
[2018.07.22-17.52.37:656][946]LogModuleManager: Shutting down and abandoning module FacialAnimation (212)
[2018.07.22-17.52.37:657][946]LogModuleManager: Shutting down and abandoning module DataValidation (210)
[2018.07.22-17.52.37:657][946]LogModuleManager: Shutting down and abandoning module AssetManagerEditor (208)
[2018.07.22-17.52.37:657][946]LogModuleManager: Shutting down and abandoning module TreeMap (207)
[2018.07.22-17.52.37:657][946]LogModuleManager: Shutting down and abandoning module LightPropagationVolumeRuntime (204)
[2018.07.22-17.52.37:657][946]LogModuleManager: Shutting down and abandoning module LiveLink (202)
[2018.07.22-17.52.38:352][946]LogModuleManager: Shutting down and abandoning module Paper2D (200)
[2018.07.22-17.52.38:352][946]LogModuleManager: Shutting down and abandoning module PIEPreviewDeviceProfileSelector (198)
[2018.07.22-17.52.38:353][946]LogModuleManager: Shutting down and abandoning module WindowsMoviePlayer (196)
[2018.07.22-17.52.38:353][946]LogModuleManager: Shutting down and abandoning module WmfMedia (194)
[2018.07.22-17.52.38:354][946]LogModuleManager: Shutting down and abandoning module Media (193)
[2018.07.22-17.52.38:360][946]LogModuleManager: Shutting down and abandoning module PacketHandler (190)
[2018.07.22-17.52.38:360][946]LogModuleManager: Shutting down and abandoning module ClothingSystemEditor (188)
[2018.07.22-17.52.38:360][946]LogModuleManager: Shutting down and abandoning module ClothingSystemRuntime (186)
[2018.07.22-17.52.38:360][946]LogModuleManager: Shutting down and abandoning module MediaAssets (184)
[2018.07.22-17.52.38:360][946]LogModuleManager: Shutting down and abandoning module Overlay (182)
[2018.07.22-17.52.38:360][946]LogModuleManager: Shutting down and abandoning module OverlayEditor (181)
[2018.07.22-17.52.38:360][946]LogModuleManager: Shutting down and abandoning module VREditor (178)
[2018.07.22-17.52.38:360][946]LogModuleManager: Shutting down and abandoning module StringTableEditor (176)
[2018.07.22-17.52.38:361][946]LogModuleManager: Shutting down and abandoning module GameplayTasksEditor (174)
[2018.07.22-17.52.38:361][946]LogModuleManager: Shutting down and abandoning module BehaviorTreeEditor (172)
[2018.07.22-17.52.38:361][946]LogModuleManager: Shutting down and abandoning module FunctionalTesting (170)
[2018.07.22-17.52.38:361][946]LogModuleManager: Shutting down and abandoning module CollisionAnalyzer (168)
[2018.07.22-17.52.38:361][946]LogModuleManager: Shutting down and abandoning module WorkspaceMenuStructure (167)
[2018.07.22-17.52.38:361][946]LogModuleManager: Shutting down and abandoning module UMG (164)
[2018.07.22-17.52.38:361][946]LogModuleManager: Shutting down and abandoning module UMGEditor (163)
[2018.07.22-17.52.38:361][946]LogModuleManager: Shutting down and abandoning module Sequencer (162)
[2018.07.22-17.52.38:361][946]LogModuleManager: Shutting down and abandoning module MessageLog (159)
[2018.07.22-17.52.38:361][946]LogModuleManager: Shutting down and abandoning module SlateReflector (154)
[2018.07.22-17.52.38:361][946]LogModuleManager: Shutting down and abandoning module Slate (152)
[2018.07.22-17.52.38:361][946]LogModuleManager: Shutting down and abandoning module EditorStyle (150)
[2018.07.22-17.52.38:364][946]LogModuleManager: Shutting down and abandoning module MRMesh (148)
[2018.07.22-17.52.38:364][946]LogModuleManager: Shutting down and abandoning module Messaging (146)
[2018.07.22-17.52.38:364][946]LogModuleManager: Shutting down and abandoning module SourceCodeAccess (144)
[2018.07.22-17.52.38:364][946]LogModuleManager: Shutting down and abandoning module HeadMountedDisplay (142)
[2018.07.22-17.52.38:365][946]LogModuleManager: Shutting down and abandoning module XAudio2 (140)
[2018.07.22-17.52.38:365][946]LogModuleManager: Shutting down and abandoning module Networking (138)
[2018.07.22-17.52.38:365][946]LogModuleManager: Shutting down and abandoning module Core (136)
[2018.07.22-17.52.38:365][946]LogModuleManager: Shutting down and abandoning module LevelSequence (134)
[2018.07.22-17.52.38:365][946]LogModuleManager: Shutting down and abandoning module KismetCompiler (132)
[2018.07.22-17.52.38:365][946]LogModuleManager: Shutting down and abandoning module MeshUtilities (130)
[2018.07.22-17.52.38:365][946]LogModuleManager: Shutting down and abandoning module MeshMergeUtilities (129)
[2018.07.22-17.52.38:365][946]LogModuleManager: Shutting down and abandoning module MeshReductionInterface (128)
[2018.07.22-17.52.38:365][946]LogModuleManager: Shutting down and abandoning module SimplygonSwarm (127)
[2018.07.22-17.52.38:365][946]LogModuleManager: Shutting down and abandoning module SimplygonMeshReduction (125)
[2018.07.22-17.52.38:365][946]LogModuleManager: Shutting down and abandoning module QuadricMeshReduction (123)
[2018.07.22-17.52.38:365][946]LogModuleManager: Shutting down and abandoning module MaterialBaking (119)
[2018.07.22-17.52.38:365][946]LogModuleManager: Shutting down and abandoning module DerivedDataCache (114)
[2018.07.22-17.52.38:427][946]LogDerivedDataCache: Shutdown
[2018.07.22-17.52.38:427][946]LogModuleManager: Shutting down and abandoning module XGEController (112)
[2018.07.22-17.52.38:427][946]LogModuleManager: Shutting down and abandoning module TargetPlatform (110)
[2018.07.22-17.52.38:427][946]LogModuleManager: Shutting down and abandoning module VulkanShaderFormat (109)
[2018.07.22-17.52.38:427][946]LogModuleManager: Shutting down and abandoning module ShaderFormatVectorVM (107)
[2018.07.22-17.52.38:427][946]LogModuleManager: Shutting down and abandoning module ShaderFormatOpenGL (105)
[2018.07.22-17.52.38:427][946]LogModuleManager: Shutting down and abandoning module ShaderFormatD3D (103)
[2018.07.22-17.52.38:427][946]LogModuleManager: Shutting down and abandoning module MetalShaderFormat (101)
[2018.07.22-17.52.38:427][946]LogModuleManager: Shutting down and abandoning module TextureFormatUncompressed (99)
[2018.07.22-17.52.38:427][946]LogModuleManager: Shutting down and abandoning module TextureFormatPVR (97)
[2018.07.22-17.52.38:427][946]LogModuleManager: Shutting down and abandoning module TextureFormatDXT (95)
[2018.07.22-17.52.38:427][946]LogModuleManager: Shutting down and abandoning module TextureFormatIntelISPCTexComp (93)
[2018.07.22-17.52.38:428][946]LogModuleManager: Shutting down and abandoning module TextureFormatASTC (91)
[2018.07.22-17.52.38:428][946]LogModuleManager: Shutting down and abandoning module ImageWrapper (90)
[2018.07.22-17.52.38:428][946]LogModuleManager: Shutting down and abandoning module TextureFormatAndroid (87)
[2018.07.22-17.52.38:428][946]LogModuleManager: Shutting down and abandoning module AudioFormatOpus (85)
[2018.07.22-17.52.38:428][946]LogModuleManager: Shutting down and abandoning module AudioFormatOgg (83)
[2018.07.22-17.52.38:428][946]LogModuleManager: Shutting down and abandoning module AudioFormatADPCM (81)
[2018.07.22-17.52.38:428][946]LogModuleManager: Shutting down and abandoning module WindowsTargetPlatform (79)
[2018.07.22-17.52.38:428][946]LogModuleManager: Shutting down and abandoning module WindowsServerTargetPlatform (77)
[2018.07.22-17.52.38:428][946]LogModuleManager: Shutting down and abandoning module WindowsNoEditorTargetPlatform (75)
[2018.07.22-17.52.38:428][946]LogModuleManager: Shutting down and abandoning module WindowsClientTargetPlatform (73)
[2018.07.22-17.52.38:428][946]LogModuleManager: Shutting down and abandoning module InputCore (70)
[2018.07.22-17.52.38:428][946]LogModuleManager: Shutting down and abandoning module Settings (68)
[2018.07.22-17.52.38:428][946]LogModuleManager: Shutting down and abandoning module PhysXCooking (66)
[2018.07.22-17.52.38:428][946]LogModuleManager: Shutting down and abandoning module SteamVR (64)
[2018.07.22-17.52.38:428][946]LogModuleManager: Shutting down and abandoning module OculusHMD (62)
[2018.07.22-17.52.38:428][946]LogModuleManager: Shutting down and abandoning module ExampleDeviceProfileSelector (60)
[2018.07.22-17.52.38:428][946]LogModuleManager: Shutting down and abandoning module AppleARKit (58)
[2018.07.22-17.52.38:428][946]LogModuleManager: Shutting down and abandoning module AugmentedReality (57)
[2018.07.22-17.52.38:428][946]LogModuleManager: Shutting down and abandoning module OnlineBlueprintSupport (54)
[2018.07.22-17.52.38:429][946]LogModuleManager: Shutting down and abandoning module OnlineSubsystem (50)
[2018.07.22-17.52.38:429][946]LogOnline: Display: OSS: FOnlineSubsystemNull::Shutdown()
[2018.07.22-17.52.38:429][946]LogOnline: Display: OSS: FOnlineAsyncTaskManager::Stop() ActiveTask:0000000000000000 Tasks[0/0]
[2018.07.22-17.52.38:429][946]LogOnline: Display: OSS: FOnlineAsyncTaskManager::Exit() started
[2018.07.22-17.52.38:430][946]LogOnline: Display: OSS: FOnlineAsyncTaskManager::Exit() finished
[2018.07.22-17.52.38:430][946]LogModuleManager: Shutting down and abandoning module XMPP (43)
[2018.07.22-17.52.38:430][946]LogModuleManager: Shutting down and abandoning module HTTP (41)
[2018.07.22-17.52.38:438][946]LogModuleManager: Shutting down and abandoning module SSL (40)
[2018.07.22-17.52.38:442][946]LogModuleManager: Shutting down and abandoning module AnimationModifiers (36)
[2018.07.22-17.52.38:442][946]LogModuleManager: Shutting down and abandoning module PropertyEditor (35)
[2018.07.22-17.52.38:443][946]LogModuleManager: Shutting down and abandoning module AudioEditor (32)
[2018.07.22-17.52.38:443][946]LogModuleManager: Shutting down and abandoning module TextureCompressor (30)
[2018.07.22-17.52.38:443][946]LogModuleManager: Shutting down and abandoning module ShaderCore (28)
[2018.07.22-17.52.38:443][946]LogModuleManager: Shutting down and abandoning module Landscape (26)
[2018.07.22-17.52.38:443][946]LogModuleManager: Shutting down and abandoning module SlateRHIRenderer (24)
[2018.07.22-17.52.38:444][946]LogModuleManager: Shutting down and abandoning module OpenGLDrv (22)
[2018.07.22-17.52.38:444][946]LogModuleManager: Shutting down and abandoning module D3D11RHI (20)
[2018.07.22-17.52.38:444][946]LogModuleManager: Shutting down and abandoning module AnimGraphRuntime (18)
[2018.07.22-17.52.38:445][946]LogModuleManager: Shutting down and abandoning module Renderer (16)
[2018.07.22-17.52.38:445][946]LogModuleManager: Shutting down and abandoning module Engine (14)
[2018.07.22-17.52.38:445][946]LogModuleManager: Shutting down and abandoning module CoreUObject (12)
[2018.07.22-17.52.38:445][946]LogModuleManager: Shutting down and abandoning module NetworkFile (10)
[2018.07.22-17.52.38:445][946]LogModuleManager: Shutting down and abandoning module CookedIterativeFile (8)
[2018.07.22-17.52.38:445][946]LogModuleManager: Shutting down and abandoning module StreamingFile (6)
[2018.07.22-17.52.38:445][946]LogModuleManager: Shutting down and abandoning module SandboxFile (4)
[2018.07.22-17.52.38:445][946]LogModuleManager: Shutting down and abandoning module PakFile (2)
[2018.07.22-17.52.38:451][946]LogExit: Exiting.
[2018.07.22-17.52.38:455][946]Log file closed, 07/22/18 18:52:38
