Log file open, 07/26/18 21:23:10
LogWindows: Failed to load 'aqProf.dll' (GetLastError=126)
LogWindows: File 'aqProf.dll' does not exist
LogWindows: Failed to load 'VtuneApi.dll' (GetLastError=126)
LogWindows: File 'VtuneApi.dll' does not exist
LogWindows: Failed to load 'VtuneApi32e.dll' (GetLastError=126)
LogWindows: File 'VtuneApi32e.dll' does not exist
LogInit: Display: Running engine for game: FPBG
LogPlatformFile: Not using cached read wrapper
LogInit: Display: RandInit(-1661628559) SRandInit(-1661628559).
LogInit: Read version file with build ID '3944462'
LogInit: Overriding engine version to CL 4033788, compatible CL 3944462
LogInit: Registered custom module enumerator with build ID '3944462'
LogTaskGraph: Started task graph with 5 named threads and 14 total threads with 3 sets of task threads.
LogStats: Stats thread started at 0.356058
LogD3D11RHI: Aftermath initialized
LogICUInternationalization: Display: ICU TimeZone Detection - Raw Offset: +0:00, Platform Override: ''
LogModuleManager: Display: Found up-to-date module file ../../../Engine/Plugins/Online/OnlineSubsystemSteam/Binaries/Win64/UE4Editor-OnlineSubsystemSteam.dll (API version 3944462).
LogModuleManager: Display: Found up-to-date module file ../../../Engine/Plugins/Online/OnlineSubsystem/Binaries/Win64/UE4Editor-OnlineSubsystem.dll (API version 3944462).
LogModuleManager: Display: Found up-to-date module file ../../../Engine/Plugins/Online/OnlineSubsystemUtils/Binaries/Win64/UE4Editor-OnlineSubsystemUtils.dll (API version 3944462).
LogModuleManager: Display: Found up-to-date module file ../../../Engine/Plugins/Online/OnlineSubsystemUtils/Binaries/Win64/UE4Editor-OnlineBlueprintSupport.dll (API version 3944462).
LogModuleManager: Display: Found up-to-date module file ../../../Engine/Plugins/2D/Paper2D/Binaries/Win64/UE4Editor-Paper2D.dll (API version 3944462).
LogModuleManager: Display: Found up-to-date module file ../../../Engine/Plugins/2D/Paper2D/Binaries/Win64/UE4Editor-Paper2DEditor.dll (API version 3944462).
LogModuleManager: Display: Found up-to-date module file ../../../Engine/Plugins/2D/Paper2D/Binaries/Win64/UE4Editor-PaperSpriteSheetImporter.dll (API version 3944462).
LogModuleManager: Display: Found up-to-date module file ../../../Engine/Plugins/2D/Paper2D/Binaries/Win64/UE4Editor-PaperTiledImporter.dll (API version 3944462).
LogModuleManager: Display: Found up-to-date module file ../../../Engine/Plugins/2D/Paper2D/Binaries/Win64/UE4Editor-SmartSnapping.dll (API version 3944462).
LogModuleManager: Display: Found up-to-date module file ../../../Engine/Plugins/Blendables/LightPropagationVolume/Binaries/Win64/UE4Editor-LightPropagationVolumeRuntime.dll (API version 3944462).
LogModuleManager: Display: Found up-to-date module file ../../../Engine/Plugins/Blendables/LightPropagationVolume/Binaries/Win64/UE4Editor-LightPropagationVolumeEditor.dll (API version 3944462).
LogModuleManager: Display: Found up-to-date module file ../../../Engine/Plugins/Developer/CLionSourceCodeAccess/Binaries/Win64/UE4Editor-CLionSourceCodeAccess.dll (API version 3944462).
LogModuleManager: Display: Found up-to-date module file ../../../Engine/Plugins/Developer/GitSourceControl/Binaries/Win64/UE4Editor-GitSourceControl.dll (API version 3944462).
LogModuleManager: Display: Found up-to-date module file ../../../Engine/Plugins/Developer/PerforceSourceControl/Binaries/Win64/UE4Editor-PerforceSourceControl.dll (API version 3944462).
LogModuleManager: Display: Found up-to-date module file ../../../Engine/Plugins/Developer/SubversionSourceControl/Binaries/Win64/UE4Editor-SubversionSourceControl.dll (API version 3944462).
LogModuleManager: Display: Found up-to-date module file ../../../Engine/Plugins/Developer/UObjectPlugin/Binaries/Win64/UE4Editor-UObjectPlugin.dll (API version 3944462).
LogModuleManager: Display: Found up-to-date module file ../../../Engine/Plugins/Developer/VisualStudioCodeSourceCodeAccess/Binaries/Win64/UE4Editor-VisualStudioCodeSourceCodeAccess.dll (API version 3944462).
LogModuleManager: Display: Found up-to-date module file ../../../Engine/Plugins/Developer/VisualStudioSourceCodeAccess/Binaries/Win64/UE4Editor-VisualStudioSourceCodeAccess.dll (API version 3944462).
LogModuleManager: Display: Found up-to-date module file ../../../Engine/Plugins/Editor/AssetManagerEditor/Binaries/Win64/UE4Editor-AssetManagerEditor.dll (API version 3944462).
LogModuleManager: Display: Found up-to-date module file ../../../Engine/Plugins/Editor/CryptoKeys/Binaries/Win64/UE4Editor-CryptoKeys.dll (API version 3944462).
LogModuleManager: Display: Found up-to-date module file ../../../Engine/Plugins/Editor/CryptoKeys/Binaries/Win64/UE4Editor-CryptoKeysOpenSSL.dll (API version 3944462).
LogModuleManager: Display: Found up-to-date module file ../../../Engine/Plugins/Editor/DataValidation/Binaries/Win64/UE4Editor-DataValidation.dll (API version 3944462).
LogModuleManager: Display: Found up-to-date module file ../../../Engine/Plugins/Editor/FacialAnimation/Binaries/Win64/UE4Editor-FacialAnimation.dll (API version 3944462).
LogModuleManager: Display: Found up-to-date module file ../../../Engine/Plugins/Editor/FacialAnimation/Binaries/Win64/UE4Editor-FacialAnimationEditor.dll (API version 3944462).
LogModuleManager: Display: Found up-to-date module file ../../../Engine/Plugins/Editor/GameplayTagsEditor/Binaries/Win64/UE4Editor-GameplayTagsEditor.dll (API version 3944462).
LogModuleManager: Display: Found up-to-date module file ../../../Engine/Plugins/Editor/MobileLauncherProfileWizard/Binaries/Win64/UE4Editor-MobileLauncherProfileWizard.dll (API version 3944462).
LogModuleManager: Display: Found up-to-date module file ../../../Engine/Plugins/Editor/PluginBrowser/Binaries/Win64/UE4Editor-PluginBrowser.dll (API version 3944462).
LogModuleManager: Display: Found up-to-date module file ../../../Engine/Plugins/Editor/SpeedTreeImporter/Binaries/Win64/UE4Editor-SpeedTreeImporter.dll (API version 3944462).
LogModuleManager: Display: Found up-to-date module file ../../../Engine/Plugins/Enterprise/DatasmithContent/Binaries/Win64/UE4Editor-DatasmithContent.dll (API version 3944462).
LogModuleManager: Display: Found up-to-date module file ../../../Engine/Plugins/Experimental/AlembicImporter/Binaries/Win64/UE4Editor-AlembicImporter.dll (API version 3944462).
LogModuleManager: Display: Found up-to-date module file ../../../Engine/Plugins/Experimental/AlembicImporter/Binaries/Win64/UE4Editor-AlembicLibrary.dll (API version 3944462).
LogModuleManager: Display: Found up-to-date module file ../../../Engine/Plugins/Experimental/CharacterAI/Binaries/Win64/UE4Editor-CharacterAI.dll (API version 3944462).
LogModuleManager: Display: Found up-to-date module file ../../../Engine/Plugins/Experimental/HTML5Networking/Binaries/Win64/UE4Editor-HTML5Networking.dll (API version 3944462).
LogModuleManager: Display: Found up-to-date module file ../../../Engine/Plugins/Media/AndroidMedia/Binaries/Win64/UE4Editor-AndroidMediaEditor.dll (API version 3944462).
LogModuleManager: Display: Found up-to-date module file ../../../Engine/Plugins/Media/AndroidMedia/Binaries/Win64/UE4Editor-AndroidMediaFactory.dll (API version 3944462).
LogModuleManager: Display: Found up-to-date module file ../../../Engine/Plugins/Media/AvfMedia/Binaries/Win64/UE4Editor-AvfMediaEditor.dll (API version 3944462).
LogModuleManager: Display: Found up-to-date module file ../../../Engine/Plugins/Media/AvfMedia/Binaries/Win64/UE4Editor-AvfMediaFactory.dll (API version 3944462).
LogModuleManager: Display: Found up-to-date module file ../../../Engine/Plugins/Media/AvfMedia/Binaries/Win64/UE4Editor-AvfMediaFactory.dll (API version 3944462).
LogModuleManager: Display: Found up-to-date module file ../../../Engine/Plugins/Media/ImgMedia/Binaries/Win64/UE4Editor-ImgMedia.dll (API version 3944462).
LogModuleManager: Display: Found up-to-date module file ../../../Engine/Plugins/Media/ImgMedia/Binaries/Win64/UE4Editor-ImgMediaEditor.dll (API version 3944462).
LogModuleManager: Display: Found up-to-date module file ../../../Engine/Plugins/Media/ImgMedia/Binaries/Win64/UE4Editor-ImgMediaFactory.dll (API version 3944462).
LogModuleManager: Display: Found up-to-date module file ../../../Engine/Plugins/Media/ImgMedia/Binaries/Win64/UE4Editor-ImgMediaFactory.dll (API version 3944462).
LogModuleManager: Display: Found up-to-date module file ../../../Engine/Plugins/Media/ImgMedia/Binaries/Win64/UE4Editor-OpenExrWrapper.dll (API version 3944462).
LogModuleManager: Display: Found up-to-date module file ../../../Engine/Plugins/Media/LinearTimecode/Binaries/Win64/UE4Editor-LinearTimecode.dll (API version 3944462).
LogModuleManager: Display: Found up-to-date module file ../../../Engine/Plugins/Media/MediaCompositing/Binaries/Win64/UE4Editor-MediaCompositing.dll (API version 3944462).
LogModuleManager: Display: Found up-to-date module file ../../../Engine/Plugins/Media/MediaCompositing/Binaries/Win64/UE4Editor-MediaCompositingEditor.dll (API version 3944462).
LogModuleManager: Display: Found up-to-date module file ../../../Engine/Plugins/Media/MediaPlayerEditor/Binaries/Win64/UE4Editor-MediaPlayerEditor.dll (API version 3944462).
LogModuleManager: Display: Found up-to-date module file ../../../Engine/Plugins/Media/WmfMedia/Binaries/Win64/UE4Editor-WmfMedia.dll (API version 3944462).
LogModuleManager: Display: Found up-to-date module file ../../../Engine/Plugins/Media/WmfMedia/Binaries/Win64/UE4Editor-WmfMediaEditor.dll (API version 3944462).
LogModuleManager: Display: Found up-to-date module file ../../../Engine/Plugins/Media/WmfMedia/Binaries/Win64/UE4Editor-WmfMediaFactory.dll (API version 3944462).
LogModuleManager: Display: Found up-to-date module file ../../../Engine/Plugins/Media/WmfMedia/Binaries/Win64/UE4Editor-WmfMediaFactory.dll (API version 3944462).
LogModuleManager: Display: Found up-to-date module file ../../../Engine/Plugins/Messaging/TcpMessaging/Binaries/Win64/UE4Editor-TcpMessaging.dll (API version 3944462).
LogModuleManager: Display: Found up-to-date module file ../../../Engine/Plugins/Messaging/UdpMessaging/Binaries/Win64/UE4Editor-UdpMessaging.dll (API version 3944462).
LogModuleManager: Display: Found up-to-date module file ../../../Engine/Plugins/MovieScene/ActorSequence/Binaries/Win64/UE4Editor-ActorSequence.dll (API version 3944462).
LogModuleManager: Display: Found up-to-date module file ../../../Engine/Plugins/MovieScene/LevelSequenceEditor/Binaries/Win64/UE4Editor-LevelSequenceEditor.dll (API version 3944462).
LogModuleManager: Display: Found up-to-date module file ../../../Engine/Plugins/MovieScene/MatineeToLevelSequence/Binaries/Win64/UE4Editor-MatineeToLevelSequence.dll (API version 3944462).
LogModuleManager: Display: Found up-to-date module file ../../../Engine/Plugins/NetcodeUnitTest/NetcodeUnitTest/Binaries/Win64/UE4Editor-NetcodeUnitTest.dll (API version 3944462).
LogModuleManager: Display: Found up-to-date module file ../../../Engine/Plugins/NetcodeUnitTest/NUTUnrealEngine4/Binaries/Win64/UE4Editor-NUTUnrealEngine4.dll (API version 3944462).
LogModuleManager: Display: Found up-to-date module file ../../../Engine/Plugins/Runtime/AndroidPermission/Binaries/Win64/UE4Editor-AndroidPermission.dll (API version 3944462).
LogModuleManager: Display: Found up-to-date module file ../../../Engine/Plugins/Online/OnlineSubsystemNull/Binaries/Win64/UE4Editor-OnlineSubsystemNull.dll (API version 3944462).
LogModuleManager: Display: Found up-to-date module file ../../../Engine/Plugins/Runtime/AndroidDeviceProfileSelector/Binaries/Win64/UE4Editor-AndroidDeviceProfileSelector.dll (API version 3944462).
LogModuleManager: Display: Found up-to-date module file ../../../Engine/Plugins/Runtime/AppleARKit/Binaries/Win64/UE4Editor-AppleARKit.dll (API version 3944462).
LogModuleManager: Display: Found up-to-date module file ../../../Engine/Plugins/Runtime/ProceduralMeshComponent/Binaries/Win64/UE4Editor-ProceduralMeshComponent.dll (API version 3944462).
LogModuleManager: Display: Found up-to-date module file ../../../Engine/Plugins/Runtime/ProceduralMeshComponent/Binaries/Win64/UE4Editor-ProceduralMeshComponentEditor.dll (API version 3944462).
LogModuleManager: Display: Found up-to-date module file ../../../Engine/Plugins/Animation/LiveLink/Binaries/Win64/UE4Editor-LiveLink.dll (API version 3944462).
LogModuleManager: Display: Found up-to-date module file ../../../Engine/Plugins/Animation/LiveLink/Binaries/Win64/UE4Editor-LiveLinkEditor.dll (API version 3944462).
LogModuleManager: Display: Found up-to-date module file ../../../Engine/Plugins/Runtime/ArchVisCharacter/Binaries/Win64/UE4Editor-ArchVisCharacter.dll (API version 3944462).
LogModuleManager: Display: Found up-to-date module file ../../../Engine/Plugins/Runtime/AudioCapture/Binaries/Win64/UE4Editor-AudioCapture.dll (API version 3944462).
LogModuleManager: Display: Found up-to-date module file ../../../Engine/Plugins/Runtime/AudioCapture/Binaries/Win64/UE4Editor-AudioCaptureEditor.dll (API version 3944462).
LogModuleManager: Display: Found up-to-date module file ../../../Engine/Plugins/Runtime/CableComponent/Binaries/Win64/UE4Editor-CableComponent.dll (API version 3944462).
LogModuleManager: Display: Found up-to-date module file ../../../Engine/Plugins/Runtime/CustomMeshComponent/Binaries/Win64/UE4Editor-CustomMeshComponent.dll (API version 3944462).
LogModuleManager: Display: Found up-to-date module file ../../../Engine/Plugins/Runtime/ExampleDeviceProfileSelector/Binaries/Win64/UE4Editor-ExampleDeviceProfileSelector.dll (API version 3944462).
LogModuleManager: Display: Found up-to-date module file ../../../Engine/Plugins/Runtime/ImmediatePhysics/Binaries/Win64/UE4Editor-ImmediatePhysics.dll (API version 3944462).
LogModuleManager: Display: Found up-to-date module file ../../../Engine/Plugins/Runtime/ImmediatePhysics/Binaries/Win64/UE4Editor-ImmediatePhysicsEditor.dll (API version 3944462).
LogModuleManager: Display: Found up-to-date module file ../../../Engine/Plugins/Runtime/LocationServicesBPLibrary/Binaries/Win64/UE4Editor-LocationServicesBPLibrary.dll (API version 3944462).
LogModuleManager: Display: Found up-to-date module file ../../../Engine/Plugins/Runtime/MobilePatchingUtils/Binaries/Win64/UE4Editor-MobilePatchingUtils.dll (API version 3944462).
LogModuleManager: Display: Found up-to-date module file ../../../Engine/Plugins/Runtime/Oculus/OculusVR/Binaries/Win64/UE4Editor-OculusHMD.dll (API version 3944462).
LogModuleManager: Display: Found up-to-date module file ../../../Engine/Plugins/Runtime/Oculus/OculusVR/Binaries/Win64/UE4Editor-OculusInput.dll (API version 3944462).
LogModuleManager: Display: Found up-to-date module file ../../../Engine/Plugins/Runtime/Oculus/OculusVR/Binaries/Win64/UE4Editor-OculusEditor.dll (API version 3944462).
LogModuleManager: Display: Found up-to-date module file ../../../Engine/Plugins/Runtime/PhysXVehicles/Binaries/Win64/UE4Editor-PhysXVehicles.dll (API version 3944462).
LogModuleManager: Display: Found up-to-date module file ../../../Engine/Plugins/Runtime/PhysXVehicles/Binaries/Win64/UE4Editor-PhysXVehiclesEditor.dll (API version 3944462).
LogModuleManager: Display: Found up-to-date module file ../../../Engine/Plugins/Runtime/RuntimePhysXCooking/Binaries/Win64/UE4Editor-RuntimePhysXCooking.dll (API version 3944462).
LogModuleManager: Display: Found up-to-date module file ../../../Engine/Plugins/Runtime/Steam/SteamVR/Binaries/Win64/UE4Editor-SteamVR.dll (API version 3944462).
LogModuleManager: Display: Found up-to-date module file ../../../Engine/Plugins/Runtime/Steam/SteamVR/Binaries/Win64/UE4Editor-SteamVRController.dll (API version 3944462).
LogModuleManager: Display: Found up-to-date module file ../../../Engine/Plugins/Runtime/WindowsMoviePlayer/Binaries/Win64/UE4Editor-WindowsMoviePlayer.dll (API version 3944462).
LogPluginManager: Mounting plugin Paper2D
LogPluginManager: Mounting plugin LiveLink
LogPluginManager: Mounting plugin LightPropagationVolume
LogPluginManager: Mounting plugin CLionSourceCodeAccess
LogPluginManager: Mounting plugin CodeLiteSourceCodeAccess
LogPluginManager: Mounting plugin GitSourceControl
LogPluginManager: Mounting plugin KDevelopSourceCodeAccess
LogPluginManager: Mounting plugin NullSourceCodeAccess
LogPluginManager: Mounting plugin PerforceSourceControl
LogPluginManager: Mounting plugin SubversionSourceControl
LogPluginManager: Mounting plugin UObjectPlugin
LogPluginManager: Mounting plugin VisualStudioCodeSourceCodeAccess
LogPluginManager: Mounting plugin VisualStudioSourceCodeAccess
LogPluginManager: Mounting plugin XCodeSourceCodeAccess
LogPluginManager: Mounting plugin AssetManagerEditor
LogPluginManager: Mounting plugin CryptoKeys
LogPluginManager: Mounting plugin DataValidation
LogPluginManager: Mounting plugin FacialAnimation
LogPluginManager: Mounting plugin GameplayTagsEditor
LogPluginManager: Mounting plugin MobileLauncherProfileWizard
LogPluginManager: Mounting plugin PluginBrowser
LogPluginManager: Mounting plugin SpeedTreeImporter
LogPluginManager: Mounting plugin DatasmithContent
LogPluginManager: Mounting plugin AlembicImporter
LogPluginManager: Mounting plugin CharacterAI
LogPluginManager: Mounting plugin HTML5Networking
LogPluginManager: Mounting plugin AndroidMedia
LogPluginManager: Mounting plugin AvfMedia
LogPluginManager: Mounting plugin ImgMedia
LogPluginManager: Mounting plugin LinearTimecode
LogPluginManager: Mounting plugin MediaCompositing
LogPluginManager: Mounting plugin MediaPlayerEditor
LogPluginManager: Mounting plugin WmfMedia
LogPluginManager: Mounting plugin TcpMessaging
LogPluginManager: Mounting plugin UdpMessaging
LogPluginManager: Mounting plugin ActorSequence
LogPluginManager: Mounting plugin LevelSequenceEditor
LogPluginManager: Mounting plugin MatineeToLevelSequence
LogPluginManager: Mounting plugin NetcodeUnitTest
LogPluginManager: Mounting plugin NUTUnrealEngine4
LogPluginManager: Mounting plugin OnlineSubsystemGooglePlay
LogPluginManager: Mounting plugin OnlineSubsystemIOS
LogPluginManager: Mounting plugin OnlineSubsystem
LogPluginManager: Mounting plugin OnlineSubsystemNull
LogPluginManager: Mounting plugin OnlineSubsystemSteam
LogPluginManager: Mounting plugin OnlineSubsystemUtils
LogPluginManager: Mounting plugin AndroidDeviceProfileSelector
LogPluginManager: Mounting plugin AndroidMoviePlayer
LogPluginManager: Mounting plugin AndroidPermission
LogPluginManager: Mounting plugin AppleARKit
LogPluginManager: Mounting plugin AppleMoviePlayer
LogPluginManager: Mounting plugin ArchVisCharacter
LogPluginManager: Mounting plugin AudioCapture
LogPluginManager: Mounting plugin CableComponent
LogPluginManager: Mounting plugin CustomMeshComponent
LogPluginManager: Mounting plugin ExampleDeviceProfileSelector
LogPluginManager: Mounting plugin GoogleCloudMessaging
LogPluginManager: Mounting plugin ImmediatePhysics
LogPluginManager: Mounting plugin IOSDeviceProfileSelector
LogPluginManager: Mounting plugin LinuxDeviceProfileSelector
LogPluginManager: Mounting plugin LocationServicesBPLibrary
LogPluginManager: Mounting plugin MobilePatchingUtils
LogPluginManager: Mounting plugin OculusVR
LogPluginManager: Plugin shader directory ../../../Engine/Plugins/Runtime/Oculus/OculusVR/Shaders found
LogPluginManager: Mapping shader source directory ../../../Engine/Plugins/Runtime/Oculus/OculusVR/Shaders to virtual directory /Plugin/OculusVR
LogPluginManager: Mounting plugin PhysXVehicles
LogPluginManager: Mounting plugin ProceduralMeshComponent
LogPluginManager: Mounting plugin RuntimePhysXCooking
LogPluginManager: Mounting plugin SteamVR
LogPluginManager: Mounting plugin WindowsMoviePlayer
LogStreaming: Display: Took  4.205s to configure plugins.
LogInit: Using libcurl 7.47.1
LogInit:  - built for x86_64-pc-win32
LogInit:  - supports SSL with OpenSSL/1.0.2g
LogInit:  - supports HTTP deflate (compression) using libz 1.2.8
LogInit:  - other features:
LogInit:      CURL_VERSION_SSL
LogInit:      CURL_VERSION_LIBZ
LogInit:      CURL_VERSION_IPV6
LogInit:      CURL_VERSION_ASYNCHDNS
LogInit:      CURL_VERSION_LARGEFILE
LogInit:      CURL_VERSION_IDN
LogInit:  CurlRequestOptions (configurable via config and command line):
LogInit:  - bVerifyPeer = false  - Libcurl will NOT verify peer certificate
LogInit:  - bUseHttpProxy = false  - Libcurl will NOT use HTTP proxy
LogInit:  - bDontReuseConnections = false  - Libcurl will reuse connections
LogInit:  - CertBundlePath = nullptr  - Libcurl will use whatever was configured at build time.
LogInit:  - MaxHostConnections = 16  - Libcurl will limit the number of connections to a host
LogInit:  - LocalHostAddr = Default
LogOnline: Display: STEAM: Loading Steam SDK 1.39
LogOnline: Warning: STEAM: Steam API disabled!
LogOnline: Display: STEAM: OnlineSubsystemSteam::Shutdown()
LogInit: WinSock: version 1.1 (2.2), MaxSocks=32767, MaxUdp=65467
LogInit: WinSock: I am Q6600 (192.168.1.42:0)
LogInit: Build: ++UE4+Release-4.19-CL-4033788
LogInit: Engine Version: 4.19.2-4033788+++UE4+Release-4.19
LogInit: Compatible Engine Version: 4.19.0-3944462+++UE4+Release-4.19
LogInit: Net CL: 3944462
LogDevObjectVersion: Number of dev versions registered: 18
LogDevObjectVersion:   Dev-Blueprints (B0D832E4-1F89-4F0D-ACCF-7EB736FD4AA2): 10
LogDevObjectVersion:   Dev-Build (E1C64328-A22C-4D53-A36C-8E866417BD8C): 0
LogDevObjectVersion:   Dev-Core (375EC13C-06E4-48FB-B500-84F0262A717E): 2
LogDevObjectVersion:   Dev-Editor (E4B068ED-F494-42E9-A231-DA0B2E46BB41): 23
LogDevObjectVersion:   Dev-Framework (CFFC743F-43B0-4480-9391-14DF171D2073): 33
LogDevObjectVersion:   Dev-Mobile (B02B49B5-BB20-44E9-A304-32B752E40360): 2
LogDevObjectVersion:   Dev-Networking (A4E4105C-59A1-49B5-A7C5-40C4547EDFEE): 0
LogDevObjectVersion:   Dev-Online (39C831C9-5AE6-47DC-9A44-9C173E1C8E7C): 0
LogDevObjectVersion:   Dev-Physics (78F01B33-EBEA-4F98-B9B4-84EACCB95AA2): 0
LogDevObjectVersion:   Dev-Platform (6631380F-2D4D-43E0-8009-CF276956A95A): 0
LogDevObjectVersion:   Dev-Rendering (12F88B9F-8875-4AFC-A67C-D90C383ABD29): 25
LogDevObjectVersion:   Dev-Sequencer (7B5AE74C-D270-4C10-A958-57980B212A5A): 6
LogDevObjectVersion:   Dev-VR (D7296918-1DD6-4BDD-9DE2-64A83CC13884): 1
LogDevObjectVersion:   Dev-LoadTimes (C2A15278-BFE7-4AFE-6C17-90FF531DF755): 1
LogDevObjectVersion:   Private-Geometry (6EACA3D4-40EC-4CC1-B786-8BED09428FC5): 2
LogDevObjectVersion:   Dev-AnimPhys (29E575DD-E0A3-4627-9D10-D276232CDCEA): 16
LogDevObjectVersion:   Dev-ReflectionCapture (6B266CEC-1EC7-4B8F-A30B-E4D90942FC07): 1
LogDevObjectVersion:   Dev-Automation (0DF73D61-A23F-47EA-B727-89E90C41499A): 1
LogInit: Compiled (64-bit): Apr 27 2018 02:06:57
LogInit: Compiled with Visual C++: 19.00.24215.01
LogInit: Build Configuration: Development
LogInit: Branch Name: ++UE4+Release-4.19
LogInit: Command Line:  127.0.0.1:17777 -game -PIEVIACONSOLE -ResX=640 -ResY=480  -Multiprocess -messaging -SessionName="Play in Standalone Game" -windowed GameUserSettingsINI="F:/Juegos/UE_Projects/FPBG/Saved/Config/Windows/PIEGameUserSettings2.ini" -MultiprocessSaveConfig  -MultiprocessOSS WinX=8 WinY=31 SAVEWINPOS=1
LogInit: Base Directory: F:/Juegos/UE_4.19/Engine/Binaries/Win64/
LogInit: Installed Engine Build: 1
LogStreaming: Display: Took  0.011s to delete old logs.
LogInit: Presizing for max 8388607 objects, including 0 objects not considered by GC, pre-allocating 0 bytes for permanent pool.
LogInit: Object subsystem initialized
[2018.07.26-20.23.16:120][  0]LogInit: Selected Device Profile: [Windows]
[2018.07.26-20.23.16:120][  0]LogInit: Applying CVar settings loaded from the selected device profile: [Windows]
[2018.07.26-20.23.16:134][  0]LogInit: Computer: Q6600
[2018.07.26-20.23.16:134][  0]LogInit: User: bitt3rman
[2018.07.26-20.23.16:134][  0]LogInit: CPU Page size=4096, Cores=4
[2018.07.26-20.23.16:134][  0]LogInit: High frequency timer resolution =2.343833 MHz
[2018.07.26-20.23.16:135][  0]LogMemory: Memory total: Physical=8.0GB (8GB approx)
[2018.07.26-20.23.16:135][  0]LogMemory: Platform Memory Stats for Windows
[2018.07.26-20.23.16:135][  0]LogMemory: Process Physical Memory: 274.91 MB used, 274.91 MB peak
[2018.07.26-20.23.16:135][  0]LogMemory: Process Virtual Memory: 270.23 MB used, 270.23 MB peak
[2018.07.26-20.23.16:135][  0]LogMemory: Physical Memory: 5420.65 MB used,  2769.84 MB free, 8190.49 MB total
[2018.07.26-20.23.16:135][  0]LogMemory: Virtual Memory: 4776.43 MB used,  2769.84 MB free, 134217728.00 MB total
[2018.07.26-20.23.16:196][  0]LogInit: Using OS detected language (es-ES).
[2018.07.26-20.23.16:196][  0]LogInit: Using OS detected locale (es-ES).
[2018.07.26-20.23.16:196][  0]LogTextLocalizationManager: No localization for 'es-ES' exists, so 'en' will be used for the language.
[2018.07.26-20.23.16:197][  0]LogTextLocalizationManager: No localization for 'es-ES' exists, so 'en' will be used for the locale.
[2018.07.26-20.23.17:393][  0]LogStreaming: Display: Took  1.197s to EndInitTextLocalization.
[2018.07.26-20.23.17:448][  0]LogSlate: New Slate User Created.  User Index 0, Is Virtual User: 0
[2018.07.26-20.23.17:448][  0]LogSlate: Slate User Registered.  User Index 0, Is Virtual User: 0
[2018.07.26-20.23.17:554][  0]LogD3D11RHI: D3D11 adapters:
[2018.07.26-20.23.17:750][  0]LogD3D11RHI:    0. 'NVIDIA GeForce GT 730' (Feature Level 11_0)
[2018.07.26-20.23.17:751][  0]LogD3D11RHI:       2018/0/4095 MB DedicatedVideo/DedicatedSystem/SharedSystem, Outputs:1, VendorId:0x10de
[2018.07.26-20.23.17:761][  0]LogD3D11RHI:    1. 'Microsoft Basic Render Driver' (Feature Level 11_0)
[2018.07.26-20.23.17:761][  0]LogD3D11RHI:       0/0/4095 MB DedicatedVideo/DedicatedSystem/SharedSystem, Outputs:0, VendorId:0x1414
[2018.07.26-20.23.17:761][  0]LogD3D11RHI: Chosen D3D11 Adapter: 0
[2018.07.26-20.23.17:786][  0]LogD3D11RHI: Creating new Direct3DDevice
[2018.07.26-20.23.17:786][  0]LogD3D11RHI:     GPU DeviceId: 0x1287 (for the marketing name, search the web for "GPU Device Id")
[2018.07.26-20.23.17:786][  0]LogWindows: EnumDisplayDevices:
[2018.07.26-20.23.17:787][  0]LogWindows:    0. 'NVIDIA GeForce GT 730' (P:1 D:1)
[2018.07.26-20.23.17:787][  0]LogWindows:    1. 'NVIDIA GeForce GT 730' (P:0 D:0)
[2018.07.26-20.23.17:788][  0]LogWindows:    2. 'NVIDIA GeForce GT 730' (P:0 D:0)
[2018.07.26-20.23.17:788][  0]LogWindows: DebugString: GetVideoDriverDetailsInvalid PrimaryIsNotTheChoosenAdapter GetVideoDriverDetailsInvalid PrimaryIsNotTheChoosenAdapter GetVideoDriverDetailsInvalid PrimaryIsNotTheChoosenAdapter FoundDriverCount:0 
[2018.07.26-20.23.17:788][  0]LogD3D11RHI:     Adapter Name: NVIDIA GeForce GT 730
[2018.07.26-20.23.17:788][  0]LogD3D11RHI:   Driver Version: Unknown (internal:Unknown, unified:Unknown)
[2018.07.26-20.23.17:788][  0]LogD3D11RHI:      Driver Date: Unknown
[2018.07.26-20.23.17:788][  0]LogRHI: Texture pool is 1413 MB (70% of 2018 MB)
[2018.07.26-20.23.17:879][  0]LogD3D11RHI: [Aftermath] Aftermath enabled but failed to initialize
[2018.07.26-20.23.17:879][  0]LogD3D11RHI: [Aftermath] Aftermath enabled and primed
[2018.07.26-20.23.17:879][  0]LogD3D11RHI: Async texture creation enabled
[2018.07.26-20.23.17:904][  0]LogD3D11RHI: GPU Timing Frequency: 1000.000000 (Debug: 2 1)
[2018.07.26-20.23.17:910][  0]LogShaderCompilers: Guid format shader working directory is 21 characters bigger than the processId version (../../../../UE_Projects/FPBG/Intermediate/Shaders/WorkingDirectory/14452/).
[2018.07.26-20.23.17:910][  0]LogShaderCompilers: Cleaned the shader compiler working directory 'C:/Users/bitt3rman/AppData/Local/Temp/UnrealShaderWorkingDir/F12B5DCC4D6994414B4C0CB8C64398EB/'.
[2018.07.26-20.23.18:806][  0]LogTemp: Display: Loaded TP WindowsClientTargetPlatform
[2018.07.26-20.23.18:846][  0]LogTemp: Display: Loaded TP WindowsNoEditorTargetPlatform
[2018.07.26-20.23.18:889][  0]LogTemp: Display: Loaded TP WindowsServerTargetPlatform
[2018.07.26-20.23.18:936][  0]LogTemp: Display: Loaded TP WindowsTargetPlatform
[2018.07.26-20.23.18:936][  0]LogTargetPlatformManager: Display: Building Assets For Windows
[2018.07.26-20.23.19:314][  0]LogXGEController: Cannot use XGE Controller as Incredibuild is not installed on this machine.
[2018.07.26-20.23.19:315][  0]LogShaderCompilers: Cannot use XGE Shader Compiler as Incredibuild is not installed on this machine.
[2018.07.26-20.23.19:315][  0]LogShaderCompilers: Display: Using Local Shader Compiler.
[2018.07.26-20.23.21:938][  0]LogDerivedDataCache: Display: Max Cache Size: 512 MB
[2018.07.26-20.23.22:471][  0]LogDerivedDataCache: Loaded boot cache 0.53s 74MB C:/Users/bitt3rman/AppData/Local/UnrealEngine/4.19/DerivedDataCache/Boot.ddc.
[2018.07.26-20.23.22:471][  0]LogDerivedDataCache: Display: Loaded Boot cache: C:/Users/bitt3rman/AppData/Local/UnrealEngine/4.19/DerivedDataCache/Boot.ddc
[2018.07.26-20.23.22:471][  0]LogDerivedDataCache: FDerivedDataBackendGraph:  Pak pak cache file ../../../../UE_Projects/FPBG/DerivedDataCache/DDC.ddp not found, will not use a pak cache.
[2018.07.26-20.23.22:472][  0]LogDerivedDataCache: Unable to find inner node Pak for hierarchical cache Hierarchy.
[2018.07.26-20.23.22:472][  0]LogDerivedDataCache: FDerivedDataBackendGraph:  CompressedPak pak cache file ../../../../UE_Projects/FPBG/DerivedDataCache/Compressed.ddp not found, will not use a pak cache.
[2018.07.26-20.23.22:472][  0]LogDerivedDataCache: Unable to find inner node CompressedPak for hierarchical cache Hierarchy.
[2018.07.26-20.23.22:512][  0]LogDerivedDataCache: Display: Pak cache opened for reading ../../../Engine/DerivedDataCache/Compressed.ddp.
[2018.07.26-20.23.22:530][  0]LogDerivedDataCache: Using Local data cache path C:/Users/bitt3rman/AppData/Local/UnrealEngine/Common/DerivedDataCache: Writable
[2018.07.26-20.23.22:530][  0]LogDerivedDataCache: Shared data cache path not found in *engine.ini, will not use an Shared cache.
[2018.07.26-20.23.22:530][  0]LogDerivedDataCache: Unable to find inner node Shared for hierarchical cache Hierarchy.
[2018.07.26-20.23.22:568][  0]LogMaterial: Verifying Global Shaders for PCD3D_SM5
[2018.07.26-20.23.22:569][  0]LogSlate: Using Freetype 2.6.0
[2018.07.26-20.23.22:571][  0]LogSlate: SlateFontCache - WITH_FREETYPE: 1, WITH_HARFBUZZ: 1
[2018.07.26-20.23.22:571][  0]LogSlate: SlateFontCache - WITH_FREETYPE: 1, WITH_HARFBUZZ: 1
[2018.07.26-20.23.23:006][  0]LogAssetRegistry: FAssetRegistry took 0.0160 seconds to start up
[2018.07.26-20.23.23:640][  0]LogPackageLocalizationCache: Processed 9 localized package path(s) for 1 prioritized culture(s) in 0.045959 seconds
[2018.07.26-20.23.23:963][  0]LogInit: Selected Device Profile: [Windows]
[2018.07.26-20.23.24:399][  0]LogSimplygon: Simplygon DLL not present - disabling.
[2018.07.26-20.23.24:407][  0]LogMeshReduction: Using SimplygonSwarm for distributed automatic mesh merging
[2018.07.26-20.23.24:407][  0]LogMeshReduction: Using QuadricMeshReduction for automatic static mesh reduction
[2018.07.26-20.23.24:407][  0]LogMeshReduction: No automatic skeletal mesh reduction module available
[2018.07.26-20.23.24:407][  0]LogMeshReduction: No automatic mesh merging module available
[2018.07.26-20.23.24:407][  0]LogMeshMerging: No automatic mesh merging module available
[2018.07.26-20.23.24:553][  0]LogNetVersion: FPBG , NetCL: 3944462, EngineNetVer: 2, GameNetVer: 0 (Checksum: 1413110598)
[2018.07.26-20.23.26:888][  0]LogMoviePlayer: Initializing movie player
[2018.07.26-20.23.27:757][  0]LogTcpMessaging: Initializing TcpMessaging bridge
[2018.07.26-20.23.27:858][  0]LogUdpMessaging: Initializing bridge on interface 0.0.0.0:0 to multicast group 230.0.0.1:6666.
[2018.07.26-20.23.28:663][  0]SourceControl: Source control is disabled
[2018.07.26-20.23.28:663][  0]SourceControl: Source control is disabled
[2018.07.26-20.23.28:741][  0]SourceControl: Source control is disabled
[2018.07.26-20.23.29:855][  0]LogAndroidPermission: UAndroidPermissionCallbackProxy::GetInstance
[2018.07.26-20.23.30:410][  0]LogOcInput: OculusInput pre-init called
[2018.07.26-20.23.30:616][  0]LogUObjectArray: 40131 objects as part of root set at end of initial load.
[2018.07.26-20.23.30:616][  0]LogUObjectAllocator: 8578472 out of 0 bytes used by permanent object pool.
[2018.07.26-20.23.30:616][  0]LogUObjectArray: CloseDisregardForGC: 0/0 objects in disregard for GC pool
[2018.07.26-20.23.30:738][  0]LogEngine: Initializing Engine...
[2018.07.26-20.23.30:749][  0]LogHMD: Failed to initialize OpenVR with code 110
[2018.07.26-20.23.30:767][  0]LogStats: UGameplayTagsManager::ConstructGameplayTagTree: Construct from data asset -  0.000 s
[2018.07.26-20.23.30:768][  0]LogStats: UGameplayTagsManager::ConstructGameplayTagTree: GameplayTagTreeChangedEvent.Broadcast -  0.000 s
[2018.07.26-20.23.31:881][  0]LogInit: XAudio2 using 'Speakers (High Definition Audio Device)' : 2 channels at 48 kHz using 16 bits per sample (channel mask 0x3)
[2018.07.26-20.23.32:023][  0]LogInit: FAudioDevice initialized.
[2018.07.26-20.23.32:145][  0]LogInit: Texture streaming: Enabled
[2018.07.26-20.23.32:534][  0]LogUObjectGlobals: Created PersistentFrame Addr=0x000001c047b19a80, Size=632, Default__GameInfoInstance_C Function /Game/Blueprints/AllLevels/GameInfoInstance.GameInfoInstance_C:ExecuteUbergraph_GameInfoInstance
[2018.07.26-20.23.32:550][  0]LogUObjectGlobals: Created PersistentFrame Addr=0x000001c04601d648, Size=40, Default__ErrorDialog_C Function /Game/UI/MainMenu/ErrorDialog.ErrorDialog_C:ExecuteUbergraph_ErrorDialog
[2018.07.26-20.23.32:579][  0]LogUObjectGlobals: Created PersistentFrame Addr=0x000001c047b79b40, Size=96, Default__HostMenu_C Function /Game/UI/MainMenu/HostMenu.HostMenu_C:ExecuteUbergraph_HostMenu
[2018.07.26-20.23.32:594][  0]LogUObjectGlobals: Created PersistentFrame Addr=0x000001c039587000, Size=64, Default__MainMenu_C Function /Game/UI/MainMenu/MainMenu.MainMenu_C:ExecuteUbergraph_MainMenu
[2018.07.26-20.23.32:660][  0]LogUObjectGlobals: Created PersistentFrame Addr=0x000001c03957eb70, Size=104, Default__OptionsMenu_C Function /Game/UI/MainMenu/OptionsMenu.OptionsMenu_C:ExecuteUbergraph_OptionsMenu
[2018.07.26-20.23.32:679][  0]LogUObjectGlobals: Created PersistentFrame Addr=0x000001c03959dd00, Size=608, Default__ServerMenu_C Function /Game/UI/MainMenu/ServerMenu.ServerMenu_C:ExecuteUbergraph_ServerMenu
[2018.07.26-20.23.32:832][  0]LogUObjectGlobals: Destroyed PersistentFrame Addr=0x000001c047b19a80, Size=632
[2018.07.26-20.23.32:832][  0]LogUObjectGlobals: Created PersistentFrame Addr=0x000001c039481d00, Size=632, Default__GameInfoInstance_C Function /Engine/Transient.REINST_GameInfoInstance_C_2:ExecuteUbergraph_GameInfoInstance
[2018.07.26-20.23.32:833][  0]LogUObjectGlobals: Destroyed PersistentFrame Addr=0x000001c04601d648, Size=40
[2018.07.26-20.23.32:833][  0]LogUObjectGlobals: Created PersistentFrame Addr=0x000001c0394a6098, Size=40, Default__ErrorDialog_C Function /Engine/Transient.REINST_ErrorDialog_C_0:ExecuteUbergraph_ErrorDialog
[2018.07.26-20.23.32:835][  0]LogUObjectGlobals: Destroyed PersistentFrame Addr=0x000001c047b79b40, Size=96
[2018.07.26-20.23.32:835][  0]LogUObjectGlobals: Created PersistentFrame Addr=0x000001c018c24ca0, Size=96, Default__HostMenu_C Function /Engine/Transient.REINST_HostMenu_C_1:ExecuteUbergraph_HostMenu
[2018.07.26-20.23.32:837][  0]LogUObjectGlobals: Destroyed PersistentFrame Addr=0x000001c039587000, Size=64
[2018.07.26-20.23.32:837][  0]LogUObjectGlobals: Created PersistentFrame Addr=0x000001c047a8ce00, Size=64, Default__MainMenu_C Function /Engine/Transient.REINST_MainMenu_C_3:ExecuteUbergraph_MainMenu
[2018.07.26-20.23.32:838][  0]LogUObjectGlobals: Destroyed PersistentFrame Addr=0x000001c03957eb70, Size=104
[2018.07.26-20.23.32:838][  0]LogUObjectGlobals: Created PersistentFrame Addr=0x000001c047aa4170, Size=104, Default__OptionsMenu_C Function /Engine/Transient.REINST_OptionsMenu_C_4:ExecuteUbergraph_OptionsMenu
[2018.07.26-20.23.32:840][  0]LogUObjectGlobals: Destroyed PersistentFrame Addr=0x000001c03959dd00, Size=608
[2018.07.26-20.23.32:840][  0]LogUObjectGlobals: Created PersistentFrame Addr=0x000001c039481800, Size=608, Default__ServerMenu_C Function /Engine/Transient.REINST_ServerMenu_C_5:ExecuteUbergraph_ServerMenu
[2018.07.26-20.23.32:968][  0]LogUObjectGlobals: Created PersistentFrame Addr=0x000001c047796700, Size=632, Default__GameInfoInstance_C Function /Game/Blueprints/AllLevels/GameInfoInstance.GameInfoInstance_C:ExecuteUbergraph_GameInfoInstance
[2018.07.26-20.23.32:972][  0]LogUObjectGlobals: Created PersistentFrame Addr=0x000001c0394a6980, Size=40, Default__ErrorDialog_C Function /Game/UI/MainMenu/ErrorDialog.ErrorDialog_C:ExecuteUbergraph_ErrorDialog
[2018.07.26-20.23.32:981][  0]LogUObjectGlobals: Created PersistentFrame Addr=0x000001c047821c60, Size=96, Default__HostMenu_C Function /Game/UI/MainMenu/HostMenu.HostMenu_C:ExecuteUbergraph_HostMenu
[2018.07.26-20.23.32:986][  0]LogUObjectGlobals: Created PersistentFrame Addr=0x000001c047a94100, Size=56, Default__MainMenu_C Function /Game/UI/MainMenu/MainMenu.MainMenu_C:ExecuteUbergraph_MainMenu
[2018.07.26-20.23.32:991][  0]LogUObjectGlobals: Created PersistentFrame Addr=0x000001c047715670, Size=104, Default__OptionsMenu_C Function /Game/UI/MainMenu/OptionsMenu.OptionsMenu_C:ExecuteUbergraph_OptionsMenu
[2018.07.26-20.23.33:001][  0]LogUObjectGlobals: Created PersistentFrame Addr=0x000001c047794b80, Size=592, Default__ServerMenu_C Function /Game/UI/MainMenu/ServerMenu.ServerMenu_C:ExecuteUbergraph_ServerMenu
[2018.07.26-20.23.33:084][  0]LogInit: Display: Game Engine Initialized.
[2018.07.26-20.23.33:084][  0]LogGameplayTags: Display: UGameplayTagsManager::DoneAddingNativeTags. DelegateIsBound: 0
[2018.07.26-20.23.33:084][  0]LogStats: UGameplayTagsManager::ConstructGameplayTagTree: Construct from data asset -  0.000 s
[2018.07.26-20.23.33:084][  0]LogStats: UGameplayTagsManager::ConstructGameplayTagTree: GameplayTagTreeChangedEvent.Broadcast -  0.000 s
[2018.07.26-20.23.33:636][  0]LogInit: Display: Starting Game.
[2018.07.26-20.23.33:636][  0]LogNet: Browse: 127.0.0.1:17777//Game/Maps/MainMenu?Name=Player
[2018.07.26-20.23.33:636][  0]LogOnline: Warning: STEAM: Steam API disabled!
[2018.07.26-20.23.33:636][  0]LogOnline: Display: STEAM: OnlineSubsystemSteam::Shutdown()
[2018.07.26-20.23.33:637][  0]LogTemp: Display: ParseSettings for GameNetDriver
[2018.07.26-20.23.33:637][  0]LogTemp: Display: ParseSettings for IpNetDriver_0
[2018.07.26-20.23.33:637][  0]LogTemp: Display: ParseSettings for PendingNetDriver
[2018.07.26-20.23.33:637][  0]LogInit: WinSock: Socket queue 32768 / 32768
[2018.07.26-20.23.33:638][  0]PacketHandlerLog: Loaded PacketHandler component: Engine.EngineHandlerComponentFactory (StatelessConnectHandlerComponent)
[2018.07.26-20.23.33:638][  0]LogNet: Game client on port 17777, rate 10000
[2018.07.26-20.23.33:729][  0]LogLoad: (Engine Initialization) Total time: 25.57 seconds
[2018.07.26-20.23.33:729][  0]LogLoad: (Engine Initialization) Total Blueprint compile time: 0.00 seconds
[2018.07.26-20.23.33:774][  0]LogContentStreaming: Texture pool size now 1000 MB
[2018.07.26-20.23.34:680][ 43]LogHandshake: SendChallengeResponse. Timestamp: 0.016130, Cookie: 083165124064037096158141212253098213083056229131204243163071
[2018.07.26-20.23.34:730][ 46]LogNetVersion: FPBG 1.0.0.0, NetCL: 3944462, EngineNetVer: 2, GameNetVer: 0 (Checksum: 272724767)
[2018.07.26-20.23.34:730][ 46]LogNet: UPendingNetGame::SendInitialJoin: Sending hello. [UNetConnection] RemoteAddr: 127.0.0.1:17777, Name: IpConnection_0, Driver: PendingNetDriver IpNetDriver_0, IsServer: NO, PC: NULL, Owner: NULL, UniqueId: INVALID
[2018.07.26-20.23.34:964][ 49]LogNet: Welcomed by server (Level: /Game/Maps/MainMenu, Game: /Game/FirstPersonBP/Blueprints/FirstPersonGameMode.FirstPersonGameMode_C)
[2018.07.26-20.23.34:965][ 49]LogLoad: LoadMap: 127.0.0.1:17777//Game/Maps/MainMenu?Name=Player?game=/Game/FirstPersonBP/Blueprints/FirstPersonGameMode.FirstPersonGameMode_C
[2018.07.26-20.23.35:009][ 49]LogUObjectGlobals: Destroyed PersistentFrame Addr=0x000001c039481d00, Size=632
[2018.07.26-20.23.35:009][ 49]LogUObjectGlobals: Destroyed PersistentFrame Addr=0x000001c0394a6098, Size=40
[2018.07.26-20.23.35:010][ 49]LogUObjectGlobals: Destroyed PersistentFrame Addr=0x000001c018c24ca0, Size=96
[2018.07.26-20.23.35:010][ 49]LogUObjectGlobals: Destroyed PersistentFrame Addr=0x000001c047a8ce00, Size=64
[2018.07.26-20.23.35:010][ 49]LogUObjectGlobals: Destroyed PersistentFrame Addr=0x000001c047aa4170, Size=104
[2018.07.26-20.23.35:010][ 49]LogUObjectGlobals: Destroyed PersistentFrame Addr=0x000001c039481800, Size=608
[2018.07.26-20.23.35:020][ 49]LogUObjectGlobals: Created PersistentFrame Addr=0x000001c0477eb500, Size=32, Default__MainMenu_C Function /Game/Maps/MainMenu.MainMenu_C:ExecuteUbergraph_MainMenu
[2018.07.26-20.23.35:022][ 49]LogUObjectGlobals: Destroyed PersistentFrame Addr=0x000001c0477eb500, Size=32
[2018.07.26-20.23.35:022][ 49]LogUObjectGlobals: Created PersistentFrame Addr=0x000001c0477eb500, Size=32, Default__MainMenu_C Function /Engine/Transient.REINST_MainMenu_C_13:ExecuteUbergraph_MainMenu
[2018.07.26-20.23.35:024][ 49]LogUObjectGlobals: Created PersistentFrame Addr=0x000001c0477e82e0, Size=32, Default__MainMenu_C Function /Game/Maps/MainMenu.MainMenu_C:ExecuteUbergraph_MainMenu
[2018.07.26-20.23.35:054][ 49]LogAIModule: Creating AISystem for world MainMenu
[2018.07.26-20.23.35:055][ 49]LogTemp: Display: ParseSettings for GameNetDriver
[2018.07.26-20.23.35:058][ 49]LogWorld: Bringing World /Game/Maps/MainMenu.MainMenu up for play (max tick rate 0) at 2018.07.26-21.23.35
[2018.07.26-20.23.35:058][ 49]LogWorld: Bringing up level for play took: 0.001140
[2018.07.26-20.23.35:059][ 49]LogLoad: Took 0.094383 seconds to LoadMap(/Game/Maps/MainMenu)
[2018.07.26-20.23.35:253][ 50]LogRenderer: Reallocating scene render targets to support 640x480 Format 10 NumSamples 1 (Frame:1).
[2018.07.26-20.23.35:631][ 50]LogUObjectGlobals: Created PersistentFrame Addr=0x000001c04772c288, Size=52, Default__FirstPersonHUD_C Function /Game/FirstPersonBP/Blueprints/FirstPersonHUD.FirstPersonHUD_C:ExecuteUbergraph_FirstPersonHUD
[2018.07.26-20.23.35:642][ 50]LogUObjectGlobals: Destroyed PersistentFrame Addr=0x000001c04772c288, Size=52
[2018.07.26-20.23.35:642][ 50]LogUObjectGlobals: Created PersistentFrame Addr=0x000001c04772c288, Size=52, Default__FirstPersonHUD_C Function /Engine/Transient.REINST_FirstPersonHUD_C_15:ExecuteUbergraph_FirstPersonHUD
[2018.07.26-20.23.35:647][ 50]LogUObjectGlobals: Created PersistentFrame Addr=0x000001c047a95a28, Size=52, Default__FirstPersonHUD_C Function /Game/FirstPersonBP/Blueprints/FirstPersonHUD.FirstPersonHUD_C:ExecuteUbergraph_FirstPersonHUD
[2018.07.26-20.23.35:705][ 50]LogUObjectGlobals: Created PersistentFrame Addr=0x000001c047af7400, Size=688, Default__FirstPersonCharacter_C Function /Game/FirstPersonBP/Blueprints/FirstPersonCharacter.FirstPersonCharacter_C:ExecuteUbergraph_FirstPersonCharacter
[2018.07.26-20.23.35:711][ 50]LogUObjectGlobals: Created PersistentFrame Addr=0x000001c047740800, Size=256, Default__FirstPersonProjectile_C Function /Game/FirstPersonBP/Blueprints/FirstPersonProjectile.FirstPersonProjectile_C:ExecuteUbergraph_FirstPersonProjectile
[2018.07.26-20.23.35:755][ 50]LogUObjectGlobals: Created PersistentFrame Addr=0x000001c0479596c0, Size=72, Default__FirstPerson_AnimBP_C Function /Game/FirstPerson/Animations/FirstPerson_AnimBP.FirstPerson_AnimBP_C:ExecuteUbergraph_FirstPerson_AnimBP
[2018.07.26-20.23.35:850][ 50]LogUObjectGlobals: Destroyed PersistentFrame Addr=0x000001c0479596c0, Size=72
[2018.07.26-20.23.35:850][ 50]LogUObjectGlobals: Created PersistentFrame Addr=0x000001c04787f0b0, Size=72, Default__FirstPerson_AnimBP_C Function /Engine/Transient.REINST_FirstPerson_AnimBP_C_0:ExecuteUbergraph_FirstPerson_AnimBP
[2018.07.26-20.23.35:851][ 50]LogUObjectGlobals: Destroyed PersistentFrame Addr=0x000001c047740800, Size=256
[2018.07.26-20.23.35:851][ 50]LogUObjectGlobals: Created PersistentFrame Addr=0x000001c047740800, Size=256, Default__FirstPersonProjectile_C Function /Engine/Transient.REINST_FirstPersonProjectile_C_17:ExecuteUbergraph_FirstPersonProjectile
[2018.07.26-20.23.35:852][ 50]LogUObjectGlobals: Destroyed PersistentFrame Addr=0x000001c047af7400, Size=688
[2018.07.26-20.23.35:852][ 50]LogUObjectGlobals: Created PersistentFrame Addr=0x000001c04a801300, Size=688, Default__FirstPersonCharacter_C Function /Engine/Transient.REINST_FirstPersonCharacter_C_18:ExecuteUbergraph_FirstPersonCharacter
[2018.07.26-20.23.35:899][ 50]LogUObjectGlobals: Created PersistentFrame Addr=0x000001c04a78b180, Size=64, Default__FirstPerson_AnimBP_C Function /Game/FirstPerson/Animations/FirstPerson_AnimBP.FirstPerson_AnimBP_C:ExecuteUbergraph_FirstPerson_AnimBP
[2018.07.26-20.23.35:900][ 50]LogUObjectGlobals: Created PersistentFrame Addr=0x000001c04778c100, Size=256, Default__FirstPersonProjectile_C Function /Game/FirstPersonBP/Blueprints/FirstPersonProjectile.FirstPersonProjectile_C:ExecuteUbergraph_FirstPersonProjectile
[2018.07.26-20.23.35:907][ 50]LogUObjectGlobals: Created PersistentFrame Addr=0x000001c04a79a800, Size=688, Default__FirstPersonCharacter_C Function /Game/FirstPersonBP/Blueprints/FirstPersonCharacter.FirstPersonCharacter_C:ExecuteUbergraph_FirstPersonCharacter
[2018.07.26-20.23.36:295][ 50]LogSkeletalMesh: Skeletal Mesh found in DDC [12.427506ms] /Game/FirstPerson/FPWeapon/Mesh/SK_FPGun.SK_FPGun
[2018.07.26-20.23.36:321][ 50]LogSkeletalMesh: Skeletal Mesh found in DDC [22.249453ms] /Game/FirstPerson/Character/Mesh/SK_Mannequin_Arms.SK_Mannequin_Arms
[2018.07.26-20.23.36:353][ 50]LogOnline: Warning: OSS: No game present to join for session (GameSession)
[2018.07.26-20.23.36:353][ 50]LogOnline: Warning: OSS: No game present to join for session (GameSession)
[2018.07.26-20.23.36:371][ 50]LogOnline: Warning: OSS: No game present to join for session (GameSession)
[2018.07.26-20.23.48:742][695]LogSlate: Took 0.005505 seconds to synchronously load lazily loaded font '../../../Engine/Content/Slate/Fonts/Roboto-Regular.ttf' (155K)
[2018.07.26-20.23.49:557][743]LogSlate: FSceneViewport::OnFocusLost() reason 0
[2018.07.26-20.23.51:356][833]LogPackageName: SearchForPackageOnDisk took   0.265s to resolve Lobby.umap.
[2018.07.26-20.23.51:593][833]LogPackageName: SearchForPackageOnDisk took   0.236s to resolve Lobby.umap.
[2018.07.26-20.23.51:594][833]LogNet: Browse: /Game/Maps/Lobby?listen
[2018.07.26-20.23.51:594][833]LogLoad: LoadMap: /Game/Maps/Lobby?listen
[2018.07.26-20.23.51:594][833]LogNet: World NetDriver shutdown IpNetDriver_0 [GameNetDriver]
[2018.07.26-20.23.51:594][833]LogNet: DestroyNamedNetDriver IpNetDriver_0 [GameNetDriver]
[2018.07.26-20.23.51:594][833]LogNet: UNetConnection::Close: [UNetConnection] RemoteAddr: 127.0.0.1:17777, Name: IpConnection_0, Driver: GameNetDriver IpNetDriver_0, IsServer: NO, PC: PlayerController_1, Owner: PlayerController_1, UniqueId: Q6600-60A99876470BC8CA8618D6833F4C7CA5, Channels: 12, Time: 2018.07.26-20.23.51
[2018.07.26-20.23.51:594][833]LogNet: UChannel::Close: Sending CloseBunch. ChIndex == 0. Name: [UChannel] ChIndex: 0, Closing: 0 [UNetConnection] RemoteAddr: 127.0.0.1:17777, Name: IpConnection_0, Driver: GameNetDriver IpNetDriver_0, IsServer: NO, PC: PlayerController_1, Owner: PlayerController_1, UniqueId: Q6600-60A99876470BC8CA8618D6833F4C7CA5
[2018.07.26-20.23.51:595][833]LogExit: GameNetDriver IpNetDriver_0 shut down
[2018.07.26-20.23.51:652][833]LogUObjectGlobals: Destroyed PersistentFrame Addr=0x000001c04787f0b0, Size=72
[2018.07.26-20.23.51:652][833]LogUObjectGlobals: Destroyed PersistentFrame Addr=0x000001c047740800, Size=256
[2018.07.26-20.23.51:653][833]LogUObjectGlobals: Destroyed PersistentFrame Addr=0x000001c04a801300, Size=688
[2018.07.26-20.23.51:653][833]LogUObjectGlobals: Destroyed PersistentFrame Addr=0x000001c047a95a28, Size=52
[2018.07.26-20.23.51:653][833]LogUObjectGlobals: Destroyed PersistentFrame Addr=0x000001c04772c288, Size=52
[2018.07.26-20.23.51:653][833]LogUObjectGlobals: Destroyed PersistentFrame Addr=0x000001c0477e82e0, Size=32
[2018.07.26-20.23.51:653][833]LogUObjectGlobals: Destroyed PersistentFrame Addr=0x000001c0477eb500, Size=32
[2018.07.26-20.23.51:655][833]LogUObjectGlobals: Destroyed PersistentFrame Addr=0x000001c04a78b180, Size=64
[2018.07.26-20.23.51:655][833]LogUObjectGlobals: Destroyed PersistentFrame Addr=0x000001c04778c100, Size=256
[2018.07.26-20.23.51:656][833]LogUObjectGlobals: Destroyed PersistentFrame Addr=0x000001c04a79a800, Size=688
[2018.07.26-20.23.51:911][833]LogUObjectGlobals: Created PersistentFrame Addr=0x000001c047833580, Size=832, Default__LobbyGM_C Function /Game/Blueprints/Lobby/LobbyGM.LobbyGM_C:ExecuteUbergraph_LobbyGM
[2018.07.26-20.23.51:920][833]LogUObjectGlobals: Created PersistentFrame Addr=0x000001c04a800400, Size=656, Default__0_Base_C Function /Game/Blueprints/Characters/0_Base.0_Base_C:ExecuteUbergraph_0_Base
[2018.07.26-20.23.51:924][833]LogUObjectGlobals: Created PersistentFrame Addr=0x000001c04778f900, Size=256, Default__FirstPersonProjectile_C Function /Game/FirstPersonBP/Blueprints/FirstPersonProjectile.FirstPersonProjectile_C:ExecuteUbergraph_FirstPersonProjectile
[2018.07.26-20.23.51:957][833]LogUObjectGlobals: Created PersistentFrame Addr=0x000001c02860a2f0, Size=72, Default__FirstPerson_AnimBP_C Function /Game/FirstPerson/Animations/FirstPerson_AnimBP.FirstPerson_AnimBP_C:ExecuteUbergraph_FirstPerson_AnimBP
[2018.07.26-20.23.52:051][833]LogUObjectGlobals: Created PersistentFrame Addr=0x000001c0476da780, Size=880, Default__LobbyPC_C Function /Game/Blueprints/Lobby/LobbyPC.LobbyPC_C:ExecuteUbergraph_LobbyPC
[2018.07.26-20.23.52:072][833]LogUObjectGlobals: Created PersistentFrame Addr=0x000001c04e87b240, Size=320, Default__LobbyMenu_C Function /Game/UI/Lobby/LobbyMenu.LobbyMenu_C:ExecuteUbergraph_LobbyMenu
[2018.07.26-20.23.52:091][833]LogUObjectGlobals: Created PersistentFrame Addr=0x000001c04e879580, Size=320, Default__ChatWindow_C Function /Game/UI/AllLevels/ChatWindow.ChatWindow_C:ExecuteUbergraph_ChatWindow
[2018.07.26-20.23.52:100][833]LogUObjectGlobals: Created PersistentFrame Addr=0x000001c0478a1800, Size=544, Default__GameplayPC_C Function /Game/Blueprints/Gameplay/GameplayPC.GameplayPC_C:ExecuteUbergraph_GameplayPC
[2018.07.26-20.23.52:109][833]LogUObjectGlobals: Created PersistentFrame Addr=0x000001c0478d1300, Size=368, Default__GameplayGM_C Function /Game/Blueprints/Gameplay/GameplayGM.GameplayGM_C:ExecuteUbergraph_GameplayGM
[2018.07.26-20.23.52:142][833]LogUObjectGlobals: Created PersistentFrame Addr=0x000001c04e87f3a0, Size=8, Default__TurnPlayerList_C Function /Game/UI/AllLevels/TurnPlayerList.TurnPlayerList_C:ExecuteUbergraph_TurnPlayerList
[2018.07.26-20.23.52:157][833]LogUObjectGlobals: Created PersistentFrame Addr=0x000001c03947e680, Size=48, Default__TurnPlayerInfo_C Function /Game/UI/AllLevels/TurnPlayerInfo.TurnPlayerInfo_C:ExecuteUbergraph_TurnPlayerInfo
[2018.07.26-20.23.52:170][833]LogUObjectGlobals: Created PersistentFrame Addr=0x000001c0285a2cf0, Size=80, Default__CharacterSelect_C Function /Game/UI/Lobby/CharacterSelect.CharacterSelect_C:ExecuteUbergraph_CharacterSelect
[2018.07.26-20.23.52:188][833]LogUObjectGlobals: Created PersistentFrame Addr=0x000001c04a7d22c0, Size=192, Default__GameSettings_C Function /Game/UI/Lobby/GameSettings.GameSettings_C:ExecuteUbergraph_GameSettings
[2018.07.26-20.23.52:192][833]LogUObjectGlobals: Created PersistentFrame Addr=0x000001c04793bce0, Size=32, Default__PlayerButton_C Function /Game/UI/Lobby/PlayerButton.PlayerButton_C:ExecuteUbergraph_PlayerButton
[2018.07.26-20.23.52:282][833]LogUObjectGlobals: Created PersistentFrame Addr=0x000001c04e87cdd8, Size=4, Default__ConnectedPlayer_C Function /Game/UI/Lobby/ConnectedPlayer.ConnectedPlayer_C:ExecuteUbergraph_ConnectedPlayer
[2018.07.26-20.23.52:326][833]LogUObjectGlobals: Created PersistentFrame Addr=0x000001c04bbcb400, Size=656, Default__Character_1_C Function /Game/Blueprints/Characters/0_Base.0_Base_C:ExecuteUbergraph_0_Base
[2018.07.26-20.23.52:334][833]LogUObjectGlobals: Created PersistentFrame Addr=0x000001c04bbca500, Size=656, Default__Character_2_C Function /Game/Blueprints/Characters/0_Base.0_Base_C:ExecuteUbergraph_0_Base
[2018.07.26-20.23.52:342][833]LogUObjectGlobals: Created PersistentFrame Addr=0x000001c04bbc9f00, Size=656, Default__Character_3_C Function /Game/Blueprints/Characters/0_Base.0_Base_C:ExecuteUbergraph_0_Base
[2018.07.26-20.23.52:351][833]LogUObjectGlobals: Created PersistentFrame Addr=0x000001c04bbcba00, Size=656, Default__Character_4_C Function /Game/Blueprints/Characters/0_Base.0_Base_C:ExecuteUbergraph_0_Base
[2018.07.26-20.23.52:359][833]LogUObjectGlobals: Created PersistentFrame Addr=0x000001c04e49b100, Size=656, Default__Character_5_C Function /Game/Blueprints/Characters/0_Base.0_Base_C:ExecuteUbergraph_0_Base
[2018.07.26-20.23.52:368][833]LogUObjectGlobals: Created PersistentFrame Addr=0x000001c04e49b700, Size=656, Default__Character_6_C Function /Game/Blueprints/Characters/0_Base.0_Base_C:ExecuteUbergraph_0_Base
[2018.07.26-20.23.52:485][833]LogUObjectGlobals: Destroyed PersistentFrame Addr=0x000001c02860a2f0, Size=72
[2018.07.26-20.23.52:485][833]LogUObjectGlobals: Created PersistentFrame Addr=0x000001c04aeaf740, Size=72, Default__FirstPerson_AnimBP_C Function /Engine/Transient.REINST_FirstPerson_AnimBP_C_1:ExecuteUbergraph_FirstPerson_AnimBP
[2018.07.26-20.23.52:486][833]LogUObjectGlobals: Destroyed PersistentFrame Addr=0x000001c04778f900, Size=256
[2018.07.26-20.23.52:486][833]LogUObjectGlobals: Created PersistentFrame Addr=0x000001c047741100, Size=256, Default__FirstPersonProjectile_C Function /Engine/Transient.REINST_FirstPersonProjectile_C_27:ExecuteUbergraph_FirstPersonProjectile
[2018.07.26-20.23.52:488][833]LogUObjectGlobals: Destroyed PersistentFrame Addr=0x000001c04a800400, Size=656
[2018.07.26-20.23.52:488][833]LogUObjectGlobals: Created PersistentFrame Addr=0x000001c04bbd8100, Size=656, Default__0_Base_C Function /Engine/Transient.REINST_0_Base_C_28:ExecuteUbergraph_0_Base
[2018.07.26-20.23.52:489][833]LogUObjectGlobals: Destroyed PersistentFrame Addr=0x000001c0285a2cf0, Size=80
[2018.07.26-20.23.52:489][833]LogUObjectGlobals: Created PersistentFrame Addr=0x000001c04aeae520, Size=80, Default__CharacterSelect_C Function /Engine/Transient.REINST_CharacterSelect_C_6:ExecuteUbergraph_CharacterSelect
[2018.07.26-20.23.52:490][833]LogUObjectGlobals: Destroyed PersistentFrame Addr=0x000001c04e879580, Size=320
[2018.07.26-20.23.52:490][833]LogUObjectGlobals: Created PersistentFrame Addr=0x000001c03f83ee80, Size=320, Default__ChatWindow_C Function /Engine/Transient.REINST_ChatWindow_C_8:ExecuteUbergraph_ChatWindow
[2018.07.26-20.23.52:490][833]LogUObjectGlobals: Destroyed PersistentFrame Addr=0x000001c04e87cdd8, Size=4
[2018.07.26-20.23.52:490][833]LogUObjectGlobals: Created PersistentFrame Addr=0x000001c047a63558, Size=4, Default__ConnectedPlayer_C Function /Engine/Transient.REINST_ConnectedPlayer_C_9:ExecuteUbergraph_ConnectedPlayer
[2018.07.26-20.23.52:491][833]LogUObjectGlobals: Destroyed PersistentFrame Addr=0x000001c0478a1800, Size=544
[2018.07.26-20.23.52:492][833]LogUObjectGlobals: Created PersistentFrame Addr=0x000001c04e457600, Size=544, Default__GameplayPC_C Function /Engine/Transient.REINST_GameplayPC_C_29:ExecuteUbergraph_GameplayPC
[2018.07.26-20.23.52:493][833]LogUObjectGlobals: Destroyed PersistentFrame Addr=0x000001c04a7d22c0, Size=192
[2018.07.26-20.23.52:493][833]LogUObjectGlobals: Created PersistentFrame Addr=0x000001c04adc3ac0, Size=192, Default__GameSettings_C Function /Engine/Transient.REINST_GameSettings_C_11:ExecuteUbergraph_GameSettings
[2018.07.26-20.23.52:495][833]LogUObjectGlobals: Destroyed PersistentFrame Addr=0x000001c04e87b240, Size=320
[2018.07.26-20.23.52:495][833]LogUObjectGlobals: Created PersistentFrame Addr=0x000001c03f83f9c0, Size=320, Default__LobbyMenu_C Function /Engine/Transient.REINST_LobbyMenu_C_12:ExecuteUbergraph_LobbyMenu
[2018.07.26-20.23.52:498][833]LogUObjectGlobals: Destroyed PersistentFrame Addr=0x000001c0476da780, Size=880
[2018.07.26-20.23.52:498][833]LogUObjectGlobals: Created PersistentFrame Addr=0x000001c04ada6e80, Size=880, Default__LobbyPC_C Function /Engine/Transient.REINST_LobbyPC_C_30:ExecuteUbergraph_LobbyPC
[2018.07.26-20.23.52:499][833]LogUObjectGlobals: Destroyed PersistentFrame Addr=0x000001c04793bce0, Size=32
[2018.07.26-20.23.52:499][833]LogUObjectGlobals: Created PersistentFrame Addr=0x000001c04ae04820, Size=32, Default__PlayerButton_C Function /Engine/Transient.REINST_PlayerButton_C_13:ExecuteUbergraph_PlayerButton
[2018.07.26-20.23.52:499][833]LogUObjectGlobals: Destroyed PersistentFrame Addr=0x000001c03947e680, Size=48
[2018.07.26-20.23.52:499][833]LogUObjectGlobals: Created PersistentFrame Addr=0x000001c047775450, Size=48, Default__TurnPlayerInfo_C Function /Engine/Transient.REINST_TurnPlayerInfo_C_14:ExecuteUbergraph_TurnPlayerInfo
[2018.07.26-20.23.52:499][833]LogUObjectGlobals: Destroyed PersistentFrame Addr=0x000001c04e87f3a0, Size=8
[2018.07.26-20.23.52:499][833]LogUObjectGlobals: Created PersistentFrame Addr=0x000001c047a633c8, Size=8, Default__TurnPlayerList_C Function /Engine/Transient.REINST_TurnPlayerList_C_15:ExecuteUbergraph_TurnPlayerList
[2018.07.26-20.23.52:500][833]LogUObjectGlobals: Destroyed PersistentFrame Addr=0x000001c04bbcb400, Size=656
[2018.07.26-20.23.52:500][833]LogUObjectGlobals: Created PersistentFrame Addr=0x000001c027ccf100, Size=656, Default__Character_1_C Function /Engine/Transient.REINST_0_Base_C_28:ExecuteUbergraph_0_Base
[2018.07.26-20.23.52:500][833]LogUObjectGlobals: Destroyed PersistentFrame Addr=0x000001c04bbca500, Size=656
[2018.07.26-20.23.52:500][833]LogUObjectGlobals: Created PersistentFrame Addr=0x000001c027ccee00, Size=656, Default__Character_2_C Function /Engine/Transient.REINST_0_Base_C_28:ExecuteUbergraph_0_Base
[2018.07.26-20.23.52:500][833]LogUObjectGlobals: Destroyed PersistentFrame Addr=0x000001c04bbc9f00, Size=656
[2018.07.26-20.23.52:500][833]LogUObjectGlobals: Created PersistentFrame Addr=0x000001c027cce800, Size=656, Default__Character_3_C Function /Engine/Transient.REINST_0_Base_C_28:ExecuteUbergraph_0_Base
[2018.07.26-20.23.52:500][833]LogUObjectGlobals: Destroyed PersistentFrame Addr=0x000001c04bbcba00, Size=656
[2018.07.26-20.23.52:501][833]LogUObjectGlobals: Created PersistentFrame Addr=0x000001c027cce200, Size=656, Default__Character_4_C Function /Engine/Transient.REINST_0_Base_C_28:ExecuteUbergraph_0_Base
[2018.07.26-20.23.52:501][833]LogUObjectGlobals: Destroyed PersistentFrame Addr=0x000001c04e49b100, Size=656
[2018.07.26-20.23.52:501][833]LogUObjectGlobals: Created PersistentFrame Addr=0x000001c027ccdf00, Size=656, Default__Character_5_C Function /Engine/Transient.REINST_0_Base_C_28:ExecuteUbergraph_0_Base
[2018.07.26-20.23.52:501][833]LogUObjectGlobals: Destroyed PersistentFrame Addr=0x000001c04e49b700, Size=656
[2018.07.26-20.23.52:501][833]LogUObjectGlobals: Created PersistentFrame Addr=0x000001c027ccdc00, Size=656, Default__Character_6_C Function /Engine/Transient.REINST_0_Base_C_28:ExecuteUbergraph_0_Base
[2018.07.26-20.23.52:503][833]LogUObjectGlobals: Destroyed PersistentFrame Addr=0x000001c0478d1300, Size=368
[2018.07.26-20.23.52:504][833]LogUObjectGlobals: Created PersistentFrame Addr=0x000001c04ad83400, Size=368, Default__GameplayGM_C Function /Engine/Transient.REINST_GameplayGM_C_37:ExecuteUbergraph_GameplayGM
[2018.07.26-20.23.52:506][833]LogUObjectGlobals: Destroyed PersistentFrame Addr=0x000001c047833580, Size=832
[2018.07.26-20.23.52:506][833]LogUObjectGlobals: Created PersistentFrame Addr=0x000001c04ada5d00, Size=832, Default__LobbyGM_C Function /Engine/Transient.REINST_LobbyGM_C_38:ExecuteUbergraph_LobbyGM
[2018.07.26-20.23.52:737][833]LogUObjectGlobals: Created PersistentFrame Addr=0x000001c04a94cd80, Size=64, Default__FirstPerson_AnimBP_C Function /Game/FirstPerson/Animations/FirstPerson_AnimBP.FirstPerson_AnimBP_C:ExecuteUbergraph_FirstPerson_AnimBP
[2018.07.26-20.23.52:739][833]LogUObjectGlobals: Created PersistentFrame Addr=0x000001c04a83e600, Size=256, Default__FirstPersonProjectile_C Function /Game/FirstPersonBP/Blueprints/FirstPersonProjectile.FirstPersonProjectile_C:ExecuteUbergraph_FirstPersonProjectile
[2018.07.26-20.23.52:744][833]LogUObjectGlobals: Created PersistentFrame Addr=0x000001c04e49a800, Size=656, Default__0_Base_C Function /Game/Blueprints/Characters/0_Base.0_Base_C:ExecuteUbergraph_0_Base
[2018.07.26-20.23.52:750][833]LogUObjectGlobals: Created PersistentFrame Addr=0x000001c0393a5d50, Size=80, Default__CharacterSelect_C Function /Game/UI/Lobby/CharacterSelect.CharacterSelect_C:ExecuteUbergraph_CharacterSelect
[2018.07.26-20.23.52:753][833]LogUObjectGlobals: Created PersistentFrame Addr=0x000001c04a883100, Size=320, Default__ChatWindow_C Function /Game/UI/AllLevels/ChatWindow.ChatWindow_C:ExecuteUbergraph_ChatWindow
[2018.07.26-20.23.52:756][833]LogUObjectGlobals: Created PersistentFrame Addr=0x000001c04ab32300, Size=4, Default__ConnectedPlayer_C Function /Game/UI/Lobby/ConnectedPlayer.ConnectedPlayer_C:ExecuteUbergraph_ConnectedPlayer
[2018.07.26-20.23.52:764][833]LogUObjectGlobals: Created PersistentFrame Addr=0x000001c04a850680, Size=544, Default__GameplayPC_C Function /Game/Blueprints/Gameplay/GameplayPC.GameplayPC_C:ExecuteUbergraph_GameplayPC
[2018.07.26-20.23.52:773][833]LogUObjectGlobals: Created PersistentFrame Addr=0x000001c0466d9300, Size=192, Default__GameSettings_C Function /Game/UI/Lobby/GameSettings.GameSettings_C:ExecuteUbergraph_GameSettings
[2018.07.26-20.23.52:781][833]LogUObjectGlobals: Created PersistentFrame Addr=0x000001c04a882c00, Size=320, Default__LobbyMenu_C Function /Game/UI/Lobby/LobbyMenu.LobbyMenu_C:ExecuteUbergraph_LobbyMenu
[2018.07.26-20.23.52:793][833]LogUObjectGlobals: Created PersistentFrame Addr=0x000001c03648cf00, Size=880, Default__LobbyPC_C Function /Game/Blueprints/Lobby/LobbyPC.LobbyPC_C:ExecuteUbergraph_LobbyPC
[2018.07.26-20.23.52:798][833]LogUObjectGlobals: Created PersistentFrame Addr=0x000001c04e799040, Size=32, Default__PlayerButton_C Function /Game/UI/Lobby/PlayerButton.PlayerButton_C:ExecuteUbergraph_PlayerButton
[2018.07.26-20.23.52:799][833]LogUObjectGlobals: Created PersistentFrame Addr=0x000001c035444eb0, Size=48, Default__TurnPlayerInfo_C Function /Game/UI/AllLevels/TurnPlayerInfo.TurnPlayerInfo_C:ExecuteUbergraph_TurnPlayerInfo
[2018.07.26-20.23.52:801][833]LogUObjectGlobals: Created PersistentFrame Addr=0x000001c04ab31a50, Size=8, Default__TurnPlayerList_C Function /Game/UI/AllLevels/TurnPlayerList.TurnPlayerList_C:ExecuteUbergraph_TurnPlayerList
[2018.07.26-20.23.52:801][833]LogUObjectGlobals: Created PersistentFrame Addr=0x000001c0363f7a00, Size=656, Default__Character_1_C Function /Game/Blueprints/Characters/0_Base.0_Base_C:ExecuteUbergraph_0_Base
[2018.07.26-20.23.52:802][833]LogUObjectGlobals: Created PersistentFrame Addr=0x000001c0363f7400, Size=656, Default__Character_2_C Function /Game/Blueprints/Characters/0_Base.0_Base_C:ExecuteUbergraph_0_Base
[2018.07.26-20.23.52:802][833]LogUObjectGlobals: Created PersistentFrame Addr=0x000001c0363f7100, Size=656, Default__Character_3_C Function /Game/Blueprints/Characters/0_Base.0_Base_C:ExecuteUbergraph_0_Base
[2018.07.26-20.23.52:803][833]LogUObjectGlobals: Created PersistentFrame Addr=0x000001c0363f6800, Size=656, Default__Character_4_C Function /Game/Blueprints/Characters/0_Base.0_Base_C:ExecuteUbergraph_0_Base
[2018.07.26-20.23.52:803][833]LogUObjectGlobals: Created PersistentFrame Addr=0x000001c0363f6200, Size=656, Default__Character_5_C Function /Game/Blueprints/Characters/0_Base.0_Base_C:ExecuteUbergraph_0_Base
[2018.07.26-20.23.52:803][833]LogUObjectGlobals: Created PersistentFrame Addr=0x000001c0363f5f00, Size=656, Default__Character_6_C Function /Game/Blueprints/Characters/0_Base.0_Base_C:ExecuteUbergraph_0_Base
[2018.07.26-20.23.52:809][833]LogUObjectGlobals: Created PersistentFrame Addr=0x000001c039509480, Size=368, Default__GameplayGM_C Function /Game/Blueprints/Gameplay/GameplayGM.GameplayGM_C:ExecuteUbergraph_GameplayGM
[2018.07.26-20.23.52:819][833]LogUObjectGlobals: Created PersistentFrame Addr=0x000001c0363edd00, Size=864, Default__LobbyGM_C Function /Game/Blueprints/Lobby/LobbyGM.LobbyGM_C:ExecuteUbergraph_LobbyGM
[2018.07.26-20.23.53:412][833]LogSkeletalMesh: Skeletal Mesh found in DDC [12.926689ms] /Game/FirstPerson/Character/Mesh/SK_Mannequin_Arms.SK_Mannequin_Arms
[2018.07.26-20.23.53:433][833]LogSkeletalMesh: Skeletal Mesh found in DDC [11.841288ms] /Game/FirstPerson/FPWeapon/Mesh/SK_FPGun.SK_FPGun
[2018.07.26-20.23.53:441][833]LogAIModule: Creating AISystem for world Lobby
[2018.07.26-20.23.53:442][833]LogLoad: Game class is 'LobbyGM_C'
[2018.07.26-20.23.53:443][833]LogOnline: Warning: STEAM: Steam API disabled!
[2018.07.26-20.23.53:443][833]LogOnline: Display: STEAM: OnlineSubsystemSteam::Shutdown()
[2018.07.26-20.23.53:443][833]LogTemp: Display: ParseSettings for GameNetDriver
[2018.07.26-20.23.53:443][833]LogTemp: Display: ParseSettings for IpNetDriver_1
[2018.07.26-20.23.53:443][833]LogTemp: Display: ParseSettings for GameNetDriver
[2018.07.26-20.23.53:443][833]LogInit: WinSock: Socket queue 131072 / 131072
[2018.07.26-20.23.53:444][833]PacketHandlerLog: Loaded PacketHandler component: Engine.EngineHandlerComponentFactory (StatelessConnectHandlerComponent)
[2018.07.26-20.23.53:444][833]LogNet: GameNetDriver IpNetDriver_1 IpNetDriver listening on port 7777
[2018.07.26-20.23.53:454][833]LogWorld: Bringing World /Game/Maps/Lobby.Lobby up for play (max tick rate 0) at 2018.07.26-21.23.53
[2018.07.26-20.23.53:454][833]LogWorld: Bringing up level for play took: 0.003736
[2018.07.26-20.23.53:492][833]LogGameMode: Display: Match State Changed from EnteringMap to WaitingToStart
[2018.07.26-20.23.53:492][833]LogGameState: Match State Changed from EnteringMap to WaitingToStart
[2018.07.26-20.23.53:492][833]LogGameMode: Display: Match State Changed from WaitingToStart to InProgress
[2018.07.26-20.23.53:493][833]LogGameState: Match State Changed from WaitingToStart to InProgress
[2018.07.26-20.23.53:494][833]LogLoad: Took 1.899931 seconds to LoadMap(/Game/Maps/Lobby)
[2018.07.26-20.24.10:710][652]LogNet: NotifyAcceptingConnection accepted from: 192.168.1.42:62276
[2018.07.26-20.24.10:710][652]LogHandshake: SendConnectChallenge. Timestamp: 19.640114, Cookie: 224222121046250058038235225208137186148160105197069168215088
[2018.07.26-20.24.10:761][654]LogNet: NotifyAcceptingConnection accepted from: 192.168.1.42:62276
[2018.07.26-20.24.10:761][654]LogHandshake: SendChallengeAck. InCookie: 224222121046250058038235225208137186148160105197069168215088
[2018.07.26-20.24.10:761][654]LogNet: Server accepting post-challenge connection from: 192.168.1.42:62276
[2018.07.26-20.24.10:762][654]PacketHandlerLog: Loaded PacketHandler component: Engine.EngineHandlerComponentFactory (StatelessConnectHandlerComponent)
[2018.07.26-20.24.10:762][654]LogNet: NotifyAcceptedConnection: Name: Lobby, TimeStamp: 07/26/18 21:24:10, [UNetConnection] RemoteAddr: 192.168.1.42:62276, Name: IpConnection_1, Driver: GameNetDriver IpNetDriver_1, IsServer: YES, PC: NULL, Owner: NULL, UniqueId: INVALID
[2018.07.26-20.24.10:762][654]LogNet: AddClientConnection: Added client connection: [UNetConnection] RemoteAddr: 192.168.1.42:62276, Name: IpConnection_1, Driver: GameNetDriver IpNetDriver_1, IsServer: YES, PC: NULL, Owner: NULL, UniqueId: INVALID
[2018.07.26-20.24.10:780][655]LogNet: NotifyAcceptingChannel Control 0 server World /Game/Maps/Lobby.Lobby: Accepted
[2018.07.26-20.24.10:780][655]LogNet: Remote platform little endian=1
[2018.07.26-20.24.10:780][655]LogNet: This platform little endian=1
[2018.07.26-20.24.10:798][656]LogNet: Login request: /Game/Maps/MainMenu?Name=Q6600-7D8959544BE81D4F9A1217A0C7C04DCC userId: Q6600-7D8959544BE81D4F9A1217A0C7C04DCC
[2018.07.26-20.24.10:826][657]LogNet: Client netspeed is 10000
[2018.07.26-20.24.12:670][763]LogNet: Join request: /Game/Maps/MainMenu?Name=Q6600-7D8959544BE81D4F9A1217A0C7C04DCC?SplitscreenCount=1
[2018.07.26-20.24.12:682][763]LogNet: Join succeeded: Q6600-7D8959544BE81D
[2018.07.26-20.24.12:818][770]LogNetPackageMap: Warning: SanityCheckExport: CacheObject == NULL. NetGUID: 1, Object: /Game/FirstPerson/Character/Textures/UE4_LOGO_CARD.UE4_LOGO_CARD, Expected: Character2_Thumbnail
[2018.07.26-20.24.12:818][770]LogNetPackageMap: Warning: SanityCheckExport: Name mismatch. NetGUID: 1, Object: /Game/FirstPerson/Character/Textures/UE4_LOGO_CARD.UE4_LOGO_CARD, Expected: Character2_Thumbnail
[2018.07.26-20.24.12:818][770]LogNetPackageMap: Warning: SanityCheckExport: Outer mismatch. Object: /Game/FirstPerson/Character/Textures/UE4_LOGO_CARD.UE4_LOGO_CARD, NetGUID: 1, Current: /Game/FirstPerson/Character/Textures/UE4_LOGO_CARD, Expected: /Game/Textures/Character2_Thumbnail
[2018.07.26-20.24.16:780][917]LogSlate: FSceneViewport::OnFocusLost() reason 0
[2018.07.26-20.24.16:863][921]PIE: Warning: This widget does not support focus.  If this is a UserWidget, you should set bIsFocusable to true.
[2018.07.26-20.24.17:836][972]LogSlate: FSceneViewport::OnFocusLost() reason 0
[2018.07.26-20.24.21:057][164]LogGameMode: Display: Match State Changed from InProgress to LeavingMap
[2018.07.26-20.24.21:057][164]LogGameState: Match State Changed from InProgress to LeavingMap
[2018.07.26-20.24.21:065][164]LogGameMode: ProcessServerTravel: /Game/Maps/Map01
[2018.07.26-20.24.21:065][164]LogWorld: SeamlessTravel to: /Game/Maps/Map01
[2018.07.26-20.24.21:151][165]LogUObjectGlobals: Destroyed PersistentFrame Addr=0x000001c047741100, Size=256
[2018.07.26-20.24.21:151][165]LogUObjectGlobals: Destroyed PersistentFrame Addr=0x000001c04bbd8100, Size=656
[2018.07.26-20.24.21:152][165]LogUObjectGlobals: Destroyed PersistentFrame Addr=0x000001c04ada5d00, Size=832
[2018.07.26-20.24.21:154][165]LogUObjectGlobals: Destroyed PersistentFrame Addr=0x000001c04aeaf740, Size=72
[2018.07.26-20.24.21:154][165]LogUObjectGlobals: Destroyed PersistentFrame Addr=0x000001c04ada6e80, Size=880
[2018.07.26-20.24.21:155][165]LogUObjectGlobals: Destroyed PersistentFrame Addr=0x000001c03f83f9c0, Size=320
[2018.07.26-20.24.21:155][165]LogUObjectGlobals: Destroyed PersistentFrame Addr=0x000001c03f83ee80, Size=320
[2018.07.26-20.24.21:155][165]LogUObjectGlobals: Destroyed PersistentFrame Addr=0x000001c04e457600, Size=544
[2018.07.26-20.24.21:155][165]LogUObjectGlobals: Destroyed PersistentFrame Addr=0x000001c04ad83400, Size=368
[2018.07.26-20.24.21:155][165]LogUObjectGlobals: Destroyed PersistentFrame Addr=0x000001c047a633c8, Size=8
[2018.07.26-20.24.21:155][165]LogUObjectGlobals: Destroyed PersistentFrame Addr=0x000001c047775450, Size=48
[2018.07.26-20.24.21:155][165]LogUObjectGlobals: Destroyed PersistentFrame Addr=0x000001c04aeae520, Size=80
[2018.07.26-20.24.21:155][165]LogUObjectGlobals: Destroyed PersistentFrame Addr=0x000001c04adc3ac0, Size=192
[2018.07.26-20.24.21:155][165]LogUObjectGlobals: Destroyed PersistentFrame Addr=0x000001c04ae04820, Size=32
[2018.07.26-20.24.21:155][165]LogUObjectGlobals: Destroyed PersistentFrame Addr=0x000001c047a63558, Size=4
[2018.07.26-20.24.21:155][165]LogUObjectGlobals: Destroyed PersistentFrame Addr=0x000001c027ccf100, Size=656
[2018.07.26-20.24.21:155][165]LogUObjectGlobals: Destroyed PersistentFrame Addr=0x000001c027ccee00, Size=656
[2018.07.26-20.24.21:155][165]LogUObjectGlobals: Destroyed PersistentFrame Addr=0x000001c027cce800, Size=656
[2018.07.26-20.24.21:155][165]LogUObjectGlobals: Destroyed PersistentFrame Addr=0x000001c027cce200, Size=656
[2018.07.26-20.24.21:155][165]LogUObjectGlobals: Destroyed PersistentFrame Addr=0x000001c027ccdf00, Size=656
[2018.07.26-20.24.21:155][165]LogUObjectGlobals: Destroyed PersistentFrame Addr=0x000001c027ccdc00, Size=656
[2018.07.26-20.24.21:167][165]LogAIModule: Creating AISystem for world TravelMap
[2018.07.26-20.24.21:169][165]LogStats:     SeamlessTravel FlushLevelStreaming  -  0.001 s
[2018.07.26-20.24.21:170][165]LogWorld: Bringing World /Game/Maps/TravelMap.TravelMap up for play (max tick rate 0) at 2018.07.26-21.24.21
[2018.07.26-20.24.21:170][165]LogWorld: Bringing up level for play took: 0.000646
[2018.07.26-20.24.21:170][165]LogWorld: Sending NotifyLoadedWorld for LP: LocalPlayer_0 PC: LobbyPC_C_0
[2018.07.26-20.24.21:170][165]LogNet: Verbose: NotifyLoadedWorld Begin
[2018.07.26-20.24.21:170][165]LogNet: VeryVerbose: GetFunctionCallspace Server calling Server function: ServerNotifyLoadedWorld Local
[2018.07.26-20.24.21:170][165]LogNet: Verbose: NotifyLoadedWorld End
[2018.07.26-20.24.21:170][165]LogWorld: StartLoadingDestination to: /Game/Maps/Map01
[2018.07.26-20.24.21:696][174]LogAIModule: Creating AISystem for world Map01
[2018.07.26-20.24.21:697][174]LogLoad: Game class is 'GameplayGM_C'
[2018.07.26-20.24.21:698][174]LogStats:     SeamlessTravel FlushLevelStreaming  -  0.001 s
[2018.07.26-20.24.21:703][174]LogWorld: Bringing World /Game/Maps/Map01.Map01 up for play (max tick rate 0) at 2018.07.26-21.24.21
[2018.07.26-20.24.21:703][174]LogWorld: Bringing up level for play took: 0.004991
[2018.07.26-20.24.21:704][174]LogWorld: Sending NotifyLoadedWorld for LP: LocalPlayer_0 PC: LobbyPC_C_0
[2018.07.26-20.24.21:704][174]LogNet: Verbose: NotifyLoadedWorld Begin
[2018.07.26-20.24.21:704][174]LogNet: VeryVerbose: GetFunctionCallspace Server calling Server function: ServerNotifyLoadedWorld Local
[2018.07.26-20.24.21:704][174]LogNet: Verbose: NotifyLoadedWorld End
[2018.07.26-20.24.21:704][174]LogWorld: ----SeamlessTravel finished in 0.64 seconds ------
[2018.07.26-20.24.21:704][174]LogGameMode: >> GameMode::HandleSeamlessTravelPlayer: LobbyPC_C_0 
[2018.07.26-20.24.21:706][174]LogGameMode: << GameMode::HandleSeamlessTravelPlayer: GameplayPC_C_0
[2018.07.26-20.24.21:706][174]LogGameMode: Display: Match State Changed from EnteringMap to WaitingToStart
[2018.07.26-20.24.21:706][174]LogGameState: Match State Changed from EnteringMap to WaitingToStart
[2018.07.26-20.24.21:706][174]LogGameMode: Display: Match State Changed from WaitingToStart to InProgress
[2018.07.26-20.24.21:720][174]LogGameState: Match State Changed from WaitingToStart to InProgress
[2018.07.26-20.24.21:967][181]LogGameMode: >> GameMode::HandleSeamlessTravelPlayer: LobbyPC_C_1 
[2018.07.26-20.24.21:974][181]LogGameMode: << GameMode::HandleSeamlessTravelPlayer: GameplayPC_C_1
[2018.07.26-20.24.22:218][185]LogScriptCore: Warning: Script Msg: DestroySession - Invalid player state
[2018.07.26-20.24.22:272][188]LogNetPackageMap: Warning: SanityCheckExport: CacheObject == NULL. NetGUID: 1, Object: /Game/FirstPerson/Character/Textures/UE4_LOGO_CARD.UE4_LOGO_CARD, Expected: Character2_Thumbnail
[2018.07.26-20.24.22:272][188]LogNetPackageMap: Warning: SanityCheckExport: Name mismatch. NetGUID: 1, Object: /Game/FirstPerson/Character/Textures/UE4_LOGO_CARD.UE4_LOGO_CARD, Expected: Character2_Thumbnail
[2018.07.26-20.24.22:272][188]LogNetPackageMap: Warning: SanityCheckExport: Outer mismatch. Object: /Game/FirstPerson/Character/Textures/UE4_LOGO_CARD.UE4_LOGO_CARD, NetGUID: 1, Current: /Game/FirstPerson/Character/Textures/UE4_LOGO_CARD, Expected: /Game/Textures/Character2_Thumbnail
[2018.07.26-20.24.26:362][409]LogSlate: FSceneViewport::OnFocusLost() reason 2
[2018.07.26-20.24.30:712][592]LogNet: UChannel::ReceivedSequencedBunch: Bunch.bClose == true. ChIndex == 0. Calling ConditionalCleanUp.
[2018.07.26-20.24.30:712][592]LogNet: UChannel::CleanUp: ChIndex == 0. Closing connection. [UChannel] ChIndex: 0, Closing: 0 [UNetConnection] RemoteAddr: 192.168.1.42:62276, Name: IpConnection_1, Driver: GameNetDriver IpNetDriver_1, IsServer: YES, PC: GameplayPC_C_1, Owner: GameplayPC_C_1, UniqueId: Q6600-7D8959544BE81D4F9A1217A0C7C04DCC
[2018.07.26-20.24.30:712][592]LogNet: UNetConnection::Close: [UNetConnection] RemoteAddr: 192.168.1.42:62276, Name: IpConnection_1, Driver: GameNetDriver IpNetDriver_1, IsServer: YES, PC: GameplayPC_C_1, Owner: GameplayPC_C_1, UniqueId: Q6600-7D8959544BE81D4F9A1217A0C7C04DCC, Channels: 11, Time: 2018.07.26-20.24.30
[2018.07.26-20.24.30:712][592]LogNet: UChannel::Close: Sending CloseBunch. ChIndex == 0. Name: [UChannel] ChIndex: 0, Closing: 0 [UNetConnection] RemoteAddr: 192.168.1.42:62276, Name: IpConnection_1, Driver: GameNetDriver IpNetDriver_1, IsServer: YES, PC: GameplayPC_C_1, Owner: GameplayPC_C_1, UniqueId: Q6600-7D8959544BE81D4F9A1217A0C7C04DCC
[2018.07.26-20.24.30:714][592]LogOnline: Warning: OSS: No game present to leave for session (GameSession)
[2018.07.26-20.24.31:649][640]LogSlate: Window 'FPBG (64-bit, PCD3D_SM5) ' being destroyed
[2018.07.26-20.24.31:650][640]LogWindowsTextInputMethodSystem: Display: IME system now deactivated.
[2018.07.26-20.24.31:657][640]LogOnline: Warning: OSS: Can't destroy a null online session (GameSession)
[2018.07.26-20.24.31:657][640]LogOnline: Warning: OSS: No game present to leave for session (GameSession)
[2018.07.26-20.24.31:658][640]LogEngine: All Windows Closed
[2018.07.26-20.24.31:658][640]LogWindows: FPlatformMisc::RequestExit(0)
[2018.07.26-20.24.31:698][641]LogNet: World NetDriver shutdown IpNetDriver_1 [GameNetDriver]
[2018.07.26-20.24.31:698][641]LogNet: DestroyNamedNetDriver IpNetDriver_1 [GameNetDriver]
[2018.07.26-20.24.31:698][641]LogExit: GameNetDriver IpNetDriver_1 shut down
[2018.07.26-20.24.31:867][641]LogSlate: Slate User Destroyed.  User Index 0, Is Virtual User: 0
[2018.07.26-20.24.31:867][641]LogExit: Preparing to exit.
[2018.07.26-20.24.31:867][641]LogMoviePlayer: Shutting down movie player
[2018.07.26-20.24.33:054][641]LogExit: Game engine shut down
[2018.07.26-20.24.33:083][641]LogUObjectGlobals: Destroyed PersistentFrame Addr=0x000001c047796700, Size=632
[2018.07.26-20.24.33:083][641]LogUObjectGlobals: Destroyed PersistentFrame Addr=0x000001c0394a6980, Size=40
[2018.07.26-20.24.33:083][641]LogUObjectGlobals: Destroyed PersistentFrame Addr=0x000001c047821c60, Size=96
[2018.07.26-20.24.33:083][641]LogUObjectGlobals: Destroyed PersistentFrame Addr=0x000001c047a94100, Size=56
[2018.07.26-20.24.33:083][641]LogUObjectGlobals: Destroyed PersistentFrame Addr=0x000001c047715670, Size=104
[2018.07.26-20.24.33:083][641]LogUObjectGlobals: Destroyed PersistentFrame Addr=0x000001c047794b80, Size=592
[2018.07.26-20.24.33:089][641]LogUObjectGlobals: Destroyed PersistentFrame Addr=0x000001c04a94cd80, Size=64
[2018.07.26-20.24.33:089][641]LogUObjectGlobals: Destroyed PersistentFrame Addr=0x000001c04a83e600, Size=256
[2018.07.26-20.24.33:089][641]LogUObjectGlobals: Destroyed PersistentFrame Addr=0x000001c04e49a800, Size=656
[2018.07.26-20.24.33:089][641]LogUObjectGlobals: Destroyed PersistentFrame Addr=0x000001c0393a5d50, Size=80
[2018.07.26-20.24.33:089][641]LogUObjectGlobals: Destroyed PersistentFrame Addr=0x000001c04a883100, Size=320
[2018.07.26-20.24.33:089][641]LogUObjectGlobals: Destroyed PersistentFrame Addr=0x000001c04ab32300, Size=4
[2018.07.26-20.24.33:089][641]LogUObjectGlobals: Destroyed PersistentFrame Addr=0x000001c04a850680, Size=544
[2018.07.26-20.24.33:089][641]LogUObjectGlobals: Destroyed PersistentFrame Addr=0x000001c0466d9300, Size=192
[2018.07.26-20.24.33:089][641]LogUObjectGlobals: Destroyed PersistentFrame Addr=0x000001c04a882c00, Size=320
[2018.07.26-20.24.33:090][641]LogUObjectGlobals: Destroyed PersistentFrame Addr=0x000001c03648cf00, Size=880
[2018.07.26-20.24.33:090][641]LogUObjectGlobals: Destroyed PersistentFrame Addr=0x000001c04e799040, Size=32
[2018.07.26-20.24.33:090][641]LogUObjectGlobals: Destroyed PersistentFrame Addr=0x000001c035444eb0, Size=48
[2018.07.26-20.24.33:090][641]LogUObjectGlobals: Destroyed PersistentFrame Addr=0x000001c04ab31a50, Size=8
[2018.07.26-20.24.33:090][641]LogUObjectGlobals: Destroyed PersistentFrame Addr=0x000001c0363f7a00, Size=656
[2018.07.26-20.24.33:090][641]LogUObjectGlobals: Destroyed PersistentFrame Addr=0x000001c0363f7400, Size=656
[2018.07.26-20.24.33:090][641]LogUObjectGlobals: Destroyed PersistentFrame Addr=0x000001c0363f7100, Size=656
[2018.07.26-20.24.33:090][641]LogUObjectGlobals: Destroyed PersistentFrame Addr=0x000001c0363f6800, Size=656
[2018.07.26-20.24.33:090][641]LogUObjectGlobals: Destroyed PersistentFrame Addr=0x000001c0363f6200, Size=656
[2018.07.26-20.24.33:090][641]LogUObjectGlobals: Destroyed PersistentFrame Addr=0x000001c0363f5f00, Size=656
[2018.07.26-20.24.33:090][641]LogUObjectGlobals: Destroyed PersistentFrame Addr=0x000001c039509480, Size=368
[2018.07.26-20.24.33:090][641]LogUObjectGlobals: Destroyed PersistentFrame Addr=0x000001c0363edd00, Size=864
[2018.07.26-20.24.33:245][641]LogExit: Object subsystem successfully closed.
[2018.07.26-20.24.33:259][641]LogShaderCompilers: Display: Shaders left to compile 0
[2018.07.26-20.24.33:266][641]LogD3D11RHI: Shutdown
[2018.07.26-20.24.33:266][641]LogD3D11RHI: CleanupD3DDevice
[2018.07.26-20.24.33:272][641]LogD3D11RHI: ~FD3D11DynamicRHI
[2018.07.26-20.24.33:291][641]LogModuleManager: Shutting down and abandoning module Voice (338)
[2018.07.26-20.24.33:292][641]LogModuleManager: Shutting down and abandoning module AIModule (334)
[2018.07.26-20.24.33:292][641]LogModuleManager: Shutting down and abandoning module GameplayDebugger (333)
[2018.07.26-20.24.33:292][641]LogModuleManager: Shutting down and abandoning module AITestSuite (331)
[2018.07.26-20.24.33:292][641]LogModuleManager: Shutting down and abandoning module SequenceRecorderSections (328)
[2018.07.26-20.24.33:292][641]LogModuleManager: Shutting down and abandoning module SequenceRecorder (326)
[2018.07.26-20.24.33:292][641]LogModuleManager: Shutting down and abandoning module AutomationController (324)
[2018.07.26-20.24.33:292][641]LogModuleManager: Shutting down and abandoning module AutomationWorker (322)
[2018.07.26-20.24.33:292][641]LogModuleManager: Shutting down and abandoning module WmfMediaFactory (320)
[2018.07.26-20.24.33:292][641]LogModuleManager: Shutting down and abandoning module OpenExrWrapper (318)
[2018.07.26-20.24.33:292][641]LogModuleManager: Shutting down and abandoning module ImgMediaFactory (316)
[2018.07.26-20.24.33:292][641]LogModuleManager: Shutting down and abandoning module AvfMediaFactory (314)
[2018.07.26-20.24.33:292][641]LogModuleManager: Shutting down and abandoning module CharacterAI (312)
[2018.07.26-20.24.33:292][641]LogModuleManager: Shutting down and abandoning module SessionServices (310)
[2018.07.26-20.24.33:292][641]LogModuleManager: Shutting down and abandoning module MovieSceneCapture (308)
[2018.07.26-20.24.33:292][641]LogModuleManager: Shutting down and abandoning module MovieSceneTracks (306)
[2018.07.26-20.24.33:292][641]LogModuleManager: Shutting down and abandoning module MovieScene (304)
[2018.07.26-20.24.33:292][641]LogModuleManager: Shutting down and abandoning module GeometryCache (302)
[2018.07.26-20.24.33:292][641]LogModuleManager: Shutting down and abandoning module GeometryCacheEd (301)
[2018.07.26-20.24.33:292][641]LogModuleManager: Shutting down and abandoning module StreamingPauseRendering (298)
[2018.07.26-20.24.33:292][641]LogModuleManager: Shutting down and abandoning module PortalServices (296)
[2018.07.26-20.24.33:292][641]LogModuleManager: Shutting down and abandoning module PortalRpc (294)
[2018.07.26-20.24.33:292][641]LogModuleManager: Shutting down and abandoning module MessagingRpc (292)
[2018.07.26-20.24.33:292][641]LogModuleManager: Shutting down and abandoning module ProfilerService (290)
[2018.07.26-20.24.33:549][641]LogModuleManager: Shutting down and abandoning module TaskGraph (288)
[2018.07.26-20.24.33:549][641]LogModuleManager: Shutting down and abandoning module SteamVRController (286)
[2018.07.26-20.24.33:549][641]LogModuleManager: Shutting down and abandoning module ProceduralMeshComponent (284)
[2018.07.26-20.24.33:549][641]LogModuleManager: Shutting down and abandoning module OculusInput (282)
[2018.07.26-20.24.33:549][641]LogModuleManager: Shutting down and abandoning module MobilePatchingUtils (280)
[2018.07.26-20.24.33:549][641]LogModuleManager: Shutting down and abandoning module CustomMeshComponent (278)
[2018.07.26-20.24.33:549][641]LogModuleManager: Shutting down and abandoning module CableComponent (276)
[2018.07.26-20.24.33:549][641]LogModuleManager: Shutting down and abandoning module AudioCapture (274)
[2018.07.26-20.24.33:549][641]LogModuleManager: Shutting down and abandoning module ArchVisCharacter (272)
[2018.07.26-20.24.33:549][641]LogModuleManager: Shutting down and abandoning module AndroidPermission (270)
[2018.07.26-20.24.33:550][641]LogModuleManager: Shutting down and abandoning module NUTUnrealEngine4 (268)
[2018.07.26-20.24.33:550][641]LogModuleManager: Shutting down and abandoning module NetcodeUnitTest (266)
[2018.07.26-20.24.33:550][641]LogModuleManager: Shutting down and abandoning module MediaCompositing (264)
[2018.07.26-20.24.33:550][641]LogModuleManager: Shutting down and abandoning module LinearTimecode (262)
[2018.07.26-20.24.33:550][641]LogModuleManager: Shutting down and abandoning module ImgMedia (260)
[2018.07.26-20.24.33:558][641]LogModuleManager: Shutting down and abandoning module HTML5Networking (258)
[2018.07.26-20.24.33:559][641]LogModuleManager: Shutting down and abandoning module DatasmithContent (256)
[2018.07.26-20.24.33:559][641]LogModuleManager: Shutting down and abandoning module CryptoKeysOpenSSL (254)
[2018.07.26-20.24.33:559][641]LogModuleManager: Shutting down and abandoning module CryptoKeys (252)
[2018.07.26-20.24.33:559][641]LogModuleManager: Shutting down and abandoning module VisualStudioSourceCodeAccess (250)
[2018.07.26-20.24.33:559][641]LogModuleManager: Shutting down and abandoning module HotReload (249)
[2018.07.26-20.24.33:559][641]LogModuleManager: Shutting down and abandoning module DirectoryWatcher (248)
[2018.07.26-20.24.33:559][641]LogModuleManager: Shutting down and abandoning module VisualStudioCodeSourceCodeAccess (244)
[2018.07.26-20.24.33:559][641]LogModuleManager: Shutting down and abandoning module UObjectPlugin (242)
[2018.07.26-20.24.33:559][641]LogModuleManager: Shutting down and abandoning module SubversionSourceControl (240)
[2018.07.26-20.24.33:559][641]LogModuleManager: Shutting down and abandoning module PerforceSourceControl (238)
[2018.07.26-20.24.33:559][641]LogModuleManager: Shutting down and abandoning module SourceControl (237)
[2018.07.26-20.24.33:560][641]LogModuleManager: Shutting down and abandoning module CLionSourceCodeAccess (234)
[2018.07.26-20.24.33:560][641]LogModuleManager: Shutting down and abandoning module RuntimePhysXCooking (232)
[2018.07.26-20.24.33:560][641]LogModuleManager: Shutting down and abandoning module PhysXVehiclesEditor (230)
[2018.07.26-20.24.33:560][641]LogModuleManager: Shutting down and abandoning module PhysXVehicles (228)
[2018.07.26-20.24.33:560][641]LogModuleManager: Shutting down and abandoning module LocationServicesBPLibrary (226)
[2018.07.26-20.24.33:560][641]LogModuleManager: Shutting down and abandoning module ImmediatePhysicsEditor (224)
[2018.07.26-20.24.33:560][641]LogModuleManager: Shutting down and abandoning module ImmediatePhysics (222)
[2018.07.26-20.24.33:560][641]LogModuleManager: Shutting down and abandoning module ActorSequence (220)
[2018.07.26-20.24.33:560][641]LogModuleManager: Shutting down and abandoning module UdpMessaging (218)
[2018.07.26-20.24.33:661][641]LogModuleManager: Shutting down and abandoning module TcpMessaging (216)
[2018.07.26-20.24.33:849][641]LogModuleManager: Shutting down and abandoning module GameplayTagsEditor (214)
[2018.07.26-20.24.33:850][641]LogModuleManager: Shutting down and abandoning module FacialAnimation (212)
[2018.07.26-20.24.33:850][641]LogModuleManager: Shutting down and abandoning module DataValidation (210)
[2018.07.26-20.24.33:850][641]LogModuleManager: Shutting down and abandoning module AssetManagerEditor (208)
[2018.07.26-20.24.33:850][641]LogModuleManager: Shutting down and abandoning module TreeMap (207)
[2018.07.26-20.24.33:850][641]LogModuleManager: Shutting down and abandoning module LightPropagationVolumeRuntime (204)
[2018.07.26-20.24.33:850][641]LogModuleManager: Shutting down and abandoning module LiveLink (202)
[2018.07.26-20.24.34:365][641]LogModuleManager: Shutting down and abandoning module Paper2D (200)
[2018.07.26-20.24.34:365][641]LogModuleManager: Shutting down and abandoning module PIEPreviewDeviceProfileSelector (198)
[2018.07.26-20.24.34:365][641]LogModuleManager: Shutting down and abandoning module WindowsMoviePlayer (196)
[2018.07.26-20.24.34:365][641]LogModuleManager: Shutting down and abandoning module WmfMedia (194)
[2018.07.26-20.24.34:367][641]LogModuleManager: Shutting down and abandoning module Media (193)
[2018.07.26-20.24.34:374][641]LogModuleManager: Shutting down and abandoning module PacketHandler (190)
[2018.07.26-20.24.34:374][641]LogModuleManager: Shutting down and abandoning module ClothingSystemEditor (188)
[2018.07.26-20.24.34:374][641]LogModuleManager: Shutting down and abandoning module ClothingSystemRuntime (186)
[2018.07.26-20.24.34:374][641]LogModuleManager: Shutting down and abandoning module MediaAssets (184)
[2018.07.26-20.24.34:374][641]LogModuleManager: Shutting down and abandoning module Overlay (182)
[2018.07.26-20.24.34:374][641]LogModuleManager: Shutting down and abandoning module OverlayEditor (181)
[2018.07.26-20.24.34:374][641]LogModuleManager: Shutting down and abandoning module VREditor (178)
[2018.07.26-20.24.34:374][641]LogModuleManager: Shutting down and abandoning module StringTableEditor (176)
[2018.07.26-20.24.34:374][641]LogModuleManager: Shutting down and abandoning module GameplayTasksEditor (174)
[2018.07.26-20.24.34:374][641]LogModuleManager: Shutting down and abandoning module BehaviorTreeEditor (172)
[2018.07.26-20.24.34:374][641]LogModuleManager: Shutting down and abandoning module FunctionalTesting (170)
[2018.07.26-20.24.34:374][641]LogModuleManager: Shutting down and abandoning module CollisionAnalyzer (168)
[2018.07.26-20.24.34:374][641]LogModuleManager: Shutting down and abandoning module WorkspaceMenuStructure (167)
[2018.07.26-20.24.34:374][641]LogModuleManager: Shutting down and abandoning module UMG (164)
[2018.07.26-20.24.34:374][641]LogModuleManager: Shutting down and abandoning module UMGEditor (163)
[2018.07.26-20.24.34:375][641]LogModuleManager: Shutting down and abandoning module Sequencer (162)
[2018.07.26-20.24.34:375][641]LogModuleManager: Shutting down and abandoning module MessageLog (159)
[2018.07.26-20.24.34:375][641]LogModuleManager: Shutting down and abandoning module SlateReflector (154)
[2018.07.26-20.24.34:375][641]LogModuleManager: Shutting down and abandoning module Slate (152)
[2018.07.26-20.24.34:375][641]LogModuleManager: Shutting down and abandoning module EditorStyle (150)
[2018.07.26-20.24.34:377][641]LogModuleManager: Shutting down and abandoning module MRMesh (148)
[2018.07.26-20.24.34:377][641]LogModuleManager: Shutting down and abandoning module Messaging (146)
[2018.07.26-20.24.34:377][641]LogModuleManager: Shutting down and abandoning module SourceCodeAccess (144)
[2018.07.26-20.24.34:377][641]LogModuleManager: Shutting down and abandoning module HeadMountedDisplay (142)
[2018.07.26-20.24.34:377][641]LogModuleManager: Shutting down and abandoning module XAudio2 (140)
[2018.07.26-20.24.34:377][641]LogModuleManager: Shutting down and abandoning module Networking (138)
[2018.07.26-20.24.34:377][641]LogModuleManager: Shutting down and abandoning module Core (136)
[2018.07.26-20.24.34:377][641]LogModuleManager: Shutting down and abandoning module LevelSequence (134)
[2018.07.26-20.24.34:377][641]LogModuleManager: Shutting down and abandoning module KismetCompiler (132)
[2018.07.26-20.24.34:377][641]LogModuleManager: Shutting down and abandoning module MeshUtilities (130)
[2018.07.26-20.24.34:377][641]LogModuleManager: Shutting down and abandoning module MeshMergeUtilities (129)
[2018.07.26-20.24.34:377][641]LogModuleManager: Shutting down and abandoning module MeshReductionInterface (128)
[2018.07.26-20.24.34:377][641]LogModuleManager: Shutting down and abandoning module SimplygonSwarm (127)
[2018.07.26-20.24.34:377][641]LogModuleManager: Shutting down and abandoning module SimplygonMeshReduction (125)
[2018.07.26-20.24.34:378][641]LogModuleManager: Shutting down and abandoning module QuadricMeshReduction (123)
[2018.07.26-20.24.34:378][641]LogModuleManager: Shutting down and abandoning module MaterialBaking (119)
[2018.07.26-20.24.34:378][641]LogModuleManager: Shutting down and abandoning module DerivedDataCache (114)
[2018.07.26-20.24.34:802][641]LogDerivedDataCache: Shutdown
[2018.07.26-20.24.34:803][641]LogModuleManager: Shutting down and abandoning module XGEController (112)
[2018.07.26-20.24.34:803][641]LogModuleManager: Shutting down and abandoning module TargetPlatform (110)
[2018.07.26-20.24.34:803][641]LogModuleManager: Shutting down and abandoning module VulkanShaderFormat (109)
[2018.07.26-20.24.34:803][641]LogModuleManager: Shutting down and abandoning module ShaderFormatVectorVM (107)
[2018.07.26-20.24.34:803][641]LogModuleManager: Shutting down and abandoning module ShaderFormatOpenGL (105)
[2018.07.26-20.24.34:803][641]LogModuleManager: Shutting down and abandoning module ShaderFormatD3D (103)
[2018.07.26-20.24.34:803][641]LogModuleManager: Shutting down and abandoning module MetalShaderFormat (101)
[2018.07.26-20.24.34:803][641]LogModuleManager: Shutting down and abandoning module TextureFormatUncompressed (99)
[2018.07.26-20.24.34:803][641]LogModuleManager: Shutting down and abandoning module TextureFormatPVR (97)
[2018.07.26-20.24.34:803][641]LogModuleManager: Shutting down and abandoning module TextureFormatDXT (95)
[2018.07.26-20.24.34:803][641]LogModuleManager: Shutting down and abandoning module TextureFormatIntelISPCTexComp (93)
[2018.07.26-20.24.34:803][641]LogModuleManager: Shutting down and abandoning module TextureFormatASTC (91)
[2018.07.26-20.24.34:803][641]LogModuleManager: Shutting down and abandoning module ImageWrapper (90)
[2018.07.26-20.24.34:803][641]LogModuleManager: Shutting down and abandoning module TextureFormatAndroid (87)
[2018.07.26-20.24.34:803][641]LogModuleManager: Shutting down and abandoning module AudioFormatOpus (85)
[2018.07.26-20.24.34:803][641]LogModuleManager: Shutting down and abandoning module AudioFormatOgg (83)
[2018.07.26-20.24.34:803][641]LogModuleManager: Shutting down and abandoning module AudioFormatADPCM (81)
[2018.07.26-20.24.34:803][641]LogModuleManager: Shutting down and abandoning module WindowsTargetPlatform (79)
[2018.07.26-20.24.34:803][641]LogModuleManager: Shutting down and abandoning module WindowsServerTargetPlatform (77)
[2018.07.26-20.24.34:803][641]LogModuleManager: Shutting down and abandoning module WindowsNoEditorTargetPlatform (75)
[2018.07.26-20.24.34:803][641]LogModuleManager: Shutting down and abandoning module WindowsClientTargetPlatform (73)
[2018.07.26-20.24.34:803][641]LogModuleManager: Shutting down and abandoning module InputCore (70)
[2018.07.26-20.24.34:803][641]LogModuleManager: Shutting down and abandoning module Settings (68)
[2018.07.26-20.24.34:804][641]LogModuleManager: Shutting down and abandoning module PhysXCooking (66)
[2018.07.26-20.24.34:804][641]LogModuleManager: Shutting down and abandoning module SteamVR (64)
[2018.07.26-20.24.34:804][641]LogModuleManager: Shutting down and abandoning module OculusHMD (62)
[2018.07.26-20.24.34:804][641]LogModuleManager: Shutting down and abandoning module ExampleDeviceProfileSelector (60)
[2018.07.26-20.24.34:804][641]LogModuleManager: Shutting down and abandoning module AppleARKit (58)
[2018.07.26-20.24.34:804][641]LogModuleManager: Shutting down and abandoning module AugmentedReality (57)
[2018.07.26-20.24.34:804][641]LogModuleManager: Shutting down and abandoning module OnlineBlueprintSupport (54)
[2018.07.26-20.24.34:804][641]LogModuleManager: Shutting down and abandoning module OnlineSubsystem (50)
[2018.07.26-20.24.34:804][641]LogOnline: Display: OSS: FOnlineSubsystemNull::Shutdown()
[2018.07.26-20.24.34:804][641]LogOnline: Display: OSS: FOnlineAsyncTaskManager::Stop() ActiveTask:0000000000000000 Tasks[0/0]
[2018.07.26-20.24.34:809][641]LogOnline: Display: OSS: FOnlineAsyncTaskManager::Exit() started
[2018.07.26-20.24.34:809][641]LogOnline: Display: OSS: FOnlineAsyncTaskManager::Exit() finished
[2018.07.26-20.24.34:809][641]LogModuleManager: Shutting down and abandoning module XMPP (43)
[2018.07.26-20.24.34:809][641]LogModuleManager: Shutting down and abandoning module HTTP (41)
[2018.07.26-20.24.34:831][641]LogModuleManager: Shutting down and abandoning module SSL (40)
[2018.07.26-20.24.34:834][641]LogModuleManager: Shutting down and abandoning module AnimationModifiers (36)
[2018.07.26-20.24.34:834][641]LogModuleManager: Shutting down and abandoning module PropertyEditor (35)
[2018.07.26-20.24.34:834][641]LogModuleManager: Shutting down and abandoning module AudioEditor (32)
[2018.07.26-20.24.34:834][641]LogModuleManager: Shutting down and abandoning module TextureCompressor (30)
[2018.07.26-20.24.34:835][641]LogModuleManager: Shutting down and abandoning module ShaderCore (28)
[2018.07.26-20.24.34:835][641]LogModuleManager: Shutting down and abandoning module Landscape (26)
[2018.07.26-20.24.34:835][641]LogModuleManager: Shutting down and abandoning module SlateRHIRenderer (24)
[2018.07.26-20.24.34:836][641]LogModuleManager: Shutting down and abandoning module OpenGLDrv (22)
[2018.07.26-20.24.34:836][641]LogModuleManager: Shutting down and abandoning module D3D11RHI (20)
[2018.07.26-20.24.34:836][641]LogModuleManager: Shutting down and abandoning module AnimGraphRuntime (18)
[2018.07.26-20.24.34:836][641]LogModuleManager: Shutting down and abandoning module Renderer (16)
[2018.07.26-20.24.34:836][641]LogModuleManager: Shutting down and abandoning module Engine (14)
[2018.07.26-20.24.34:837][641]LogModuleManager: Shutting down and abandoning module CoreUObject (12)
[2018.07.26-20.24.34:837][641]LogModuleManager: Shutting down and abandoning module NetworkFile (10)
[2018.07.26-20.24.34:837][641]LogModuleManager: Shutting down and abandoning module CookedIterativeFile (8)
[2018.07.26-20.24.34:837][641]LogModuleManager: Shutting down and abandoning module StreamingFile (6)
[2018.07.26-20.24.34:837][641]LogModuleManager: Shutting down and abandoning module SandboxFile (4)
[2018.07.26-20.24.34:837][641]LogModuleManager: Shutting down and abandoning module PakFile (2)
[2018.07.26-20.24.34:849][641]LogExit: Exiting.
[2018.07.26-20.24.34:958][641]Log file closed, 07/26/18 21:24:34
