Log file open, 07/26/18 22:04:19
LogWindows: Failed to load 'aqProf.dll' (GetLastError=126)
LogWindows: File 'aqProf.dll' does not exist
LogWindows: Failed to load 'VtuneApi.dll' (GetLastError=126)
LogWindows: File 'VtuneApi.dll' does not exist
LogWindows: Failed to load 'VtuneApi32e.dll' (GetLastError=126)
LogWindows: File 'VtuneApi32e.dll' does not exist
LogInit: Display: Running engine for game: FPBG
LogPlatformFile: Not using cached read wrapper
LogInit: Display: RandInit(-168838266) SRandInit(-168838266).
LogInit: Read version file with build ID '3944462'
LogInit: Overriding engine version to CL 4033788, compatible CL 3944462
LogInit: Registered custom module enumerator with build ID '3944462'
LogTaskGraph: Started task graph with 5 named threads and 14 total threads with 3 sets of task threads.
LogStats: Stats thread started at 0.263210
LogD3D11RHI: Aftermath initialized
LogICUInternationalization: Display: ICU TimeZone Detection - Raw Offset: +0:00, Platform Override: ''
LogModuleManager: Display: Found up-to-date module file ../../../Engine/Plugins/Online/OnlineSubsystemSteam/Binaries/Win64/UE4Editor-OnlineSubsystemSteam.dll (API version 3944462).
LogModuleManager: Display: Found up-to-date module file ../../../Engine/Plugins/Online/OnlineSubsystem/Binaries/Win64/UE4Editor-OnlineSubsystem.dll (API version 3944462).
LogModuleManager: Display: Found up-to-date module file ../../../Engine/Plugins/Online/OnlineSubsystemUtils/Binaries/Win64/UE4Editor-OnlineSubsystemUtils.dll (API version 3944462).
LogModuleManager: Display: Found up-to-date module file ../../../Engine/Plugins/Online/OnlineSubsystemUtils/Binaries/Win64/UE4Editor-OnlineBlueprintSupport.dll (API version 3944462).
LogModuleManager: Display: Found up-to-date module file ../../../Engine/Plugins/2D/Paper2D/Binaries/Win64/UE4Editor-Paper2D.dll (API version 3944462).
LogModuleManager: Display: Found up-to-date module file ../../../Engine/Plugins/2D/Paper2D/Binaries/Win64/UE4Editor-Paper2DEditor.dll (API version 3944462).
LogModuleManager: Display: Found up-to-date module file ../../../Engine/Plugins/2D/Paper2D/Binaries/Win64/UE4Editor-PaperSpriteSheetImporter.dll (API version 3944462).
LogModuleManager: Display: Found up-to-date module file ../../../Engine/Plugins/2D/Paper2D/Binaries/Win64/UE4Editor-PaperTiledImporter.dll (API version 3944462).
LogModuleManager: Display: Found up-to-date module file ../../../Engine/Plugins/2D/Paper2D/Binaries/Win64/UE4Editor-SmartSnapping.dll (API version 3944462).
LogModuleManager: Display: Found up-to-date module file ../../../Engine/Plugins/Blendables/LightPropagationVolume/Binaries/Win64/UE4Editor-LightPropagationVolumeRuntime.dll (API version 3944462).
LogModuleManager: Display: Found up-to-date module file ../../../Engine/Plugins/Blendables/LightPropagationVolume/Binaries/Win64/UE4Editor-LightPropagationVolumeEditor.dll (API version 3944462).
LogModuleManager: Display: Found up-to-date module file ../../../Engine/Plugins/Developer/CLionSourceCodeAccess/Binaries/Win64/UE4Editor-CLionSourceCodeAccess.dll (API version 3944462).
LogModuleManager: Display: Found up-to-date module file ../../../Engine/Plugins/Developer/GitSourceControl/Binaries/Win64/UE4Editor-GitSourceControl.dll (API version 3944462).
LogModuleManager: Display: Found up-to-date module file ../../../Engine/Plugins/Developer/PerforceSourceControl/Binaries/Win64/UE4Editor-PerforceSourceControl.dll (API version 3944462).
LogModuleManager: Display: Found up-to-date module file ../../../Engine/Plugins/Developer/SubversionSourceControl/Binaries/Win64/UE4Editor-SubversionSourceControl.dll (API version 3944462).
LogModuleManager: Display: Found up-to-date module file ../../../Engine/Plugins/Developer/UObjectPlugin/Binaries/Win64/UE4Editor-UObjectPlugin.dll (API version 3944462).
LogModuleManager: Display: Found up-to-date module file ../../../Engine/Plugins/Developer/VisualStudioCodeSourceCodeAccess/Binaries/Win64/UE4Editor-VisualStudioCodeSourceCodeAccess.dll (API version 3944462).
LogModuleManager: Display: Found up-to-date module file ../../../Engine/Plugins/Developer/VisualStudioSourceCodeAccess/Binaries/Win64/UE4Editor-VisualStudioSourceCodeAccess.dll (API version 3944462).
LogModuleManager: Display: Found up-to-date module file ../../../Engine/Plugins/Editor/AssetManagerEditor/Binaries/Win64/UE4Editor-AssetManagerEditor.dll (API version 3944462).
LogModuleManager: Display: Found up-to-date module file ../../../Engine/Plugins/Editor/CryptoKeys/Binaries/Win64/UE4Editor-CryptoKeys.dll (API version 3944462).
LogModuleManager: Display: Found up-to-date module file ../../../Engine/Plugins/Editor/CryptoKeys/Binaries/Win64/UE4Editor-CryptoKeysOpenSSL.dll (API version 3944462).
LogModuleManager: Display: Found up-to-date module file ../../../Engine/Plugins/Editor/DataValidation/Binaries/Win64/UE4Editor-DataValidation.dll (API version 3944462).
LogModuleManager: Display: Found up-to-date module file ../../../Engine/Plugins/Editor/FacialAnimation/Binaries/Win64/UE4Editor-FacialAnimation.dll (API version 3944462).
LogModuleManager: Display: Found up-to-date module file ../../../Engine/Plugins/Editor/FacialAnimation/Binaries/Win64/UE4Editor-FacialAnimationEditor.dll (API version 3944462).
LogModuleManager: Display: Found up-to-date module file ../../../Engine/Plugins/Editor/GameplayTagsEditor/Binaries/Win64/UE4Editor-GameplayTagsEditor.dll (API version 3944462).
LogModuleManager: Display: Found up-to-date module file ../../../Engine/Plugins/Editor/MobileLauncherProfileWizard/Binaries/Win64/UE4Editor-MobileLauncherProfileWizard.dll (API version 3944462).
LogModuleManager: Display: Found up-to-date module file ../../../Engine/Plugins/Editor/PluginBrowser/Binaries/Win64/UE4Editor-PluginBrowser.dll (API version 3944462).
LogModuleManager: Display: Found up-to-date module file ../../../Engine/Plugins/Editor/SpeedTreeImporter/Binaries/Win64/UE4Editor-SpeedTreeImporter.dll (API version 3944462).
LogModuleManager: Display: Found up-to-date module file ../../../Engine/Plugins/Enterprise/DatasmithContent/Binaries/Win64/UE4Editor-DatasmithContent.dll (API version 3944462).
LogModuleManager: Display: Found up-to-date module file ../../../Engine/Plugins/Experimental/AlembicImporter/Binaries/Win64/UE4Editor-AlembicImporter.dll (API version 3944462).
LogModuleManager: Display: Found up-to-date module file ../../../Engine/Plugins/Experimental/AlembicImporter/Binaries/Win64/UE4Editor-AlembicLibrary.dll (API version 3944462).
LogModuleManager: Display: Found up-to-date module file ../../../Engine/Plugins/Experimental/CharacterAI/Binaries/Win64/UE4Editor-CharacterAI.dll (API version 3944462).
LogModuleManager: Display: Found up-to-date module file ../../../Engine/Plugins/Experimental/HTML5Networking/Binaries/Win64/UE4Editor-HTML5Networking.dll (API version 3944462).
LogModuleManager: Display: Found up-to-date module file ../../../Engine/Plugins/Media/AndroidMedia/Binaries/Win64/UE4Editor-AndroidMediaEditor.dll (API version 3944462).
LogModuleManager: Display: Found up-to-date module file ../../../Engine/Plugins/Media/AndroidMedia/Binaries/Win64/UE4Editor-AndroidMediaFactory.dll (API version 3944462).
LogModuleManager: Display: Found up-to-date module file ../../../Engine/Plugins/Media/AvfMedia/Binaries/Win64/UE4Editor-AvfMediaEditor.dll (API version 3944462).
LogModuleManager: Display: Found up-to-date module file ../../../Engine/Plugins/Media/AvfMedia/Binaries/Win64/UE4Editor-AvfMediaFactory.dll (API version 3944462).
LogModuleManager: Display: Found up-to-date module file ../../../Engine/Plugins/Media/AvfMedia/Binaries/Win64/UE4Editor-AvfMediaFactory.dll (API version 3944462).
LogModuleManager: Display: Found up-to-date module file ../../../Engine/Plugins/Media/ImgMedia/Binaries/Win64/UE4Editor-ImgMedia.dll (API version 3944462).
LogModuleManager: Display: Found up-to-date module file ../../../Engine/Plugins/Media/ImgMedia/Binaries/Win64/UE4Editor-ImgMediaEditor.dll (API version 3944462).
LogModuleManager: Display: Found up-to-date module file ../../../Engine/Plugins/Media/ImgMedia/Binaries/Win64/UE4Editor-ImgMediaFactory.dll (API version 3944462).
LogModuleManager: Display: Found up-to-date module file ../../../Engine/Plugins/Media/ImgMedia/Binaries/Win64/UE4Editor-ImgMediaFactory.dll (API version 3944462).
LogModuleManager: Display: Found up-to-date module file ../../../Engine/Plugins/Media/ImgMedia/Binaries/Win64/UE4Editor-OpenExrWrapper.dll (API version 3944462).
LogModuleManager: Display: Found up-to-date module file ../../../Engine/Plugins/Media/LinearTimecode/Binaries/Win64/UE4Editor-LinearTimecode.dll (API version 3944462).
LogModuleManager: Display: Found up-to-date module file ../../../Engine/Plugins/Media/MediaCompositing/Binaries/Win64/UE4Editor-MediaCompositing.dll (API version 3944462).
LogModuleManager: Display: Found up-to-date module file ../../../Engine/Plugins/Media/MediaCompositing/Binaries/Win64/UE4Editor-MediaCompositingEditor.dll (API version 3944462).
LogModuleManager: Display: Found up-to-date module file ../../../Engine/Plugins/Media/MediaPlayerEditor/Binaries/Win64/UE4Editor-MediaPlayerEditor.dll (API version 3944462).
LogModuleManager: Display: Found up-to-date module file ../../../Engine/Plugins/Media/WmfMedia/Binaries/Win64/UE4Editor-WmfMedia.dll (API version 3944462).
LogModuleManager: Display: Found up-to-date module file ../../../Engine/Plugins/Media/WmfMedia/Binaries/Win64/UE4Editor-WmfMediaEditor.dll (API version 3944462).
LogModuleManager: Display: Found up-to-date module file ../../../Engine/Plugins/Media/WmfMedia/Binaries/Win64/UE4Editor-WmfMediaFactory.dll (API version 3944462).
LogModuleManager: Display: Found up-to-date module file ../../../Engine/Plugins/Media/WmfMedia/Binaries/Win64/UE4Editor-WmfMediaFactory.dll (API version 3944462).
LogModuleManager: Display: Found up-to-date module file ../../../Engine/Plugins/Messaging/TcpMessaging/Binaries/Win64/UE4Editor-TcpMessaging.dll (API version 3944462).
LogModuleManager: Display: Found up-to-date module file ../../../Engine/Plugins/Messaging/UdpMessaging/Binaries/Win64/UE4Editor-UdpMessaging.dll (API version 3944462).
LogModuleManager: Display: Found up-to-date module file ../../../Engine/Plugins/MovieScene/ActorSequence/Binaries/Win64/UE4Editor-ActorSequence.dll (API version 3944462).
LogModuleManager: Display: Found up-to-date module file ../../../Engine/Plugins/MovieScene/LevelSequenceEditor/Binaries/Win64/UE4Editor-LevelSequenceEditor.dll (API version 3944462).
LogModuleManager: Display: Found up-to-date module file ../../../Engine/Plugins/MovieScene/MatineeToLevelSequence/Binaries/Win64/UE4Editor-MatineeToLevelSequence.dll (API version 3944462).
LogModuleManager: Display: Found up-to-date module file ../../../Engine/Plugins/NetcodeUnitTest/NetcodeUnitTest/Binaries/Win64/UE4Editor-NetcodeUnitTest.dll (API version 3944462).
LogModuleManager: Display: Found up-to-date module file ../../../Engine/Plugins/NetcodeUnitTest/NUTUnrealEngine4/Binaries/Win64/UE4Editor-NUTUnrealEngine4.dll (API version 3944462).
LogModuleManager: Display: Found up-to-date module file ../../../Engine/Plugins/Runtime/AndroidPermission/Binaries/Win64/UE4Editor-AndroidPermission.dll (API version 3944462).
LogModuleManager: Display: Found up-to-date module file ../../../Engine/Plugins/Online/OnlineSubsystemNull/Binaries/Win64/UE4Editor-OnlineSubsystemNull.dll (API version 3944462).
LogModuleManager: Display: Found up-to-date module file ../../../Engine/Plugins/Runtime/AndroidDeviceProfileSelector/Binaries/Win64/UE4Editor-AndroidDeviceProfileSelector.dll (API version 3944462).
LogModuleManager: Display: Found up-to-date module file ../../../Engine/Plugins/Runtime/AppleARKit/Binaries/Win64/UE4Editor-AppleARKit.dll (API version 3944462).
LogModuleManager: Display: Found up-to-date module file ../../../Engine/Plugins/Runtime/ProceduralMeshComponent/Binaries/Win64/UE4Editor-ProceduralMeshComponent.dll (API version 3944462).
LogModuleManager: Display: Found up-to-date module file ../../../Engine/Plugins/Runtime/ProceduralMeshComponent/Binaries/Win64/UE4Editor-ProceduralMeshComponentEditor.dll (API version 3944462).
LogModuleManager: Display: Found up-to-date module file ../../../Engine/Plugins/Animation/LiveLink/Binaries/Win64/UE4Editor-LiveLink.dll (API version 3944462).
LogModuleManager: Display: Found up-to-date module file ../../../Engine/Plugins/Animation/LiveLink/Binaries/Win64/UE4Editor-LiveLinkEditor.dll (API version 3944462).
LogModuleManager: Display: Found up-to-date module file ../../../Engine/Plugins/Runtime/ArchVisCharacter/Binaries/Win64/UE4Editor-ArchVisCharacter.dll (API version 3944462).
LogModuleManager: Display: Found up-to-date module file ../../../Engine/Plugins/Runtime/AudioCapture/Binaries/Win64/UE4Editor-AudioCapture.dll (API version 3944462).
LogModuleManager: Display: Found up-to-date module file ../../../Engine/Plugins/Runtime/AudioCapture/Binaries/Win64/UE4Editor-AudioCaptureEditor.dll (API version 3944462).
LogModuleManager: Display: Found up-to-date module file ../../../Engine/Plugins/Runtime/CableComponent/Binaries/Win64/UE4Editor-CableComponent.dll (API version 3944462).
LogModuleManager: Display: Found up-to-date module file ../../../Engine/Plugins/Runtime/CustomMeshComponent/Binaries/Win64/UE4Editor-CustomMeshComponent.dll (API version 3944462).
LogModuleManager: Display: Found up-to-date module file ../../../Engine/Plugins/Runtime/ExampleDeviceProfileSelector/Binaries/Win64/UE4Editor-ExampleDeviceProfileSelector.dll (API version 3944462).
LogModuleManager: Display: Found up-to-date module file ../../../Engine/Plugins/Runtime/ImmediatePhysics/Binaries/Win64/UE4Editor-ImmediatePhysics.dll (API version 3944462).
LogModuleManager: Display: Found up-to-date module file ../../../Engine/Plugins/Runtime/ImmediatePhysics/Binaries/Win64/UE4Editor-ImmediatePhysicsEditor.dll (API version 3944462).
LogModuleManager: Display: Found up-to-date module file ../../../Engine/Plugins/Runtime/LocationServicesBPLibrary/Binaries/Win64/UE4Editor-LocationServicesBPLibrary.dll (API version 3944462).
LogModuleManager: Display: Found up-to-date module file ../../../Engine/Plugins/Runtime/MobilePatchingUtils/Binaries/Win64/UE4Editor-MobilePatchingUtils.dll (API version 3944462).
LogModuleManager: Display: Found up-to-date module file ../../../Engine/Plugins/Runtime/Oculus/OculusVR/Binaries/Win64/UE4Editor-OculusHMD.dll (API version 3944462).
LogModuleManager: Display: Found up-to-date module file ../../../Engine/Plugins/Runtime/Oculus/OculusVR/Binaries/Win64/UE4Editor-OculusInput.dll (API version 3944462).
LogModuleManager: Display: Found up-to-date module file ../../../Engine/Plugins/Runtime/Oculus/OculusVR/Binaries/Win64/UE4Editor-OculusEditor.dll (API version 3944462).
LogModuleManager: Display: Found up-to-date module file ../../../Engine/Plugins/Runtime/PhysXVehicles/Binaries/Win64/UE4Editor-PhysXVehicles.dll (API version 3944462).
LogModuleManager: Display: Found up-to-date module file ../../../Engine/Plugins/Runtime/PhysXVehicles/Binaries/Win64/UE4Editor-PhysXVehiclesEditor.dll (API version 3944462).
LogModuleManager: Display: Found up-to-date module file ../../../Engine/Plugins/Runtime/RuntimePhysXCooking/Binaries/Win64/UE4Editor-RuntimePhysXCooking.dll (API version 3944462).
LogModuleManager: Display: Found up-to-date module file ../../../Engine/Plugins/Runtime/Steam/SteamVR/Binaries/Win64/UE4Editor-SteamVR.dll (API version 3944462).
LogModuleManager: Display: Found up-to-date module file ../../../Engine/Plugins/Runtime/Steam/SteamVR/Binaries/Win64/UE4Editor-SteamVRController.dll (API version 3944462).
LogModuleManager: Display: Found up-to-date module file ../../../Engine/Plugins/Runtime/WindowsMoviePlayer/Binaries/Win64/UE4Editor-WindowsMoviePlayer.dll (API version 3944462).
LogPluginManager: Mounting plugin Paper2D
LogPluginManager: Mounting plugin LiveLink
LogPluginManager: Mounting plugin LightPropagationVolume
LogPluginManager: Mounting plugin CLionSourceCodeAccess
LogPluginManager: Mounting plugin CodeLiteSourceCodeAccess
LogPluginManager: Mounting plugin GitSourceControl
LogPluginManager: Mounting plugin KDevelopSourceCodeAccess
LogPluginManager: Mounting plugin NullSourceCodeAccess
LogPluginManager: Mounting plugin PerforceSourceControl
LogPluginManager: Mounting plugin SubversionSourceControl
LogPluginManager: Mounting plugin UObjectPlugin
LogPluginManager: Mounting plugin VisualStudioCodeSourceCodeAccess
LogPluginManager: Mounting plugin VisualStudioSourceCodeAccess
LogPluginManager: Mounting plugin XCodeSourceCodeAccess
LogPluginManager: Mounting plugin AssetManagerEditor
LogPluginManager: Mounting plugin CryptoKeys
LogPluginManager: Mounting plugin DataValidation
LogPluginManager: Mounting plugin FacialAnimation
LogPluginManager: Mounting plugin GameplayTagsEditor
LogPluginManager: Mounting plugin MobileLauncherProfileWizard
LogPluginManager: Mounting plugin PluginBrowser
LogPluginManager: Mounting plugin SpeedTreeImporter
LogPluginManager: Mounting plugin DatasmithContent
LogPluginManager: Mounting plugin AlembicImporter
LogPluginManager: Mounting plugin CharacterAI
LogPluginManager: Mounting plugin HTML5Networking
LogPluginManager: Mounting plugin AndroidMedia
LogPluginManager: Mounting plugin AvfMedia
LogPluginManager: Mounting plugin ImgMedia
LogPluginManager: Mounting plugin LinearTimecode
LogPluginManager: Mounting plugin MediaCompositing
LogPluginManager: Mounting plugin MediaPlayerEditor
LogPluginManager: Mounting plugin WmfMedia
LogPluginManager: Mounting plugin TcpMessaging
LogPluginManager: Mounting plugin UdpMessaging
LogPluginManager: Mounting plugin ActorSequence
LogPluginManager: Mounting plugin LevelSequenceEditor
LogPluginManager: Mounting plugin MatineeToLevelSequence
LogPluginManager: Mounting plugin NetcodeUnitTest
LogPluginManager: Mounting plugin NUTUnrealEngine4
LogPluginManager: Mounting plugin OnlineSubsystemGooglePlay
LogPluginManager: Mounting plugin OnlineSubsystemIOS
LogPluginManager: Mounting plugin OnlineSubsystem
LogPluginManager: Mounting plugin OnlineSubsystemNull
LogPluginManager: Mounting plugin OnlineSubsystemSteam
LogPluginManager: Mounting plugin OnlineSubsystemUtils
LogPluginManager: Mounting plugin AndroidDeviceProfileSelector
LogPluginManager: Mounting plugin AndroidMoviePlayer
LogPluginManager: Mounting plugin AndroidPermission
LogPluginManager: Mounting plugin AppleARKit
LogPluginManager: Mounting plugin AppleMoviePlayer
LogPluginManager: Mounting plugin ArchVisCharacter
LogPluginManager: Mounting plugin AudioCapture
LogPluginManager: Mounting plugin CableComponent
LogPluginManager: Mounting plugin CustomMeshComponent
LogPluginManager: Mounting plugin ExampleDeviceProfileSelector
LogPluginManager: Mounting plugin GoogleCloudMessaging
LogPluginManager: Mounting plugin ImmediatePhysics
LogPluginManager: Mounting plugin IOSDeviceProfileSelector
LogPluginManager: Mounting plugin LinuxDeviceProfileSelector
LogPluginManager: Mounting plugin LocationServicesBPLibrary
LogPluginManager: Mounting plugin MobilePatchingUtils
LogPluginManager: Mounting plugin OculusVR
LogPluginManager: Plugin shader directory ../../../Engine/Plugins/Runtime/Oculus/OculusVR/Shaders found
LogPluginManager: Mapping shader source directory ../../../Engine/Plugins/Runtime/Oculus/OculusVR/Shaders to virtual directory /Plugin/OculusVR
LogPluginManager: Mounting plugin PhysXVehicles
LogPluginManager: Mounting plugin ProceduralMeshComponent
LogPluginManager: Mounting plugin RuntimePhysXCooking
LogPluginManager: Mounting plugin SteamVR
LogPluginManager: Mounting plugin WindowsMoviePlayer
LogStreaming: Display: Took  3.093s to configure plugins.
LogInit: Using libcurl 7.47.1
LogInit:  - built for x86_64-pc-win32
LogInit:  - supports SSL with OpenSSL/1.0.2g
LogInit:  - supports HTTP deflate (compression) using libz 1.2.8
LogInit:  - other features:
LogInit:      CURL_VERSION_SSL
LogInit:      CURL_VERSION_LIBZ
LogInit:      CURL_VERSION_IPV6
LogInit:      CURL_VERSION_ASYNCHDNS
LogInit:      CURL_VERSION_LARGEFILE
LogInit:      CURL_VERSION_IDN
LogInit:  CurlRequestOptions (configurable via config and command line):
LogInit:  - bVerifyPeer = false  - Libcurl will NOT verify peer certificate
LogInit:  - bUseHttpProxy = false  - Libcurl will NOT use HTTP proxy
LogInit:  - bDontReuseConnections = false  - Libcurl will reuse connections
LogInit:  - CertBundlePath = nullptr  - Libcurl will use whatever was configured at build time.
LogInit:  - MaxHostConnections = 16  - Libcurl will limit the number of connections to a host
LogInit:  - LocalHostAddr = Default
LogOnline: Display: STEAM: Loading Steam SDK 1.39
LogOnline: Warning: STEAM: Steam API disabled!
LogOnline: Display: STEAM: OnlineSubsystemSteam::Shutdown()
LogInit: WinSock: version 1.1 (2.2), MaxSocks=32767, MaxUdp=65467
LogInit: WinSock: I am Q6600 (192.168.1.42:0)
LogInit: Build: ++UE4+Release-4.19-CL-4033788
LogInit: Engine Version: 4.19.2-4033788+++UE4+Release-4.19
LogInit: Compatible Engine Version: 4.19.0-3944462+++UE4+Release-4.19
LogInit: Net CL: 3944462
LogDevObjectVersion: Number of dev versions registered: 18
LogDevObjectVersion:   Dev-Blueprints (B0D832E4-1F89-4F0D-ACCF-7EB736FD4AA2): 10
LogDevObjectVersion:   Dev-Build (E1C64328-A22C-4D53-A36C-8E866417BD8C): 0
LogDevObjectVersion:   Dev-Core (375EC13C-06E4-48FB-B500-84F0262A717E): 2
LogDevObjectVersion:   Dev-Editor (E4B068ED-F494-42E9-A231-DA0B2E46BB41): 23
LogDevObjectVersion:   Dev-Framework (CFFC743F-43B0-4480-9391-14DF171D2073): 33
LogDevObjectVersion:   Dev-Mobile (B02B49B5-BB20-44E9-A304-32B752E40360): 2
LogDevObjectVersion:   Dev-Networking (A4E4105C-59A1-49B5-A7C5-40C4547EDFEE): 0
LogDevObjectVersion:   Dev-Online (39C831C9-5AE6-47DC-9A44-9C173E1C8E7C): 0
LogDevObjectVersion:   Dev-Physics (78F01B33-EBEA-4F98-B9B4-84EACCB95AA2): 0
LogDevObjectVersion:   Dev-Platform (6631380F-2D4D-43E0-8009-CF276956A95A): 0
LogDevObjectVersion:   Dev-Rendering (12F88B9F-8875-4AFC-A67C-D90C383ABD29): 25
LogDevObjectVersion:   Dev-Sequencer (7B5AE74C-D270-4C10-A958-57980B212A5A): 6
LogDevObjectVersion:   Dev-VR (D7296918-1DD6-4BDD-9DE2-64A83CC13884): 1
LogDevObjectVersion:   Dev-LoadTimes (C2A15278-BFE7-4AFE-6C17-90FF531DF755): 1
LogDevObjectVersion:   Private-Geometry (6EACA3D4-40EC-4CC1-B786-8BED09428FC5): 2
LogDevObjectVersion:   Dev-AnimPhys (29E575DD-E0A3-4627-9D10-D276232CDCEA): 16
LogDevObjectVersion:   Dev-ReflectionCapture (6B266CEC-1EC7-4B8F-A30B-E4D90942FC07): 1
LogDevObjectVersion:   Dev-Automation (0DF73D61-A23F-47EA-B727-89E90C41499A): 1
LogInit: Compiled (64-bit): Apr 27 2018 02:06:57
LogInit: Compiled with Visual C++: 19.00.24215.01
LogInit: Build Configuration: Development
LogInit: Branch Name: ++UE4+Release-4.19
LogInit: Command Line:  127.0.0.1:17777 -game -PIEVIACONSOLE -ResX=640 -ResY=480  -Multiprocess -messaging -SessionName="Play in Standalone Game" -windowed GameUserSettingsINI="F:/Juegos/UE_Projects/FPBG/Saved/Config/Windows/PIEGameUserSettings1.ini" -MultiprocessSaveConfig  -MultiprocessOSS WinX=664 WinY=550 SAVEWINPOS=1
LogInit: Base Directory: F:/Juegos/UE_4.19/Engine/Binaries/Win64/
LogInit: Installed Engine Build: 1
LogStreaming: Display: Took  0.008s to delete old logs.
LogInit: Presizing for max 8388607 objects, including 0 objects not considered by GC, pre-allocating 0 bytes for permanent pool.
LogInit: Object subsystem initialized
[2018.07.26-21.04.24:221][  0]LogInit: Selected Device Profile: [Windows]
[2018.07.26-21.04.24:221][  0]LogInit: Applying CVar settings loaded from the selected device profile: [Windows]
[2018.07.26-21.04.24:233][  0]LogInit: Computer: Q6600
[2018.07.26-21.04.24:233][  0]LogInit: User: bitt3rman
[2018.07.26-21.04.24:233][  0]LogInit: CPU Page size=4096, Cores=4
[2018.07.26-21.04.24:233][  0]LogInit: High frequency timer resolution =2.343833 MHz
[2018.07.26-21.04.24:233][  0]LogMemory: Memory total: Physical=8.0GB (8GB approx)
[2018.07.26-21.04.24:233][  0]LogMemory: Platform Memory Stats for Windows
[2018.07.26-21.04.24:233][  0]LogMemory: Process Physical Memory: 274.87 MB used, 274.87 MB peak
[2018.07.26-21.04.24:234][  0]LogMemory: Process Virtual Memory: 270.20 MB used, 270.20 MB peak
[2018.07.26-21.04.24:234][  0]LogMemory: Physical Memory: 6015.34 MB used,  2175.15 MB free, 8190.49 MB total
[2018.07.26-21.04.24:234][  0]LogMemory: Virtual Memory: 4776.43 MB used,  2175.15 MB free, 134217728.00 MB total
[2018.07.26-21.04.24:281][  0]LogInit: Using OS detected language (es-ES).
[2018.07.26-21.04.24:281][  0]LogInit: Using OS detected locale (es-ES).
[2018.07.26-21.04.24:281][  0]LogTextLocalizationManager: No localization for 'es-ES' exists, so 'en' will be used for the language.
[2018.07.26-21.04.24:281][  0]LogTextLocalizationManager: No localization for 'es-ES' exists, so 'en' will be used for the locale.
[2018.07.26-21.04.25:311][  0]LogStreaming: Display: Took  1.030s to EndInitTextLocalization.
[2018.07.26-21.04.25:369][  0]LogSlate: New Slate User Created.  User Index 0, Is Virtual User: 0
[2018.07.26-21.04.25:369][  0]LogSlate: Slate User Registered.  User Index 0, Is Virtual User: 0
[2018.07.26-21.04.25:375][  0]LogD3D11RHI: D3D11 adapters:
[2018.07.26-21.04.25:469][  0]LogD3D11RHI:    0. 'NVIDIA GeForce GT 730' (Feature Level 11_0)
[2018.07.26-21.04.25:469][  0]LogD3D11RHI:       2018/0/4095 MB DedicatedVideo/DedicatedSystem/SharedSystem, Outputs:1, VendorId:0x10de
[2018.07.26-21.04.25:474][  0]LogD3D11RHI:    1. 'Microsoft Basic Render Driver' (Feature Level 11_0)
[2018.07.26-21.04.25:474][  0]LogD3D11RHI:       0/0/4095 MB DedicatedVideo/DedicatedSystem/SharedSystem, Outputs:0, VendorId:0x1414
[2018.07.26-21.04.25:474][  0]LogD3D11RHI: Chosen D3D11 Adapter: 0
[2018.07.26-21.04.25:492][  0]LogD3D11RHI: Creating new Direct3DDevice
[2018.07.26-21.04.25:492][  0]LogD3D11RHI:     GPU DeviceId: 0x1287 (for the marketing name, search the web for "GPU Device Id")
[2018.07.26-21.04.25:492][  0]LogWindows: EnumDisplayDevices:
[2018.07.26-21.04.25:492][  0]LogWindows:    0. 'NVIDIA GeForce GT 730' (P:1 D:1)
[2018.07.26-21.04.25:493][  0]LogWindows:    1. 'NVIDIA GeForce GT 730' (P:0 D:0)
[2018.07.26-21.04.25:493][  0]LogWindows:    2. 'NVIDIA GeForce GT 730' (P:0 D:0)
[2018.07.26-21.04.25:493][  0]LogWindows: DebugString: GetVideoDriverDetailsInvalid PrimaryIsNotTheChoosenAdapter GetVideoDriverDetailsInvalid PrimaryIsNotTheChoosenAdapter GetVideoDriverDetailsInvalid PrimaryIsNotTheChoosenAdapter FoundDriverCount:0 
[2018.07.26-21.04.25:493][  0]LogD3D11RHI:     Adapter Name: NVIDIA GeForce GT 730
[2018.07.26-21.04.25:493][  0]LogD3D11RHI:   Driver Version: Unknown (internal:Unknown, unified:Unknown)
[2018.07.26-21.04.25:493][  0]LogD3D11RHI:      Driver Date: Unknown
[2018.07.26-21.04.25:493][  0]LogRHI: Texture pool is 1413 MB (70% of 2018 MB)
[2018.07.26-21.04.25:554][  0]LogD3D11RHI: [Aftermath] Aftermath enabled but failed to initialize
[2018.07.26-21.04.25:554][  0]LogD3D11RHI: [Aftermath] Aftermath enabled and primed
[2018.07.26-21.04.25:554][  0]LogD3D11RHI: Async texture creation enabled
[2018.07.26-21.04.25:573][  0]LogD3D11RHI: GPU Timing Frequency: 1000.000000 (Debug: 2 1)
[2018.07.26-21.04.25:577][  0]LogShaderCompilers: Guid format shader working directory is 21 characters bigger than the processId version (../../../../UE_Projects/FPBG/Intermediate/Shaders/WorkingDirectory/16304/).
[2018.07.26-21.04.25:578][  0]LogShaderCompilers: Cleaned the shader compiler working directory 'C:/Users/bitt3rman/AppData/Local/Temp/UnrealShaderWorkingDir/DAF70FD94C6128C304F0BA91E2D87A83/'.
[2018.07.26-21.04.26:400][  0]LogTemp: Display: Loaded TP WindowsClientTargetPlatform
[2018.07.26-21.04.26:434][  0]LogTemp: Display: Loaded TP WindowsNoEditorTargetPlatform
[2018.07.26-21.04.26:468][  0]LogTemp: Display: Loaded TP WindowsServerTargetPlatform
[2018.07.26-21.04.26:505][  0]LogTemp: Display: Loaded TP WindowsTargetPlatform
[2018.07.26-21.04.26:505][  0]LogTargetPlatformManager: Display: Building Assets For Windows
[2018.07.26-21.04.26:806][  0]LogXGEController: Cannot use XGE Controller as Incredibuild is not installed on this machine.
[2018.07.26-21.04.26:806][  0]LogShaderCompilers: Cannot use XGE Shader Compiler as Incredibuild is not installed on this machine.
[2018.07.26-21.04.26:806][  0]LogShaderCompilers: Display: Using Local Shader Compiler.
[2018.07.26-21.04.28:815][  0]LogDerivedDataCache: Display: Max Cache Size: 512 MB
[2018.07.26-21.04.29:094][  0]LogDerivedDataCache: Loaded boot cache 0.28s 74MB C:/Users/bitt3rman/AppData/Local/UnrealEngine/4.19/DerivedDataCache/Boot.ddc.
[2018.07.26-21.04.29:094][  0]LogDerivedDataCache: Display: Loaded Boot cache: C:/Users/bitt3rman/AppData/Local/UnrealEngine/4.19/DerivedDataCache/Boot.ddc
[2018.07.26-21.04.29:094][  0]LogDerivedDataCache: FDerivedDataBackendGraph:  Pak pak cache file ../../../../UE_Projects/FPBG/DerivedDataCache/DDC.ddp not found, will not use a pak cache.
[2018.07.26-21.04.29:095][  0]LogDerivedDataCache: Unable to find inner node Pak for hierarchical cache Hierarchy.
[2018.07.26-21.04.29:095][  0]LogDerivedDataCache: FDerivedDataBackendGraph:  CompressedPak pak cache file ../../../../UE_Projects/FPBG/DerivedDataCache/Compressed.ddp not found, will not use a pak cache.
[2018.07.26-21.04.29:095][  0]LogDerivedDataCache: Unable to find inner node CompressedPak for hierarchical cache Hierarchy.
[2018.07.26-21.04.29:124][  0]LogDerivedDataCache: Display: Pak cache opened for reading ../../../Engine/DerivedDataCache/Compressed.ddp.
[2018.07.26-21.04.29:139][  0]LogDerivedDataCache: Using Local data cache path C:/Users/bitt3rman/AppData/Local/UnrealEngine/Common/DerivedDataCache: Writable
[2018.07.26-21.04.29:139][  0]LogDerivedDataCache: Shared data cache path not found in *engine.ini, will not use an Shared cache.
[2018.07.26-21.04.29:139][  0]LogDerivedDataCache: Unable to find inner node Shared for hierarchical cache Hierarchy.
[2018.07.26-21.04.29:171][  0]LogMaterial: Verifying Global Shaders for PCD3D_SM5
[2018.07.26-21.04.29:171][  0]LogSlate: Using Freetype 2.6.0
[2018.07.26-21.04.29:173][  0]LogSlate: SlateFontCache - WITH_FREETYPE: 1, WITH_HARFBUZZ: 1
[2018.07.26-21.04.29:174][  0]LogSlate: SlateFontCache - WITH_FREETYPE: 1, WITH_HARFBUZZ: 1
[2018.07.26-21.04.29:475][  0]LogAssetRegistry: FAssetRegistry took 0.0124 seconds to start up
[2018.07.26-21.04.30:023][  0]LogPackageLocalizationCache: Processed 9 localized package path(s) for 1 prioritized culture(s) in 0.036380 seconds
[2018.07.26-21.04.30:288][  0]LogInit: Selected Device Profile: [Windows]
[2018.07.26-21.04.30:684][  0]LogSimplygon: Simplygon DLL not present - disabling.
[2018.07.26-21.04.30:692][  0]LogMeshReduction: Using SimplygonSwarm for distributed automatic mesh merging
[2018.07.26-21.04.30:692][  0]LogMeshReduction: Using QuadricMeshReduction for automatic static mesh reduction
[2018.07.26-21.04.30:692][  0]LogMeshReduction: No automatic skeletal mesh reduction module available
[2018.07.26-21.04.30:692][  0]LogMeshReduction: No automatic mesh merging module available
[2018.07.26-21.04.30:692][  0]LogMeshMerging: No automatic mesh merging module available
[2018.07.26-21.04.30:795][  0]LogNetVersion: FPBG , NetCL: 3944462, EngineNetVer: 2, GameNetVer: 0 (Checksum: 1413110598)
[2018.07.26-21.04.32:694][  0]LogMoviePlayer: Initializing movie player
[2018.07.26-21.04.33:435][  0]LogTcpMessaging: Initializing TcpMessaging bridge
[2018.07.26-21.04.33:509][  0]LogUdpMessaging: Initializing bridge on interface 0.0.0.0:0 to multicast group 230.0.0.1:6666.
[2018.07.26-21.04.34:179][  0]SourceControl: Source control is disabled
[2018.07.26-21.04.34:179][  0]SourceControl: Source control is disabled
[2018.07.26-21.04.34:238][  0]SourceControl: Source control is disabled
[2018.07.26-21.04.35:280][  0]LogAndroidPermission: UAndroidPermissionCallbackProxy::GetInstance
[2018.07.26-21.04.35:799][  0]LogOcInput: OculusInput pre-init called
[2018.07.26-21.04.35:943][  0]LogUObjectArray: 40131 objects as part of root set at end of initial load.
[2018.07.26-21.04.35:943][  0]LogUObjectAllocator: 8578472 out of 0 bytes used by permanent object pool.
[2018.07.26-21.04.35:943][  0]LogUObjectArray: CloseDisregardForGC: 0/0 objects in disregard for GC pool
[2018.07.26-21.04.36:043][  0]LogEngine: Initializing Engine...
[2018.07.26-21.04.36:046][  0]LogHMD: Failed to initialize OpenVR with code 110
[2018.07.26-21.04.36:063][  0]LogStats: UGameplayTagsManager::ConstructGameplayTagTree: Construct from data asset -  0.000 s
[2018.07.26-21.04.36:063][  0]LogStats: UGameplayTagsManager::ConstructGameplayTagTree: GameplayTagTreeChangedEvent.Broadcast -  0.000 s
[2018.07.26-21.04.36:927][  0]LogInit: XAudio2 using 'Speakers (High Definition Audio Device)' : 2 channels at 48 kHz using 16 bits per sample (channel mask 0x3)
[2018.07.26-21.04.37:005][  0]LogInit: FAudioDevice initialized.
[2018.07.26-21.04.37:068][  0]LogInit: Texture streaming: Enabled
[2018.07.26-21.04.37:506][  0]LogUObjectGlobals: Created PersistentFrame Addr=0x00000214a69c2e80, Size=632, Default__GameInfoInstance_C Function /Game/Blueprints/AllLevels/GameInfoInstance.GameInfoInstance_C:ExecuteUbergraph_GameInfoInstance
[2018.07.26-21.04.37:520][  0]LogUObjectGlobals: Created PersistentFrame Addr=0x00000214b7621648, Size=40, Default__ErrorDialog_C Function /Game/UI/MainMenu/ErrorDialog.ErrorDialog_C:ExecuteUbergraph_ErrorDialog
[2018.07.26-21.04.37:538][  0]LogUObjectGlobals: Created PersistentFrame Addr=0x00000214b72f3ee0, Size=96, Default__HostMenu_C Function /Game/UI/MainMenu/HostMenu.HostMenu_C:ExecuteUbergraph_HostMenu
[2018.07.26-21.04.37:553][  0]LogUObjectGlobals: Created PersistentFrame Addr=0x00000214b72b6d40, Size=64, Default__MainMenu_C Function /Game/UI/MainMenu/MainMenu.MainMenu_C:ExecuteUbergraph_MainMenu
[2018.07.26-21.04.37:598][  0]LogUObjectGlobals: Created PersistentFrame Addr=0x00000214b72b2b70, Size=104, Default__OptionsMenu_C Function /Game/UI/MainMenu/OptionsMenu.OptionsMenu_C:ExecuteUbergraph_OptionsMenu
[2018.07.26-21.04.37:615][  0]LogUObjectGlobals: Created PersistentFrame Addr=0x00000214b7277100, Size=608, Default__ServerMenu_C Function /Game/UI/MainMenu/ServerMenu.ServerMenu_C:ExecuteUbergraph_ServerMenu
[2018.07.26-21.04.37:731][  0]LogUObjectGlobals: Destroyed PersistentFrame Addr=0x00000214a69c2e80, Size=632
[2018.07.26-21.04.37:731][  0]LogUObjectGlobals: Created PersistentFrame Addr=0x00000214b7113380, Size=632, Default__GameInfoInstance_C Function /Engine/Transient.REINST_GameInfoInstance_C_2:ExecuteUbergraph_GameInfoInstance
[2018.07.26-21.04.37:732][  0]LogUObjectGlobals: Destroyed PersistentFrame Addr=0x00000214b7621648, Size=40
[2018.07.26-21.04.37:732][  0]LogUObjectGlobals: Created PersistentFrame Addr=0x00000214b71d2098, Size=40, Default__ErrorDialog_C Function /Engine/Transient.REINST_ErrorDialog_C_0:ExecuteUbergraph_ErrorDialog
[2018.07.26-21.04.37:733][  0]LogUObjectGlobals: Destroyed PersistentFrame Addr=0x00000214b72f3ee0, Size=96
[2018.07.26-21.04.37:733][  0]LogUObjectGlobals: Created PersistentFrame Addr=0x00000214b72f3ee0, Size=96, Default__HostMenu_C Function /Engine/Transient.REINST_HostMenu_C_1:ExecuteUbergraph_HostMenu
[2018.07.26-21.04.37:733][  0]LogUObjectGlobals: Destroyed PersistentFrame Addr=0x00000214b72b6d40, Size=64
[2018.07.26-21.04.37:733][  0]LogUObjectGlobals: Created PersistentFrame Addr=0x00000214b7114cc0, Size=64, Default__MainMenu_C Function /Engine/Transient.REINST_MainMenu_C_3:ExecuteUbergraph_MainMenu
[2018.07.26-21.04.37:734][  0]LogUObjectGlobals: Destroyed PersistentFrame Addr=0x00000214b72b2b70, Size=104
[2018.07.26-21.04.37:734][  0]LogUObjectGlobals: Created PersistentFrame Addr=0x00000214b7130170, Size=104, Default__OptionsMenu_C Function /Engine/Transient.REINST_OptionsMenu_C_4:ExecuteUbergraph_OptionsMenu
[2018.07.26-21.04.37:735][  0]LogUObjectGlobals: Destroyed PersistentFrame Addr=0x00000214b7277100, Size=608
[2018.07.26-21.04.37:735][  0]LogUObjectGlobals: Created PersistentFrame Addr=0x00000214b7112e80, Size=608, Default__ServerMenu_C Function /Engine/Transient.REINST_ServerMenu_C_5:ExecuteUbergraph_ServerMenu
[2018.07.26-21.04.37:813][  0]LogUObjectGlobals: Created PersistentFrame Addr=0x00000214b6d20400, Size=632, Default__GameInfoInstance_C Function /Game/Blueprints/AllLevels/GameInfoInstance.GameInfoInstance_C:ExecuteUbergraph_GameInfoInstance
[2018.07.26-21.04.37:815][  0]LogUObjectGlobals: Created PersistentFrame Addr=0x00000214b71d2980, Size=40, Default__ErrorDialog_C Function /Game/UI/MainMenu/ErrorDialog.ErrorDialog_C:ExecuteUbergraph_ErrorDialog
[2018.07.26-21.04.37:820][  0]LogUObjectGlobals: Created PersistentFrame Addr=0x00000214b6ceb340, Size=96, Default__HostMenu_C Function /Game/UI/MainMenu/HostMenu.HostMenu_C:ExecuteUbergraph_HostMenu
[2018.07.26-21.04.37:823][  0]LogUObjectGlobals: Created PersistentFrame Addr=0x00000214b711c100, Size=56, Default__MainMenu_C Function /Game/UI/MainMenu/MainMenu.MainMenu_C:ExecuteUbergraph_MainMenu
[2018.07.26-21.04.37:829][  0]LogUObjectGlobals: Created PersistentFrame Addr=0x00000214b6c5d670, Size=104, Default__OptionsMenu_C Function /Game/UI/MainMenu/OptionsMenu.OptionsMenu_C:ExecuteUbergraph_OptionsMenu
[2018.07.26-21.04.37:835][  0]LogUObjectGlobals: Created PersistentFrame Addr=0x00000214b6c92700, Size=592, Default__ServerMenu_C Function /Game/UI/MainMenu/ServerMenu.ServerMenu_C:ExecuteUbergraph_ServerMenu
[2018.07.26-21.04.37:918][  0]LogInit: Display: Game Engine Initialized.
[2018.07.26-21.04.37:918][  0]LogGameplayTags: Display: UGameplayTagsManager::DoneAddingNativeTags. DelegateIsBound: 0
[2018.07.26-21.04.37:918][  0]LogStats: UGameplayTagsManager::ConstructGameplayTagTree: Construct from data asset -  0.000 s
[2018.07.26-21.04.37:918][  0]LogStats: UGameplayTagsManager::ConstructGameplayTagTree: GameplayTagTreeChangedEvent.Broadcast -  0.000 s
[2018.07.26-21.04.38:340][  0]LogInit: Display: Starting Game.
[2018.07.26-21.04.38:340][  0]LogNet: Browse: 127.0.0.1:17777//Game/Maps/MainMenu?Name=Player
[2018.07.26-21.04.38:340][  0]LogOnline: Warning: STEAM: Steam API disabled!
[2018.07.26-21.04.38:340][  0]LogOnline: Display: STEAM: OnlineSubsystemSteam::Shutdown()
[2018.07.26-21.04.38:340][  0]LogTemp: Display: ParseSettings for GameNetDriver
[2018.07.26-21.04.38:341][  0]LogTemp: Display: ParseSettings for IpNetDriver_0
[2018.07.26-21.04.38:341][  0]LogTemp: Display: ParseSettings for PendingNetDriver
[2018.07.26-21.04.38:341][  0]LogInit: WinSock: Socket queue 32768 / 32768
[2018.07.26-21.04.38:342][  0]PacketHandlerLog: Loaded PacketHandler component: Engine.EngineHandlerComponentFactory (StatelessConnectHandlerComponent)
[2018.07.26-21.04.38:342][  0]LogNet: Game client on port 17777, rate 10000
[2018.07.26-21.04.38:456][  0]LogLoad: (Engine Initialization) Total time: 20.85 seconds
[2018.07.26-21.04.38:457][  0]LogLoad: (Engine Initialization) Total Blueprint compile time: 0.00 seconds
[2018.07.26-21.04.38:474][  0]LogWindowsTextInputMethodSystem: Display: IME system now deactivated.
[2018.07.26-21.04.38:482][  0]LogContentStreaming: Texture pool size now 1000 MB
[2018.07.26-21.04.40:372][ 96]LogHandshake: SendChallengeResponse. Timestamp: 0.663745, Cookie: 062003201020163036204235189099126169222146204044031014121053
[2018.07.26-21.04.40:388][ 97]LogNetVersion: FPBG 1.0.0.0, NetCL: 3944462, EngineNetVer: 2, GameNetVer: 0 (Checksum: 272724767)
[2018.07.26-21.04.40:390][ 97]LogNet: UPendingNetGame::SendInitialJoin: Sending hello. [UNetConnection] RemoteAddr: 127.0.0.1:17777, Name: IpConnection_0, Driver: PendingNetDriver IpNetDriver_0, IsServer: NO, PC: NULL, Owner: NULL, UniqueId: INVALID
[2018.07.26-21.04.40:443][100]LogNet: Welcomed by server (Level: /Game/Maps/MainMenu, Game: /Game/FirstPersonBP/Blueprints/FirstPersonGameMode.FirstPersonGameMode_C)
[2018.07.26-21.04.40:443][100]LogLoad: LoadMap: 127.0.0.1:17777//Game/Maps/MainMenu?Name=Player?game=/Game/FirstPersonBP/Blueprints/FirstPersonGameMode.FirstPersonGameMode_C
[2018.07.26-21.04.40:470][100]LogUObjectGlobals: Destroyed PersistentFrame Addr=0x00000214b7113380, Size=632
[2018.07.26-21.04.40:471][100]LogUObjectGlobals: Destroyed PersistentFrame Addr=0x00000214b71d2098, Size=40
[2018.07.26-21.04.40:471][100]LogUObjectGlobals: Destroyed PersistentFrame Addr=0x00000214b72f3ee0, Size=96
[2018.07.26-21.04.40:471][100]LogUObjectGlobals: Destroyed PersistentFrame Addr=0x00000214b7114cc0, Size=64
[2018.07.26-21.04.40:471][100]LogUObjectGlobals: Destroyed PersistentFrame Addr=0x00000214b7130170, Size=104
[2018.07.26-21.04.40:471][100]LogUObjectGlobals: Destroyed PersistentFrame Addr=0x00000214b7112e80, Size=608
[2018.07.26-21.04.40:479][100]LogUObjectGlobals: Created PersistentFrame Addr=0x00000214b6d17500, Size=32, Default__MainMenu_C Function /Game/Maps/MainMenu.MainMenu_C:ExecuteUbergraph_MainMenu
[2018.07.26-21.04.40:481][100]LogUObjectGlobals: Destroyed PersistentFrame Addr=0x00000214b6d17500, Size=32
[2018.07.26-21.04.40:482][100]LogUObjectGlobals: Created PersistentFrame Addr=0x00000214b6d17500, Size=32, Default__MainMenu_C Function /Engine/Transient.REINST_MainMenu_C_13:ExecuteUbergraph_MainMenu
[2018.07.26-21.04.40:483][100]LogUObjectGlobals: Created PersistentFrame Addr=0x00000214b6d14280, Size=32, Default__MainMenu_C Function /Game/Maps/MainMenu.MainMenu_C:ExecuteUbergraph_MainMenu
[2018.07.26-21.04.40:515][100]LogAIModule: Creating AISystem for world MainMenu
[2018.07.26-21.04.40:516][100]LogTemp: Display: ParseSettings for GameNetDriver
[2018.07.26-21.04.40:517][100]LogWorld: Bringing World /Game/Maps/MainMenu.MainMenu up for play (max tick rate 0) at 2018.07.26-22.04.40
[2018.07.26-21.04.40:518][100]LogWorld: Bringing up level for play took: 0.000862
[2018.07.26-21.04.40:520][100]LogLoad: Took 0.076521 seconds to LoadMap(/Game/Maps/MainMenu)
[2018.07.26-21.04.40:686][101]LogRenderer: Reallocating scene render targets to support 640x480 Format 10 NumSamples 1 (Frame:1).
[2018.07.26-21.04.42:534][147]LogUObjectGlobals: Created PersistentFrame Addr=0x00000214b6c74288, Size=52, Default__FirstPersonHUD_C Function /Game/FirstPersonBP/Blueprints/FirstPersonHUD.FirstPersonHUD_C:ExecuteUbergraph_FirstPersonHUD
[2018.07.26-21.04.42:542][147]LogUObjectGlobals: Destroyed PersistentFrame Addr=0x00000214b6c74288, Size=52
[2018.07.26-21.04.42:542][147]LogUObjectGlobals: Created PersistentFrame Addr=0x00000214b6c74288, Size=52, Default__FirstPersonHUD_C Function /Engine/Transient.REINST_FirstPersonHUD_C_15:ExecuteUbergraph_FirstPersonHUD
[2018.07.26-21.04.42:547][147]LogUObjectGlobals: Created PersistentFrame Addr=0x00000214b711da28, Size=52, Default__FirstPersonHUD_C Function /Game/FirstPersonBP/Blueprints/FirstPersonHUD.FirstPersonHUD_C:ExecuteUbergraph_FirstPersonHUD
[2018.07.26-21.04.42:891][162]LogUObjectGlobals: Created PersistentFrame Addr=0x00000214b6cff400, Size=688, Default__FirstPersonCharacter_C Function /Game/FirstPersonBP/Blueprints/FirstPersonCharacter.FirstPersonCharacter_C:ExecuteUbergraph_FirstPersonCharacter
[2018.07.26-21.04.42:895][162]LogUObjectGlobals: Created PersistentFrame Addr=0x00000214b6c88b00, Size=256, Default__FirstPersonProjectile_C Function /Game/FirstPersonBP/Blueprints/FirstPersonProjectile.FirstPersonProjectile_C:ExecuteUbergraph_FirstPersonProjectile
[2018.07.26-21.04.42:921][162]LogUObjectGlobals: Created PersistentFrame Addr=0x00000214b6e7e610, Size=72, Default__FirstPerson_AnimBP_C Function /Game/FirstPerson/Animations/FirstPerson_AnimBP.FirstPerson_AnimBP_C:ExecuteUbergraph_FirstPerson_AnimBP
[2018.07.26-21.04.43:009][162]LogUObjectGlobals: Destroyed PersistentFrame Addr=0x00000214b6e7e610, Size=72
[2018.07.26-21.04.43:009][162]LogUObjectGlobals: Created PersistentFrame Addr=0x00000214b6cfabb0, Size=72, Default__FirstPerson_AnimBP_C Function /Engine/Transient.REINST_FirstPerson_AnimBP_C_0:ExecuteUbergraph_FirstPerson_AnimBP
[2018.07.26-21.04.43:010][162]LogUObjectGlobals: Destroyed PersistentFrame Addr=0x00000214b6c88b00, Size=256
[2018.07.26-21.04.43:011][162]LogUObjectGlobals: Created PersistentFrame Addr=0x00000214b6c88b00, Size=256, Default__FirstPersonProjectile_C Function /Engine/Transient.REINST_FirstPersonProjectile_C_17:ExecuteUbergraph_FirstPersonProjectile
[2018.07.26-21.04.43:012][162]LogUObjectGlobals: Destroyed PersistentFrame Addr=0x00000214b6cff400, Size=688
[2018.07.26-21.04.43:012][162]LogUObjectGlobals: Created PersistentFrame Addr=0x00000214ba729000, Size=688, Default__FirstPersonCharacter_C Function /Engine/Transient.REINST_FirstPersonCharacter_C_18:ExecuteUbergraph_FirstPersonCharacter
[2018.07.26-21.04.43:055][162]LogUObjectGlobals: Created PersistentFrame Addr=0x00000214ba6ab2c0, Size=64, Default__FirstPerson_AnimBP_C Function /Game/FirstPerson/Animations/FirstPerson_AnimBP.FirstPerson_AnimBP_C:ExecuteUbergraph_FirstPerson_AnimBP
[2018.07.26-21.04.43:056][162]LogUObjectGlobals: Created PersistentFrame Addr=0x00000214b6cdc100, Size=256, Default__FirstPersonProjectile_C Function /Game/FirstPersonBP/Blueprints/FirstPersonProjectile.FirstPersonProjectile_C:ExecuteUbergraph_FirstPersonProjectile
[2018.07.26-21.04.43:062][162]LogUObjectGlobals: Created PersistentFrame Addr=0x00000214ba6ba200, Size=688, Default__FirstPersonCharacter_C Function /Game/FirstPersonBP/Blueprints/FirstPersonCharacter.FirstPersonCharacter_C:ExecuteUbergraph_FirstPersonCharacter
[2018.07.26-21.04.43:353][162]LogSkeletalMesh: Skeletal Mesh found in DDC [8.358531ms] /Game/FirstPerson/FPWeapon/Mesh/SK_FPGun.SK_FPGun
[2018.07.26-21.04.43:371][162]LogSkeletalMesh: Skeletal Mesh found in DDC [15.677312ms] /Game/FirstPerson/Character/Mesh/SK_Mannequin_Arms.SK_Mannequin_Arms
[2018.07.26-21.04.43:396][162]LogOnline: Warning: OSS: No game present to join for session (GameSession)
[2018.07.26-21.04.43:410][162]LogOnline: Warning: OSS: No game present to join for session (GameSession)
[2018.07.26-21.04.43:785][162]LogOnline: Warning: OSS: No game present to join for session (GameSession)
[2018.07.26-21.04.47:840][218]LogAudio: Warning: Waited 70.088608ms for audio thread.
[2018.07.26-21.04.47:876][218]LogAudio: Warning: Waited 106.110802ms for audio thread.
[2018.07.26-21.04.47:912][218]LogAudio: Warning: Waited 142.075821ms for audio thread.
[2018.07.26-21.04.47:947][218]LogAudio: Warning: Waited 177.094528ms for audio thread.
[2018.07.26-21.04.47:982][218]LogAudio: Warning: Waited 212.092758ms for audio thread.
[2018.07.26-21.04.48:018][218]LogAudio: Warning: Waited 248.300964ms for audio thread.
[2018.07.26-21.04.48:054][218]LogAudio: Warning: Waited 284.076111ms for audio thread.
[2018.07.26-21.04.48:090][218]LogAudio: Warning: Waited 320.083801ms for audio thread.
[2018.07.26-21.04.48:126][218]LogAudio: Warning: Waited 356.079956ms for audio thread.
[2018.07.26-21.04.48:162][218]LogAudio: Warning: Waited 392.117126ms for audio thread.
[2018.07.26-21.04.48:198][218]LogAudio: Warning: Waited 428.073181ms for audio thread.
[2018.07.26-21.04.48:234][218]LogAudio: Warning: Waited 464.094086ms for audio thread.
[2018.07.26-21.04.48:269][218]LogAudio: Warning: Waited 499.100403ms for audio thread.
[2018.07.26-21.04.48:305][218]LogAudio: Warning: Waited 535.092285ms for audio thread.
[2018.07.26-21.04.48:341][218]LogAudio: Warning: Waited 571.093140ms for audio thread.
[2018.07.26-21.04.48:378][218]LogAudio: Warning: Waited 608.730286ms for audio thread.
[2018.07.26-21.04.48:414][218]LogAudio: Warning: Waited 644.123535ms for audio thread.
[2018.07.26-21.04.48:449][218]LogAudio: Warning: Waited 679.521057ms for audio thread.
[2018.07.26-21.04.48:485][218]LogAudio: Warning: Waited 715.130310ms for audio thread.
[2018.07.26-21.04.48:494][218]LogAudio: Warning: Waited 724.833679ms for audio thread.
[2018.07.26-21.04.50:378][318]LogAudio: Warning: Waited 70.865974ms for audio thread.
[2018.07.26-21.04.50:414][318]LogAudio: Warning: Waited 106.851463ms for audio thread.
[2018.07.26-21.04.50:438][318]LogAudio: Warning: Waited 131.133911ms for audio thread.
[2018.07.26-21.04.56:670][667]LogOnline: Warning: OSS: No game present to leave for session (GameSession)
[2018.07.26-21.05.11:580][473]LogNet: Warning: Network Failure: GameNetDriver[FailureReceived]: Host closed the connection.
[2018.07.26-21.05.11:594][473]LogNet: NetworkFailure: FailureReceived, Error: 'Host closed the connection.'
[2018.07.26-21.05.11:596][473]LogNet: UNetConnection::Close: [UNetConnection] RemoteAddr: 127.0.0.1:17777, Name: IpConnection_0, Driver: GameNetDriver IpNetDriver_0, IsServer: NO, PC: PlayerController_1, Owner: PlayerController_1, UniqueId: Q6600-731AE49D45E584BABF086A87009054CF, Channels: 10, Time: 2018.07.26-21.05.11
[2018.07.26-21.05.11:596][473]LogNet: UChannel::Close: Sending CloseBunch. ChIndex == 0. Name: [UChannel] ChIndex: 0, Closing: 0 [UNetConnection] RemoteAddr: 127.0.0.1:17777, Name: IpConnection_0, Driver: GameNetDriver IpNetDriver_0, IsServer: NO, PC: PlayerController_1, Owner: PlayerController_1, UniqueId: Q6600-731AE49D45E584BABF086A87009054CF
[2018.07.26-21.05.11:605][473]LogNet: Warning: Network Failure: GameNetDriver[ConnectionLost]: Your connection to the host has been lost.
[2018.07.26-21.05.11:605][473]LogNet: NetworkFailure: ConnectionLost, Error: 'Your connection to the host has been lost.'
[2018.07.26-21.05.11:611][474]LogNet: Browse: /Game/Maps/MainMenu?closed
[2018.07.26-21.05.11:611][474]LogNet: Failed; returning to Entry
[2018.07.26-21.05.11:620][474]LogLoad: LoadMap: /Game/Maps/MainMenu?closed
[2018.07.26-21.05.11:620][474]LogNet: World NetDriver shutdown IpNetDriver_0 [GameNetDriver]
[2018.07.26-21.05.11:620][474]LogNet: DestroyNamedNetDriver IpNetDriver_0 [GameNetDriver]
[2018.07.26-21.05.11:621][474]LogExit: GameNetDriver IpNetDriver_0 shut down
[2018.07.26-21.05.11:673][474]LogUObjectGlobals: Destroyed PersistentFrame Addr=0x00000214b6cfabb0, Size=72
[2018.07.26-21.05.11:673][474]LogUObjectGlobals: Destroyed PersistentFrame Addr=0x00000214b6c88b00, Size=256
[2018.07.26-21.05.11:673][474]LogUObjectGlobals: Destroyed PersistentFrame Addr=0x00000214ba729000, Size=688
[2018.07.26-21.05.11:673][474]LogUObjectGlobals: Destroyed PersistentFrame Addr=0x00000214b711da28, Size=52
[2018.07.26-21.05.11:673][474]LogUObjectGlobals: Destroyed PersistentFrame Addr=0x00000214b6c74288, Size=52
[2018.07.26-21.05.11:673][474]LogUObjectGlobals: Destroyed PersistentFrame Addr=0x00000214b6d14280, Size=32
[2018.07.26-21.05.11:674][474]LogUObjectGlobals: Destroyed PersistentFrame Addr=0x00000214b6d17500, Size=32
[2018.07.26-21.05.11:678][474]LogUObjectGlobals: Destroyed PersistentFrame Addr=0x00000214ba6ab2c0, Size=64
[2018.07.26-21.05.11:678][474]LogUObjectGlobals: Destroyed PersistentFrame Addr=0x00000214b6cdc100, Size=256
[2018.07.26-21.05.11:678][474]LogUObjectGlobals: Destroyed PersistentFrame Addr=0x00000214ba6ba200, Size=688
[2018.07.26-21.05.11:693][474]LogUObjectGlobals: Created PersistentFrame Addr=0x00000214b72610c0, Size=32, Default__MainMenu_C Function /Game/Maps/MainMenu.MainMenu_C:ExecuteUbergraph_MainMenu
[2018.07.26-21.05.11:696][474]LogUObjectGlobals: Destroyed PersistentFrame Addr=0x00000214b72610c0, Size=32
[2018.07.26-21.05.11:697][474]LogUObjectGlobals: Created PersistentFrame Addr=0x00000214b72610c0, Size=32, Default__MainMenu_C Function /Engine/Transient.REINST_MainMenu_C_24:ExecuteUbergraph_MainMenu
[2018.07.26-21.05.11:700][474]LogUObjectGlobals: Created PersistentFrame Addr=0x00000214b7263580, Size=32, Default__MainMenu_C Function /Game/Maps/MainMenu.MainMenu_C:ExecuteUbergraph_MainMenu
[2018.07.26-21.05.11:706][474]LogAIModule: Creating AISystem for world MainMenu
[2018.07.26-21.05.11:741][474]LogUObjectGlobals: Created PersistentFrame Addr=0x0000021498139600, Size=688, Default__FirstPersonCharacter_C Function /Game/FirstPersonBP/Blueprints/FirstPersonCharacter.FirstPersonCharacter_C:ExecuteUbergraph_FirstPersonCharacter
[2018.07.26-21.05.11:746][474]LogUObjectGlobals: Created PersistentFrame Addr=0x00000214b6e02d00, Size=256, Default__FirstPersonProjectile_C Function /Game/FirstPersonBP/Blueprints/FirstPersonProjectile.FirstPersonProjectile_C:ExecuteUbergraph_FirstPersonProjectile
[2018.07.26-21.05.11:776][474]LogUObjectGlobals: Created PersistentFrame Addr=0x00000214b71bcb30, Size=72, Default__FirstPerson_AnimBP_C Function /Game/FirstPerson/Animations/FirstPerson_AnimBP.FirstPerson_AnimBP_C:ExecuteUbergraph_FirstPerson_AnimBP
[2018.07.26-21.05.11:851][474]LogUObjectGlobals: Created PersistentFrame Addr=0x00000214ba6f7a50, Size=52, Default__FirstPersonHUD_C Function /Game/FirstPersonBP/Blueprints/FirstPersonHUD.FirstPersonHUD_C:ExecuteUbergraph_FirstPersonHUD
[2018.07.26-21.05.11:872][474]LogUObjectGlobals: Destroyed PersistentFrame Addr=0x00000214b71bcb30, Size=72
[2018.07.26-21.05.11:872][474]LogUObjectGlobals: Created PersistentFrame Addr=0x00000214b6c601d0, Size=72, Default__FirstPerson_AnimBP_C Function /Engine/Transient.REINST_FirstPerson_AnimBP_C_1:ExecuteUbergraph_FirstPerson_AnimBP
[2018.07.26-21.05.11:873][474]LogUObjectGlobals: Destroyed PersistentFrame Addr=0x00000214b6e02d00, Size=256
[2018.07.26-21.05.11:873][474]LogUObjectGlobals: Created PersistentFrame Addr=0x00000214b6cef400, Size=256, Default__FirstPersonProjectile_C Function /Engine/Transient.REINST_FirstPersonProjectile_C_26:ExecuteUbergraph_FirstPersonProjectile
[2018.07.26-21.05.11:874][474]LogUObjectGlobals: Destroyed PersistentFrame Addr=0x00000214ba6f7a50, Size=52
[2018.07.26-21.05.11:874][474]LogUObjectGlobals: Created PersistentFrame Addr=0x00000214ba6f7a50, Size=52, Default__FirstPersonHUD_C Function /Engine/Transient.REINST_FirstPersonHUD_C_27:ExecuteUbergraph_FirstPersonHUD
[2018.07.26-21.05.11:875][474]LogUObjectGlobals: Destroyed PersistentFrame Addr=0x0000021498139600, Size=688
[2018.07.26-21.05.11:876][474]LogUObjectGlobals: Created PersistentFrame Addr=0x00000214b6ed7100, Size=688, Default__FirstPersonCharacter_C Function /Engine/Transient.REINST_FirstPersonCharacter_C_28:ExecuteUbergraph_FirstPersonCharacter
[2018.07.26-21.05.11:921][474]LogUObjectGlobals: Created PersistentFrame Addr=0x00000214ba6ab440, Size=64, Default__FirstPerson_AnimBP_C Function /Game/FirstPerson/Animations/FirstPerson_AnimBP.FirstPerson_AnimBP_C:ExecuteUbergraph_FirstPerson_AnimBP
[2018.07.26-21.05.11:923][474]LogUObjectGlobals: Created PersistentFrame Addr=0x00000214b7125100, Size=256, Default__FirstPersonProjectile_C Function /Game/FirstPersonBP/Blueprints/FirstPersonProjectile.FirstPersonProjectile_C:ExecuteUbergraph_FirstPersonProjectile
[2018.07.26-21.05.11:924][474]LogUObjectGlobals: Created PersistentFrame Addr=0x00000214b711e358, Size=52, Default__FirstPersonHUD_C Function /Game/FirstPersonBP/Blueprints/FirstPersonHUD.FirstPersonHUD_C:ExecuteUbergraph_FirstPersonHUD
[2018.07.26-21.05.11:931][474]LogUObjectGlobals: Created PersistentFrame Addr=0x00000214babeab00, Size=688, Default__FirstPersonCharacter_C Function /Game/FirstPersonBP/Blueprints/FirstPersonCharacter.FirstPersonCharacter_C:ExecuteUbergraph_FirstPersonCharacter
[2018.07.26-21.05.12:201][474]LogSkeletalMesh: Skeletal Mesh found in DDC [8.094434ms] /Game/FirstPerson/FPWeapon/Mesh/SK_FPGun.SK_FPGun
[2018.07.26-21.05.12:226][474]LogSkeletalMesh: Skeletal Mesh found in DDC [18.848186ms] /Game/FirstPerson/Character/Mesh/SK_Mannequin_Arms.SK_Mannequin_Arms
[2018.07.26-21.05.12:267][474]LogLoad: Game class is 'FirstPersonGameMode_C'
[2018.07.26-21.05.12:270][474]LogWorld: Bringing World /Game/Maps/MainMenu.MainMenu up for play (max tick rate 0) at 2018.07.26-22.05.12
[2018.07.26-21.05.12:270][474]LogWorld: Bringing up level for play took: 0.001843
[2018.07.26-21.05.12:271][474]LogGameMode: FindPlayerStart: PATHS NOT DEFINED or NO PLAYERSTART with positive rating
[2018.07.26-21.05.12:277][474]LogLoad: Took 0.657069 seconds to LoadMap(/Game/Maps/MainMenu)
[2018.07.26-21.05.12:310][474]LogUObjectGlobals: Destroyed PersistentFrame Addr=0x00000214ba6f7a50, Size=52
[2018.07.26-21.05.12:310][474]LogUObjectGlobals: Destroyed PersistentFrame Addr=0x00000214b6c601d0, Size=72
[2018.07.26-21.05.12:310][474]LogUObjectGlobals: Destroyed PersistentFrame Addr=0x00000214b6cef400, Size=256
[2018.07.26-21.05.12:310][474]LogUObjectGlobals: Destroyed PersistentFrame Addr=0x00000214b6ed7100, Size=688
[2018.07.26-21.05.12:310][474]LogUObjectGlobals: Destroyed PersistentFrame Addr=0x00000214b72610c0, Size=32
[2018.07.26-21.05.53:737][560]LogSlate: Window 'FPBG (64-bit, PCD3D_SM5) ' being destroyed
[2018.07.26-21.05.53:738][560]LogWindowsTextInputMethodSystem: Display: IME system now deactivated.
[2018.07.26-21.05.53:742][560]LogEngine: All Windows Closed
[2018.07.26-21.05.53:743][560]LogWindows: FPlatformMisc::RequestExit(0)
[2018.07.26-21.05.54:138][561]LogSlate: Slate User Destroyed.  User Index 0, Is Virtual User: 0
[2018.07.26-21.05.54:138][561]LogExit: Preparing to exit.
[2018.07.26-21.05.54:139][561]LogMoviePlayer: Shutting down movie player
[2018.07.26-21.05.54:704][561]LogExit: Game engine shut down
[2018.07.26-21.05.54:725][561]LogUObjectGlobals: Destroyed PersistentFrame Addr=0x00000214babeab00, Size=688
[2018.07.26-21.05.54:725][561]LogUObjectGlobals: Destroyed PersistentFrame Addr=0x00000214b711e358, Size=52
[2018.07.26-21.05.54:725][561]LogUObjectGlobals: Destroyed PersistentFrame Addr=0x00000214b7125100, Size=256
[2018.07.26-21.05.54:725][561]LogUObjectGlobals: Destroyed PersistentFrame Addr=0x00000214ba6ab440, Size=64
[2018.07.26-21.05.54:725][561]LogUObjectGlobals: Destroyed PersistentFrame Addr=0x00000214b6d20400, Size=632
[2018.07.26-21.05.54:725][561]LogUObjectGlobals: Destroyed PersistentFrame Addr=0x00000214b71d2980, Size=40
[2018.07.26-21.05.54:725][561]LogUObjectGlobals: Destroyed PersistentFrame Addr=0x00000214b6ceb340, Size=96
[2018.07.26-21.05.54:725][561]LogUObjectGlobals: Destroyed PersistentFrame Addr=0x00000214b711c100, Size=56
[2018.07.26-21.05.54:725][561]LogUObjectGlobals: Destroyed PersistentFrame Addr=0x00000214b6c5d670, Size=104
[2018.07.26-21.05.54:725][561]LogUObjectGlobals: Destroyed PersistentFrame Addr=0x00000214b6c92700, Size=592
[2018.07.26-21.05.54:726][561]LogUObjectGlobals: Destroyed PersistentFrame Addr=0x00000214b7263580, Size=32
[2018.07.26-21.05.57:788][561]LogExit: Object subsystem successfully closed.
[2018.07.26-21.05.58:666][561]LogShaderCompilers: Display: Shaders left to compile 0
[2018.07.26-21.05.58:715][561]LogD3D11RHI: Shutdown
[2018.07.26-21.05.58:715][561]LogD3D11RHI: CleanupD3DDevice
[2018.07.26-21.05.58:755][561]LogD3D11RHI: ~FD3D11DynamicRHI
[2018.07.26-21.06.00:209][561]LogModuleManager: Shutting down and abandoning module Voice (338)
[2018.07.26-21.06.00:263][561]LogModuleManager: Shutting down and abandoning module AIModule (334)
[2018.07.26-21.06.00:263][561]LogModuleManager: Shutting down and abandoning module GameplayDebugger (333)
[2018.07.26-21.06.00:353][561]LogModuleManager: Shutting down and abandoning module AITestSuite (331)
[2018.07.26-21.06.00:390][561]LogModuleManager: Shutting down and abandoning module SequenceRecorderSections (328)
[2018.07.26-21.06.00:390][561]LogModuleManager: Shutting down and abandoning module SequenceRecorder (326)
[2018.07.26-21.06.00:390][561]LogModuleManager: Shutting down and abandoning module AutomationController (324)
[2018.07.26-21.06.00:420][561]LogModuleManager: Shutting down and abandoning module AutomationWorker (322)
[2018.07.26-21.06.00:420][561]LogModuleManager: Shutting down and abandoning module WmfMediaFactory (320)
[2018.07.26-21.06.00:420][561]LogModuleManager: Shutting down and abandoning module OpenExrWrapper (318)
[2018.07.26-21.06.00:420][561]LogModuleManager: Shutting down and abandoning module ImgMediaFactory (316)
[2018.07.26-21.06.00:420][561]LogModuleManager: Shutting down and abandoning module AvfMediaFactory (314)
[2018.07.26-21.06.00:420][561]LogModuleManager: Shutting down and abandoning module CharacterAI (312)
[2018.07.26-21.06.00:420][561]LogModuleManager: Shutting down and abandoning module SessionServices (310)
[2018.07.26-21.06.00:420][561]LogModuleManager: Shutting down and abandoning module MovieSceneCapture (308)
[2018.07.26-21.06.00:420][561]LogModuleManager: Shutting down and abandoning module MovieSceneTracks (306)
[2018.07.26-21.06.00:420][561]LogModuleManager: Shutting down and abandoning module MovieScene (304)
[2018.07.26-21.06.00:420][561]LogModuleManager: Shutting down and abandoning module GeometryCache (302)
[2018.07.26-21.06.00:420][561]LogModuleManager: Shutting down and abandoning module GeometryCacheEd (301)
[2018.07.26-21.06.00:421][561]LogModuleManager: Shutting down and abandoning module StreamingPauseRendering (298)
[2018.07.26-21.06.00:421][561]LogModuleManager: Shutting down and abandoning module PortalServices (296)
[2018.07.26-21.06.00:421][561]LogModuleManager: Shutting down and abandoning module PortalRpc (294)
[2018.07.26-21.06.00:421][561]LogModuleManager: Shutting down and abandoning module MessagingRpc (292)
[2018.07.26-21.06.00:421][561]LogModuleManager: Shutting down and abandoning module ProfilerService (290)
[2018.07.26-21.06.00:553][561]LogModuleManager: Shutting down and abandoning module TaskGraph (288)
[2018.07.26-21.06.00:553][561]LogModuleManager: Shutting down and abandoning module SteamVRController (286)
[2018.07.26-21.06.00:553][561]LogModuleManager: Shutting down and abandoning module ProceduralMeshComponent (284)
[2018.07.26-21.06.00:553][561]LogModuleManager: Shutting down and abandoning module OculusInput (282)
[2018.07.26-21.06.00:553][561]LogModuleManager: Shutting down and abandoning module MobilePatchingUtils (280)
[2018.07.26-21.06.00:554][561]LogModuleManager: Shutting down and abandoning module CustomMeshComponent (278)
[2018.07.26-21.06.00:554][561]LogModuleManager: Shutting down and abandoning module CableComponent (276)
[2018.07.26-21.06.00:570][561]LogModuleManager: Shutting down and abandoning module AudioCapture (274)
[2018.07.26-21.06.00:570][561]LogModuleManager: Shutting down and abandoning module ArchVisCharacter (272)
[2018.07.26-21.06.00:571][561]LogModuleManager: Shutting down and abandoning module AndroidPermission (270)
[2018.07.26-21.06.00:571][561]LogModuleManager: Shutting down and abandoning module NUTUnrealEngine4 (268)
[2018.07.26-21.06.00:571][561]LogModuleManager: Shutting down and abandoning module NetcodeUnitTest (266)
[2018.07.26-21.06.00:710][561]LogModuleManager: Shutting down and abandoning module MediaCompositing (264)
[2018.07.26-21.06.00:710][561]LogModuleManager: Shutting down and abandoning module LinearTimecode (262)
[2018.07.26-21.06.00:711][561]LogModuleManager: Shutting down and abandoning module ImgMedia (260)
[2018.07.26-21.06.00:757][561]LogModuleManager: Shutting down and abandoning module HTML5Networking (258)
[2018.07.26-21.06.00:757][561]LogModuleManager: Shutting down and abandoning module DatasmithContent (256)
[2018.07.26-21.06.00:757][561]LogModuleManager: Shutting down and abandoning module CryptoKeysOpenSSL (254)
[2018.07.26-21.06.00:798][561]LogModuleManager: Shutting down and abandoning module CryptoKeys (252)
[2018.07.26-21.06.00:798][561]LogModuleManager: Shutting down and abandoning module VisualStudioSourceCodeAccess (250)
[2018.07.26-21.06.00:798][561]LogModuleManager: Shutting down and abandoning module HotReload (249)
[2018.07.26-21.06.00:849][561]LogModuleManager: Shutting down and abandoning module DirectoryWatcher (248)
[2018.07.26-21.06.00:849][561]LogModuleManager: Shutting down and abandoning module VisualStudioCodeSourceCodeAccess (244)
[2018.07.26-21.06.00:849][561]LogModuleManager: Shutting down and abandoning module UObjectPlugin (242)
[2018.07.26-21.06.00:849][561]LogModuleManager: Shutting down and abandoning module SubversionSourceControl (240)
[2018.07.26-21.06.00:910][561]LogModuleManager: Shutting down and abandoning module PerforceSourceControl (238)
[2018.07.26-21.06.00:984][561]LogModuleManager: Shutting down and abandoning module SourceControl (237)
[2018.07.26-21.06.01:040][561]LogModuleManager: Shutting down and abandoning module CLionSourceCodeAccess (234)
[2018.07.26-21.06.01:068][561]LogModuleManager: Shutting down and abandoning module RuntimePhysXCooking (232)
[2018.07.26-21.06.01:068][561]LogModuleManager: Shutting down and abandoning module PhysXVehiclesEditor (230)
[2018.07.26-21.06.01:068][561]LogModuleManager: Shutting down and abandoning module PhysXVehicles (228)
[2018.07.26-21.06.01:068][561]LogModuleManager: Shutting down and abandoning module LocationServicesBPLibrary (226)
[2018.07.26-21.06.01:069][561]LogModuleManager: Shutting down and abandoning module ImmediatePhysicsEditor (224)
[2018.07.26-21.06.01:069][561]LogModuleManager: Shutting down and abandoning module ImmediatePhysics (222)
[2018.07.26-21.06.01:094][561]LogModuleManager: Shutting down and abandoning module ActorSequence (220)
[2018.07.26-21.06.01:094][561]LogModuleManager: Shutting down and abandoning module UdpMessaging (218)
[2018.07.26-21.06.01:210][561]LogModuleManager: Shutting down and abandoning module TcpMessaging (216)
[2018.07.26-21.06.01:337][561]LogModuleManager: Shutting down and abandoning module GameplayTagsEditor (214)
[2018.07.26-21.06.01:379][561]LogModuleManager: Shutting down and abandoning module FacialAnimation (212)
[2018.07.26-21.06.01:379][561]LogModuleManager: Shutting down and abandoning module DataValidation (210)
[2018.07.26-21.06.01:379][561]LogModuleManager: Shutting down and abandoning module AssetManagerEditor (208)
[2018.07.26-21.06.01:385][561]LogModuleManager: Shutting down and abandoning module TreeMap (207)
[2018.07.26-21.06.01:394][561]LogModuleManager: Shutting down and abandoning module LightPropagationVolumeRuntime (204)
[2018.07.26-21.06.01:395][561]LogModuleManager: Shutting down and abandoning module LiveLink (202)
[2018.07.26-21.06.02:126][561]LogModuleManager: Shutting down and abandoning module Paper2D (200)
[2018.07.26-21.06.02:126][561]LogModuleManager: Shutting down and abandoning module PIEPreviewDeviceProfileSelector (198)
[2018.07.26-21.06.02:127][561]LogModuleManager: Shutting down and abandoning module WindowsMoviePlayer (196)
[2018.07.26-21.06.02:127][561]LogModuleManager: Shutting down and abandoning module WmfMedia (194)
[2018.07.26-21.06.02:129][561]LogModuleManager: Shutting down and abandoning module Media (193)
[2018.07.26-21.06.02:136][561]LogModuleManager: Shutting down and abandoning module PacketHandler (190)
[2018.07.26-21.06.02:136][561]LogModuleManager: Shutting down and abandoning module ClothingSystemEditor (188)
[2018.07.26-21.06.02:136][561]LogModuleManager: Shutting down and abandoning module ClothingSystemRuntime (186)
[2018.07.26-21.06.02:136][561]LogModuleManager: Shutting down and abandoning module MediaAssets (184)
[2018.07.26-21.06.02:136][561]LogModuleManager: Shutting down and abandoning module Overlay (182)
[2018.07.26-21.06.02:136][561]LogModuleManager: Shutting down and abandoning module OverlayEditor (181)
[2018.07.26-21.06.02:136][561]LogModuleManager: Shutting down and abandoning module VREditor (178)
[2018.07.26-21.06.02:136][561]LogModuleManager: Shutting down and abandoning module StringTableEditor (176)
[2018.07.26-21.06.02:137][561]LogModuleManager: Shutting down and abandoning module GameplayTasksEditor (174)
[2018.07.26-21.06.02:137][561]LogModuleManager: Shutting down and abandoning module BehaviorTreeEditor (172)
[2018.07.26-21.06.02:137][561]LogModuleManager: Shutting down and abandoning module FunctionalTesting (170)
[2018.07.26-21.06.02:137][561]LogModuleManager: Shutting down and abandoning module CollisionAnalyzer (168)
[2018.07.26-21.06.02:184][561]LogModuleManager: Shutting down and abandoning module WorkspaceMenuStructure (167)
[2018.07.26-21.06.02:184][561]LogModuleManager: Shutting down and abandoning module UMG (164)
[2018.07.26-21.06.02:184][561]LogModuleManager: Shutting down and abandoning module UMGEditor (163)
[2018.07.26-21.06.02:193][561]LogModuleManager: Shutting down and abandoning module Sequencer (162)
[2018.07.26-21.06.02:193][561]LogModuleManager: Shutting down and abandoning module MessageLog (159)
[2018.07.26-21.06.02:193][561]LogModuleManager: Shutting down and abandoning module SlateReflector (154)
[2018.07.26-21.06.02:247][561]LogModuleManager: Shutting down and abandoning module Slate (152)
[2018.07.26-21.06.02:248][561]LogModuleManager: Shutting down and abandoning module EditorStyle (150)
[2018.07.26-21.06.02:250][561]LogModuleManager: Shutting down and abandoning module MRMesh (148)
[2018.07.26-21.06.02:250][561]LogModuleManager: Shutting down and abandoning module Messaging (146)
[2018.07.26-21.06.02:250][561]LogModuleManager: Shutting down and abandoning module SourceCodeAccess (144)
[2018.07.26-21.06.02:250][561]LogModuleManager: Shutting down and abandoning module HeadMountedDisplay (142)
[2018.07.26-21.06.02:250][561]LogModuleManager: Shutting down and abandoning module XAudio2 (140)
[2018.07.26-21.06.02:250][561]LogModuleManager: Shutting down and abandoning module Networking (138)
[2018.07.26-21.06.02:250][561]LogModuleManager: Shutting down and abandoning module Core (136)
[2018.07.26-21.06.02:250][561]LogModuleManager: Shutting down and abandoning module LevelSequence (134)
[2018.07.26-21.06.02:269][561]LogModuleManager: Shutting down and abandoning module KismetCompiler (132)
[2018.07.26-21.06.02:269][561]LogModuleManager: Shutting down and abandoning module MeshUtilities (130)
[2018.07.26-21.06.02:283][561]LogModuleManager: Shutting down and abandoning module MeshMergeUtilities (129)
[2018.07.26-21.06.02:283][561]LogModuleManager: Shutting down and abandoning module MeshReductionInterface (128)
[2018.07.26-21.06.02:283][561]LogModuleManager: Shutting down and abandoning module SimplygonSwarm (127)
[2018.07.26-21.06.02:295][561]LogModuleManager: Shutting down and abandoning module SimplygonMeshReduction (125)
[2018.07.26-21.06.02:325][561]LogModuleManager: Shutting down and abandoning module QuadricMeshReduction (123)
[2018.07.26-21.06.02:336][561]LogModuleManager: Shutting down and abandoning module MaterialBaking (119)
[2018.07.26-21.06.02:347][561]LogModuleManager: Shutting down and abandoning module DerivedDataCache (114)
[2018.07.26-21.06.02:639][561]LogDerivedDataCache: Shutdown
[2018.07.26-21.06.02:639][561]LogModuleManager: Shutting down and abandoning module XGEController (112)
[2018.07.26-21.06.02:639][561]LogModuleManager: Shutting down and abandoning module TargetPlatform (110)
[2018.07.26-21.06.02:639][561]LogModuleManager: Shutting down and abandoning module VulkanShaderFormat (109)
[2018.07.26-21.06.02:639][561]LogModuleManager: Shutting down and abandoning module ShaderFormatVectorVM (107)
[2018.07.26-21.06.02:639][561]LogModuleManager: Shutting down and abandoning module ShaderFormatOpenGL (105)
[2018.07.26-21.06.02:639][561]LogModuleManager: Shutting down and abandoning module ShaderFormatD3D (103)
[2018.07.26-21.06.02:639][561]LogModuleManager: Shutting down and abandoning module MetalShaderFormat (101)
[2018.07.26-21.06.02:639][561]LogModuleManager: Shutting down and abandoning module TextureFormatUncompressed (99)
[2018.07.26-21.06.02:639][561]LogModuleManager: Shutting down and abandoning module TextureFormatPVR (97)
[2018.07.26-21.06.02:639][561]LogModuleManager: Shutting down and abandoning module TextureFormatDXT (95)
[2018.07.26-21.06.02:639][561]LogModuleManager: Shutting down and abandoning module TextureFormatIntelISPCTexComp (93)
[2018.07.26-21.06.02:639][561]LogModuleManager: Shutting down and abandoning module TextureFormatASTC (91)
[2018.07.26-21.06.02:639][561]LogModuleManager: Shutting down and abandoning module ImageWrapper (90)
[2018.07.26-21.06.02:639][561]LogModuleManager: Shutting down and abandoning module TextureFormatAndroid (87)
[2018.07.26-21.06.02:639][561]LogModuleManager: Shutting down and abandoning module AudioFormatOpus (85)
[2018.07.26-21.06.02:639][561]LogModuleManager: Shutting down and abandoning module AudioFormatOgg (83)
[2018.07.26-21.06.02:639][561]LogModuleManager: Shutting down and abandoning module AudioFormatADPCM (81)
[2018.07.26-21.06.02:639][561]LogModuleManager: Shutting down and abandoning module WindowsTargetPlatform (79)
[2018.07.26-21.06.02:639][561]LogModuleManager: Shutting down and abandoning module WindowsServerTargetPlatform (77)
[2018.07.26-21.06.02:640][561]LogModuleManager: Shutting down and abandoning module WindowsNoEditorTargetPlatform (75)
[2018.07.26-21.06.02:640][561]LogModuleManager: Shutting down and abandoning module WindowsClientTargetPlatform (73)
[2018.07.26-21.06.02:640][561]LogModuleManager: Shutting down and abandoning module InputCore (70)
[2018.07.26-21.06.02:640][561]LogModuleManager: Shutting down and abandoning module Settings (68)
[2018.07.26-21.06.02:640][561]LogModuleManager: Shutting down and abandoning module PhysXCooking (66)
[2018.07.26-21.06.02:640][561]LogModuleManager: Shutting down and abandoning module SteamVR (64)
[2018.07.26-21.06.02:640][561]LogModuleManager: Shutting down and abandoning module OculusHMD (62)
[2018.07.26-21.06.02:640][561]LogModuleManager: Shutting down and abandoning module ExampleDeviceProfileSelector (60)
[2018.07.26-21.06.02:640][561]LogModuleManager: Shutting down and abandoning module AppleARKit (58)
[2018.07.26-21.06.02:640][561]LogModuleManager: Shutting down and abandoning module AugmentedReality (57)
[2018.07.26-21.06.02:640][561]LogModuleManager: Shutting down and abandoning module OnlineBlueprintSupport (54)
[2018.07.26-21.06.02:640][561]LogModuleManager: Shutting down and abandoning module OnlineSubsystem (50)
[2018.07.26-21.06.02:640][561]LogOnline: Display: OSS: FOnlineSubsystemNull::Shutdown()
[2018.07.26-21.06.02:640][561]LogOnline: Display: OSS: FOnlineAsyncTaskManager::Stop() ActiveTask:0000000000000000 Tasks[0/0]
[2018.07.26-21.06.02:641][561]LogOnline: Display: OSS: FOnlineAsyncTaskManager::Exit() started
[2018.07.26-21.06.02:641][561]LogOnline: Display: OSS: FOnlineAsyncTaskManager::Exit() finished
[2018.07.26-21.06.02:641][561]LogModuleManager: Shutting down and abandoning module XMPP (43)
[2018.07.26-21.06.02:641][561]LogModuleManager: Shutting down and abandoning module HTTP (41)
[2018.07.26-21.06.02:646][561]LogModuleManager: Shutting down and abandoning module SSL (40)
[2018.07.26-21.06.02:649][561]LogModuleManager: Shutting down and abandoning module AnimationModifiers (36)
[2018.07.26-21.06.02:649][561]LogModuleManager: Shutting down and abandoning module PropertyEditor (35)
[2018.07.26-21.06.02:649][561]LogModuleManager: Shutting down and abandoning module AudioEditor (32)
[2018.07.26-21.06.02:649][561]LogModuleManager: Shutting down and abandoning module TextureCompressor (30)
[2018.07.26-21.06.02:671][561]LogModuleManager: Shutting down and abandoning module ShaderCore (28)
[2018.07.26-21.06.02:671][561]LogModuleManager: Shutting down and abandoning module Landscape (26)
[2018.07.26-21.06.02:672][561]LogModuleManager: Shutting down and abandoning module SlateRHIRenderer (24)
[2018.07.26-21.06.02:694][561]LogModuleManager: Shutting down and abandoning module OpenGLDrv (22)
[2018.07.26-21.06.02:702][561]LogModuleManager: Shutting down and abandoning module D3D11RHI (20)
[2018.07.26-21.06.02:702][561]LogModuleManager: Shutting down and abandoning module AnimGraphRuntime (18)
[2018.07.26-21.06.02:713][561]LogModuleManager: Shutting down and abandoning module Renderer (16)
[2018.07.26-21.06.02:713][561]LogModuleManager: Shutting down and abandoning module Engine (14)
[2018.07.26-21.06.02:713][561]LogModuleManager: Shutting down and abandoning module CoreUObject (12)
[2018.07.26-21.06.02:713][561]LogModuleManager: Shutting down and abandoning module NetworkFile (10)
[2018.07.26-21.06.02:723][561]LogModuleManager: Shutting down and abandoning module CookedIterativeFile (8)
[2018.07.26-21.06.02:723][561]LogModuleManager: Shutting down and abandoning module StreamingFile (6)
[2018.07.26-21.06.02:730][561]LogModuleManager: Shutting down and abandoning module SandboxFile (4)
[2018.07.26-21.06.02:733][561]LogModuleManager: Shutting down and abandoning module PakFile (2)
[2018.07.26-21.06.02:756][561]LogExit: Exiting.
[2018.07.26-21.06.02:914][561]Log file closed, 07/26/18 22:06:02
