Log file open, 07/22/18 18:50:56
LogWindows: Failed to load 'aqProf.dll' (GetLastError=126)
LogWindows: File 'aqProf.dll' does not exist
LogWindows: Failed to load 'VtuneApi.dll' (GetLastError=126)
LogWindows: File 'VtuneApi.dll' does not exist
LogWindows: Failed to load 'VtuneApi32e.dll' (GetLastError=126)
LogWindows: File 'VtuneApi32e.dll' does not exist
LogInit: Display: Running engine for game: FPBG
LogPlatformFile: Not using cached read wrapper
LogInit: Display: RandInit(22769892) SRandInit(22769892).
LogInit: Read version file with build ID '3944462'
LogInit: Overriding engine version to CL 4033788, compatible CL 3944462
LogInit: Registered custom module enumerator with build ID '3944462'
LogTaskGraph: Started task graph with 5 named threads and 14 total threads with 3 sets of task threads.
LogStats: Stats thread started at 0.274673
LogD3D11RHI: Aftermath initialized
LogICUInternationalization: Display: ICU TimeZone Detection - Raw Offset: +0:00, Platform Override: ''
LogModuleManager: Display: Found up-to-date module file ../../../Engine/Plugins/Online/OnlineSubsystemSteam/Binaries/Win64/UE4Editor-OnlineSubsystemSteam.dll (API version 3944462).
LogModuleManager: Display: Found up-to-date module file ../../../Engine/Plugins/Online/OnlineSubsystem/Binaries/Win64/UE4Editor-OnlineSubsystem.dll (API version 3944462).
LogModuleManager: Display: Found up-to-date module file ../../../Engine/Plugins/Online/OnlineSubsystemUtils/Binaries/Win64/UE4Editor-OnlineSubsystemUtils.dll (API version 3944462).
LogModuleManager: Display: Found up-to-date module file ../../../Engine/Plugins/Online/OnlineSubsystemUtils/Binaries/Win64/UE4Editor-OnlineBlueprintSupport.dll (API version 3944462).
LogModuleManager: Display: Found up-to-date module file ../../../Engine/Plugins/2D/Paper2D/Binaries/Win64/UE4Editor-Paper2D.dll (API version 3944462).
LogModuleManager: Display: Found up-to-date module file ../../../Engine/Plugins/2D/Paper2D/Binaries/Win64/UE4Editor-Paper2DEditor.dll (API version 3944462).
LogModuleManager: Display: Found up-to-date module file ../../../Engine/Plugins/2D/Paper2D/Binaries/Win64/UE4Editor-PaperSpriteSheetImporter.dll (API version 3944462).
LogModuleManager: Display: Found up-to-date module file ../../../Engine/Plugins/2D/Paper2D/Binaries/Win64/UE4Editor-PaperTiledImporter.dll (API version 3944462).
LogModuleManager: Display: Found up-to-date module file ../../../Engine/Plugins/2D/Paper2D/Binaries/Win64/UE4Editor-SmartSnapping.dll (API version 3944462).
LogModuleManager: Display: Found up-to-date module file ../../../Engine/Plugins/Blendables/LightPropagationVolume/Binaries/Win64/UE4Editor-LightPropagationVolumeRuntime.dll (API version 3944462).
LogModuleManager: Display: Found up-to-date module file ../../../Engine/Plugins/Blendables/LightPropagationVolume/Binaries/Win64/UE4Editor-LightPropagationVolumeEditor.dll (API version 3944462).
LogModuleManager: Display: Found up-to-date module file ../../../Engine/Plugins/Developer/CLionSourceCodeAccess/Binaries/Win64/UE4Editor-CLionSourceCodeAccess.dll (API version 3944462).
LogModuleManager: Display: Found up-to-date module file ../../../Engine/Plugins/Developer/GitSourceControl/Binaries/Win64/UE4Editor-GitSourceControl.dll (API version 3944462).
LogModuleManager: Display: Found up-to-date module file ../../../Engine/Plugins/Developer/PerforceSourceControl/Binaries/Win64/UE4Editor-PerforceSourceControl.dll (API version 3944462).
LogModuleManager: Display: Found up-to-date module file ../../../Engine/Plugins/Developer/SubversionSourceControl/Binaries/Win64/UE4Editor-SubversionSourceControl.dll (API version 3944462).
LogModuleManager: Display: Found up-to-date module file ../../../Engine/Plugins/Developer/UObjectPlugin/Binaries/Win64/UE4Editor-UObjectPlugin.dll (API version 3944462).
LogModuleManager: Display: Found up-to-date module file ../../../Engine/Plugins/Developer/VisualStudioCodeSourceCodeAccess/Binaries/Win64/UE4Editor-VisualStudioCodeSourceCodeAccess.dll (API version 3944462).
LogModuleManager: Display: Found up-to-date module file ../../../Engine/Plugins/Developer/VisualStudioSourceCodeAccess/Binaries/Win64/UE4Editor-VisualStudioSourceCodeAccess.dll (API version 3944462).
LogModuleManager: Display: Found up-to-date module file ../../../Engine/Plugins/Editor/AssetManagerEditor/Binaries/Win64/UE4Editor-AssetManagerEditor.dll (API version 3944462).
LogModuleManager: Display: Found up-to-date module file ../../../Engine/Plugins/Editor/CryptoKeys/Binaries/Win64/UE4Editor-CryptoKeys.dll (API version 3944462).
LogModuleManager: Display: Found up-to-date module file ../../../Engine/Plugins/Editor/CryptoKeys/Binaries/Win64/UE4Editor-CryptoKeysOpenSSL.dll (API version 3944462).
LogModuleManager: Display: Found up-to-date module file ../../../Engine/Plugins/Editor/DataValidation/Binaries/Win64/UE4Editor-DataValidation.dll (API version 3944462).
LogModuleManager: Display: Found up-to-date module file ../../../Engine/Plugins/Editor/FacialAnimation/Binaries/Win64/UE4Editor-FacialAnimation.dll (API version 3944462).
LogModuleManager: Display: Found up-to-date module file ../../../Engine/Plugins/Editor/FacialAnimation/Binaries/Win64/UE4Editor-FacialAnimationEditor.dll (API version 3944462).
LogModuleManager: Display: Found up-to-date module file ../../../Engine/Plugins/Editor/GameplayTagsEditor/Binaries/Win64/UE4Editor-GameplayTagsEditor.dll (API version 3944462).
LogModuleManager: Display: Found up-to-date module file ../../../Engine/Plugins/Editor/MobileLauncherProfileWizard/Binaries/Win64/UE4Editor-MobileLauncherProfileWizard.dll (API version 3944462).
LogModuleManager: Display: Found up-to-date module file ../../../Engine/Plugins/Editor/PluginBrowser/Binaries/Win64/UE4Editor-PluginBrowser.dll (API version 3944462).
LogModuleManager: Display: Found up-to-date module file ../../../Engine/Plugins/Editor/SpeedTreeImporter/Binaries/Win64/UE4Editor-SpeedTreeImporter.dll (API version 3944462).
LogModuleManager: Display: Found up-to-date module file ../../../Engine/Plugins/Enterprise/DatasmithContent/Binaries/Win64/UE4Editor-DatasmithContent.dll (API version 3944462).
LogModuleManager: Display: Found up-to-date module file ../../../Engine/Plugins/Experimental/AlembicImporter/Binaries/Win64/UE4Editor-AlembicImporter.dll (API version 3944462).
LogModuleManager: Display: Found up-to-date module file ../../../Engine/Plugins/Experimental/AlembicImporter/Binaries/Win64/UE4Editor-AlembicLibrary.dll (API version 3944462).
LogModuleManager: Display: Found up-to-date module file ../../../Engine/Plugins/Experimental/CharacterAI/Binaries/Win64/UE4Editor-CharacterAI.dll (API version 3944462).
LogModuleManager: Display: Found up-to-date module file ../../../Engine/Plugins/Experimental/HTML5Networking/Binaries/Win64/UE4Editor-HTML5Networking.dll (API version 3944462).
LogModuleManager: Display: Found up-to-date module file ../../../Engine/Plugins/Media/AndroidMedia/Binaries/Win64/UE4Editor-AndroidMediaEditor.dll (API version 3944462).
LogModuleManager: Display: Found up-to-date module file ../../../Engine/Plugins/Media/AndroidMedia/Binaries/Win64/UE4Editor-AndroidMediaFactory.dll (API version 3944462).
LogModuleManager: Display: Found up-to-date module file ../../../Engine/Plugins/Media/AvfMedia/Binaries/Win64/UE4Editor-AvfMediaEditor.dll (API version 3944462).
LogModuleManager: Display: Found up-to-date module file ../../../Engine/Plugins/Media/AvfMedia/Binaries/Win64/UE4Editor-AvfMediaFactory.dll (API version 3944462).
LogModuleManager: Display: Found up-to-date module file ../../../Engine/Plugins/Media/AvfMedia/Binaries/Win64/UE4Editor-AvfMediaFactory.dll (API version 3944462).
LogModuleManager: Display: Found up-to-date module file ../../../Engine/Plugins/Media/ImgMedia/Binaries/Win64/UE4Editor-ImgMedia.dll (API version 3944462).
LogModuleManager: Display: Found up-to-date module file ../../../Engine/Plugins/Media/ImgMedia/Binaries/Win64/UE4Editor-ImgMediaEditor.dll (API version 3944462).
LogModuleManager: Display: Found up-to-date module file ../../../Engine/Plugins/Media/ImgMedia/Binaries/Win64/UE4Editor-ImgMediaFactory.dll (API version 3944462).
LogModuleManager: Display: Found up-to-date module file ../../../Engine/Plugins/Media/ImgMedia/Binaries/Win64/UE4Editor-ImgMediaFactory.dll (API version 3944462).
LogModuleManager: Display: Found up-to-date module file ../../../Engine/Plugins/Media/ImgMedia/Binaries/Win64/UE4Editor-OpenExrWrapper.dll (API version 3944462).
LogModuleManager: Display: Found up-to-date module file ../../../Engine/Plugins/Media/LinearTimecode/Binaries/Win64/UE4Editor-LinearTimecode.dll (API version 3944462).
LogModuleManager: Display: Found up-to-date module file ../../../Engine/Plugins/Media/MediaCompositing/Binaries/Win64/UE4Editor-MediaCompositing.dll (API version 3944462).
LogModuleManager: Display: Found up-to-date module file ../../../Engine/Plugins/Media/MediaCompositing/Binaries/Win64/UE4Editor-MediaCompositingEditor.dll (API version 3944462).
LogModuleManager: Display: Found up-to-date module file ../../../Engine/Plugins/Media/MediaPlayerEditor/Binaries/Win64/UE4Editor-MediaPlayerEditor.dll (API version 3944462).
LogModuleManager: Display: Found up-to-date module file ../../../Engine/Plugins/Media/WmfMedia/Binaries/Win64/UE4Editor-WmfMedia.dll (API version 3944462).
LogModuleManager: Display: Found up-to-date module file ../../../Engine/Plugins/Media/WmfMedia/Binaries/Win64/UE4Editor-WmfMediaEditor.dll (API version 3944462).
LogModuleManager: Display: Found up-to-date module file ../../../Engine/Plugins/Media/WmfMedia/Binaries/Win64/UE4Editor-WmfMediaFactory.dll (API version 3944462).
LogModuleManager: Display: Found up-to-date module file ../../../Engine/Plugins/Media/WmfMedia/Binaries/Win64/UE4Editor-WmfMediaFactory.dll (API version 3944462).
LogModuleManager: Display: Found up-to-date module file ../../../Engine/Plugins/Messaging/TcpMessaging/Binaries/Win64/UE4Editor-TcpMessaging.dll (API version 3944462).
LogModuleManager: Display: Found up-to-date module file ../../../Engine/Plugins/Messaging/UdpMessaging/Binaries/Win64/UE4Editor-UdpMessaging.dll (API version 3944462).
LogModuleManager: Display: Found up-to-date module file ../../../Engine/Plugins/MovieScene/ActorSequence/Binaries/Win64/UE4Editor-ActorSequence.dll (API version 3944462).
LogModuleManager: Display: Found up-to-date module file ../../../Engine/Plugins/MovieScene/LevelSequenceEditor/Binaries/Win64/UE4Editor-LevelSequenceEditor.dll (API version 3944462).
LogModuleManager: Display: Found up-to-date module file ../../../Engine/Plugins/MovieScene/MatineeToLevelSequence/Binaries/Win64/UE4Editor-MatineeToLevelSequence.dll (API version 3944462).
LogModuleManager: Display: Found up-to-date module file ../../../Engine/Plugins/NetcodeUnitTest/NetcodeUnitTest/Binaries/Win64/UE4Editor-NetcodeUnitTest.dll (API version 3944462).
LogModuleManager: Display: Found up-to-date module file ../../../Engine/Plugins/NetcodeUnitTest/NUTUnrealEngine4/Binaries/Win64/UE4Editor-NUTUnrealEngine4.dll (API version 3944462).
LogModuleManager: Display: Found up-to-date module file ../../../Engine/Plugins/Runtime/AndroidPermission/Binaries/Win64/UE4Editor-AndroidPermission.dll (API version 3944462).
LogModuleManager: Display: Found up-to-date module file ../../../Engine/Plugins/Online/OnlineSubsystemNull/Binaries/Win64/UE4Editor-OnlineSubsystemNull.dll (API version 3944462).
LogModuleManager: Display: Found up-to-date module file ../../../Engine/Plugins/Runtime/AndroidDeviceProfileSelector/Binaries/Win64/UE4Editor-AndroidDeviceProfileSelector.dll (API version 3944462).
LogModuleManager: Display: Found up-to-date module file ../../../Engine/Plugins/Runtime/AppleARKit/Binaries/Win64/UE4Editor-AppleARKit.dll (API version 3944462).
LogModuleManager: Display: Found up-to-date module file ../../../Engine/Plugins/Runtime/ProceduralMeshComponent/Binaries/Win64/UE4Editor-ProceduralMeshComponent.dll (API version 3944462).
LogModuleManager: Display: Found up-to-date module file ../../../Engine/Plugins/Runtime/ProceduralMeshComponent/Binaries/Win64/UE4Editor-ProceduralMeshComponentEditor.dll (API version 3944462).
LogModuleManager: Display: Found up-to-date module file ../../../Engine/Plugins/Animation/LiveLink/Binaries/Win64/UE4Editor-LiveLink.dll (API version 3944462).
LogModuleManager: Display: Found up-to-date module file ../../../Engine/Plugins/Animation/LiveLink/Binaries/Win64/UE4Editor-LiveLinkEditor.dll (API version 3944462).
LogModuleManager: Display: Found up-to-date module file ../../../Engine/Plugins/Runtime/ArchVisCharacter/Binaries/Win64/UE4Editor-ArchVisCharacter.dll (API version 3944462).
LogModuleManager: Display: Found up-to-date module file ../../../Engine/Plugins/Runtime/AudioCapture/Binaries/Win64/UE4Editor-AudioCapture.dll (API version 3944462).
LogModuleManager: Display: Found up-to-date module file ../../../Engine/Plugins/Runtime/AudioCapture/Binaries/Win64/UE4Editor-AudioCaptureEditor.dll (API version 3944462).
LogModuleManager: Display: Found up-to-date module file ../../../Engine/Plugins/Runtime/CableComponent/Binaries/Win64/UE4Editor-CableComponent.dll (API version 3944462).
LogModuleManager: Display: Found up-to-date module file ../../../Engine/Plugins/Runtime/CustomMeshComponent/Binaries/Win64/UE4Editor-CustomMeshComponent.dll (API version 3944462).
LogModuleManager: Display: Found up-to-date module file ../../../Engine/Plugins/Runtime/ExampleDeviceProfileSelector/Binaries/Win64/UE4Editor-ExampleDeviceProfileSelector.dll (API version 3944462).
LogModuleManager: Display: Found up-to-date module file ../../../Engine/Plugins/Runtime/ImmediatePhysics/Binaries/Win64/UE4Editor-ImmediatePhysics.dll (API version 3944462).
LogModuleManager: Display: Found up-to-date module file ../../../Engine/Plugins/Runtime/ImmediatePhysics/Binaries/Win64/UE4Editor-ImmediatePhysicsEditor.dll (API version 3944462).
LogModuleManager: Display: Found up-to-date module file ../../../Engine/Plugins/Runtime/LocationServicesBPLibrary/Binaries/Win64/UE4Editor-LocationServicesBPLibrary.dll (API version 3944462).
LogModuleManager: Display: Found up-to-date module file ../../../Engine/Plugins/Runtime/MobilePatchingUtils/Binaries/Win64/UE4Editor-MobilePatchingUtils.dll (API version 3944462).
LogModuleManager: Display: Found up-to-date module file ../../../Engine/Plugins/Runtime/Oculus/OculusVR/Binaries/Win64/UE4Editor-OculusHMD.dll (API version 3944462).
LogModuleManager: Display: Found up-to-date module file ../../../Engine/Plugins/Runtime/Oculus/OculusVR/Binaries/Win64/UE4Editor-OculusInput.dll (API version 3944462).
LogModuleManager: Display: Found up-to-date module file ../../../Engine/Plugins/Runtime/Oculus/OculusVR/Binaries/Win64/UE4Editor-OculusEditor.dll (API version 3944462).
LogModuleManager: Display: Found up-to-date module file ../../../Engine/Plugins/Runtime/PhysXVehicles/Binaries/Win64/UE4Editor-PhysXVehicles.dll (API version 3944462).
LogModuleManager: Display: Found up-to-date module file ../../../Engine/Plugins/Runtime/PhysXVehicles/Binaries/Win64/UE4Editor-PhysXVehiclesEditor.dll (API version 3944462).
LogModuleManager: Display: Found up-to-date module file ../../../Engine/Plugins/Runtime/RuntimePhysXCooking/Binaries/Win64/UE4Editor-RuntimePhysXCooking.dll (API version 3944462).
LogModuleManager: Display: Found up-to-date module file ../../../Engine/Plugins/Runtime/Steam/SteamVR/Binaries/Win64/UE4Editor-SteamVR.dll (API version 3944462).
LogModuleManager: Display: Found up-to-date module file ../../../Engine/Plugins/Runtime/Steam/SteamVR/Binaries/Win64/UE4Editor-SteamVRController.dll (API version 3944462).
LogModuleManager: Display: Found up-to-date module file ../../../Engine/Plugins/Runtime/WindowsMoviePlayer/Binaries/Win64/UE4Editor-WindowsMoviePlayer.dll (API version 3944462).
LogPluginManager: Mounting plugin Paper2D
LogPluginManager: Mounting plugin LiveLink
LogPluginManager: Mounting plugin LightPropagationVolume
LogPluginManager: Mounting plugin CLionSourceCodeAccess
LogPluginManager: Mounting plugin CodeLiteSourceCodeAccess
LogPluginManager: Mounting plugin GitSourceControl
LogPluginManager: Mounting plugin KDevelopSourceCodeAccess
LogPluginManager: Mounting plugin NullSourceCodeAccess
LogPluginManager: Mounting plugin PerforceSourceControl
LogPluginManager: Mounting plugin SubversionSourceControl
LogPluginManager: Mounting plugin UObjectPlugin
LogPluginManager: Mounting plugin VisualStudioCodeSourceCodeAccess
LogPluginManager: Mounting plugin VisualStudioSourceCodeAccess
LogPluginManager: Mounting plugin XCodeSourceCodeAccess
LogPluginManager: Mounting plugin AssetManagerEditor
LogPluginManager: Mounting plugin CryptoKeys
LogPluginManager: Mounting plugin DataValidation
LogPluginManager: Mounting plugin FacialAnimation
LogPluginManager: Mounting plugin GameplayTagsEditor
LogPluginManager: Mounting plugin MobileLauncherProfileWizard
LogPluginManager: Mounting plugin PluginBrowser
LogPluginManager: Mounting plugin SpeedTreeImporter
LogPluginManager: Mounting plugin DatasmithContent
LogPluginManager: Mounting plugin AlembicImporter
LogPluginManager: Mounting plugin CharacterAI
LogPluginManager: Mounting plugin HTML5Networking
LogPluginManager: Mounting plugin AndroidMedia
LogPluginManager: Mounting plugin AvfMedia
LogPluginManager: Mounting plugin ImgMedia
LogPluginManager: Mounting plugin LinearTimecode
LogPluginManager: Mounting plugin MediaCompositing
LogPluginManager: Mounting plugin MediaPlayerEditor
LogPluginManager: Mounting plugin WmfMedia
LogPluginManager: Mounting plugin TcpMessaging
LogPluginManager: Mounting plugin UdpMessaging
LogPluginManager: Mounting plugin ActorSequence
LogPluginManager: Mounting plugin LevelSequenceEditor
LogPluginManager: Mounting plugin MatineeToLevelSequence
LogPluginManager: Mounting plugin NetcodeUnitTest
LogPluginManager: Mounting plugin NUTUnrealEngine4
LogPluginManager: Mounting plugin OnlineSubsystemGooglePlay
LogPluginManager: Mounting plugin OnlineSubsystemIOS
LogPluginManager: Mounting plugin OnlineSubsystem
LogPluginManager: Mounting plugin OnlineSubsystemNull
LogPluginManager: Mounting plugin OnlineSubsystemSteam
LogPluginManager: Mounting plugin OnlineSubsystemUtils
LogPluginManager: Mounting plugin AndroidDeviceProfileSelector
LogPluginManager: Mounting plugin AndroidMoviePlayer
LogPluginManager: Mounting plugin AndroidPermission
LogPluginManager: Mounting plugin AppleARKit
LogPluginManager: Mounting plugin AppleMoviePlayer
LogPluginManager: Mounting plugin ArchVisCharacter
LogPluginManager: Mounting plugin AudioCapture
LogPluginManager: Mounting plugin CableComponent
LogPluginManager: Mounting plugin CustomMeshComponent
LogPluginManager: Mounting plugin ExampleDeviceProfileSelector
LogPluginManager: Mounting plugin GoogleCloudMessaging
LogPluginManager: Mounting plugin ImmediatePhysics
LogPluginManager: Mounting plugin IOSDeviceProfileSelector
LogPluginManager: Mounting plugin LinuxDeviceProfileSelector
LogPluginManager: Mounting plugin LocationServicesBPLibrary
LogPluginManager: Mounting plugin MobilePatchingUtils
LogPluginManager: Mounting plugin OculusVR
LogPluginManager: Plugin shader directory ../../../Engine/Plugins/Runtime/Oculus/OculusVR/Shaders found
LogPluginManager: Mapping shader source directory ../../../Engine/Plugins/Runtime/Oculus/OculusVR/Shaders to virtual directory /Plugin/OculusVR
LogPluginManager: Mounting plugin PhysXVehicles
LogPluginManager: Mounting plugin ProceduralMeshComponent
LogPluginManager: Mounting plugin RuntimePhysXCooking
LogPluginManager: Mounting plugin SteamVR
LogPluginManager: Mounting plugin WindowsMoviePlayer
LogStreaming: Display: Took  2.766s to configure plugins.
LogInit: Using libcurl 7.47.1
LogInit:  - built for x86_64-pc-win32
LogInit:  - supports SSL with OpenSSL/1.0.2g
LogInit:  - supports HTTP deflate (compression) using libz 1.2.8
LogInit:  - other features:
LogInit:      CURL_VERSION_SSL
LogInit:      CURL_VERSION_LIBZ
LogInit:      CURL_VERSION_IPV6
LogInit:      CURL_VERSION_ASYNCHDNS
LogInit:      CURL_VERSION_LARGEFILE
LogInit:      CURL_VERSION_IDN
LogInit:  CurlRequestOptions (configurable via config and command line):
LogInit:  - bVerifyPeer = false  - Libcurl will NOT verify peer certificate
LogInit:  - bUseHttpProxy = false  - Libcurl will NOT use HTTP proxy
LogInit:  - bDontReuseConnections = false  - Libcurl will reuse connections
LogInit:  - CertBundlePath = nullptr  - Libcurl will use whatever was configured at build time.
LogInit:  - MaxHostConnections = 16  - Libcurl will limit the number of connections to a host
LogInit:  - LocalHostAddr = Default
LogOnline: Display: STEAM: Loading Steam SDK 1.39
LogOnline: Warning: STEAM: Steamworks: SteamUtils() failed!
LogOnline: Warning: STEAM: Steamworks: SteamUser() failed!
LogOnline: Warning: STEAM: Steamworks: SteamFriends() failed!
LogOnline: Warning: STEAM: Steamworks: SteamRemoteStorage() failed!
LogOnline: Warning: STEAM: Steamworks: SteamUserStats() failed!
LogOnline: Warning: STEAM: Steamworks: SteamMatchmakingServers() failed!
LogOnline: Warning: STEAM: Steamworks: SteamApps() failed!
LogOnline: Warning: STEAM: Steamworks: SteamNetworking() failed!
LogOnline: Warning: STEAM: Steamworks: SteamMatchmaking() failed!
LogOnline: Display: STEAM: OnlineSubsystemSteam::Shutdown()
LogOnline: Warning: STEAM: Steam API failed to initialize!
LogOnline: Display: STEAM: OnlineSubsystemSteam::Shutdown()
LogInit: WinSock: version 1.1 (2.2), MaxSocks=32767, MaxUdp=65467
LogInit: WinSock: I am Q6600 (192.168.1.42:0)
LogInit: Build: ++UE4+Release-4.19-CL-4033788
LogInit: Engine Version: 4.19.2-4033788+++UE4+Release-4.19
LogInit: Compatible Engine Version: 4.19.0-3944462+++UE4+Release-4.19
LogInit: Net CL: 3944462
LogDevObjectVersion: Number of dev versions registered: 18
LogDevObjectVersion:   Dev-Blueprints (B0D832E4-1F89-4F0D-ACCF-7EB736FD4AA2): 10
LogDevObjectVersion:   Dev-Build (E1C64328-A22C-4D53-A36C-8E866417BD8C): 0
LogDevObjectVersion:   Dev-Core (375EC13C-06E4-48FB-B500-84F0262A717E): 2
LogDevObjectVersion:   Dev-Editor (E4B068ED-F494-42E9-A231-DA0B2E46BB41): 23
LogDevObjectVersion:   Dev-Framework (CFFC743F-43B0-4480-9391-14DF171D2073): 33
LogDevObjectVersion:   Dev-Mobile (B02B49B5-BB20-44E9-A304-32B752E40360): 2
LogDevObjectVersion:   Dev-Networking (A4E4105C-59A1-49B5-A7C5-40C4547EDFEE): 0
LogDevObjectVersion:   Dev-Online (39C831C9-5AE6-47DC-9A44-9C173E1C8E7C): 0
LogDevObjectVersion:   Dev-Physics (78F01B33-EBEA-4F98-B9B4-84EACCB95AA2): 0
LogDevObjectVersion:   Dev-Platform (6631380F-2D4D-43E0-8009-CF276956A95A): 0
LogDevObjectVersion:   Dev-Rendering (12F88B9F-8875-4AFC-A67C-D90C383ABD29): 25
LogDevObjectVersion:   Dev-Sequencer (7B5AE74C-D270-4C10-A958-57980B212A5A): 6
LogDevObjectVersion:   Dev-VR (D7296918-1DD6-4BDD-9DE2-64A83CC13884): 1
LogDevObjectVersion:   Dev-LoadTimes (C2A15278-BFE7-4AFE-6C17-90FF531DF755): 1
LogDevObjectVersion:   Private-Geometry (6EACA3D4-40EC-4CC1-B786-8BED09428FC5): 2
LogDevObjectVersion:   Dev-AnimPhys (29E575DD-E0A3-4627-9D10-D276232CDCEA): 16
LogDevObjectVersion:   Dev-ReflectionCapture (6B266CEC-1EC7-4B8F-A30B-E4D90942FC07): 1
LogDevObjectVersion:   Dev-Automation (0DF73D61-A23F-47EA-B727-89E90C41499A): 1
LogInit: Compiled (64-bit): Apr 27 2018 02:06:57
LogInit: Compiled with Visual C++: 19.00.24215.01
LogInit: Build Configuration: Development
LogInit: Branch Name: ++UE4+Release-4.19
LogInit: Command Line:  /Game/Maps/MainMenu -game -PIEVIACONSOLE -ResX=1280 -ResY=720  -Multiprocess -messaging -SessionName="Play in Standalone Game" -windowed 
LogInit: Base Directory: F:/Juegos/UE_4.19/Engine/Binaries/Win64/
LogInit: Installed Engine Build: 1
LogStreaming: Display: Took  0.004s to delete old logs.
LogInit: Presizing for max 8388607 objects, including 0 objects not considered by GC, pre-allocating 0 bytes for permanent pool.
LogInit: Object subsystem initialized
[2018.07.22-17.51.00:587][  0]LogInit: Selected Device Profile: [Windows]
[2018.07.22-17.51.00:587][  0]LogInit: Applying CVar settings loaded from the selected device profile: [Windows]
[2018.07.22-17.51.00:598][  0]LogInit: Computer: Q6600
[2018.07.22-17.51.00:598][  0]LogInit: User: bitt3rman
[2018.07.22-17.51.00:598][  0]LogInit: CPU Page size=4096, Cores=4
[2018.07.22-17.51.00:598][  0]LogInit: High frequency timer resolution =2.343833 MHz
[2018.07.22-17.51.00:598][  0]LogMemory: Memory total: Physical=8.0GB (8GB approx)
[2018.07.22-17.51.00:598][  0]LogMemory: Platform Memory Stats for Windows
[2018.07.22-17.51.00:598][  0]LogMemory: Process Physical Memory: 274.68 MB used, 274.68 MB peak
[2018.07.22-17.51.00:598][  0]LogMemory: Process Virtual Memory: 270.18 MB used, 270.18 MB peak
[2018.07.22-17.51.00:598][  0]LogMemory: Physical Memory: 5900.61 MB used,  2289.88 MB free, 8190.49 MB total
[2018.07.22-17.51.00:598][  0]LogMemory: Virtual Memory: 4776.43 MB used,  2289.88 MB free, 134217728.00 MB total
[2018.07.22-17.51.00:650][  0]LogInit: Using OS detected language (es-ES).
[2018.07.22-17.51.00:650][  0]LogInit: Using OS detected locale (es-ES).
[2018.07.22-17.51.00:651][  0]LogTextLocalizationManager: No localization for 'es-ES' exists, so 'en' will be used for the language.
[2018.07.22-17.51.00:651][  0]LogTextLocalizationManager: No localization for 'es-ES' exists, so 'en' will be used for the locale.
[2018.07.22-17.51.01:658][  0]LogStreaming: Display: Took  1.008s to EndInitTextLocalization.
[2018.07.22-17.51.01:703][  0]LogSlate: New Slate User Created.  User Index 0, Is Virtual User: 0
[2018.07.22-17.51.01:703][  0]LogSlate: Slate User Registered.  User Index 0, Is Virtual User: 0
[2018.07.22-17.51.01:710][  0]LogD3D11RHI: D3D11 adapters:
[2018.07.22-17.51.01:800][  0]LogD3D11RHI:    0. 'NVIDIA GeForce GT 730' (Feature Level 11_0)
[2018.07.22-17.51.01:800][  0]LogD3D11RHI:       2018/0/4095 MB DedicatedVideo/DedicatedSystem/SharedSystem, Outputs:1, VendorId:0x10de
[2018.07.22-17.51.01:804][  0]LogD3D11RHI:    1. 'Microsoft Basic Render Driver' (Feature Level 11_0)
[2018.07.22-17.51.01:804][  0]LogD3D11RHI:       0/0/4095 MB DedicatedVideo/DedicatedSystem/SharedSystem, Outputs:0, VendorId:0x1414
[2018.07.22-17.51.01:804][  0]LogD3D11RHI: Chosen D3D11 Adapter: 0
[2018.07.22-17.51.01:819][  0]LogD3D11RHI: Creating new Direct3DDevice
[2018.07.22-17.51.01:819][  0]LogD3D11RHI:     GPU DeviceId: 0x1287 (for the marketing name, search the web for "GPU Device Id")
[2018.07.22-17.51.01:819][  0]LogWindows: EnumDisplayDevices:
[2018.07.22-17.51.01:820][  0]LogWindows:    0. 'NVIDIA GeForce GT 730' (P:1 D:1)
[2018.07.22-17.51.01:820][  0]LogWindows:    1. 'NVIDIA GeForce GT 730' (P:0 D:0)
[2018.07.22-17.51.01:821][  0]LogWindows:    2. 'NVIDIA GeForce GT 730' (P:0 D:0)
[2018.07.22-17.51.01:821][  0]LogWindows: DebugString: GetVideoDriverDetailsInvalid PrimaryIsNotTheChoosenAdapter GetVideoDriverDetailsInvalid PrimaryIsNotTheChoosenAdapter GetVideoDriverDetailsInvalid PrimaryIsNotTheChoosenAdapter FoundDriverCount:0 
[2018.07.22-17.51.01:821][  0]LogD3D11RHI:     Adapter Name: NVIDIA GeForce GT 730
[2018.07.22-17.51.01:821][  0]LogD3D11RHI:   Driver Version: Unknown (internal:Unknown, unified:Unknown)
[2018.07.22-17.51.01:821][  0]LogD3D11RHI:      Driver Date: Unknown
[2018.07.22-17.51.01:821][  0]LogRHI: Texture pool is 1413 MB (70% of 2018 MB)
[2018.07.22-17.51.01:877][  0]LogD3D11RHI: [Aftermath] Aftermath enabled but failed to initialize
[2018.07.22-17.51.01:877][  0]LogD3D11RHI: [Aftermath] Aftermath enabled and primed
[2018.07.22-17.51.01:877][  0]LogD3D11RHI: Async texture creation enabled
[2018.07.22-17.51.01:895][  0]LogD3D11RHI: GPU Timing Frequency: 1000.000000 (Debug: 2 1)
[2018.07.22-17.51.01:899][  0]LogShaderCompilers: Guid format shader working directory is 22 characters bigger than the processId version (../../../../UE_Projects/FPBG/Intermediate/Shaders/WorkingDirectory/7040/).
[2018.07.22-17.51.01:900][  0]LogShaderCompilers: Cleaned the shader compiler working directory 'C:/Users/bitt3rman/AppData/Local/Temp/UnrealShaderWorkingDir/89B7178D4BE2C264220AB68DE7A4173B/'.
[2018.07.22-17.51.02:339][  0]LogTemp: Display: Loaded TP WindowsClientTargetPlatform
[2018.07.22-17.51.02:371][  0]LogTemp: Display: Loaded TP WindowsNoEditorTargetPlatform
[2018.07.22-17.51.02:402][  0]LogTemp: Display: Loaded TP WindowsServerTargetPlatform
[2018.07.22-17.51.02:435][  0]LogTemp: Display: Loaded TP WindowsTargetPlatform
[2018.07.22-17.51.02:435][  0]LogTargetPlatformManager: Display: Building Assets For Windows
[2018.07.22-17.51.02:688][  0]LogXGEController: Cannot use XGE Controller as Incredibuild is not installed on this machine.
[2018.07.22-17.51.02:688][  0]LogShaderCompilers: Cannot use XGE Shader Compiler as Incredibuild is not installed on this machine.
[2018.07.22-17.51.02:688][  0]LogShaderCompilers: Display: Using Local Shader Compiler.
[2018.07.22-17.51.04:397][  0]LogDerivedDataCache: Display: Max Cache Size: 512 MB
[2018.07.22-17.51.04:624][  0]LogDerivedDataCache: Loaded boot cache 0.23s 74MB C:/Users/bitt3rman/AppData/Local/UnrealEngine/4.19/DerivedDataCache/Boot.ddc.
[2018.07.22-17.51.04:624][  0]LogDerivedDataCache: Display: Loaded Boot cache: C:/Users/bitt3rman/AppData/Local/UnrealEngine/4.19/DerivedDataCache/Boot.ddc
[2018.07.22-17.51.04:624][  0]LogDerivedDataCache: FDerivedDataBackendGraph:  Pak pak cache file ../../../../UE_Projects/FPBG/DerivedDataCache/DDC.ddp not found, will not use a pak cache.
[2018.07.22-17.51.04:624][  0]LogDerivedDataCache: Unable to find inner node Pak for hierarchical cache Hierarchy.
[2018.07.22-17.51.04:624][  0]LogDerivedDataCache: FDerivedDataBackendGraph:  CompressedPak pak cache file ../../../../UE_Projects/FPBG/DerivedDataCache/Compressed.ddp not found, will not use a pak cache.
[2018.07.22-17.51.04:624][  0]LogDerivedDataCache: Unable to find inner node CompressedPak for hierarchical cache Hierarchy.
[2018.07.22-17.51.04:652][  0]LogDerivedDataCache: Display: Pak cache opened for reading ../../../Engine/DerivedDataCache/Compressed.ddp.
[2018.07.22-17.51.04:668][  0]LogDerivedDataCache: Using Local data cache path C:/Users/bitt3rman/AppData/Local/UnrealEngine/Common/DerivedDataCache: Writable
[2018.07.22-17.51.04:668][  0]LogDerivedDataCache: Shared data cache path not found in *engine.ini, will not use an Shared cache.
[2018.07.22-17.51.04:668][  0]LogDerivedDataCache: Unable to find inner node Shared for hierarchical cache Hierarchy.
[2018.07.22-17.51.04:696][  0]LogMaterial: Verifying Global Shaders for PCD3D_SM5
[2018.07.22-17.51.04:697][  0]LogSlate: Using Freetype 2.6.0
[2018.07.22-17.51.04:698][  0]LogSlate: SlateFontCache - WITH_FREETYPE: 1, WITH_HARFBUZZ: 1
[2018.07.22-17.51.04:698][  0]LogSlate: SlateFontCache - WITH_FREETYPE: 1, WITH_HARFBUZZ: 1
[2018.07.22-17.51.04:927][  0]LogAssetRegistry: FAssetRegistry took 0.0107 seconds to start up
[2018.07.22-17.51.05:421][  0]LogPackageLocalizationCache: Processed 9 localized package path(s) for 1 prioritized culture(s) in 0.028297 seconds
[2018.07.22-17.51.05:650][  0]LogInit: Selected Device Profile: [Windows]
[2018.07.22-17.51.05:934][  0]LogSimplygon: Simplygon DLL not present - disabling.
[2018.07.22-17.51.05:940][  0]LogMeshReduction: Using SimplygonSwarm for distributed automatic mesh merging
[2018.07.22-17.51.05:940][  0]LogMeshReduction: Using QuadricMeshReduction for automatic static mesh reduction
[2018.07.22-17.51.05:940][  0]LogMeshReduction: No automatic skeletal mesh reduction module available
[2018.07.22-17.51.05:940][  0]LogMeshReduction: No automatic mesh merging module available
[2018.07.22-17.51.05:940][  0]LogMeshMerging: No automatic mesh merging module available
[2018.07.22-17.51.06:007][  0]LogNetVersion: FPBG , NetCL: 3944462, EngineNetVer: 2, GameNetVer: 0 (Checksum: 1413110598)
[2018.07.22-17.51.07:309][  0]LogMoviePlayer: Initializing movie player
[2018.07.22-17.51.07:875][  0]LogTcpMessaging: Initializing TcpMessaging bridge
[2018.07.22-17.51.07:932][  0]LogUdpMessaging: Initializing bridge on interface 0.0.0.0:0 to multicast group 230.0.0.1:6666.
[2018.07.22-17.51.08:458][  0]SourceControl: Source control is disabled
[2018.07.22-17.51.08:458][  0]SourceControl: Source control is disabled
[2018.07.22-17.51.08:503][  0]SourceControl: Source control is disabled
[2018.07.22-17.51.09:240][  0]LogAndroidPermission: UAndroidPermissionCallbackProxy::GetInstance
[2018.07.22-17.51.09:593][  0]LogOcInput: OculusInput pre-init called
[2018.07.22-17.51.09:698][  0]LogUObjectArray: 40131 objects as part of root set at end of initial load.
[2018.07.22-17.51.09:698][  0]LogUObjectAllocator: 8578480 out of 0 bytes used by permanent object pool.
[2018.07.22-17.51.09:698][  0]LogUObjectArray: CloseDisregardForGC: 0/0 objects in disregard for GC pool
[2018.07.22-17.51.09:788][  0]LogEngine: Initializing Engine...
[2018.07.22-17.51.09:791][  0]LogHMD: Failed to initialize OpenVR with code 110
[2018.07.22-17.51.09:805][  0]LogStats: UGameplayTagsManager::ConstructGameplayTagTree: Construct from data asset -  0.000 s
[2018.07.22-17.51.09:805][  0]LogStats: UGameplayTagsManager::ConstructGameplayTagTree: GameplayTagTreeChangedEvent.Broadcast -  0.000 s
[2018.07.22-17.51.10:250][  0]LogInit: XAudio2 using 'Speakers (High Definition Audio Device)' : 2 channels at 48 kHz using 16 bits per sample (channel mask 0x3)
[2018.07.22-17.51.10:284][  0]LogInit: FAudioDevice initialized.
[2018.07.22-17.51.10:354][  0]LogInit: Texture streaming: Enabled
[2018.07.22-17.51.10:591][  0]LogUObjectGlobals: Created PersistentFrame Addr=0x000001babea82e80, Size=600, Default__GameInfoInstance_C Function /Game/Blueprints/AllLevels/GameInfoInstance.GameInfoInstance_C:ExecuteUbergraph_GameInfoInstance
[2018.07.22-17.51.10:600][  0]LogUObjectGlobals: Created PersistentFrame Addr=0x000001babe2f93f0, Size=40, Default__ErrorDialog_C Function /Game/UI/MainMenu/ErrorDialog.ErrorDialog_C:ExecuteUbergraph_ErrorDialog
[2018.07.22-17.51.10:617][  0]LogUObjectGlobals: Created PersistentFrame Addr=0x000001babeafdb40, Size=96, Default__HostMenu_C Function /Game/UI/MainMenu/HostMenu.HostMenu_C:ExecuteUbergraph_HostMenu
[2018.07.22-17.51.10:627][  0]LogUObjectGlobals: Created PersistentFrame Addr=0x000001bab0e22700, Size=64, Default__MainMenu_C Function /Game/UI/MainMenu/MainMenu.MainMenu_C:ExecuteUbergraph_MainMenu
[2018.07.22-17.51.10:669][  0]LogUObjectGlobals: Created PersistentFrame Addr=0x000001bab0e0eb70, Size=104, Default__OptionsMenu_C Function /Game/UI/MainMenu/OptionsMenu.OptionsMenu_C:ExecuteUbergraph_OptionsMenu
[2018.07.22-17.51.10:684][  0]LogUObjectGlobals: Created PersistentFrame Addr=0x000001bab0dd3100, Size=608, Default__ServerMenu_C Function /Game/UI/MainMenu/ServerMenu.ServerMenu_C:ExecuteUbergraph_ServerMenu
[2018.07.22-17.51.10:782][  0]LogUObjectGlobals: Destroyed PersistentFrame Addr=0x000001babea82e80, Size=600
[2018.07.22-17.51.10:782][  0]LogUObjectGlobals: Created PersistentFrame Addr=0x000001babe9f7380, Size=600, Default__GameInfoInstance_C Function /Engine/Transient.REINST_GameInfoInstance_C_2:ExecuteUbergraph_GameInfoInstance
[2018.07.22-17.51.10:783][  0]LogUObjectGlobals: Destroyed PersistentFrame Addr=0x000001babe2f93f0, Size=40
[2018.07.22-17.51.10:783][  0]LogUObjectGlobals: Created PersistentFrame Addr=0x000001bab0d39dc8, Size=40, Default__ErrorDialog_C Function /Engine/Transient.REINST_ErrorDialog_C_0:ExecuteUbergraph_ErrorDialog
[2018.07.22-17.51.10:784][  0]LogUObjectGlobals: Destroyed PersistentFrame Addr=0x000001babeafdb40, Size=96
[2018.07.22-17.51.10:784][  0]LogUObjectGlobals: Created PersistentFrame Addr=0x000001babe983e80, Size=96, Default__HostMenu_C Function /Engine/Transient.REINST_HostMenu_C_1:ExecuteUbergraph_HostMenu
[2018.07.22-17.51.10:784][  0]LogUObjectGlobals: Destroyed PersistentFrame Addr=0x000001bab0e22700, Size=64
[2018.07.22-17.51.10:784][  0]LogUObjectGlobals: Created PersistentFrame Addr=0x000001babea04bc0, Size=64, Default__MainMenu_C Function /Engine/Transient.REINST_MainMenu_C_3:ExecuteUbergraph_MainMenu
[2018.07.22-17.51.10:785][  0]LogUObjectGlobals: Destroyed PersistentFrame Addr=0x000001bab0e0eb70, Size=104
[2018.07.22-17.51.10:785][  0]LogUObjectGlobals: Created PersistentFrame Addr=0x000001babea10170, Size=104, Default__OptionsMenu_C Function /Engine/Transient.REINST_OptionsMenu_C_4:ExecuteUbergraph_OptionsMenu
[2018.07.22-17.51.10:786][  0]LogUObjectGlobals: Destroyed PersistentFrame Addr=0x000001bab0dd3100, Size=608
[2018.07.22-17.51.10:786][  0]LogUObjectGlobals: Created PersistentFrame Addr=0x000001babe9f6e80, Size=608, Default__ServerMenu_C Function /Engine/Transient.REINST_ServerMenu_C_5:ExecuteUbergraph_ServerMenu
[2018.07.22-17.51.10:852][  0]LogUObjectGlobals: Created PersistentFrame Addr=0x000001babe5e0900, Size=608, Default__GameInfoInstance_C Function /Game/Blueprints/AllLevels/GameInfoInstance.GameInfoInstance_C:ExecuteUbergraph_GameInfoInstance
[2018.07.22-17.51.10:855][  0]LogUObjectGlobals: Created PersistentFrame Addr=0x000001bab0d3a6b0, Size=40, Default__ErrorDialog_C Function /Game/UI/MainMenu/ErrorDialog.ErrorDialog_C:ExecuteUbergraph_ErrorDialog
[2018.07.22-17.51.10:859][  0]LogUObjectGlobals: Created PersistentFrame Addr=0x000001babe678e20, Size=96, Default__HostMenu_C Function /Game/UI/MainMenu/HostMenu.HostMenu_C:ExecuteUbergraph_HostMenu
[2018.07.22-17.51.10:861][  0]LogUObjectGlobals: Created PersistentFrame Addr=0x000001babe9f8410, Size=56, Default__MainMenu_C Function /Game/UI/MainMenu/MainMenu.MainMenu_C:ExecuteUbergraph_MainMenu
[2018.07.22-17.51.10:865][  0]LogUObjectGlobals: Created PersistentFrame Addr=0x000001babe51a390, Size=104, Default__OptionsMenu_C Function /Game/UI/MainMenu/OptionsMenu.OptionsMenu_C:ExecuteUbergraph_OptionsMenu
[2018.07.22-17.51.10:871][  0]LogUObjectGlobals: Created PersistentFrame Addr=0x000001babe546c00, Size=592, Default__ServerMenu_C Function /Game/UI/MainMenu/ServerMenu.ServerMenu_C:ExecuteUbergraph_ServerMenu
[2018.07.22-17.51.10:937][  0]LogInit: Display: Game Engine Initialized.
[2018.07.22-17.51.10:937][  0]LogGameplayTags: Display: UGameplayTagsManager::DoneAddingNativeTags. DelegateIsBound: 0
[2018.07.22-17.51.10:937][  0]LogStats: UGameplayTagsManager::ConstructGameplayTagTree: Construct from data asset -  0.000 s
[2018.07.22-17.51.10:937][  0]LogStats: UGameplayTagsManager::ConstructGameplayTagTree: GameplayTagTreeChangedEvent.Broadcast -  0.000 s
[2018.07.22-17.51.11:192][  0]LogInit: Display: Starting Game.
[2018.07.22-17.51.11:192][  0]LogNet: Browse: /Game/Maps/MainMenu?Name=Player
[2018.07.22-17.51.11:192][  0]LogLoad: LoadMap: /Game/Maps/MainMenu?Name=Player
[2018.07.22-17.51.11:215][  0]LogUObjectGlobals: Destroyed PersistentFrame Addr=0x000001babe9f7380, Size=600
[2018.07.22-17.51.11:215][  0]LogUObjectGlobals: Destroyed PersistentFrame Addr=0x000001bab0d39dc8, Size=40
[2018.07.22-17.51.11:215][  0]LogUObjectGlobals: Destroyed PersistentFrame Addr=0x000001babe983e80, Size=96
[2018.07.22-17.51.11:215][  0]LogUObjectGlobals: Destroyed PersistentFrame Addr=0x000001babea04bc0, Size=64
[2018.07.22-17.51.11:215][  0]LogUObjectGlobals: Destroyed PersistentFrame Addr=0x000001babea10170, Size=104
[2018.07.22-17.51.11:215][  0]LogUObjectGlobals: Destroyed PersistentFrame Addr=0x000001babe9f6e80, Size=608
[2018.07.22-17.51.11:221][  0]LogUObjectGlobals: Created PersistentFrame Addr=0x000001babe5c7d80, Size=32, Default__MainMenu_C Function /Game/Maps/MainMenu.MainMenu_C:ExecuteUbergraph_MainMenu
[2018.07.22-17.51.11:223][  0]LogUObjectGlobals: Destroyed PersistentFrame Addr=0x000001babe5c7d80, Size=32
[2018.07.22-17.51.11:223][  0]LogUObjectGlobals: Created PersistentFrame Addr=0x000001babe5c7d80, Size=32, Default__MainMenu_C Function /Engine/Transient.REINST_MainMenu_C_13:ExecuteUbergraph_MainMenu
[2018.07.22-17.51.11:224][  0]LogUObjectGlobals: Created PersistentFrame Addr=0x000001babe5c5360, Size=32, Default__MainMenu_C Function /Game/Maps/MainMenu.MainMenu_C:ExecuteUbergraph_MainMenu
[2018.07.22-17.51.11:245][  0]LogAIModule: Creating AISystem for world MainMenu
[2018.07.22-17.51.11:271][  0]LogUObjectGlobals: Created PersistentFrame Addr=0x000001babea77a00, Size=688, Default__FirstPersonCharacter_C Function /Game/FirstPersonBP/Blueprints/FirstPersonCharacter.FirstPersonCharacter_C:ExecuteUbergraph_FirstPersonCharacter
[2018.07.22-17.51.11:274][  0]LogUObjectGlobals: Created PersistentFrame Addr=0x000001babe55cf00, Size=256, Default__FirstPersonProjectile_C Function /Game/FirstPersonBP/Blueprints/FirstPersonProjectile.FirstPersonProjectile_C:ExecuteUbergraph_FirstPersonProjectile
[2018.07.22-17.51.11:294][  0]LogUObjectGlobals: Created PersistentFrame Addr=0x000001babe8d61b0, Size=72, Default__FirstPerson_AnimBP_C Function /Game/FirstPerson/Animations/FirstPerson_AnimBP.FirstPerson_AnimBP_C:ExecuteUbergraph_FirstPerson_AnimBP
[2018.07.22-17.51.11:351][  0]LogUObjectGlobals: Created PersistentFrame Addr=0x000001babe51e048, Size=52, Default__FirstPersonHUD_C Function /Game/FirstPersonBP/Blueprints/FirstPersonHUD.FirstPersonHUD_C:ExecuteUbergraph_FirstPersonHUD
[2018.07.22-17.51.11:370][  0]LogUObjectGlobals: Destroyed PersistentFrame Addr=0x000001babe8d61b0, Size=72
[2018.07.22-17.51.11:371][  0]LogUObjectGlobals: Created PersistentFrame Addr=0x000001babe88da30, Size=72, Default__FirstPerson_AnimBP_C Function /Engine/Transient.REINST_FirstPerson_AnimBP_C_0:ExecuteUbergraph_FirstPerson_AnimBP
[2018.07.22-17.51.11:372][  0]LogUObjectGlobals: Destroyed PersistentFrame Addr=0x000001babe55cf00, Size=256
[2018.07.22-17.51.11:372][  0]LogUObjectGlobals: Created PersistentFrame Addr=0x000001babe527a00, Size=256, Default__FirstPersonProjectile_C Function /Engine/Transient.REINST_FirstPersonProjectile_C_15:ExecuteUbergraph_FirstPersonProjectile
[2018.07.22-17.51.11:372][  0]LogUObjectGlobals: Destroyed PersistentFrame Addr=0x000001babe51e048, Size=52
[2018.07.22-17.51.11:372][  0]LogUObjectGlobals: Created PersistentFrame Addr=0x000001babe51e048, Size=52, Default__FirstPersonHUD_C Function /Engine/Transient.REINST_FirstPersonHUD_C_16:ExecuteUbergraph_FirstPersonHUD
[2018.07.22-17.51.11:373][  0]LogUObjectGlobals: Destroyed PersistentFrame Addr=0x000001babea77a00, Size=688
[2018.07.22-17.51.11:373][  0]LogUObjectGlobals: Created PersistentFrame Addr=0x000001babe4dd000, Size=688, Default__FirstPersonCharacter_C Function /Engine/Transient.REINST_FirstPersonCharacter_C_17:ExecuteUbergraph_FirstPersonCharacter
[2018.07.22-17.51.11:407][  0]LogUObjectGlobals: Created PersistentFrame Addr=0x000001bab0d8eb80, Size=64, Default__FirstPerson_AnimBP_C Function /Game/FirstPerson/Animations/FirstPerson_AnimBP.FirstPerson_AnimBP_C:ExecuteUbergraph_FirstPerson_AnimBP
[2018.07.22-17.51.11:409][  0]LogUObjectGlobals: Created PersistentFrame Addr=0x000001babe4e2e00, Size=256, Default__FirstPersonProjectile_C Function /Game/FirstPersonBP/Blueprints/FirstPersonProjectile.FirstPersonProjectile_C:ExecuteUbergraph_FirstPersonProjectile
[2018.07.22-17.51.11:410][  0]LogUObjectGlobals: Created PersistentFrame Addr=0x000001babe9f9830, Size=52, Default__FirstPersonHUD_C Function /Game/FirstPersonBP/Blueprints/FirstPersonHUD.FirstPersonHUD_C:ExecuteUbergraph_FirstPersonHUD
[2018.07.22-17.51.11:414][  0]LogUObjectGlobals: Created PersistentFrame Addr=0x000001baafb69000, Size=688, Default__FirstPersonCharacter_C Function /Game/FirstPersonBP/Blueprints/FirstPersonCharacter.FirstPersonCharacter_C:ExecuteUbergraph_FirstPersonCharacter
[2018.07.22-17.51.11:631][  0]LogSkeletalMesh: Skeletal Mesh found in DDC [7.212118ms] /Game/FirstPerson/FPWeapon/Mesh/SK_FPGun.SK_FPGun
[2018.07.22-17.51.11:647][  0]LogSkeletalMesh: Skeletal Mesh found in DDC [12.904503ms] /Game/FirstPerson/Character/Mesh/SK_Mannequin_Arms.SK_Mannequin_Arms
[2018.07.22-17.51.11:657][  0]LogLoad: Game class is 'FirstPersonGameMode_C'
[2018.07.22-17.51.11:659][  0]LogWorld: Bringing World /Game/Maps/MainMenu.MainMenu up for play (max tick rate 0) at 2018.07.22-18.51.11
[2018.07.22-17.51.11:659][  0]LogWorld: Bringing up level for play took: 0.001003
[2018.07.22-17.51.11:660][  0]LogGameMode: FindPlayerStart: PATHS NOT DEFINED or NO PLAYERSTART with positive rating
[2018.07.22-17.51.11:675][  0]LogLoad: Took 0.482528 seconds to LoadMap(/Game/Maps/MainMenu)
[2018.07.22-17.51.11:747][  0]LogLoad: (Engine Initialization) Total time: 16.85 seconds
[2018.07.22-17.51.11:748][  0]LogLoad: (Engine Initialization) Total Blueprint compile time: 0.00 seconds
[2018.07.22-17.51.11:866][  0]LogRenderer: Reallocating scene render targets to support 1280x720 Format 10 NumSamples 1 (Frame:1).
[2018.07.22-17.51.11:922][  0]LogWindowsTextInputMethodSystem: Display: IME system now deactivated.
[2018.07.22-17.51.11:930][  0]LogContentStreaming: Texture pool size now 1000 MB
[2018.07.22-17.51.14:577][141]LogSlate: FSceneViewport::OnFocusLost() reason 0
[2018.07.22-17.51.14:667][146]LogSlate: Took 0.000940 seconds to synchronously load lazily loaded font '../../../Engine/Content/Slate/Fonts/Roboto-Regular.ttf' (155K)
[2018.07.22-17.51.16:256][245]LogNetVersion: FPBG 1.0.0.0, NetCL: 3944462, EngineNetVer: 2, GameNetVer: 0 (Checksum: 272724767)
[2018.07.22-17.51.16:477][245]LogPackageName: SearchForPackageOnDisk took   0.219s to resolve Lobby.umap.
[2018.07.22-17.51.16:680][245]LogPackageName: SearchForPackageOnDisk took   0.201s to resolve Lobby.umap.
[2018.07.22-17.51.16:680][245]LogNet: Browse: /Game/Maps/Lobby?listen
[2018.07.22-17.51.16:680][245]LogLoad: LoadMap: /Game/Maps/Lobby?listen
[2018.07.22-17.51.16:714][245]LogUObjectGlobals: Destroyed PersistentFrame Addr=0x000001babe51e048, Size=52
[2018.07.22-17.51.16:715][245]LogUObjectGlobals: Destroyed PersistentFrame Addr=0x000001babe88da30, Size=72
[2018.07.22-17.51.16:715][245]LogUObjectGlobals: Destroyed PersistentFrame Addr=0x000001babe527a00, Size=256
[2018.07.22-17.51.16:715][245]LogUObjectGlobals: Destroyed PersistentFrame Addr=0x000001babe4dd000, Size=688
[2018.07.22-17.51.16:715][245]LogUObjectGlobals: Destroyed PersistentFrame Addr=0x000001babe5c5360, Size=32
[2018.07.22-17.51.16:715][245]LogUObjectGlobals: Destroyed PersistentFrame Addr=0x000001babe5c7d80, Size=32
[2018.07.22-17.51.16:716][245]LogUObjectGlobals: Destroyed PersistentFrame Addr=0x000001bab0d8eb80, Size=64
[2018.07.22-17.51.16:716][245]LogUObjectGlobals: Destroyed PersistentFrame Addr=0x000001babe4e2e00, Size=256
[2018.07.22-17.51.16:716][245]LogUObjectGlobals: Destroyed PersistentFrame Addr=0x000001babe9f9830, Size=52
[2018.07.22-17.51.16:716][245]LogUObjectGlobals: Destroyed PersistentFrame Addr=0x000001baafb69000, Size=688
[2018.07.22-17.51.16:884][245]LogUObjectGlobals: Created PersistentFrame Addr=0x000001babe8fc100, Size=768, Default__LobbyGM_C Function /Game/Blueprints/Lobby/LobbyGM.LobbyGM_C:ExecuteUbergraph_LobbyGM
[2018.07.22-17.51.16:890][245]LogUObjectGlobals: Created PersistentFrame Addr=0x000001babe8fd900, Size=688, Default__0_Base_C Function /Game/Blueprints/Characters/0_Base.0_Base_C:ExecuteUbergraph_0_Base
[2018.07.22-17.51.16:893][245]LogUObjectGlobals: Created PersistentFrame Addr=0x000001babe9a4700, Size=256, Default__FirstPersonProjectile_C Function /Game/FirstPersonBP/Blueprints/FirstPersonProjectile.FirstPersonProjectile_C:ExecuteUbergraph_FirstPersonProjectile
[2018.07.22-17.51.16:912][245]LogUObjectGlobals: Created PersistentFrame Addr=0x000001babe600090, Size=72, Default__FirstPerson_AnimBP_C Function /Game/FirstPerson/Animations/FirstPerson_AnimBP.FirstPerson_AnimBP_C:ExecuteUbergraph_FirstPerson_AnimBP
[2018.07.22-17.51.16:971][245]LogUObjectGlobals: Created PersistentFrame Addr=0x000001babe53b200, Size=880, Default__LobbyPC_C Function /Game/Blueprints/Lobby/LobbyPC.LobbyPC_C:ExecuteUbergraph_LobbyPC
[2018.07.22-17.51.16:988][245]LogUObjectGlobals: Created PersistentFrame Addr=0x000001bac2b57ec0, Size=320, Default__LobbyMenu_C Function /Game/UI/Lobby/LobbyMenu.LobbyMenu_C:ExecuteUbergraph_LobbyMenu
[2018.07.22-17.51.17:005][245]LogUObjectGlobals: Created PersistentFrame Addr=0x000001babe6bad40, Size=320, Default__ChatWindow_C Function /Game/UI/AllLevels/ChatWindow.ChatWindow_C:ExecuteUbergraph_ChatWindow
[2018.07.22-17.51.17:010][245]LogUObjectGlobals: Created PersistentFrame Addr=0x000001babe8b6f80, Size=336, Default__GameplayPC_C Function /Game/Blueprints/Gameplay/GameplayPC.GameplayPC_C:ExecuteUbergraph_GameplayPC
[2018.07.22-17.51.17:014][245]LogUObjectGlobals: Created PersistentFrame Addr=0x000001babe8fb3c0, Size=224, Default__GameplayGM_C Function /Game/Blueprints/Gameplay/GameplayGM.GameplayGM_C:ExecuteUbergraph_GameplayGM
[2018.07.22-17.51.17:036][245]LogUObjectGlobals: Created PersistentFrame Addr=0x000001bac2ad87c0, Size=80, Default__CharacterSelect_C Function /Game/UI/Lobby/CharacterSelect.CharacterSelect_C:ExecuteUbergraph_CharacterSelect
[2018.07.22-17.51.17:049][245]LogUObjectGlobals: Created PersistentFrame Addr=0x000001babe4da800, Size=192, Default__GameSettings_C Function /Game/UI/Lobby/GameSettings.GameSettings_C:ExecuteUbergraph_GameSettings
[2018.07.22-17.51.17:052][245]LogUObjectGlobals: Created PersistentFrame Addr=0x000001babe633520, Size=32, Default__PlayerButton_C Function /Game/UI/Lobby/PlayerButton.PlayerButton_C:ExecuteUbergraph_PlayerButton
[2018.07.22-17.51.17:109][245]LogUObjectGlobals: Created PersistentFrame Addr=0x000001bac2345258, Size=4, Default__ConnectedPlayer_C Function /Game/UI/Lobby/ConnectedPlayer.ConnectedPlayer_C:ExecuteUbergraph_ConnectedPlayer
[2018.07.22-17.51.17:142][245]LogUObjectGlobals: Created PersistentFrame Addr=0x000001baafb69000, Size=688, Default__Character_1_C Function /Game/Blueprints/Characters/0_Base.0_Base_C:ExecuteUbergraph_0_Base
[2018.07.22-17.51.17:147][245]LogUObjectGlobals: Created PersistentFrame Addr=0x000001baafb69f00, Size=688, Default__Character_2_C Function /Game/Blueprints/Characters/0_Base.0_Base_C:ExecuteUbergraph_0_Base
[2018.07.22-17.51.17:152][245]LogUObjectGlobals: Created PersistentFrame Addr=0x000001baafb68700, Size=688, Default__Character_3_C Function /Game/Blueprints/Characters/0_Base.0_Base_C:ExecuteUbergraph_0_Base
[2018.07.22-17.51.17:157][245]LogUObjectGlobals: Created PersistentFrame Addr=0x000001baafb05600, Size=688, Default__Character_4_C Function /Game/Blueprints/Characters/0_Base.0_Base_C:ExecuteUbergraph_0_Base
[2018.07.22-17.51.17:162][245]LogUObjectGlobals: Created PersistentFrame Addr=0x000001baafb07400, Size=688, Default__Character_5_C Function /Game/Blueprints/Characters/0_Base.0_Base_C:ExecuteUbergraph_0_Base
[2018.07.22-17.51.17:167][245]LogUObjectGlobals: Created PersistentFrame Addr=0x000001baafb05300, Size=688, Default__Character_6_C Function /Game/Blueprints/Characters/0_Base.0_Base_C:ExecuteUbergraph_0_Base
[2018.07.22-17.51.17:250][245]LogUObjectGlobals: Destroyed PersistentFrame Addr=0x000001babe600090, Size=72
[2018.07.22-17.51.17:250][245]LogUObjectGlobals: Created PersistentFrame Addr=0x000001bac1658360, Size=72, Default__FirstPerson_AnimBP_C Function /Engine/Transient.REINST_FirstPerson_AnimBP_C_1:ExecuteUbergraph_FirstPerson_AnimBP
[2018.07.22-17.51.17:251][245]LogUObjectGlobals: Destroyed PersistentFrame Addr=0x000001babe9a4700, Size=256
[2018.07.22-17.51.17:251][245]LogUObjectGlobals: Created PersistentFrame Addr=0x000001babe690200, Size=256, Default__FirstPersonProjectile_C Function /Engine/Transient.REINST_FirstPersonProjectile_C_27:ExecuteUbergraph_FirstPersonProjectile
[2018.07.22-17.51.17:252][245]LogUObjectGlobals: Destroyed PersistentFrame Addr=0x000001babe8fd900, Size=688
[2018.07.22-17.51.17:252][245]LogUObjectGlobals: Created PersistentFrame Addr=0x000001bac15fe500, Size=688, Default__0_Base_C Function /Engine/Transient.REINST_0_Base_C_28:ExecuteUbergraph_0_Base
[2018.07.22-17.51.17:253][245]LogUObjectGlobals: Destroyed PersistentFrame Addr=0x000001bac2ad87c0, Size=80
[2018.07.22-17.51.17:253][245]LogUObjectGlobals: Created PersistentFrame Addr=0x000001bac14eb1f0, Size=80, Default__CharacterSelect_C Function /Engine/Transient.REINST_CharacterSelect_C_6:ExecuteUbergraph_CharacterSelect
[2018.07.22-17.51.17:254][245]LogUObjectGlobals: Destroyed PersistentFrame Addr=0x000001babe6bad40, Size=320
[2018.07.22-17.51.17:254][245]LogUObjectGlobals: Created PersistentFrame Addr=0x000001baafaf4400, Size=320, Default__ChatWindow_C Function /Engine/Transient.REINST_ChatWindow_C_8:ExecuteUbergraph_ChatWindow
[2018.07.22-17.51.17:254][245]LogUObjectGlobals: Destroyed PersistentFrame Addr=0x000001bac2345258, Size=4
[2018.07.22-17.51.17:254][245]LogUObjectGlobals: Created PersistentFrame Addr=0x000001babe9742c0, Size=4, Default__ConnectedPlayer_C Function /Engine/Transient.REINST_ConnectedPlayer_C_9:ExecuteUbergraph_ConnectedPlayer
[2018.07.22-17.51.17:255][245]LogUObjectGlobals: Destroyed PersistentFrame Addr=0x000001babe8b6f80, Size=336
[2018.07.22-17.51.17:255][245]LogUObjectGlobals: Created PersistentFrame Addr=0x000001bac14dae00, Size=336, Default__GameplayPC_C Function /Engine/Transient.REINST_GameplayPC_C_29:ExecuteUbergraph_GameplayPC
[2018.07.22-17.51.17:256][245]LogUObjectGlobals: Destroyed PersistentFrame Addr=0x000001babe4da800, Size=192
[2018.07.22-17.51.17:256][245]LogUObjectGlobals: Created PersistentFrame Addr=0x000001bac16cd540, Size=192, Default__GameSettings_C Function /Engine/Transient.REINST_GameSettings_C_11:ExecuteUbergraph_GameSettings
[2018.07.22-17.51.17:257][245]LogUObjectGlobals: Destroyed PersistentFrame Addr=0x000001bac2b57ec0, Size=320
[2018.07.22-17.51.17:257][245]LogUObjectGlobals: Created PersistentFrame Addr=0x000001baafaf4900, Size=320, Default__LobbyMenu_C Function /Engine/Transient.REINST_LobbyMenu_C_12:ExecuteUbergraph_LobbyMenu
[2018.07.22-17.51.17:259][245]LogUObjectGlobals: Destroyed PersistentFrame Addr=0x000001babe53b200, Size=880
[2018.07.22-17.51.17:259][245]LogUObjectGlobals: Created PersistentFrame Addr=0x000001bac14b7580, Size=880, Default__LobbyPC_C Function /Engine/Transient.REINST_LobbyPC_C_30:ExecuteUbergraph_LobbyPC
[2018.07.22-17.51.17:259][245]LogUObjectGlobals: Destroyed PersistentFrame Addr=0x000001babe633520, Size=32
[2018.07.22-17.51.17:259][245]LogUObjectGlobals: Created PersistentFrame Addr=0x000001bac14c7e80, Size=32, Default__PlayerButton_C Function /Engine/Transient.REINST_PlayerButton_C_13:ExecuteUbergraph_PlayerButton
[2018.07.22-17.51.17:259][245]LogUObjectGlobals: Destroyed PersistentFrame Addr=0x000001baafb69000, Size=688
[2018.07.22-17.51.17:259][245]LogUObjectGlobals: Created PersistentFrame Addr=0x000001bac14d1c00, Size=688, Default__Character_1_C Function /Engine/Transient.REINST_0_Base_C_28:ExecuteUbergraph_0_Base
[2018.07.22-17.51.17:260][245]LogUObjectGlobals: Destroyed PersistentFrame Addr=0x000001baafb69f00, Size=688
[2018.07.22-17.51.17:260][245]LogUObjectGlobals: Created PersistentFrame Addr=0x000001bac14d1900, Size=688, Default__Character_2_C Function /Engine/Transient.REINST_0_Base_C_28:ExecuteUbergraph_0_Base
[2018.07.22-17.51.17:260][245]LogUObjectGlobals: Destroyed PersistentFrame Addr=0x000001baafb68700, Size=688
[2018.07.22-17.51.17:260][245]LogUObjectGlobals: Created PersistentFrame Addr=0x000001bac14d1300, Size=688, Default__Character_3_C Function /Engine/Transient.REINST_0_Base_C_28:ExecuteUbergraph_0_Base
[2018.07.22-17.51.17:260][245]LogUObjectGlobals: Destroyed PersistentFrame Addr=0x000001baafb05600, Size=688
[2018.07.22-17.51.17:260][245]LogUObjectGlobals: Created PersistentFrame Addr=0x000001bac14d0d00, Size=688, Default__Character_4_C Function /Engine/Transient.REINST_0_Base_C_28:ExecuteUbergraph_0_Base
[2018.07.22-17.51.17:260][245]LogUObjectGlobals: Destroyed PersistentFrame Addr=0x000001baafb07400, Size=688
[2018.07.22-17.51.17:260][245]LogUObjectGlobals: Created PersistentFrame Addr=0x000001bac14d0a00, Size=688, Default__Character_5_C Function /Engine/Transient.REINST_0_Base_C_28:ExecuteUbergraph_0_Base
[2018.07.22-17.51.17:261][245]LogUObjectGlobals: Destroyed PersistentFrame Addr=0x000001baafb05300, Size=688
[2018.07.22-17.51.17:261][245]LogUObjectGlobals: Created PersistentFrame Addr=0x000001bac14d0700, Size=688, Default__Character_6_C Function /Engine/Transient.REINST_0_Base_C_28:ExecuteUbergraph_0_Base
[2018.07.22-17.51.17:261][245]LogUObjectGlobals: Destroyed PersistentFrame Addr=0x000001babe8fb3c0, Size=224
[2018.07.22-17.51.17:261][245]LogUObjectGlobals: Created PersistentFrame Addr=0x000001bac14aee80, Size=224, Default__GameplayGM_C Function /Engine/Transient.REINST_GameplayGM_C_37:ExecuteUbergraph_GameplayGM
[2018.07.22-17.51.17:263][245]LogUObjectGlobals: Destroyed PersistentFrame Addr=0x000001babe8fc100, Size=768
[2018.07.22-17.51.17:263][245]LogUObjectGlobals: Created PersistentFrame Addr=0x000001baafb07400, Size=768, Default__LobbyGM_C Function /Engine/Transient.REINST_LobbyGM_C_38:ExecuteUbergraph_LobbyGM
[2018.07.22-17.51.17:399][245]LogUObjectGlobals: Created PersistentFrame Addr=0x000001bab7ec9a40, Size=64, Default__FirstPerson_AnimBP_C Function /Game/FirstPerson/Animations/FirstPerson_AnimBP.FirstPerson_AnimBP_C:ExecuteUbergraph_FirstPerson_AnimBP
[2018.07.22-17.51.17:401][245]LogUObjectGlobals: Created PersistentFrame Addr=0x000001bab013b900, Size=256, Default__FirstPersonProjectile_C Function /Game/FirstPersonBP/Blueprints/FirstPersonProjectile.FirstPersonProjectile_C:ExecuteUbergraph_FirstPersonProjectile
[2018.07.22-17.51.17:405][245]LogUObjectGlobals: Created PersistentFrame Addr=0x000001babea75600, Size=688, Default__0_Base_C Function /Game/Blueprints/Characters/0_Base.0_Base_C:ExecuteUbergraph_0_Base
[2018.07.22-17.51.17:410][245]LogUObjectGlobals: Created PersistentFrame Addr=0x000001bab1d4f790, Size=80, Default__CharacterSelect_C Function /Game/UI/Lobby/CharacterSelect.CharacterSelect_C:ExecuteUbergraph_CharacterSelect
[2018.07.22-17.51.17:413][245]LogUObjectGlobals: Created PersistentFrame Addr=0x000001bab7ed4b80, Size=320, Default__ChatWindow_C Function /Game/UI/AllLevels/ChatWindow.ChatWindow_C:ExecuteUbergraph_ChatWindow
[2018.07.22-17.51.17:414][245]LogUObjectGlobals: Created PersistentFrame Addr=0x000001baadd07190, Size=4, Default__ConnectedPlayer_C Function /Game/UI/Lobby/ConnectedPlayer.ConnectedPlayer_C:ExecuteUbergraph_ConnectedPlayer
[2018.07.22-17.51.17:417][245]LogUObjectGlobals: Created PersistentFrame Addr=0x000001bab1d62b00, Size=344, Default__GameplayPC_C Function /Game/Blueprints/Gameplay/GameplayPC.GameplayPC_C:ExecuteUbergraph_GameplayPC
[2018.07.22-17.51.17:423][245]LogUObjectGlobals: Created PersistentFrame Addr=0x000001bab1d8a200, Size=192, Default__GameSettings_C Function /Game/UI/Lobby/GameSettings.GameSettings_C:ExecuteUbergraph_GameSettings
[2018.07.22-17.51.17:430][245]LogUObjectGlobals: Created PersistentFrame Addr=0x000001bab7ed4400, Size=320, Default__LobbyMenu_C Function /Game/UI/Lobby/LobbyMenu.LobbyMenu_C:ExecuteUbergraph_LobbyMenu
[2018.07.22-17.51.17:438][245]LogUObjectGlobals: Created PersistentFrame Addr=0x000001bac2e95980, Size=880, Default__LobbyPC_C Function /Game/Blueprints/Lobby/LobbyPC.LobbyPC_C:ExecuteUbergraph_LobbyPC
[2018.07.22-17.51.17:441][245]LogUObjectGlobals: Created PersistentFrame Addr=0x000001bac2f0be60, Size=32, Default__PlayerButton_C Function /Game/UI/Lobby/PlayerButton.PlayerButton_C:ExecuteUbergraph_PlayerButton
[2018.07.22-17.51.17:441][245]LogUObjectGlobals: Created PersistentFrame Addr=0x000001bac2efb400, Size=688, Default__Character_1_C Function /Game/Blueprints/Characters/0_Base.0_Base_C:ExecuteUbergraph_0_Base
[2018.07.22-17.51.17:442][245]LogUObjectGlobals: Created PersistentFrame Addr=0x000001bac2efae00, Size=688, Default__Character_2_C Function /Game/Blueprints/Characters/0_Base.0_Base_C:ExecuteUbergraph_0_Base
[2018.07.22-17.51.17:442][245]LogUObjectGlobals: Created PersistentFrame Addr=0x000001bac2efab00, Size=688, Default__Character_3_C Function /Game/Blueprints/Characters/0_Base.0_Base_C:ExecuteUbergraph_0_Base
[2018.07.22-17.51.17:442][245]LogUObjectGlobals: Created PersistentFrame Addr=0x000001bac2efa200, Size=688, Default__Character_4_C Function /Game/Blueprints/Characters/0_Base.0_Base_C:ExecuteUbergraph_0_Base
[2018.07.22-17.51.17:442][245]LogUObjectGlobals: Created PersistentFrame Addr=0x000001bac2ef9c00, Size=688, Default__Character_5_C Function /Game/Blueprints/Characters/0_Base.0_Base_C:ExecuteUbergraph_0_Base
[2018.07.22-17.51.17:442][245]LogUObjectGlobals: Created PersistentFrame Addr=0x000001bac2ef9900, Size=688, Default__Character_6_C Function /Game/Blueprints/Characters/0_Base.0_Base_C:ExecuteUbergraph_0_Base
[2018.07.22-17.51.17:444][245]LogUObjectGlobals: Created PersistentFrame Addr=0x000001bab00f9440, Size=208, Default__GameplayGM_C Function /Game/Blueprints/Gameplay/GameplayGM.GameplayGM_C:ExecuteUbergraph_GameplayGM
[2018.07.22-17.51.17:452][245]LogUObjectGlobals: Created PersistentFrame Addr=0x000001bab01fe400, Size=784, Default__LobbyGM_C Function /Game/Blueprints/Lobby/LobbyGM.LobbyGM_C:ExecuteUbergraph_LobbyGM
[2018.07.22-17.51.17:746][245]LogSkeletalMesh: Skeletal Mesh found in DDC [7.113135ms] /Game/FirstPerson/FPWeapon/Mesh/SK_FPGun.SK_FPGun
[2018.07.22-17.51.17:763][245]LogSkeletalMesh: Skeletal Mesh found in DDC [13.035485ms] /Game/FirstPerson/Character/Mesh/SK_Mannequin_Arms.SK_Mannequin_Arms
[2018.07.22-17.51.17:855][245]LogAIModule: Creating AISystem for world Lobby
[2018.07.22-17.51.17:855][245]LogLoad: Game class is 'LobbyGM_C'
[2018.07.22-17.51.17:857][245]LogOnline: Warning: STEAM: Steamworks: SteamUtils() failed!
[2018.07.22-17.51.17:857][245]LogOnline: Warning: STEAM: Steamworks: SteamUser() failed!
[2018.07.22-17.51.17:857][245]LogOnline: Warning: STEAM: Steamworks: SteamFriends() failed!
[2018.07.22-17.51.17:857][245]LogOnline: Warning: STEAM: Steamworks: SteamRemoteStorage() failed!
[2018.07.22-17.51.17:857][245]LogOnline: Warning: STEAM: Steamworks: SteamUserStats() failed!
[2018.07.22-17.51.17:857][245]LogOnline: Warning: STEAM: Steamworks: SteamMatchmakingServers() failed!
[2018.07.22-17.51.17:857][245]LogOnline: Warning: STEAM: Steamworks: SteamApps() failed!
[2018.07.22-17.51.17:858][245]LogOnline: Warning: STEAM: Steamworks: SteamNetworking() failed!
[2018.07.22-17.51.17:858][245]LogOnline: Warning: STEAM: Steamworks: SteamMatchmaking() failed!
[2018.07.22-17.51.17:858][245]LogOnline: Display: STEAM: OnlineSubsystemSteam::Shutdown()
[2018.07.22-17.51.17:858][245]LogOnline: Warning: STEAM: Steam API failed to initialize!
[2018.07.22-17.51.17:858][245]LogOnline: Display: STEAM: OnlineSubsystemSteam::Shutdown()
[2018.07.22-17.51.17:858][245]LogTemp: Display: ParseSettings for GameNetDriver
[2018.07.22-17.51.17:859][245]LogTemp: Display: ParseSettings for IpNetDriver_0
[2018.07.22-17.51.17:859][245]LogTemp: Display: ParseSettings for GameNetDriver
[2018.07.22-17.51.17:859][245]LogInit: WinSock: Socket queue 131072 / 131072
[2018.07.22-17.51.17:859][245]PacketHandlerLog: Loaded PacketHandler component: Engine.EngineHandlerComponentFactory (StatelessConnectHandlerComponent)
[2018.07.22-17.51.17:860][245]LogNet: GameNetDriver IpNetDriver_0 IpNetDriver listening on port 7777
[2018.07.22-17.51.17:863][245]LogWorld: Bringing World /Game/Maps/Lobby.Lobby up for play (max tick rate 0) at 2018.07.22-18.51.17
[2018.07.22-17.51.17:863][245]LogWorld: Bringing up level for play took: 0.002748
[2018.07.22-17.51.17:885][245]LogGameMode: Display: Match State Changed from EnteringMap to WaitingToStart
[2018.07.22-17.51.17:885][245]LogGameState: Match State Changed from EnteringMap to WaitingToStart
[2018.07.22-17.51.17:885][245]LogGameMode: Display: Match State Changed from WaitingToStart to InProgress
[2018.07.22-17.51.17:885][245]LogGameState: Match State Changed from WaitingToStart to InProgress
[2018.07.22-17.51.17:886][245]LogLoad: Took 1.205642 seconds to LoadMap(/Game/Maps/Lobby)
[2018.07.22-17.51.19:541][313]LogSlate: FSceneViewport::OnFocusLost() reason 0
[2018.07.22-17.51.19:618][317]PIE: Warning: This widget does not support focus.  If this is a UserWidget, you should set bIsFocusable to true.
[2018.07.22-17.51.20:321][353]LogSlate: FSceneViewport::OnFocusLost() reason 0
[2018.07.22-17.51.21:260][401]LogGameMode: Display: Match State Changed from InProgress to LeavingMap
[2018.07.22-17.51.21:260][401]LogGameState: Match State Changed from InProgress to LeavingMap
[2018.07.22-17.51.21:264][401]LogGameMode: ProcessServerTravel: /Game/Maps/Map01
[2018.07.22-17.51.21:265][401]LogWorld: SeamlessTravel to: /Game/Maps/Map01
[2018.07.22-17.51.21:324][402]LogUObjectGlobals: Destroyed PersistentFrame Addr=0x000001bac15fe500, Size=688
[2018.07.22-17.51.21:324][402]LogUObjectGlobals: Destroyed PersistentFrame Addr=0x000001baafb07400, Size=768
[2018.07.22-17.51.21:326][402]LogUObjectGlobals: Destroyed PersistentFrame Addr=0x000001babe690200, Size=256
[2018.07.22-17.51.21:326][402]LogUObjectGlobals: Destroyed PersistentFrame Addr=0x000001bac1658360, Size=72
[2018.07.22-17.51.21:326][402]LogUObjectGlobals: Destroyed PersistentFrame Addr=0x000001bac14b7580, Size=880
[2018.07.22-17.51.21:327][402]LogUObjectGlobals: Destroyed PersistentFrame Addr=0x000001baafaf4900, Size=320
[2018.07.22-17.51.21:327][402]LogUObjectGlobals: Destroyed PersistentFrame Addr=0x000001baafaf4400, Size=320
[2018.07.22-17.51.21:327][402]LogUObjectGlobals: Destroyed PersistentFrame Addr=0x000001bac14dae00, Size=336
[2018.07.22-17.51.21:327][402]LogUObjectGlobals: Destroyed PersistentFrame Addr=0x000001bac14aee80, Size=224
[2018.07.22-17.51.21:327][402]LogUObjectGlobals: Destroyed PersistentFrame Addr=0x000001bac14eb1f0, Size=80
[2018.07.22-17.51.21:327][402]LogUObjectGlobals: Destroyed PersistentFrame Addr=0x000001bac16cd540, Size=192
[2018.07.22-17.51.21:327][402]LogUObjectGlobals: Destroyed PersistentFrame Addr=0x000001bac14c7e80, Size=32
[2018.07.22-17.51.21:327][402]LogUObjectGlobals: Destroyed PersistentFrame Addr=0x000001babe9742c0, Size=4
[2018.07.22-17.51.21:327][402]LogUObjectGlobals: Destroyed PersistentFrame Addr=0x000001bac14d1c00, Size=688
[2018.07.22-17.51.21:327][402]LogUObjectGlobals: Destroyed PersistentFrame Addr=0x000001bac14d1900, Size=688
[2018.07.22-17.51.21:327][402]LogUObjectGlobals: Destroyed PersistentFrame Addr=0x000001bac14d1300, Size=688
[2018.07.22-17.51.21:327][402]LogUObjectGlobals: Destroyed PersistentFrame Addr=0x000001bac14d0d00, Size=688
[2018.07.22-17.51.21:327][402]LogUObjectGlobals: Destroyed PersistentFrame Addr=0x000001bac14d0a00, Size=688
[2018.07.22-17.51.21:327][402]LogUObjectGlobals: Destroyed PersistentFrame Addr=0x000001bac14d0700, Size=688
[2018.07.22-17.51.21:335][402]LogAIModule: Creating AISystem for world TravelMap
[2018.07.22-17.51.21:337][402]LogStats:     SeamlessTravel FlushLevelStreaming  -  0.001 s
[2018.07.22-17.51.21:338][402]LogWorld: Bringing World /Game/Maps/TravelMap.TravelMap up for play (max tick rate 0) at 2018.07.22-18.51.21
[2018.07.22-17.51.21:338][402]LogWorld: Bringing up level for play took: 0.000674
[2018.07.22-17.51.21:338][402]LogWorld: Sending NotifyLoadedWorld for LP: LocalPlayer_0 PC: LobbyPC_C_0
[2018.07.22-17.51.21:338][402]LogNet: Verbose: NotifyLoadedWorld Begin
[2018.07.22-17.51.21:338][402]LogNet: VeryVerbose: GetFunctionCallspace Server calling Server function: ServerNotifyLoadedWorld Local
[2018.07.22-17.51.21:338][402]LogNet: Verbose: NotifyLoadedWorld End
[2018.07.22-17.51.21:338][402]LogWorld: StartLoadingDestination to: /Game/Maps/Map01
[2018.07.22-17.51.21:681][409]LogAIModule: Creating AISystem for world Map01
[2018.07.22-17.51.21:681][409]LogLoad: Game class is 'GameplayGM_C'
[2018.07.22-17.51.21:683][409]LogStats:     SeamlessTravel FlushLevelStreaming  -  0.001 s
[2018.07.22-17.51.21:687][409]LogWorld: Bringing World /Game/Maps/Map01.Map01 up for play (max tick rate 0) at 2018.07.22-18.51.21
[2018.07.22-17.51.21:687][409]LogWorld: Bringing up level for play took: 0.004540
[2018.07.22-17.51.21:688][409]LogWorld: Sending NotifyLoadedWorld for LP: LocalPlayer_0 PC: LobbyPC_C_0
[2018.07.22-17.51.21:688][409]LogNet: Verbose: NotifyLoadedWorld Begin
[2018.07.22-17.51.21:688][409]LogNet: VeryVerbose: GetFunctionCallspace Server calling Server function: ServerNotifyLoadedWorld Local
[2018.07.22-17.51.21:688][409]LogNet: Verbose: NotifyLoadedWorld End
[2018.07.22-17.51.21:688][409]LogWorld: ----SeamlessTravel finished in 0.42 seconds ------
[2018.07.22-17.51.21:688][409]LogGameMode: >> GameMode::HandleSeamlessTravelPlayer: LobbyPC_C_0 
[2018.07.22-17.51.21:689][409]LogGameMode: << GameMode::HandleSeamlessTravelPlayer: GameplayPC_C_0
[2018.07.22-17.51.21:689][409]LogGameMode: Display: Match State Changed from EnteringMap to WaitingToStart
[2018.07.22-17.51.21:689][409]LogGameState: Match State Changed from EnteringMap to WaitingToStart
[2018.07.22-17.51.21:689][409]LogGameMode: Display: Match State Changed from WaitingToStart to InProgress
[2018.07.22-17.51.21:698][409]LogGameState: Match State Changed from WaitingToStart to InProgress
[2018.07.22-17.51.24:129][524]LogSlate: FSceneViewport::OnFocusLost() reason 2
[2018.07.22-17.51.34:658][ 61]Closing by request
[2018.07.22-17.51.34:658][ 61]LogWindows: FPlatformMisc::RequestExit(0)
[2018.07.22-17.51.34:704][ 62]LogNet: World NetDriver shutdown IpNetDriver_0 [GameNetDriver]
[2018.07.22-17.51.34:704][ 62]LogNet: DestroyNamedNetDriver IpNetDriver_0 [GameNetDriver]
[2018.07.22-17.51.34:704][ 62]LogExit: GameNetDriver IpNetDriver_0 shut down
[2018.07.22-17.51.34:837][ 62]LogSlate: Window 'FPBG (64-bit, PCD3D_SM5) ' being destroyed
[2018.07.22-17.51.34:838][ 62]LogWindowsTextInputMethodSystem: Display: IME system now deactivated.
[2018.07.22-17.51.34:841][ 62]LogWindowsTextInputMethodSystem: Display: IME system now deactivated.
[2018.07.22-17.51.34:844][ 62]LogSlate: Slate User Destroyed.  User Index 0, Is Virtual User: 0
[2018.07.22-17.51.34:845][ 62]LogExit: Preparing to exit.
[2018.07.22-17.51.34:845][ 62]LogMoviePlayer: Shutting down movie player
[2018.07.22-17.51.35:056][ 62]LogExit: Game engine shut down
[2018.07.22-17.51.35:072][ 62]LogUObjectGlobals: Destroyed PersistentFrame Addr=0x000001babe5e0900, Size=608
[2018.07.22-17.51.35:072][ 62]LogUObjectGlobals: Destroyed PersistentFrame Addr=0x000001bab0d3a6b0, Size=40
[2018.07.22-17.51.35:072][ 62]LogUObjectGlobals: Destroyed PersistentFrame Addr=0x000001babe678e20, Size=96
[2018.07.22-17.51.35:072][ 62]LogUObjectGlobals: Destroyed PersistentFrame Addr=0x000001babe9f8410, Size=56
[2018.07.22-17.51.35:072][ 62]LogUObjectGlobals: Destroyed PersistentFrame Addr=0x000001babe51a390, Size=104
[2018.07.22-17.51.35:072][ 62]LogUObjectGlobals: Destroyed PersistentFrame Addr=0x000001babe546c00, Size=592
[2018.07.22-17.51.35:075][ 62]LogUObjectGlobals: Destroyed PersistentFrame Addr=0x000001bab7ec9a40, Size=64
[2018.07.22-17.51.35:075][ 62]LogUObjectGlobals: Destroyed PersistentFrame Addr=0x000001bab013b900, Size=256
[2018.07.22-17.51.35:075][ 62]LogUObjectGlobals: Destroyed PersistentFrame Addr=0x000001babea75600, Size=688
[2018.07.22-17.51.35:075][ 62]LogUObjectGlobals: Destroyed PersistentFrame Addr=0x000001bab1d4f790, Size=80
[2018.07.22-17.51.35:076][ 62]LogUObjectGlobals: Destroyed PersistentFrame Addr=0x000001bab7ed4b80, Size=320
[2018.07.22-17.51.35:076][ 62]LogUObjectGlobals: Destroyed PersistentFrame Addr=0x000001baadd07190, Size=4
[2018.07.22-17.51.35:076][ 62]LogUObjectGlobals: Destroyed PersistentFrame Addr=0x000001bab1d62b00, Size=344
[2018.07.22-17.51.35:076][ 62]LogUObjectGlobals: Destroyed PersistentFrame Addr=0x000001bab1d8a200, Size=192
[2018.07.22-17.51.35:076][ 62]LogUObjectGlobals: Destroyed PersistentFrame Addr=0x000001bab7ed4400, Size=320
[2018.07.22-17.51.35:076][ 62]LogUObjectGlobals: Destroyed PersistentFrame Addr=0x000001bac2e95980, Size=880
[2018.07.22-17.51.35:076][ 62]LogUObjectGlobals: Destroyed PersistentFrame Addr=0x000001bac2f0be60, Size=32
[2018.07.22-17.51.35:076][ 62]LogUObjectGlobals: Destroyed PersistentFrame Addr=0x000001bac2efb400, Size=688
[2018.07.22-17.51.35:076][ 62]LogUObjectGlobals: Destroyed PersistentFrame Addr=0x000001bac2efae00, Size=688
[2018.07.22-17.51.35:076][ 62]LogUObjectGlobals: Destroyed PersistentFrame Addr=0x000001bac2efab00, Size=688
[2018.07.22-17.51.35:076][ 62]LogUObjectGlobals: Destroyed PersistentFrame Addr=0x000001bac2efa200, Size=688
[2018.07.22-17.51.35:076][ 62]LogUObjectGlobals: Destroyed PersistentFrame Addr=0x000001bac2ef9c00, Size=688
[2018.07.22-17.51.35:076][ 62]LogUObjectGlobals: Destroyed PersistentFrame Addr=0x000001bac2ef9900, Size=688
[2018.07.22-17.51.35:076][ 62]LogUObjectGlobals: Destroyed PersistentFrame Addr=0x000001bab00f9440, Size=208
[2018.07.22-17.51.35:076][ 62]LogUObjectGlobals: Destroyed PersistentFrame Addr=0x000001bab01fe400, Size=784
[2018.07.22-17.51.35:194][ 62]LogExit: Object subsystem successfully closed.
[2018.07.22-17.51.35:216][ 62]LogShaderCompilers: Display: Shaders left to compile 0
[2018.07.22-17.51.35:221][ 62]LogD3D11RHI: Shutdown
[2018.07.22-17.51.35:221][ 62]LogD3D11RHI: CleanupD3DDevice
[2018.07.22-17.51.35:226][ 62]LogD3D11RHI: ~FD3D11DynamicRHI
[2018.07.22-17.51.35:240][ 62]LogModuleManager: Shutting down and abandoning module SequenceRecorderSections (336)
[2018.07.22-17.51.35:240][ 62]LogModuleManager: Shutting down and abandoning module SequenceRecorder (334)
[2018.07.22-17.51.35:240][ 62]LogModuleManager: Shutting down and abandoning module AutomationController (332)
[2018.07.22-17.51.35:240][ 62]LogModuleManager: Shutting down and abandoning module AutomationWorker (330)
[2018.07.22-17.51.35:240][ 62]LogModuleManager: Shutting down and abandoning module Voice (328)
[2018.07.22-17.51.35:240][ 62]LogModuleManager: Shutting down and abandoning module AIModule (326)
[2018.07.22-17.51.35:240][ 62]LogModuleManager: Shutting down and abandoning module GameplayDebugger (325)
[2018.07.22-17.51.35:240][ 62]LogModuleManager: Shutting down and abandoning module AITestSuite (323)
[2018.07.22-17.51.35:240][ 62]LogModuleManager: Shutting down and abandoning module WmfMediaFactory (320)
[2018.07.22-17.51.35:240][ 62]LogModuleManager: Shutting down and abandoning module OpenExrWrapper (318)
[2018.07.22-17.51.35:240][ 62]LogModuleManager: Shutting down and abandoning module ImgMediaFactory (316)
[2018.07.22-17.51.35:240][ 62]LogModuleManager: Shutting down and abandoning module AvfMediaFactory (314)
[2018.07.22-17.51.35:240][ 62]LogModuleManager: Shutting down and abandoning module CharacterAI (312)
[2018.07.22-17.51.35:240][ 62]LogModuleManager: Shutting down and abandoning module SessionServices (310)
[2018.07.22-17.51.35:240][ 62]LogModuleManager: Shutting down and abandoning module MovieSceneCapture (308)
[2018.07.22-17.51.35:240][ 62]LogModuleManager: Shutting down and abandoning module MovieSceneTracks (306)
[2018.07.22-17.51.35:240][ 62]LogModuleManager: Shutting down and abandoning module MovieScene (304)
[2018.07.22-17.51.35:240][ 62]LogModuleManager: Shutting down and abandoning module GeometryCache (302)
[2018.07.22-17.51.35:240][ 62]LogModuleManager: Shutting down and abandoning module GeometryCacheEd (301)
[2018.07.22-17.51.35:240][ 62]LogModuleManager: Shutting down and abandoning module StreamingPauseRendering (298)
[2018.07.22-17.51.35:240][ 62]LogModuleManager: Shutting down and abandoning module PortalServices (296)
[2018.07.22-17.51.35:240][ 62]LogModuleManager: Shutting down and abandoning module PortalRpc (294)
[2018.07.22-17.51.35:240][ 62]LogModuleManager: Shutting down and abandoning module MessagingRpc (292)
[2018.07.22-17.51.35:240][ 62]LogModuleManager: Shutting down and abandoning module ProfilerService (290)
[2018.07.22-17.51.35:277][ 62]LogModuleManager: Shutting down and abandoning module TaskGraph (288)
[2018.07.22-17.51.35:277][ 62]LogModuleManager: Shutting down and abandoning module SteamVRController (286)
[2018.07.22-17.51.35:277][ 62]LogModuleManager: Shutting down and abandoning module ProceduralMeshComponent (284)
[2018.07.22-17.51.35:277][ 62]LogModuleManager: Shutting down and abandoning module OculusInput (282)
[2018.07.22-17.51.35:278][ 62]LogModuleManager: Shutting down and abandoning module MobilePatchingUtils (280)
[2018.07.22-17.51.35:278][ 62]LogModuleManager: Shutting down and abandoning module CustomMeshComponent (278)
[2018.07.22-17.51.35:278][ 62]LogModuleManager: Shutting down and abandoning module CableComponent (276)
[2018.07.22-17.51.35:278][ 62]LogModuleManager: Shutting down and abandoning module AudioCapture (274)
[2018.07.22-17.51.35:278][ 62]LogModuleManager: Shutting down and abandoning module ArchVisCharacter (272)
[2018.07.22-17.51.35:278][ 62]LogModuleManager: Shutting down and abandoning module AndroidPermission (270)
[2018.07.22-17.51.35:278][ 62]LogModuleManager: Shutting down and abandoning module NUTUnrealEngine4 (268)
[2018.07.22-17.51.35:278][ 62]LogModuleManager: Shutting down and abandoning module NetcodeUnitTest (266)
[2018.07.22-17.51.35:278][ 62]LogModuleManager: Shutting down and abandoning module MediaCompositing (264)
[2018.07.22-17.51.35:278][ 62]LogModuleManager: Shutting down and abandoning module LinearTimecode (262)
[2018.07.22-17.51.35:278][ 62]LogModuleManager: Shutting down and abandoning module ImgMedia (260)
[2018.07.22-17.51.35:281][ 62]LogModuleManager: Shutting down and abandoning module HTML5Networking (258)
[2018.07.22-17.51.35:281][ 62]LogModuleManager: Shutting down and abandoning module DatasmithContent (256)
[2018.07.22-17.51.35:281][ 62]LogModuleManager: Shutting down and abandoning module CryptoKeysOpenSSL (254)
[2018.07.22-17.51.35:281][ 62]LogModuleManager: Shutting down and abandoning module CryptoKeys (252)
[2018.07.22-17.51.35:281][ 62]LogModuleManager: Shutting down and abandoning module VisualStudioSourceCodeAccess (250)
[2018.07.22-17.51.35:281][ 62]LogModuleManager: Shutting down and abandoning module HotReload (249)
[2018.07.22-17.51.35:282][ 62]LogModuleManager: Shutting down and abandoning module DirectoryWatcher (248)
[2018.07.22-17.51.35:282][ 62]LogModuleManager: Shutting down and abandoning module VisualStudioCodeSourceCodeAccess (244)
[2018.07.22-17.51.35:282][ 62]LogModuleManager: Shutting down and abandoning module UObjectPlugin (242)
[2018.07.22-17.51.35:282][ 62]LogModuleManager: Shutting down and abandoning module SubversionSourceControl (240)
[2018.07.22-17.51.35:282][ 62]LogModuleManager: Shutting down and abandoning module PerforceSourceControl (238)
[2018.07.22-17.51.35:282][ 62]LogModuleManager: Shutting down and abandoning module SourceControl (237)
[2018.07.22-17.51.35:282][ 62]LogModuleManager: Shutting down and abandoning module CLionSourceCodeAccess (234)
[2018.07.22-17.51.35:282][ 62]LogModuleManager: Shutting down and abandoning module RuntimePhysXCooking (232)
[2018.07.22-17.51.35:282][ 62]LogModuleManager: Shutting down and abandoning module PhysXVehiclesEditor (230)
[2018.07.22-17.51.35:282][ 62]LogModuleManager: Shutting down and abandoning module PhysXVehicles (228)
[2018.07.22-17.51.35:282][ 62]LogModuleManager: Shutting down and abandoning module LocationServicesBPLibrary (226)
[2018.07.22-17.51.35:282][ 62]LogModuleManager: Shutting down and abandoning module ImmediatePhysicsEditor (224)
[2018.07.22-17.51.35:282][ 62]LogModuleManager: Shutting down and abandoning module ImmediatePhysics (222)
[2018.07.22-17.51.35:282][ 62]LogModuleManager: Shutting down and abandoning module ActorSequence (220)
[2018.07.22-17.51.35:282][ 62]LogModuleManager: Shutting down and abandoning module UdpMessaging (218)
[2018.07.22-17.51.35:383][ 62]LogModuleManager: Shutting down and abandoning module TcpMessaging (216)
[2018.07.22-17.51.35:893][ 62]LogModuleManager: Shutting down and abandoning module GameplayTagsEditor (214)
[2018.07.22-17.51.35:894][ 62]LogModuleManager: Shutting down and abandoning module FacialAnimation (212)
[2018.07.22-17.51.35:894][ 62]LogModuleManager: Shutting down and abandoning module DataValidation (210)
[2018.07.22-17.51.35:894][ 62]LogModuleManager: Shutting down and abandoning module AssetManagerEditor (208)
[2018.07.22-17.51.35:894][ 62]LogModuleManager: Shutting down and abandoning module TreeMap (207)
[2018.07.22-17.51.35:894][ 62]LogModuleManager: Shutting down and abandoning module LightPropagationVolumeRuntime (204)
[2018.07.22-17.51.35:894][ 62]LogModuleManager: Shutting down and abandoning module LiveLink (202)
[2018.07.22-17.51.36:589][ 62]LogModuleManager: Shutting down and abandoning module Paper2D (200)
[2018.07.22-17.51.36:589][ 62]LogModuleManager: Shutting down and abandoning module PIEPreviewDeviceProfileSelector (198)
[2018.07.22-17.51.36:589][ 62]LogModuleManager: Shutting down and abandoning module WindowsMoviePlayer (196)
[2018.07.22-17.51.36:589][ 62]LogModuleManager: Shutting down and abandoning module WmfMedia (194)
[2018.07.22-17.51.36:591][ 62]LogModuleManager: Shutting down and abandoning module Media (193)
[2018.07.22-17.51.36:597][ 62]LogModuleManager: Shutting down and abandoning module PacketHandler (190)
[2018.07.22-17.51.36:598][ 62]LogModuleManager: Shutting down and abandoning module ClothingSystemEditor (188)
[2018.07.22-17.51.36:598][ 62]LogModuleManager: Shutting down and abandoning module ClothingSystemRuntime (186)
[2018.07.22-17.51.36:598][ 62]LogModuleManager: Shutting down and abandoning module MediaAssets (184)
[2018.07.22-17.51.36:598][ 62]LogModuleManager: Shutting down and abandoning module Overlay (182)
[2018.07.22-17.51.36:598][ 62]LogModuleManager: Shutting down and abandoning module OverlayEditor (181)
[2018.07.22-17.51.36:598][ 62]LogModuleManager: Shutting down and abandoning module VREditor (178)
[2018.07.22-17.51.36:598][ 62]LogModuleManager: Shutting down and abandoning module StringTableEditor (176)
[2018.07.22-17.51.36:598][ 62]LogModuleManager: Shutting down and abandoning module GameplayTasksEditor (174)
[2018.07.22-17.51.36:598][ 62]LogModuleManager: Shutting down and abandoning module BehaviorTreeEditor (172)
[2018.07.22-17.51.36:598][ 62]LogModuleManager: Shutting down and abandoning module FunctionalTesting (170)
[2018.07.22-17.51.36:598][ 62]LogModuleManager: Shutting down and abandoning module CollisionAnalyzer (168)
[2018.07.22-17.51.36:598][ 62]LogModuleManager: Shutting down and abandoning module WorkspaceMenuStructure (167)
[2018.07.22-17.51.36:598][ 62]LogModuleManager: Shutting down and abandoning module UMG (164)
[2018.07.22-17.51.36:598][ 62]LogModuleManager: Shutting down and abandoning module UMGEditor (163)
[2018.07.22-17.51.36:598][ 62]LogModuleManager: Shutting down and abandoning module Sequencer (162)
[2018.07.22-17.51.36:599][ 62]LogModuleManager: Shutting down and abandoning module MessageLog (159)
[2018.07.22-17.51.36:599][ 62]LogModuleManager: Shutting down and abandoning module SlateReflector (154)
[2018.07.22-17.51.36:599][ 62]LogModuleManager: Shutting down and abandoning module Slate (152)
[2018.07.22-17.51.36:599][ 62]LogModuleManager: Shutting down and abandoning module EditorStyle (150)
[2018.07.22-17.51.36:601][ 62]LogModuleManager: Shutting down and abandoning module MRMesh (148)
[2018.07.22-17.51.36:601][ 62]LogModuleManager: Shutting down and abandoning module Messaging (146)
[2018.07.22-17.51.36:601][ 62]LogModuleManager: Shutting down and abandoning module SourceCodeAccess (144)
[2018.07.22-17.51.36:601][ 62]LogModuleManager: Shutting down and abandoning module HeadMountedDisplay (142)
[2018.07.22-17.51.36:601][ 62]LogModuleManager: Shutting down and abandoning module XAudio2 (140)
[2018.07.22-17.51.36:601][ 62]LogModuleManager: Shutting down and abandoning module Networking (138)
[2018.07.22-17.51.36:601][ 62]LogModuleManager: Shutting down and abandoning module Core (136)
[2018.07.22-17.51.36:601][ 62]LogModuleManager: Shutting down and abandoning module LevelSequence (134)
[2018.07.22-17.51.36:601][ 62]LogModuleManager: Shutting down and abandoning module KismetCompiler (132)
[2018.07.22-17.51.36:601][ 62]LogModuleManager: Shutting down and abandoning module MeshUtilities (130)
[2018.07.22-17.51.36:601][ 62]LogModuleManager: Shutting down and abandoning module MeshMergeUtilities (129)
[2018.07.22-17.51.36:601][ 62]LogModuleManager: Shutting down and abandoning module MeshReductionInterface (128)
[2018.07.22-17.51.36:601][ 62]LogModuleManager: Shutting down and abandoning module SimplygonSwarm (127)
[2018.07.22-17.51.36:601][ 62]LogModuleManager: Shutting down and abandoning module SimplygonMeshReduction (125)
[2018.07.22-17.51.36:601][ 62]LogModuleManager: Shutting down and abandoning module QuadricMeshReduction (123)
[2018.07.22-17.51.36:601][ 62]LogModuleManager: Shutting down and abandoning module MaterialBaking (119)
[2018.07.22-17.51.36:602][ 62]LogModuleManager: Shutting down and abandoning module DerivedDataCache (114)
[2018.07.22-17.51.36:700][ 62]LogDerivedDataCache: Shutdown
[2018.07.22-17.51.36:700][ 62]LogModuleManager: Shutting down and abandoning module XGEController (112)
[2018.07.22-17.51.36:700][ 62]LogModuleManager: Shutting down and abandoning module TargetPlatform (110)
[2018.07.22-17.51.36:700][ 62]LogModuleManager: Shutting down and abandoning module VulkanShaderFormat (109)
[2018.07.22-17.51.36:700][ 62]LogModuleManager: Shutting down and abandoning module ShaderFormatVectorVM (107)
[2018.07.22-17.51.36:700][ 62]LogModuleManager: Shutting down and abandoning module ShaderFormatOpenGL (105)
[2018.07.22-17.51.36:700][ 62]LogModuleManager: Shutting down and abandoning module ShaderFormatD3D (103)
[2018.07.22-17.51.36:700][ 62]LogModuleManager: Shutting down and abandoning module MetalShaderFormat (101)
[2018.07.22-17.51.36:700][ 62]LogModuleManager: Shutting down and abandoning module TextureFormatUncompressed (99)
[2018.07.22-17.51.36:700][ 62]LogModuleManager: Shutting down and abandoning module TextureFormatPVR (97)
[2018.07.22-17.51.36:700][ 62]LogModuleManager: Shutting down and abandoning module TextureFormatDXT (95)
[2018.07.22-17.51.36:700][ 62]LogModuleManager: Shutting down and abandoning module TextureFormatIntelISPCTexComp (93)
[2018.07.22-17.51.36:700][ 62]LogModuleManager: Shutting down and abandoning module TextureFormatASTC (91)
[2018.07.22-17.51.36:700][ 62]LogModuleManager: Shutting down and abandoning module ImageWrapper (90)
[2018.07.22-17.51.36:700][ 62]LogModuleManager: Shutting down and abandoning module TextureFormatAndroid (87)
[2018.07.22-17.51.36:700][ 62]LogModuleManager: Shutting down and abandoning module AudioFormatOpus (85)
[2018.07.22-17.51.36:700][ 62]LogModuleManager: Shutting down and abandoning module AudioFormatOgg (83)
[2018.07.22-17.51.36:701][ 62]LogModuleManager: Shutting down and abandoning module AudioFormatADPCM (81)
[2018.07.22-17.51.36:701][ 62]LogModuleManager: Shutting down and abandoning module WindowsTargetPlatform (79)
[2018.07.22-17.51.36:701][ 62]LogModuleManager: Shutting down and abandoning module WindowsServerTargetPlatform (77)
[2018.07.22-17.51.36:701][ 62]LogModuleManager: Shutting down and abandoning module WindowsNoEditorTargetPlatform (75)
[2018.07.22-17.51.36:701][ 62]LogModuleManager: Shutting down and abandoning module WindowsClientTargetPlatform (73)
[2018.07.22-17.51.36:701][ 62]LogModuleManager: Shutting down and abandoning module InputCore (70)
[2018.07.22-17.51.36:701][ 62]LogModuleManager: Shutting down and abandoning module Settings (68)
[2018.07.22-17.51.36:701][ 62]LogModuleManager: Shutting down and abandoning module PhysXCooking (66)
[2018.07.22-17.51.36:701][ 62]LogModuleManager: Shutting down and abandoning module SteamVR (64)
[2018.07.22-17.51.36:701][ 62]LogModuleManager: Shutting down and abandoning module OculusHMD (62)
[2018.07.22-17.51.36:701][ 62]LogModuleManager: Shutting down and abandoning module ExampleDeviceProfileSelector (60)
[2018.07.22-17.51.36:701][ 62]LogModuleManager: Shutting down and abandoning module AppleARKit (58)
[2018.07.22-17.51.36:701][ 62]LogModuleManager: Shutting down and abandoning module AugmentedReality (57)
[2018.07.22-17.51.36:701][ 62]LogModuleManager: Shutting down and abandoning module OnlineBlueprintSupport (54)
[2018.07.22-17.51.36:701][ 62]LogModuleManager: Shutting down and abandoning module OnlineSubsystem (50)
[2018.07.22-17.51.36:701][ 62]LogOnline: Display: OSS: FOnlineSubsystemNull::Shutdown()
[2018.07.22-17.51.36:701][ 62]LogOnline: Display: OSS: FOnlineAsyncTaskManager::Stop() ActiveTask:0000000000000000 Tasks[0/0]
[2018.07.22-17.51.36:702][ 62]LogOnline: Display: OSS: FOnlineAsyncTaskManager::Exit() started
[2018.07.22-17.51.36:702][ 62]LogOnline: Display: OSS: FOnlineAsyncTaskManager::Exit() finished
[2018.07.22-17.51.36:702][ 62]LogModuleManager: Shutting down and abandoning module XMPP (43)
[2018.07.22-17.51.36:702][ 62]LogModuleManager: Shutting down and abandoning module HTTP (41)
[2018.07.22-17.51.36:715][ 62]LogModuleManager: Shutting down and abandoning module SSL (40)
[2018.07.22-17.51.36:718][ 62]LogModuleManager: Shutting down and abandoning module AnimationModifiers (36)
[2018.07.22-17.51.36:718][ 62]LogModuleManager: Shutting down and abandoning module PropertyEditor (35)
[2018.07.22-17.51.36:718][ 62]LogModuleManager: Shutting down and abandoning module AudioEditor (32)
[2018.07.22-17.51.36:718][ 62]LogModuleManager: Shutting down and abandoning module TextureCompressor (30)
[2018.07.22-17.51.36:719][ 62]LogModuleManager: Shutting down and abandoning module ShaderCore (28)
[2018.07.22-17.51.36:719][ 62]LogModuleManager: Shutting down and abandoning module Landscape (26)
[2018.07.22-17.51.36:719][ 62]LogModuleManager: Shutting down and abandoning module SlateRHIRenderer (24)
[2018.07.22-17.51.36:719][ 62]LogModuleManager: Shutting down and abandoning module OpenGLDrv (22)
[2018.07.22-17.51.36:720][ 62]LogModuleManager: Shutting down and abandoning module D3D11RHI (20)
[2018.07.22-17.51.36:720][ 62]LogModuleManager: Shutting down and abandoning module AnimGraphRuntime (18)
[2018.07.22-17.51.36:720][ 62]LogModuleManager: Shutting down and abandoning module Renderer (16)
[2018.07.22-17.51.36:720][ 62]LogModuleManager: Shutting down and abandoning module Engine (14)
[2018.07.22-17.51.36:720][ 62]LogModuleManager: Shutting down and abandoning module CoreUObject (12)
[2018.07.22-17.51.36:720][ 62]LogModuleManager: Shutting down and abandoning module NetworkFile (10)
[2018.07.22-17.51.36:720][ 62]LogModuleManager: Shutting down and abandoning module CookedIterativeFile (8)
[2018.07.22-17.51.36:720][ 62]LogModuleManager: Shutting down and abandoning module StreamingFile (6)
[2018.07.22-17.51.36:720][ 62]LogModuleManager: Shutting down and abandoning module SandboxFile (4)
[2018.07.22-17.51.36:720][ 62]LogModuleManager: Shutting down and abandoning module PakFile (2)
[2018.07.22-17.51.36:724][ 62]LogExit: Exiting.
[2018.07.22-17.51.36:728][ 62]Log file closed, 07/22/18 18:51:36
