Log file open, 07/26/18 21:26:43
LogWindows: Failed to load 'aqProf.dll' (GetLastError=126)
LogWindows: File 'aqProf.dll' does not exist
LogWindows: Failed to load 'VtuneApi.dll' (GetLastError=126)
LogWindows: File 'VtuneApi.dll' does not exist
LogWindows: Failed to load 'VtuneApi32e.dll' (GetLastError=126)
LogWindows: File 'VtuneApi32e.dll' does not exist
LogInit: Display: Running engine for game: FPBG
LogPlatformFile: Not using cached read wrapper
LogInit: Display: RandInit(-1162015814) SRandInit(-1162015814).
LogInit: Read version file with build ID '3944462'
LogInit: Overriding engine version to CL 4033788, compatible CL 3944462
LogInit: Registered custom module enumerator with build ID '3944462'
LogTaskGraph: Started task graph with 5 named threads and 14 total threads with 3 sets of task threads.
LogStats: Stats thread started at 0.355922
LogD3D11RHI: Aftermath initialized
LogICUInternationalization: Display: ICU TimeZone Detection - Raw Offset: +0:00, Platform Override: ''
LogModuleManager: Display: Found up-to-date module file ../../../Engine/Plugins/Online/OnlineSubsystemSteam/Binaries/Win64/UE4Editor-OnlineSubsystemSteam.dll (API version 3944462).
LogModuleManager: Display: Found up-to-date module file ../../../Engine/Plugins/Online/OnlineSubsystem/Binaries/Win64/UE4Editor-OnlineSubsystem.dll (API version 3944462).
LogModuleManager: Display: Found up-to-date module file ../../../Engine/Plugins/Online/OnlineSubsystemUtils/Binaries/Win64/UE4Editor-OnlineSubsystemUtils.dll (API version 3944462).
LogModuleManager: Display: Found up-to-date module file ../../../Engine/Plugins/Online/OnlineSubsystemUtils/Binaries/Win64/UE4Editor-OnlineBlueprintSupport.dll (API version 3944462).
LogModuleManager: Display: Found up-to-date module file ../../../Engine/Plugins/2D/Paper2D/Binaries/Win64/UE4Editor-Paper2D.dll (API version 3944462).
LogModuleManager: Display: Found up-to-date module file ../../../Engine/Plugins/2D/Paper2D/Binaries/Win64/UE4Editor-Paper2DEditor.dll (API version 3944462).
LogModuleManager: Display: Found up-to-date module file ../../../Engine/Plugins/2D/Paper2D/Binaries/Win64/UE4Editor-PaperSpriteSheetImporter.dll (API version 3944462).
LogModuleManager: Display: Found up-to-date module file ../../../Engine/Plugins/2D/Paper2D/Binaries/Win64/UE4Editor-PaperTiledImporter.dll (API version 3944462).
LogModuleManager: Display: Found up-to-date module file ../../../Engine/Plugins/2D/Paper2D/Binaries/Win64/UE4Editor-SmartSnapping.dll (API version 3944462).
LogModuleManager: Display: Found up-to-date module file ../../../Engine/Plugins/Blendables/LightPropagationVolume/Binaries/Win64/UE4Editor-LightPropagationVolumeRuntime.dll (API version 3944462).
LogModuleManager: Display: Found up-to-date module file ../../../Engine/Plugins/Blendables/LightPropagationVolume/Binaries/Win64/UE4Editor-LightPropagationVolumeEditor.dll (API version 3944462).
LogModuleManager: Display: Found up-to-date module file ../../../Engine/Plugins/Developer/CLionSourceCodeAccess/Binaries/Win64/UE4Editor-CLionSourceCodeAccess.dll (API version 3944462).
LogModuleManager: Display: Found up-to-date module file ../../../Engine/Plugins/Developer/GitSourceControl/Binaries/Win64/UE4Editor-GitSourceControl.dll (API version 3944462).
LogModuleManager: Display: Found up-to-date module file ../../../Engine/Plugins/Developer/PerforceSourceControl/Binaries/Win64/UE4Editor-PerforceSourceControl.dll (API version 3944462).
LogModuleManager: Display: Found up-to-date module file ../../../Engine/Plugins/Developer/SubversionSourceControl/Binaries/Win64/UE4Editor-SubversionSourceControl.dll (API version 3944462).
LogModuleManager: Display: Found up-to-date module file ../../../Engine/Plugins/Developer/UObjectPlugin/Binaries/Win64/UE4Editor-UObjectPlugin.dll (API version 3944462).
LogModuleManager: Display: Found up-to-date module file ../../../Engine/Plugins/Developer/VisualStudioCodeSourceCodeAccess/Binaries/Win64/UE4Editor-VisualStudioCodeSourceCodeAccess.dll (API version 3944462).
LogModuleManager: Display: Found up-to-date module file ../../../Engine/Plugins/Developer/VisualStudioSourceCodeAccess/Binaries/Win64/UE4Editor-VisualStudioSourceCodeAccess.dll (API version 3944462).
LogModuleManager: Display: Found up-to-date module file ../../../Engine/Plugins/Editor/AssetManagerEditor/Binaries/Win64/UE4Editor-AssetManagerEditor.dll (API version 3944462).
LogModuleManager: Display: Found up-to-date module file ../../../Engine/Plugins/Editor/CryptoKeys/Binaries/Win64/UE4Editor-CryptoKeys.dll (API version 3944462).
LogModuleManager: Display: Found up-to-date module file ../../../Engine/Plugins/Editor/CryptoKeys/Binaries/Win64/UE4Editor-CryptoKeysOpenSSL.dll (API version 3944462).
LogModuleManager: Display: Found up-to-date module file ../../../Engine/Plugins/Editor/DataValidation/Binaries/Win64/UE4Editor-DataValidation.dll (API version 3944462).
LogModuleManager: Display: Found up-to-date module file ../../../Engine/Plugins/Editor/FacialAnimation/Binaries/Win64/UE4Editor-FacialAnimation.dll (API version 3944462).
LogModuleManager: Display: Found up-to-date module file ../../../Engine/Plugins/Editor/FacialAnimation/Binaries/Win64/UE4Editor-FacialAnimationEditor.dll (API version 3944462).
LogModuleManager: Display: Found up-to-date module file ../../../Engine/Plugins/Editor/GameplayTagsEditor/Binaries/Win64/UE4Editor-GameplayTagsEditor.dll (API version 3944462).
LogModuleManager: Display: Found up-to-date module file ../../../Engine/Plugins/Editor/MobileLauncherProfileWizard/Binaries/Win64/UE4Editor-MobileLauncherProfileWizard.dll (API version 3944462).
LogModuleManager: Display: Found up-to-date module file ../../../Engine/Plugins/Editor/PluginBrowser/Binaries/Win64/UE4Editor-PluginBrowser.dll (API version 3944462).
LogModuleManager: Display: Found up-to-date module file ../../../Engine/Plugins/Editor/SpeedTreeImporter/Binaries/Win64/UE4Editor-SpeedTreeImporter.dll (API version 3944462).
LogModuleManager: Display: Found up-to-date module file ../../../Engine/Plugins/Enterprise/DatasmithContent/Binaries/Win64/UE4Editor-DatasmithContent.dll (API version 3944462).
LogModuleManager: Display: Found up-to-date module file ../../../Engine/Plugins/Experimental/AlembicImporter/Binaries/Win64/UE4Editor-AlembicImporter.dll (API version 3944462).
LogModuleManager: Display: Found up-to-date module file ../../../Engine/Plugins/Experimental/AlembicImporter/Binaries/Win64/UE4Editor-AlembicLibrary.dll (API version 3944462).
LogModuleManager: Display: Found up-to-date module file ../../../Engine/Plugins/Experimental/CharacterAI/Binaries/Win64/UE4Editor-CharacterAI.dll (API version 3944462).
LogModuleManager: Display: Found up-to-date module file ../../../Engine/Plugins/Experimental/HTML5Networking/Binaries/Win64/UE4Editor-HTML5Networking.dll (API version 3944462).
LogModuleManager: Display: Found up-to-date module file ../../../Engine/Plugins/Media/AndroidMedia/Binaries/Win64/UE4Editor-AndroidMediaEditor.dll (API version 3944462).
LogModuleManager: Display: Found up-to-date module file ../../../Engine/Plugins/Media/AndroidMedia/Binaries/Win64/UE4Editor-AndroidMediaFactory.dll (API version 3944462).
LogModuleManager: Display: Found up-to-date module file ../../../Engine/Plugins/Media/AvfMedia/Binaries/Win64/UE4Editor-AvfMediaEditor.dll (API version 3944462).
LogModuleManager: Display: Found up-to-date module file ../../../Engine/Plugins/Media/AvfMedia/Binaries/Win64/UE4Editor-AvfMediaFactory.dll (API version 3944462).
LogModuleManager: Display: Found up-to-date module file ../../../Engine/Plugins/Media/AvfMedia/Binaries/Win64/UE4Editor-AvfMediaFactory.dll (API version 3944462).
LogModuleManager: Display: Found up-to-date module file ../../../Engine/Plugins/Media/ImgMedia/Binaries/Win64/UE4Editor-ImgMedia.dll (API version 3944462).
LogModuleManager: Display: Found up-to-date module file ../../../Engine/Plugins/Media/ImgMedia/Binaries/Win64/UE4Editor-ImgMediaEditor.dll (API version 3944462).
LogModuleManager: Display: Found up-to-date module file ../../../Engine/Plugins/Media/ImgMedia/Binaries/Win64/UE4Editor-ImgMediaFactory.dll (API version 3944462).
LogModuleManager: Display: Found up-to-date module file ../../../Engine/Plugins/Media/ImgMedia/Binaries/Win64/UE4Editor-ImgMediaFactory.dll (API version 3944462).
LogModuleManager: Display: Found up-to-date module file ../../../Engine/Plugins/Media/ImgMedia/Binaries/Win64/UE4Editor-OpenExrWrapper.dll (API version 3944462).
LogModuleManager: Display: Found up-to-date module file ../../../Engine/Plugins/Media/LinearTimecode/Binaries/Win64/UE4Editor-LinearTimecode.dll (API version 3944462).
LogModuleManager: Display: Found up-to-date module file ../../../Engine/Plugins/Media/MediaCompositing/Binaries/Win64/UE4Editor-MediaCompositing.dll (API version 3944462).
LogModuleManager: Display: Found up-to-date module file ../../../Engine/Plugins/Media/MediaCompositing/Binaries/Win64/UE4Editor-MediaCompositingEditor.dll (API version 3944462).
LogModuleManager: Display: Found up-to-date module file ../../../Engine/Plugins/Media/MediaPlayerEditor/Binaries/Win64/UE4Editor-MediaPlayerEditor.dll (API version 3944462).
LogModuleManager: Display: Found up-to-date module file ../../../Engine/Plugins/Media/WmfMedia/Binaries/Win64/UE4Editor-WmfMedia.dll (API version 3944462).
LogModuleManager: Display: Found up-to-date module file ../../../Engine/Plugins/Media/WmfMedia/Binaries/Win64/UE4Editor-WmfMediaEditor.dll (API version 3944462).
LogModuleManager: Display: Found up-to-date module file ../../../Engine/Plugins/Media/WmfMedia/Binaries/Win64/UE4Editor-WmfMediaFactory.dll (API version 3944462).
LogModuleManager: Display: Found up-to-date module file ../../../Engine/Plugins/Media/WmfMedia/Binaries/Win64/UE4Editor-WmfMediaFactory.dll (API version 3944462).
LogModuleManager: Display: Found up-to-date module file ../../../Engine/Plugins/Messaging/TcpMessaging/Binaries/Win64/UE4Editor-TcpMessaging.dll (API version 3944462).
LogModuleManager: Display: Found up-to-date module file ../../../Engine/Plugins/Messaging/UdpMessaging/Binaries/Win64/UE4Editor-UdpMessaging.dll (API version 3944462).
LogModuleManager: Display: Found up-to-date module file ../../../Engine/Plugins/MovieScene/ActorSequence/Binaries/Win64/UE4Editor-ActorSequence.dll (API version 3944462).
LogModuleManager: Display: Found up-to-date module file ../../../Engine/Plugins/MovieScene/LevelSequenceEditor/Binaries/Win64/UE4Editor-LevelSequenceEditor.dll (API version 3944462).
LogModuleManager: Display: Found up-to-date module file ../../../Engine/Plugins/MovieScene/MatineeToLevelSequence/Binaries/Win64/UE4Editor-MatineeToLevelSequence.dll (API version 3944462).
LogModuleManager: Display: Found up-to-date module file ../../../Engine/Plugins/NetcodeUnitTest/NetcodeUnitTest/Binaries/Win64/UE4Editor-NetcodeUnitTest.dll (API version 3944462).
LogModuleManager: Display: Found up-to-date module file ../../../Engine/Plugins/NetcodeUnitTest/NUTUnrealEngine4/Binaries/Win64/UE4Editor-NUTUnrealEngine4.dll (API version 3944462).
LogModuleManager: Display: Found up-to-date module file ../../../Engine/Plugins/Runtime/AndroidPermission/Binaries/Win64/UE4Editor-AndroidPermission.dll (API version 3944462).
LogModuleManager: Display: Found up-to-date module file ../../../Engine/Plugins/Online/OnlineSubsystemNull/Binaries/Win64/UE4Editor-OnlineSubsystemNull.dll (API version 3944462).
LogModuleManager: Display: Found up-to-date module file ../../../Engine/Plugins/Runtime/AndroidDeviceProfileSelector/Binaries/Win64/UE4Editor-AndroidDeviceProfileSelector.dll (API version 3944462).
LogModuleManager: Display: Found up-to-date module file ../../../Engine/Plugins/Runtime/AppleARKit/Binaries/Win64/UE4Editor-AppleARKit.dll (API version 3944462).
LogModuleManager: Display: Found up-to-date module file ../../../Engine/Plugins/Runtime/ProceduralMeshComponent/Binaries/Win64/UE4Editor-ProceduralMeshComponent.dll (API version 3944462).
LogModuleManager: Display: Found up-to-date module file ../../../Engine/Plugins/Runtime/ProceduralMeshComponent/Binaries/Win64/UE4Editor-ProceduralMeshComponentEditor.dll (API version 3944462).
LogModuleManager: Display: Found up-to-date module file ../../../Engine/Plugins/Animation/LiveLink/Binaries/Win64/UE4Editor-LiveLink.dll (API version 3944462).
LogModuleManager: Display: Found up-to-date module file ../../../Engine/Plugins/Animation/LiveLink/Binaries/Win64/UE4Editor-LiveLinkEditor.dll (API version 3944462).
LogModuleManager: Display: Found up-to-date module file ../../../Engine/Plugins/Runtime/ArchVisCharacter/Binaries/Win64/UE4Editor-ArchVisCharacter.dll (API version 3944462).
LogModuleManager: Display: Found up-to-date module file ../../../Engine/Plugins/Runtime/AudioCapture/Binaries/Win64/UE4Editor-AudioCapture.dll (API version 3944462).
LogModuleManager: Display: Found up-to-date module file ../../../Engine/Plugins/Runtime/AudioCapture/Binaries/Win64/UE4Editor-AudioCaptureEditor.dll (API version 3944462).
LogModuleManager: Display: Found up-to-date module file ../../../Engine/Plugins/Runtime/CableComponent/Binaries/Win64/UE4Editor-CableComponent.dll (API version 3944462).
LogModuleManager: Display: Found up-to-date module file ../../../Engine/Plugins/Runtime/CustomMeshComponent/Binaries/Win64/UE4Editor-CustomMeshComponent.dll (API version 3944462).
LogModuleManager: Display: Found up-to-date module file ../../../Engine/Plugins/Runtime/ExampleDeviceProfileSelector/Binaries/Win64/UE4Editor-ExampleDeviceProfileSelector.dll (API version 3944462).
LogModuleManager: Display: Found up-to-date module file ../../../Engine/Plugins/Runtime/ImmediatePhysics/Binaries/Win64/UE4Editor-ImmediatePhysics.dll (API version 3944462).
LogModuleManager: Display: Found up-to-date module file ../../../Engine/Plugins/Runtime/ImmediatePhysics/Binaries/Win64/UE4Editor-ImmediatePhysicsEditor.dll (API version 3944462).
LogModuleManager: Display: Found up-to-date module file ../../../Engine/Plugins/Runtime/LocationServicesBPLibrary/Binaries/Win64/UE4Editor-LocationServicesBPLibrary.dll (API version 3944462).
LogModuleManager: Display: Found up-to-date module file ../../../Engine/Plugins/Runtime/MobilePatchingUtils/Binaries/Win64/UE4Editor-MobilePatchingUtils.dll (API version 3944462).
LogModuleManager: Display: Found up-to-date module file ../../../Engine/Plugins/Runtime/Oculus/OculusVR/Binaries/Win64/UE4Editor-OculusHMD.dll (API version 3944462).
LogModuleManager: Display: Found up-to-date module file ../../../Engine/Plugins/Runtime/Oculus/OculusVR/Binaries/Win64/UE4Editor-OculusInput.dll (API version 3944462).
LogModuleManager: Display: Found up-to-date module file ../../../Engine/Plugins/Runtime/Oculus/OculusVR/Binaries/Win64/UE4Editor-OculusEditor.dll (API version 3944462).
LogModuleManager: Display: Found up-to-date module file ../../../Engine/Plugins/Runtime/PhysXVehicles/Binaries/Win64/UE4Editor-PhysXVehicles.dll (API version 3944462).
LogModuleManager: Display: Found up-to-date module file ../../../Engine/Plugins/Runtime/PhysXVehicles/Binaries/Win64/UE4Editor-PhysXVehiclesEditor.dll (API version 3944462).
LogModuleManager: Display: Found up-to-date module file ../../../Engine/Plugins/Runtime/RuntimePhysXCooking/Binaries/Win64/UE4Editor-RuntimePhysXCooking.dll (API version 3944462).
LogModuleManager: Display: Found up-to-date module file ../../../Engine/Plugins/Runtime/Steam/SteamVR/Binaries/Win64/UE4Editor-SteamVR.dll (API version 3944462).
LogModuleManager: Display: Found up-to-date module file ../../../Engine/Plugins/Runtime/Steam/SteamVR/Binaries/Win64/UE4Editor-SteamVRController.dll (API version 3944462).
LogModuleManager: Display: Found up-to-date module file ../../../Engine/Plugins/Runtime/WindowsMoviePlayer/Binaries/Win64/UE4Editor-WindowsMoviePlayer.dll (API version 3944462).
LogPluginManager: Mounting plugin Paper2D
LogPluginManager: Mounting plugin LiveLink
LogPluginManager: Mounting plugin LightPropagationVolume
LogPluginManager: Mounting plugin CLionSourceCodeAccess
LogPluginManager: Mounting plugin CodeLiteSourceCodeAccess
LogPluginManager: Mounting plugin GitSourceControl
LogPluginManager: Mounting plugin KDevelopSourceCodeAccess
LogPluginManager: Mounting plugin NullSourceCodeAccess
LogPluginManager: Mounting plugin PerforceSourceControl
LogPluginManager: Mounting plugin SubversionSourceControl
LogPluginManager: Mounting plugin UObjectPlugin
LogPluginManager: Mounting plugin VisualStudioCodeSourceCodeAccess
LogPluginManager: Mounting plugin VisualStudioSourceCodeAccess
LogPluginManager: Mounting plugin XCodeSourceCodeAccess
LogPluginManager: Mounting plugin AssetManagerEditor
LogPluginManager: Mounting plugin CryptoKeys
LogPluginManager: Mounting plugin DataValidation
LogPluginManager: Mounting plugin FacialAnimation
LogPluginManager: Mounting plugin GameplayTagsEditor
LogPluginManager: Mounting plugin MobileLauncherProfileWizard
LogPluginManager: Mounting plugin PluginBrowser
LogPluginManager: Mounting plugin SpeedTreeImporter
LogPluginManager: Mounting plugin DatasmithContent
LogPluginManager: Mounting plugin AlembicImporter
LogPluginManager: Mounting plugin CharacterAI
LogPluginManager: Mounting plugin HTML5Networking
LogPluginManager: Mounting plugin AndroidMedia
LogPluginManager: Mounting plugin AvfMedia
LogPluginManager: Mounting plugin ImgMedia
LogPluginManager: Mounting plugin LinearTimecode
LogPluginManager: Mounting plugin MediaCompositing
LogPluginManager: Mounting plugin MediaPlayerEditor
LogPluginManager: Mounting plugin WmfMedia
LogPluginManager: Mounting plugin TcpMessaging
LogPluginManager: Mounting plugin UdpMessaging
LogPluginManager: Mounting plugin ActorSequence
LogPluginManager: Mounting plugin LevelSequenceEditor
LogPluginManager: Mounting plugin MatineeToLevelSequence
LogPluginManager: Mounting plugin NetcodeUnitTest
LogPluginManager: Mounting plugin NUTUnrealEngine4
LogPluginManager: Mounting plugin OnlineSubsystemGooglePlay
LogPluginManager: Mounting plugin OnlineSubsystemIOS
LogPluginManager: Mounting plugin OnlineSubsystem
LogPluginManager: Mounting plugin OnlineSubsystemNull
LogPluginManager: Mounting plugin OnlineSubsystemSteam
LogPluginManager: Mounting plugin OnlineSubsystemUtils
LogPluginManager: Mounting plugin AndroidDeviceProfileSelector
LogPluginManager: Mounting plugin AndroidMoviePlayer
LogPluginManager: Mounting plugin AndroidPermission
LogPluginManager: Mounting plugin AppleARKit
LogPluginManager: Mounting plugin AppleMoviePlayer
LogPluginManager: Mounting plugin ArchVisCharacter
LogPluginManager: Mounting plugin AudioCapture
LogPluginManager: Mounting plugin CableComponent
LogPluginManager: Mounting plugin CustomMeshComponent
LogPluginManager: Mounting plugin ExampleDeviceProfileSelector
LogPluginManager: Mounting plugin GoogleCloudMessaging
LogPluginManager: Mounting plugin ImmediatePhysics
LogPluginManager: Mounting plugin IOSDeviceProfileSelector
LogPluginManager: Mounting plugin LinuxDeviceProfileSelector
LogPluginManager: Mounting plugin LocationServicesBPLibrary
LogPluginManager: Mounting plugin MobilePatchingUtils
LogPluginManager: Mounting plugin OculusVR
LogPluginManager: Plugin shader directory ../../../Engine/Plugins/Runtime/Oculus/OculusVR/Shaders found
LogPluginManager: Mapping shader source directory ../../../Engine/Plugins/Runtime/Oculus/OculusVR/Shaders to virtual directory /Plugin/OculusVR
LogPluginManager: Mounting plugin PhysXVehicles
LogPluginManager: Mounting plugin ProceduralMeshComponent
LogPluginManager: Mounting plugin RuntimePhysXCooking
LogPluginManager: Mounting plugin SteamVR
LogPluginManager: Mounting plugin WindowsMoviePlayer
LogStreaming: Display: Took  3.642s to configure plugins.
LogInit: Using libcurl 7.47.1
LogInit:  - built for x86_64-pc-win32
LogInit:  - supports SSL with OpenSSL/1.0.2g
LogInit:  - supports HTTP deflate (compression) using libz 1.2.8
LogInit:  - other features:
LogInit:      CURL_VERSION_SSL
LogInit:      CURL_VERSION_LIBZ
LogInit:      CURL_VERSION_IPV6
LogInit:      CURL_VERSION_ASYNCHDNS
LogInit:      CURL_VERSION_LARGEFILE
LogInit:      CURL_VERSION_IDN
LogInit:  CurlRequestOptions (configurable via config and command line):
LogInit:  - bVerifyPeer = false  - Libcurl will NOT verify peer certificate
LogInit:  - bUseHttpProxy = false  - Libcurl will NOT use HTTP proxy
LogInit:  - bDontReuseConnections = false  - Libcurl will reuse connections
LogInit:  - CertBundlePath = nullptr  - Libcurl will use whatever was configured at build time.
LogInit:  - MaxHostConnections = 16  - Libcurl will limit the number of connections to a host
LogInit:  - LocalHostAddr = Default
LogOnline: Display: STEAM: Loading Steam SDK 1.39
LogOnline: Warning: STEAM: Steam API disabled!
LogOnline: Display: STEAM: OnlineSubsystemSteam::Shutdown()
LogInit: WinSock: version 1.1 (2.2), MaxSocks=32767, MaxUdp=65467
LogInit: WinSock: I am Q6600 (192.168.1.42:0)
LogInit: Build: ++UE4+Release-4.19-CL-4033788
LogInit: Engine Version: 4.19.2-4033788+++UE4+Release-4.19
LogInit: Compatible Engine Version: 4.19.0-3944462+++UE4+Release-4.19
LogInit: Net CL: 3944462
LogDevObjectVersion: Number of dev versions registered: 18
LogDevObjectVersion:   Dev-Blueprints (B0D832E4-1F89-4F0D-ACCF-7EB736FD4AA2): 10
LogDevObjectVersion:   Dev-Build (E1C64328-A22C-4D53-A36C-8E866417BD8C): 0
LogDevObjectVersion:   Dev-Core (375EC13C-06E4-48FB-B500-84F0262A717E): 2
LogDevObjectVersion:   Dev-Editor (E4B068ED-F494-42E9-A231-DA0B2E46BB41): 23
LogDevObjectVersion:   Dev-Framework (CFFC743F-43B0-4480-9391-14DF171D2073): 33
LogDevObjectVersion:   Dev-Mobile (B02B49B5-BB20-44E9-A304-32B752E40360): 2
LogDevObjectVersion:   Dev-Networking (A4E4105C-59A1-49B5-A7C5-40C4547EDFEE): 0
LogDevObjectVersion:   Dev-Online (39C831C9-5AE6-47DC-9A44-9C173E1C8E7C): 0
LogDevObjectVersion:   Dev-Physics (78F01B33-EBEA-4F98-B9B4-84EACCB95AA2): 0
LogDevObjectVersion:   Dev-Platform (6631380F-2D4D-43E0-8009-CF276956A95A): 0
LogDevObjectVersion:   Dev-Rendering (12F88B9F-8875-4AFC-A67C-D90C383ABD29): 25
LogDevObjectVersion:   Dev-Sequencer (7B5AE74C-D270-4C10-A958-57980B212A5A): 6
LogDevObjectVersion:   Dev-VR (D7296918-1DD6-4BDD-9DE2-64A83CC13884): 1
LogDevObjectVersion:   Dev-LoadTimes (C2A15278-BFE7-4AFE-6C17-90FF531DF755): 1
LogDevObjectVersion:   Private-Geometry (6EACA3D4-40EC-4CC1-B786-8BED09428FC5): 2
LogDevObjectVersion:   Dev-AnimPhys (29E575DD-E0A3-4627-9D10-D276232CDCEA): 16
LogDevObjectVersion:   Dev-ReflectionCapture (6B266CEC-1EC7-4B8F-A30B-E4D90942FC07): 1
LogDevObjectVersion:   Dev-Automation (0DF73D61-A23F-47EA-B727-89E90C41499A): 1
LogInit: Compiled (64-bit): Apr 27 2018 02:06:57
LogInit: Compiled with Visual C++: 19.00.24215.01
LogInit: Build Configuration: Development
LogInit: Branch Name: ++UE4+Release-4.19
LogInit: Command Line:  127.0.0.1:17777 -game -PIEVIACONSOLE -ResX=640 -ResY=480  -Multiprocess -messaging -SessionName="Play in Standalone Game" -windowed GameUserSettingsINI="F:/Juegos/UE_Projects/FPBG/Saved/Config/Windows/PIEGameUserSettings1.ini" -MultiprocessSaveConfig  -MultiprocessOSS WinX=664 WinY=550 SAVEWINPOS=1
LogInit: Base Directory: F:/Juegos/UE_4.19/Engine/Binaries/Win64/
LogInit: Installed Engine Build: 1
LogStreaming: Display: Took  0.008s to delete old logs.
LogInit: Presizing for max 8388607 objects, including 0 objects not considered by GC, pre-allocating 0 bytes for permanent pool.
LogInit: Object subsystem initialized
[2018.07.26-20.26.48:576][  0]LogInit: Selected Device Profile: [Windows]
[2018.07.26-20.26.48:576][  0]LogInit: Applying CVar settings loaded from the selected device profile: [Windows]
[2018.07.26-20.26.48:587][  0]LogInit: Computer: Q6600
[2018.07.26-20.26.48:587][  0]LogInit: User: bitt3rman
[2018.07.26-20.26.48:587][  0]LogInit: CPU Page size=4096, Cores=4
[2018.07.26-20.26.48:587][  0]LogInit: High frequency timer resolution =2.343833 MHz
[2018.07.26-20.26.48:588][  0]LogMemory: Memory total: Physical=8.0GB (8GB approx)
[2018.07.26-20.26.48:588][  0]LogMemory: Platform Memory Stats for Windows
[2018.07.26-20.26.48:588][  0]LogMemory: Process Physical Memory: 274.82 MB used, 274.82 MB peak
[2018.07.26-20.26.48:588][  0]LogMemory: Process Virtual Memory: 270.20 MB used, 270.20 MB peak
[2018.07.26-20.26.48:588][  0]LogMemory: Physical Memory: 5233.70 MB used,  2956.79 MB free, 8190.49 MB total
[2018.07.26-20.26.48:588][  0]LogMemory: Virtual Memory: 4776.43 MB used,  2956.79 MB free, 134217728.00 MB total
[2018.07.26-20.26.48:638][  0]LogInit: Using OS detected language (es-ES).
[2018.07.26-20.26.48:638][  0]LogInit: Using OS detected locale (es-ES).
[2018.07.26-20.26.48:639][  0]LogTextLocalizationManager: No localization for 'es-ES' exists, so 'en' will be used for the language.
[2018.07.26-20.26.48:639][  0]LogTextLocalizationManager: No localization for 'es-ES' exists, so 'en' will be used for the locale.
[2018.07.26-20.26.49:806][  0]LogStreaming: Display: Took  1.168s to EndInitTextLocalization.
[2018.07.26-20.26.49:864][  0]LogSlate: New Slate User Created.  User Index 0, Is Virtual User: 0
[2018.07.26-20.26.49:864][  0]LogSlate: Slate User Registered.  User Index 0, Is Virtual User: 0
[2018.07.26-20.26.49:920][  0]LogD3D11RHI: D3D11 adapters:
[2018.07.26-20.26.50:046][  0]LogD3D11RHI:    0. 'NVIDIA GeForce GT 730' (Feature Level 11_0)
[2018.07.26-20.26.50:046][  0]LogD3D11RHI:       2018/0/4095 MB DedicatedVideo/DedicatedSystem/SharedSystem, Outputs:1, VendorId:0x10de
[2018.07.26-20.26.50:054][  0]LogD3D11RHI:    1. 'Microsoft Basic Render Driver' (Feature Level 11_0)
[2018.07.26-20.26.50:054][  0]LogD3D11RHI:       0/0/4095 MB DedicatedVideo/DedicatedSystem/SharedSystem, Outputs:0, VendorId:0x1414
[2018.07.26-20.26.50:054][  0]LogD3D11RHI: Chosen D3D11 Adapter: 0
[2018.07.26-20.26.50:075][  0]LogD3D11RHI: Creating new Direct3DDevice
[2018.07.26-20.26.50:076][  0]LogD3D11RHI:     GPU DeviceId: 0x1287 (for the marketing name, search the web for "GPU Device Id")
[2018.07.26-20.26.50:076][  0]LogWindows: EnumDisplayDevices:
[2018.07.26-20.26.50:076][  0]LogWindows:    0. 'NVIDIA GeForce GT 730' (P:1 D:1)
[2018.07.26-20.26.50:077][  0]LogWindows:    1. 'NVIDIA GeForce GT 730' (P:0 D:0)
[2018.07.26-20.26.50:077][  0]LogWindows:    2. 'NVIDIA GeForce GT 730' (P:0 D:0)
[2018.07.26-20.26.50:077][  0]LogWindows: DebugString: GetVideoDriverDetailsInvalid PrimaryIsNotTheChoosenAdapter GetVideoDriverDetailsInvalid PrimaryIsNotTheChoosenAdapter GetVideoDriverDetailsInvalid PrimaryIsNotTheChoosenAdapter FoundDriverCount:0 
[2018.07.26-20.26.50:077][  0]LogD3D11RHI:     Adapter Name: NVIDIA GeForce GT 730
[2018.07.26-20.26.50:077][  0]LogD3D11RHI:   Driver Version: Unknown (internal:Unknown, unified:Unknown)
[2018.07.26-20.26.50:077][  0]LogD3D11RHI:      Driver Date: Unknown
[2018.07.26-20.26.50:077][  0]LogRHI: Texture pool is 1413 MB (70% of 2018 MB)
[2018.07.26-20.26.50:150][  0]LogD3D11RHI: [Aftermath] Aftermath enabled but failed to initialize
[2018.07.26-20.26.50:150][  0]LogD3D11RHI: [Aftermath] Aftermath enabled and primed
[2018.07.26-20.26.50:150][  0]LogD3D11RHI: Async texture creation enabled
[2018.07.26-20.26.50:172][  0]LogD3D11RHI: GPU Timing Frequency: 1000.000000 (Debug: 2 1)
[2018.07.26-20.26.50:177][  0]LogShaderCompilers: Guid format shader working directory is 22 characters bigger than the processId version (../../../../UE_Projects/FPBG/Intermediate/Shaders/WorkingDirectory/9496/).
[2018.07.26-20.26.50:177][  0]LogShaderCompilers: Cleaned the shader compiler working directory 'C:/Users/bitt3rman/AppData/Local/Temp/UnrealShaderWorkingDir/72B6C3954ACE1FCFED7F04A53A0760FB/'.
[2018.07.26-20.26.51:639][  0]LogTemp: Display: Loaded TP WindowsClientTargetPlatform
[2018.07.26-20.26.51:680][  0]LogTemp: Display: Loaded TP WindowsNoEditorTargetPlatform
[2018.07.26-20.26.51:725][  0]LogTemp: Display: Loaded TP WindowsServerTargetPlatform
[2018.07.26-20.26.51:768][  0]LogTemp: Display: Loaded TP WindowsTargetPlatform
[2018.07.26-20.26.51:768][  0]LogTargetPlatformManager: Display: Building Assets For Windows
[2018.07.26-20.26.52:133][  0]LogXGEController: Cannot use XGE Controller as Incredibuild is not installed on this machine.
[2018.07.26-20.26.52:133][  0]LogShaderCompilers: Cannot use XGE Shader Compiler as Incredibuild is not installed on this machine.
[2018.07.26-20.26.52:133][  0]LogShaderCompilers: Display: Using Local Shader Compiler.
[2018.07.26-20.26.54:643][  0]LogDerivedDataCache: Display: Max Cache Size: 512 MB
[2018.07.26-20.26.54:998][  0]LogDerivedDataCache: Loaded boot cache 0.35s 74MB C:/Users/bitt3rman/AppData/Local/UnrealEngine/4.19/DerivedDataCache/Boot.ddc.
[2018.07.26-20.26.54:999][  0]LogDerivedDataCache: Display: Loaded Boot cache: C:/Users/bitt3rman/AppData/Local/UnrealEngine/4.19/DerivedDataCache/Boot.ddc
[2018.07.26-20.26.54:999][  0]LogDerivedDataCache: FDerivedDataBackendGraph:  Pak pak cache file ../../../../UE_Projects/FPBG/DerivedDataCache/DDC.ddp not found, will not use a pak cache.
[2018.07.26-20.26.54:999][  0]LogDerivedDataCache: Unable to find inner node Pak for hierarchical cache Hierarchy.
[2018.07.26-20.26.54:999][  0]LogDerivedDataCache: FDerivedDataBackendGraph:  CompressedPak pak cache file ../../../../UE_Projects/FPBG/DerivedDataCache/Compressed.ddp not found, will not use a pak cache.
[2018.07.26-20.26.54:999][  0]LogDerivedDataCache: Unable to find inner node CompressedPak for hierarchical cache Hierarchy.
[2018.07.26-20.26.55:031][  0]LogDerivedDataCache: Display: Pak cache opened for reading ../../../Engine/DerivedDataCache/Compressed.ddp.
[2018.07.26-20.26.55:070][  0]LogDerivedDataCache: Using Local data cache path C:/Users/bitt3rman/AppData/Local/UnrealEngine/Common/DerivedDataCache: Writable
[2018.07.26-20.26.55:070][  0]LogDerivedDataCache: Shared data cache path not found in *engine.ini, will not use an Shared cache.
[2018.07.26-20.26.55:070][  0]LogDerivedDataCache: Unable to find inner node Shared for hierarchical cache Hierarchy.
[2018.07.26-20.26.55:107][  0]LogMaterial: Verifying Global Shaders for PCD3D_SM5
[2018.07.26-20.26.55:108][  0]LogSlate: Using Freetype 2.6.0
[2018.07.26-20.26.55:110][  0]LogSlate: SlateFontCache - WITH_FREETYPE: 1, WITH_HARFBUZZ: 1
[2018.07.26-20.26.55:110][  0]LogSlate: SlateFontCache - WITH_FREETYPE: 1, WITH_HARFBUZZ: 1
[2018.07.26-20.26.55:471][  0]LogAssetRegistry: FAssetRegistry took 0.0158 seconds to start up
[2018.07.26-20.26.56:155][  0]LogPackageLocalizationCache: Processed 9 localized package path(s) for 1 prioritized culture(s) in 0.044444 seconds
[2018.07.26-20.26.56:479][  0]LogInit: Selected Device Profile: [Windows]
[2018.07.26-20.26.56:915][  0]LogSimplygon: Simplygon DLL not present - disabling.
[2018.07.26-20.26.56:923][  0]LogMeshReduction: Using SimplygonSwarm for distributed automatic mesh merging
[2018.07.26-20.26.56:923][  0]LogMeshReduction: Using QuadricMeshReduction for automatic static mesh reduction
[2018.07.26-20.26.56:923][  0]LogMeshReduction: No automatic skeletal mesh reduction module available
[2018.07.26-20.26.56:923][  0]LogMeshReduction: No automatic mesh merging module available
[2018.07.26-20.26.56:923][  0]LogMeshMerging: No automatic mesh merging module available
[2018.07.26-20.26.57:046][  0]LogNetVersion: FPBG , NetCL: 3944462, EngineNetVer: 2, GameNetVer: 0 (Checksum: 1413110598)
[2018.07.26-20.26.59:209][  0]LogMoviePlayer: Initializing movie player
[2018.07.26-20.27.00:226][  0]LogTcpMessaging: Initializing TcpMessaging bridge
[2018.07.26-20.27.00:321][  0]LogUdpMessaging: Initializing bridge on interface 0.0.0.0:0 to multicast group 230.0.0.1:6666.
[2018.07.26-20.27.01:290][  0]SourceControl: Source control is disabled
[2018.07.26-20.27.01:290][  0]SourceControl: Source control is disabled
[2018.07.26-20.27.01:358][  0]SourceControl: Source control is disabled
[2018.07.26-20.27.02:821][  0]LogAndroidPermission: UAndroidPermissionCallbackProxy::GetInstance
[2018.07.26-20.27.03:519][  0]LogOcInput: OculusInput pre-init called
[2018.07.26-20.27.03:822][  0]LogUObjectArray: 40131 objects as part of root set at end of initial load.
[2018.07.26-20.27.03:823][  0]LogUObjectAllocator: 8578472 out of 0 bytes used by permanent object pool.
[2018.07.26-20.27.03:823][  0]LogUObjectArray: CloseDisregardForGC: 0/0 objects in disregard for GC pool
[2018.07.26-20.27.04:087][  0]LogEngine: Initializing Engine...
[2018.07.26-20.27.04:102][  0]LogHMD: Failed to initialize OpenVR with code 110
[2018.07.26-20.27.04:143][  0]LogStats: UGameplayTagsManager::ConstructGameplayTagTree: Construct from data asset -  0.000 s
[2018.07.26-20.27.04:143][  0]LogStats: UGameplayTagsManager::ConstructGameplayTagTree: GameplayTagTreeChangedEvent.Broadcast -  0.000 s
[2018.07.26-20.27.05:054][  0]LogInit: XAudio2 using 'Speakers (High Definition Audio Device)' : 2 channels at 48 kHz using 16 bits per sample (channel mask 0x3)
[2018.07.26-20.27.05:162][  0]LogInit: FAudioDevice initialized.
[2018.07.26-20.27.05:260][  0]LogInit: Texture streaming: Enabled
[2018.07.26-20.27.05:611][  0]LogUObjectGlobals: Created PersistentFrame Addr=0x000001edcdaeee80, Size=632, Default__GameInfoInstance_C Function /Game/Blueprints/AllLevels/GameInfoInstance.GameInfoInstance_C:ExecuteUbergraph_GameInfoInstance
[2018.07.26-20.27.05:635][  0]LogUObjectGlobals: Created PersistentFrame Addr=0x000001edccf69648, Size=40, Default__ErrorDialog_C Function /Game/UI/MainMenu/ErrorDialog.ErrorDialog_C:ExecuteUbergraph_ErrorDialog
[2018.07.26-20.27.05:660][  0]LogUObjectGlobals: Created PersistentFrame Addr=0x000001edb000dae0, Size=96, Default__HostMenu_C Function /Game/UI/MainMenu/HostMenu.HostMenu_C:ExecuteUbergraph_HostMenu
[2018.07.26-20.27.05:683][  0]LogUObjectGlobals: Created PersistentFrame Addr=0x000001edcdabb000, Size=64, Default__MainMenu_C Function /Game/UI/MainMenu/MainMenu.MainMenu_C:ExecuteUbergraph_MainMenu
[2018.07.26-20.27.05:745][  0]LogUObjectGlobals: Created PersistentFrame Addr=0x000001edcdab2b70, Size=104, Default__OptionsMenu_C Function /Game/UI/MainMenu/OptionsMenu.OptionsMenu_C:ExecuteUbergraph_OptionsMenu
[2018.07.26-20.27.05:769][  0]LogUObjectGlobals: Created PersistentFrame Addr=0x000001edcda6f100, Size=608, Default__ServerMenu_C Function /Game/UI/MainMenu/ServerMenu.ServerMenu_C:ExecuteUbergraph_ServerMenu
[2018.07.26-20.27.05:927][  0]LogUObjectGlobals: Destroyed PersistentFrame Addr=0x000001edcdaeee80, Size=632
[2018.07.26-20.27.05:927][  0]LogUObjectGlobals: Created PersistentFrame Addr=0x000001edcda8f380, Size=632, Default__GameInfoInstance_C Function /Engine/Transient.REINST_GameInfoInstance_C_2:ExecuteUbergraph_GameInfoInstance
[2018.07.26-20.27.05:928][  0]LogUObjectGlobals: Destroyed PersistentFrame Addr=0x000001edccf69648, Size=40
[2018.07.26-20.27.05:928][  0]LogUObjectGlobals: Created PersistentFrame Addr=0x000001edcd756098, Size=40, Default__ErrorDialog_C Function /Engine/Transient.REINST_ErrorDialog_C_0:ExecuteUbergraph_ErrorDialog
[2018.07.26-20.27.05:929][  0]LogUObjectGlobals: Destroyed PersistentFrame Addr=0x000001edb000dae0, Size=96
[2018.07.26-20.27.05:929][  0]LogUObjectGlobals: Created PersistentFrame Addr=0x000001ed9efc4ca0, Size=96, Default__HostMenu_C Function /Engine/Transient.REINST_HostMenu_C_1:ExecuteUbergraph_HostMenu
[2018.07.26-20.27.05:930][  0]LogUObjectGlobals: Destroyed PersistentFrame Addr=0x000001edcdabb000, Size=64
[2018.07.26-20.27.05:930][  0]LogUObjectGlobals: Created PersistentFrame Addr=0x000001edcd69cd80, Size=64, Default__MainMenu_C Function /Engine/Transient.REINST_MainMenu_C_3:ExecuteUbergraph_MainMenu
[2018.07.26-20.27.05:932][  0]LogUObjectGlobals: Destroyed PersistentFrame Addr=0x000001edcdab2b70, Size=104
[2018.07.26-20.27.05:932][  0]LogUObjectGlobals: Created PersistentFrame Addr=0x000001edcd6b8170, Size=104, Default__OptionsMenu_C Function /Engine/Transient.REINST_OptionsMenu_C_4:ExecuteUbergraph_OptionsMenu
[2018.07.26-20.27.05:934][  0]LogUObjectGlobals: Destroyed PersistentFrame Addr=0x000001edcda6f100, Size=608
[2018.07.26-20.27.05:934][  0]LogUObjectGlobals: Created PersistentFrame Addr=0x000001edcda8ee80, Size=608, Default__ServerMenu_C Function /Engine/Transient.REINST_ServerMenu_C_5:ExecuteUbergraph_ServerMenu
[2018.07.26-20.27.06:065][  0]LogUObjectGlobals: Created PersistentFrame Addr=0x000001edcd3f8400, Size=632, Default__GameInfoInstance_C Function /Game/Blueprints/AllLevels/GameInfoInstance.GameInfoInstance_C:ExecuteUbergraph_GameInfoInstance
[2018.07.26-20.27.06:072][  0]LogUObjectGlobals: Created PersistentFrame Addr=0x000001edcd756980, Size=40, Default__ErrorDialog_C Function /Game/UI/MainMenu/ErrorDialog.ErrorDialog_C:ExecuteUbergraph_ErrorDialog
[2018.07.26-20.27.06:078][  0]LogUObjectGlobals: Created PersistentFrame Addr=0x000001edcd429c60, Size=96, Default__HostMenu_C Function /Game/UI/MainMenu/HostMenu.HostMenu_C:ExecuteUbergraph_HostMenu
[2018.07.26-20.27.06:083][  0]LogUObjectGlobals: Created PersistentFrame Addr=0x000001edcd6a4100, Size=56, Default__MainMenu_C Function /Game/UI/MainMenu/MainMenu.MainMenu_C:ExecuteUbergraph_MainMenu
[2018.07.26-20.27.06:088][  0]LogUObjectGlobals: Created PersistentFrame Addr=0x000001edcd331670, Size=104, Default__OptionsMenu_C Function /Game/UI/MainMenu/OptionsMenu.OptionsMenu_C:ExecuteUbergraph_OptionsMenu
[2018.07.26-20.27.06:098][  0]LogUObjectGlobals: Created PersistentFrame Addr=0x000001edcd356700, Size=592, Default__ServerMenu_C Function /Game/UI/MainMenu/ServerMenu.ServerMenu_C:ExecuteUbergraph_ServerMenu
[2018.07.26-20.27.06:201][  0]LogInit: Display: Game Engine Initialized.
[2018.07.26-20.27.06:201][  0]LogGameplayTags: Display: UGameplayTagsManager::DoneAddingNativeTags. DelegateIsBound: 0
[2018.07.26-20.27.06:201][  0]LogStats: UGameplayTagsManager::ConstructGameplayTagTree: Construct from data asset -  0.000 s
[2018.07.26-20.27.06:201][  0]LogStats: UGameplayTagsManager::ConstructGameplayTagTree: GameplayTagTreeChangedEvent.Broadcast -  0.000 s
[2018.07.26-20.27.06:698][  0]LogInit: Display: Starting Game.
[2018.07.26-20.27.06:698][  0]LogNet: Browse: 127.0.0.1:17777//Game/Maps/MainMenu?Name=Player
[2018.07.26-20.27.06:698][  0]LogOnline: Warning: STEAM: Steam API disabled!
[2018.07.26-20.27.06:698][  0]LogOnline: Display: STEAM: OnlineSubsystemSteam::Shutdown()
[2018.07.26-20.27.06:698][  0]LogTemp: Display: ParseSettings for GameNetDriver
[2018.07.26-20.27.06:699][  0]LogTemp: Display: ParseSettings for IpNetDriver_0
[2018.07.26-20.27.06:699][  0]LogTemp: Display: ParseSettings for PendingNetDriver
[2018.07.26-20.27.06:699][  0]LogInit: WinSock: Socket queue 32768 / 32768
[2018.07.26-20.27.06:700][  0]PacketHandlerLog: Loaded PacketHandler component: Engine.EngineHandlerComponentFactory (StatelessConnectHandlerComponent)
[2018.07.26-20.27.06:701][  0]LogNet: Game client on port 17777, rate 10000
[2018.07.26-20.27.06:787][  0]LogLoad: (Engine Initialization) Total time: 25.46 seconds
[2018.07.26-20.27.06:787][  0]LogLoad: (Engine Initialization) Total Blueprint compile time: 0.00 seconds
[2018.07.26-20.27.06:813][  0]LogContentStreaming: Texture pool size now 1000 MB
[2018.07.26-20.27.08:908][ 42]LogHandshake: SendChallengeResponse. Timestamp: 0.473644, Cookie: 185091243190165047088218224120161201235048237176215016114039
[2018.07.26-20.27.08:924][ 43]LogNetVersion: FPBG 1.0.0.0, NetCL: 3944462, EngineNetVer: 2, GameNetVer: 0 (Checksum: 272724767)
[2018.07.26-20.27.08:924][ 43]LogNet: UPendingNetGame::SendInitialJoin: Sending hello. [UNetConnection] RemoteAddr: 127.0.0.1:17777, Name: IpConnection_0, Driver: PendingNetDriver IpNetDriver_0, IsServer: NO, PC: NULL, Owner: NULL, UniqueId: INVALID
[2018.07.26-20.27.08:957][ 45]LogNet: Welcomed by server (Level: /Game/Maps/MainMenu, Game: /Game/FirstPersonBP/Blueprints/FirstPersonGameMode.FirstPersonGameMode_C)
[2018.07.26-20.27.08:958][ 45]LogLoad: LoadMap: 127.0.0.1:17777//Game/Maps/MainMenu?Name=Player?game=/Game/FirstPersonBP/Blueprints/FirstPersonGameMode.FirstPersonGameMode_C
[2018.07.26-20.27.08:997][ 45]LogUObjectGlobals: Destroyed PersistentFrame Addr=0x000001edcda8f380, Size=632
[2018.07.26-20.27.08:997][ 45]LogUObjectGlobals: Destroyed PersistentFrame Addr=0x000001edcd756098, Size=40
[2018.07.26-20.27.08:997][ 45]LogUObjectGlobals: Destroyed PersistentFrame Addr=0x000001ed9efc4ca0, Size=96
[2018.07.26-20.27.08:997][ 45]LogUObjectGlobals: Destroyed PersistentFrame Addr=0x000001edcd69cd80, Size=64
[2018.07.26-20.27.08:997][ 45]LogUObjectGlobals: Destroyed PersistentFrame Addr=0x000001edcd6b8170, Size=104
[2018.07.26-20.27.08:997][ 45]LogUObjectGlobals: Destroyed PersistentFrame Addr=0x000001edcda8ee80, Size=608
[2018.07.26-20.27.09:006][ 45]LogUObjectGlobals: Created PersistentFrame Addr=0x000001edcd3ef4e0, Size=32, Default__MainMenu_C Function /Game/Maps/MainMenu.MainMenu_C:ExecuteUbergraph_MainMenu
[2018.07.26-20.27.09:008][ 45]LogUObjectGlobals: Destroyed PersistentFrame Addr=0x000001edcd3ef4e0, Size=32
[2018.07.26-20.27.09:008][ 45]LogUObjectGlobals: Created PersistentFrame Addr=0x000001edcd3ef4e0, Size=32, Default__MainMenu_C Function /Engine/Transient.REINST_MainMenu_C_13:ExecuteUbergraph_MainMenu
[2018.07.26-20.27.09:010][ 45]LogUObjectGlobals: Created PersistentFrame Addr=0x000001edcd3ec400, Size=32, Default__MainMenu_C Function /Game/Maps/MainMenu.MainMenu_C:ExecuteUbergraph_MainMenu
[2018.07.26-20.27.09:040][ 45]LogAIModule: Creating AISystem for world MainMenu
[2018.07.26-20.27.09:040][ 45]LogTemp: Display: ParseSettings for GameNetDriver
[2018.07.26-20.27.09:042][ 45]LogWorld: Bringing World /Game/Maps/MainMenu.MainMenu up for play (max tick rate 0) at 2018.07.26-21.27.09
[2018.07.26-20.27.09:042][ 45]LogWorld: Bringing up level for play took: 0.000691
[2018.07.26-20.27.09:043][ 45]LogLoad: Took 0.084982 seconds to LoadMap(/Game/Maps/MainMenu)
[2018.07.26-20.27.09:250][ 46]LogRenderer: Reallocating scene render targets to support 640x480 Format 10 NumSamples 1 (Frame:1).
[2018.07.26-20.27.09:379][ 46]LogUObjectGlobals: Created PersistentFrame Addr=0x000001edcd348288, Size=52, Default__FirstPersonHUD_C Function /Game/FirstPersonBP/Blueprints/FirstPersonHUD.FirstPersonHUD_C:ExecuteUbergraph_FirstPersonHUD
[2018.07.26-20.27.09:390][ 46]LogUObjectGlobals: Destroyed PersistentFrame Addr=0x000001edcd348288, Size=52
[2018.07.26-20.27.09:390][ 46]LogUObjectGlobals: Created PersistentFrame Addr=0x000001edcd348288, Size=52, Default__FirstPersonHUD_C Function /Engine/Transient.REINST_FirstPersonHUD_C_15:ExecuteUbergraph_FirstPersonHUD
[2018.07.26-20.27.09:395][ 46]LogUObjectGlobals: Created PersistentFrame Addr=0x000001edcd6a5a28, Size=52, Default__FirstPersonHUD_C Function /Game/FirstPersonBP/Blueprints/FirstPersonHUD.FirstPersonHUD_C:ExecuteUbergraph_FirstPersonHUD
[2018.07.26-20.27.10:137][ 47]LogUObjectGlobals: Created PersistentFrame Addr=0x000001edcd5b7700, Size=688, Default__FirstPersonCharacter_C Function /Game/FirstPersonBP/Blueprints/FirstPersonCharacter.FirstPersonCharacter_C:ExecuteUbergraph_FirstPersonCharacter
[2018.07.26-20.27.10:143][ 47]LogUObjectGlobals: Created PersistentFrame Addr=0x000001edcd34cb00, Size=256, Default__FirstPersonProjectile_C Function /Game/FirstPersonBP/Blueprints/FirstPersonProjectile.FirstPersonProjectile_C:ExecuteUbergraph_FirstPersonProjectile
[2018.07.26-20.27.10:193][ 47]LogUObjectGlobals: Created PersistentFrame Addr=0x000001edcd5a2840, Size=72, Default__FirstPerson_AnimBP_C Function /Game/FirstPerson/Animations/FirstPerson_AnimBP.FirstPerson_AnimBP_C:ExecuteUbergraph_FirstPerson_AnimBP
[2018.07.26-20.27.10:307][ 47]LogUObjectGlobals: Destroyed PersistentFrame Addr=0x000001edcd5a2840, Size=72
[2018.07.26-20.27.10:307][ 47]LogUObjectGlobals: Created PersistentFrame Addr=0x000001edcd69a750, Size=72, Default__FirstPerson_AnimBP_C Function /Engine/Transient.REINST_FirstPerson_AnimBP_C_0:ExecuteUbergraph_FirstPerson_AnimBP
[2018.07.26-20.27.10:308][ 47]LogUObjectGlobals: Destroyed PersistentFrame Addr=0x000001edcd34cb00, Size=256
[2018.07.26-20.27.10:308][ 47]LogUObjectGlobals: Created PersistentFrame Addr=0x000001edcd34cb00, Size=256, Default__FirstPersonProjectile_C Function /Engine/Transient.REINST_FirstPersonProjectile_C_17:ExecuteUbergraph_FirstPersonProjectile
[2018.07.26-20.27.10:311][ 47]LogUObjectGlobals: Destroyed PersistentFrame Addr=0x000001edcd5b7700, Size=688
[2018.07.26-20.27.10:311][ 47]LogUObjectGlobals: Created PersistentFrame Addr=0x000001edd03a3700, Size=688, Default__FirstPersonCharacter_C Function /Engine/Transient.REINST_FirstPersonCharacter_C_18:ExecuteUbergraph_FirstPersonCharacter
[2018.07.26-20.27.10:360][ 47]LogUObjectGlobals: Created PersistentFrame Addr=0x000001edd0352e80, Size=64, Default__FirstPerson_AnimBP_C Function /Game/FirstPerson/Animations/FirstPerson_AnimBP.FirstPerson_AnimBP_C:ExecuteUbergraph_FirstPerson_AnimBP
[2018.07.26-20.27.10:363][ 47]LogUObjectGlobals: Created PersistentFrame Addr=0x000001edcd3b8400, Size=256, Default__FirstPersonProjectile_C Function /Game/FirstPersonBP/Blueprints/FirstPersonProjectile.FirstPersonProjectile_C:ExecuteUbergraph_FirstPersonProjectile
[2018.07.26-20.27.10:371][ 47]LogUObjectGlobals: Created PersistentFrame Addr=0x000001edd0379000, Size=688, Default__FirstPersonCharacter_C Function /Game/FirstPersonBP/Blueprints/FirstPersonCharacter.FirstPersonCharacter_C:ExecuteUbergraph_FirstPersonCharacter
[2018.07.26-20.27.10:769][ 47]LogSkeletalMesh: Skeletal Mesh found in DDC [14.481833ms] /Game/FirstPerson/FPWeapon/Mesh/SK_FPGun.SK_FPGun
[2018.07.26-20.27.10:795][ 47]LogSkeletalMesh: Skeletal Mesh found in DDC [22.366354ms] /Game/FirstPerson/Character/Mesh/SK_Mannequin_Arms.SK_Mannequin_Arms
[2018.07.26-20.27.10:820][ 47]LogOnline: Warning: OSS: No game present to join for session (GameSession)
[2018.07.26-20.27.10:835][ 47]LogOnline: Warning: OSS: No game present to join for session (GameSession)
[2018.07.26-20.27.10:835][ 47]LogOnline: Warning: OSS: No game present to join for session (GameSession)
[2018.07.26-20.27.16:150][229]LogOnline: Warning: OSS: No game present to leave for session (GameSession)
[2018.07.26-20.27.25:829][650]LogNet: Warning: Network Failure: GameNetDriver[FailureReceived]: Host closed the connection.
[2018.07.26-20.27.25:829][650]LogNet: NetworkFailure: FailureReceived, Error: 'Host closed the connection.'
[2018.07.26-20.27.25:835][650]LogNet: UNetConnection::Close: [UNetConnection] RemoteAddr: 127.0.0.1:17777, Name: IpConnection_0, Driver: GameNetDriver IpNetDriver_0, IsServer: NO, PC: PlayerController_1, Owner: PlayerController_1, UniqueId: Q6600-4EE9E91F42A5BE6CE9452C859E8DB2A3, Channels: 10, Time: 2018.07.26-20.27.25
[2018.07.26-20.27.25:835][650]LogNet: UChannel::Close: Sending CloseBunch. ChIndex == 0. Name: [UChannel] ChIndex: 0, Closing: 0 [UNetConnection] RemoteAddr: 127.0.0.1:17777, Name: IpConnection_0, Driver: GameNetDriver IpNetDriver_0, IsServer: NO, PC: PlayerController_1, Owner: PlayerController_1, UniqueId: Q6600-4EE9E91F42A5BE6CE9452C859E8DB2A3
[2018.07.26-20.27.25:835][650]LogNet: Warning: Network Failure: GameNetDriver[ConnectionLost]: Your connection to the host has been lost.
[2018.07.26-20.27.25:836][650]LogNet: NetworkFailure: ConnectionLost, Error: 'Your connection to the host has been lost.'
[2018.07.26-20.27.25:850][651]LogNet: Browse: /Game/Maps/MainMenu?closed
[2018.07.26-20.27.25:850][651]LogNet: Failed; returning to Entry
[2018.07.26-20.27.25:857][651]LogLoad: LoadMap: /Game/Maps/MainMenu?closed
[2018.07.26-20.27.25:858][651]LogNet: World NetDriver shutdown IpNetDriver_0 [GameNetDriver]
[2018.07.26-20.27.25:858][651]LogNet: DestroyNamedNetDriver IpNetDriver_0 [GameNetDriver]
[2018.07.26-20.27.25:858][651]LogExit: GameNetDriver IpNetDriver_0 shut down
[2018.07.26-20.27.25:930][651]LogUObjectGlobals: Destroyed PersistentFrame Addr=0x000001edcd69a750, Size=72
[2018.07.26-20.27.25:930][651]LogUObjectGlobals: Destroyed PersistentFrame Addr=0x000001edcd34cb00, Size=256
[2018.07.26-20.27.25:930][651]LogUObjectGlobals: Destroyed PersistentFrame Addr=0x000001edd03a3700, Size=688
[2018.07.26-20.27.25:930][651]LogUObjectGlobals: Destroyed PersistentFrame Addr=0x000001edcd6a5a28, Size=52
[2018.07.26-20.27.25:930][651]LogUObjectGlobals: Destroyed PersistentFrame Addr=0x000001edcd348288, Size=52
[2018.07.26-20.27.25:930][651]LogUObjectGlobals: Destroyed PersistentFrame Addr=0x000001edcd3ec400, Size=32
[2018.07.26-20.27.25:930][651]LogUObjectGlobals: Destroyed PersistentFrame Addr=0x000001edcd3ef4e0, Size=32
[2018.07.26-20.27.25:932][651]LogUObjectGlobals: Destroyed PersistentFrame Addr=0x000001edd0352e80, Size=64
[2018.07.26-20.27.25:932][651]LogUObjectGlobals: Destroyed PersistentFrame Addr=0x000001edcd3b8400, Size=256
[2018.07.26-20.27.25:932][651]LogUObjectGlobals: Destroyed PersistentFrame Addr=0x000001edd0379000, Size=688
[2018.07.26-20.27.25:945][651]LogUObjectGlobals: Created PersistentFrame Addr=0x000001edcda55080, Size=32, Default__MainMenu_C Function /Game/Maps/MainMenu.MainMenu_C:ExecuteUbergraph_MainMenu
[2018.07.26-20.27.25:947][651]LogUObjectGlobals: Destroyed PersistentFrame Addr=0x000001edcda55080, Size=32
[2018.07.26-20.27.25:947][651]LogUObjectGlobals: Created PersistentFrame Addr=0x000001edcda55080, Size=32, Default__MainMenu_C Function /Engine/Transient.REINST_MainMenu_C_24:ExecuteUbergraph_MainMenu
[2018.07.26-20.27.25:950][651]LogUObjectGlobals: Created PersistentFrame Addr=0x000001edcda57520, Size=32, Default__MainMenu_C Function /Game/Maps/MainMenu.MainMenu_C:ExecuteUbergraph_MainMenu
[2018.07.26-20.27.25:956][651]LogAIModule: Creating AISystem for world MainMenu
[2018.07.26-20.27.26:026][651]LogUObjectGlobals: Created PersistentFrame Addr=0x000001edddce5600, Size=688, Default__FirstPersonCharacter_C Function /Game/FirstPersonBP/Blueprints/FirstPersonCharacter.FirstPersonCharacter_C:ExecuteUbergraph_FirstPersonCharacter
[2018.07.26-20.27.26:034][651]LogUObjectGlobals: Created PersistentFrame Addr=0x000001edcd4e3100, Size=256, Default__FirstPersonProjectile_C Function /Game/FirstPersonBP/Blueprints/FirstPersonProjectile.FirstPersonProjectile_C:ExecuteUbergraph_FirstPersonProjectile
[2018.07.26-20.27.26:077][651]LogUObjectGlobals: Created PersistentFrame Addr=0x000001edcd320770, Size=72, Default__FirstPerson_AnimBP_C Function /Game/FirstPerson/Animations/FirstPerson_AnimBP.FirstPerson_AnimBP_C:ExecuteUbergraph_FirstPerson_AnimBP
[2018.07.26-20.27.26:165][651]LogUObjectGlobals: Created PersistentFrame Addr=0x000001edd03aba50, Size=52, Default__FirstPersonHUD_C Function /Game/FirstPersonBP/Blueprints/FirstPersonHUD.FirstPersonHUD_C:ExecuteUbergraph_FirstPersonHUD
[2018.07.26-20.27.26:190][651]LogUObjectGlobals: Destroyed PersistentFrame Addr=0x000001edcd320770, Size=72
[2018.07.26-20.27.26:190][651]LogUObjectGlobals: Created PersistentFrame Addr=0x000001edcd6996c0, Size=72, Default__FirstPerson_AnimBP_C Function /Engine/Transient.REINST_FirstPerson_AnimBP_C_1:ExecuteUbergraph_FirstPerson_AnimBP
[2018.07.26-20.27.26:192][651]LogUObjectGlobals: Destroyed PersistentFrame Addr=0x000001edcd4e3100, Size=256
[2018.07.26-20.27.26:192][651]LogUObjectGlobals: Created PersistentFrame Addr=0x000001edcd3c6f00, Size=256, Default__FirstPersonProjectile_C Function /Engine/Transient.REINST_FirstPersonProjectile_C_26:ExecuteUbergraph_FirstPersonProjectile
[2018.07.26-20.27.26:193][651]LogUObjectGlobals: Destroyed PersistentFrame Addr=0x000001edd03aba50, Size=52
[2018.07.26-20.27.26:193][651]LogUObjectGlobals: Created PersistentFrame Addr=0x000001edd03aba50, Size=52, Default__FirstPersonHUD_C Function /Engine/Transient.REINST_FirstPersonHUD_C_27:ExecuteUbergraph_FirstPersonHUD
[2018.07.26-20.27.26:194][651]LogUObjectGlobals: Destroyed PersistentFrame Addr=0x000001edddce5600, Size=688
[2018.07.26-20.27.26:194][651]LogUObjectGlobals: Created PersistentFrame Addr=0x000001edd03e7d00, Size=688, Default__FirstPersonCharacter_C Function /Engine/Transient.REINST_FirstPersonCharacter_C_28:ExecuteUbergraph_FirstPersonCharacter
[2018.07.26-20.27.26:248][651]LogUObjectGlobals: Created PersistentFrame Addr=0x000001edd0353e80, Size=64, Default__FirstPerson_AnimBP_C Function /Game/FirstPerson/Animations/FirstPerson_AnimBP.FirstPerson_AnimBP_C:ExecuteUbergraph_FirstPerson_AnimBP
[2018.07.26-20.27.26:252][651]LogUObjectGlobals: Created PersistentFrame Addr=0x000001edcd6ad000, Size=256, Default__FirstPersonProjectile_C Function /Game/FirstPersonBP/Blueprints/FirstPersonProjectile.FirstPersonProjectile_C:ExecuteUbergraph_FirstPersonProjectile
[2018.07.26-20.27.26:253][651]LogUObjectGlobals: Created PersistentFrame Addr=0x000001edcd6a5408, Size=52, Default__FirstPersonHUD_C Function /Game/FirstPersonBP/Blueprints/FirstPersonHUD.FirstPersonHUD_C:ExecuteUbergraph_FirstPersonHUD
[2018.07.26-20.27.26:262][651]LogUObjectGlobals: Created PersistentFrame Addr=0x000001edd03a2200, Size=688, Default__FirstPersonCharacter_C Function /Game/FirstPersonBP/Blueprints/FirstPersonCharacter.FirstPersonCharacter_C:ExecuteUbergraph_FirstPersonCharacter
[2018.07.26-20.27.26:561][651]LogSkeletalMesh: Skeletal Mesh found in DDC [7.886228ms] /Game/FirstPerson/FPWeapon/Mesh/SK_FPGun.SK_FPGun
[2018.07.26-20.27.26:595][651]LogSkeletalMesh: Skeletal Mesh found in DDC [31.901590ms] /Game/FirstPerson/Character/Mesh/SK_Mannequin_Arms.SK_Mannequin_Arms
[2018.07.26-20.27.26:675][651]LogLoad: Game class is 'FirstPersonGameMode_C'
[2018.07.26-20.27.26:678][651]LogWorld: Bringing World /Game/Maps/MainMenu.MainMenu up for play (max tick rate 0) at 2018.07.26-21.27.26
[2018.07.26-20.27.26:678][651]LogWorld: Bringing up level for play took: 0.001405
[2018.07.26-20.27.26:679][651]LogGameMode: FindPlayerStart: PATHS NOT DEFINED or NO PLAYERSTART with positive rating
[2018.07.26-20.27.26:687][651]LogLoad: Took 0.829897 seconds to LoadMap(/Game/Maps/MainMenu)
[2018.07.26-20.27.26:740][651]LogUObjectGlobals: Destroyed PersistentFrame Addr=0x000001edd03aba50, Size=52
[2018.07.26-20.27.26:740][651]LogUObjectGlobals: Destroyed PersistentFrame Addr=0x000001edcd6996c0, Size=72
[2018.07.26-20.27.26:740][651]LogUObjectGlobals: Destroyed PersistentFrame Addr=0x000001edcd3c6f00, Size=256
[2018.07.26-20.27.26:740][651]LogUObjectGlobals: Destroyed PersistentFrame Addr=0x000001edd03e7d00, Size=688
[2018.07.26-20.27.26:740][651]LogUObjectGlobals: Destroyed PersistentFrame Addr=0x000001edcda55080, Size=32
[2018.07.26-20.28.03:393][278]LogSlate: Window 'FPBG (64-bit, PCD3D_SM5) ' being destroyed
[2018.07.26-20.28.03:394][278]LogWindowsTextInputMethodSystem: Display: IME system now deactivated.
[2018.07.26-20.28.03:408][278]LogEngine: All Windows Closed
[2018.07.26-20.28.03:408][278]LogWindows: FPlatformMisc::RequestExit(0)
[2018.07.26-20.28.04:247][279]LogSlate: Slate User Destroyed.  User Index 0, Is Virtual User: 0
[2018.07.26-20.28.04:247][279]LogExit: Preparing to exit.
[2018.07.26-20.28.04:247][279]LogMoviePlayer: Shutting down movie player
[2018.07.26-20.28.04:582][279]LogExit: Game engine shut down
[2018.07.26-20.28.04:624][279]LogUObjectGlobals: Destroyed PersistentFrame Addr=0x000001edd03a2200, Size=688
[2018.07.26-20.28.04:624][279]LogUObjectGlobals: Destroyed PersistentFrame Addr=0x000001edcd6a5408, Size=52
[2018.07.26-20.28.04:624][279]LogUObjectGlobals: Destroyed PersistentFrame Addr=0x000001edcd6ad000, Size=256
[2018.07.26-20.28.04:624][279]LogUObjectGlobals: Destroyed PersistentFrame Addr=0x000001edd0353e80, Size=64
[2018.07.26-20.28.04:624][279]LogUObjectGlobals: Destroyed PersistentFrame Addr=0x000001edcd3f8400, Size=632
[2018.07.26-20.28.04:624][279]LogUObjectGlobals: Destroyed PersistentFrame Addr=0x000001edcd756980, Size=40
[2018.07.26-20.28.04:625][279]LogUObjectGlobals: Destroyed PersistentFrame Addr=0x000001edcd429c60, Size=96
[2018.07.26-20.28.04:625][279]LogUObjectGlobals: Destroyed PersistentFrame Addr=0x000001edcd6a4100, Size=56
[2018.07.26-20.28.04:625][279]LogUObjectGlobals: Destroyed PersistentFrame Addr=0x000001edcd331670, Size=104
[2018.07.26-20.28.04:625][279]LogUObjectGlobals: Destroyed PersistentFrame Addr=0x000001edcd356700, Size=592
[2018.07.26-20.28.04:625][279]LogUObjectGlobals: Destroyed PersistentFrame Addr=0x000001edcda57520, Size=32
[2018.07.26-20.28.04:831][279]LogExit: Object subsystem successfully closed.
[2018.07.26-20.28.04:860][279]LogShaderCompilers: Display: Shaders left to compile 0
[2018.07.26-20.28.04:866][279]LogD3D11RHI: Shutdown
[2018.07.26-20.28.04:866][279]LogD3D11RHI: CleanupD3DDevice
[2018.07.26-20.28.04:872][279]LogD3D11RHI: ~FD3D11DynamicRHI
[2018.07.26-20.28.04:888][279]LogModuleManager: Shutting down and abandoning module Voice (338)
[2018.07.26-20.28.04:888][279]LogModuleManager: Shutting down and abandoning module AIModule (334)
[2018.07.26-20.28.04:888][279]LogModuleManager: Shutting down and abandoning module GameplayDebugger (333)
[2018.07.26-20.28.04:888][279]LogModuleManager: Shutting down and abandoning module AITestSuite (331)
[2018.07.26-20.28.04:889][279]LogModuleManager: Shutting down and abandoning module SequenceRecorderSections (328)
[2018.07.26-20.28.04:889][279]LogModuleManager: Shutting down and abandoning module SequenceRecorder (326)
[2018.07.26-20.28.04:889][279]LogModuleManager: Shutting down and abandoning module AutomationController (324)
[2018.07.26-20.28.04:889][279]LogModuleManager: Shutting down and abandoning module AutomationWorker (322)
[2018.07.26-20.28.04:889][279]LogModuleManager: Shutting down and abandoning module WmfMediaFactory (320)
[2018.07.26-20.28.04:889][279]LogModuleManager: Shutting down and abandoning module OpenExrWrapper (318)
[2018.07.26-20.28.04:889][279]LogModuleManager: Shutting down and abandoning module ImgMediaFactory (316)
[2018.07.26-20.28.04:889][279]LogModuleManager: Shutting down and abandoning module AvfMediaFactory (314)
[2018.07.26-20.28.04:889][279]LogModuleManager: Shutting down and abandoning module CharacterAI (312)
[2018.07.26-20.28.04:889][279]LogModuleManager: Shutting down and abandoning module SessionServices (310)
[2018.07.26-20.28.04:889][279]LogModuleManager: Shutting down and abandoning module MovieSceneCapture (308)
[2018.07.26-20.28.04:889][279]LogModuleManager: Shutting down and abandoning module MovieSceneTracks (306)
[2018.07.26-20.28.04:889][279]LogModuleManager: Shutting down and abandoning module MovieScene (304)
[2018.07.26-20.28.04:889][279]LogModuleManager: Shutting down and abandoning module GeometryCache (302)
[2018.07.26-20.28.04:889][279]LogModuleManager: Shutting down and abandoning module GeometryCacheEd (301)
[2018.07.26-20.28.04:889][279]LogModuleManager: Shutting down and abandoning module StreamingPauseRendering (298)
[2018.07.26-20.28.04:889][279]LogModuleManager: Shutting down and abandoning module PortalServices (296)
[2018.07.26-20.28.04:889][279]LogModuleManager: Shutting down and abandoning module PortalRpc (294)
[2018.07.26-20.28.04:889][279]LogModuleManager: Shutting down and abandoning module MessagingRpc (292)
[2018.07.26-20.28.04:889][279]LogModuleManager: Shutting down and abandoning module ProfilerService (290)
[2018.07.26-20.28.04:964][279]LogModuleManager: Shutting down and abandoning module TaskGraph (288)
[2018.07.26-20.28.04:965][279]LogModuleManager: Shutting down and abandoning module SteamVRController (286)
[2018.07.26-20.28.04:965][279]LogModuleManager: Shutting down and abandoning module ProceduralMeshComponent (284)
[2018.07.26-20.28.04:965][279]LogModuleManager: Shutting down and abandoning module OculusInput (282)
[2018.07.26-20.28.04:965][279]LogModuleManager: Shutting down and abandoning module MobilePatchingUtils (280)
[2018.07.26-20.28.04:965][279]LogModuleManager: Shutting down and abandoning module CustomMeshComponent (278)
[2018.07.26-20.28.04:965][279]LogModuleManager: Shutting down and abandoning module CableComponent (276)
[2018.07.26-20.28.04:965][279]LogModuleManager: Shutting down and abandoning module AudioCapture (274)
[2018.07.26-20.28.04:965][279]LogModuleManager: Shutting down and abandoning module ArchVisCharacter (272)
[2018.07.26-20.28.04:965][279]LogModuleManager: Shutting down and abandoning module AndroidPermission (270)
[2018.07.26-20.28.04:965][279]LogModuleManager: Shutting down and abandoning module NUTUnrealEngine4 (268)
[2018.07.26-20.28.04:965][279]LogModuleManager: Shutting down and abandoning module NetcodeUnitTest (266)
[2018.07.26-20.28.04:965][279]LogModuleManager: Shutting down and abandoning module MediaCompositing (264)
[2018.07.26-20.28.04:965][279]LogModuleManager: Shutting down and abandoning module LinearTimecode (262)
[2018.07.26-20.28.04:965][279]LogModuleManager: Shutting down and abandoning module ImgMedia (260)
[2018.07.26-20.28.04:973][279]LogModuleManager: Shutting down and abandoning module HTML5Networking (258)
[2018.07.26-20.28.04:973][279]LogModuleManager: Shutting down and abandoning module DatasmithContent (256)
[2018.07.26-20.28.04:973][279]LogModuleManager: Shutting down and abandoning module CryptoKeysOpenSSL (254)
[2018.07.26-20.28.04:973][279]LogModuleManager: Shutting down and abandoning module CryptoKeys (252)
[2018.07.26-20.28.04:973][279]LogModuleManager: Shutting down and abandoning module VisualStudioSourceCodeAccess (250)
[2018.07.26-20.28.04:973][279]LogModuleManager: Shutting down and abandoning module HotReload (249)
[2018.07.26-20.28.04:974][279]LogModuleManager: Shutting down and abandoning module DirectoryWatcher (248)
[2018.07.26-20.28.04:974][279]LogModuleManager: Shutting down and abandoning module VisualStudioCodeSourceCodeAccess (244)
[2018.07.26-20.28.04:974][279]LogModuleManager: Shutting down and abandoning module UObjectPlugin (242)
[2018.07.26-20.28.04:974][279]LogModuleManager: Shutting down and abandoning module SubversionSourceControl (240)
[2018.07.26-20.28.04:974][279]LogModuleManager: Shutting down and abandoning module PerforceSourceControl (238)
[2018.07.26-20.28.04:974][279]LogModuleManager: Shutting down and abandoning module SourceControl (237)
[2018.07.26-20.28.04:974][279]LogModuleManager: Shutting down and abandoning module CLionSourceCodeAccess (234)
[2018.07.26-20.28.04:974][279]LogModuleManager: Shutting down and abandoning module RuntimePhysXCooking (232)
[2018.07.26-20.28.04:974][279]LogModuleManager: Shutting down and abandoning module PhysXVehiclesEditor (230)
[2018.07.26-20.28.04:974][279]LogModuleManager: Shutting down and abandoning module PhysXVehicles (228)
[2018.07.26-20.28.04:974][279]LogModuleManager: Shutting down and abandoning module LocationServicesBPLibrary (226)
[2018.07.26-20.28.04:974][279]LogModuleManager: Shutting down and abandoning module ImmediatePhysicsEditor (224)
[2018.07.26-20.28.04:974][279]LogModuleManager: Shutting down and abandoning module ImmediatePhysics (222)
[2018.07.26-20.28.04:974][279]LogModuleManager: Shutting down and abandoning module ActorSequence (220)
[2018.07.26-20.28.04:974][279]LogModuleManager: Shutting down and abandoning module UdpMessaging (218)
[2018.07.26-20.28.05:075][279]LogModuleManager: Shutting down and abandoning module TcpMessaging (216)
[2018.07.26-20.28.05:343][279]LogModuleManager: Shutting down and abandoning module GameplayTagsEditor (214)
[2018.07.26-20.28.05:343][279]LogModuleManager: Shutting down and abandoning module FacialAnimation (212)
[2018.07.26-20.28.05:343][279]LogModuleManager: Shutting down and abandoning module DataValidation (210)
[2018.07.26-20.28.05:343][279]LogModuleManager: Shutting down and abandoning module AssetManagerEditor (208)
[2018.07.26-20.28.05:343][279]LogModuleManager: Shutting down and abandoning module TreeMap (207)
[2018.07.26-20.28.05:343][279]LogModuleManager: Shutting down and abandoning module LightPropagationVolumeRuntime (204)
[2018.07.26-20.28.05:343][279]LogModuleManager: Shutting down and abandoning module LiveLink (202)
[2018.07.26-20.28.05:835][279]LogModuleManager: Shutting down and abandoning module Paper2D (200)
[2018.07.26-20.28.05:835][279]LogModuleManager: Shutting down and abandoning module PIEPreviewDeviceProfileSelector (198)
[2018.07.26-20.28.05:835][279]LogModuleManager: Shutting down and abandoning module WindowsMoviePlayer (196)
[2018.07.26-20.28.05:836][279]LogModuleManager: Shutting down and abandoning module WmfMedia (194)
[2018.07.26-20.28.05:837][279]LogModuleManager: Shutting down and abandoning module Media (193)
[2018.07.26-20.28.05:843][279]LogModuleManager: Shutting down and abandoning module PacketHandler (190)
[2018.07.26-20.28.05:843][279]LogModuleManager: Shutting down and abandoning module ClothingSystemEditor (188)
[2018.07.26-20.28.05:843][279]LogModuleManager: Shutting down and abandoning module ClothingSystemRuntime (186)
[2018.07.26-20.28.05:843][279]LogModuleManager: Shutting down and abandoning module MediaAssets (184)
[2018.07.26-20.28.05:843][279]LogModuleManager: Shutting down and abandoning module Overlay (182)
[2018.07.26-20.28.05:843][279]LogModuleManager: Shutting down and abandoning module OverlayEditor (181)
[2018.07.26-20.28.05:843][279]LogModuleManager: Shutting down and abandoning module VREditor (178)
[2018.07.26-20.28.05:843][279]LogModuleManager: Shutting down and abandoning module StringTableEditor (176)
[2018.07.26-20.28.05:843][279]LogModuleManager: Shutting down and abandoning module GameplayTasksEditor (174)
[2018.07.26-20.28.05:843][279]LogModuleManager: Shutting down and abandoning module BehaviorTreeEditor (172)
[2018.07.26-20.28.05:843][279]LogModuleManager: Shutting down and abandoning module FunctionalTesting (170)
[2018.07.26-20.28.05:843][279]LogModuleManager: Shutting down and abandoning module CollisionAnalyzer (168)
[2018.07.26-20.28.05:843][279]LogModuleManager: Shutting down and abandoning module WorkspaceMenuStructure (167)
[2018.07.26-20.28.05:843][279]LogModuleManager: Shutting down and abandoning module UMG (164)
[2018.07.26-20.28.05:844][279]LogModuleManager: Shutting down and abandoning module UMGEditor (163)
[2018.07.26-20.28.05:844][279]LogModuleManager: Shutting down and abandoning module Sequencer (162)
[2018.07.26-20.28.05:844][279]LogModuleManager: Shutting down and abandoning module MessageLog (159)
[2018.07.26-20.28.05:844][279]LogModuleManager: Shutting down and abandoning module SlateReflector (154)
[2018.07.26-20.28.05:844][279]LogModuleManager: Shutting down and abandoning module Slate (152)
[2018.07.26-20.28.05:844][279]LogModuleManager: Shutting down and abandoning module EditorStyle (150)
[2018.07.26-20.28.05:846][279]LogModuleManager: Shutting down and abandoning module MRMesh (148)
[2018.07.26-20.28.05:846][279]LogModuleManager: Shutting down and abandoning module Messaging (146)
[2018.07.26-20.28.05:846][279]LogModuleManager: Shutting down and abandoning module SourceCodeAccess (144)
[2018.07.26-20.28.05:846][279]LogModuleManager: Shutting down and abandoning module HeadMountedDisplay (142)
[2018.07.26-20.28.05:846][279]LogModuleManager: Shutting down and abandoning module XAudio2 (140)
[2018.07.26-20.28.05:846][279]LogModuleManager: Shutting down and abandoning module Networking (138)
[2018.07.26-20.28.05:846][279]LogModuleManager: Shutting down and abandoning module Core (136)
[2018.07.26-20.28.05:846][279]LogModuleManager: Shutting down and abandoning module LevelSequence (134)
[2018.07.26-20.28.05:846][279]LogModuleManager: Shutting down and abandoning module KismetCompiler (132)
[2018.07.26-20.28.05:846][279]LogModuleManager: Shutting down and abandoning module MeshUtilities (130)
[2018.07.26-20.28.05:846][279]LogModuleManager: Shutting down and abandoning module MeshMergeUtilities (129)
[2018.07.26-20.28.05:846][279]LogModuleManager: Shutting down and abandoning module MeshReductionInterface (128)
[2018.07.26-20.28.05:846][279]LogModuleManager: Shutting down and abandoning module SimplygonSwarm (127)
[2018.07.26-20.28.05:846][279]LogModuleManager: Shutting down and abandoning module SimplygonMeshReduction (125)
[2018.07.26-20.28.05:846][279]LogModuleManager: Shutting down and abandoning module QuadricMeshReduction (123)
[2018.07.26-20.28.05:846][279]LogModuleManager: Shutting down and abandoning module MaterialBaking (119)
[2018.07.26-20.28.05:846][279]LogModuleManager: Shutting down and abandoning module DerivedDataCache (114)
[2018.07.26-20.28.06:242][279]LogDerivedDataCache: Shutdown
[2018.07.26-20.28.06:242][279]LogModuleManager: Shutting down and abandoning module XGEController (112)
[2018.07.26-20.28.06:242][279]LogModuleManager: Shutting down and abandoning module TargetPlatform (110)
[2018.07.26-20.28.06:242][279]LogModuleManager: Shutting down and abandoning module VulkanShaderFormat (109)
[2018.07.26-20.28.06:242][279]LogModuleManager: Shutting down and abandoning module ShaderFormatVectorVM (107)
[2018.07.26-20.28.06:242][279]LogModuleManager: Shutting down and abandoning module ShaderFormatOpenGL (105)
[2018.07.26-20.28.06:242][279]LogModuleManager: Shutting down and abandoning module ShaderFormatD3D (103)
[2018.07.26-20.28.06:242][279]LogModuleManager: Shutting down and abandoning module MetalShaderFormat (101)
[2018.07.26-20.28.06:242][279]LogModuleManager: Shutting down and abandoning module TextureFormatUncompressed (99)
[2018.07.26-20.28.06:242][279]LogModuleManager: Shutting down and abandoning module TextureFormatPVR (97)
[2018.07.26-20.28.06:242][279]LogModuleManager: Shutting down and abandoning module TextureFormatDXT (95)
[2018.07.26-20.28.06:242][279]LogModuleManager: Shutting down and abandoning module TextureFormatIntelISPCTexComp (93)
[2018.07.26-20.28.06:243][279]LogModuleManager: Shutting down and abandoning module TextureFormatASTC (91)
[2018.07.26-20.28.06:243][279]LogModuleManager: Shutting down and abandoning module ImageWrapper (90)
[2018.07.26-20.28.06:243][279]LogModuleManager: Shutting down and abandoning module TextureFormatAndroid (87)
[2018.07.26-20.28.06:243][279]LogModuleManager: Shutting down and abandoning module AudioFormatOpus (85)
[2018.07.26-20.28.06:243][279]LogModuleManager: Shutting down and abandoning module AudioFormatOgg (83)
[2018.07.26-20.28.06:243][279]LogModuleManager: Shutting down and abandoning module AudioFormatADPCM (81)
[2018.07.26-20.28.06:243][279]LogModuleManager: Shutting down and abandoning module WindowsTargetPlatform (79)
[2018.07.26-20.28.06:243][279]LogModuleManager: Shutting down and abandoning module WindowsServerTargetPlatform (77)
[2018.07.26-20.28.06:243][279]LogModuleManager: Shutting down and abandoning module WindowsNoEditorTargetPlatform (75)
[2018.07.26-20.28.06:243][279]LogModuleManager: Shutting down and abandoning module WindowsClientTargetPlatform (73)
[2018.07.26-20.28.06:243][279]LogModuleManager: Shutting down and abandoning module InputCore (70)
[2018.07.26-20.28.06:243][279]LogModuleManager: Shutting down and abandoning module Settings (68)
[2018.07.26-20.28.06:243][279]LogModuleManager: Shutting down and abandoning module PhysXCooking (66)
[2018.07.26-20.28.06:243][279]LogModuleManager: Shutting down and abandoning module SteamVR (64)
[2018.07.26-20.28.06:243][279]LogModuleManager: Shutting down and abandoning module OculusHMD (62)
[2018.07.26-20.28.06:243][279]LogModuleManager: Shutting down and abandoning module ExampleDeviceProfileSelector (60)
[2018.07.26-20.28.06:243][279]LogModuleManager: Shutting down and abandoning module AppleARKit (58)
[2018.07.26-20.28.06:243][279]LogModuleManager: Shutting down and abandoning module AugmentedReality (57)
[2018.07.26-20.28.06:243][279]LogModuleManager: Shutting down and abandoning module OnlineBlueprintSupport (54)
[2018.07.26-20.28.06:243][279]LogModuleManager: Shutting down and abandoning module OnlineSubsystem (50)
[2018.07.26-20.28.06:244][279]LogOnline: Display: OSS: FOnlineSubsystemNull::Shutdown()
[2018.07.26-20.28.06:244][279]LogOnline: Display: OSS: FOnlineAsyncTaskManager::Stop() ActiveTask:0000000000000000 Tasks[0/0]
[2018.07.26-20.28.06:245][279]LogOnline: Display: OSS: FOnlineAsyncTaskManager::Exit() started
[2018.07.26-20.28.06:245][279]LogOnline: Display: OSS: FOnlineAsyncTaskManager::Exit() finished
[2018.07.26-20.28.06:245][279]LogModuleManager: Shutting down and abandoning module XMPP (43)
[2018.07.26-20.28.06:245][279]LogModuleManager: Shutting down and abandoning module HTTP (41)
[2018.07.26-20.28.06:256][279]LogModuleManager: Shutting down and abandoning module SSL (40)
[2018.07.26-20.28.06:258][279]LogModuleManager: Shutting down and abandoning module AnimationModifiers (36)
[2018.07.26-20.28.06:258][279]LogModuleManager: Shutting down and abandoning module PropertyEditor (35)
[2018.07.26-20.28.06:258][279]LogModuleManager: Shutting down and abandoning module AudioEditor (32)
[2018.07.26-20.28.06:258][279]LogModuleManager: Shutting down and abandoning module TextureCompressor (30)
[2018.07.26-20.28.06:258][279]LogModuleManager: Shutting down and abandoning module ShaderCore (28)
[2018.07.26-20.28.06:258][279]LogModuleManager: Shutting down and abandoning module Landscape (26)
[2018.07.26-20.28.06:258][279]LogModuleManager: Shutting down and abandoning module SlateRHIRenderer (24)
[2018.07.26-20.28.06:259][279]LogModuleManager: Shutting down and abandoning module OpenGLDrv (22)
[2018.07.26-20.28.06:259][279]LogModuleManager: Shutting down and abandoning module D3D11RHI (20)
[2018.07.26-20.28.06:259][279]LogModuleManager: Shutting down and abandoning module AnimGraphRuntime (18)
[2018.07.26-20.28.06:259][279]LogModuleManager: Shutting down and abandoning module Renderer (16)
[2018.07.26-20.28.06:259][279]LogModuleManager: Shutting down and abandoning module Engine (14)
[2018.07.26-20.28.06:259][279]LogModuleManager: Shutting down and abandoning module CoreUObject (12)
[2018.07.26-20.28.06:259][279]LogModuleManager: Shutting down and abandoning module NetworkFile (10)
[2018.07.26-20.28.06:259][279]LogModuleManager: Shutting down and abandoning module CookedIterativeFile (8)
[2018.07.26-20.28.06:259][279]LogModuleManager: Shutting down and abandoning module StreamingFile (6)
[2018.07.26-20.28.06:259][279]LogModuleManager: Shutting down and abandoning module SandboxFile (4)
[2018.07.26-20.28.06:259][279]LogModuleManager: Shutting down and abandoning module PakFile (2)
[2018.07.26-20.28.06:265][279]LogExit: Exiting.
[2018.07.26-20.28.06:358][279]Log file closed, 07/26/18 21:28:06
